INFO  @ Wed, 16 Nov 2022 13:14:50: Parameters: /home/ryan/miniconda3/envs/mageck/bin/mageck mle -k count-DLD1-Cont1-i.f.csv -d matrixDLD1-Cont1.txt -n mle_DLD1-Cont1 
INFO  @ Wed, 16 Nov 2022 13:14:50: Cannot parse design matrix as a string; try to parse it as a file name ... 
INFO  @ Wed, 16 Nov 2022 13:14:50: Design matrix: 
INFO  @ Wed, 16 Nov 2022 13:14:50: [[1. 0.] 
INFO  @ Wed, 16 Nov 2022 13:14:50:  [1. 1.]] 
INFO  @ Wed, 16 Nov 2022 13:14:50: Beta labels:baseline,Cont1 
INFO  @ Wed, 16 Nov 2022 13:14:50: Included samples:DLD1-Cont1.initial,DLD1-Cont1.final 
INFO  @ Wed, 16 Nov 2022 13:14:50: Treating count-DLD1-Cont1-i.f.csv as csv file ... 
INFO  @ Wed, 16 Nov 2022 13:14:50: Loaded samples:DLD1-Cont1.initial;DLD1-Cont1.final 
INFO  @ Wed, 16 Nov 2022 13:14:50: Sample index: 0;1 
INFO  @ Wed, 16 Nov 2022 13:14:53: Loaded 3506 genes. 
DEBUG @ Wed, 16 Nov 2022 13:14:53: Initial (total) size factor: 0.8616349154029358 1.1913049303368524 
DEBUG @ Wed, 16 Nov 2022 13:14:56: Median factor: 0.867770262879892 1.1556612516375329 
INFO  @ Wed, 16 Nov 2022 13:14:56: Final size factor: 0.867770262879892 1.1556612516375329 
INFO  @ Wed, 16 Nov 2022 13:14:56: size factor: 1.1523787375258443,0.8653054678289455 
INFO  @ Wed, 16 Nov 2022 13:14:56: Thread 0: total 1 instances. 
INFO  @ Wed, 16 Nov 2022 13:14:56: Thread 0 started. 
INFO  @ Wed, 16 Nov 2022 13:14:56: Thread 0 completed. 
INFO  @ Wed, 16 Nov 2022 13:14:56: All threads completed. 
INFO  @ Wed, 16 Nov 2022 13:14:56: Modeling the mean and variance ... 
INFO  @ Wed, 16 Nov 2022 13:14:56: Run the algorithm for the second time ... 
INFO  @ Wed, 16 Nov 2022 13:14:56: Skipping gene PBRM1 from MLE calculation since there are too many sgRNAs. To change, revise the --max-sgrnapergene-permutation option. 
INFO  @ Wed, 16 Nov 2022 13:14:56: Skipping gene NKX2 from MLE calculation since there are too many sgRNAs. To change, revise the --max-sgrnapergene-permutation option. 
INFO  @ Wed, 16 Nov 2022 13:14:56: Skipping gene TDRD6 from MLE calculation since there are too many sgRNAs. To change, revise the --max-sgrnapergene-permutation option. 
INFO  @ Wed, 16 Nov 2022 13:14:56: Skipping gene RNF17 from MLE calculation since there are too many sgRNAs. To change, revise the --max-sgrnapergene-permutation option. 
INFO  @ Wed, 16 Nov 2022 13:14:56: Skipping gene KMT2B from MLE calculation since there are too many sgRNAs. To change, revise the --max-sgrnapergene-permutation option. 
INFO  @ Wed, 16 Nov 2022 13:14:56: Skipping gene KMT2C from MLE calculation since there are too many sgRNAs. To change, revise the --max-sgrnapergene-permutation option. 
INFO  @ Wed, 16 Nov 2022 13:14:56: Skipping gene NSD1 from MLE calculation since there are too many sgRNAs. To change, revise the --max-sgrnapergene-permutation option. 
INFO  @ Wed, 16 Nov 2022 13:14:56: Thread 0 started. 
INFO  @ Wed, 16 Nov 2022 13:14:56: Thread 0: total 3499 instances. 
INFO  @ Wed, 16 Nov 2022 13:14:56: Thread 0: Calculating ZNF212 (1) ...  
INFO  @ Wed, 16 Nov 2022 13:15:11: Thread 0: Calculating PIAS3 (1001) ...  
INFO  @ Wed, 16 Nov 2022 13:15:15: Thread 0: Calculating SMARCA1 (2001) ...  
INFO  @ Wed, 16 Nov 2022 13:15:19: Thread 0: Calculating WWP1 (3001) ...  
INFO  @ Wed, 16 Nov 2022 13:15:20: Thread 0 completed. 
INFO  @ Wed, 16 Nov 2022 13:15:20: All threads completed. 
INFO  @ Wed, 16 Nov 2022 13:15:21: Permuting groups of gene with 1 sgRNAs per gene. Group progress: 1/41 
INFO  @ Wed, 16 Nov 2022 13:15:21: Start permuting 2 rounds ... 
INFO  @ Wed, 16 Nov 2022 13:15:22: Collecting 25263 sgRNAs from 3506 genes. 
INFO  @ Wed, 16 Nov 2022 13:15:22: Permuting round 0 ... 
INFO  @ Wed, 16 Nov 2022 13:15:22: Thread 0 started. 
INFO  @ Wed, 16 Nov 2022 13:15:22: Thread 0: total 3506 instances. 
INFO  @ Wed, 16 Nov 2022 13:15:22: Thread 0: Calculating ZNF212 (1) ...  
INFO  @ Wed, 16 Nov 2022 13:15:44: Thread 0: Calculating ATG4A (1001) ...  
INFO  @ Wed, 16 Nov 2022 13:15:49: Thread 0: Calculating PYGO1 (2001) ...  
INFO  @ Wed, 16 Nov 2022 13:16:47: Thread 0: Calculating SHOX2 (3001) ...  
INFO  @ Wed, 16 Nov 2022 13:16:49: Thread 0 completed. 
INFO  @ Wed, 16 Nov 2022 13:16:49: All threads completed. 
INFO  @ Wed, 16 Nov 2022 13:17:01: Permuting round 1 ... 
INFO  @ Wed, 16 Nov 2022 13:17:08: Thread 0 started. 
INFO  @ Wed, 16 Nov 2022 13:17:08: Thread 0: total 3506 instances. 
INFO  @ Wed, 16 Nov 2022 13:17:08: Thread 0: Calculating ZNF212 (1) ...  
INFO  @ Wed, 16 Nov 2022 13:17:30: Thread 0: Calculating ATG4A (1001) ...  
INFO  @ Wed, 16 Nov 2022 13:17:42: Thread 0: Calculating PYGO1 (2001) ...  
INFO  @ Wed, 16 Nov 2022 13:17:53: Thread 0: Calculating SHOX2 (3001) ...  
INFO  @ Wed, 16 Nov 2022 13:17:59: Thread 0 completed. 
INFO  @ Wed, 16 Nov 2022 13:17:59: All threads completed. 
INFO  @ Wed, 16 Nov 2022 13:18:01: Assigning p values... 
INFO  @ Wed, 16 Nov 2022 13:18:01: Permuting groups of gene with 2 sgRNAs per gene. Group progress: 2/41 
INFO  @ Wed, 16 Nov 2022 13:18:01: Start permuting 2 rounds ... 
INFO  @ Wed, 16 Nov 2022 13:18:02: Collecting 25263 sgRNAs from 3506 genes. 
INFO  @ Wed, 16 Nov 2022 13:18:03: Permuting round 0 ... 
INFO  @ Wed, 16 Nov 2022 13:18:03: Thread 0 started. 
INFO  @ Wed, 16 Nov 2022 13:18:03: Thread 0: total 3506 instances. 
INFO  @ Wed, 16 Nov 2022 13:18:03: Thread 0: Calculating ZNF212 (1) ...  
INFO  @ Wed, 16 Nov 2022 13:18:17: Thread 0: Calculating ATG4A (1001) ...  
INFO  @ Wed, 16 Nov 2022 13:18:25: Thread 0: Calculating PYGO1 (2001) ...  
INFO  @ Wed, 16 Nov 2022 13:18:30: Thread 0: Calculating SHOX2 (3001) ...  
INFO  @ Wed, 16 Nov 2022 13:18:32: Thread 0 completed. 
INFO  @ Wed, 16 Nov 2022 13:18:32: All threads completed. 
INFO  @ Wed, 16 Nov 2022 13:18:33: Permuting round 1 ... 
INFO  @ Wed, 16 Nov 2022 13:18:34: Thread 0 started. 
INFO  @ Wed, 16 Nov 2022 13:18:34: Thread 0: total 3506 instances. 
INFO  @ Wed, 16 Nov 2022 13:18:34: Thread 0: Calculating ZNF212 (1) ...  
INFO  @ Wed, 16 Nov 2022 13:18:39: Thread 0: Calculating ATG4A (1001) ...  
INFO  @ Wed, 16 Nov 2022 13:18:45: Thread 0: Calculating PYGO1 (2001) ...  
INFO  @ Wed, 16 Nov 2022 13:18:50: Thread 0: Calculating SHOX2 (3001) ...  
INFO  @ Wed, 16 Nov 2022 13:18:53: Thread 0 completed. 
INFO  @ Wed, 16 Nov 2022 13:18:53: All threads completed. 
INFO  @ Wed, 16 Nov 2022 13:18:54: Assigning p values... 
INFO  @ Wed, 16 Nov 2022 13:18:54: Permuting groups of gene with 3 sgRNAs per gene. Group progress: 3/41 
INFO  @ Wed, 16 Nov 2022 13:18:54: Start permuting 2 rounds ... 
INFO  @ Wed, 16 Nov 2022 13:18:54: Collecting 25263 sgRNAs from 3506 genes. 
INFO  @ Wed, 16 Nov 2022 13:18:54: Permuting round 0 ... 
INFO  @ Wed, 16 Nov 2022 13:18:54: Thread 0 started. 
INFO  @ Wed, 16 Nov 2022 13:18:54: Thread 0: total 3506 instances. 
INFO  @ Wed, 16 Nov 2022 13:18:54: Thread 0: Calculating ZNF212 (1) ...  
INFO  @ Wed, 16 Nov 2022 13:18:59: Thread 0: Calculating ATG4A (1001) ...  
INFO  @ Wed, 16 Nov 2022 13:19:05: Thread 0: Calculating PYGO1 (2001) ...  
INFO  @ Wed, 16 Nov 2022 13:19:10: Thread 0: Calculating SHOX2 (3001) ...  
INFO  @ Wed, 16 Nov 2022 13:19:13: Thread 0 completed. 
INFO  @ Wed, 16 Nov 2022 13:19:13: All threads completed. 
INFO  @ Wed, 16 Nov 2022 13:19:14: Permuting round 1 ... 
INFO  @ Wed, 16 Nov 2022 13:19:14: Thread 0 started. 
INFO  @ Wed, 16 Nov 2022 13:19:14: Thread 0: total 3506 instances. 
INFO  @ Wed, 16 Nov 2022 13:19:14: Thread 0: Calculating ZNF212 (1) ...  
INFO  @ Wed, 16 Nov 2022 13:19:20: Thread 0: Calculating ATG4A (1001) ...  
INFO  @ Wed, 16 Nov 2022 13:19:25: Thread 0: Calculating PYGO1 (2001) ...  
INFO  @ Wed, 16 Nov 2022 13:19:31: Thread 0: Calculating SHOX2 (3001) ...  
INFO  @ Wed, 16 Nov 2022 13:19:34: Thread 0 completed. 
INFO  @ Wed, 16 Nov 2022 13:19:34: All threads completed. 
INFO  @ Wed, 16 Nov 2022 13:19:35: Assigning p values... 
INFO  @ Wed, 16 Nov 2022 13:19:35: Permuting groups of gene with 4 sgRNAs per gene. Group progress: 4/41 
INFO  @ Wed, 16 Nov 2022 13:19:35: Start permuting 2 rounds ... 
INFO  @ Wed, 16 Nov 2022 13:19:35: Collecting 25263 sgRNAs from 3506 genes. 
INFO  @ Wed, 16 Nov 2022 13:19:35: Permuting round 0 ... 
INFO  @ Wed, 16 Nov 2022 13:19:36: Thread 0 started. 
INFO  @ Wed, 16 Nov 2022 13:19:36: Thread 0: total 3506 instances. 
INFO  @ Wed, 16 Nov 2022 13:19:36: Thread 0: Calculating ZNF212 (1) ...  
INFO  @ Wed, 16 Nov 2022 13:19:42: Thread 0: Calculating ATG4A (1001) ...  
INFO  @ Wed, 16 Nov 2022 13:19:49: Thread 0: Calculating PYGO1 (2001) ...  
INFO  @ Wed, 16 Nov 2022 13:19:54: Thread 0: Calculating SHOX2 (3001) ...  
INFO  @ Wed, 16 Nov 2022 13:19:57: Thread 0 completed. 
INFO  @ Wed, 16 Nov 2022 13:19:57: All threads completed. 
INFO  @ Wed, 16 Nov 2022 13:19:58: Permuting round 1 ... 
INFO  @ Wed, 16 Nov 2022 13:19:58: Thread 0 started. 
INFO  @ Wed, 16 Nov 2022 13:19:58: Thread 0: total 3506 instances. 
INFO  @ Wed, 16 Nov 2022 13:19:58: Thread 0: Calculating ZNF212 (1) ...  
INFO  @ Wed, 16 Nov 2022 13:20:04: Thread 0: Calculating ATG4A (1001) ...  
INFO  @ Wed, 16 Nov 2022 13:20:09: Thread 0: Calculating PYGO1 (2001) ...  
INFO  @ Wed, 16 Nov 2022 13:20:15: Thread 0: Calculating SHOX2 (3001) ...  
INFO  @ Wed, 16 Nov 2022 13:20:18: Thread 0 completed. 
INFO  @ Wed, 16 Nov 2022 13:20:18: All threads completed. 
INFO  @ Wed, 16 Nov 2022 13:20:20: Assigning p values... 
INFO  @ Wed, 16 Nov 2022 13:20:20: Permuting groups of gene with 5 sgRNAs per gene. Group progress: 5/41 
INFO  @ Wed, 16 Nov 2022 13:20:20: Start permuting 2 rounds ... 
INFO  @ Wed, 16 Nov 2022 13:20:20: Collecting 25263 sgRNAs from 3506 genes. 
INFO  @ Wed, 16 Nov 2022 13:20:20: Permuting round 0 ... 
INFO  @ Wed, 16 Nov 2022 13:20:20: Thread 0 started. 
INFO  @ Wed, 16 Nov 2022 13:20:20: Thread 0: total 3506 instances. 
INFO  @ Wed, 16 Nov 2022 13:20:20: Thread 0: Calculating ZNF212 (1) ...  
INFO  @ Wed, 16 Nov 2022 13:20:26: Thread 0: Calculating ATG4A (1001) ...  
INFO  @ Wed, 16 Nov 2022 13:20:32: Thread 0: Calculating PYGO1 (2001) ...  
INFO  @ Wed, 16 Nov 2022 13:20:38: Thread 0: Calculating SHOX2 (3001) ...  
INFO  @ Wed, 16 Nov 2022 13:20:41: Thread 0 completed. 
INFO  @ Wed, 16 Nov 2022 13:20:41: All threads completed. 
INFO  @ Wed, 16 Nov 2022 13:20:42: Permuting round 1 ... 
INFO  @ Wed, 16 Nov 2022 13:20:42: Thread 0 started. 
INFO  @ Wed, 16 Nov 2022 13:20:42: Thread 0: total 3506 instances. 
INFO  @ Wed, 16 Nov 2022 13:20:42: Thread 0: Calculating ZNF212 (1) ...  
INFO  @ Wed, 16 Nov 2022 13:20:48: Thread 0: Calculating ATG4A (1001) ...  
INFO  @ Wed, 16 Nov 2022 13:20:54: Thread 0: Calculating PYGO1 (2001) ...  
INFO  @ Wed, 16 Nov 2022 13:21:01: Thread 0: Calculating SHOX2 (3001) ...  
INFO  @ Wed, 16 Nov 2022 13:21:04: Thread 0 completed. 
INFO  @ Wed, 16 Nov 2022 13:21:04: All threads completed. 
INFO  @ Wed, 16 Nov 2022 13:21:05: Assigning p values... 
INFO  @ Wed, 16 Nov 2022 13:21:05: Permuting groups of gene with 6 sgRNAs per gene. Group progress: 6/41 
INFO  @ Wed, 16 Nov 2022 13:21:05: Start permuting 2 rounds ... 
INFO  @ Wed, 16 Nov 2022 13:21:05: Collecting 25263 sgRNAs from 3506 genes. 
INFO  @ Wed, 16 Nov 2022 13:21:06: Permuting round 0 ... 
INFO  @ Wed, 16 Nov 2022 13:21:06: Thread 0 started. 
INFO  @ Wed, 16 Nov 2022 13:21:06: Thread 0: total 3506 instances. 
INFO  @ Wed, 16 Nov 2022 13:21:06: Thread 0: Calculating ZNF212 (1) ...  
INFO  @ Wed, 16 Nov 2022 13:21:12: Thread 0: Calculating ATG4A (1001) ...  
INFO  @ Wed, 16 Nov 2022 13:21:18: Thread 0: Calculating PYGO1 (2001) ...  
INFO  @ Wed, 16 Nov 2022 13:21:25: Thread 0: Calculating SHOX2 (3001) ...  
INFO  @ Wed, 16 Nov 2022 13:21:28: Thread 0 completed. 
INFO  @ Wed, 16 Nov 2022 13:21:28: All threads completed. 
INFO  @ Wed, 16 Nov 2022 13:21:29: Permuting round 1 ... 
INFO  @ Wed, 16 Nov 2022 13:21:29: Thread 0 started. 
INFO  @ Wed, 16 Nov 2022 13:21:29: Thread 0: total 3506 instances. 
INFO  @ Wed, 16 Nov 2022 13:21:29: Thread 0: Calculating ZNF212 (1) ...  
INFO  @ Wed, 16 Nov 2022 13:21:35: Thread 0: Calculating ATG4A (1001) ...  
INFO  @ Wed, 16 Nov 2022 13:21:41: Thread 0: Calculating PYGO1 (2001) ...  
INFO  @ Wed, 16 Nov 2022 13:21:47: Thread 0: Calculating SHOX2 (3001) ...  
INFO  @ Wed, 16 Nov 2022 13:21:50: Thread 0 completed. 
INFO  @ Wed, 16 Nov 2022 13:21:50: All threads completed. 
INFO  @ Wed, 16 Nov 2022 13:21:52: Assigning p values... 
INFO  @ Wed, 16 Nov 2022 13:21:52: Permuting groups of gene with 7 sgRNAs per gene. Group progress: 7/41 
INFO  @ Wed, 16 Nov 2022 13:21:52: Start permuting 2 rounds ... 
INFO  @ Wed, 16 Nov 2022 13:21:52: Collecting 25263 sgRNAs from 3506 genes. 
INFO  @ Wed, 16 Nov 2022 13:21:52: Permuting round 0 ... 
INFO  @ Wed, 16 Nov 2022 13:21:53: Thread 0 started. 
INFO  @ Wed, 16 Nov 2022 13:21:53: Thread 0: total 3506 instances. 
INFO  @ Wed, 16 Nov 2022 13:21:53: Thread 0: Calculating ZNF212 (1) ...  
INFO  @ Wed, 16 Nov 2022 13:21:59: Thread 0: Calculating ATG4A (1001) ...  
INFO  @ Wed, 16 Nov 2022 13:22:05: Thread 0: Calculating PYGO1 (2001) ...  
INFO  @ Wed, 16 Nov 2022 13:22:11: Thread 0: Calculating SHOX2 (3001) ...  
INFO  @ Wed, 16 Nov 2022 13:22:15: Thread 0 completed. 
INFO  @ Wed, 16 Nov 2022 13:22:15: All threads completed. 
INFO  @ Wed, 16 Nov 2022 13:22:16: Permuting round 1 ... 
INFO  @ Wed, 16 Nov 2022 13:22:16: Thread 0 started. 
INFO  @ Wed, 16 Nov 2022 13:22:16: Thread 0: total 3506 instances. 
INFO  @ Wed, 16 Nov 2022 13:22:16: Thread 0: Calculating ZNF212 (1) ...  
INFO  @ Wed, 16 Nov 2022 13:22:23: Thread 0: Calculating ATG4A (1001) ...  
INFO  @ Wed, 16 Nov 2022 13:22:29: Thread 0: Calculating PYGO1 (2001) ...  
INFO  @ Wed, 16 Nov 2022 13:22:35: Thread 0: Calculating SHOX2 (3001) ...  
INFO  @ Wed, 16 Nov 2022 13:22:38: Thread 0 completed. 
INFO  @ Wed, 16 Nov 2022 13:22:38: All threads completed. 
INFO  @ Wed, 16 Nov 2022 13:22:39: Assigning p values... 
INFO  @ Wed, 16 Nov 2022 13:22:39: Permuting groups of gene with 8 sgRNAs per gene. Group progress: 8/41 
INFO  @ Wed, 16 Nov 2022 13:22:39: Start permuting 2 rounds ... 
INFO  @ Wed, 16 Nov 2022 13:22:40: Collecting 25263 sgRNAs from 3506 genes. 
INFO  @ Wed, 16 Nov 2022 13:22:40: Permuting round 0 ... 
INFO  @ Wed, 16 Nov 2022 13:22:40: Thread 0 started. 
INFO  @ Wed, 16 Nov 2022 13:22:40: Thread 0: total 3506 instances. 
INFO  @ Wed, 16 Nov 2022 13:22:40: Thread 0: Calculating ZNF212 (1) ...  
INFO  @ Wed, 16 Nov 2022 13:22:47: Thread 0: Calculating ATG4A (1001) ...  
INFO  @ Wed, 16 Nov 2022 13:22:54: Thread 0: Calculating PYGO1 (2001) ...  
INFO  @ Wed, 16 Nov 2022 13:23:00: Thread 0: Calculating SHOX2 (3001) ...  
INFO  @ Wed, 16 Nov 2022 13:23:03: Thread 0 completed. 
INFO  @ Wed, 16 Nov 2022 13:23:03: All threads completed. 
INFO  @ Wed, 16 Nov 2022 13:23:05: Permuting round 1 ... 
INFO  @ Wed, 16 Nov 2022 13:23:05: Thread 0 started. 
INFO  @ Wed, 16 Nov 2022 13:23:05: Thread 0: total 3506 instances. 
INFO  @ Wed, 16 Nov 2022 13:23:05: Thread 0: Calculating ZNF212 (1) ...  
INFO  @ Wed, 16 Nov 2022 13:23:11: Thread 0: Calculating ATG4A (1001) ...  
INFO  @ Wed, 16 Nov 2022 13:23:18: Thread 0: Calculating PYGO1 (2001) ...  
INFO  @ Wed, 16 Nov 2022 13:23:24: Thread 0: Calculating SHOX2 (3001) ...  
INFO  @ Wed, 16 Nov 2022 13:23:28: Thread 0 completed. 
INFO  @ Wed, 16 Nov 2022 13:23:28: All threads completed. 
INFO  @ Wed, 16 Nov 2022 13:23:29: Assigning p values... 
INFO  @ Wed, 16 Nov 2022 13:23:29: Permuting groups of gene with 9 sgRNAs per gene. Group progress: 9/41 
INFO  @ Wed, 16 Nov 2022 13:23:29: Start permuting 2 rounds ... 
INFO  @ Wed, 16 Nov 2022 13:23:29: Collecting 25263 sgRNAs from 3506 genes. 
INFO  @ Wed, 16 Nov 2022 13:23:29: Permuting round 0 ... 
INFO  @ Wed, 16 Nov 2022 13:23:30: Thread 0 started. 
INFO  @ Wed, 16 Nov 2022 13:23:30: Thread 0: total 3506 instances. 
INFO  @ Wed, 16 Nov 2022 13:23:30: Thread 0: Calculating ZNF212 (1) ...  
INFO  @ Wed, 16 Nov 2022 13:23:36: Thread 0: Calculating ATG4A (1001) ...  
INFO  @ Wed, 16 Nov 2022 13:23:43: Thread 0: Calculating PYGO1 (2001) ...  
INFO  @ Wed, 16 Nov 2022 13:23:49: Thread 0: Calculating SHOX2 (3001) ...  
INFO  @ Wed, 16 Nov 2022 13:23:53: Thread 0 completed. 
INFO  @ Wed, 16 Nov 2022 13:23:53: All threads completed. 
INFO  @ Wed, 16 Nov 2022 13:23:54: Permuting round 1 ... 
INFO  @ Wed, 16 Nov 2022 13:23:55: Thread 0 started. 
INFO  @ Wed, 16 Nov 2022 13:23:55: Thread 0: total 3506 instances. 
INFO  @ Wed, 16 Nov 2022 13:23:55: Thread 0: Calculating ZNF212 (1) ...  
INFO  @ Wed, 16 Nov 2022 13:24:02: Thread 0: Calculating ATG4A (1001) ...  
INFO  @ Wed, 16 Nov 2022 13:24:09: Thread 0: Calculating PYGO1 (2001) ...  
INFO  @ Wed, 16 Nov 2022 13:24:18: Thread 0: Calculating SHOX2 (3001) ...  
INFO  @ Wed, 16 Nov 2022 13:24:24: Thread 0 completed. 
INFO  @ Wed, 16 Nov 2022 13:24:24: All threads completed. 
INFO  @ Wed, 16 Nov 2022 13:24:25: Assigning p values... 
INFO  @ Wed, 16 Nov 2022 13:24:25: Permuting groups of gene with 10 sgRNAs per gene. Group progress: 10/41 
INFO  @ Wed, 16 Nov 2022 13:24:25: Start permuting 2 rounds ... 
INFO  @ Wed, 16 Nov 2022 13:24:25: Collecting 25263 sgRNAs from 3506 genes. 
INFO  @ Wed, 16 Nov 2022 13:24:26: Permuting round 0 ... 
INFO  @ Wed, 16 Nov 2022 13:24:26: Thread 0 started. 
INFO  @ Wed, 16 Nov 2022 13:24:26: Thread 0: total 3506 instances. 
INFO  @ Wed, 16 Nov 2022 13:24:26: Thread 0: Calculating ZNF212 (1) ...  
INFO  @ Wed, 16 Nov 2022 13:24:34: Thread 0: Calculating ATG4A (1001) ...  
INFO  @ Wed, 16 Nov 2022 13:24:41: Thread 0: Calculating PYGO1 (2001) ...  
INFO  @ Wed, 16 Nov 2022 13:24:48: Thread 0: Calculating SHOX2 (3001) ...  
INFO  @ Wed, 16 Nov 2022 13:24:52: Thread 0 completed. 
INFO  @ Wed, 16 Nov 2022 13:24:52: All threads completed. 
INFO  @ Wed, 16 Nov 2022 13:24:53: Permuting round 1 ... 
INFO  @ Wed, 16 Nov 2022 13:24:53: Thread 0 started. 
INFO  @ Wed, 16 Nov 2022 13:24:53: Thread 0: total 3506 instances. 
INFO  @ Wed, 16 Nov 2022 13:24:53: Thread 0: Calculating ZNF212 (1) ...  
INFO  @ Wed, 16 Nov 2022 13:25:01: Thread 0: Calculating ATG4A (1001) ...  
INFO  @ Wed, 16 Nov 2022 13:25:08: Thread 0: Calculating PYGO1 (2001) ...  
INFO  @ Wed, 16 Nov 2022 13:25:15: Thread 0: Calculating SHOX2 (3001) ...  
INFO  @ Wed, 16 Nov 2022 13:25:19: Thread 0 completed. 
INFO  @ Wed, 16 Nov 2022 13:25:19: All threads completed. 
INFO  @ Wed, 16 Nov 2022 13:25:20: Assigning p values... 
INFO  @ Wed, 16 Nov 2022 13:25:20: Permuting groups of gene with 11 sgRNAs per gene. Group progress: 11/41 
INFO  @ Wed, 16 Nov 2022 13:25:20: Start permuting 2 rounds ... 
INFO  @ Wed, 16 Nov 2022 13:25:20: Collecting 25263 sgRNAs from 3506 genes. 
INFO  @ Wed, 16 Nov 2022 13:25:21: Permuting round 0 ... 
INFO  @ Wed, 16 Nov 2022 13:25:21: Thread 0 started. 
INFO  @ Wed, 16 Nov 2022 13:25:21: Thread 0: total 3506 instances. 
INFO  @ Wed, 16 Nov 2022 13:25:21: Thread 0: Calculating ZNF212 (1) ...  
INFO  @ Wed, 16 Nov 2022 13:25:29: Thread 0: Calculating ATG4A (1001) ...  
INFO  @ Wed, 16 Nov 2022 13:25:36: Thread 0: Calculating PYGO1 (2001) ...  
INFO  @ Wed, 16 Nov 2022 13:25:43: Thread 0: Calculating SHOX2 (3001) ...  
INFO  @ Wed, 16 Nov 2022 13:25:46: Thread 0 completed. 
INFO  @ Wed, 16 Nov 2022 13:25:46: All threads completed. 
INFO  @ Wed, 16 Nov 2022 13:25:47: Permuting round 1 ... 
INFO  @ Wed, 16 Nov 2022 13:25:48: Thread 0 started. 
INFO  @ Wed, 16 Nov 2022 13:25:48: Thread 0: total 3506 instances. 
INFO  @ Wed, 16 Nov 2022 13:25:48: Thread 0: Calculating ZNF212 (1) ...  
INFO  @ Wed, 16 Nov 2022 13:25:55: Thread 0: Calculating ATG4A (1001) ...  
INFO  @ Wed, 16 Nov 2022 13:26:03: Thread 0: Calculating PYGO1 (2001) ...  
INFO  @ Wed, 16 Nov 2022 13:26:10: Thread 0: Calculating SHOX2 (3001) ...  
INFO  @ Wed, 16 Nov 2022 13:26:14: Thread 0 completed. 
INFO  @ Wed, 16 Nov 2022 13:26:14: All threads completed. 
INFO  @ Wed, 16 Nov 2022 13:26:15: Assigning p values... 
INFO  @ Wed, 16 Nov 2022 13:26:16: Permuting groups of gene with 12 sgRNAs per gene. Group progress: 12/41 
INFO  @ Wed, 16 Nov 2022 13:26:16: Start permuting 2 rounds ... 
INFO  @ Wed, 16 Nov 2022 13:26:16: Collecting 25263 sgRNAs from 3506 genes. 
INFO  @ Wed, 16 Nov 2022 13:26:16: Permuting round 0 ... 
INFO  @ Wed, 16 Nov 2022 13:26:16: Thread 0 started. 
INFO  @ Wed, 16 Nov 2022 13:26:16: Thread 0: total 3506 instances. 
INFO  @ Wed, 16 Nov 2022 13:26:16: Thread 0: Calculating ZNF212 (1) ...  
INFO  @ Wed, 16 Nov 2022 13:26:24: Thread 0: Calculating ATG4A (1001) ...  
INFO  @ Wed, 16 Nov 2022 13:26:31: Thread 0: Calculating PYGO1 (2001) ...  
INFO  @ Wed, 16 Nov 2022 13:26:38: Thread 0: Calculating SHOX2 (3001) ...  
INFO  @ Wed, 16 Nov 2022 13:26:42: Thread 0 completed. 
INFO  @ Wed, 16 Nov 2022 13:26:42: All threads completed. 
INFO  @ Wed, 16 Nov 2022 13:26:43: Permuting round 1 ... 
INFO  @ Wed, 16 Nov 2022 13:26:43: Thread 0 started. 
INFO  @ Wed, 16 Nov 2022 13:26:43: Thread 0: total 3506 instances. 
INFO  @ Wed, 16 Nov 2022 13:26:43: Thread 0: Calculating ZNF212 (1) ...  
INFO  @ Wed, 16 Nov 2022 13:26:50: Thread 0: Calculating ATG4A (1001) ...  
INFO  @ Wed, 16 Nov 2022 13:26:57: Thread 0: Calculating PYGO1 (2001) ...  
INFO  @ Wed, 16 Nov 2022 13:27:04: Thread 0: Calculating SHOX2 (3001) ...  
INFO  @ Wed, 16 Nov 2022 13:27:08: Thread 0 completed. 
INFO  @ Wed, 16 Nov 2022 13:27:08: All threads completed. 
INFO  @ Wed, 16 Nov 2022 13:27:09: Assigning p values... 
INFO  @ Wed, 16 Nov 2022 13:27:09: Permuting groups of gene with 13 sgRNAs per gene. Group progress: 13/41 
INFO  @ Wed, 16 Nov 2022 13:27:09: Start permuting 2 rounds ... 
INFO  @ Wed, 16 Nov 2022 13:27:10: Collecting 25263 sgRNAs from 3506 genes. 
INFO  @ Wed, 16 Nov 2022 13:27:10: Permuting round 0 ... 
INFO  @ Wed, 16 Nov 2022 13:27:10: Thread 0 started. 
INFO  @ Wed, 16 Nov 2022 13:27:10: Thread 0: total 3506 instances. 
INFO  @ Wed, 16 Nov 2022 13:27:10: Thread 0: Calculating ZNF212 (1) ...  
INFO  @ Wed, 16 Nov 2022 13:27:18: Thread 0: Calculating ATG4A (1001) ...  
INFO  @ Wed, 16 Nov 2022 13:27:26: Thread 0: Calculating PYGO1 (2001) ...  
INFO  @ Wed, 16 Nov 2022 13:27:33: Thread 0: Calculating SHOX2 (3001) ...  
INFO  @ Wed, 16 Nov 2022 13:27:37: Thread 0 completed. 
INFO  @ Wed, 16 Nov 2022 13:27:37: All threads completed. 
INFO  @ Wed, 16 Nov 2022 13:27:38: Permuting round 1 ... 
INFO  @ Wed, 16 Nov 2022 13:27:38: Thread 0 started. 
INFO  @ Wed, 16 Nov 2022 13:27:38: Thread 0: total 3506 instances. 
INFO  @ Wed, 16 Nov 2022 13:27:38: Thread 0: Calculating ZNF212 (1) ...  
INFO  @ Wed, 16 Nov 2022 13:27:46: Thread 0: Calculating ATG4A (1001) ...  
INFO  @ Wed, 16 Nov 2022 13:27:53: Thread 0: Calculating PYGO1 (2001) ...  
INFO  @ Wed, 16 Nov 2022 13:28:00: Thread 0: Calculating SHOX2 (3001) ...  
INFO  @ Wed, 16 Nov 2022 13:28:04: Thread 0 completed. 
INFO  @ Wed, 16 Nov 2022 13:28:04: All threads completed. 
INFO  @ Wed, 16 Nov 2022 13:28:05: Assigning p values... 
INFO  @ Wed, 16 Nov 2022 13:28:05: Permuting groups of gene with 14 sgRNAs per gene. Group progress: 14/41 
INFO  @ Wed, 16 Nov 2022 13:28:05: Start permuting 2 rounds ... 
INFO  @ Wed, 16 Nov 2022 13:28:05: Collecting 25263 sgRNAs from 3506 genes. 
INFO  @ Wed, 16 Nov 2022 13:28:06: Permuting round 0 ... 
INFO  @ Wed, 16 Nov 2022 13:28:06: Thread 0 started. 
INFO  @ Wed, 16 Nov 2022 13:28:06: Thread 0: total 3506 instances. 
INFO  @ Wed, 16 Nov 2022 13:28:06: Thread 0: Calculating ZNF212 (1) ...  
INFO  @ Wed, 16 Nov 2022 13:28:13: Thread 0: Calculating ATG4A (1001) ...  
INFO  @ Wed, 16 Nov 2022 13:28:20: Thread 0: Calculating PYGO1 (2001) ...  
INFO  @ Wed, 16 Nov 2022 13:28:28: Thread 0: Calculating SHOX2 (3001) ...  
INFO  @ Wed, 16 Nov 2022 13:28:32: Thread 0 completed. 
INFO  @ Wed, 16 Nov 2022 13:28:32: All threads completed. 
INFO  @ Wed, 16 Nov 2022 13:28:33: Permuting round 1 ... 
INFO  @ Wed, 16 Nov 2022 13:28:33: Thread 0 started. 
INFO  @ Wed, 16 Nov 2022 13:28:33: Thread 0: total 3506 instances. 
INFO  @ Wed, 16 Nov 2022 13:28:33: Thread 0: Calculating ZNF212 (1) ...  
INFO  @ Wed, 16 Nov 2022 13:28:41: Thread 0: Calculating ATG4A (1001) ...  
INFO  @ Wed, 16 Nov 2022 13:28:48: Thread 0: Calculating PYGO1 (2001) ...  
INFO  @ Wed, 16 Nov 2022 13:28:56: Thread 0: Calculating SHOX2 (3001) ...  
INFO  @ Wed, 16 Nov 2022 13:29:00: Thread 0 completed. 
INFO  @ Wed, 16 Nov 2022 13:29:00: All threads completed. 
INFO  @ Wed, 16 Nov 2022 13:29:01: Assigning p values... 
INFO  @ Wed, 16 Nov 2022 13:29:01: Permuting groups of gene with 15 sgRNAs per gene. Group progress: 15/41 
INFO  @ Wed, 16 Nov 2022 13:29:01: Start permuting 2 rounds ... 
INFO  @ Wed, 16 Nov 2022 13:29:01: Collecting 25263 sgRNAs from 3506 genes. 
INFO  @ Wed, 16 Nov 2022 13:29:02: Permuting round 0 ... 
INFO  @ Wed, 16 Nov 2022 13:29:02: Thread 0 started. 
INFO  @ Wed, 16 Nov 2022 13:29:02: Thread 0: total 3506 instances. 
INFO  @ Wed, 16 Nov 2022 13:29:02: Thread 0: Calculating ZNF212 (1) ...  
INFO  @ Wed, 16 Nov 2022 13:29:09: Thread 0: Calculating ATG4A (1001) ...  
INFO  @ Wed, 16 Nov 2022 13:29:17: Thread 0: Calculating PYGO1 (2001) ...  
INFO  @ Wed, 16 Nov 2022 13:29:24: Thread 0: Calculating SHOX2 (3001) ...  
INFO  @ Wed, 16 Nov 2022 13:29:28: Thread 0 completed. 
INFO  @ Wed, 16 Nov 2022 13:29:28: All threads completed. 
INFO  @ Wed, 16 Nov 2022 13:29:29: Permuting round 1 ... 
INFO  @ Wed, 16 Nov 2022 13:29:29: Thread 0 started. 
INFO  @ Wed, 16 Nov 2022 13:29:29: Thread 0: total 3506 instances. 
INFO  @ Wed, 16 Nov 2022 13:29:29: Thread 0: Calculating ZNF212 (1) ...  
INFO  @ Wed, 16 Nov 2022 13:29:38: Thread 0: Calculating ATG4A (1001) ...  
INFO  @ Wed, 16 Nov 2022 13:29:45: Thread 0: Calculating PYGO1 (2001) ...  
INFO  @ Wed, 16 Nov 2022 13:29:52: Thread 0: Calculating SHOX2 (3001) ...  
INFO  @ Wed, 16 Nov 2022 13:29:56: Thread 0 completed. 
INFO  @ Wed, 16 Nov 2022 13:29:56: All threads completed. 
INFO  @ Wed, 16 Nov 2022 13:29:57: Assigning p values... 
INFO  @ Wed, 16 Nov 2022 13:29:57: Permuting groups of gene with 16 sgRNAs per gene. Group progress: 16/41 
INFO  @ Wed, 16 Nov 2022 13:29:57: Start permuting 2 rounds ... 
INFO  @ Wed, 16 Nov 2022 13:29:58: Collecting 25263 sgRNAs from 3506 genes. 
INFO  @ Wed, 16 Nov 2022 13:29:58: Permuting round 0 ... 
INFO  @ Wed, 16 Nov 2022 13:29:58: Thread 0 started. 
INFO  @ Wed, 16 Nov 2022 13:29:58: Thread 0: total 3506 instances. 
INFO  @ Wed, 16 Nov 2022 13:29:58: Thread 0: Calculating ZNF212 (1) ...  
INFO  @ Wed, 16 Nov 2022 13:30:06: Thread 0: Calculating ATG4A (1001) ...  
INFO  @ Wed, 16 Nov 2022 13:30:14: Thread 0: Calculating PYGO1 (2001) ...  
INFO  @ Wed, 16 Nov 2022 13:30:21: Thread 0: Calculating SHOX2 (3001) ...  
INFO  @ Wed, 16 Nov 2022 13:30:25: Thread 0 completed. 
INFO  @ Wed, 16 Nov 2022 13:30:25: All threads completed. 
INFO  @ Wed, 16 Nov 2022 13:30:26: Permuting round 1 ... 
INFO  @ Wed, 16 Nov 2022 13:30:26: Thread 0 started. 
INFO  @ Wed, 16 Nov 2022 13:30:26: Thread 0: total 3506 instances. 
INFO  @ Wed, 16 Nov 2022 13:30:27: Thread 0: Calculating ZNF212 (1) ...  
INFO  @ Wed, 16 Nov 2022 13:30:34: Thread 0: Calculating ATG4A (1001) ...  
INFO  @ Wed, 16 Nov 2022 13:30:41: Thread 0: Calculating PYGO1 (2001) ...  
INFO  @ Wed, 16 Nov 2022 13:30:49: Thread 0: Calculating SHOX2 (3001) ...  
INFO  @ Wed, 16 Nov 2022 13:30:52: Thread 0 completed. 
INFO  @ Wed, 16 Nov 2022 13:30:52: All threads completed. 
INFO  @ Wed, 16 Nov 2022 13:30:54: Assigning p values... 
INFO  @ Wed, 16 Nov 2022 13:30:54: Permuting groups of gene with 17 sgRNAs per gene. Group progress: 17/41 
INFO  @ Wed, 16 Nov 2022 13:30:54: Start permuting 2 rounds ... 
INFO  @ Wed, 16 Nov 2022 13:30:54: Collecting 25263 sgRNAs from 3506 genes. 
INFO  @ Wed, 16 Nov 2022 13:30:54: Permuting round 0 ... 
INFO  @ Wed, 16 Nov 2022 13:30:55: Thread 0: total 3506 instances. 
INFO  @ Wed, 16 Nov 2022 13:30:55: Thread 0 started. 
INFO  @ Wed, 16 Nov 2022 13:30:55: Thread 0: Calculating ZNF212 (1) ...  
INFO  @ Wed, 16 Nov 2022 13:31:03: Thread 0: Calculating ATG4A (1001) ...  
INFO  @ Wed, 16 Nov 2022 13:31:10: Thread 0: Calculating PYGO1 (2001) ...  
INFO  @ Wed, 16 Nov 2022 13:31:17: Thread 0: Calculating SHOX2 (3001) ...  
INFO  @ Wed, 16 Nov 2022 13:31:21: Thread 0 completed. 
INFO  @ Wed, 16 Nov 2022 13:31:21: All threads completed. 
INFO  @ Wed, 16 Nov 2022 13:31:22: Permuting round 1 ... 
INFO  @ Wed, 16 Nov 2022 13:31:23: Thread 0 started. 
INFO  @ Wed, 16 Nov 2022 13:31:23: Thread 0: total 3506 instances. 
INFO  @ Wed, 16 Nov 2022 13:31:23: Thread 0: Calculating ZNF212 (1) ...  
INFO  @ Wed, 16 Nov 2022 13:31:30: Thread 0: Calculating ATG4A (1001) ...  
INFO  @ Wed, 16 Nov 2022 13:31:39: Thread 0: Calculating PYGO1 (2001) ...  
INFO  @ Wed, 16 Nov 2022 13:31:46: Thread 0: Calculating SHOX2 (3001) ...  
INFO  @ Wed, 16 Nov 2022 13:31:50: Thread 0 completed. 
INFO  @ Wed, 16 Nov 2022 13:31:50: All threads completed. 
INFO  @ Wed, 16 Nov 2022 13:31:51: Assigning p values... 
INFO  @ Wed, 16 Nov 2022 13:31:52: Permuting groups of gene with 18 sgRNAs per gene. Group progress: 18/41 
INFO  @ Wed, 16 Nov 2022 13:31:52: Start permuting 2 rounds ... 
INFO  @ Wed, 16 Nov 2022 13:31:52: Collecting 25263 sgRNAs from 3506 genes. 
INFO  @ Wed, 16 Nov 2022 13:31:52: Permuting round 0 ... 
INFO  @ Wed, 16 Nov 2022 13:31:52: Thread 0 started. 
INFO  @ Wed, 16 Nov 2022 13:31:52: Thread 0: total 3506 instances. 
INFO  @ Wed, 16 Nov 2022 13:31:52: Thread 0: Calculating ZNF212 (1) ...  
INFO  @ Wed, 16 Nov 2022 13:32:00: Thread 0: Calculating ATG4A (1001) ...  
INFO  @ Wed, 16 Nov 2022 13:32:08: Thread 0: Calculating PYGO1 (2001) ...  
INFO  @ Wed, 16 Nov 2022 13:32:15: Thread 0: Calculating SHOX2 (3001) ...  
INFO  @ Wed, 16 Nov 2022 13:32:19: Thread 0 completed. 
INFO  @ Wed, 16 Nov 2022 13:32:19: All threads completed. 
INFO  @ Wed, 16 Nov 2022 13:32:21: Permuting round 1 ... 
INFO  @ Wed, 16 Nov 2022 13:32:21: Thread 0 started. 
INFO  @ Wed, 16 Nov 2022 13:32:21: Thread 0: total 3506 instances. 
INFO  @ Wed, 16 Nov 2022 13:32:21: Thread 0: Calculating ZNF212 (1) ...  
INFO  @ Wed, 16 Nov 2022 13:32:28: Thread 0: Calculating ATG4A (1001) ...  
INFO  @ Wed, 16 Nov 2022 13:32:36: Thread 0: Calculating PYGO1 (2001) ...  
INFO  @ Wed, 16 Nov 2022 13:32:43: Thread 0: Calculating SHOX2 (3001) ...  
INFO  @ Wed, 16 Nov 2022 13:32:47: Thread 0 completed. 
INFO  @ Wed, 16 Nov 2022 13:32:47: All threads completed. 
INFO  @ Wed, 16 Nov 2022 13:32:49: Assigning p values... 
INFO  @ Wed, 16 Nov 2022 13:32:49: Permuting groups of gene with 19 sgRNAs per gene. Group progress: 19/41 
INFO  @ Wed, 16 Nov 2022 13:32:49: Start permuting 2 rounds ... 
INFO  @ Wed, 16 Nov 2022 13:32:49: Collecting 25263 sgRNAs from 3506 genes. 
INFO  @ Wed, 16 Nov 2022 13:32:49: Permuting round 0 ... 
INFO  @ Wed, 16 Nov 2022 13:32:49: Thread 0 started. 
INFO  @ Wed, 16 Nov 2022 13:32:49: Thread 0: total 3506 instances. 
INFO  @ Wed, 16 Nov 2022 13:32:50: Thread 0: Calculating ZNF212 (1) ...  
INFO  @ Wed, 16 Nov 2022 13:32:57: Thread 0: Calculating ATG4A (1001) ...  
INFO  @ Wed, 16 Nov 2022 13:33:05: Thread 0: Calculating PYGO1 (2001) ...  
INFO  @ Wed, 16 Nov 2022 13:33:12: Thread 0: Calculating SHOX2 (3001) ...  
INFO  @ Wed, 16 Nov 2022 13:33:16: Thread 0 completed. 
INFO  @ Wed, 16 Nov 2022 13:33:16: All threads completed. 
INFO  @ Wed, 16 Nov 2022 13:33:17: Permuting round 1 ... 
INFO  @ Wed, 16 Nov 2022 13:33:18: Thread 0 started. 
INFO  @ Wed, 16 Nov 2022 13:33:18: Thread 0: total 3506 instances. 
INFO  @ Wed, 16 Nov 2022 13:33:18: Thread 0: Calculating ZNF212 (1) ...  
INFO  @ Wed, 16 Nov 2022 13:33:25: Thread 0: Calculating ATG4A (1001) ...  
INFO  @ Wed, 16 Nov 2022 13:33:33: Thread 0: Calculating PYGO1 (2001) ...  
INFO  @ Wed, 16 Nov 2022 13:33:41: Thread 0: Calculating SHOX2 (3001) ...  
INFO  @ Wed, 16 Nov 2022 13:33:45: Thread 0 completed. 
INFO  @ Wed, 16 Nov 2022 13:33:45: All threads completed. 
INFO  @ Wed, 16 Nov 2022 13:33:46: Assigning p values... 
INFO  @ Wed, 16 Nov 2022 13:33:46: Permuting groups of gene with 20 sgRNAs per gene. Group progress: 20/41 
INFO  @ Wed, 16 Nov 2022 13:33:46: Start permuting 2 rounds ... 
INFO  @ Wed, 16 Nov 2022 13:33:46: Collecting 25263 sgRNAs from 3506 genes. 
INFO  @ Wed, 16 Nov 2022 13:33:47: Permuting round 0 ... 
INFO  @ Wed, 16 Nov 2022 13:33:47: Thread 0 started. 
INFO  @ Wed, 16 Nov 2022 13:33:47: Thread 0: total 3506 instances. 
INFO  @ Wed, 16 Nov 2022 13:33:47: Thread 0: Calculating ZNF212 (1) ...  
INFO  @ Wed, 16 Nov 2022 13:33:55: Thread 0: Calculating ATG4A (1001) ...  
INFO  @ Wed, 16 Nov 2022 13:34:02: Thread 0: Calculating PYGO1 (2001) ...  
INFO  @ Wed, 16 Nov 2022 13:34:10: Thread 0: Calculating SHOX2 (3001) ...  
INFO  @ Wed, 16 Nov 2022 13:34:14: Thread 0 completed. 
INFO  @ Wed, 16 Nov 2022 13:34:14: All threads completed. 
INFO  @ Wed, 16 Nov 2022 13:34:15: Permuting round 1 ... 
INFO  @ Wed, 16 Nov 2022 13:34:16: Thread 0 started. 
INFO  @ Wed, 16 Nov 2022 13:34:16: Thread 0: total 3506 instances. 
INFO  @ Wed, 16 Nov 2022 13:34:16: Thread 0: Calculating ZNF212 (1) ...  
INFO  @ Wed, 16 Nov 2022 13:34:24: Thread 0: Calculating ATG4A (1001) ...  
INFO  @ Wed, 16 Nov 2022 13:34:32: Thread 0: Calculating PYGO1 (2001) ...  
INFO  @ Wed, 16 Nov 2022 13:34:40: Thread 0: Calculating SHOX2 (3001) ...  
INFO  @ Wed, 16 Nov 2022 13:34:44: Thread 0 completed. 
INFO  @ Wed, 16 Nov 2022 13:34:44: All threads completed. 
INFO  @ Wed, 16 Nov 2022 13:34:46: Assigning p values... 
INFO  @ Wed, 16 Nov 2022 13:34:46: Permuting groups of gene with 21 sgRNAs per gene. Group progress: 21/41 
INFO  @ Wed, 16 Nov 2022 13:34:46: Start permuting 2 rounds ... 
INFO  @ Wed, 16 Nov 2022 13:34:46: Collecting 25263 sgRNAs from 3506 genes. 
INFO  @ Wed, 16 Nov 2022 13:34:46: Permuting round 0 ... 
INFO  @ Wed, 16 Nov 2022 13:34:46: Thread 0 started. 
INFO  @ Wed, 16 Nov 2022 13:34:46: Thread 0: total 3506 instances. 
INFO  @ Wed, 16 Nov 2022 13:34:46: Thread 0: Calculating ZNF212 (1) ...  
INFO  @ Wed, 16 Nov 2022 13:34:54: Thread 0: Calculating ATG4A (1001) ...  
INFO  @ Wed, 16 Nov 2022 13:35:02: Thread 0: Calculating PYGO1 (2001) ...  
INFO  @ Wed, 16 Nov 2022 13:35:10: Thread 0: Calculating SHOX2 (3001) ...  
INFO  @ Wed, 16 Nov 2022 13:35:14: Thread 0 completed. 
INFO  @ Wed, 16 Nov 2022 13:35:14: All threads completed. 
INFO  @ Wed, 16 Nov 2022 13:35:15: Permuting round 1 ... 
INFO  @ Wed, 16 Nov 2022 13:35:16: Thread 0 started. 
INFO  @ Wed, 16 Nov 2022 13:35:16: Thread 0: total 3506 instances. 
INFO  @ Wed, 16 Nov 2022 13:35:16: Thread 0: Calculating ZNF212 (1) ...  
INFO  @ Wed, 16 Nov 2022 13:35:24: Thread 0: Calculating ATG4A (1001) ...  
INFO  @ Wed, 16 Nov 2022 13:35:32: Thread 0: Calculating PYGO1 (2001) ...  
INFO  @ Wed, 16 Nov 2022 13:35:40: Thread 0: Calculating SHOX2 (3001) ...  
INFO  @ Wed, 16 Nov 2022 13:35:44: Thread 0 completed. 
INFO  @ Wed, 16 Nov 2022 13:35:44: All threads completed. 
INFO  @ Wed, 16 Nov 2022 13:35:45: Assigning p values... 
INFO  @ Wed, 16 Nov 2022 13:35:45: Permuting groups of gene with 22 sgRNAs per gene. Group progress: 22/41 
INFO  @ Wed, 16 Nov 2022 13:35:45: Start permuting 2 rounds ... 
INFO  @ Wed, 16 Nov 2022 13:35:46: Collecting 25263 sgRNAs from 3506 genes. 
INFO  @ Wed, 16 Nov 2022 13:35:46: Permuting round 0 ... 
INFO  @ Wed, 16 Nov 2022 13:35:46: Thread 0 started. 
INFO  @ Wed, 16 Nov 2022 13:35:46: Thread 0: total 3506 instances. 
INFO  @ Wed, 16 Nov 2022 13:35:46: Thread 0: Calculating ZNF212 (1) ...  
INFO  @ Wed, 16 Nov 2022 13:35:54: Thread 0: Calculating ATG4A (1001) ...  
INFO  @ Wed, 16 Nov 2022 13:36:02: Thread 0: Calculating PYGO1 (2001) ...  
INFO  @ Wed, 16 Nov 2022 13:36:10: Thread 0: Calculating SHOX2 (3001) ...  
INFO  @ Wed, 16 Nov 2022 13:36:14: Thread 0 completed. 
INFO  @ Wed, 16 Nov 2022 13:36:14: All threads completed. 
INFO  @ Wed, 16 Nov 2022 13:36:16: Permuting round 1 ... 
INFO  @ Wed, 16 Nov 2022 13:36:16: Thread 0 started. 
INFO  @ Wed, 16 Nov 2022 13:36:16: Thread 0: total 3506 instances. 
INFO  @ Wed, 16 Nov 2022 13:36:16: Thread 0: Calculating ZNF212 (1) ...  
INFO  @ Wed, 16 Nov 2022 13:36:24: Thread 0: Calculating ATG4A (1001) ...  
INFO  @ Wed, 16 Nov 2022 13:36:33: Thread 0: Calculating PYGO1 (2001) ...  
INFO  @ Wed, 16 Nov 2022 13:36:41: Thread 0: Calculating SHOX2 (3001) ...  
INFO  @ Wed, 16 Nov 2022 13:36:45: Thread 0 completed. 
INFO  @ Wed, 16 Nov 2022 13:36:45: All threads completed. 
INFO  @ Wed, 16 Nov 2022 13:36:47: Assigning p values... 
INFO  @ Wed, 16 Nov 2022 13:36:47: Permuting groups of gene with 23 sgRNAs per gene. Group progress: 23/41 
INFO  @ Wed, 16 Nov 2022 13:36:47: Start permuting 2 rounds ... 
INFO  @ Wed, 16 Nov 2022 13:36:47: Collecting 25263 sgRNAs from 3506 genes. 
INFO  @ Wed, 16 Nov 2022 13:36:47: Permuting round 0 ... 
INFO  @ Wed, 16 Nov 2022 13:36:47: Thread 0 started. 
INFO  @ Wed, 16 Nov 2022 13:36:47: Thread 0: total 3506 instances. 
INFO  @ Wed, 16 Nov 2022 13:36:47: Thread 0: Calculating ZNF212 (1) ...  
INFO  @ Wed, 16 Nov 2022 13:36:56: Thread 0: Calculating ATG4A (1001) ...  
INFO  @ Wed, 16 Nov 2022 13:37:04: Thread 0: Calculating PYGO1 (2001) ...  
INFO  @ Wed, 16 Nov 2022 13:37:12: Thread 0: Calculating SHOX2 (3001) ...  
INFO  @ Wed, 16 Nov 2022 13:37:16: Thread 0 completed. 
INFO  @ Wed, 16 Nov 2022 13:37:16: All threads completed. 
INFO  @ Wed, 16 Nov 2022 13:37:17: Permuting round 1 ... 
INFO  @ Wed, 16 Nov 2022 13:37:17: Thread 0 started. 
INFO  @ Wed, 16 Nov 2022 13:37:17: Thread 0: total 3506 instances. 
INFO  @ Wed, 16 Nov 2022 13:37:17: Thread 0: Calculating ZNF212 (1) ...  
INFO  @ Wed, 16 Nov 2022 13:37:26: Thread 0: Calculating ATG4A (1001) ...  
INFO  @ Wed, 16 Nov 2022 13:37:35: Thread 0: Calculating PYGO1 (2001) ...  
INFO  @ Wed, 16 Nov 2022 13:37:43: Thread 0: Calculating SHOX2 (3001) ...  
INFO  @ Wed, 16 Nov 2022 13:37:47: Thread 0 completed. 
INFO  @ Wed, 16 Nov 2022 13:37:47: All threads completed. 
INFO  @ Wed, 16 Nov 2022 13:37:49: Assigning p values... 
INFO  @ Wed, 16 Nov 2022 13:37:49: Permuting groups of gene with 24 sgRNAs per gene. Group progress: 24/41 
INFO  @ Wed, 16 Nov 2022 13:37:49: Start permuting 2 rounds ... 
INFO  @ Wed, 16 Nov 2022 13:37:49: Collecting 25263 sgRNAs from 3506 genes. 
INFO  @ Wed, 16 Nov 2022 13:37:49: Permuting round 0 ... 
INFO  @ Wed, 16 Nov 2022 13:37:49: Thread 0 started. 
INFO  @ Wed, 16 Nov 2022 13:37:49: Thread 0: total 3506 instances. 
INFO  @ Wed, 16 Nov 2022 13:37:50: Thread 0: Calculating ZNF212 (1) ...  
INFO  @ Wed, 16 Nov 2022 13:37:58: Thread 0: Calculating ATG4A (1001) ...  
INFO  @ Wed, 16 Nov 2022 13:38:06: Thread 0: Calculating PYGO1 (2001) ...  
INFO  @ Wed, 16 Nov 2022 13:38:14: Thread 0: Calculating SHOX2 (3001) ...  
INFO  @ Wed, 16 Nov 2022 13:38:19: Thread 0 completed. 
INFO  @ Wed, 16 Nov 2022 13:38:19: All threads completed. 
INFO  @ Wed, 16 Nov 2022 13:38:20: Permuting round 1 ... 
INFO  @ Wed, 16 Nov 2022 13:38:20: Thread 0 started. 
INFO  @ Wed, 16 Nov 2022 13:38:20: Thread 0: total 3506 instances. 
INFO  @ Wed, 16 Nov 2022 13:38:20: Thread 0: Calculating ZNF212 (1) ...  
INFO  @ Wed, 16 Nov 2022 13:38:29: Thread 0: Calculating ATG4A (1001) ...  
INFO  @ Wed, 16 Nov 2022 13:38:38: Thread 0: Calculating PYGO1 (2001) ...  
INFO  @ Wed, 16 Nov 2022 13:38:46: Thread 0: Calculating SHOX2 (3001) ...  
INFO  @ Wed, 16 Nov 2022 13:38:50: Thread 0 completed. 
INFO  @ Wed, 16 Nov 2022 13:38:50: All threads completed. 
INFO  @ Wed, 16 Nov 2022 13:38:52: Assigning p values... 
INFO  @ Wed, 16 Nov 2022 13:38:52: Permuting groups of gene with 25 sgRNAs per gene. Group progress: 25/41 
INFO  @ Wed, 16 Nov 2022 13:38:52: Start permuting 2 rounds ... 
INFO  @ Wed, 16 Nov 2022 13:38:52: Collecting 25263 sgRNAs from 3506 genes. 
INFO  @ Wed, 16 Nov 2022 13:38:53: Permuting round 0 ... 
INFO  @ Wed, 16 Nov 2022 13:38:53: Thread 0 started. 
INFO  @ Wed, 16 Nov 2022 13:38:53: Thread 0: total 3506 instances. 
INFO  @ Wed, 16 Nov 2022 13:38:53: Thread 0: Calculating ZNF212 (1) ...  
INFO  @ Wed, 16 Nov 2022 13:39:02: Thread 0: Calculating ATG4A (1001) ...  
INFO  @ Wed, 16 Nov 2022 13:39:10: Thread 0: Calculating PYGO1 (2001) ...  
INFO  @ Wed, 16 Nov 2022 13:39:19: Thread 0: Calculating SHOX2 (3001) ...  
INFO  @ Wed, 16 Nov 2022 13:39:23: Thread 0 completed. 
INFO  @ Wed, 16 Nov 2022 13:39:23: All threads completed. 
INFO  @ Wed, 16 Nov 2022 13:39:25: Permuting round 1 ... 
INFO  @ Wed, 16 Nov 2022 13:39:25: Thread 0 started. 
INFO  @ Wed, 16 Nov 2022 13:39:25: Thread 0: total 3506 instances. 
INFO  @ Wed, 16 Nov 2022 13:39:25: Thread 0: Calculating ZNF212 (1) ...  
INFO  @ Wed, 16 Nov 2022 13:39:34: Thread 0: Calculating ATG4A (1001) ...  
INFO  @ Wed, 16 Nov 2022 13:39:43: Thread 0: Calculating PYGO1 (2001) ...  
INFO  @ Wed, 16 Nov 2022 13:39:52: Thread 0: Calculating SHOX2 (3001) ...  
INFO  @ Wed, 16 Nov 2022 13:39:58: Thread 0 completed. 
INFO  @ Wed, 16 Nov 2022 13:39:58: All threads completed. 
INFO  @ Wed, 16 Nov 2022 13:40:00: Assigning p values... 
INFO  @ Wed, 16 Nov 2022 13:40:00: Permuting groups of gene with 26 sgRNAs per gene. Group progress: 26/41 
INFO  @ Wed, 16 Nov 2022 13:40:00: Start permuting 2 rounds ... 
INFO  @ Wed, 16 Nov 2022 13:40:00: Collecting 25263 sgRNAs from 3506 genes. 
INFO  @ Wed, 16 Nov 2022 13:40:00: Permuting round 0 ... 
INFO  @ Wed, 16 Nov 2022 13:40:01: Thread 0 started. 
INFO  @ Wed, 16 Nov 2022 13:40:01: Thread 0: total 3506 instances. 
INFO  @ Wed, 16 Nov 2022 13:40:01: Thread 0: Calculating ZNF212 (1) ...  
INFO  @ Wed, 16 Nov 2022 13:40:10: Thread 0: Calculating ATG4A (1001) ...  
INFO  @ Wed, 16 Nov 2022 13:40:18: Thread 0: Calculating PYGO1 (2001) ...  
INFO  @ Wed, 16 Nov 2022 13:40:27: Thread 0: Calculating SHOX2 (3001) ...  
INFO  @ Wed, 16 Nov 2022 13:40:33: Thread 0 completed. 
INFO  @ Wed, 16 Nov 2022 13:40:33: All threads completed. 
INFO  @ Wed, 16 Nov 2022 13:40:34: Permuting round 1 ... 
INFO  @ Wed, 16 Nov 2022 13:40:35: Thread 0 started. 
INFO  @ Wed, 16 Nov 2022 13:40:35: Thread 0: total 3506 instances. 
INFO  @ Wed, 16 Nov 2022 13:40:35: Thread 0: Calculating ZNF212 (1) ...  
INFO  @ Wed, 16 Nov 2022 13:40:44: Thread 0: Calculating ATG4A (1001) ...  
INFO  @ Wed, 16 Nov 2022 13:40:53: Thread 0: Calculating PYGO1 (2001) ...  
INFO  @ Wed, 16 Nov 2022 13:41:02: Thread 0: Calculating SHOX2 (3001) ...  
INFO  @ Wed, 16 Nov 2022 13:41:07: Thread 0 completed. 
INFO  @ Wed, 16 Nov 2022 13:41:07: All threads completed. 
INFO  @ Wed, 16 Nov 2022 13:41:09: Assigning p values... 
INFO  @ Wed, 16 Nov 2022 13:41:09: Permuting groups of gene with 28 sgRNAs per gene. Group progress: 27/41 
INFO  @ Wed, 16 Nov 2022 13:41:09: Start permuting 2 rounds ... 
INFO  @ Wed, 16 Nov 2022 13:41:09: Collecting 25263 sgRNAs from 3506 genes. 
INFO  @ Wed, 16 Nov 2022 13:41:09: Permuting round 0 ... 
INFO  @ Wed, 16 Nov 2022 13:41:10: Thread 0 started. 
INFO  @ Wed, 16 Nov 2022 13:41:10: Thread 0: total 3506 instances. 
INFO  @ Wed, 16 Nov 2022 13:41:10: Thread 0: Calculating ZNF212 (1) ...  
INFO  @ Wed, 16 Nov 2022 13:41:19: Thread 0: Calculating ATG4A (1001) ...  
INFO  @ Wed, 16 Nov 2022 13:41:28: Thread 0: Calculating PYGO1 (2001) ...  
INFO  @ Wed, 16 Nov 2022 13:41:37: Thread 0: Calculating SHOX2 (3001) ...  
INFO  @ Wed, 16 Nov 2022 13:41:42: Thread 0 completed. 
INFO  @ Wed, 16 Nov 2022 13:41:42: All threads completed. 
INFO  @ Wed, 16 Nov 2022 13:41:43: Permuting round 1 ... 
INFO  @ Wed, 16 Nov 2022 13:41:44: Thread 0 started. 
INFO  @ Wed, 16 Nov 2022 13:41:44: Thread 0: total 3506 instances. 
INFO  @ Wed, 16 Nov 2022 13:41:44: Thread 0: Calculating ZNF212 (1) ...  
INFO  @ Wed, 16 Nov 2022 13:41:54: Thread 0: Calculating ATG4A (1001) ...  
INFO  @ Wed, 16 Nov 2022 13:42:04: Thread 0: Calculating PYGO1 (2001) ...  
INFO  @ Wed, 16 Nov 2022 13:42:13: Thread 0: Calculating SHOX2 (3001) ...  
INFO  @ Wed, 16 Nov 2022 13:42:18: Thread 0 completed. 
INFO  @ Wed, 16 Nov 2022 13:42:18: All threads completed. 
INFO  @ Wed, 16 Nov 2022 13:42:20: Assigning p values... 
INFO  @ Wed, 16 Nov 2022 13:42:20: Permuting groups of gene with 30 sgRNAs per gene. Group progress: 28/41 
INFO  @ Wed, 16 Nov 2022 13:42:20: Start permuting 2 rounds ... 
INFO  @ Wed, 16 Nov 2022 13:42:20: Collecting 25263 sgRNAs from 3506 genes. 
INFO  @ Wed, 16 Nov 2022 13:42:20: Permuting round 0 ... 
INFO  @ Wed, 16 Nov 2022 13:42:21: Thread 0 started. 
INFO  @ Wed, 16 Nov 2022 13:42:21: Thread 0: total 3506 instances. 
INFO  @ Wed, 16 Nov 2022 13:42:21: Thread 0: Calculating ZNF212 (1) ...  
INFO  @ Wed, 16 Nov 2022 13:42:31: Thread 0: Calculating ATG4A (1001) ...  
INFO  @ Wed, 16 Nov 2022 13:42:40: Thread 0: Calculating PYGO1 (2001) ...  
INFO  @ Wed, 16 Nov 2022 13:42:49: Thread 0: Calculating SHOX2 (3001) ...  
INFO  @ Wed, 16 Nov 2022 13:42:55: Thread 0 completed. 
INFO  @ Wed, 16 Nov 2022 13:42:55: All threads completed. 
INFO  @ Wed, 16 Nov 2022 13:42:56: Permuting round 1 ... 
INFO  @ Wed, 16 Nov 2022 13:42:57: Thread 0 started. 
INFO  @ Wed, 16 Nov 2022 13:42:57: Thread 0: total 3506 instances. 
INFO  @ Wed, 16 Nov 2022 13:42:57: Thread 0: Calculating ZNF212 (1) ...  
INFO  @ Wed, 16 Nov 2022 13:43:11: Thread 0: Calculating ATG4A (1001) ...  
INFO  @ Wed, 16 Nov 2022 13:43:25: Thread 0: Calculating PYGO1 (2001) ...  
INFO  @ Wed, 16 Nov 2022 13:43:50: Thread 0: Calculating SHOX2 (3001) ...  
INFO  @ Wed, 16 Nov 2022 13:44:04: Thread 0 completed. 
INFO  @ Wed, 16 Nov 2022 13:44:04: All threads completed. 
INFO  @ Wed, 16 Nov 2022 13:44:07: Assigning p values... 
INFO  @ Wed, 16 Nov 2022 13:44:07: Permuting groups of gene with 31 sgRNAs per gene. Group progress: 29/41 
INFO  @ Wed, 16 Nov 2022 13:44:07: Start permuting 2 rounds ... 
INFO  @ Wed, 16 Nov 2022 13:44:07: Collecting 25263 sgRNAs from 3506 genes. 
INFO  @ Wed, 16 Nov 2022 13:44:09: Permuting round 0 ... 
INFO  @ Wed, 16 Nov 2022 13:44:10: Thread 0: total 3506 instances. 
INFO  @ Wed, 16 Nov 2022 13:44:10: Thread 0 started. 
INFO  @ Wed, 16 Nov 2022 13:44:21: Thread 0: Calculating ZNF212 (1) ...  
INFO  @ Wed, 16 Nov 2022 13:44:58: Thread 0: Calculating ATG4A (1001) ...  
INFO  @ Wed, 16 Nov 2022 13:45:33: Thread 0: Calculating PYGO1 (2001) ...  
INFO  @ Wed, 16 Nov 2022 13:46:09: Thread 0: Calculating SHOX2 (3001) ...  
INFO  @ Wed, 16 Nov 2022 13:46:29: Thread 0 completed. 
INFO  @ Wed, 16 Nov 2022 13:46:29: All threads completed. 
INFO  @ Wed, 16 Nov 2022 13:46:32: Permuting round 1 ... 
INFO  @ Wed, 16 Nov 2022 13:46:33: Thread 0 started. 
INFO  @ Wed, 16 Nov 2022 13:46:33: Thread 0: total 3506 instances. 
INFO  @ Wed, 16 Nov 2022 13:46:35: Thread 0: Calculating ZNF212 (1) ...  
INFO  @ Wed, 16 Nov 2022 13:47:16: Thread 0: Calculating ATG4A (1001) ...  
INFO  @ Wed, 16 Nov 2022 13:48:10: Thread 0: Calculating PYGO1 (2001) ...  
INFO  @ Wed, 16 Nov 2022 13:49:03: Thread 0: Calculating SHOX2 (3001) ...  
INFO  @ Wed, 16 Nov 2022 13:49:31: Thread 0 completed. 
INFO  @ Wed, 16 Nov 2022 13:49:31: All threads completed. 
INFO  @ Wed, 16 Nov 2022 13:49:37: Assigning p values... 
INFO  @ Wed, 16 Nov 2022 13:49:38: Permuting groups of gene with 32 sgRNAs per gene. Group progress: 30/41 
INFO  @ Wed, 16 Nov 2022 13:49:38: Start permuting 2 rounds ... 
INFO  @ Wed, 16 Nov 2022 13:49:39: Collecting 25263 sgRNAs from 3506 genes. 
INFO  @ Wed, 16 Nov 2022 13:49:40: Permuting round 0 ... 
INFO  @ Wed, 16 Nov 2022 13:49:43: Thread 0 started. 
INFO  @ Wed, 16 Nov 2022 13:49:43: Thread 0: total 3506 instances. 
INFO  @ Wed, 16 Nov 2022 13:49:45: Thread 0: Calculating ZNF212 (1) ...  
INFO  @ Wed, 16 Nov 2022 13:50:47: Thread 0: Calculating ATG4A (1001) ...  
INFO  @ Wed, 16 Nov 2022 13:51:59: Thread 0: Calculating PYGO1 (2001) ...  
INFO  @ Wed, 16 Nov 2022 13:53:12: Thread 0: Calculating SHOX2 (3001) ...  
INFO  @ Wed, 16 Nov 2022 13:53:50: Thread 0 completed. 
INFO  @ Wed, 16 Nov 2022 13:53:50: All threads completed. 
INFO  @ Wed, 16 Nov 2022 13:53:55: Permuting round 1 ... 
INFO  @ Wed, 16 Nov 2022 13:53:57: Thread 0: total 3506 instances. 
INFO  @ Wed, 16 Nov 2022 13:53:57: Thread 0 started. 
INFO  @ Wed, 16 Nov 2022 13:53:57: Thread 0: Calculating ZNF212 (1) ...  
INFO  @ Wed, 16 Nov 2022 13:55:15: Thread 0: Calculating ATG4A (1001) ...  
INFO  @ Wed, 16 Nov 2022 13:56:47: Thread 0: Calculating PYGO1 (2001) ...  
INFO  @ Wed, 16 Nov 2022 13:58:58: Thread 0: Calculating SHOX2 (3001) ...  
INFO  @ Wed, 16 Nov 2022 13:59:42: Thread 0 completed. 
INFO  @ Wed, 16 Nov 2022 13:59:42: All threads completed. 
INFO  @ Wed, 16 Nov 2022 14:00:07: Assigning p values... 
INFO  @ Wed, 16 Nov 2022 14:00:07: Permuting groups of gene with 33 sgRNAs per gene. Group progress: 31/41 
INFO  @ Wed, 16 Nov 2022 14:00:07: Start permuting 2 rounds ... 
INFO  @ Wed, 16 Nov 2022 14:00:09: Collecting 25263 sgRNAs from 3506 genes. 
INFO  @ Wed, 16 Nov 2022 14:00:12: Permuting round 0 ... 
INFO  @ Wed, 16 Nov 2022 14:00:14: Thread 0 started. 
INFO  @ Wed, 16 Nov 2022 14:00:15: Thread 0: total 3506 instances. 
INFO  @ Wed, 16 Nov 2022 14:00:15: Thread 0: Calculating ZNF212 (1) ...  
INFO  @ Wed, 16 Nov 2022 14:01:52: Thread 0: Calculating ATG4A (1001) ...  
INFO  @ Wed, 16 Nov 2022 14:03:33: Thread 0: Calculating PYGO1 (2001) ...  
INFO  @ Wed, 16 Nov 2022 14:05:08: Thread 0: Calculating SHOX2 (3001) ...  
INFO  @ Wed, 16 Nov 2022 14:05:48: Thread 0 completed. 
INFO  @ Wed, 16 Nov 2022 14:05:48: All threads completed. 
INFO  @ Wed, 16 Nov 2022 14:05:56: Permuting round 1 ... 
INFO  @ Wed, 16 Nov 2022 14:05:59: Thread 0 started. 
INFO  @ Wed, 16 Nov 2022 14:05:59: Thread 0: total 3506 instances. 
INFO  @ Wed, 16 Nov 2022 14:05:59: Thread 0: Calculating ZNF212 (1) ...  
INFO  @ Wed, 16 Nov 2022 14:07:28: Thread 0: Calculating ATG4A (1001) ...  
INFO  @ Wed, 16 Nov 2022 14:09:10: Thread 0: Calculating PYGO1 (2001) ...  
INFO  @ Wed, 16 Nov 2022 14:10:50: Thread 0: Calculating SHOX2 (3001) ...  
INFO  @ Wed, 16 Nov 2022 14:11:37: Thread 0 completed. 
INFO  @ Wed, 16 Nov 2022 14:11:37: All threads completed. 
INFO  @ Wed, 16 Nov 2022 14:11:47: Assigning p values... 
INFO  @ Wed, 16 Nov 2022 14:11:47: Permuting groups of gene with 34 sgRNAs per gene. Group progress: 32/41 
INFO  @ Wed, 16 Nov 2022 14:11:47: Start permuting 2 rounds ... 
INFO  @ Wed, 16 Nov 2022 14:11:48: Collecting 25263 sgRNAs from 3506 genes. 
INFO  @ Wed, 16 Nov 2022 14:11:51: Permuting round 0 ... 
INFO  @ Wed, 16 Nov 2022 14:11:55: Thread 0 started. 
INFO  @ Wed, 16 Nov 2022 14:11:55: Thread 0: total 3506 instances. 
INFO  @ Wed, 16 Nov 2022 14:11:55: Thread 0: Calculating ZNF212 (1) ...  
INFO  @ Wed, 16 Nov 2022 14:13:38: Thread 0: Calculating ATG4A (1001) ...  
INFO  @ Wed, 16 Nov 2022 14:15:19: Thread 0: Calculating PYGO1 (2001) ...  
INFO  @ Wed, 16 Nov 2022 14:17:17: Thread 0: Calculating SHOX2 (3001) ...  
INFO  @ Wed, 16 Nov 2022 14:18:15: Thread 0 completed. 
INFO  @ Wed, 16 Nov 2022 14:18:15: All threads completed. 
INFO  @ Wed, 16 Nov 2022 14:18:24: Permuting round 1 ... 
INFO  @ Wed, 16 Nov 2022 14:18:27: Thread 0 started. 
INFO  @ Wed, 16 Nov 2022 14:18:27: Thread 0: total 3506 instances. 
INFO  @ Wed, 16 Nov 2022 14:18:27: Thread 0: Calculating ZNF212 (1) ...  
INFO  @ Wed, 16 Nov 2022 14:20:14: Thread 0: Calculating ATG4A (1001) ...  
INFO  @ Wed, 16 Nov 2022 14:22:13: Thread 0: Calculating PYGO1 (2001) ...  
INFO  @ Wed, 16 Nov 2022 14:24:02: Thread 0: Calculating SHOX2 (3001) ...  
INFO  @ Wed, 16 Nov 2022 14:25:04: Thread 0 completed. 
INFO  @ Wed, 16 Nov 2022 14:25:04: All threads completed. 
INFO  @ Wed, 16 Nov 2022 14:25:12: Assigning p values... 
INFO  @ Wed, 16 Nov 2022 14:25:12: Permuting groups of gene with 38 sgRNAs per gene. Group progress: 33/41 
INFO  @ Wed, 16 Nov 2022 14:25:12: Start permuting 2 rounds ... 
INFO  @ Wed, 16 Nov 2022 14:25:14: Collecting 25263 sgRNAs from 3506 genes. 
INFO  @ Wed, 16 Nov 2022 14:25:17: Permuting round 0 ... 
INFO  @ Wed, 16 Nov 2022 14:25:21: Thread 0 started. 
INFO  @ Wed, 16 Nov 2022 14:25:21: Thread 0: total 3506 instances. 
INFO  @ Wed, 16 Nov 2022 14:25:21: Thread 0: Calculating ZNF212 (1) ...  
INFO  @ Wed, 16 Nov 2022 14:27:15: Thread 0: Calculating ATG4A (1001) ...  
INFO  @ Wed, 16 Nov 2022 14:29:18: Thread 0: Calculating PYGO1 (2001) ...  
INFO  @ Wed, 16 Nov 2022 14:31:23: Thread 0: Calculating SHOX2 (3001) ...  
INFO  @ Wed, 16 Nov 2022 14:32:34: Thread 0 completed. 
INFO  @ Wed, 16 Nov 2022 14:32:34: All threads completed. 
INFO  @ Wed, 16 Nov 2022 14:32:42: Permuting round 1 ... 
INFO  @ Wed, 16 Nov 2022 14:32:46: Thread 0: total 3506 instances. 
INFO  @ Wed, 16 Nov 2022 14:32:46: Thread 0 started. 
INFO  @ Wed, 16 Nov 2022 14:32:46: Thread 0: Calculating ZNF212 (1) ...  
INFO  @ Wed, 16 Nov 2022 14:35:00: Thread 0: Calculating ATG4A (1001) ...  
INFO  @ Wed, 16 Nov 2022 14:36:58: Thread 0: Calculating PYGO1 (2001) ...  
INFO  @ Wed, 16 Nov 2022 14:38:56: Thread 0: Calculating SHOX2 (3001) ...  
INFO  @ Wed, 16 Nov 2022 14:39:58: Thread 0 completed. 
INFO  @ Wed, 16 Nov 2022 14:39:58: All threads completed. 
INFO  @ Wed, 16 Nov 2022 14:40:06: Assigning p values... 
INFO  @ Wed, 16 Nov 2022 14:40:07: Permuting groups of gene with 39 sgRNAs per gene. Group progress: 34/41 
INFO  @ Wed, 16 Nov 2022 14:40:07: Start permuting 2 rounds ... 
INFO  @ Wed, 16 Nov 2022 14:40:09: Collecting 25263 sgRNAs from 3506 genes. 
INFO  @ Wed, 16 Nov 2022 14:40:13: Permuting round 0 ... 
INFO  @ Wed, 16 Nov 2022 14:40:16: Thread 0: total 3506 instances. 
INFO  @ Wed, 16 Nov 2022 14:40:16: Thread 0 started. 
INFO  @ Wed, 16 Nov 2022 14:40:17: Thread 0: Calculating ZNF212 (1) ...  
INFO  @ Wed, 16 Nov 2022 14:42:28: Thread 0: Calculating ATG4A (1001) ...  
INFO  @ Wed, 16 Nov 2022 14:44:42: Thread 0: Calculating PYGO1 (2001) ...  
INFO  @ Wed, 16 Nov 2022 14:47:08: Thread 0: Calculating SHOX2 (3001) ...  
INFO  @ Wed, 16 Nov 2022 14:48:18: Thread 0 completed. 
INFO  @ Wed, 16 Nov 2022 14:48:18: All threads completed. 
INFO  @ Wed, 16 Nov 2022 14:48:26: Permuting round 1 ... 
INFO  @ Wed, 16 Nov 2022 14:48:29: Thread 0 started. 
INFO  @ Wed, 16 Nov 2022 14:48:29: Thread 0: total 3506 instances. 
INFO  @ Wed, 16 Nov 2022 14:48:29: Thread 0: Calculating ZNF212 (1) ...  
INFO  @ Wed, 16 Nov 2022 14:50:24: Thread 0: Calculating ATG4A (1001) ...  
INFO  @ Wed, 16 Nov 2022 14:52:14: Thread 0: Calculating PYGO1 (2001) ...  
INFO  @ Wed, 16 Nov 2022 14:53:42: Thread 0: Calculating SHOX2 (3001) ...  
INFO  @ Wed, 16 Nov 2022 14:54:26: Thread 0 completed. 
INFO  @ Wed, 16 Nov 2022 14:54:26: All threads completed. 
INFO  @ Wed, 16 Nov 2022 14:54:31: Assigning p values... 
INFO  @ Wed, 16 Nov 2022 14:54:31: Groups of gene with 41 sgRNAs per gene: assigning p values based on previous group results. Group progress: 35/41 
INFO  @ Wed, 16 Nov 2022 14:54:31: Groups of gene with 42 sgRNAs per gene: assigning p values based on previous group results. Group progress: 36/41 
INFO  @ Wed, 16 Nov 2022 14:54:31: Groups of gene with 43 sgRNAs per gene: assigning p values based on previous group results. Group progress: 37/41 
INFO  @ Wed, 16 Nov 2022 14:54:31: Groups of gene with 47 sgRNAs per gene: assigning p values based on previous group results. Group progress: 38/41 
INFO  @ Wed, 16 Nov 2022 14:54:31: Groups of gene with 48 sgRNAs per gene: assigning p values based on previous group results. Group progress: 39/41 
INFO  @ Wed, 16 Nov 2022 14:54:31: Groups of gene with 49 sgRNAs per gene: assigning p values based on previous group results. Group progress: 40/41 
INFO  @ Wed, 16 Nov 2022 14:54:31: Groups of gene with 57 sgRNAs per gene: assigning p values based on previous group results. Group progress: 41/41 
INFO  @ Wed, 16 Nov 2022 14:54:32: Writing gene results to mle_DLD1-Cont1.gene_summary.txt 
INFO  @ Wed, 16 Nov 2022 14:54:32: Writing sgRNA results to mle_DLD1-Cont1.sgrna_summary.txt 
