INFO  @ Fri, 22 Sep 2023 09:26:33: Parameters: /home/ryan/miniconda3/envs/mageck/bin/mageck mle -k count-Snu-1_WT_C13.csv -d matrixSnu1C13.txt -n mle_count-Snu1C13 
INFO  @ Fri, 22 Sep 2023 09:26:34: Cannot parse design matrix as a string; try to parse it as a file name ... 
INFO  @ Fri, 22 Sep 2023 09:26:34: Design matrix: 
INFO  @ Fri, 22 Sep 2023 09:26:34: [[1. 0.] 
INFO  @ Fri, 22 Sep 2023 09:26:34:  [1. 1.]] 
INFO  @ Fri, 22 Sep 2023 09:26:34: Beta labels:baseline,c13 
INFO  @ Fri, 22 Sep 2023 09:26:34: Included samples:Snu-1_WT_C13_D=0,Snu-1_WT_C13_D=10 
INFO  @ Fri, 22 Sep 2023 09:26:34: Treating count-Snu-1_WT_C13.csv as csv file ... 
INFO  @ Fri, 22 Sep 2023 09:26:34: Loaded samples:Snu-1_WT_C13_D=0;Snu-1_WT_C13_D=10 
INFO  @ Fri, 22 Sep 2023 09:26:34: Sample index: 0;1 
INFO  @ Fri, 22 Sep 2023 09:26:34: Loaded 3516 genes. 
DEBUG @ Fri, 22 Sep 2023 09:26:34: Initial (total) size factor: 0.9921563900197876 1.0079686154028165 
DEBUG @ Fri, 22 Sep 2023 09:26:34: Median factor: 1.0004834421360473 1.0062647096044577 
INFO  @ Fri, 22 Sep 2023 09:26:34: Final size factor: 1.0004834421360473 1.0062647096044577 
INFO  @ Fri, 22 Sep 2023 09:26:34: size factor: 0.9995167914673179,0.9937742926442087 
INFO  @ Fri, 22 Sep 2023 09:26:34: Thread 0 started. 
INFO  @ Fri, 22 Sep 2023 09:26:34: Thread 0: total 1 instances. 
INFO  @ Fri, 22 Sep 2023 09:26:34: Thread 0 completed. 
INFO  @ Fri, 22 Sep 2023 09:26:34: All threads completed. 
INFO  @ Fri, 22 Sep 2023 09:26:34: Modeling the mean and variance ... 
INFO  @ Fri, 22 Sep 2023 09:26:34: Run the algorithm for the second time ... 
INFO  @ Fri, 22 Sep 2023 09:26:34: Skipping gene NKX2 from MLE calculation since there are too many sgRNAs. To change, revise the --max-sgrnapergene-permutation option. 
INFO  @ Fri, 22 Sep 2023 09:26:34: Skipping gene PBRM1 from MLE calculation since there are too many sgRNAs. To change, revise the --max-sgrnapergene-permutation option. 
INFO  @ Fri, 22 Sep 2023 09:26:34: Skipping gene KDM2A from MLE calculation since there are too many sgRNAs. To change, revise the --max-sgrnapergene-permutation option. 
INFO  @ Fri, 22 Sep 2023 09:26:34: Skipping gene KDM2B from MLE calculation since there are too many sgRNAs. To change, revise the --max-sgrnapergene-permutation option. 
INFO  @ Fri, 22 Sep 2023 09:26:34: Skipping gene KMT2A from MLE calculation since there are too many sgRNAs. To change, revise the --max-sgrnapergene-permutation option. 
INFO  @ Fri, 22 Sep 2023 09:26:34: Skipping gene KMT2B from MLE calculation since there are too many sgRNAs. To change, revise the --max-sgrnapergene-permutation option. 
INFO  @ Fri, 22 Sep 2023 09:26:34: Skipping gene KMT2C from MLE calculation since there are too many sgRNAs. To change, revise the --max-sgrnapergene-permutation option. 
INFO  @ Fri, 22 Sep 2023 09:26:34: Skipping gene KMT2D from MLE calculation since there are too many sgRNAs. To change, revise the --max-sgrnapergene-permutation option. 
INFO  @ Fri, 22 Sep 2023 09:26:34: Skipping gene NSD1 from MLE calculation since there are too many sgRNAs. To change, revise the --max-sgrnapergene-permutation option. 
INFO  @ Fri, 22 Sep 2023 09:26:34: Skipping gene RNF17 from MLE calculation since there are too many sgRNAs. To change, revise the --max-sgrnapergene-permutation option. 
INFO  @ Fri, 22 Sep 2023 09:26:34: Skipping gene TDRD6 from MLE calculation since there are too many sgRNAs. To change, revise the --max-sgrnapergene-permutation option. 
INFO  @ Fri, 22 Sep 2023 09:26:34: Thread 0 started. 
INFO  @ Fri, 22 Sep 2023 09:26:34: Thread 0: total 3505 instances. 
INFO  @ Fri, 22 Sep 2023 09:26:34: Thread 0: Calculating AATK (1) ...  
INFO  @ Fri, 22 Sep 2023 09:26:39: Thread 0: Calculating NFXL1 (1001) ...  
INFO  @ Fri, 22 Sep 2023 09:26:45: Thread 0: Calculating NO66 (2001) ...  
INFO  @ Fri, 22 Sep 2023 09:26:49: Thread 0: Calculating RNF170 (3001) ...  
INFO  @ Fri, 22 Sep 2023 09:26:52: Thread 0 completed. 
INFO  @ Fri, 22 Sep 2023 09:26:52: All threads completed. 
INFO  @ Fri, 22 Sep 2023 09:26:53: Permuting groups of gene with 1 sgRNAs per gene. Group progress: 1/41 
INFO  @ Fri, 22 Sep 2023 09:26:53: Start permuting 2 rounds ... 
INFO  @ Fri, 22 Sep 2023 09:26:53: Collecting 26156 sgRNAs from 3516 genes. 
INFO  @ Fri, 22 Sep 2023 09:26:54: Permuting round 0 ... 
INFO  @ Fri, 22 Sep 2023 09:26:54: Thread 0 started. 
INFO  @ Fri, 22 Sep 2023 09:26:54: Thread 0: total 3516 instances. 
INFO  @ Fri, 22 Sep 2023 09:26:54: Thread 0: Calculating AATK (1) ...  
INFO  @ Fri, 22 Sep 2023 09:26:56: Thread 0: Calculating NFXL1 (1001) ...  
INFO  @ Fri, 22 Sep 2023 09:26:59: Thread 0: Calculating MLL1 (2001) ...  
INFO  @ Fri, 22 Sep 2023 09:27:02: Thread 0: Calculating RNF146 (3001) ...  
INFO  @ Fri, 22 Sep 2023 09:27:03: Thread 0 completed. 
INFO  @ Fri, 22 Sep 2023 09:27:03: All threads completed. 
INFO  @ Fri, 22 Sep 2023 09:27:04: Permuting round 1 ... 
INFO  @ Fri, 22 Sep 2023 09:27:04: Thread 0 started. 
INFO  @ Fri, 22 Sep 2023 09:27:04: Thread 0: total 3516 instances. 
INFO  @ Fri, 22 Sep 2023 09:27:04: Thread 0: Calculating AATK (1) ...  
INFO  @ Fri, 22 Sep 2023 09:27:07: Thread 0: Calculating NFXL1 (1001) ...  
INFO  @ Fri, 22 Sep 2023 09:27:10: Thread 0: Calculating MLL1 (2001) ...  
INFO  @ Fri, 22 Sep 2023 09:27:12: Thread 0: Calculating RNF146 (3001) ...  
INFO  @ Fri, 22 Sep 2023 09:27:14: Thread 0 completed. 
INFO  @ Fri, 22 Sep 2023 09:27:14: All threads completed. 
INFO  @ Fri, 22 Sep 2023 09:27:15: Assigning p values... 
INFO  @ Fri, 22 Sep 2023 09:27:15: Permuting groups of gene with 2 sgRNAs per gene. Group progress: 2/41 
INFO  @ Fri, 22 Sep 2023 09:27:15: Start permuting 2 rounds ... 
INFO  @ Fri, 22 Sep 2023 09:27:15: Collecting 26156 sgRNAs from 3516 genes. 
INFO  @ Fri, 22 Sep 2023 09:27:16: Permuting round 0 ... 
INFO  @ Fri, 22 Sep 2023 09:27:16: Thread 0 started. 
INFO  @ Fri, 22 Sep 2023 09:27:16: Thread 0: total 3516 instances. 
INFO  @ Fri, 22 Sep 2023 09:27:16: Thread 0: Calculating AATK (1) ...  
INFO  @ Fri, 22 Sep 2023 09:27:20: Thread 0: Calculating NFXL1 (1001) ...  
INFO  @ Fri, 22 Sep 2023 09:27:24: Thread 0: Calculating MLL1 (2001) ...  
INFO  @ Fri, 22 Sep 2023 09:27:28: Thread 0: Calculating RNF146 (3001) ...  
INFO  @ Fri, 22 Sep 2023 09:27:30: Thread 0 completed. 
INFO  @ Fri, 22 Sep 2023 09:27:30: All threads completed. 
INFO  @ Fri, 22 Sep 2023 09:27:32: Permuting round 1 ... 
INFO  @ Fri, 22 Sep 2023 09:27:32: Thread 0 started. 
INFO  @ Fri, 22 Sep 2023 09:27:32: Thread 0: total 3516 instances. 
INFO  @ Fri, 22 Sep 2023 09:27:32: Thread 0: Calculating AATK (1) ...  
INFO  @ Fri, 22 Sep 2023 09:27:36: Thread 0: Calculating NFXL1 (1001) ...  
INFO  @ Fri, 22 Sep 2023 09:27:40: Thread 0: Calculating MLL1 (2001) ...  
INFO  @ Fri, 22 Sep 2023 09:27:44: Thread 0: Calculating RNF146 (3001) ...  
INFO  @ Fri, 22 Sep 2023 09:27:47: Thread 0 completed. 
INFO  @ Fri, 22 Sep 2023 09:27:47: All threads completed. 
INFO  @ Fri, 22 Sep 2023 09:27:48: Assigning p values... 
INFO  @ Fri, 22 Sep 2023 09:27:48: Permuting groups of gene with 3 sgRNAs per gene. Group progress: 3/41 
INFO  @ Fri, 22 Sep 2023 09:27:48: Start permuting 2 rounds ... 
INFO  @ Fri, 22 Sep 2023 09:27:48: Collecting 26156 sgRNAs from 3516 genes. 
INFO  @ Fri, 22 Sep 2023 09:27:49: Permuting round 0 ... 
INFO  @ Fri, 22 Sep 2023 09:27:49: Thread 0 started. 
INFO  @ Fri, 22 Sep 2023 09:27:49: Thread 0: total 3516 instances. 
INFO  @ Fri, 22 Sep 2023 09:27:49: Thread 0: Calculating AATK (1) ...  
INFO  @ Fri, 22 Sep 2023 09:27:53: Thread 0: Calculating NFXL1 (1001) ...  
INFO  @ Fri, 22 Sep 2023 09:27:58: Thread 0: Calculating MLL1 (2001) ...  
INFO  @ Fri, 22 Sep 2023 09:28:03: Thread 0: Calculating RNF146 (3001) ...  
INFO  @ Fri, 22 Sep 2023 09:28:05: Thread 0 completed. 
INFO  @ Fri, 22 Sep 2023 09:28:05: All threads completed. 
INFO  @ Fri, 22 Sep 2023 09:28:06: Permuting round 1 ... 
INFO  @ Fri, 22 Sep 2023 09:28:06: Thread 0 started. 
INFO  @ Fri, 22 Sep 2023 09:28:06: Thread 0: total 3516 instances. 
INFO  @ Fri, 22 Sep 2023 09:28:06: Thread 0: Calculating AATK (1) ...  
INFO  @ Fri, 22 Sep 2023 09:28:11: Thread 0: Calculating NFXL1 (1001) ...  
INFO  @ Fri, 22 Sep 2023 09:28:16: Thread 0: Calculating MLL1 (2001) ...  
INFO  @ Fri, 22 Sep 2023 09:28:20: Thread 0: Calculating RNF146 (3001) ...  
INFO  @ Fri, 22 Sep 2023 09:28:22: Thread 0 completed. 
INFO  @ Fri, 22 Sep 2023 09:28:22: All threads completed. 
INFO  @ Fri, 22 Sep 2023 09:28:24: Assigning p values... 
INFO  @ Fri, 22 Sep 2023 09:28:24: Permuting groups of gene with 4 sgRNAs per gene. Group progress: 4/41 
INFO  @ Fri, 22 Sep 2023 09:28:24: Start permuting 2 rounds ... 
INFO  @ Fri, 22 Sep 2023 09:28:24: Collecting 26156 sgRNAs from 3516 genes. 
INFO  @ Fri, 22 Sep 2023 09:28:24: Permuting round 0 ... 
INFO  @ Fri, 22 Sep 2023 09:28:24: Thread 0 started. 
INFO  @ Fri, 22 Sep 2023 09:28:24: Thread 0: total 3516 instances. 
INFO  @ Fri, 22 Sep 2023 09:28:24: Thread 0: Calculating AATK (1) ...  
INFO  @ Fri, 22 Sep 2023 09:28:29: Thread 0: Calculating NFXL1 (1001) ...  
INFO  @ Fri, 22 Sep 2023 09:28:34: Thread 0: Calculating MLL1 (2001) ...  
INFO  @ Fri, 22 Sep 2023 09:28:38: Thread 0: Calculating RNF146 (3001) ...  
INFO  @ Fri, 22 Sep 2023 09:28:41: Thread 0 completed. 
INFO  @ Fri, 22 Sep 2023 09:28:41: All threads completed. 
INFO  @ Fri, 22 Sep 2023 09:28:42: Permuting round 1 ... 
INFO  @ Fri, 22 Sep 2023 09:28:42: Thread 0 started. 
INFO  @ Fri, 22 Sep 2023 09:28:42: Thread 0: total 3516 instances. 
INFO  @ Fri, 22 Sep 2023 09:28:42: Thread 0: Calculating AATK (1) ...  
INFO  @ Fri, 22 Sep 2023 09:28:47: Thread 0: Calculating NFXL1 (1001) ...  
INFO  @ Fri, 22 Sep 2023 09:28:52: Thread 0: Calculating MLL1 (2001) ...  
INFO  @ Fri, 22 Sep 2023 09:28:57: Thread 0: Calculating RNF146 (3001) ...  
INFO  @ Fri, 22 Sep 2023 09:28:59: Thread 0 completed. 
INFO  @ Fri, 22 Sep 2023 09:28:59: All threads completed. 
INFO  @ Fri, 22 Sep 2023 09:29:01: Assigning p values... 
INFO  @ Fri, 22 Sep 2023 09:29:01: Permuting groups of gene with 5 sgRNAs per gene. Group progress: 5/41 
INFO  @ Fri, 22 Sep 2023 09:29:01: Start permuting 2 rounds ... 
INFO  @ Fri, 22 Sep 2023 09:29:01: Collecting 26156 sgRNAs from 3516 genes. 
INFO  @ Fri, 22 Sep 2023 09:29:01: Permuting round 0 ... 
INFO  @ Fri, 22 Sep 2023 09:29:01: Thread 0 started. 
INFO  @ Fri, 22 Sep 2023 09:29:01: Thread 0: total 3516 instances. 
INFO  @ Fri, 22 Sep 2023 09:29:01: Thread 0: Calculating AATK (1) ...  
INFO  @ Fri, 22 Sep 2023 09:29:06: Thread 0: Calculating NFXL1 (1001) ...  
INFO  @ Fri, 22 Sep 2023 09:29:11: Thread 0: Calculating MLL1 (2001) ...  
INFO  @ Fri, 22 Sep 2023 09:29:16: Thread 0: Calculating RNF146 (3001) ...  
INFO  @ Fri, 22 Sep 2023 09:29:18: Thread 0 completed. 
INFO  @ Fri, 22 Sep 2023 09:29:18: All threads completed. 
INFO  @ Fri, 22 Sep 2023 09:29:20: Permuting round 1 ... 
INFO  @ Fri, 22 Sep 2023 09:29:20: Thread 0 started. 
INFO  @ Fri, 22 Sep 2023 09:29:20: Thread 0: total 3516 instances. 
INFO  @ Fri, 22 Sep 2023 09:29:20: Thread 0: Calculating AATK (1) ...  
INFO  @ Fri, 22 Sep 2023 09:29:25: Thread 0: Calculating NFXL1 (1001) ...  
INFO  @ Fri, 22 Sep 2023 09:29:29: Thread 0: Calculating MLL1 (2001) ...  
INFO  @ Fri, 22 Sep 2023 09:29:34: Thread 0: Calculating RNF146 (3001) ...  
INFO  @ Fri, 22 Sep 2023 09:29:37: Thread 0 completed. 
INFO  @ Fri, 22 Sep 2023 09:29:37: All threads completed. 
INFO  @ Fri, 22 Sep 2023 09:29:38: Assigning p values... 
INFO  @ Fri, 22 Sep 2023 09:29:38: Permuting groups of gene with 6 sgRNAs per gene. Group progress: 6/41 
INFO  @ Fri, 22 Sep 2023 09:29:38: Start permuting 2 rounds ... 
INFO  @ Fri, 22 Sep 2023 09:29:38: Collecting 26156 sgRNAs from 3516 genes. 
INFO  @ Fri, 22 Sep 2023 09:29:38: Permuting round 0 ... 
INFO  @ Fri, 22 Sep 2023 09:29:38: Thread 0 started. 
INFO  @ Fri, 22 Sep 2023 09:29:38: Thread 0: total 3516 instances. 
INFO  @ Fri, 22 Sep 2023 09:29:38: Thread 0: Calculating AATK (1) ...  
INFO  @ Fri, 22 Sep 2023 09:29:43: Thread 0: Calculating NFXL1 (1001) ...  
INFO  @ Fri, 22 Sep 2023 09:29:48: Thread 0: Calculating MLL1 (2001) ...  
INFO  @ Fri, 22 Sep 2023 09:29:53: Thread 0: Calculating RNF146 (3001) ...  
INFO  @ Fri, 22 Sep 2023 09:29:55: Thread 0 completed. 
INFO  @ Fri, 22 Sep 2023 09:29:55: All threads completed. 
INFO  @ Fri, 22 Sep 2023 09:29:57: Permuting round 1 ... 
INFO  @ Fri, 22 Sep 2023 09:29:57: Thread 0 started. 
INFO  @ Fri, 22 Sep 2023 09:29:57: Thread 0: total 3516 instances. 
INFO  @ Fri, 22 Sep 2023 09:29:57: Thread 0: Calculating AATK (1) ...  
INFO  @ Fri, 22 Sep 2023 09:30:02: Thread 0: Calculating NFXL1 (1001) ...  
INFO  @ Fri, 22 Sep 2023 09:30:07: Thread 0: Calculating MLL1 (2001) ...  
INFO  @ Fri, 22 Sep 2023 09:30:12: Thread 0: Calculating RNF146 (3001) ...  
INFO  @ Fri, 22 Sep 2023 09:30:15: Thread 0 completed. 
INFO  @ Fri, 22 Sep 2023 09:30:15: All threads completed. 
INFO  @ Fri, 22 Sep 2023 09:30:16: Assigning p values... 
INFO  @ Fri, 22 Sep 2023 09:30:16: Permuting groups of gene with 7 sgRNAs per gene. Group progress: 7/41 
INFO  @ Fri, 22 Sep 2023 09:30:16: Start permuting 2 rounds ... 
INFO  @ Fri, 22 Sep 2023 09:30:16: Collecting 26156 sgRNAs from 3516 genes. 
INFO  @ Fri, 22 Sep 2023 09:30:16: Permuting round 0 ... 
INFO  @ Fri, 22 Sep 2023 09:30:17: Thread 0 started. 
INFO  @ Fri, 22 Sep 2023 09:30:17: Thread 0: total 3516 instances. 
INFO  @ Fri, 22 Sep 2023 09:30:17: Thread 0: Calculating AATK (1) ...  
INFO  @ Fri, 22 Sep 2023 09:30:22: Thread 0: Calculating NFXL1 (1001) ...  
INFO  @ Fri, 22 Sep 2023 09:30:27: Thread 0: Calculating MLL1 (2001) ...  
INFO  @ Fri, 22 Sep 2023 09:30:33: Thread 0: Calculating RNF146 (3001) ...  
INFO  @ Fri, 22 Sep 2023 09:30:36: Thread 0 completed. 
INFO  @ Fri, 22 Sep 2023 09:30:36: All threads completed. 
INFO  @ Fri, 22 Sep 2023 09:30:37: Permuting round 1 ... 
INFO  @ Fri, 22 Sep 2023 09:30:37: Thread 0 started. 
INFO  @ Fri, 22 Sep 2023 09:30:37: Thread 0: total 3516 instances. 
INFO  @ Fri, 22 Sep 2023 09:30:37: Thread 0: Calculating AATK (1) ...  
INFO  @ Fri, 22 Sep 2023 09:30:44: Thread 0: Calculating NFXL1 (1001) ...  
INFO  @ Fri, 22 Sep 2023 09:30:50: Thread 0: Calculating MLL1 (2001) ...  
INFO  @ Fri, 22 Sep 2023 09:30:55: Thread 0: Calculating RNF146 (3001) ...  
INFO  @ Fri, 22 Sep 2023 09:30:58: Thread 0 completed. 
INFO  @ Fri, 22 Sep 2023 09:30:58: All threads completed. 
INFO  @ Fri, 22 Sep 2023 09:30:59: Assigning p values... 
INFO  @ Fri, 22 Sep 2023 09:30:59: Permuting groups of gene with 8 sgRNAs per gene. Group progress: 8/41 
INFO  @ Fri, 22 Sep 2023 09:30:59: Start permuting 2 rounds ... 
INFO  @ Fri, 22 Sep 2023 09:30:59: Collecting 26156 sgRNAs from 3516 genes. 
INFO  @ Fri, 22 Sep 2023 09:31:00: Permuting round 0 ... 
INFO  @ Fri, 22 Sep 2023 09:31:00: Thread 0 started. 
INFO  @ Fri, 22 Sep 2023 09:31:00: Thread 0: total 3516 instances. 
INFO  @ Fri, 22 Sep 2023 09:31:00: Thread 0: Calculating AATK (1) ...  
INFO  @ Fri, 22 Sep 2023 09:31:05: Thread 0: Calculating NFXL1 (1001) ...  
INFO  @ Fri, 22 Sep 2023 09:31:11: Thread 0: Calculating MLL1 (2001) ...  
INFO  @ Fri, 22 Sep 2023 09:31:16: Thread 0: Calculating RNF146 (3001) ...  
INFO  @ Fri, 22 Sep 2023 09:31:18: Thread 0 completed. 
INFO  @ Fri, 22 Sep 2023 09:31:18: All threads completed. 
INFO  @ Fri, 22 Sep 2023 09:31:20: Permuting round 1 ... 
INFO  @ Fri, 22 Sep 2023 09:31:20: Thread 0 started. 
INFO  @ Fri, 22 Sep 2023 09:31:20: Thread 0: total 3516 instances. 
INFO  @ Fri, 22 Sep 2023 09:31:20: Thread 0: Calculating AATK (1) ...  
INFO  @ Fri, 22 Sep 2023 09:31:25: Thread 0: Calculating NFXL1 (1001) ...  
INFO  @ Fri, 22 Sep 2023 09:31:30: Thread 0: Calculating MLL1 (2001) ...  
INFO  @ Fri, 22 Sep 2023 09:31:35: Thread 0: Calculating RNF146 (3001) ...  
INFO  @ Fri, 22 Sep 2023 09:31:38: Thread 0 completed. 
INFO  @ Fri, 22 Sep 2023 09:31:38: All threads completed. 
INFO  @ Fri, 22 Sep 2023 09:31:40: Assigning p values... 
INFO  @ Fri, 22 Sep 2023 09:31:40: Permuting groups of gene with 9 sgRNAs per gene. Group progress: 9/41 
INFO  @ Fri, 22 Sep 2023 09:31:40: Start permuting 2 rounds ... 
INFO  @ Fri, 22 Sep 2023 09:31:40: Collecting 26156 sgRNAs from 3516 genes. 
INFO  @ Fri, 22 Sep 2023 09:31:40: Permuting round 0 ... 
INFO  @ Fri, 22 Sep 2023 09:31:40: Thread 0 started. 
INFO  @ Fri, 22 Sep 2023 09:31:40: Thread 0: total 3516 instances. 
INFO  @ Fri, 22 Sep 2023 09:31:40: Thread 0: Calculating AATK (1) ...  
INFO  @ Fri, 22 Sep 2023 09:31:46: Thread 0: Calculating NFXL1 (1001) ...  
INFO  @ Fri, 22 Sep 2023 09:31:51: Thread 0: Calculating MLL1 (2001) ...  
INFO  @ Fri, 22 Sep 2023 09:31:56: Thread 0: Calculating RNF146 (3001) ...  
INFO  @ Fri, 22 Sep 2023 09:31:59: Thread 0 completed. 
INFO  @ Fri, 22 Sep 2023 09:31:59: All threads completed. 
INFO  @ Fri, 22 Sep 2023 09:32:00: Permuting round 1 ... 
INFO  @ Fri, 22 Sep 2023 09:32:00: Thread 0 started. 
INFO  @ Fri, 22 Sep 2023 09:32:00: Thread 0: total 3516 instances. 
INFO  @ Fri, 22 Sep 2023 09:32:00: Thread 0: Calculating AATK (1) ...  
INFO  @ Fri, 22 Sep 2023 09:32:06: Thread 0: Calculating NFXL1 (1001) ...  
INFO  @ Fri, 22 Sep 2023 09:32:11: Thread 0: Calculating MLL1 (2001) ...  
INFO  @ Fri, 22 Sep 2023 09:32:16: Thread 0: Calculating RNF146 (3001) ...  
INFO  @ Fri, 22 Sep 2023 09:32:19: Thread 0 completed. 
INFO  @ Fri, 22 Sep 2023 09:32:19: All threads completed. 
INFO  @ Fri, 22 Sep 2023 09:32:20: Assigning p values... 
INFO  @ Fri, 22 Sep 2023 09:32:21: Permuting groups of gene with 10 sgRNAs per gene. Group progress: 10/41 
INFO  @ Fri, 22 Sep 2023 09:32:21: Start permuting 2 rounds ... 
INFO  @ Fri, 22 Sep 2023 09:32:21: Collecting 26156 sgRNAs from 3516 genes. 
INFO  @ Fri, 22 Sep 2023 09:32:21: Permuting round 0 ... 
INFO  @ Fri, 22 Sep 2023 09:32:21: Thread 0 started. 
INFO  @ Fri, 22 Sep 2023 09:32:21: Thread 0: total 3516 instances. 
INFO  @ Fri, 22 Sep 2023 09:32:21: Thread 0: Calculating AATK (1) ...  
INFO  @ Fri, 22 Sep 2023 09:32:26: Thread 0: Calculating NFXL1 (1001) ...  
INFO  @ Fri, 22 Sep 2023 09:32:32: Thread 0: Calculating MLL1 (2001) ...  
INFO  @ Fri, 22 Sep 2023 09:32:37: Thread 0: Calculating RNF146 (3001) ...  
INFO  @ Fri, 22 Sep 2023 09:32:40: Thread 0 completed. 
INFO  @ Fri, 22 Sep 2023 09:32:40: All threads completed. 
INFO  @ Fri, 22 Sep 2023 09:32:41: Permuting round 1 ... 
INFO  @ Fri, 22 Sep 2023 09:32:41: Thread 0 started. 
INFO  @ Fri, 22 Sep 2023 09:32:41: Thread 0: total 3516 instances. 
INFO  @ Fri, 22 Sep 2023 09:32:41: Thread 0: Calculating AATK (1) ...  
INFO  @ Fri, 22 Sep 2023 09:32:47: Thread 0: Calculating NFXL1 (1001) ...  
INFO  @ Fri, 22 Sep 2023 09:32:52: Thread 0: Calculating MLL1 (2001) ...  
INFO  @ Fri, 22 Sep 2023 09:32:57: Thread 0: Calculating RNF146 (3001) ...  
INFO  @ Fri, 22 Sep 2023 09:33:00: Thread 0 completed. 
INFO  @ Fri, 22 Sep 2023 09:33:00: All threads completed. 
INFO  @ Fri, 22 Sep 2023 09:33:02: Assigning p values... 
INFO  @ Fri, 22 Sep 2023 09:33:02: Permuting groups of gene with 11 sgRNAs per gene. Group progress: 11/41 
INFO  @ Fri, 22 Sep 2023 09:33:02: Start permuting 2 rounds ... 
INFO  @ Fri, 22 Sep 2023 09:33:02: Collecting 26156 sgRNAs from 3516 genes. 
INFO  @ Fri, 22 Sep 2023 09:33:02: Permuting round 0 ... 
INFO  @ Fri, 22 Sep 2023 09:33:02: Thread 0 started. 
INFO  @ Fri, 22 Sep 2023 09:33:02: Thread 0: total 3516 instances. 
INFO  @ Fri, 22 Sep 2023 09:33:02: Thread 0: Calculating AATK (1) ...  
INFO  @ Fri, 22 Sep 2023 09:33:08: Thread 0: Calculating NFXL1 (1001) ...  
INFO  @ Fri, 22 Sep 2023 09:33:13: Thread 0: Calculating MLL1 (2001) ...  
INFO  @ Fri, 22 Sep 2023 09:33:18: Thread 0: Calculating RNF146 (3001) ...  
INFO  @ Fri, 22 Sep 2023 09:33:21: Thread 0 completed. 
INFO  @ Fri, 22 Sep 2023 09:33:21: All threads completed. 
INFO  @ Fri, 22 Sep 2023 09:33:23: Permuting round 1 ... 
INFO  @ Fri, 22 Sep 2023 09:33:23: Thread 0 started. 
INFO  @ Fri, 22 Sep 2023 09:33:23: Thread 0: total 3516 instances. 
INFO  @ Fri, 22 Sep 2023 09:33:23: Thread 0: Calculating AATK (1) ...  
INFO  @ Fri, 22 Sep 2023 09:33:28: Thread 0: Calculating NFXL1 (1001) ...  
INFO  @ Fri, 22 Sep 2023 09:33:33: Thread 0: Calculating MLL1 (2001) ...  
INFO  @ Fri, 22 Sep 2023 09:33:39: Thread 0: Calculating RNF146 (3001) ...  
INFO  @ Fri, 22 Sep 2023 09:33:42: Thread 0 completed. 
INFO  @ Fri, 22 Sep 2023 09:33:42: All threads completed. 
INFO  @ Fri, 22 Sep 2023 09:33:43: Assigning p values... 
INFO  @ Fri, 22 Sep 2023 09:33:43: Permuting groups of gene with 12 sgRNAs per gene. Group progress: 12/41 
INFO  @ Fri, 22 Sep 2023 09:33:43: Start permuting 2 rounds ... 
INFO  @ Fri, 22 Sep 2023 09:33:43: Collecting 26156 sgRNAs from 3516 genes. 
INFO  @ Fri, 22 Sep 2023 09:33:44: Permuting round 0 ... 
INFO  @ Fri, 22 Sep 2023 09:33:44: Thread 0 started. 
INFO  @ Fri, 22 Sep 2023 09:33:44: Thread 0: total 3516 instances. 
INFO  @ Fri, 22 Sep 2023 09:33:44: Thread 0: Calculating AATK (1) ...  
INFO  @ Fri, 22 Sep 2023 09:33:49: Thread 0: Calculating NFXL1 (1001) ...  
INFO  @ Fri, 22 Sep 2023 09:33:55: Thread 0: Calculating MLL1 (2001) ...  
INFO  @ Fri, 22 Sep 2023 09:34:00: Thread 0: Calculating RNF146 (3001) ...  
INFO  @ Fri, 22 Sep 2023 09:34:03: Thread 0 completed. 
INFO  @ Fri, 22 Sep 2023 09:34:03: All threads completed. 
INFO  @ Fri, 22 Sep 2023 09:34:04: Permuting round 1 ... 
INFO  @ Fri, 22 Sep 2023 09:34:04: Thread 0 started. 
INFO  @ Fri, 22 Sep 2023 09:34:04: Thread 0: total 3516 instances. 
INFO  @ Fri, 22 Sep 2023 09:34:04: Thread 0: Calculating AATK (1) ...  
INFO  @ Fri, 22 Sep 2023 09:34:10: Thread 0: Calculating NFXL1 (1001) ...  
INFO  @ Fri, 22 Sep 2023 09:34:16: Thread 0: Calculating MLL1 (2001) ...  
INFO  @ Fri, 22 Sep 2023 09:34:21: Thread 0: Calculating RNF146 (3001) ...  
INFO  @ Fri, 22 Sep 2023 09:34:24: Thread 0 completed. 
INFO  @ Fri, 22 Sep 2023 09:34:24: All threads completed. 
INFO  @ Fri, 22 Sep 2023 09:34:25: Assigning p values... 
INFO  @ Fri, 22 Sep 2023 09:34:25: Permuting groups of gene with 13 sgRNAs per gene. Group progress: 13/41 
INFO  @ Fri, 22 Sep 2023 09:34:25: Start permuting 2 rounds ... 
INFO  @ Fri, 22 Sep 2023 09:34:26: Collecting 26156 sgRNAs from 3516 genes. 
INFO  @ Fri, 22 Sep 2023 09:34:26: Permuting round 0 ... 
INFO  @ Fri, 22 Sep 2023 09:34:26: Thread 0 started. 
INFO  @ Fri, 22 Sep 2023 09:34:26: Thread 0: total 3516 instances. 
INFO  @ Fri, 22 Sep 2023 09:34:26: Thread 0: Calculating AATK (1) ...  
INFO  @ Fri, 22 Sep 2023 09:34:32: Thread 0: Calculating NFXL1 (1001) ...  
INFO  @ Fri, 22 Sep 2023 09:34:37: Thread 0: Calculating MLL1 (2001) ...  
INFO  @ Fri, 22 Sep 2023 09:34:43: Thread 0: Calculating RNF146 (3001) ...  
INFO  @ Fri, 22 Sep 2023 09:34:46: Thread 0 completed. 
INFO  @ Fri, 22 Sep 2023 09:34:46: All threads completed. 
INFO  @ Fri, 22 Sep 2023 09:34:47: Permuting round 1 ... 
INFO  @ Fri, 22 Sep 2023 09:34:47: Thread 0 started. 
INFO  @ Fri, 22 Sep 2023 09:34:47: Thread 0: total 3516 instances. 
INFO  @ Fri, 22 Sep 2023 09:34:47: Thread 0: Calculating AATK (1) ...  
INFO  @ Fri, 22 Sep 2023 09:34:53: Thread 0: Calculating NFXL1 (1001) ...  
INFO  @ Fri, 22 Sep 2023 09:34:58: Thread 0: Calculating MLL1 (2001) ...  
INFO  @ Fri, 22 Sep 2023 09:35:04: Thread 0: Calculating RNF146 (3001) ...  
INFO  @ Fri, 22 Sep 2023 09:35:07: Thread 0 completed. 
INFO  @ Fri, 22 Sep 2023 09:35:07: All threads completed. 
INFO  @ Fri, 22 Sep 2023 09:35:09: Assigning p values... 
INFO  @ Fri, 22 Sep 2023 09:35:09: Permuting groups of gene with 14 sgRNAs per gene. Group progress: 14/41 
INFO  @ Fri, 22 Sep 2023 09:35:09: Start permuting 2 rounds ... 
INFO  @ Fri, 22 Sep 2023 09:35:09: Collecting 26156 sgRNAs from 3516 genes. 
INFO  @ Fri, 22 Sep 2023 09:35:09: Permuting round 0 ... 
INFO  @ Fri, 22 Sep 2023 09:35:09: Thread 0 started. 
INFO  @ Fri, 22 Sep 2023 09:35:09: Thread 0: total 3516 instances. 
INFO  @ Fri, 22 Sep 2023 09:35:09: Thread 0: Calculating AATK (1) ...  
INFO  @ Fri, 22 Sep 2023 09:35:15: Thread 0: Calculating NFXL1 (1001) ...  
INFO  @ Fri, 22 Sep 2023 09:35:20: Thread 0: Calculating MLL1 (2001) ...  
INFO  @ Fri, 22 Sep 2023 09:35:27: Thread 0: Calculating RNF146 (3001) ...  
INFO  @ Fri, 22 Sep 2023 09:35:30: Thread 0 completed. 
INFO  @ Fri, 22 Sep 2023 09:35:30: All threads completed. 
INFO  @ Fri, 22 Sep 2023 09:35:31: Permuting round 1 ... 
INFO  @ Fri, 22 Sep 2023 09:35:31: Thread 0 started. 
INFO  @ Fri, 22 Sep 2023 09:35:31: Thread 0: total 3516 instances. 
INFO  @ Fri, 22 Sep 2023 09:35:31: Thread 0: Calculating AATK (1) ...  
INFO  @ Fri, 22 Sep 2023 09:35:37: Thread 0: Calculating NFXL1 (1001) ...  
INFO  @ Fri, 22 Sep 2023 09:35:43: Thread 0: Calculating MLL1 (2001) ...  
INFO  @ Fri, 22 Sep 2023 09:35:48: Thread 0: Calculating RNF146 (3001) ...  
INFO  @ Fri, 22 Sep 2023 09:35:51: Thread 0 completed. 
INFO  @ Fri, 22 Sep 2023 09:35:51: All threads completed. 
INFO  @ Fri, 22 Sep 2023 09:35:53: Assigning p values... 
INFO  @ Fri, 22 Sep 2023 09:35:53: Permuting groups of gene with 15 sgRNAs per gene. Group progress: 15/41 
INFO  @ Fri, 22 Sep 2023 09:35:53: Start permuting 2 rounds ... 
INFO  @ Fri, 22 Sep 2023 09:35:53: Collecting 26156 sgRNAs from 3516 genes. 
INFO  @ Fri, 22 Sep 2023 09:35:53: Permuting round 0 ... 
INFO  @ Fri, 22 Sep 2023 09:35:53: Thread 0 started. 
INFO  @ Fri, 22 Sep 2023 09:35:53: Thread 0: total 3516 instances. 
INFO  @ Fri, 22 Sep 2023 09:35:53: Thread 0: Calculating AATK (1) ...  
INFO  @ Fri, 22 Sep 2023 09:35:59: Thread 0: Calculating NFXL1 (1001) ...  
INFO  @ Fri, 22 Sep 2023 09:36:05: Thread 0: Calculating MLL1 (2001) ...  
INFO  @ Fri, 22 Sep 2023 09:36:10: Thread 0: Calculating RNF146 (3001) ...  
INFO  @ Fri, 22 Sep 2023 09:36:13: Thread 0 completed. 
INFO  @ Fri, 22 Sep 2023 09:36:13: All threads completed. 
INFO  @ Fri, 22 Sep 2023 09:36:15: Permuting round 1 ... 
INFO  @ Fri, 22 Sep 2023 09:36:15: Thread 0 started. 
INFO  @ Fri, 22 Sep 2023 09:36:15: Thread 0: total 3516 instances. 
INFO  @ Fri, 22 Sep 2023 09:36:15: Thread 0: Calculating AATK (1) ...  
INFO  @ Fri, 22 Sep 2023 09:36:21: Thread 0: Calculating NFXL1 (1001) ...  
INFO  @ Fri, 22 Sep 2023 09:36:27: Thread 0: Calculating MLL1 (2001) ...  
INFO  @ Fri, 22 Sep 2023 09:36:33: Thread 0: Calculating RNF146 (3001) ...  
INFO  @ Fri, 22 Sep 2023 09:36:36: Thread 0 completed. 
INFO  @ Fri, 22 Sep 2023 09:36:36: All threads completed. 
INFO  @ Fri, 22 Sep 2023 09:36:38: Assigning p values... 
INFO  @ Fri, 22 Sep 2023 09:36:38: Permuting groups of gene with 16 sgRNAs per gene. Group progress: 16/41 
INFO  @ Fri, 22 Sep 2023 09:36:38: Start permuting 2 rounds ... 
INFO  @ Fri, 22 Sep 2023 09:36:38: Collecting 26156 sgRNAs from 3516 genes. 
INFO  @ Fri, 22 Sep 2023 09:36:38: Permuting round 0 ... 
INFO  @ Fri, 22 Sep 2023 09:36:39: Thread 0 started. 
INFO  @ Fri, 22 Sep 2023 09:36:39: Thread 0: total 3516 instances. 
INFO  @ Fri, 22 Sep 2023 09:36:39: Thread 0: Calculating AATK (1) ...  
INFO  @ Fri, 22 Sep 2023 09:36:44: Thread 0: Calculating NFXL1 (1001) ...  
INFO  @ Fri, 22 Sep 2023 09:36:50: Thread 0: Calculating MLL1 (2001) ...  
INFO  @ Fri, 22 Sep 2023 09:36:55: Thread 0: Calculating RNF146 (3001) ...  
INFO  @ Fri, 22 Sep 2023 09:36:58: Thread 0 completed. 
INFO  @ Fri, 22 Sep 2023 09:36:58: All threads completed. 
INFO  @ Fri, 22 Sep 2023 09:37:00: Permuting round 1 ... 
INFO  @ Fri, 22 Sep 2023 09:37:00: Thread 0 started. 
INFO  @ Fri, 22 Sep 2023 09:37:00: Thread 0: total 3516 instances. 
INFO  @ Fri, 22 Sep 2023 09:37:00: Thread 0: Calculating AATK (1) ...  
INFO  @ Fri, 22 Sep 2023 09:37:06: Thread 0: Calculating NFXL1 (1001) ...  
INFO  @ Fri, 22 Sep 2023 09:37:11: Thread 0: Calculating MLL1 (2001) ...  
INFO  @ Fri, 22 Sep 2023 09:37:17: Thread 0: Calculating RNF146 (3001) ...  
INFO  @ Fri, 22 Sep 2023 09:37:20: Thread 0 completed. 
INFO  @ Fri, 22 Sep 2023 09:37:20: All threads completed. 
INFO  @ Fri, 22 Sep 2023 09:37:21: Assigning p values... 
INFO  @ Fri, 22 Sep 2023 09:37:21: Permuting groups of gene with 17 sgRNAs per gene. Group progress: 17/41 
INFO  @ Fri, 22 Sep 2023 09:37:21: Start permuting 2 rounds ... 
INFO  @ Fri, 22 Sep 2023 09:37:22: Collecting 26156 sgRNAs from 3516 genes. 
INFO  @ Fri, 22 Sep 2023 09:37:22: Permuting round 0 ... 
INFO  @ Fri, 22 Sep 2023 09:37:22: Thread 0 started. 
INFO  @ Fri, 22 Sep 2023 09:37:22: Thread 0: total 3516 instances. 
INFO  @ Fri, 22 Sep 2023 09:37:22: Thread 0: Calculating AATK (1) ...  
INFO  @ Fri, 22 Sep 2023 09:37:28: Thread 0: Calculating NFXL1 (1001) ...  
INFO  @ Fri, 22 Sep 2023 09:37:33: Thread 0: Calculating MLL1 (2001) ...  
INFO  @ Fri, 22 Sep 2023 09:37:39: Thread 0: Calculating RNF146 (3001) ...  
INFO  @ Fri, 22 Sep 2023 09:37:42: Thread 0 completed. 
INFO  @ Fri, 22 Sep 2023 09:37:42: All threads completed. 
INFO  @ Fri, 22 Sep 2023 09:37:43: Permuting round 1 ... 
INFO  @ Fri, 22 Sep 2023 09:37:44: Thread 0 started. 
INFO  @ Fri, 22 Sep 2023 09:37:44: Thread 0: total 3516 instances. 
INFO  @ Fri, 22 Sep 2023 09:37:44: Thread 0: Calculating AATK (1) ...  
INFO  @ Fri, 22 Sep 2023 09:37:49: Thread 0: Calculating NFXL1 (1001) ...  
INFO  @ Fri, 22 Sep 2023 09:37:55: Thread 0: Calculating MLL1 (2001) ...  
INFO  @ Fri, 22 Sep 2023 09:38:00: Thread 0: Calculating RNF146 (3001) ...  
INFO  @ Fri, 22 Sep 2023 09:38:02: Thread 0 completed. 
INFO  @ Fri, 22 Sep 2023 09:38:02: All threads completed. 
INFO  @ Fri, 22 Sep 2023 09:38:04: Assigning p values... 
INFO  @ Fri, 22 Sep 2023 09:38:04: Permuting groups of gene with 18 sgRNAs per gene. Group progress: 18/41 
INFO  @ Fri, 22 Sep 2023 09:38:04: Start permuting 2 rounds ... 
INFO  @ Fri, 22 Sep 2023 09:38:04: Collecting 26156 sgRNAs from 3516 genes. 
INFO  @ Fri, 22 Sep 2023 09:38:04: Permuting round 0 ... 
INFO  @ Fri, 22 Sep 2023 09:38:04: Thread 0 started. 
INFO  @ Fri, 22 Sep 2023 09:38:04: Thread 0: total 3516 instances. 
INFO  @ Fri, 22 Sep 2023 09:38:05: Thread 0: Calculating AATK (1) ...  
INFO  @ Fri, 22 Sep 2023 09:38:10: Thread 0: Calculating NFXL1 (1001) ...  
INFO  @ Fri, 22 Sep 2023 09:38:15: Thread 0: Calculating MLL1 (2001) ...  
INFO  @ Fri, 22 Sep 2023 09:38:21: Thread 0: Calculating RNF146 (3001) ...  
INFO  @ Fri, 22 Sep 2023 09:38:23: Thread 0 completed. 
INFO  @ Fri, 22 Sep 2023 09:38:23: All threads completed. 
INFO  @ Fri, 22 Sep 2023 09:38:25: Permuting round 1 ... 
INFO  @ Fri, 22 Sep 2023 09:38:25: Thread 0 started. 
INFO  @ Fri, 22 Sep 2023 09:38:25: Thread 0: total 3516 instances. 
INFO  @ Fri, 22 Sep 2023 09:38:25: Thread 0: Calculating AATK (1) ...  
INFO  @ Fri, 22 Sep 2023 09:38:30: Thread 0: Calculating NFXL1 (1001) ...  
INFO  @ Fri, 22 Sep 2023 09:38:36: Thread 0: Calculating MLL1 (2001) ...  
INFO  @ Fri, 22 Sep 2023 09:38:41: Thread 0: Calculating RNF146 (3001) ...  
INFO  @ Fri, 22 Sep 2023 09:38:44: Thread 0 completed. 
INFO  @ Fri, 22 Sep 2023 09:38:44: All threads completed. 
INFO  @ Fri, 22 Sep 2023 09:38:45: Assigning p values... 
INFO  @ Fri, 22 Sep 2023 09:38:45: Permuting groups of gene with 19 sgRNAs per gene. Group progress: 19/41 
INFO  @ Fri, 22 Sep 2023 09:38:45: Start permuting 2 rounds ... 
INFO  @ Fri, 22 Sep 2023 09:38:45: Collecting 26156 sgRNAs from 3516 genes. 
INFO  @ Fri, 22 Sep 2023 09:38:45: Permuting round 0 ... 
INFO  @ Fri, 22 Sep 2023 09:38:46: Thread 0 started. 
INFO  @ Fri, 22 Sep 2023 09:38:46: Thread 0: total 3516 instances. 
INFO  @ Fri, 22 Sep 2023 09:38:46: Thread 0: Calculating AATK (1) ...  
INFO  @ Fri, 22 Sep 2023 09:38:51: Thread 0: Calculating NFXL1 (1001) ...  
INFO  @ Fri, 22 Sep 2023 09:38:56: Thread 0: Calculating MLL1 (2001) ...  
INFO  @ Fri, 22 Sep 2023 09:39:01: Thread 0: Calculating RNF146 (3001) ...  
INFO  @ Fri, 22 Sep 2023 09:39:04: Thread 0 completed. 
INFO  @ Fri, 22 Sep 2023 09:39:04: All threads completed. 
INFO  @ Fri, 22 Sep 2023 09:39:06: Permuting round 1 ... 
INFO  @ Fri, 22 Sep 2023 09:39:06: Thread 0 started. 
INFO  @ Fri, 22 Sep 2023 09:39:06: Thread 0: total 3516 instances. 
INFO  @ Fri, 22 Sep 2023 09:39:06: Thread 0: Calculating AATK (1) ...  
INFO  @ Fri, 22 Sep 2023 09:39:11: Thread 0: Calculating NFXL1 (1001) ...  
INFO  @ Fri, 22 Sep 2023 09:39:17: Thread 0: Calculating MLL1 (2001) ...  
INFO  @ Fri, 22 Sep 2023 09:39:22: Thread 0: Calculating RNF146 (3001) ...  
INFO  @ Fri, 22 Sep 2023 09:39:25: Thread 0 completed. 
INFO  @ Fri, 22 Sep 2023 09:39:25: All threads completed. 
INFO  @ Fri, 22 Sep 2023 09:39:27: Assigning p values... 
INFO  @ Fri, 22 Sep 2023 09:39:27: Permuting groups of gene with 20 sgRNAs per gene. Group progress: 20/41 
INFO  @ Fri, 22 Sep 2023 09:39:27: Start permuting 2 rounds ... 
INFO  @ Fri, 22 Sep 2023 09:39:27: Collecting 26156 sgRNAs from 3516 genes. 
INFO  @ Fri, 22 Sep 2023 09:39:27: Permuting round 0 ... 
INFO  @ Fri, 22 Sep 2023 09:39:27: Thread 0 started. 
INFO  @ Fri, 22 Sep 2023 09:39:27: Thread 0: total 3516 instances. 
INFO  @ Fri, 22 Sep 2023 09:39:27: Thread 0: Calculating AATK (1) ...  
INFO  @ Fri, 22 Sep 2023 09:39:33: Thread 0: Calculating NFXL1 (1001) ...  
INFO  @ Fri, 22 Sep 2023 09:39:38: Thread 0: Calculating MLL1 (2001) ...  
INFO  @ Fri, 22 Sep 2023 09:39:44: Thread 0: Calculating RNF146 (3001) ...  
INFO  @ Fri, 22 Sep 2023 09:39:46: Thread 0 completed. 
INFO  @ Fri, 22 Sep 2023 09:39:46: All threads completed. 
INFO  @ Fri, 22 Sep 2023 09:39:48: Permuting round 1 ... 
INFO  @ Fri, 22 Sep 2023 09:39:48: Thread 0 started. 
INFO  @ Fri, 22 Sep 2023 09:39:48: Thread 0: total 3516 instances. 
INFO  @ Fri, 22 Sep 2023 09:39:48: Thread 0: Calculating AATK (1) ...  
INFO  @ Fri, 22 Sep 2023 09:39:54: Thread 0: Calculating NFXL1 (1001) ...  
INFO  @ Fri, 22 Sep 2023 09:39:59: Thread 0: Calculating MLL1 (2001) ...  
INFO  @ Fri, 22 Sep 2023 09:40:05: Thread 0: Calculating RNF146 (3001) ...  
INFO  @ Fri, 22 Sep 2023 09:40:07: Thread 0 completed. 
INFO  @ Fri, 22 Sep 2023 09:40:07: All threads completed. 
INFO  @ Fri, 22 Sep 2023 09:40:09: Assigning p values... 
INFO  @ Fri, 22 Sep 2023 09:40:09: Permuting groups of gene with 21 sgRNAs per gene. Group progress: 21/41 
INFO  @ Fri, 22 Sep 2023 09:40:09: Start permuting 2 rounds ... 
INFO  @ Fri, 22 Sep 2023 09:40:09: Collecting 26156 sgRNAs from 3516 genes. 
INFO  @ Fri, 22 Sep 2023 09:40:09: Permuting round 0 ... 
INFO  @ Fri, 22 Sep 2023 09:40:10: Thread 0 started. 
INFO  @ Fri, 22 Sep 2023 09:40:10: Thread 0: total 3516 instances. 
INFO  @ Fri, 22 Sep 2023 09:40:10: Thread 0: Calculating AATK (1) ...  
INFO  @ Fri, 22 Sep 2023 09:40:16: Thread 0: Calculating NFXL1 (1001) ...  
INFO  @ Fri, 22 Sep 2023 09:40:22: Thread 0: Calculating MLL1 (2001) ...  
INFO  @ Fri, 22 Sep 2023 09:40:28: Thread 0: Calculating RNF146 (3001) ...  
INFO  @ Fri, 22 Sep 2023 09:40:31: Thread 0 completed. 
INFO  @ Fri, 22 Sep 2023 09:40:31: All threads completed. 
INFO  @ Fri, 22 Sep 2023 09:40:32: Permuting round 1 ... 
INFO  @ Fri, 22 Sep 2023 09:40:33: Thread 0 started. 
INFO  @ Fri, 22 Sep 2023 09:40:33: Thread 0: total 3516 instances. 
INFO  @ Fri, 22 Sep 2023 09:40:33: Thread 0: Calculating AATK (1) ...  
INFO  @ Fri, 22 Sep 2023 09:40:38: Thread 0: Calculating NFXL1 (1001) ...  
INFO  @ Fri, 22 Sep 2023 09:40:43: Thread 0: Calculating MLL1 (2001) ...  
INFO  @ Fri, 22 Sep 2023 09:40:48: Thread 0: Calculating RNF146 (3001) ...  
INFO  @ Fri, 22 Sep 2023 09:40:51: Thread 0 completed. 
INFO  @ Fri, 22 Sep 2023 09:40:51: All threads completed. 
INFO  @ Fri, 22 Sep 2023 09:40:52: Assigning p values... 
INFO  @ Fri, 22 Sep 2023 09:40:52: Permuting groups of gene with 22 sgRNAs per gene. Group progress: 22/41 
INFO  @ Fri, 22 Sep 2023 09:40:52: Start permuting 2 rounds ... 
INFO  @ Fri, 22 Sep 2023 09:40:53: Collecting 26156 sgRNAs from 3516 genes. 
INFO  @ Fri, 22 Sep 2023 09:40:53: Permuting round 0 ... 
INFO  @ Fri, 22 Sep 2023 09:40:53: Thread 0 started. 
INFO  @ Fri, 22 Sep 2023 09:40:53: Thread 0: total 3516 instances. 
INFO  @ Fri, 22 Sep 2023 09:40:53: Thread 0: Calculating AATK (1) ...  
INFO  @ Fri, 22 Sep 2023 09:40:58: Thread 0: Calculating NFXL1 (1001) ...  
INFO  @ Fri, 22 Sep 2023 09:41:04: Thread 0: Calculating MLL1 (2001) ...  
INFO  @ Fri, 22 Sep 2023 09:41:09: Thread 0: Calculating RNF146 (3001) ...  
INFO  @ Fri, 22 Sep 2023 09:41:11: Thread 0 completed. 
INFO  @ Fri, 22 Sep 2023 09:41:11: All threads completed. 
INFO  @ Fri, 22 Sep 2023 09:41:12: Permuting round 1 ... 
INFO  @ Fri, 22 Sep 2023 09:41:13: Thread 0 started. 
INFO  @ Fri, 22 Sep 2023 09:41:13: Thread 0: total 3516 instances. 
INFO  @ Fri, 22 Sep 2023 09:41:13: Thread 0: Calculating AATK (1) ...  
INFO  @ Fri, 22 Sep 2023 09:41:18: Thread 0: Calculating NFXL1 (1001) ...  
INFO  @ Fri, 22 Sep 2023 09:41:23: Thread 0: Calculating MLL1 (2001) ...  
INFO  @ Fri, 22 Sep 2023 09:41:29: Thread 0: Calculating RNF146 (3001) ...  
INFO  @ Fri, 22 Sep 2023 09:41:31: Thread 0 completed. 
INFO  @ Fri, 22 Sep 2023 09:41:31: All threads completed. 
INFO  @ Fri, 22 Sep 2023 09:41:33: Assigning p values... 
INFO  @ Fri, 22 Sep 2023 09:41:33: Permuting groups of gene with 23 sgRNAs per gene. Group progress: 23/41 
INFO  @ Fri, 22 Sep 2023 09:41:33: Start permuting 2 rounds ... 
INFO  @ Fri, 22 Sep 2023 09:41:33: Collecting 26156 sgRNAs from 3516 genes. 
INFO  @ Fri, 22 Sep 2023 09:41:33: Permuting round 0 ... 
INFO  @ Fri, 22 Sep 2023 09:41:33: Thread 0 started. 
INFO  @ Fri, 22 Sep 2023 09:41:33: Thread 0: total 3516 instances. 
INFO  @ Fri, 22 Sep 2023 09:41:33: Thread 0: Calculating AATK (1) ...  
INFO  @ Fri, 22 Sep 2023 09:41:39: Thread 0: Calculating NFXL1 (1001) ...  
INFO  @ Fri, 22 Sep 2023 09:41:44: Thread 0: Calculating MLL1 (2001) ...  
INFO  @ Fri, 22 Sep 2023 09:41:49: Thread 0: Calculating RNF146 (3001) ...  
INFO  @ Fri, 22 Sep 2023 09:41:52: Thread 0 completed. 
INFO  @ Fri, 22 Sep 2023 09:41:52: All threads completed. 
INFO  @ Fri, 22 Sep 2023 09:41:53: Permuting round 1 ... 
INFO  @ Fri, 22 Sep 2023 09:41:53: Thread 0 started. 
INFO  @ Fri, 22 Sep 2023 09:41:53: Thread 0: total 3516 instances. 
INFO  @ Fri, 22 Sep 2023 09:41:53: Thread 0: Calculating AATK (1) ...  
INFO  @ Fri, 22 Sep 2023 09:41:59: Thread 0: Calculating NFXL1 (1001) ...  
INFO  @ Fri, 22 Sep 2023 09:42:04: Thread 0: Calculating MLL1 (2001) ...  
INFO  @ Fri, 22 Sep 2023 09:42:10: Thread 0: Calculating RNF146 (3001) ...  
INFO  @ Fri, 22 Sep 2023 09:42:12: Thread 0 completed. 
INFO  @ Fri, 22 Sep 2023 09:42:12: All threads completed. 
INFO  @ Fri, 22 Sep 2023 09:42:14: Assigning p values... 
INFO  @ Fri, 22 Sep 2023 09:42:14: Permuting groups of gene with 24 sgRNAs per gene. Group progress: 24/41 
INFO  @ Fri, 22 Sep 2023 09:42:14: Start permuting 2 rounds ... 
INFO  @ Fri, 22 Sep 2023 09:42:14: Collecting 26156 sgRNAs from 3516 genes. 
INFO  @ Fri, 22 Sep 2023 09:42:14: Permuting round 0 ... 
INFO  @ Fri, 22 Sep 2023 09:42:14: Thread 0 started. 
INFO  @ Fri, 22 Sep 2023 09:42:14: Thread 0: total 3516 instances. 
INFO  @ Fri, 22 Sep 2023 09:42:14: Thread 0: Calculating AATK (1) ...  
INFO  @ Fri, 22 Sep 2023 09:42:20: Thread 0: Calculating NFXL1 (1001) ...  
INFO  @ Fri, 22 Sep 2023 09:42:25: Thread 0: Calculating MLL1 (2001) ...  
INFO  @ Fri, 22 Sep 2023 09:42:30: Thread 0: Calculating RNF146 (3001) ...  
INFO  @ Fri, 22 Sep 2023 09:42:33: Thread 0 completed. 
INFO  @ Fri, 22 Sep 2023 09:42:33: All threads completed. 
INFO  @ Fri, 22 Sep 2023 09:42:34: Permuting round 1 ... 
INFO  @ Fri, 22 Sep 2023 09:42:34: Thread 0 started. 
INFO  @ Fri, 22 Sep 2023 09:42:34: Thread 0: total 3516 instances. 
INFO  @ Fri, 22 Sep 2023 09:42:34: Thread 0: Calculating AATK (1) ...  
INFO  @ Fri, 22 Sep 2023 09:42:40: Thread 0: Calculating NFXL1 (1001) ...  
INFO  @ Fri, 22 Sep 2023 09:42:45: Thread 0: Calculating MLL1 (2001) ...  
INFO  @ Fri, 22 Sep 2023 09:42:51: Thread 0: Calculating RNF146 (3001) ...  
INFO  @ Fri, 22 Sep 2023 09:42:54: Thread 0 completed. 
INFO  @ Fri, 22 Sep 2023 09:42:54: All threads completed. 
INFO  @ Fri, 22 Sep 2023 09:42:55: Assigning p values... 
INFO  @ Fri, 22 Sep 2023 09:42:55: Permuting groups of gene with 25 sgRNAs per gene. Group progress: 25/41 
INFO  @ Fri, 22 Sep 2023 09:42:55: Start permuting 2 rounds ... 
INFO  @ Fri, 22 Sep 2023 09:42:55: Collecting 26156 sgRNAs from 3516 genes. 
INFO  @ Fri, 22 Sep 2023 09:42:55: Permuting round 0 ... 
INFO  @ Fri, 22 Sep 2023 09:42:56: Thread 0 started. 
INFO  @ Fri, 22 Sep 2023 09:42:56: Thread 0: total 3516 instances. 
INFO  @ Fri, 22 Sep 2023 09:42:56: Thread 0: Calculating AATK (1) ...  
INFO  @ Fri, 22 Sep 2023 09:43:01: Thread 0: Calculating NFXL1 (1001) ...  
INFO  @ Fri, 22 Sep 2023 09:43:06: Thread 0: Calculating MLL1 (2001) ...  
INFO  @ Fri, 22 Sep 2023 09:43:12: Thread 0: Calculating RNF146 (3001) ...  
INFO  @ Fri, 22 Sep 2023 09:43:14: Thread 0 completed. 
INFO  @ Fri, 22 Sep 2023 09:43:14: All threads completed. 
INFO  @ Fri, 22 Sep 2023 09:43:16: Permuting round 1 ... 
INFO  @ Fri, 22 Sep 2023 09:43:16: Thread 0 started. 
INFO  @ Fri, 22 Sep 2023 09:43:16: Thread 0: total 3516 instances. 
INFO  @ Fri, 22 Sep 2023 09:43:16: Thread 0: Calculating AATK (1) ...  
INFO  @ Fri, 22 Sep 2023 09:43:22: Thread 0: Calculating NFXL1 (1001) ...  
INFO  @ Fri, 22 Sep 2023 09:43:27: Thread 0: Calculating MLL1 (2001) ...  
INFO  @ Fri, 22 Sep 2023 09:43:33: Thread 0: Calculating RNF146 (3001) ...  
INFO  @ Fri, 22 Sep 2023 09:43:36: Thread 0 completed. 
INFO  @ Fri, 22 Sep 2023 09:43:36: All threads completed. 
INFO  @ Fri, 22 Sep 2023 09:43:37: Assigning p values... 
INFO  @ Fri, 22 Sep 2023 09:43:37: Permuting groups of gene with 27 sgRNAs per gene. Group progress: 26/41 
INFO  @ Fri, 22 Sep 2023 09:43:37: Start permuting 2 rounds ... 
INFO  @ Fri, 22 Sep 2023 09:43:37: Collecting 26156 sgRNAs from 3516 genes. 
INFO  @ Fri, 22 Sep 2023 09:43:37: Permuting round 0 ... 
INFO  @ Fri, 22 Sep 2023 09:43:38: Thread 0 started. 
INFO  @ Fri, 22 Sep 2023 09:43:38: Thread 0: total 3516 instances. 
INFO  @ Fri, 22 Sep 2023 09:43:38: Thread 0: Calculating AATK (1) ...  
INFO  @ Fri, 22 Sep 2023 09:43:43: Thread 0: Calculating NFXL1 (1001) ...  
INFO  @ Fri, 22 Sep 2023 09:43:49: Thread 0: Calculating MLL1 (2001) ...  
INFO  @ Fri, 22 Sep 2023 09:43:54: Thread 0: Calculating RNF146 (3001) ...  
INFO  @ Fri, 22 Sep 2023 09:43:57: Thread 0 completed. 
INFO  @ Fri, 22 Sep 2023 09:43:57: All threads completed. 
INFO  @ Fri, 22 Sep 2023 09:43:58: Permuting round 1 ... 
INFO  @ Fri, 22 Sep 2023 09:43:58: Thread 0 started. 
INFO  @ Fri, 22 Sep 2023 09:43:58: Thread 0: total 3516 instances. 
INFO  @ Fri, 22 Sep 2023 09:43:58: Thread 0: Calculating AATK (1) ...  
INFO  @ Fri, 22 Sep 2023 09:44:04: Thread 0: Calculating NFXL1 (1001) ...  
INFO  @ Fri, 22 Sep 2023 09:44:10: Thread 0: Calculating MLL1 (2001) ...  
INFO  @ Fri, 22 Sep 2023 09:44:16: Thread 0: Calculating RNF146 (3001) ...  
INFO  @ Fri, 22 Sep 2023 09:44:19: Thread 0 completed. 
INFO  @ Fri, 22 Sep 2023 09:44:19: All threads completed. 
INFO  @ Fri, 22 Sep 2023 09:44:20: Assigning p values... 
INFO  @ Fri, 22 Sep 2023 09:44:20: Permuting groups of gene with 28 sgRNAs per gene. Group progress: 27/41 
INFO  @ Fri, 22 Sep 2023 09:44:20: Start permuting 2 rounds ... 
INFO  @ Fri, 22 Sep 2023 09:44:20: Collecting 26156 sgRNAs from 3516 genes. 
INFO  @ Fri, 22 Sep 2023 09:44:20: Permuting round 0 ... 
INFO  @ Fri, 22 Sep 2023 09:44:21: Thread 0 started. 
INFO  @ Fri, 22 Sep 2023 09:44:21: Thread 0: total 3516 instances. 
INFO  @ Fri, 22 Sep 2023 09:44:21: Thread 0: Calculating AATK (1) ...  
INFO  @ Fri, 22 Sep 2023 09:44:26: Thread 0: Calculating NFXL1 (1001) ...  
INFO  @ Fri, 22 Sep 2023 09:44:32: Thread 0: Calculating MLL1 (2001) ...  
INFO  @ Fri, 22 Sep 2023 09:44:38: Thread 0: Calculating RNF146 (3001) ...  
INFO  @ Fri, 22 Sep 2023 09:44:40: Thread 0 completed. 
INFO  @ Fri, 22 Sep 2023 09:44:40: All threads completed. 
INFO  @ Fri, 22 Sep 2023 09:44:42: Permuting round 1 ... 
INFO  @ Fri, 22 Sep 2023 09:44:42: Thread 0 started. 
INFO  @ Fri, 22 Sep 2023 09:44:42: Thread 0: total 3516 instances. 
INFO  @ Fri, 22 Sep 2023 09:44:42: Thread 0: Calculating AATK (1) ...  
INFO  @ Fri, 22 Sep 2023 09:44:48: Thread 0: Calculating NFXL1 (1001) ...  
INFO  @ Fri, 22 Sep 2023 09:44:54: Thread 0: Calculating MLL1 (2001) ...  
INFO  @ Fri, 22 Sep 2023 09:45:00: Thread 0: Calculating RNF146 (3001) ...  
INFO  @ Fri, 22 Sep 2023 09:45:03: Thread 0 completed. 
INFO  @ Fri, 22 Sep 2023 09:45:03: All threads completed. 
INFO  @ Fri, 22 Sep 2023 09:45:04: Assigning p values... 
INFO  @ Fri, 22 Sep 2023 09:45:04: Permuting groups of gene with 29 sgRNAs per gene. Group progress: 28/41 
INFO  @ Fri, 22 Sep 2023 09:45:04: Start permuting 2 rounds ... 
INFO  @ Fri, 22 Sep 2023 09:45:04: Collecting 26156 sgRNAs from 3516 genes. 
INFO  @ Fri, 22 Sep 2023 09:45:05: Permuting round 0 ... 
INFO  @ Fri, 22 Sep 2023 09:45:05: Thread 0 started. 
INFO  @ Fri, 22 Sep 2023 09:45:05: Thread 0: total 3516 instances. 
INFO  @ Fri, 22 Sep 2023 09:45:05: Thread 0: Calculating AATK (1) ...  
INFO  @ Fri, 22 Sep 2023 09:45:11: Thread 0: Calculating NFXL1 (1001) ...  
INFO  @ Fri, 22 Sep 2023 09:45:17: Thread 0: Calculating MLL1 (2001) ...  
INFO  @ Fri, 22 Sep 2023 09:45:22: Thread 0: Calculating RNF146 (3001) ...  
INFO  @ Fri, 22 Sep 2023 09:45:25: Thread 0 completed. 
INFO  @ Fri, 22 Sep 2023 09:45:25: All threads completed. 
INFO  @ Fri, 22 Sep 2023 09:45:27: Permuting round 1 ... 
INFO  @ Fri, 22 Sep 2023 09:45:27: Thread 0 started. 
INFO  @ Fri, 22 Sep 2023 09:45:27: Thread 0: total 3516 instances. 
INFO  @ Fri, 22 Sep 2023 09:45:27: Thread 0: Calculating AATK (1) ...  
INFO  @ Fri, 22 Sep 2023 09:45:38: Thread 0: Calculating NFXL1 (1001) ...  
INFO  @ Fri, 22 Sep 2023 09:45:48: Thread 0: Calculating MLL1 (2001) ...  
INFO  @ Fri, 22 Sep 2023 09:46:06: Thread 0: Calculating RNF146 (3001) ...  
INFO  @ Fri, 22 Sep 2023 09:46:14: Thread 0 completed. 
INFO  @ Fri, 22 Sep 2023 09:46:14: All threads completed. 
INFO  @ Fri, 22 Sep 2023 09:46:16: Assigning p values... 
INFO  @ Fri, 22 Sep 2023 09:46:16: Permuting groups of gene with 30 sgRNAs per gene. Group progress: 29/41 
INFO  @ Fri, 22 Sep 2023 09:46:16: Start permuting 2 rounds ... 
INFO  @ Fri, 22 Sep 2023 09:46:16: Collecting 26156 sgRNAs from 3516 genes. 
INFO  @ Fri, 22 Sep 2023 09:46:17: Permuting round 0 ... 
INFO  @ Fri, 22 Sep 2023 09:46:18: Thread 0 started. 
INFO  @ Fri, 22 Sep 2023 09:46:18: Thread 0: total 3516 instances. 
INFO  @ Fri, 22 Sep 2023 09:46:18: Thread 0: Calculating AATK (1) ...  
INFO  @ Fri, 22 Sep 2023 09:46:35: Thread 0: Calculating NFXL1 (1001) ...  
INFO  @ Fri, 22 Sep 2023 09:46:55: Thread 0: Calculating MLL1 (2001) ...  
INFO  @ Fri, 22 Sep 2023 09:47:13: Thread 0: Calculating RNF146 (3001) ...  
INFO  @ Fri, 22 Sep 2023 09:47:21: Thread 0 completed. 
INFO  @ Fri, 22 Sep 2023 09:47:21: All threads completed. 
INFO  @ Fri, 22 Sep 2023 09:47:23: Permuting round 1 ... 
INFO  @ Fri, 22 Sep 2023 09:47:24: Thread 0 started. 
INFO  @ Fri, 22 Sep 2023 09:47:24: Thread 0: total 3516 instances. 
INFO  @ Fri, 22 Sep 2023 09:47:24: Thread 0: Calculating AATK (1) ...  
INFO  @ Fri, 22 Sep 2023 09:47:43: Thread 0: Calculating NFXL1 (1001) ...  
INFO  @ Fri, 22 Sep 2023 09:48:00: Thread 0: Calculating MLL1 (2001) ...  
INFO  @ Fri, 22 Sep 2023 09:48:21: Thread 0: Calculating RNF146 (3001) ...  
INFO  @ Fri, 22 Sep 2023 09:48:34: Thread 0 completed. 
INFO  @ Fri, 22 Sep 2023 09:48:34: All threads completed. 
INFO  @ Fri, 22 Sep 2023 09:48:36: Assigning p values... 
INFO  @ Fri, 22 Sep 2023 09:48:37: Permuting groups of gene with 31 sgRNAs per gene. Group progress: 30/41 
INFO  @ Fri, 22 Sep 2023 09:48:37: Start permuting 2 rounds ... 
INFO  @ Fri, 22 Sep 2023 09:48:37: Collecting 26156 sgRNAs from 3516 genes. 
INFO  @ Fri, 22 Sep 2023 09:48:38: Permuting round 0 ... 
INFO  @ Fri, 22 Sep 2023 09:48:39: Thread 0 started. 
INFO  @ Fri, 22 Sep 2023 09:48:39: Thread 0: total 3516 instances. 
INFO  @ Fri, 22 Sep 2023 09:48:39: Thread 0: Calculating AATK (1) ...  
INFO  @ Fri, 22 Sep 2023 09:49:15: Thread 0: Calculating NFXL1 (1001) ...  
INFO  @ Fri, 22 Sep 2023 09:49:51: Thread 0: Calculating MLL1 (2001) ...  
INFO  @ Fri, 22 Sep 2023 09:50:25: Thread 0: Calculating RNF146 (3001) ...  
INFO  @ Fri, 22 Sep 2023 09:50:44: Thread 0 completed. 
INFO  @ Fri, 22 Sep 2023 09:50:44: All threads completed. 
INFO  @ Fri, 22 Sep 2023 09:50:47: Permuting round 1 ... 
INFO  @ Fri, 22 Sep 2023 09:50:48: Thread 0 started. 
INFO  @ Fri, 22 Sep 2023 09:50:48: Thread 0: total 3516 instances. 
INFO  @ Fri, 22 Sep 2023 09:50:48: Thread 0: Calculating AATK (1) ...  
INFO  @ Fri, 22 Sep 2023 09:51:23: Thread 0: Calculating NFXL1 (1001) ...  
INFO  @ Fri, 22 Sep 2023 09:51:55: Thread 0: Calculating MLL1 (2001) ...  
INFO  @ Fri, 22 Sep 2023 09:52:28: Thread 0: Calculating RNF146 (3001) ...  
INFO  @ Fri, 22 Sep 2023 09:52:49: Thread 0 completed. 
INFO  @ Fri, 22 Sep 2023 09:52:49: All threads completed. 
INFO  @ Fri, 22 Sep 2023 09:52:51: Assigning p values... 
INFO  @ Fri, 22 Sep 2023 09:52:51: Permuting groups of gene with 32 sgRNAs per gene. Group progress: 31/41 
INFO  @ Fri, 22 Sep 2023 09:52:51: Start permuting 2 rounds ... 
INFO  @ Fri, 22 Sep 2023 09:52:52: Collecting 26156 sgRNAs from 3516 genes. 
INFO  @ Fri, 22 Sep 2023 09:52:53: Permuting round 0 ... 
INFO  @ Fri, 22 Sep 2023 09:52:54: Thread 0 started. 
INFO  @ Fri, 22 Sep 2023 09:52:54: Thread 0: total 3516 instances. 
INFO  @ Fri, 22 Sep 2023 09:52:54: Thread 0: Calculating AATK (1) ...  
INFO  @ Fri, 22 Sep 2023 09:53:32: Thread 0: Calculating NFXL1 (1001) ...  
INFO  @ Fri, 22 Sep 2023 09:54:11: Thread 0: Calculating MLL1 (2001) ...  
INFO  @ Fri, 22 Sep 2023 09:54:47: Thread 0: Calculating RNF146 (3001) ...  
INFO  @ Fri, 22 Sep 2023 09:55:05: Thread 0 completed. 
INFO  @ Fri, 22 Sep 2023 09:55:05: All threads completed. 
INFO  @ Fri, 22 Sep 2023 09:55:08: Permuting round 1 ... 
INFO  @ Fri, 22 Sep 2023 09:55:09: Thread 0 started. 
INFO  @ Fri, 22 Sep 2023 09:55:09: Thread 0: total 3516 instances. 
INFO  @ Fri, 22 Sep 2023 09:55:09: Thread 0: Calculating AATK (1) ...  
INFO  @ Fri, 22 Sep 2023 09:55:48: Thread 0: Calculating NFXL1 (1001) ...  
INFO  @ Fri, 22 Sep 2023 09:56:21: Thread 0: Calculating MLL1 (2001) ...  
INFO  @ Fri, 22 Sep 2023 09:57:00: Thread 0: Calculating RNF146 (3001) ...  
INFO  @ Fri, 22 Sep 2023 09:57:27: Thread 0 completed. 
INFO  @ Fri, 22 Sep 2023 09:57:27: All threads completed. 
INFO  @ Fri, 22 Sep 2023 09:57:30: Assigning p values... 
INFO  @ Fri, 22 Sep 2023 09:57:30: Permuting groups of gene with 33 sgRNAs per gene. Group progress: 32/41 
INFO  @ Fri, 22 Sep 2023 09:57:30: Start permuting 2 rounds ... 
INFO  @ Fri, 22 Sep 2023 09:57:31: Collecting 26156 sgRNAs from 3516 genes. 
INFO  @ Fri, 22 Sep 2023 09:57:32: Permuting round 0 ... 
INFO  @ Fri, 22 Sep 2023 09:57:33: Thread 0 started. 
INFO  @ Fri, 22 Sep 2023 09:57:33: Thread 0: total 3516 instances. 
INFO  @ Fri, 22 Sep 2023 09:57:33: Thread 0: Calculating AATK (1) ...  
INFO  @ Fri, 22 Sep 2023 09:58:20: Thread 0: Calculating NFXL1 (1001) ...  
INFO  @ Fri, 22 Sep 2023 09:59:05: Thread 0: Calculating MLL1 (2001) ...  
INFO  @ Fri, 22 Sep 2023 09:59:50: Thread 0: Calculating RNF146 (3001) ...  
INFO  @ Fri, 22 Sep 2023 10:00:14: Thread 0 completed. 
INFO  @ Fri, 22 Sep 2023 10:00:14: All threads completed. 
INFO  @ Fri, 22 Sep 2023 10:00:18: Permuting round 1 ... 
INFO  @ Fri, 22 Sep 2023 10:00:19: Thread 0 started. 
INFO  @ Fri, 22 Sep 2023 10:00:19: Thread 0: total 3516 instances. 
INFO  @ Fri, 22 Sep 2023 10:00:19: Thread 0: Calculating AATK (1) ...  
INFO  @ Fri, 22 Sep 2023 10:01:05: Thread 0: Calculating NFXL1 (1001) ...  
INFO  @ Fri, 22 Sep 2023 10:01:51: Thread 0: Calculating MLL1 (2001) ...  
INFO  @ Fri, 22 Sep 2023 10:02:36: Thread 0: Calculating RNF146 (3001) ...  
INFO  @ Fri, 22 Sep 2023 10:03:03: Thread 0 completed. 
INFO  @ Fri, 22 Sep 2023 10:03:03: All threads completed. 
INFO  @ Fri, 22 Sep 2023 10:03:09: Assigning p values... 
INFO  @ Fri, 22 Sep 2023 10:03:09: Permuting groups of gene with 34 sgRNAs per gene. Group progress: 33/41 
INFO  @ Fri, 22 Sep 2023 10:03:09: Start permuting 2 rounds ... 
INFO  @ Fri, 22 Sep 2023 10:03:10: Collecting 26156 sgRNAs from 3516 genes. 
INFO  @ Fri, 22 Sep 2023 10:03:11: Permuting round 0 ... 
INFO  @ Fri, 22 Sep 2023 10:03:13: Thread 0 started. 
INFO  @ Fri, 22 Sep 2023 10:03:13: Thread 0: total 3516 instances. 
INFO  @ Fri, 22 Sep 2023 10:03:13: Thread 0: Calculating AATK (1) ...  
INFO  @ Fri, 22 Sep 2023 10:04:12: Thread 0: Calculating NFXL1 (1001) ...  
INFO  @ Fri, 22 Sep 2023 10:05:08: Thread 0: Calculating MLL1 (2001) ...  
INFO  @ Fri, 22 Sep 2023 10:06:10: Thread 0: Calculating RNF146 (3001) ...  
INFO  @ Fri, 22 Sep 2023 10:06:41: Thread 0 completed. 
INFO  @ Fri, 22 Sep 2023 10:06:41: All threads completed. 
INFO  @ Fri, 22 Sep 2023 10:06:47: Permuting round 1 ... 
INFO  @ Fri, 22 Sep 2023 10:06:48: Thread 0 started. 
INFO  @ Fri, 22 Sep 2023 10:06:48: Thread 0: total 3516 instances. 
INFO  @ Fri, 22 Sep 2023 10:06:48: Thread 0: Calculating AATK (1) ...  
INFO  @ Fri, 22 Sep 2023 10:07:47: Thread 0: Calculating NFXL1 (1001) ...  
INFO  @ Fri, 22 Sep 2023 10:08:38: Thread 0: Calculating MLL1 (2001) ...  
INFO  @ Fri, 22 Sep 2023 10:09:26: Thread 0: Calculating RNF146 (3001) ...  
INFO  @ Fri, 22 Sep 2023 10:09:53: Thread 0 completed. 
INFO  @ Fri, 22 Sep 2023 10:09:53: All threads completed. 
INFO  @ Fri, 22 Sep 2023 10:09:57: Assigning p values... 
INFO  @ Fri, 22 Sep 2023 10:09:57: Permuting groups of gene with 37 sgRNAs per gene. Group progress: 34/41 
INFO  @ Fri, 22 Sep 2023 10:09:57: Start permuting 2 rounds ... 
INFO  @ Fri, 22 Sep 2023 10:09:58: Collecting 26156 sgRNAs from 3516 genes. 
INFO  @ Fri, 22 Sep 2023 10:09:59: Permuting round 0 ... 
INFO  @ Fri, 22 Sep 2023 10:10:01: Thread 0 started. 
INFO  @ Fri, 22 Sep 2023 10:10:01: Thread 0: total 3516 instances. 
INFO  @ Fri, 22 Sep 2023 10:10:01: Thread 0: Calculating AATK (1) ...  
INFO  @ Fri, 22 Sep 2023 10:10:54: Thread 0: Calculating NFXL1 (1001) ...  
INFO  @ Fri, 22 Sep 2023 10:11:34: Thread 0: Calculating MLL1 (2001) ...  
INFO  @ Fri, 22 Sep 2023 10:12:12: Thread 0: Calculating RNF146 (3001) ...  
INFO  @ Fri, 22 Sep 2023 10:12:32: Thread 0 completed. 
INFO  @ Fri, 22 Sep 2023 10:12:32: All threads completed. 
INFO  @ Fri, 22 Sep 2023 10:12:35: Permuting round 1 ... 
INFO  @ Fri, 22 Sep 2023 10:12:36: Thread 0 started. 
INFO  @ Fri, 22 Sep 2023 10:12:36: Thread 0: total 3516 instances. 
INFO  @ Fri, 22 Sep 2023 10:12:36: Thread 0: Calculating AATK (1) ...  
INFO  @ Fri, 22 Sep 2023 10:13:14: Thread 0: Calculating NFXL1 (1001) ...  
INFO  @ Fri, 22 Sep 2023 10:13:42: Thread 0: Calculating MLL1 (2001) ...  
INFO  @ Fri, 22 Sep 2023 10:14:08: Thread 0: Calculating RNF146 (3001) ...  
INFO  @ Fri, 22 Sep 2023 10:14:20: Thread 0 completed. 
INFO  @ Fri, 22 Sep 2023 10:14:20: All threads completed. 
INFO  @ Fri, 22 Sep 2023 10:14:21: Assigning p values... 
INFO  @ Fri, 22 Sep 2023 10:14:22: Groups of gene with 42 sgRNAs per gene: assigning p values based on previous group results. Group progress: 35/41 
INFO  @ Fri, 22 Sep 2023 10:14:22: Groups of gene with 46 sgRNAs per gene: assigning p values based on previous group results. Group progress: 36/41 
INFO  @ Fri, 22 Sep 2023 10:14:22: Groups of gene with 47 sgRNAs per gene: assigning p values based on previous group results. Group progress: 37/41 
INFO  @ Fri, 22 Sep 2023 10:14:22: Groups of gene with 48 sgRNAs per gene: assigning p values based on previous group results. Group progress: 38/41 
INFO  @ Fri, 22 Sep 2023 10:14:22: Groups of gene with 49 sgRNAs per gene: assigning p values based on previous group results. Group progress: 39/41 
INFO  @ Fri, 22 Sep 2023 10:14:22: Groups of gene with 56 sgRNAs per gene: assigning p values based on previous group results. Group progress: 40/41 
INFO  @ Fri, 22 Sep 2023 10:14:22: Groups of gene with 67 sgRNAs per gene: assigning p values based on previous group results. Group progress: 41/41 
INFO  @ Fri, 22 Sep 2023 10:14:22: Writing gene results to mle_count-Snu1C13.gene_summary.txt 
INFO  @ Fri, 22 Sep 2023 10:14:22: Writing sgRNA results to mle_count-Snu1C13.sgrna_summary.txt 
