INFO  @ Mon, 22 May 2023 12:48:15: Parameters: /home/ryan/miniconda3/envs/mageck/bin/mageck mle -k count-A2780-Ts2-i.f.csv -d matrixTs2.txt -n mle_count-A2780-Ts2 
INFO  @ Mon, 22 May 2023 12:48:15: Cannot parse design matrix as a string; try to parse it as a file name ... 
INFO  @ Mon, 22 May 2023 12:48:15: Design matrix: 
INFO  @ Mon, 22 May 2023 12:48:15: [[1. 0.] 
INFO  @ Mon, 22 May 2023 12:48:15:  [1. 1.]] 
INFO  @ Mon, 22 May 2023 12:48:15: Beta labels:baseline,Ts2 
INFO  @ Mon, 22 May 2023 12:48:15: Included samples:A2780_Ts2_D0,A2780_Ts2_D10 
INFO  @ Mon, 22 May 2023 12:48:15: Treating count-A2780-Ts2-i.f.csv as csv file ... 
INFO  @ Mon, 22 May 2023 12:48:15: Loaded samples:A2780_Ts2_D0;A2780_Ts2_D10 
INFO  @ Mon, 22 May 2023 12:48:15: Sample index: 0;1 
INFO  @ Mon, 22 May 2023 12:48:15: Loaded 3516 genes. 
DEBUG @ Mon, 22 May 2023 12:48:15: Initial (total) size factor: 0.9557141775219631 1.0485894719348539 
DEBUG @ Mon, 22 May 2023 12:48:15: Median factor: 0.3005011486179821 3.4053846497093945 
INFO  @ Mon, 22 May 2023 12:48:15: Final size factor: 0.3005011486179821 3.4053846497093945 
INFO  @ Mon, 22 May 2023 12:48:15: size factor: 3.3277743016925014,0.2936525834417375 
INFO  @ Mon, 22 May 2023 12:48:15: Thread 0 started. 
INFO  @ Mon, 22 May 2023 12:48:15: Thread 0: total 1 instances. 
INFO  @ Mon, 22 May 2023 12:48:15: Thread 0 completed. 
INFO  @ Mon, 22 May 2023 12:48:15: All threads completed. 
INFO  @ Mon, 22 May 2023 12:48:15: Modeling the mean and variance ... 
INFO  @ Mon, 22 May 2023 12:48:15: Run the algorithm for the second time ... 
INFO  @ Mon, 22 May 2023 12:48:15: Skipping gene NKX2 from MLE calculation since there are too many sgRNAs. To change, revise the --max-sgrnapergene-permutation option. 
INFO  @ Mon, 22 May 2023 12:48:15: Skipping gene PBRM1 from MLE calculation since there are too many sgRNAs. To change, revise the --max-sgrnapergene-permutation option. 
INFO  @ Mon, 22 May 2023 12:48:15: Skipping gene KDM2A from MLE calculation since there are too many sgRNAs. To change, revise the --max-sgrnapergene-permutation option. 
INFO  @ Mon, 22 May 2023 12:48:15: Skipping gene KDM2B from MLE calculation since there are too many sgRNAs. To change, revise the --max-sgrnapergene-permutation option. 
INFO  @ Mon, 22 May 2023 12:48:15: Skipping gene KMT2A from MLE calculation since there are too many sgRNAs. To change, revise the --max-sgrnapergene-permutation option. 
INFO  @ Mon, 22 May 2023 12:48:15: Skipping gene KMT2B from MLE calculation since there are too many sgRNAs. To change, revise the --max-sgrnapergene-permutation option. 
INFO  @ Mon, 22 May 2023 12:48:15: Skipping gene KMT2C from MLE calculation since there are too many sgRNAs. To change, revise the --max-sgrnapergene-permutation option. 
INFO  @ Mon, 22 May 2023 12:48:15: Skipping gene KMT2D from MLE calculation since there are too many sgRNAs. To change, revise the --max-sgrnapergene-permutation option. 
INFO  @ Mon, 22 May 2023 12:48:15: Skipping gene NSD1 from MLE calculation since there are too many sgRNAs. To change, revise the --max-sgrnapergene-permutation option. 
INFO  @ Mon, 22 May 2023 12:48:15: Skipping gene RNF17 from MLE calculation since there are too many sgRNAs. To change, revise the --max-sgrnapergene-permutation option. 
INFO  @ Mon, 22 May 2023 12:48:15: Skipping gene TDRD6 from MLE calculation since there are too many sgRNAs. To change, revise the --max-sgrnapergene-permutation option. 
INFO  @ Mon, 22 May 2023 12:48:15: Thread 0 started. 
INFO  @ Mon, 22 May 2023 12:48:15: Thread 0: total 3505 instances. 
INFO  @ Mon, 22 May 2023 12:48:15: Thread 0: Calculating AATK (1) ...  
INFO  @ Mon, 22 May 2023 12:48:51: Thread 0: Calculating NFXL1 (1001) ...  
INFO  @ Mon, 22 May 2023 12:49:34: Thread 0: Calculating NO66 (2001) ...  
INFO  @ Mon, 22 May 2023 12:50:15: Thread 0: Calculating RNF170 (3001) ...  
INFO  @ Mon, 22 May 2023 12:50:39: Thread 0 completed. 
INFO  @ Mon, 22 May 2023 12:50:39: All threads completed. 
INFO  @ Mon, 22 May 2023 12:50:40: Permuting groups of gene with 1 sgRNAs per gene. Group progress: 1/41 
INFO  @ Mon, 22 May 2023 12:50:40: Start permuting 2 rounds ... 
INFO  @ Mon, 22 May 2023 12:50:40: Collecting 26156 sgRNAs from 3516 genes. 
INFO  @ Mon, 22 May 2023 12:50:40: Permuting round 0 ... 
INFO  @ Mon, 22 May 2023 12:50:40: Thread 0 started. 
INFO  @ Mon, 22 May 2023 12:50:40: Thread 0: total 3516 instances. 
INFO  @ Mon, 22 May 2023 12:50:40: Thread 0: Calculating AATK (1) ...  
INFO  @ Mon, 22 May 2023 12:50:42: Thread 0: Calculating NFXL1 (1001) ...  
INFO  @ Mon, 22 May 2023 12:50:43: Thread 0: Calculating MLL1 (2001) ...  
INFO  @ Mon, 22 May 2023 12:50:45: Thread 0: Calculating RNF146 (3001) ...  
INFO  @ Mon, 22 May 2023 12:50:46: Thread 0 completed. 
INFO  @ Mon, 22 May 2023 12:50:46: All threads completed. 
INFO  @ Mon, 22 May 2023 12:50:47: Permuting round 1 ... 
INFO  @ Mon, 22 May 2023 12:50:47: Thread 0 started. 
INFO  @ Mon, 22 May 2023 12:50:47: Thread 0: total 3516 instances. 
INFO  @ Mon, 22 May 2023 12:50:47: Thread 0: Calculating AATK (1) ...  
INFO  @ Mon, 22 May 2023 12:50:49: Thread 0: Calculating NFXL1 (1001) ...  
INFO  @ Mon, 22 May 2023 12:50:50: Thread 0: Calculating MLL1 (2001) ...  
INFO  @ Mon, 22 May 2023 12:50:52: Thread 0: Calculating RNF146 (3001) ...  
INFO  @ Mon, 22 May 2023 12:50:53: Thread 0 completed. 
INFO  @ Mon, 22 May 2023 12:50:53: All threads completed. 
INFO  @ Mon, 22 May 2023 12:50:53: Assigning p values... 
INFO  @ Mon, 22 May 2023 12:50:53: Permuting groups of gene with 2 sgRNAs per gene. Group progress: 2/41 
INFO  @ Mon, 22 May 2023 12:50:53: Start permuting 2 rounds ... 
INFO  @ Mon, 22 May 2023 12:50:54: Collecting 26156 sgRNAs from 3516 genes. 
INFO  @ Mon, 22 May 2023 12:50:54: Permuting round 0 ... 
INFO  @ Mon, 22 May 2023 12:50:54: Thread 0 started. 
INFO  @ Mon, 22 May 2023 12:50:54: Thread 0: total 3516 instances. 
INFO  @ Mon, 22 May 2023 12:50:54: Thread 0: Calculating AATK (1) ...  
INFO  @ Mon, 22 May 2023 12:51:05: Thread 0: Calculating NFXL1 (1001) ...  
INFO  @ Mon, 22 May 2023 12:51:22: Thread 0: Calculating MLL1 (2001) ...  
INFO  @ Mon, 22 May 2023 12:51:38: Thread 0: Calculating RNF146 (3001) ...  
INFO  @ Mon, 22 May 2023 12:51:47: Thread 0 completed. 
INFO  @ Mon, 22 May 2023 12:51:47: All threads completed. 
INFO  @ Mon, 22 May 2023 12:51:47: Permuting round 1 ... 
INFO  @ Mon, 22 May 2023 12:51:47: Thread 0 started. 
INFO  @ Mon, 22 May 2023 12:51:47: Thread 0: total 3516 instances. 
INFO  @ Mon, 22 May 2023 12:51:47: Thread 0: Calculating AATK (1) ...  
INFO  @ Mon, 22 May 2023 12:52:03: Thread 0: Calculating NFXL1 (1001) ...  
INFO  @ Mon, 22 May 2023 12:52:17: Thread 0: Calculating MLL1 (2001) ...  
INFO  @ Mon, 22 May 2023 12:52:25: Thread 0: Calculating RNF146 (3001) ...  
INFO  @ Mon, 22 May 2023 12:52:31: Thread 0 completed. 
INFO  @ Mon, 22 May 2023 12:52:31: All threads completed. 
INFO  @ Mon, 22 May 2023 12:52:32: Assigning p values... 
INFO  @ Mon, 22 May 2023 12:52:32: Permuting groups of gene with 3 sgRNAs per gene. Group progress: 3/41 
INFO  @ Mon, 22 May 2023 12:52:32: Start permuting 2 rounds ... 
INFO  @ Mon, 22 May 2023 12:52:32: Collecting 26156 sgRNAs from 3516 genes. 
INFO  @ Mon, 22 May 2023 12:52:32: Permuting round 0 ... 
INFO  @ Mon, 22 May 2023 12:52:32: Thread 0 started. 
INFO  @ Mon, 22 May 2023 12:52:32: Thread 0: total 3516 instances. 
INFO  @ Mon, 22 May 2023 12:52:32: Thread 0: Calculating AATK (1) ...  
INFO  @ Mon, 22 May 2023 12:52:58: Thread 0: Calculating NFXL1 (1001) ...  
INFO  @ Mon, 22 May 2023 12:53:22: Thread 0: Calculating MLL1 (2001) ...  
INFO  @ Mon, 22 May 2023 12:53:46: Thread 0: Calculating RNF146 (3001) ...  
INFO  @ Mon, 22 May 2023 12:53:54: Thread 0 completed. 
INFO  @ Mon, 22 May 2023 12:53:54: All threads completed. 
INFO  @ Mon, 22 May 2023 12:53:55: Permuting round 1 ... 
INFO  @ Mon, 22 May 2023 12:53:55: Thread 0 started. 
INFO  @ Mon, 22 May 2023 12:53:55: Thread 0: total 3516 instances. 
INFO  @ Mon, 22 May 2023 12:53:55: Thread 0: Calculating AATK (1) ...  
INFO  @ Mon, 22 May 2023 12:54:15: Thread 0: Calculating NFXL1 (1001) ...  
INFO  @ Mon, 22 May 2023 12:54:44: Thread 0: Calculating MLL1 (2001) ...  
INFO  @ Mon, 22 May 2023 12:55:08: Thread 0: Calculating RNF146 (3001) ...  
INFO  @ Mon, 22 May 2023 12:55:21: Thread 0 completed. 
INFO  @ Mon, 22 May 2023 12:55:21: All threads completed. 
INFO  @ Mon, 22 May 2023 12:55:22: Assigning p values... 
INFO  @ Mon, 22 May 2023 12:55:22: Permuting groups of gene with 4 sgRNAs per gene. Group progress: 4/41 
INFO  @ Mon, 22 May 2023 12:55:22: Start permuting 2 rounds ... 
INFO  @ Mon, 22 May 2023 12:55:22: Collecting 26156 sgRNAs from 3516 genes. 
INFO  @ Mon, 22 May 2023 12:55:22: Permuting round 0 ... 
INFO  @ Mon, 22 May 2023 12:55:22: Thread 0 started. 
INFO  @ Mon, 22 May 2023 12:55:22: Thread 0: total 3516 instances. 
INFO  @ Mon, 22 May 2023 12:55:22: Thread 0: Calculating AATK (1) ...  
INFO  @ Mon, 22 May 2023 12:55:56: Thread 0: Calculating NFXL1 (1001) ...  
INFO  @ Mon, 22 May 2023 12:56:34: Thread 0: Calculating MLL1 (2001) ...  
INFO  @ Mon, 22 May 2023 12:57:01: Thread 0: Calculating RNF146 (3001) ...  
INFO  @ Mon, 22 May 2023 12:57:23: Thread 0 completed. 
INFO  @ Mon, 22 May 2023 12:57:23: All threads completed. 
INFO  @ Mon, 22 May 2023 12:57:24: Permuting round 1 ... 
INFO  @ Mon, 22 May 2023 12:57:24: Thread 0 started. 
INFO  @ Mon, 22 May 2023 12:57:24: Thread 0: total 3516 instances. 
INFO  @ Mon, 22 May 2023 12:57:24: Thread 0: Calculating AATK (1) ...  
INFO  @ Mon, 22 May 2023 12:58:02: Thread 0: Calculating NFXL1 (1001) ...  
INFO  @ Mon, 22 May 2023 12:58:32: Thread 0: Calculating MLL1 (2001) ...  
INFO  @ Mon, 22 May 2023 12:59:04: Thread 0: Calculating RNF146 (3001) ...  
INFO  @ Mon, 22 May 2023 12:59:20: Thread 0 completed. 
INFO  @ Mon, 22 May 2023 12:59:20: All threads completed. 
INFO  @ Mon, 22 May 2023 12:59:21: Assigning p values... 
INFO  @ Mon, 22 May 2023 12:59:21: Permuting groups of gene with 5 sgRNAs per gene. Group progress: 5/41 
INFO  @ Mon, 22 May 2023 12:59:21: Start permuting 2 rounds ... 
INFO  @ Mon, 22 May 2023 12:59:21: Collecting 26156 sgRNAs from 3516 genes. 
INFO  @ Mon, 22 May 2023 12:59:21: Permuting round 0 ... 
INFO  @ Mon, 22 May 2023 12:59:21: Thread 0 started. 
INFO  @ Mon, 22 May 2023 12:59:21: Thread 0: total 3516 instances. 
INFO  @ Mon, 22 May 2023 12:59:21: Thread 0: Calculating AATK (1) ...  
INFO  @ Mon, 22 May 2023 12:59:56: Thread 0: Calculating NFXL1 (1001) ...  
INFO  @ Mon, 22 May 2023 13:00:24: Thread 0: Calculating MLL1 (2001) ...  
INFO  @ Mon, 22 May 2023 13:01:09: Thread 0: Calculating RNF146 (3001) ...  
INFO  @ Mon, 22 May 2023 13:01:31: Thread 0 completed. 
INFO  @ Mon, 22 May 2023 13:01:31: All threads completed. 
INFO  @ Mon, 22 May 2023 13:01:32: Permuting round 1 ... 
INFO  @ Mon, 22 May 2023 13:01:32: Thread 0 started. 
INFO  @ Mon, 22 May 2023 13:01:32: Thread 0: total 3516 instances. 
INFO  @ Mon, 22 May 2023 13:01:32: Thread 0: Calculating AATK (1) ...  
INFO  @ Mon, 22 May 2023 13:02:12: Thread 0: Calculating NFXL1 (1001) ...  
INFO  @ Mon, 22 May 2023 13:02:53: Thread 0: Calculating MLL1 (2001) ...  
INFO  @ Mon, 22 May 2023 13:03:33: Thread 0: Calculating RNF146 (3001) ...  
INFO  @ Mon, 22 May 2023 13:03:55: Thread 0 completed. 
INFO  @ Mon, 22 May 2023 13:03:55: All threads completed. 
INFO  @ Mon, 22 May 2023 13:03:56: Assigning p values... 
INFO  @ Mon, 22 May 2023 13:03:56: Permuting groups of gene with 6 sgRNAs per gene. Group progress: 6/41 
INFO  @ Mon, 22 May 2023 13:03:56: Start permuting 2 rounds ... 
INFO  @ Mon, 22 May 2023 13:03:56: Collecting 26156 sgRNAs from 3516 genes. 
INFO  @ Mon, 22 May 2023 13:03:56: Permuting round 0 ... 
INFO  @ Mon, 22 May 2023 13:03:57: Thread 0 started. 
INFO  @ Mon, 22 May 2023 13:03:57: Thread 0: total 3516 instances. 
INFO  @ Mon, 22 May 2023 13:03:57: Thread 0: Calculating AATK (1) ...  
INFO  @ Mon, 22 May 2023 13:04:34: Thread 0: Calculating NFXL1 (1001) ...  
INFO  @ Mon, 22 May 2023 13:05:20: Thread 0: Calculating MLL1 (2001) ...  
INFO  @ Mon, 22 May 2023 13:06:07: Thread 0: Calculating RNF146 (3001) ...  
INFO  @ Mon, 22 May 2023 13:06:26: Thread 0 completed. 
INFO  @ Mon, 22 May 2023 13:06:26: All threads completed. 
INFO  @ Mon, 22 May 2023 13:06:27: Permuting round 1 ... 
INFO  @ Mon, 22 May 2023 13:06:27: Thread 0 started. 
INFO  @ Mon, 22 May 2023 13:06:27: Thread 0: total 3516 instances. 
INFO  @ Mon, 22 May 2023 13:06:27: Thread 0: Calculating AATK (1) ...  
INFO  @ Mon, 22 May 2023 13:07:02: Thread 0: Calculating NFXL1 (1001) ...  
INFO  @ Mon, 22 May 2023 13:07:40: Thread 0: Calculating MLL1 (2001) ...  
INFO  @ Mon, 22 May 2023 13:08:23: Thread 0: Calculating RNF146 (3001) ...  
INFO  @ Mon, 22 May 2023 13:08:44: Thread 0 completed. 
INFO  @ Mon, 22 May 2023 13:08:44: All threads completed. 
INFO  @ Mon, 22 May 2023 13:08:45: Assigning p values... 
INFO  @ Mon, 22 May 2023 13:08:45: Permuting groups of gene with 7 sgRNAs per gene. Group progress: 7/41 
INFO  @ Mon, 22 May 2023 13:08:45: Start permuting 2 rounds ... 
INFO  @ Mon, 22 May 2023 13:08:45: Collecting 26156 sgRNAs from 3516 genes. 
INFO  @ Mon, 22 May 2023 13:08:46: Permuting round 0 ... 
INFO  @ Mon, 22 May 2023 13:08:46: Thread 0 started. 
INFO  @ Mon, 22 May 2023 13:08:46: Thread 0: total 3516 instances. 
INFO  @ Mon, 22 May 2023 13:08:46: Thread 0: Calculating AATK (1) ...  
INFO  @ Mon, 22 May 2023 13:09:40: Thread 0: Calculating NFXL1 (1001) ...  
INFO  @ Mon, 22 May 2023 13:10:19: Thread 0: Calculating MLL1 (2001) ...  
INFO  @ Mon, 22 May 2023 13:11:12: Thread 0: Calculating RNF146 (3001) ...  
INFO  @ Mon, 22 May 2023 13:11:39: Thread 0 completed. 
INFO  @ Mon, 22 May 2023 13:11:39: All threads completed. 
INFO  @ Mon, 22 May 2023 13:11:40: Permuting round 1 ... 
INFO  @ Mon, 22 May 2023 13:11:40: Thread 0 started. 
INFO  @ Mon, 22 May 2023 13:11:40: Thread 0: total 3516 instances. 
INFO  @ Mon, 22 May 2023 13:11:40: Thread 0: Calculating AATK (1) ...  
INFO  @ Mon, 22 May 2023 13:12:25: Thread 0: Calculating NFXL1 (1001) ...  
INFO  @ Mon, 22 May 2023 13:14:02: Thread 0: Calculating MLL1 (2001) ...  
INFO  @ Mon, 22 May 2023 13:15:24: Thread 0: Calculating RNF146 (3001) ...  
INFO  @ Mon, 22 May 2023 13:16:08: Thread 0 completed. 
INFO  @ Mon, 22 May 2023 13:16:08: All threads completed. 
INFO  @ Mon, 22 May 2023 13:16:09: Assigning p values... 
INFO  @ Mon, 22 May 2023 13:16:09: Permuting groups of gene with 8 sgRNAs per gene. Group progress: 8/41 
INFO  @ Mon, 22 May 2023 13:16:09: Start permuting 2 rounds ... 
INFO  @ Mon, 22 May 2023 13:16:10: Collecting 26156 sgRNAs from 3516 genes. 
INFO  @ Mon, 22 May 2023 13:16:10: Permuting round 0 ... 
INFO  @ Mon, 22 May 2023 13:16:10: Thread 0 started. 
INFO  @ Mon, 22 May 2023 13:16:10: Thread 0: total 3516 instances. 
INFO  @ Mon, 22 May 2023 13:16:10: Thread 0: Calculating AATK (1) ...  
INFO  @ Mon, 22 May 2023 13:18:05: Thread 0: Calculating NFXL1 (1001) ...  
INFO  @ Mon, 22 May 2023 13:19:34: Thread 0: Calculating MLL1 (2001) ...  
INFO  @ Mon, 22 May 2023 13:21:04: Thread 0: Calculating RNF146 (3001) ...  
INFO  @ Mon, 22 May 2023 13:21:40: Thread 0 completed. 
INFO  @ Mon, 22 May 2023 13:21:40: All threads completed. 
INFO  @ Mon, 22 May 2023 13:21:41: Permuting round 1 ... 
INFO  @ Mon, 22 May 2023 13:21:41: Thread 0 started. 
INFO  @ Mon, 22 May 2023 13:21:41: Thread 0: total 3516 instances. 
INFO  @ Mon, 22 May 2023 13:21:41: Thread 0: Calculating AATK (1) ...  
INFO  @ Mon, 22 May 2023 13:23:08: Thread 0: Calculating NFXL1 (1001) ...  
INFO  @ Mon, 22 May 2023 13:24:37: Thread 0: Calculating MLL1 (2001) ...  
INFO  @ Mon, 22 May 2023 13:25:26: Thread 0: Calculating RNF146 (3001) ...  
INFO  @ Mon, 22 May 2023 13:25:50: Thread 0 completed. 
INFO  @ Mon, 22 May 2023 13:25:50: All threads completed. 
INFO  @ Mon, 22 May 2023 13:25:51: Assigning p values... 
INFO  @ Mon, 22 May 2023 13:25:51: Permuting groups of gene with 9 sgRNAs per gene. Group progress: 9/41 
INFO  @ Mon, 22 May 2023 13:25:51: Start permuting 2 rounds ... 
INFO  @ Mon, 22 May 2023 13:25:51: Collecting 26156 sgRNAs from 3516 genes. 
INFO  @ Mon, 22 May 2023 13:25:52: Permuting round 0 ... 
INFO  @ Mon, 22 May 2023 13:25:52: Thread 0 started. 
INFO  @ Mon, 22 May 2023 13:25:52: Thread 0: total 3516 instances. 
INFO  @ Mon, 22 May 2023 13:25:52: Thread 0: Calculating AATK (1) ...  
INFO  @ Mon, 22 May 2023 13:26:42: Thread 0: Calculating NFXL1 (1001) ...  
INFO  @ Mon, 22 May 2023 13:27:46: Thread 0: Calculating MLL1 (2001) ...  
INFO  @ Mon, 22 May 2023 13:28:46: Thread 0: Calculating RNF146 (3001) ...  
INFO  @ Mon, 22 May 2023 13:29:15: Thread 0 completed. 
INFO  @ Mon, 22 May 2023 13:29:15: All threads completed. 
INFO  @ Mon, 22 May 2023 13:29:16: Permuting round 1 ... 
INFO  @ Mon, 22 May 2023 13:29:16: Thread 0 started. 
INFO  @ Mon, 22 May 2023 13:29:16: Thread 0: total 3516 instances. 
INFO  @ Mon, 22 May 2023 13:29:16: Thread 0: Calculating AATK (1) ...  
INFO  @ Mon, 22 May 2023 13:30:26: Thread 0: Calculating NFXL1 (1001) ...  
INFO  @ Mon, 22 May 2023 13:31:14: Thread 0: Calculating MLL1 (2001) ...  
INFO  @ Mon, 22 May 2023 13:32:07: Thread 0: Calculating RNF146 (3001) ...  
INFO  @ Mon, 22 May 2023 13:32:37: Thread 0 completed. 
INFO  @ Mon, 22 May 2023 13:32:37: All threads completed. 
INFO  @ Mon, 22 May 2023 13:32:38: Assigning p values... 
INFO  @ Mon, 22 May 2023 13:32:38: Permuting groups of gene with 10 sgRNAs per gene. Group progress: 10/41 
INFO  @ Mon, 22 May 2023 13:32:38: Start permuting 2 rounds ... 
INFO  @ Mon, 22 May 2023 13:32:38: Collecting 26156 sgRNAs from 3516 genes. 
INFO  @ Mon, 22 May 2023 13:32:38: Permuting round 0 ... 
INFO  @ Mon, 22 May 2023 13:32:38: Thread 0 started. 
INFO  @ Mon, 22 May 2023 13:32:38: Thread 0: total 3516 instances. 
INFO  @ Mon, 22 May 2023 13:32:38: Thread 0: Calculating AATK (1) ...  
INFO  @ Mon, 22 May 2023 13:33:35: Thread 0: Calculating NFXL1 (1001) ...  
INFO  @ Mon, 22 May 2023 13:34:41: Thread 0: Calculating MLL1 (2001) ...  
INFO  @ Mon, 22 May 2023 13:35:44: Thread 0: Calculating RNF146 (3001) ...  
INFO  @ Mon, 22 May 2023 13:36:10: Thread 0 completed. 
INFO  @ Mon, 22 May 2023 13:36:10: All threads completed. 
INFO  @ Mon, 22 May 2023 13:36:11: Permuting round 1 ... 
INFO  @ Mon, 22 May 2023 13:36:11: Thread 0 started. 
INFO  @ Mon, 22 May 2023 13:36:11: Thread 0: total 3516 instances. 
INFO  @ Mon, 22 May 2023 13:36:11: Thread 0: Calculating AATK (1) ...  
INFO  @ Mon, 22 May 2023 13:37:15: Thread 0: Calculating NFXL1 (1001) ...  
INFO  @ Mon, 22 May 2023 13:38:15: Thread 0: Calculating MLL1 (2001) ...  
INFO  @ Mon, 22 May 2023 13:39:14: Thread 0: Calculating RNF146 (3001) ...  
INFO  @ Mon, 22 May 2023 13:39:48: Thread 0 completed. 
INFO  @ Mon, 22 May 2023 13:39:48: All threads completed. 
INFO  @ Mon, 22 May 2023 13:39:49: Assigning p values... 
INFO  @ Mon, 22 May 2023 13:39:49: Permuting groups of gene with 11 sgRNAs per gene. Group progress: 11/41 
INFO  @ Mon, 22 May 2023 13:39:49: Start permuting 2 rounds ... 
INFO  @ Mon, 22 May 2023 13:39:49: Collecting 26156 sgRNAs from 3516 genes. 
INFO  @ Mon, 22 May 2023 13:39:49: Permuting round 0 ... 
INFO  @ Mon, 22 May 2023 13:39:50: Thread 0 started. 
INFO  @ Mon, 22 May 2023 13:39:50: Thread 0: total 3516 instances. 
INFO  @ Mon, 22 May 2023 13:39:50: Thread 0: Calculating AATK (1) ...  
INFO  @ Mon, 22 May 2023 13:40:49: Thread 0: Calculating NFXL1 (1001) ...  
INFO  @ Mon, 22 May 2023 13:41:51: Thread 0: Calculating MLL1 (2001) ...  
INFO  @ Mon, 22 May 2023 13:42:53: Thread 0: Calculating RNF146 (3001) ...  
INFO  @ Mon, 22 May 2023 13:43:20: Thread 0 completed. 
INFO  @ Mon, 22 May 2023 13:43:20: All threads completed. 
INFO  @ Mon, 22 May 2023 13:43:21: Permuting round 1 ... 
INFO  @ Mon, 22 May 2023 13:43:21: Thread 0 started. 
INFO  @ Mon, 22 May 2023 13:43:21: Thread 0: total 3516 instances. 
INFO  @ Mon, 22 May 2023 13:43:21: Thread 0: Calculating AATK (1) ...  
INFO  @ Mon, 22 May 2023 13:44:20: Thread 0: Calculating NFXL1 (1001) ...  
INFO  @ Mon, 22 May 2023 13:45:23: Thread 0: Calculating MLL1 (2001) ...  
INFO  @ Mon, 22 May 2023 13:46:49: Thread 0: Calculating RNF146 (3001) ...  
INFO  @ Mon, 22 May 2023 13:47:24: Thread 0 completed. 
INFO  @ Mon, 22 May 2023 13:47:24: All threads completed. 
INFO  @ Mon, 22 May 2023 13:47:24: Assigning p values... 
INFO  @ Mon, 22 May 2023 13:47:25: Permuting groups of gene with 12 sgRNAs per gene. Group progress: 12/41 
INFO  @ Mon, 22 May 2023 13:47:25: Start permuting 2 rounds ... 
INFO  @ Mon, 22 May 2023 13:47:25: Collecting 26156 sgRNAs from 3516 genes. 
INFO  @ Mon, 22 May 2023 13:47:25: Permuting round 0 ... 
INFO  @ Mon, 22 May 2023 13:47:25: Thread 0 started. 
INFO  @ Mon, 22 May 2023 13:47:25: Thread 0: total 3516 instances. 
INFO  @ Mon, 22 May 2023 13:47:25: Thread 0: Calculating AATK (1) ...  
INFO  @ Mon, 22 May 2023 13:48:44: Thread 0: Calculating NFXL1 (1001) ...  
INFO  @ Mon, 22 May 2023 13:49:49: Thread 0: Calculating MLL1 (2001) ...  
INFO  @ Mon, 22 May 2023 13:50:48: Thread 0: Calculating RNF146 (3001) ...  
INFO  @ Mon, 22 May 2023 13:51:27: Thread 0 completed. 
INFO  @ Mon, 22 May 2023 13:51:27: All threads completed. 
INFO  @ Mon, 22 May 2023 13:51:28: Permuting round 1 ... 
INFO  @ Mon, 22 May 2023 13:51:28: Thread 0 started. 
INFO  @ Mon, 22 May 2023 13:51:28: Thread 0: total 3516 instances. 
INFO  @ Mon, 22 May 2023 13:51:28: Thread 0: Calculating AATK (1) ...  
INFO  @ Mon, 22 May 2023 13:52:56: Thread 0: Calculating NFXL1 (1001) ...  
INFO  @ Mon, 22 May 2023 13:54:47: Thread 0: Calculating MLL1 (2001) ...  
INFO  @ Mon, 22 May 2023 13:56:32: Thread 0: Calculating RNF146 (3001) ...  
INFO  @ Mon, 22 May 2023 13:57:20: Thread 0 completed. 
INFO  @ Mon, 22 May 2023 13:57:20: All threads completed. 
INFO  @ Mon, 22 May 2023 13:57:20: Assigning p values... 
INFO  @ Mon, 22 May 2023 13:57:21: Permuting groups of gene with 13 sgRNAs per gene. Group progress: 13/41 
INFO  @ Mon, 22 May 2023 13:57:21: Start permuting 2 rounds ... 
INFO  @ Mon, 22 May 2023 13:57:21: Collecting 26156 sgRNAs from 3516 genes. 
INFO  @ Mon, 22 May 2023 13:57:21: Permuting round 0 ... 
INFO  @ Mon, 22 May 2023 13:57:21: Thread 0 started. 
INFO  @ Mon, 22 May 2023 13:57:21: Thread 0: total 3516 instances. 
INFO  @ Mon, 22 May 2023 13:57:21: Thread 0: Calculating AATK (1) ...  
INFO  @ Mon, 22 May 2023 13:59:20: Thread 0: Calculating NFXL1 (1001) ...  
INFO  @ Mon, 22 May 2023 14:01:13: Thread 0: Calculating MLL1 (2001) ...  
INFO  @ Mon, 22 May 2023 14:02:53: Thread 0: Calculating RNF146 (3001) ...  
INFO  @ Mon, 22 May 2023 14:03:51: Thread 0 completed. 
INFO  @ Mon, 22 May 2023 14:03:51: All threads completed. 
INFO  @ Mon, 22 May 2023 14:03:52: Permuting round 1 ... 
INFO  @ Mon, 22 May 2023 14:03:52: Thread 0 started. 
INFO  @ Mon, 22 May 2023 14:03:52: Thread 0: total 3516 instances. 
INFO  @ Mon, 22 May 2023 14:03:52: Thread 0: Calculating AATK (1) ...  
INFO  @ Mon, 22 May 2023 14:05:37: Thread 0: Calculating NFXL1 (1001) ...  
INFO  @ Mon, 22 May 2023 14:07:33: Thread 0: Calculating MLL1 (2001) ...  
INFO  @ Mon, 22 May 2023 14:09:18: Thread 0: Calculating RNF146 (3001) ...  
INFO  @ Mon, 22 May 2023 14:10:15: Thread 0 completed. 
INFO  @ Mon, 22 May 2023 14:10:15: All threads completed. 
INFO  @ Mon, 22 May 2023 14:10:16: Assigning p values... 
INFO  @ Mon, 22 May 2023 14:10:16: Permuting groups of gene with 14 sgRNAs per gene. Group progress: 14/41 
INFO  @ Mon, 22 May 2023 14:10:16: Start permuting 2 rounds ... 
INFO  @ Mon, 22 May 2023 14:10:17: Collecting 26156 sgRNAs from 3516 genes. 
INFO  @ Mon, 22 May 2023 14:10:17: Permuting round 0 ... 
INFO  @ Mon, 22 May 2023 14:10:17: Thread 0 started. 
INFO  @ Mon, 22 May 2023 14:10:17: Thread 0: total 3516 instances. 
INFO  @ Mon, 22 May 2023 14:10:17: Thread 0: Calculating AATK (1) ...  
INFO  @ Mon, 22 May 2023 14:11:33: Thread 0: Calculating NFXL1 (1001) ...  
INFO  @ Mon, 22 May 2023 14:12:55: Thread 0: Calculating MLL1 (2001) ...  
INFO  @ Mon, 22 May 2023 14:14:07: Thread 0: Calculating RNF146 (3001) ...  
INFO  @ Mon, 22 May 2023 14:14:46: Thread 0 completed. 
INFO  @ Mon, 22 May 2023 14:14:46: All threads completed. 
INFO  @ Mon, 22 May 2023 14:14:47: Permuting round 1 ... 
INFO  @ Mon, 22 May 2023 14:14:47: Thread 0 started. 
INFO  @ Mon, 22 May 2023 14:14:47: Thread 0: total 3516 instances. 
INFO  @ Mon, 22 May 2023 14:14:47: Thread 0: Calculating AATK (1) ...  
INFO  @ Mon, 22 May 2023 14:16:11: Thread 0: Calculating NFXL1 (1001) ...  
INFO  @ Mon, 22 May 2023 14:17:21: Thread 0: Calculating MLL1 (2001) ...  
INFO  @ Mon, 22 May 2023 14:18:34: Thread 0: Calculating RNF146 (3001) ...  
INFO  @ Mon, 22 May 2023 14:19:14: Thread 0 completed. 
INFO  @ Mon, 22 May 2023 14:19:14: All threads completed. 
INFO  @ Mon, 22 May 2023 14:19:15: Assigning p values... 
INFO  @ Mon, 22 May 2023 14:19:15: Permuting groups of gene with 15 sgRNAs per gene. Group progress: 15/41 
INFO  @ Mon, 22 May 2023 14:19:15: Start permuting 2 rounds ... 
INFO  @ Mon, 22 May 2023 14:19:15: Collecting 26156 sgRNAs from 3516 genes. 
INFO  @ Mon, 22 May 2023 14:19:15: Permuting round 0 ... 
INFO  @ Mon, 22 May 2023 14:19:15: Thread 0 started. 
INFO  @ Mon, 22 May 2023 14:19:15: Thread 0: total 3516 instances. 
INFO  @ Mon, 22 May 2023 14:19:15: Thread 0: Calculating AATK (1) ...  
INFO  @ Mon, 22 May 2023 14:20:24: Thread 0: Calculating NFXL1 (1001) ...  
INFO  @ Mon, 22 May 2023 14:21:40: Thread 0: Calculating MLL1 (2001) ...  
INFO  @ Mon, 22 May 2023 14:22:54: Thread 0: Calculating RNF146 (3001) ...  
INFO  @ Mon, 22 May 2023 14:23:28: Thread 0 completed. 
INFO  @ Mon, 22 May 2023 14:23:28: All threads completed. 
INFO  @ Mon, 22 May 2023 14:23:29: Permuting round 1 ... 
INFO  @ Mon, 22 May 2023 14:23:29: Thread 0 started. 
INFO  @ Mon, 22 May 2023 14:23:29: Thread 0: total 3516 instances. 
INFO  @ Mon, 22 May 2023 14:23:29: Thread 0: Calculating AATK (1) ...  
INFO  @ Mon, 22 May 2023 14:24:48: Thread 0: Calculating NFXL1 (1001) ...  
INFO  @ Mon, 22 May 2023 14:26:11: Thread 0: Calculating MLL1 (2001) ...  
INFO  @ Mon, 22 May 2023 14:27:15: Thread 0: Calculating RNF146 (3001) ...  
INFO  @ Mon, 22 May 2023 14:27:55: Thread 0 completed. 
INFO  @ Mon, 22 May 2023 14:27:55: All threads completed. 
INFO  @ Mon, 22 May 2023 14:27:56: Assigning p values... 
INFO  @ Mon, 22 May 2023 14:27:56: Permuting groups of gene with 16 sgRNAs per gene. Group progress: 16/41 
INFO  @ Mon, 22 May 2023 14:27:56: Start permuting 2 rounds ... 
INFO  @ Mon, 22 May 2023 14:27:56: Collecting 26156 sgRNAs from 3516 genes. 
INFO  @ Mon, 22 May 2023 14:27:56: Permuting round 0 ... 
INFO  @ Mon, 22 May 2023 14:27:56: Thread 0 started. 
INFO  @ Mon, 22 May 2023 14:27:56: Thread 0: total 3516 instances. 
INFO  @ Mon, 22 May 2023 14:27:56: Thread 0: Calculating AATK (1) ...  
INFO  @ Mon, 22 May 2023 14:29:08: Thread 0: Calculating NFXL1 (1001) ...  
INFO  @ Mon, 22 May 2023 14:30:22: Thread 0: Calculating MLL1 (2001) ...  
INFO  @ Mon, 22 May 2023 14:31:49: Thread 0: Calculating RNF146 (3001) ...  
INFO  @ Mon, 22 May 2023 14:32:24: Thread 0 completed. 
INFO  @ Mon, 22 May 2023 14:32:24: All threads completed. 
INFO  @ Mon, 22 May 2023 14:32:25: Permuting round 1 ... 
INFO  @ Mon, 22 May 2023 14:32:25: Thread 0 started. 
INFO  @ Mon, 22 May 2023 14:32:25: Thread 0: total 3516 instances. 
INFO  @ Mon, 22 May 2023 14:32:25: Thread 0: Calculating AATK (1) ...  
INFO  @ Mon, 22 May 2023 14:33:42: Thread 0: Calculating NFXL1 (1001) ...  
INFO  @ Mon, 22 May 2023 14:35:02: Thread 0: Calculating MLL1 (2001) ...  
INFO  @ Mon, 22 May 2023 14:36:21: Thread 0: Calculating RNF146 (3001) ...  
INFO  @ Mon, 22 May 2023 14:37:02: Thread 0 completed. 
INFO  @ Mon, 22 May 2023 14:37:02: All threads completed. 
INFO  @ Mon, 22 May 2023 14:37:02: Assigning p values... 
INFO  @ Mon, 22 May 2023 14:37:03: Permuting groups of gene with 17 sgRNAs per gene. Group progress: 17/41 
INFO  @ Mon, 22 May 2023 14:37:03: Start permuting 2 rounds ... 
INFO  @ Mon, 22 May 2023 14:37:03: Collecting 26156 sgRNAs from 3516 genes. 
INFO  @ Mon, 22 May 2023 14:37:03: Permuting round 0 ... 
INFO  @ Mon, 22 May 2023 14:37:03: Thread 0 started. 
INFO  @ Mon, 22 May 2023 14:37:03: Thread 0: total 3516 instances. 
INFO  @ Mon, 22 May 2023 14:37:03: Thread 0: Calculating AATK (1) ...  
INFO  @ Mon, 22 May 2023 14:38:22: Thread 0: Calculating NFXL1 (1001) ...  
INFO  @ Mon, 22 May 2023 14:39:39: Thread 0: Calculating MLL1 (2001) ...  
INFO  @ Mon, 22 May 2023 14:40:57: Thread 0: Calculating RNF146 (3001) ...  
INFO  @ Mon, 22 May 2023 14:41:41: Thread 0 completed. 
INFO  @ Mon, 22 May 2023 14:41:41: All threads completed. 
INFO  @ Mon, 22 May 2023 14:41:41: Permuting round 1 ... 
INFO  @ Mon, 22 May 2023 14:41:41: Thread 0 started. 
INFO  @ Mon, 22 May 2023 14:41:41: Thread 0: total 3516 instances. 
INFO  @ Mon, 22 May 2023 14:41:42: Thread 0: Calculating AATK (1) ...  
INFO  @ Mon, 22 May 2023 14:43:01: Thread 0: Calculating NFXL1 (1001) ...  
INFO  @ Mon, 22 May 2023 14:44:25: Thread 0: Calculating MLL1 (2001) ...  
INFO  @ Mon, 22 May 2023 14:45:45: Thread 0: Calculating RNF146 (3001) ...  
INFO  @ Mon, 22 May 2023 14:46:25: Thread 0 completed. 
INFO  @ Mon, 22 May 2023 14:46:25: All threads completed. 
INFO  @ Mon, 22 May 2023 14:46:26: Assigning p values... 
INFO  @ Mon, 22 May 2023 14:46:26: Permuting groups of gene with 18 sgRNAs per gene. Group progress: 18/41 
INFO  @ Mon, 22 May 2023 14:46:26: Start permuting 2 rounds ... 
INFO  @ Mon, 22 May 2023 14:46:26: Collecting 26156 sgRNAs from 3516 genes. 
INFO  @ Mon, 22 May 2023 14:46:26: Permuting round 0 ... 
INFO  @ Mon, 22 May 2023 14:46:26: Thread 0 started. 
INFO  @ Mon, 22 May 2023 14:46:26: Thread 0: total 3516 instances. 
INFO  @ Mon, 22 May 2023 14:46:26: Thread 0: Calculating AATK (1) ...  
INFO  @ Mon, 22 May 2023 14:47:58: Thread 0: Calculating NFXL1 (1001) ...  
INFO  @ Mon, 22 May 2023 14:49:21: Thread 0: Calculating MLL1 (2001) ...  
INFO  @ Mon, 22 May 2023 14:50:48: Thread 0: Calculating RNF146 (3001) ...  
INFO  @ Mon, 22 May 2023 14:51:35: Thread 0 completed. 
INFO  @ Mon, 22 May 2023 14:51:35: All threads completed. 
INFO  @ Mon, 22 May 2023 14:51:36: Permuting round 1 ... 
INFO  @ Mon, 22 May 2023 14:51:36: Thread 0 started. 
INFO  @ Mon, 22 May 2023 14:51:36: Thread 0: total 3516 instances. 
INFO  @ Mon, 22 May 2023 14:51:36: Thread 0: Calculating AATK (1) ...  
INFO  @ Mon, 22 May 2023 14:53:07: Thread 0: Calculating NFXL1 (1001) ...  
INFO  @ Mon, 22 May 2023 14:54:26: Thread 0: Calculating MLL1 (2001) ...  
INFO  @ Mon, 22 May 2023 14:55:54: Thread 0: Calculating RNF146 (3001) ...  
INFO  @ Mon, 22 May 2023 14:56:31: Thread 0 completed. 
INFO  @ Mon, 22 May 2023 14:56:31: All threads completed. 
INFO  @ Mon, 22 May 2023 14:56:31: Assigning p values... 
INFO  @ Mon, 22 May 2023 14:56:32: Permuting groups of gene with 19 sgRNAs per gene. Group progress: 19/41 
INFO  @ Mon, 22 May 2023 14:56:32: Start permuting 2 rounds ... 
INFO  @ Mon, 22 May 2023 14:56:32: Collecting 26156 sgRNAs from 3516 genes. 
INFO  @ Mon, 22 May 2023 14:56:32: Permuting round 0 ... 
INFO  @ Mon, 22 May 2023 14:56:32: Thread 0 started. 
INFO  @ Mon, 22 May 2023 14:56:32: Thread 0: total 3516 instances. 
INFO  @ Mon, 22 May 2023 14:56:32: Thread 0: Calculating AATK (1) ...  
INFO  @ Mon, 22 May 2023 14:57:51: Thread 0: Calculating NFXL1 (1001) ...  
INFO  @ Mon, 22 May 2023 14:59:19: Thread 0: Calculating MLL1 (2001) ...  
INFO  @ Mon, 22 May 2023 15:00:45: Thread 0: Calculating RNF146 (3001) ...  
INFO  @ Mon, 22 May 2023 15:01:31: Thread 0 completed. 
INFO  @ Mon, 22 May 2023 15:01:31: All threads completed. 
INFO  @ Mon, 22 May 2023 15:01:32: Permuting round 1 ... 
INFO  @ Mon, 22 May 2023 15:01:32: Thread 0 started. 
INFO  @ Mon, 22 May 2023 15:01:32: Thread 0: total 3516 instances. 
INFO  @ Mon, 22 May 2023 15:01:32: Thread 0: Calculating AATK (1) ...  
INFO  @ Mon, 22 May 2023 15:03:02: Thread 0: Calculating NFXL1 (1001) ...  
INFO  @ Mon, 22 May 2023 15:04:23: Thread 0: Calculating MLL1 (2001) ...  
INFO  @ Mon, 22 May 2023 15:05:44: Thread 0: Calculating RNF146 (3001) ...  
INFO  @ Mon, 22 May 2023 15:06:25: Thread 0 completed. 
INFO  @ Mon, 22 May 2023 15:06:25: All threads completed. 
INFO  @ Mon, 22 May 2023 15:06:26: Assigning p values... 
INFO  @ Mon, 22 May 2023 15:06:26: Permuting groups of gene with 20 sgRNAs per gene. Group progress: 20/41 
INFO  @ Mon, 22 May 2023 15:06:26: Start permuting 2 rounds ... 
INFO  @ Mon, 22 May 2023 15:06:26: Collecting 26156 sgRNAs from 3516 genes. 
INFO  @ Mon, 22 May 2023 15:06:26: Permuting round 0 ... 
INFO  @ Mon, 22 May 2023 15:06:27: Thread 0 started. 
INFO  @ Mon, 22 May 2023 15:06:27: Thread 0: total 3516 instances. 
INFO  @ Mon, 22 May 2023 15:06:27: Thread 0: Calculating AATK (1) ...  
INFO  @ Mon, 22 May 2023 15:07:48: Thread 0: Calculating NFXL1 (1001) ...  
INFO  @ Mon, 22 May 2023 15:09:31: Thread 0: Calculating MLL1 (2001) ...  
INFO  @ Mon, 22 May 2023 15:10:47: Thread 0: Calculating RNF146 (3001) ...  
INFO  @ Mon, 22 May 2023 15:11:36: Thread 0 completed. 
INFO  @ Mon, 22 May 2023 15:11:36: All threads completed. 
INFO  @ Mon, 22 May 2023 15:11:36: Permuting round 1 ... 
INFO  @ Mon, 22 May 2023 15:11:37: Thread 0 started. 
INFO  @ Mon, 22 May 2023 15:11:37: Thread 0: total 3516 instances. 
INFO  @ Mon, 22 May 2023 15:11:37: Thread 0: Calculating AATK (1) ...  
INFO  @ Mon, 22 May 2023 15:13:06: Thread 0: Calculating NFXL1 (1001) ...  
INFO  @ Mon, 22 May 2023 15:14:26: Thread 0: Calculating MLL1 (2001) ...  
INFO  @ Mon, 22 May 2023 15:16:04: Thread 0: Calculating RNF146 (3001) ...  
INFO  @ Mon, 22 May 2023 15:16:51: Thread 0 completed. 
INFO  @ Mon, 22 May 2023 15:16:51: All threads completed. 
INFO  @ Mon, 22 May 2023 15:16:52: Assigning p values... 
INFO  @ Mon, 22 May 2023 15:16:52: Permuting groups of gene with 21 sgRNAs per gene. Group progress: 21/41 
INFO  @ Mon, 22 May 2023 15:16:52: Start permuting 2 rounds ... 
INFO  @ Mon, 22 May 2023 15:16:52: Collecting 26156 sgRNAs from 3516 genes. 
INFO  @ Mon, 22 May 2023 15:16:53: Permuting round 0 ... 
INFO  @ Mon, 22 May 2023 15:16:53: Thread 0 started. 
INFO  @ Mon, 22 May 2023 15:16:53: Thread 0: total 3516 instances. 
INFO  @ Mon, 22 May 2023 15:16:53: Thread 0: Calculating AATK (1) ...  
INFO  @ Mon, 22 May 2023 15:18:27: Thread 0: Calculating NFXL1 (1001) ...  
INFO  @ Mon, 22 May 2023 15:19:59: Thread 0: Calculating MLL1 (2001) ...  
INFO  @ Mon, 22 May 2023 15:21:19: Thread 0: Calculating RNF146 (3001) ...  
INFO  @ Mon, 22 May 2023 15:22:07: Thread 0 completed. 
INFO  @ Mon, 22 May 2023 15:22:07: All threads completed. 
INFO  @ Mon, 22 May 2023 15:22:08: Permuting round 1 ... 
INFO  @ Mon, 22 May 2023 15:22:08: Thread 0 started. 
INFO  @ Mon, 22 May 2023 15:22:08: Thread 0: total 3516 instances. 
INFO  @ Mon, 22 May 2023 15:22:08: Thread 0: Calculating AATK (1) ...  
INFO  @ Mon, 22 May 2023 15:23:41: Thread 0: Calculating NFXL1 (1001) ...  
INFO  @ Mon, 22 May 2023 15:25:12: Thread 0: Calculating MLL1 (2001) ...  
INFO  @ Mon, 22 May 2023 15:26:43: Thread 0: Calculating RNF146 (3001) ...  
INFO  @ Mon, 22 May 2023 15:27:27: Thread 0 completed. 
INFO  @ Mon, 22 May 2023 15:27:27: All threads completed. 
INFO  @ Mon, 22 May 2023 15:27:28: Assigning p values... 
INFO  @ Mon, 22 May 2023 15:27:28: Permuting groups of gene with 22 sgRNAs per gene. Group progress: 22/41 
INFO  @ Mon, 22 May 2023 15:27:28: Start permuting 2 rounds ... 
INFO  @ Mon, 22 May 2023 15:27:28: Collecting 26156 sgRNAs from 3516 genes. 
INFO  @ Mon, 22 May 2023 15:27:28: Permuting round 0 ... 
INFO  @ Mon, 22 May 2023 15:27:28: Thread 0 started. 
INFO  @ Mon, 22 May 2023 15:27:28: Thread 0: total 3516 instances. 
INFO  @ Mon, 22 May 2023 15:27:28: Thread 0: Calculating AATK (1) ...  
INFO  @ Mon, 22 May 2023 15:28:53: Thread 0: Calculating NFXL1 (1001) ...  
INFO  @ Mon, 22 May 2023 15:30:24: Thread 0: Calculating MLL1 (2001) ...  
INFO  @ Mon, 22 May 2023 15:32:10: Thread 0: Calculating RNF146 (3001) ...  
INFO  @ Mon, 22 May 2023 15:32:52: Thread 0 completed. 
INFO  @ Mon, 22 May 2023 15:32:52: All threads completed. 
INFO  @ Mon, 22 May 2023 15:32:53: Permuting round 1 ... 
INFO  @ Mon, 22 May 2023 15:32:53: Thread 0 started. 
INFO  @ Mon, 22 May 2023 15:32:53: Thread 0: total 3516 instances. 
INFO  @ Mon, 22 May 2023 15:32:53: Thread 0: Calculating AATK (1) ...  
INFO  @ Mon, 22 May 2023 15:34:28: Thread 0: Calculating NFXL1 (1001) ...  
INFO  @ Mon, 22 May 2023 15:35:59: Thread 0: Calculating MLL1 (2001) ...  
INFO  @ Mon, 22 May 2023 15:37:35: Thread 0: Calculating RNF146 (3001) ...  
INFO  @ Mon, 22 May 2023 15:38:20: Thread 0 completed. 
INFO  @ Mon, 22 May 2023 15:38:20: All threads completed. 
INFO  @ Mon, 22 May 2023 15:38:21: Assigning p values... 
INFO  @ Mon, 22 May 2023 15:38:21: Permuting groups of gene with 23 sgRNAs per gene. Group progress: 23/41 
INFO  @ Mon, 22 May 2023 15:38:21: Start permuting 2 rounds ... 
INFO  @ Mon, 22 May 2023 15:38:21: Collecting 26156 sgRNAs from 3516 genes. 
INFO  @ Mon, 22 May 2023 15:38:22: Permuting round 0 ... 
INFO  @ Mon, 22 May 2023 15:38:22: Thread 0 started. 
INFO  @ Mon, 22 May 2023 15:38:22: Thread 0: total 3516 instances. 
INFO  @ Mon, 22 May 2023 15:38:22: Thread 0: Calculating AATK (1) ...  
INFO  @ Mon, 22 May 2023 15:39:59: Thread 0: Calculating NFXL1 (1001) ...  
INFO  @ Mon, 22 May 2023 15:41:22: Thread 0: Calculating MLL1 (2001) ...  
INFO  @ Mon, 22 May 2023 15:42:49: Thread 0: Calculating RNF146 (3001) ...  
INFO  @ Mon, 22 May 2023 15:43:42: Thread 0 completed. 
INFO  @ Mon, 22 May 2023 15:43:42: All threads completed. 
INFO  @ Mon, 22 May 2023 15:43:43: Permuting round 1 ... 
INFO  @ Mon, 22 May 2023 15:43:43: Thread 0 started. 
INFO  @ Mon, 22 May 2023 15:43:43: Thread 0: total 3516 instances. 
INFO  @ Mon, 22 May 2023 15:43:43: Thread 0: Calculating AATK (1) ...  
INFO  @ Mon, 22 May 2023 15:45:15: Thread 0: Calculating NFXL1 (1001) ...  
INFO  @ Mon, 22 May 2023 15:46:47: Thread 0: Calculating MLL1 (2001) ...  
INFO  @ Mon, 22 May 2023 15:48:26: Thread 0: Calculating RNF146 (3001) ...  
INFO  @ Mon, 22 May 2023 15:49:09: Thread 0 completed. 
INFO  @ Mon, 22 May 2023 15:49:09: All threads completed. 
INFO  @ Mon, 22 May 2023 15:49:10: Assigning p values... 
INFO  @ Mon, 22 May 2023 15:49:10: Permuting groups of gene with 24 sgRNAs per gene. Group progress: 24/41 
INFO  @ Mon, 22 May 2023 15:49:10: Start permuting 2 rounds ... 
INFO  @ Mon, 22 May 2023 15:49:10: Collecting 26156 sgRNAs from 3516 genes. 
INFO  @ Mon, 22 May 2023 15:49:10: Permuting round 0 ... 
INFO  @ Mon, 22 May 2023 15:49:10: Thread 0 started. 
INFO  @ Mon, 22 May 2023 15:49:10: Thread 0: total 3516 instances. 
INFO  @ Mon, 22 May 2023 15:49:10: Thread 0: Calculating AATK (1) ...  
INFO  @ Mon, 22 May 2023 15:50:44: Thread 0: Calculating NFXL1 (1001) ...  
INFO  @ Mon, 22 May 2023 15:52:21: Thread 0: Calculating MLL1 (2001) ...  
INFO  @ Mon, 22 May 2023 15:54:13: Thread 0: Calculating RNF146 (3001) ...  
INFO  @ Mon, 22 May 2023 15:54:58: Thread 0 completed. 
INFO  @ Mon, 22 May 2023 15:54:58: All threads completed. 
INFO  @ Mon, 22 May 2023 15:54:58: Permuting round 1 ... 
INFO  @ Mon, 22 May 2023 15:54:59: Thread 0 started. 
INFO  @ Mon, 22 May 2023 15:54:59: Thread 0: total 3516 instances. 
INFO  @ Mon, 22 May 2023 15:54:59: Thread 0: Calculating AATK (1) ...  
INFO  @ Mon, 22 May 2023 15:56:39: Thread 0: Calculating NFXL1 (1001) ...  
INFO  @ Mon, 22 May 2023 15:58:12: Thread 0: Calculating MLL1 (2001) ...  
INFO  @ Mon, 22 May 2023 16:00:02: Thread 0: Calculating RNF146 (3001) ...  
INFO  @ Mon, 22 May 2023 16:00:52: Thread 0 completed. 
INFO  @ Mon, 22 May 2023 16:00:52: All threads completed. 
INFO  @ Mon, 22 May 2023 16:00:53: Assigning p values... 
INFO  @ Mon, 22 May 2023 16:00:53: Permuting groups of gene with 25 sgRNAs per gene. Group progress: 25/41 
INFO  @ Mon, 22 May 2023 16:00:53: Start permuting 2 rounds ... 
INFO  @ Mon, 22 May 2023 16:00:53: Collecting 26156 sgRNAs from 3516 genes. 
INFO  @ Mon, 22 May 2023 16:00:53: Permuting round 0 ... 
INFO  @ Mon, 22 May 2023 16:00:53: Thread 0 started. 
INFO  @ Mon, 22 May 2023 16:00:53: Thread 0: total 3516 instances. 
INFO  @ Mon, 22 May 2023 16:00:53: Thread 0: Calculating AATK (1) ...  
INFO  @ Mon, 22 May 2023 16:02:31: Thread 0: Calculating NFXL1 (1001) ...  
INFO  @ Mon, 22 May 2023 16:04:20: Thread 0: Calculating MLL1 (2001) ...  
INFO  @ Mon, 22 May 2023 16:05:59: Thread 0: Calculating RNF146 (3001) ...  
INFO  @ Mon, 22 May 2023 16:06:56: Thread 0 completed. 
INFO  @ Mon, 22 May 2023 16:06:56: All threads completed. 
INFO  @ Mon, 22 May 2023 16:06:57: Permuting round 1 ... 
INFO  @ Mon, 22 May 2023 16:06:57: Thread 0 started. 
INFO  @ Mon, 22 May 2023 16:06:57: Thread 0: total 3516 instances. 
INFO  @ Mon, 22 May 2023 16:06:57: Thread 0: Calculating AATK (1) ...  
INFO  @ Mon, 22 May 2023 16:08:40: Thread 0: Calculating NFXL1 (1001) ...  
INFO  @ Mon, 22 May 2023 16:10:25: Thread 0: Calculating MLL1 (2001) ...  
INFO  @ Mon, 22 May 2023 16:12:03: Thread 0: Calculating RNF146 (3001) ...  
INFO  @ Mon, 22 May 2023 16:12:51: Thread 0 completed. 
INFO  @ Mon, 22 May 2023 16:12:51: All threads completed. 
INFO  @ Mon, 22 May 2023 16:12:52: Assigning p values... 
INFO  @ Mon, 22 May 2023 16:12:52: Permuting groups of gene with 27 sgRNAs per gene. Group progress: 26/41 
INFO  @ Mon, 22 May 2023 16:12:52: Start permuting 2 rounds ... 
INFO  @ Mon, 22 May 2023 16:12:52: Collecting 26156 sgRNAs from 3516 genes. 
INFO  @ Mon, 22 May 2023 16:12:52: Permuting round 0 ... 
INFO  @ Mon, 22 May 2023 16:12:52: Thread 0 started. 
INFO  @ Mon, 22 May 2023 16:12:52: Thread 0: total 3516 instances. 
INFO  @ Mon, 22 May 2023 16:12:52: Thread 0: Calculating AATK (1) ...  
INFO  @ Mon, 22 May 2023 16:14:46: Thread 0: Calculating NFXL1 (1001) ...  
INFO  @ Mon, 22 May 2023 16:16:35: Thread 0: Calculating MLL1 (2001) ...  
INFO  @ Mon, 22 May 2023 16:18:17: Thread 0: Calculating RNF146 (3001) ...  
INFO  @ Mon, 22 May 2023 16:19:14: Thread 0 completed. 
INFO  @ Mon, 22 May 2023 16:19:14: All threads completed. 
INFO  @ Mon, 22 May 2023 16:19:15: Permuting round 1 ... 
INFO  @ Mon, 22 May 2023 16:19:15: Thread 0 started. 
INFO  @ Mon, 22 May 2023 16:19:15: Thread 0: total 3516 instances. 
INFO  @ Mon, 22 May 2023 16:19:15: Thread 0: Calculating AATK (1) ...  
INFO  @ Mon, 22 May 2023 16:20:57: Thread 0: Calculating NFXL1 (1001) ...  
INFO  @ Mon, 22 May 2023 16:22:55: Thread 0: Calculating MLL1 (2001) ...  
INFO  @ Mon, 22 May 2023 16:24:37: Thread 0: Calculating RNF146 (3001) ...  
INFO  @ Mon, 22 May 2023 16:25:32: Thread 0 completed. 
INFO  @ Mon, 22 May 2023 16:25:32: All threads completed. 
INFO  @ Mon, 22 May 2023 16:25:33: Assigning p values... 
INFO  @ Mon, 22 May 2023 16:25:33: Permuting groups of gene with 28 sgRNAs per gene. Group progress: 27/41 
INFO  @ Mon, 22 May 2023 16:25:33: Start permuting 2 rounds ... 
INFO  @ Mon, 22 May 2023 16:25:33: Collecting 26156 sgRNAs from 3516 genes. 
INFO  @ Mon, 22 May 2023 16:25:34: Permuting round 0 ... 
INFO  @ Mon, 22 May 2023 16:25:34: Thread 0 started. 
INFO  @ Mon, 22 May 2023 16:25:34: Thread 0: total 3516 instances. 
INFO  @ Mon, 22 May 2023 16:25:34: Thread 0: Calculating AATK (1) ...  
INFO  @ Mon, 22 May 2023 16:27:25: Thread 0: Calculating NFXL1 (1001) ...  
INFO  @ Mon, 22 May 2023 16:29:14: Thread 0: Calculating MLL1 (2001) ...  
INFO  @ Mon, 22 May 2023 16:31:15: Thread 0: Calculating RNF146 (3001) ...  
INFO  @ Mon, 22 May 2023 16:32:13: Thread 0 completed. 
INFO  @ Mon, 22 May 2023 16:32:13: All threads completed. 
INFO  @ Mon, 22 May 2023 16:32:14: Permuting round 1 ... 
INFO  @ Mon, 22 May 2023 16:32:14: Thread 0 started. 
INFO  @ Mon, 22 May 2023 16:32:14: Thread 0: total 3516 instances. 
INFO  @ Mon, 22 May 2023 16:32:14: Thread 0: Calculating AATK (1) ...  
INFO  @ Mon, 22 May 2023 16:34:10: Thread 0: Calculating NFXL1 (1001) ...  
INFO  @ Mon, 22 May 2023 16:35:58: Thread 0: Calculating MLL1 (2001) ...  
INFO  @ Mon, 22 May 2023 16:37:45: Thread 0: Calculating RNF146 (3001) ...  
INFO  @ Mon, 22 May 2023 16:38:44: Thread 0 completed. 
INFO  @ Mon, 22 May 2023 16:38:44: All threads completed. 
INFO  @ Mon, 22 May 2023 16:38:45: Assigning p values... 
INFO  @ Mon, 22 May 2023 16:38:45: Permuting groups of gene with 29 sgRNAs per gene. Group progress: 28/41 
INFO  @ Mon, 22 May 2023 16:38:45: Start permuting 2 rounds ... 
INFO  @ Mon, 22 May 2023 16:38:46: Collecting 26156 sgRNAs from 3516 genes. 
INFO  @ Mon, 22 May 2023 16:38:46: Permuting round 0 ... 
INFO  @ Mon, 22 May 2023 16:38:46: Thread 0 started. 
INFO  @ Mon, 22 May 2023 16:38:46: Thread 0: total 3516 instances. 
INFO  @ Mon, 22 May 2023 16:38:46: Thread 0: Calculating AATK (1) ...  
INFO  @ Mon, 22 May 2023 16:40:38: Thread 0: Calculating NFXL1 (1001) ...  
INFO  @ Mon, 22 May 2023 16:42:41: Thread 0: Calculating MLL1 (2001) ...  
INFO  @ Mon, 22 May 2023 16:44:31: Thread 0: Calculating RNF146 (3001) ...  
INFO  @ Mon, 22 May 2023 16:45:31: Thread 0 completed. 
INFO  @ Mon, 22 May 2023 16:45:31: All threads completed. 
INFO  @ Mon, 22 May 2023 16:45:32: Permuting round 1 ... 
INFO  @ Mon, 22 May 2023 16:45:32: Thread 0 started. 
INFO  @ Mon, 22 May 2023 16:45:32: Thread 0: total 3516 instances. 
INFO  @ Mon, 22 May 2023 16:45:32: Thread 0: Calculating AATK (1) ...  
INFO  @ Mon, 22 May 2023 16:47:33: Thread 0: Calculating NFXL1 (1001) ...  
INFO  @ Mon, 22 May 2023 16:49:21: Thread 0: Calculating MLL1 (2001) ...  
INFO  @ Mon, 22 May 2023 16:51:13: Thread 0: Calculating RNF146 (3001) ...  
INFO  @ Mon, 22 May 2023 16:52:17: Thread 0 completed. 
INFO  @ Mon, 22 May 2023 16:52:17: All threads completed. 
INFO  @ Mon, 22 May 2023 16:52:18: Assigning p values... 
INFO  @ Mon, 22 May 2023 16:52:18: Permuting groups of gene with 30 sgRNAs per gene. Group progress: 29/41 
INFO  @ Mon, 22 May 2023 16:52:18: Start permuting 2 rounds ... 
INFO  @ Mon, 22 May 2023 16:52:18: Collecting 26156 sgRNAs from 3516 genes. 
INFO  @ Mon, 22 May 2023 16:52:18: Permuting round 0 ... 
INFO  @ Mon, 22 May 2023 16:52:18: Thread 0 started. 
INFO  @ Mon, 22 May 2023 16:52:18: Thread 0: total 3516 instances. 
INFO  @ Mon, 22 May 2023 16:52:18: Thread 0: Calculating AATK (1) ...  
INFO  @ Mon, 22 May 2023 16:54:07: Thread 0: Calculating NFXL1 (1001) ...  
INFO  @ Mon, 22 May 2023 16:55:55: Thread 0: Calculating MLL1 (2001) ...  
INFO  @ Mon, 22 May 2023 16:57:59: Thread 0: Calculating RNF146 (3001) ...  
INFO  @ Mon, 22 May 2023 16:59:05: Thread 0 completed. 
INFO  @ Mon, 22 May 2023 16:59:05: All threads completed. 
INFO  @ Mon, 22 May 2023 16:59:06: Permuting round 1 ... 
INFO  @ Mon, 22 May 2023 16:59:06: Thread 0 started. 
INFO  @ Mon, 22 May 2023 16:59:06: Thread 0: total 3516 instances. 
INFO  @ Mon, 22 May 2023 16:59:06: Thread 0: Calculating AATK (1) ...  
INFO  @ Mon, 22 May 2023 17:00:56: Thread 0: Calculating NFXL1 (1001) ...  
INFO  @ Mon, 22 May 2023 17:02:56: Thread 0: Calculating MLL1 (2001) ...  
INFO  @ Mon, 22 May 2023 17:04:52: Thread 0: Calculating RNF146 (3001) ...  
INFO  @ Mon, 22 May 2023 17:06:02: Thread 0 completed. 
INFO  @ Mon, 22 May 2023 17:06:02: All threads completed. 
INFO  @ Mon, 22 May 2023 17:06:03: Assigning p values... 
INFO  @ Mon, 22 May 2023 17:06:03: Permuting groups of gene with 31 sgRNAs per gene. Group progress: 30/41 
INFO  @ Mon, 22 May 2023 17:06:03: Start permuting 2 rounds ... 
INFO  @ Mon, 22 May 2023 17:06:03: Collecting 26156 sgRNAs from 3516 genes. 
INFO  @ Mon, 22 May 2023 17:06:03: Permuting round 0 ... 
INFO  @ Mon, 22 May 2023 17:06:03: Thread 0 started. 
INFO  @ Mon, 22 May 2023 17:06:03: Thread 0: total 3516 instances. 
INFO  @ Mon, 22 May 2023 17:06:04: Thread 0: Calculating AATK (1) ...  
INFO  @ Mon, 22 May 2023 17:08:17: Thread 0: Calculating NFXL1 (1001) ...  
INFO  @ Mon, 22 May 2023 17:10:12: Thread 0: Calculating MLL1 (2001) ...  
INFO  @ Mon, 22 May 2023 17:12:30: Thread 0: Calculating RNF146 (3001) ...  
INFO  @ Mon, 22 May 2023 17:13:30: Thread 0 completed. 
INFO  @ Mon, 22 May 2023 17:13:30: All threads completed. 
INFO  @ Mon, 22 May 2023 17:13:31: Permuting round 1 ... 
INFO  @ Mon, 22 May 2023 17:13:31: Thread 0 started. 
INFO  @ Mon, 22 May 2023 17:13:31: Thread 0: total 3516 instances. 
INFO  @ Mon, 22 May 2023 17:13:31: Thread 0: Calculating AATK (1) ...  
INFO  @ Mon, 22 May 2023 17:15:52: Thread 0: Calculating NFXL1 (1001) ...  
INFO  @ Mon, 22 May 2023 17:18:07: Thread 0: Calculating MLL1 (2001) ...  
INFO  @ Mon, 22 May 2023 17:20:17: Thread 0: Calculating RNF146 (3001) ...  
INFO  @ Mon, 22 May 2023 17:21:30: Thread 0 completed. 
INFO  @ Mon, 22 May 2023 17:21:30: All threads completed. 
INFO  @ Mon, 22 May 2023 17:21:31: Assigning p values... 
INFO  @ Mon, 22 May 2023 17:21:31: Permuting groups of gene with 32 sgRNAs per gene. Group progress: 31/41 
INFO  @ Mon, 22 May 2023 17:21:31: Start permuting 2 rounds ... 
INFO  @ Mon, 22 May 2023 17:21:31: Collecting 26156 sgRNAs from 3516 genes. 
INFO  @ Mon, 22 May 2023 17:21:32: Permuting round 0 ... 
INFO  @ Mon, 22 May 2023 17:21:32: Thread 0 started. 
INFO  @ Mon, 22 May 2023 17:21:32: Thread 0: total 3516 instances. 
INFO  @ Mon, 22 May 2023 17:21:32: Thread 0: Calculating AATK (1) ...  
INFO  @ Mon, 22 May 2023 17:23:51: Thread 0: Calculating NFXL1 (1001) ...  
INFO  @ Mon, 22 May 2023 17:26:03: Thread 0: Calculating MLL1 (2001) ...  
INFO  @ Mon, 22 May 2023 17:28:18: Thread 0: Calculating RNF146 (3001) ...  
INFO  @ Mon, 22 May 2023 17:29:28: Thread 0 completed. 
INFO  @ Mon, 22 May 2023 17:29:28: All threads completed. 
INFO  @ Mon, 22 May 2023 17:29:29: Permuting round 1 ... 
INFO  @ Mon, 22 May 2023 17:29:29: Thread 0 started. 
INFO  @ Mon, 22 May 2023 17:29:29: Thread 0: total 3516 instances. 
INFO  @ Mon, 22 May 2023 17:29:29: Thread 0: Calculating AATK (1) ...  
INFO  @ Mon, 22 May 2023 17:31:49: Thread 0: Calculating NFXL1 (1001) ...  
INFO  @ Mon, 22 May 2023 17:34:06: Thread 0: Calculating MLL1 (2001) ...  
INFO  @ Mon, 22 May 2023 17:36:32: Thread 0: Calculating RNF146 (3001) ...  
INFO  @ Mon, 22 May 2023 17:37:41: Thread 0 completed. 
INFO  @ Mon, 22 May 2023 17:37:41: All threads completed. 
INFO  @ Mon, 22 May 2023 17:37:42: Assigning p values... 
INFO  @ Mon, 22 May 2023 17:37:42: Permuting groups of gene with 33 sgRNAs per gene. Group progress: 32/41 
INFO  @ Mon, 22 May 2023 17:37:42: Start permuting 2 rounds ... 
INFO  @ Mon, 22 May 2023 17:37:42: Collecting 26156 sgRNAs from 3516 genes. 
INFO  @ Mon, 22 May 2023 17:37:42: Permuting round 0 ... 
INFO  @ Mon, 22 May 2023 17:37:42: Thread 0 started. 
INFO  @ Mon, 22 May 2023 17:37:42: Thread 0: total 3516 instances. 
INFO  @ Mon, 22 May 2023 17:37:42: Thread 0: Calculating AATK (1) ...  
INFO  @ Mon, 22 May 2023 17:39:54: Thread 0: Calculating NFXL1 (1001) ...  
INFO  @ Mon, 22 May 2023 17:42:26: Thread 0: Calculating MLL1 (2001) ...  
INFO  @ Mon, 22 May 2023 17:44:41: Thread 0: Calculating RNF146 (3001) ...  
INFO  @ Mon, 22 May 2023 17:45:57: Thread 0 completed. 
INFO  @ Mon, 22 May 2023 17:45:57: All threads completed. 
INFO  @ Mon, 22 May 2023 17:45:57: Permuting round 1 ... 
INFO  @ Mon, 22 May 2023 17:45:58: Thread 0 started. 
INFO  @ Mon, 22 May 2023 17:45:58: Thread 0: total 3516 instances. 
INFO  @ Mon, 22 May 2023 17:45:59: Thread 0: Calculating AATK (1) ...  
INFO  @ Mon, 22 May 2023 17:48:36: Thread 0: Calculating NFXL1 (1001) ...  
INFO  @ Mon, 22 May 2023 17:50:55: Thread 0: Calculating MLL1 (2001) ...  
INFO  @ Mon, 22 May 2023 17:53:32: Thread 0: Calculating RNF146 (3001) ...  
INFO  @ Mon, 22 May 2023 17:54:51: Thread 0 completed. 
INFO  @ Mon, 22 May 2023 17:54:51: All threads completed. 
INFO  @ Mon, 22 May 2023 17:54:52: Assigning p values... 
INFO  @ Mon, 22 May 2023 17:54:52: Permuting groups of gene with 34 sgRNAs per gene. Group progress: 33/41 
INFO  @ Mon, 22 May 2023 17:54:52: Start permuting 2 rounds ... 
INFO  @ Mon, 22 May 2023 17:54:52: Collecting 26156 sgRNAs from 3516 genes. 
INFO  @ Mon, 22 May 2023 17:54:52: Permuting round 0 ... 
INFO  @ Mon, 22 May 2023 17:54:53: Thread 0 started. 
INFO  @ Mon, 22 May 2023 17:54:53: Thread 0: total 3516 instances. 
INFO  @ Mon, 22 May 2023 17:54:53: Thread 0: Calculating AATK (1) ...  
INFO  @ Mon, 22 May 2023 17:57:32: Thread 0: Calculating NFXL1 (1001) ...  
INFO  @ Mon, 22 May 2023 17:59:59: Thread 0: Calculating MLL1 (2001) ...  
INFO  @ Mon, 22 May 2023 18:02:30: Thread 0: Calculating RNF146 (3001) ...  
INFO  @ Mon, 22 May 2023 18:03:42: Thread 0 completed. 
INFO  @ Mon, 22 May 2023 18:03:42: All threads completed. 
INFO  @ Mon, 22 May 2023 18:03:43: Permuting round 1 ... 
INFO  @ Mon, 22 May 2023 18:03:43: Thread 0 started. 
INFO  @ Mon, 22 May 2023 18:03:43: Thread 0: total 3516 instances. 
INFO  @ Mon, 22 May 2023 18:03:43: Thread 0: Calculating AATK (1) ...  
INFO  @ Mon, 22 May 2023 18:06:25: Thread 0: Calculating NFXL1 (1001) ...  
INFO  @ Mon, 22 May 2023 18:08:48: Thread 0: Calculating MLL1 (2001) ...  
INFO  @ Mon, 22 May 2023 18:11:22: Thread 0: Calculating RNF146 (3001) ...  
INFO  @ Mon, 22 May 2023 18:12:41: Thread 0 completed. 
INFO  @ Mon, 22 May 2023 18:12:41: All threads completed. 
INFO  @ Mon, 22 May 2023 18:12:42: Assigning p values... 
INFO  @ Mon, 22 May 2023 18:12:42: Permuting groups of gene with 37 sgRNAs per gene. Group progress: 34/41 
INFO  @ Mon, 22 May 2023 18:12:42: Start permuting 2 rounds ... 
INFO  @ Mon, 22 May 2023 18:12:42: Collecting 26156 sgRNAs from 3516 genes. 
INFO  @ Mon, 22 May 2023 18:12:43: Permuting round 0 ... 
INFO  @ Mon, 22 May 2023 18:12:43: Thread 0 started. 
INFO  @ Mon, 22 May 2023 18:12:43: Thread 0: total 3516 instances. 
INFO  @ Mon, 22 May 2023 18:12:43: Thread 0: Calculating AATK (1) ...  
INFO  @ Mon, 22 May 2023 18:15:39: Thread 0: Calculating NFXL1 (1001) ...  
INFO  @ Mon, 22 May 2023 18:18:43: Thread 0: Calculating MLL1 (2001) ...  
INFO  @ Mon, 22 May 2023 18:21:26: Thread 0: Calculating RNF146 (3001) ...  
INFO  @ Mon, 22 May 2023 18:22:40: Thread 0 completed. 
INFO  @ Mon, 22 May 2023 18:22:40: All threads completed. 
INFO  @ Mon, 22 May 2023 18:22:41: Permuting round 1 ... 
INFO  @ Mon, 22 May 2023 18:22:41: Thread 0 started. 
INFO  @ Mon, 22 May 2023 18:22:41: Thread 0: total 3516 instances. 
INFO  @ Mon, 22 May 2023 18:22:41: Thread 0: Calculating AATK (1) ...  
INFO  @ Mon, 22 May 2023 18:25:16: Thread 0: Calculating NFXL1 (1001) ...  
INFO  @ Mon, 22 May 2023 18:28:12: Thread 0: Calculating MLL1 (2001) ...  
INFO  @ Mon, 22 May 2023 18:31:04: Thread 0: Calculating RNF146 (3001) ...  
INFO  @ Mon, 22 May 2023 18:32:21: Thread 0 completed. 
INFO  @ Mon, 22 May 2023 18:32:21: All threads completed. 
INFO  @ Mon, 22 May 2023 18:32:22: Assigning p values... 
INFO  @ Mon, 22 May 2023 18:32:22: Groups of gene with 42 sgRNAs per gene: assigning p values based on previous group results. Group progress: 35/41 
INFO  @ Mon, 22 May 2023 18:32:22: Groups of gene with 46 sgRNAs per gene: assigning p values based on previous group results. Group progress: 36/41 
INFO  @ Mon, 22 May 2023 18:32:22: Groups of gene with 47 sgRNAs per gene: assigning p values based on previous group results. Group progress: 37/41 
INFO  @ Mon, 22 May 2023 18:32:22: Groups of gene with 48 sgRNAs per gene: assigning p values based on previous group results. Group progress: 38/41 
INFO  @ Mon, 22 May 2023 18:32:22: Groups of gene with 49 sgRNAs per gene: assigning p values based on previous group results. Group progress: 39/41 
INFO  @ Mon, 22 May 2023 18:32:22: Groups of gene with 56 sgRNAs per gene: assigning p values based on previous group results. Group progress: 40/41 
INFO  @ Mon, 22 May 2023 18:32:22: Groups of gene with 67 sgRNAs per gene: assigning p values based on previous group results. Group progress: 41/41 
INFO  @ Mon, 22 May 2023 18:32:22: Writing gene results to mle_count-A2780-Ts2.gene_summary.txt 
INFO  @ Mon, 22 May 2023 18:32:22: Writing sgRNA results to mle_count-A2780-Ts2.sgrna_summary.txt 
