INFO  @ Mon, 30 Jan 2023 13:50:02: Parameters: /gpfs/ycga/scratch60/sheltzer/rah88/nextflow/conda/env-486b0957dbc9b186e3e7f72a002efb06/bin/mageck mle -k count-HCT116-Ts3-i.f.csv -d matrixHCT116-Ts3.txt -n mle_HCT116-Ts3 
INFO  @ Mon, 30 Jan 2023 13:50:03: Cannot parse design matrix as a string; try to parse it as a file name ... 
INFO  @ Mon, 30 Jan 2023 13:50:03: Design matrix: 
INFO  @ Mon, 30 Jan 2023 13:50:03: [[1. 0.] 
INFO  @ Mon, 30 Jan 2023 13:50:03:  [1. 1.]] 
INFO  @ Mon, 30 Jan 2023 13:50:03: Beta labels:baseline,Ts3 
INFO  @ Mon, 30 Jan 2023 13:50:03: Included samples:HCT116-Ts3.initial,HCT116-Ts3.final 
INFO  @ Mon, 30 Jan 2023 13:50:03: Treating count-HCT116-Ts3-i.f.csv as csv file ... 
INFO  @ Mon, 30 Jan 2023 13:50:03: Loaded samples:HCT116-Ts3.initial;HCT116-Ts3.final 
INFO  @ Mon, 30 Jan 2023 13:50:03: Sample index: 0;1 
INFO  @ Mon, 30 Jan 2023 13:50:03: Loaded 3514 genes. 
DEBUG @ Mon, 30 Jan 2023 13:50:03: Initial (total) size factor: 0.9792235309710536 1.0216772212612837 
DEBUG @ Mon, 30 Jan 2023 13:50:03: Median factor: 0.980566035241878 1.024124549214465 
INFO  @ Mon, 30 Jan 2023 13:50:03: Final size factor: 0.980566035241878 1.024124549214465 
INFO  @ Mon, 30 Jan 2023 13:50:03: size factor: 1.0198191290128953,0.9764437350584269 
INFO  @ Mon, 30 Jan 2023 13:50:03: Thread 0 started. 
INFO  @ Mon, 30 Jan 2023 13:50:03: Thread 0: total 1 instances. 
INFO  @ Mon, 30 Jan 2023 13:50:03: Thread 0 completed. 
INFO  @ Mon, 30 Jan 2023 13:50:03: All threads completed. 
INFO  @ Mon, 30 Jan 2023 13:50:03: Modeling the mean and variance ... 
INFO  @ Mon, 30 Jan 2023 13:50:03: Run the algorithm for the second time ... 
INFO  @ Mon, 30 Jan 2023 13:50:03: Skipping gene KMT2C from MLE calculation since there are too many sgRNAs. To change, revise the --max-sgrnapergene-permutation option. 
INFO  @ Mon, 30 Jan 2023 13:50:03: Skipping gene KDM2A from MLE calculation since there are too many sgRNAs. To change, revise the --max-sgrnapergene-permutation option. 
INFO  @ Mon, 30 Jan 2023 13:50:03: Skipping gene KMT2D from MLE calculation since there are too many sgRNAs. To change, revise the --max-sgrnapergene-permutation option. 
INFO  @ Mon, 30 Jan 2023 13:50:03: Skipping gene TDRD6 from MLE calculation since there are too many sgRNAs. To change, revise the --max-sgrnapergene-permutation option. 
INFO  @ Mon, 30 Jan 2023 13:50:03: Skipping gene PBRM1 from MLE calculation since there are too many sgRNAs. To change, revise the --max-sgrnapergene-permutation option. 
INFO  @ Mon, 30 Jan 2023 13:50:03: Skipping gene RNF17 from MLE calculation since there are too many sgRNAs. To change, revise the --max-sgrnapergene-permutation option. 
INFO  @ Mon, 30 Jan 2023 13:50:03: Skipping gene KMT2B from MLE calculation since there are too many sgRNAs. To change, revise the --max-sgrnapergene-permutation option. 
INFO  @ Mon, 30 Jan 2023 13:50:03: Skipping gene KMT2A from MLE calculation since there are too many sgRNAs. To change, revise the --max-sgrnapergene-permutation option. 
INFO  @ Mon, 30 Jan 2023 13:50:03: Skipping gene KDM2B from MLE calculation since there are too many sgRNAs. To change, revise the --max-sgrnapergene-permutation option. 
INFO  @ Mon, 30 Jan 2023 13:50:03: Skipping gene NSD1 from MLE calculation since there are too many sgRNAs. To change, revise the --max-sgrnapergene-permutation option. 
INFO  @ Mon, 30 Jan 2023 13:50:03: Skipping gene NKX2 from MLE calculation since there are too many sgRNAs. To change, revise the --max-sgrnapergene-permutation option. 
INFO  @ Mon, 30 Jan 2023 13:50:03: Thread 0 started. 
INFO  @ Mon, 30 Jan 2023 13:50:03: Thread 0: total 3503 instances. 
INFO  @ Mon, 30 Jan 2023 13:50:03: Thread 0: Calculating UBC (1) ...  
INFO  @ Mon, 30 Jan 2023 13:50:08: Thread 0: Calculating CTSH (1001) ...  
INFO  @ Mon, 30 Jan 2023 13:50:12: Thread 0: Calculating KLHL10 (2001) ...  
INFO  @ Mon, 30 Jan 2023 13:50:16: Thread 0: Calculating JAK2 (3001) ...  
INFO  @ Mon, 30 Jan 2023 13:50:18: Thread 0 completed. 
INFO  @ Mon, 30 Jan 2023 13:50:18: All threads completed. 
INFO  @ Mon, 30 Jan 2023 13:50:19: Permuting groups of gene with 1 sgRNAs per gene. Group progress: 1/41 
INFO  @ Mon, 30 Jan 2023 13:50:19: Start permuting 2 rounds ... 
INFO  @ Mon, 30 Jan 2023 13:50:19: Collecting 25891 sgRNAs from 3514 genes. 
INFO  @ Mon, 30 Jan 2023 13:50:19: Permuting round 0 ... 
INFO  @ Mon, 30 Jan 2023 13:50:19: Thread 0 started. 
INFO  @ Mon, 30 Jan 2023 13:50:19: Thread 0: total 3514 instances. 
INFO  @ Mon, 30 Jan 2023 13:50:19: Thread 0: Calculating UBC (1) ...  
INFO  @ Mon, 30 Jan 2023 13:50:22: Thread 0: Calculating ZNF639 (1001) ...  
INFO  @ Mon, 30 Jan 2023 13:50:24: Thread 0: Calculating BARD1 (2001) ...  
INFO  @ Mon, 30 Jan 2023 13:50:26: Thread 0: Calculating CFB (3001) ...  
INFO  @ Mon, 30 Jan 2023 13:50:27: Thread 0 completed. 
INFO  @ Mon, 30 Jan 2023 13:50:27: All threads completed. 
INFO  @ Mon, 30 Jan 2023 13:50:28: Permuting round 1 ... 
INFO  @ Mon, 30 Jan 2023 13:50:28: Thread 0 started. 
INFO  @ Mon, 30 Jan 2023 13:50:28: Thread 0: total 3514 instances. 
INFO  @ Mon, 30 Jan 2023 13:50:28: Thread 0: Calculating UBC (1) ...  
INFO  @ Mon, 30 Jan 2023 13:50:30: Thread 0: Calculating ZNF639 (1001) ...  
INFO  @ Mon, 30 Jan 2023 13:50:33: Thread 0: Calculating BARD1 (2001) ...  
INFO  @ Mon, 30 Jan 2023 13:50:35: Thread 0: Calculating CFB (3001) ...  
INFO  @ Mon, 30 Jan 2023 13:50:36: Thread 0 completed. 
INFO  @ Mon, 30 Jan 2023 13:50:36: All threads completed. 
INFO  @ Mon, 30 Jan 2023 13:50:37: Assigning p values... 
INFO  @ Mon, 30 Jan 2023 13:50:37: Permuting groups of gene with 2 sgRNAs per gene. Group progress: 2/41 
INFO  @ Mon, 30 Jan 2023 13:50:37: Start permuting 2 rounds ... 
INFO  @ Mon, 30 Jan 2023 13:50:37: Collecting 25891 sgRNAs from 3514 genes. 
INFO  @ Mon, 30 Jan 2023 13:50:37: Permuting round 0 ... 
INFO  @ Mon, 30 Jan 2023 13:50:37: Thread 0 started. 
INFO  @ Mon, 30 Jan 2023 13:50:37: Thread 0: total 3514 instances. 
INFO  @ Mon, 30 Jan 2023 13:50:37: Thread 0: Calculating UBC (1) ...  
INFO  @ Mon, 30 Jan 2023 13:50:41: Thread 0: Calculating ZNF639 (1001) ...  
INFO  @ Mon, 30 Jan 2023 13:50:45: Thread 0: Calculating BARD1 (2001) ...  
INFO  @ Mon, 30 Jan 2023 13:50:49: Thread 0: Calculating CFB (3001) ...  
INFO  @ Mon, 30 Jan 2023 13:50:51: Thread 0 completed. 
INFO  @ Mon, 30 Jan 2023 13:50:51: All threads completed. 
INFO  @ Mon, 30 Jan 2023 13:50:52: Permuting round 1 ... 
INFO  @ Mon, 30 Jan 2023 13:50:52: Thread 0 started. 
INFO  @ Mon, 30 Jan 2023 13:50:52: Thread 0: total 3514 instances. 
INFO  @ Mon, 30 Jan 2023 13:50:52: Thread 0: Calculating UBC (1) ...  
INFO  @ Mon, 30 Jan 2023 13:50:56: Thread 0: Calculating ZNF639 (1001) ...  
INFO  @ Mon, 30 Jan 2023 13:51:00: Thread 0: Calculating BARD1 (2001) ...  
INFO  @ Mon, 30 Jan 2023 13:51:04: Thread 0: Calculating CFB (3001) ...  
INFO  @ Mon, 30 Jan 2023 13:51:07: Thread 0 completed. 
INFO  @ Mon, 30 Jan 2023 13:51:07: All threads completed. 
INFO  @ Mon, 30 Jan 2023 13:51:07: Assigning p values... 
INFO  @ Mon, 30 Jan 2023 13:51:07: Permuting groups of gene with 3 sgRNAs per gene. Group progress: 3/41 
INFO  @ Mon, 30 Jan 2023 13:51:07: Start permuting 2 rounds ... 
INFO  @ Mon, 30 Jan 2023 13:51:07: Collecting 25891 sgRNAs from 3514 genes. 
INFO  @ Mon, 30 Jan 2023 13:51:08: Permuting round 0 ... 
INFO  @ Mon, 30 Jan 2023 13:51:08: Thread 0 started. 
INFO  @ Mon, 30 Jan 2023 13:51:08: Thread 0: total 3514 instances. 
INFO  @ Mon, 30 Jan 2023 13:51:08: Thread 0: Calculating UBC (1) ...  
INFO  @ Mon, 30 Jan 2023 13:51:13: Thread 0: Calculating ZNF639 (1001) ...  
INFO  @ Mon, 30 Jan 2023 13:51:17: Thread 0: Calculating BARD1 (2001) ...  
INFO  @ Mon, 30 Jan 2023 13:51:22: Thread 0: Calculating CFB (3001) ...  
INFO  @ Mon, 30 Jan 2023 13:51:24: Thread 0 completed. 
INFO  @ Mon, 30 Jan 2023 13:51:24: All threads completed. 
INFO  @ Mon, 30 Jan 2023 13:51:25: Permuting round 1 ... 
INFO  @ Mon, 30 Jan 2023 13:51:25: Thread 0 started. 
INFO  @ Mon, 30 Jan 2023 13:51:25: Thread 0: total 3514 instances. 
INFO  @ Mon, 30 Jan 2023 13:51:25: Thread 0: Calculating UBC (1) ...  
INFO  @ Mon, 30 Jan 2023 13:51:30: Thread 0: Calculating ZNF639 (1001) ...  
INFO  @ Mon, 30 Jan 2023 13:51:34: Thread 0: Calculating BARD1 (2001) ...  
INFO  @ Mon, 30 Jan 2023 13:51:39: Thread 0: Calculating CFB (3001) ...  
INFO  @ Mon, 30 Jan 2023 13:51:41: Thread 0 completed. 
INFO  @ Mon, 30 Jan 2023 13:51:41: All threads completed. 
INFO  @ Mon, 30 Jan 2023 13:51:42: Assigning p values... 
INFO  @ Mon, 30 Jan 2023 13:51:42: Permuting groups of gene with 4 sgRNAs per gene. Group progress: 4/41 
INFO  @ Mon, 30 Jan 2023 13:51:42: Start permuting 2 rounds ... 
INFO  @ Mon, 30 Jan 2023 13:51:42: Collecting 25891 sgRNAs from 3514 genes. 
INFO  @ Mon, 30 Jan 2023 13:51:42: Permuting round 0 ... 
INFO  @ Mon, 30 Jan 2023 13:51:42: Thread 0 started. 
INFO  @ Mon, 30 Jan 2023 13:51:42: Thread 0: total 3514 instances. 
INFO  @ Mon, 30 Jan 2023 13:51:42: Thread 0: Calculating UBC (1) ...  
INFO  @ Mon, 30 Jan 2023 13:51:47: Thread 0: Calculating ZNF639 (1001) ...  
INFO  @ Mon, 30 Jan 2023 13:51:52: Thread 0: Calculating BARD1 (2001) ...  
INFO  @ Mon, 30 Jan 2023 13:51:57: Thread 0: Calculating CFB (3001) ...  
INFO  @ Mon, 30 Jan 2023 13:51:59: Thread 0 completed. 
INFO  @ Mon, 30 Jan 2023 13:51:59: All threads completed. 
INFO  @ Mon, 30 Jan 2023 13:52:00: Permuting round 1 ... 
INFO  @ Mon, 30 Jan 2023 13:52:00: Thread 0 started. 
INFO  @ Mon, 30 Jan 2023 13:52:00: Thread 0: total 3514 instances. 
INFO  @ Mon, 30 Jan 2023 13:52:00: Thread 0: Calculating UBC (1) ...  
INFO  @ Mon, 30 Jan 2023 13:52:05: Thread 0: Calculating ZNF639 (1001) ...  
INFO  @ Mon, 30 Jan 2023 13:52:10: Thread 0: Calculating BARD1 (2001) ...  
INFO  @ Mon, 30 Jan 2023 13:52:15: Thread 0: Calculating CFB (3001) ...  
INFO  @ Mon, 30 Jan 2023 13:52:17: Thread 0 completed. 
INFO  @ Mon, 30 Jan 2023 13:52:17: All threads completed. 
INFO  @ Mon, 30 Jan 2023 13:52:18: Assigning p values... 
INFO  @ Mon, 30 Jan 2023 13:52:18: Permuting groups of gene with 5 sgRNAs per gene. Group progress: 5/41 
INFO  @ Mon, 30 Jan 2023 13:52:18: Start permuting 2 rounds ... 
INFO  @ Mon, 30 Jan 2023 13:52:18: Collecting 25891 sgRNAs from 3514 genes. 
INFO  @ Mon, 30 Jan 2023 13:52:18: Permuting round 0 ... 
INFO  @ Mon, 30 Jan 2023 13:52:19: Thread 0 started. 
INFO  @ Mon, 30 Jan 2023 13:52:19: Thread 0: total 3514 instances. 
INFO  @ Mon, 30 Jan 2023 13:52:19: Thread 0: Calculating UBC (1) ...  
INFO  @ Mon, 30 Jan 2023 13:52:24: Thread 0: Calculating ZNF639 (1001) ...  
INFO  @ Mon, 30 Jan 2023 13:52:29: Thread 0: Calculating BARD1 (2001) ...  
INFO  @ Mon, 30 Jan 2023 13:52:34: Thread 0: Calculating CFB (3001) ...  
INFO  @ Mon, 30 Jan 2023 13:52:36: Thread 0 completed. 
INFO  @ Mon, 30 Jan 2023 13:52:36: All threads completed. 
INFO  @ Mon, 30 Jan 2023 13:52:37: Permuting round 1 ... 
INFO  @ Mon, 30 Jan 2023 13:52:37: Thread 0 started. 
INFO  @ Mon, 30 Jan 2023 13:52:37: Thread 0: total 3514 instances. 
INFO  @ Mon, 30 Jan 2023 13:52:37: Thread 0: Calculating UBC (1) ...  
INFO  @ Mon, 30 Jan 2023 13:52:42: Thread 0: Calculating ZNF639 (1001) ...  
INFO  @ Mon, 30 Jan 2023 13:52:47: Thread 0: Calculating BARD1 (2001) ...  
INFO  @ Mon, 30 Jan 2023 13:52:52: Thread 0: Calculating CFB (3001) ...  
INFO  @ Mon, 30 Jan 2023 13:52:55: Thread 0 completed. 
INFO  @ Mon, 30 Jan 2023 13:52:55: All threads completed. 
INFO  @ Mon, 30 Jan 2023 13:52:56: Assigning p values... 
INFO  @ Mon, 30 Jan 2023 13:52:56: Permuting groups of gene with 6 sgRNAs per gene. Group progress: 6/41 
INFO  @ Mon, 30 Jan 2023 13:52:56: Start permuting 2 rounds ... 
INFO  @ Mon, 30 Jan 2023 13:52:56: Collecting 25891 sgRNAs from 3514 genes. 
INFO  @ Mon, 30 Jan 2023 13:52:56: Permuting round 0 ... 
INFO  @ Mon, 30 Jan 2023 13:52:56: Thread 0 started. 
INFO  @ Mon, 30 Jan 2023 13:52:56: Thread 0: total 3514 instances. 
INFO  @ Mon, 30 Jan 2023 13:52:56: Thread 0: Calculating UBC (1) ...  
INFO  @ Mon, 30 Jan 2023 13:53:01: Thread 0: Calculating ZNF639 (1001) ...  
INFO  @ Mon, 30 Jan 2023 13:53:07: Thread 0: Calculating BARD1 (2001) ...  
INFO  @ Mon, 30 Jan 2023 13:53:12: Thread 0: Calculating CFB (3001) ...  
INFO  @ Mon, 30 Jan 2023 13:53:14: Thread 0 completed. 
INFO  @ Mon, 30 Jan 2023 13:53:14: All threads completed. 
INFO  @ Mon, 30 Jan 2023 13:53:15: Permuting round 1 ... 
INFO  @ Mon, 30 Jan 2023 13:53:15: Thread 0 started. 
INFO  @ Mon, 30 Jan 2023 13:53:15: Thread 0: total 3514 instances. 
INFO  @ Mon, 30 Jan 2023 13:53:15: Thread 0: Calculating UBC (1) ...  
INFO  @ Mon, 30 Jan 2023 13:53:21: Thread 0: Calculating ZNF639 (1001) ...  
INFO  @ Mon, 30 Jan 2023 13:53:26: Thread 0: Calculating BARD1 (2001) ...  
INFO  @ Mon, 30 Jan 2023 13:53:31: Thread 0: Calculating CFB (3001) ...  
INFO  @ Mon, 30 Jan 2023 13:53:33: Thread 0 completed. 
INFO  @ Mon, 30 Jan 2023 13:53:33: All threads completed. 
INFO  @ Mon, 30 Jan 2023 13:53:34: Assigning p values... 
INFO  @ Mon, 30 Jan 2023 13:53:34: Permuting groups of gene with 7 sgRNAs per gene. Group progress: 7/41 
INFO  @ Mon, 30 Jan 2023 13:53:34: Start permuting 2 rounds ... 
INFO  @ Mon, 30 Jan 2023 13:53:34: Collecting 25891 sgRNAs from 3514 genes. 
INFO  @ Mon, 30 Jan 2023 13:53:35: Permuting round 0 ... 
INFO  @ Mon, 30 Jan 2023 13:53:35: Thread 0 started. 
INFO  @ Mon, 30 Jan 2023 13:53:35: Thread 0: total 3514 instances. 
INFO  @ Mon, 30 Jan 2023 13:53:35: Thread 0: Calculating UBC (1) ...  
INFO  @ Mon, 30 Jan 2023 13:53:40: Thread 0: Calculating ZNF639 (1001) ...  
INFO  @ Mon, 30 Jan 2023 13:53:45: Thread 0: Calculating BARD1 (2001) ...  
INFO  @ Mon, 30 Jan 2023 13:53:51: Thread 0: Calculating CFB (3001) ...  
INFO  @ Mon, 30 Jan 2023 13:53:53: Thread 0 completed. 
INFO  @ Mon, 30 Jan 2023 13:53:53: All threads completed. 
INFO  @ Mon, 30 Jan 2023 13:53:54: Permuting round 1 ... 
INFO  @ Mon, 30 Jan 2023 13:53:54: Thread 0 started. 
INFO  @ Mon, 30 Jan 2023 13:53:54: Thread 0: total 3514 instances. 
INFO  @ Mon, 30 Jan 2023 13:53:54: Thread 0: Calculating UBC (1) ...  
INFO  @ Mon, 30 Jan 2023 13:54:00: Thread 0: Calculating ZNF639 (1001) ...  
INFO  @ Mon, 30 Jan 2023 13:54:05: Thread 0: Calculating BARD1 (2001) ...  
INFO  @ Mon, 30 Jan 2023 13:54:10: Thread 0: Calculating CFB (3001) ...  
INFO  @ Mon, 30 Jan 2023 13:54:13: Thread 0 completed. 
INFO  @ Mon, 30 Jan 2023 13:54:13: All threads completed. 
INFO  @ Mon, 30 Jan 2023 13:54:14: Assigning p values... 
INFO  @ Mon, 30 Jan 2023 13:54:14: Permuting groups of gene with 8 sgRNAs per gene. Group progress: 8/41 
INFO  @ Mon, 30 Jan 2023 13:54:14: Start permuting 2 rounds ... 
INFO  @ Mon, 30 Jan 2023 13:54:14: Collecting 25891 sgRNAs from 3514 genes. 
INFO  @ Mon, 30 Jan 2023 13:54:14: Permuting round 0 ... 
INFO  @ Mon, 30 Jan 2023 13:54:14: Thread 0 started. 
INFO  @ Mon, 30 Jan 2023 13:54:14: Thread 0: total 3514 instances. 
INFO  @ Mon, 30 Jan 2023 13:54:14: Thread 0: Calculating UBC (1) ...  
INFO  @ Mon, 30 Jan 2023 13:54:20: Thread 0: Calculating ZNF639 (1001) ...  
INFO  @ Mon, 30 Jan 2023 13:54:25: Thread 0: Calculating BARD1 (2001) ...  
INFO  @ Mon, 30 Jan 2023 13:54:30: Thread 0: Calculating CFB (3001) ...  
INFO  @ Mon, 30 Jan 2023 13:54:33: Thread 0 completed. 
INFO  @ Mon, 30 Jan 2023 13:54:33: All threads completed. 
INFO  @ Mon, 30 Jan 2023 13:54:34: Permuting round 1 ... 
INFO  @ Mon, 30 Jan 2023 13:54:34: Thread 0 started. 
INFO  @ Mon, 30 Jan 2023 13:54:34: Thread 0: total 3514 instances. 
INFO  @ Mon, 30 Jan 2023 13:54:34: Thread 0: Calculating UBC (1) ...  
INFO  @ Mon, 30 Jan 2023 13:54:39: Thread 0: Calculating ZNF639 (1001) ...  
INFO  @ Mon, 30 Jan 2023 13:54:45: Thread 0: Calculating BARD1 (2001) ...  
INFO  @ Mon, 30 Jan 2023 13:54:50: Thread 0: Calculating CFB (3001) ...  
INFO  @ Mon, 30 Jan 2023 13:54:53: Thread 0 completed. 
INFO  @ Mon, 30 Jan 2023 13:54:53: All threads completed. 
INFO  @ Mon, 30 Jan 2023 13:54:54: Assigning p values... 
INFO  @ Mon, 30 Jan 2023 13:54:54: Permuting groups of gene with 9 sgRNAs per gene. Group progress: 9/41 
INFO  @ Mon, 30 Jan 2023 13:54:54: Start permuting 2 rounds ... 
INFO  @ Mon, 30 Jan 2023 13:54:54: Collecting 25891 sgRNAs from 3514 genes. 
INFO  @ Mon, 30 Jan 2023 13:54:54: Permuting round 0 ... 
INFO  @ Mon, 30 Jan 2023 13:54:54: Thread 0 started. 
INFO  @ Mon, 30 Jan 2023 13:54:54: Thread 0: total 3514 instances. 
INFO  @ Mon, 30 Jan 2023 13:54:54: Thread 0: Calculating UBC (1) ...  
INFO  @ Mon, 30 Jan 2023 13:55:00: Thread 0: Calculating ZNF639 (1001) ...  
INFO  @ Mon, 30 Jan 2023 13:55:06: Thread 0: Calculating BARD1 (2001) ...  
INFO  @ Mon, 30 Jan 2023 13:55:11: Thread 0: Calculating CFB (3001) ...  
INFO  @ Mon, 30 Jan 2023 13:55:14: Thread 0 completed. 
INFO  @ Mon, 30 Jan 2023 13:55:14: All threads completed. 
INFO  @ Mon, 30 Jan 2023 13:55:15: Permuting round 1 ... 
INFO  @ Mon, 30 Jan 2023 13:55:15: Thread 0 started. 
INFO  @ Mon, 30 Jan 2023 13:55:15: Thread 0: total 3514 instances. 
INFO  @ Mon, 30 Jan 2023 13:55:15: Thread 0: Calculating UBC (1) ...  
INFO  @ Mon, 30 Jan 2023 13:55:21: Thread 0: Calculating ZNF639 (1001) ...  
INFO  @ Mon, 30 Jan 2023 13:55:26: Thread 0: Calculating BARD1 (2001) ...  
INFO  @ Mon, 30 Jan 2023 13:55:31: Thread 0: Calculating CFB (3001) ...  
INFO  @ Mon, 30 Jan 2023 13:55:34: Thread 0 completed. 
INFO  @ Mon, 30 Jan 2023 13:55:34: All threads completed. 
INFO  @ Mon, 30 Jan 2023 13:55:35: Assigning p values... 
INFO  @ Mon, 30 Jan 2023 13:55:35: Permuting groups of gene with 10 sgRNAs per gene. Group progress: 10/41 
INFO  @ Mon, 30 Jan 2023 13:55:35: Start permuting 2 rounds ... 
INFO  @ Mon, 30 Jan 2023 13:55:36: Collecting 25891 sgRNAs from 3514 genes. 
INFO  @ Mon, 30 Jan 2023 13:55:36: Permuting round 0 ... 
INFO  @ Mon, 30 Jan 2023 13:55:36: Thread 0 started. 
INFO  @ Mon, 30 Jan 2023 13:55:36: Thread 0: total 3514 instances. 
INFO  @ Mon, 30 Jan 2023 13:55:36: Thread 0: Calculating UBC (1) ...  
INFO  @ Mon, 30 Jan 2023 13:55:42: Thread 0: Calculating ZNF639 (1001) ...  
INFO  @ Mon, 30 Jan 2023 13:55:47: Thread 0: Calculating BARD1 (2001) ...  
INFO  @ Mon, 30 Jan 2023 13:55:53: Thread 0: Calculating CFB (3001) ...  
INFO  @ Mon, 30 Jan 2023 13:55:56: Thread 0 completed. 
INFO  @ Mon, 30 Jan 2023 13:55:56: All threads completed. 
INFO  @ Mon, 30 Jan 2023 13:55:57: Permuting round 1 ... 
INFO  @ Mon, 30 Jan 2023 13:55:57: Thread 0 started. 
INFO  @ Mon, 30 Jan 2023 13:55:57: Thread 0: total 3514 instances. 
INFO  @ Mon, 30 Jan 2023 13:55:57: Thread 0: Calculating UBC (1) ...  
INFO  @ Mon, 30 Jan 2023 13:56:03: Thread 0: Calculating ZNF639 (1001) ...  
INFO  @ Mon, 30 Jan 2023 13:56:08: Thread 0: Calculating BARD1 (2001) ...  
INFO  @ Mon, 30 Jan 2023 13:56:14: Thread 0: Calculating CFB (3001) ...  
INFO  @ Mon, 30 Jan 2023 13:56:17: Thread 0 completed. 
INFO  @ Mon, 30 Jan 2023 13:56:17: All threads completed. 
INFO  @ Mon, 30 Jan 2023 13:56:18: Assigning p values... 
INFO  @ Mon, 30 Jan 2023 13:56:18: Permuting groups of gene with 11 sgRNAs per gene. Group progress: 11/41 
INFO  @ Mon, 30 Jan 2023 13:56:18: Start permuting 2 rounds ... 
INFO  @ Mon, 30 Jan 2023 13:56:18: Collecting 25891 sgRNAs from 3514 genes. 
INFO  @ Mon, 30 Jan 2023 13:56:18: Permuting round 0 ... 
INFO  @ Mon, 30 Jan 2023 13:56:18: Thread 0 started. 
INFO  @ Mon, 30 Jan 2023 13:56:18: Thread 0: total 3514 instances. 
INFO  @ Mon, 30 Jan 2023 13:56:18: Thread 0: Calculating UBC (1) ...  
INFO  @ Mon, 30 Jan 2023 13:56:24: Thread 0: Calculating ZNF639 (1001) ...  
INFO  @ Mon, 30 Jan 2023 13:56:30: Thread 0: Calculating BARD1 (2001) ...  
INFO  @ Mon, 30 Jan 2023 13:56:35: Thread 0: Calculating CFB (3001) ...  
INFO  @ Mon, 30 Jan 2023 13:56:38: Thread 0 completed. 
INFO  @ Mon, 30 Jan 2023 13:56:38: All threads completed. 
INFO  @ Mon, 30 Jan 2023 13:56:39: Permuting round 1 ... 
INFO  @ Mon, 30 Jan 2023 13:56:39: Thread 0 started. 
INFO  @ Mon, 30 Jan 2023 13:56:39: Thread 0: total 3514 instances. 
INFO  @ Mon, 30 Jan 2023 13:56:39: Thread 0: Calculating UBC (1) ...  
INFO  @ Mon, 30 Jan 2023 13:56:45: Thread 0: Calculating ZNF639 (1001) ...  
INFO  @ Mon, 30 Jan 2023 13:56:51: Thread 0: Calculating BARD1 (2001) ...  
INFO  @ Mon, 30 Jan 2023 13:56:56: Thread 0: Calculating CFB (3001) ...  
INFO  @ Mon, 30 Jan 2023 13:56:59: Thread 0 completed. 
INFO  @ Mon, 30 Jan 2023 13:56:59: All threads completed. 
INFO  @ Mon, 30 Jan 2023 13:57:00: Assigning p values... 
INFO  @ Mon, 30 Jan 2023 13:57:00: Permuting groups of gene with 12 sgRNAs per gene. Group progress: 12/41 
INFO  @ Mon, 30 Jan 2023 13:57:00: Start permuting 2 rounds ... 
INFO  @ Mon, 30 Jan 2023 13:57:00: Collecting 25891 sgRNAs from 3514 genes. 
INFO  @ Mon, 30 Jan 2023 13:57:01: Permuting round 0 ... 
INFO  @ Mon, 30 Jan 2023 13:57:01: Thread 0 started. 
INFO  @ Mon, 30 Jan 2023 13:57:01: Thread 0: total 3514 instances. 
INFO  @ Mon, 30 Jan 2023 13:57:01: Thread 0: Calculating UBC (1) ...  
INFO  @ Mon, 30 Jan 2023 13:57:07: Thread 0: Calculating ZNF639 (1001) ...  
INFO  @ Mon, 30 Jan 2023 13:57:12: Thread 0: Calculating BARD1 (2001) ...  
INFO  @ Mon, 30 Jan 2023 13:57:18: Thread 0: Calculating CFB (3001) ...  
INFO  @ Mon, 30 Jan 2023 13:57:21: Thread 0 completed. 
INFO  @ Mon, 30 Jan 2023 13:57:21: All threads completed. 
INFO  @ Mon, 30 Jan 2023 13:57:22: Permuting round 1 ... 
INFO  @ Mon, 30 Jan 2023 13:57:22: Thread 0 started. 
INFO  @ Mon, 30 Jan 2023 13:57:22: Thread 0: total 3514 instances. 
INFO  @ Mon, 30 Jan 2023 13:57:22: Thread 0: Calculating UBC (1) ...  
INFO  @ Mon, 30 Jan 2023 13:57:28: Thread 0: Calculating ZNF639 (1001) ...  
INFO  @ Mon, 30 Jan 2023 13:57:33: Thread 0: Calculating BARD1 (2001) ...  
INFO  @ Mon, 30 Jan 2023 13:57:39: Thread 0: Calculating CFB (3001) ...  
INFO  @ Mon, 30 Jan 2023 13:57:42: Thread 0 completed. 
INFO  @ Mon, 30 Jan 2023 13:57:42: All threads completed. 
INFO  @ Mon, 30 Jan 2023 13:57:43: Assigning p values... 
INFO  @ Mon, 30 Jan 2023 13:57:43: Permuting groups of gene with 13 sgRNAs per gene. Group progress: 13/41 
INFO  @ Mon, 30 Jan 2023 13:57:43: Start permuting 2 rounds ... 
INFO  @ Mon, 30 Jan 2023 13:57:43: Collecting 25891 sgRNAs from 3514 genes. 
INFO  @ Mon, 30 Jan 2023 13:57:43: Permuting round 0 ... 
INFO  @ Mon, 30 Jan 2023 13:57:43: Thread 0 started. 
INFO  @ Mon, 30 Jan 2023 13:57:43: Thread 0: total 3514 instances. 
INFO  @ Mon, 30 Jan 2023 13:57:43: Thread 0: Calculating UBC (1) ...  
INFO  @ Mon, 30 Jan 2023 13:57:49: Thread 0: Calculating ZNF639 (1001) ...  
INFO  @ Mon, 30 Jan 2023 13:57:55: Thread 0: Calculating BARD1 (2001) ...  
INFO  @ Mon, 30 Jan 2023 13:58:00: Thread 0: Calculating CFB (3001) ...  
INFO  @ Mon, 30 Jan 2023 13:58:03: Thread 0 completed. 
INFO  @ Mon, 30 Jan 2023 13:58:03: All threads completed. 
INFO  @ Mon, 30 Jan 2023 13:58:04: Permuting round 1 ... 
INFO  @ Mon, 30 Jan 2023 13:58:04: Thread 0 started. 
INFO  @ Mon, 30 Jan 2023 13:58:04: Thread 0: total 3514 instances. 
INFO  @ Mon, 30 Jan 2023 13:58:04: Thread 0: Calculating UBC (1) ...  
INFO  @ Mon, 30 Jan 2023 13:58:10: Thread 0: Calculating ZNF639 (1001) ...  
INFO  @ Mon, 30 Jan 2023 13:58:16: Thread 0: Calculating BARD1 (2001) ...  
INFO  @ Mon, 30 Jan 2023 13:58:21: Thread 0: Calculating CFB (3001) ...  
INFO  @ Mon, 30 Jan 2023 13:58:24: Thread 0 completed. 
INFO  @ Mon, 30 Jan 2023 13:58:24: All threads completed. 
INFO  @ Mon, 30 Jan 2023 13:58:25: Assigning p values... 
INFO  @ Mon, 30 Jan 2023 13:58:25: Permuting groups of gene with 14 sgRNAs per gene. Group progress: 14/41 
INFO  @ Mon, 30 Jan 2023 13:58:25: Start permuting 2 rounds ... 
INFO  @ Mon, 30 Jan 2023 13:58:25: Collecting 25891 sgRNAs from 3514 genes. 
INFO  @ Mon, 30 Jan 2023 13:58:26: Permuting round 0 ... 
INFO  @ Mon, 30 Jan 2023 13:58:26: Thread 0 started. 
INFO  @ Mon, 30 Jan 2023 13:58:26: Thread 0: total 3514 instances. 
INFO  @ Mon, 30 Jan 2023 13:58:26: Thread 0: Calculating UBC (1) ...  
INFO  @ Mon, 30 Jan 2023 13:58:31: Thread 0: Calculating ZNF639 (1001) ...  
INFO  @ Mon, 30 Jan 2023 13:58:37: Thread 0: Calculating BARD1 (2001) ...  
INFO  @ Mon, 30 Jan 2023 13:58:43: Thread 0: Calculating CFB (3001) ...  
INFO  @ Mon, 30 Jan 2023 13:58:46: Thread 0 completed. 
INFO  @ Mon, 30 Jan 2023 13:58:46: All threads completed. 
INFO  @ Mon, 30 Jan 2023 13:58:46: Permuting round 1 ... 
INFO  @ Mon, 30 Jan 2023 13:58:46: Thread 0 started. 
INFO  @ Mon, 30 Jan 2023 13:58:47: Thread 0: total 3514 instances. 
INFO  @ Mon, 30 Jan 2023 13:58:47: Thread 0: Calculating UBC (1) ...  
INFO  @ Mon, 30 Jan 2023 13:58:52: Thread 0: Calculating ZNF639 (1001) ...  
INFO  @ Mon, 30 Jan 2023 13:58:58: Thread 0: Calculating BARD1 (2001) ...  
INFO  @ Mon, 30 Jan 2023 13:59:03: Thread 0: Calculating CFB (3001) ...  
INFO  @ Mon, 30 Jan 2023 13:59:06: Thread 0 completed. 
INFO  @ Mon, 30 Jan 2023 13:59:06: All threads completed. 
INFO  @ Mon, 30 Jan 2023 13:59:07: Assigning p values... 
INFO  @ Mon, 30 Jan 2023 13:59:07: Permuting groups of gene with 15 sgRNAs per gene. Group progress: 15/41 
INFO  @ Mon, 30 Jan 2023 13:59:07: Start permuting 2 rounds ... 
INFO  @ Mon, 30 Jan 2023 13:59:07: Collecting 25891 sgRNAs from 3514 genes. 
INFO  @ Mon, 30 Jan 2023 13:59:08: Permuting round 0 ... 
INFO  @ Mon, 30 Jan 2023 13:59:08: Thread 0 started. 
INFO  @ Mon, 30 Jan 2023 13:59:08: Thread 0: total 3514 instances. 
INFO  @ Mon, 30 Jan 2023 13:59:08: Thread 0: Calculating UBC (1) ...  
INFO  @ Mon, 30 Jan 2023 13:59:14: Thread 0: Calculating ZNF639 (1001) ...  
INFO  @ Mon, 30 Jan 2023 13:59:19: Thread 0: Calculating BARD1 (2001) ...  
INFO  @ Mon, 30 Jan 2023 13:59:25: Thread 0: Calculating CFB (3001) ...  
INFO  @ Mon, 30 Jan 2023 13:59:28: Thread 0 completed. 
INFO  @ Mon, 30 Jan 2023 13:59:28: All threads completed. 
INFO  @ Mon, 30 Jan 2023 13:59:29: Permuting round 1 ... 
INFO  @ Mon, 30 Jan 2023 13:59:29: Thread 0 started. 
INFO  @ Mon, 30 Jan 2023 13:59:29: Thread 0: total 3514 instances. 
INFO  @ Mon, 30 Jan 2023 13:59:29: Thread 0: Calculating UBC (1) ...  
INFO  @ Mon, 30 Jan 2023 13:59:34: Thread 0: Calculating ZNF639 (1001) ...  
INFO  @ Mon, 30 Jan 2023 13:59:40: Thread 0: Calculating BARD1 (2001) ...  
INFO  @ Mon, 30 Jan 2023 13:59:46: Thread 0: Calculating CFB (3001) ...  
INFO  @ Mon, 30 Jan 2023 13:59:48: Thread 0 completed. 
INFO  @ Mon, 30 Jan 2023 13:59:48: All threads completed. 
INFO  @ Mon, 30 Jan 2023 13:59:49: Assigning p values... 
INFO  @ Mon, 30 Jan 2023 13:59:49: Permuting groups of gene with 16 sgRNAs per gene. Group progress: 16/41 
INFO  @ Mon, 30 Jan 2023 13:59:49: Start permuting 2 rounds ... 
INFO  @ Mon, 30 Jan 2023 13:59:49: Collecting 25891 sgRNAs from 3514 genes. 
INFO  @ Mon, 30 Jan 2023 13:59:50: Permuting round 0 ... 
INFO  @ Mon, 30 Jan 2023 13:59:50: Thread 0 started. 
INFO  @ Mon, 30 Jan 2023 13:59:50: Thread 0: total 3514 instances. 
INFO  @ Mon, 30 Jan 2023 13:59:50: Thread 0: Calculating UBC (1) ...  
INFO  @ Mon, 30 Jan 2023 13:59:56: Thread 0: Calculating ZNF639 (1001) ...  
INFO  @ Mon, 30 Jan 2023 14:00:01: Thread 0: Calculating BARD1 (2001) ...  
INFO  @ Mon, 30 Jan 2023 14:00:07: Thread 0: Calculating CFB (3001) ...  
INFO  @ Mon, 30 Jan 2023 14:00:10: Thread 0 completed. 
INFO  @ Mon, 30 Jan 2023 14:00:10: All threads completed. 
INFO  @ Mon, 30 Jan 2023 14:00:11: Permuting round 1 ... 
INFO  @ Mon, 30 Jan 2023 14:00:11: Thread 0 started. 
INFO  @ Mon, 30 Jan 2023 14:00:11: Thread 0: total 3514 instances. 
INFO  @ Mon, 30 Jan 2023 14:00:11: Thread 0: Calculating UBC (1) ...  
INFO  @ Mon, 30 Jan 2023 14:00:17: Thread 0: Calculating ZNF639 (1001) ...  
INFO  @ Mon, 30 Jan 2023 14:00:22: Thread 0: Calculating BARD1 (2001) ...  
INFO  @ Mon, 30 Jan 2023 14:00:28: Thread 0: Calculating CFB (3001) ...  
INFO  @ Mon, 30 Jan 2023 14:00:31: Thread 0 completed. 
INFO  @ Mon, 30 Jan 2023 14:00:31: All threads completed. 
INFO  @ Mon, 30 Jan 2023 14:00:32: Assigning p values... 
INFO  @ Mon, 30 Jan 2023 14:00:32: Permuting groups of gene with 17 sgRNAs per gene. Group progress: 17/41 
INFO  @ Mon, 30 Jan 2023 14:00:32: Start permuting 2 rounds ... 
INFO  @ Mon, 30 Jan 2023 14:00:32: Collecting 25891 sgRNAs from 3514 genes. 
INFO  @ Mon, 30 Jan 2023 14:00:32: Permuting round 0 ... 
INFO  @ Mon, 30 Jan 2023 14:00:32: Thread 0 started. 
INFO  @ Mon, 30 Jan 2023 14:00:32: Thread 0: total 3514 instances. 
INFO  @ Mon, 30 Jan 2023 14:00:32: Thread 0: Calculating UBC (1) ...  
INFO  @ Mon, 30 Jan 2023 14:00:38: Thread 0: Calculating ZNF639 (1001) ...  
INFO  @ Mon, 30 Jan 2023 14:00:44: Thread 0: Calculating BARD1 (2001) ...  
INFO  @ Mon, 30 Jan 2023 14:00:50: Thread 0: Calculating CFB (3001) ...  
INFO  @ Mon, 30 Jan 2023 14:00:53: Thread 0 completed. 
INFO  @ Mon, 30 Jan 2023 14:00:53: All threads completed. 
INFO  @ Mon, 30 Jan 2023 14:00:54: Permuting round 1 ... 
INFO  @ Mon, 30 Jan 2023 14:00:54: Thread 0 started. 
INFO  @ Mon, 30 Jan 2023 14:00:54: Thread 0: total 3514 instances. 
INFO  @ Mon, 30 Jan 2023 14:00:54: Thread 0: Calculating UBC (1) ...  
INFO  @ Mon, 30 Jan 2023 14:01:00: Thread 0: Calculating ZNF639 (1001) ...  
INFO  @ Mon, 30 Jan 2023 14:01:06: Thread 0: Calculating BARD1 (2001) ...  
INFO  @ Mon, 30 Jan 2023 14:01:12: Thread 0: Calculating CFB (3001) ...  
INFO  @ Mon, 30 Jan 2023 14:01:15: Thread 0 completed. 
INFO  @ Mon, 30 Jan 2023 14:01:15: All threads completed. 
INFO  @ Mon, 30 Jan 2023 14:01:15: Assigning p values... 
INFO  @ Mon, 30 Jan 2023 14:01:16: Permuting groups of gene with 18 sgRNAs per gene. Group progress: 18/41 
INFO  @ Mon, 30 Jan 2023 14:01:16: Start permuting 2 rounds ... 
INFO  @ Mon, 30 Jan 2023 14:01:16: Collecting 25891 sgRNAs from 3514 genes. 
INFO  @ Mon, 30 Jan 2023 14:01:16: Permuting round 0 ... 
INFO  @ Mon, 30 Jan 2023 14:01:16: Thread 0 started. 
INFO  @ Mon, 30 Jan 2023 14:01:16: Thread 0: total 3514 instances. 
INFO  @ Mon, 30 Jan 2023 14:01:16: Thread 0: Calculating UBC (1) ...  
INFO  @ Mon, 30 Jan 2023 14:01:22: Thread 0: Calculating ZNF639 (1001) ...  
INFO  @ Mon, 30 Jan 2023 14:01:28: Thread 0: Calculating BARD1 (2001) ...  
INFO  @ Mon, 30 Jan 2023 14:01:34: Thread 0: Calculating CFB (3001) ...  
INFO  @ Mon, 30 Jan 2023 14:01:37: Thread 0 completed. 
INFO  @ Mon, 30 Jan 2023 14:01:37: All threads completed. 
INFO  @ Mon, 30 Jan 2023 14:01:38: Permuting round 1 ... 
INFO  @ Mon, 30 Jan 2023 14:01:38: Thread 0 started. 
INFO  @ Mon, 30 Jan 2023 14:01:38: Thread 0: total 3514 instances. 
INFO  @ Mon, 30 Jan 2023 14:01:38: Thread 0: Calculating UBC (1) ...  
INFO  @ Mon, 30 Jan 2023 14:01:44: Thread 0: Calculating ZNF639 (1001) ...  
INFO  @ Mon, 30 Jan 2023 14:01:50: Thread 0: Calculating BARD1 (2001) ...  
INFO  @ Mon, 30 Jan 2023 14:01:56: Thread 0: Calculating CFB (3001) ...  
INFO  @ Mon, 30 Jan 2023 14:01:59: Thread 0 completed. 
INFO  @ Mon, 30 Jan 2023 14:01:59: All threads completed. 
INFO  @ Mon, 30 Jan 2023 14:02:00: Assigning p values... 
INFO  @ Mon, 30 Jan 2023 14:02:00: Permuting groups of gene with 19 sgRNAs per gene. Group progress: 19/41 
INFO  @ Mon, 30 Jan 2023 14:02:00: Start permuting 2 rounds ... 
INFO  @ Mon, 30 Jan 2023 14:02:00: Collecting 25891 sgRNAs from 3514 genes. 
INFO  @ Mon, 30 Jan 2023 14:02:00: Permuting round 0 ... 
INFO  @ Mon, 30 Jan 2023 14:02:01: Thread 0 started. 
INFO  @ Mon, 30 Jan 2023 14:02:01: Thread 0: total 3514 instances. 
INFO  @ Mon, 30 Jan 2023 14:02:01: Thread 0: Calculating UBC (1) ...  
INFO  @ Mon, 30 Jan 2023 14:02:07: Thread 0: Calculating ZNF639 (1001) ...  
INFO  @ Mon, 30 Jan 2023 14:02:12: Thread 0: Calculating BARD1 (2001) ...  
INFO  @ Mon, 30 Jan 2023 14:02:18: Thread 0: Calculating CFB (3001) ...  
INFO  @ Mon, 30 Jan 2023 14:02:22: Thread 0 completed. 
INFO  @ Mon, 30 Jan 2023 14:02:22: All threads completed. 
INFO  @ Mon, 30 Jan 2023 14:02:22: Permuting round 1 ... 
INFO  @ Mon, 30 Jan 2023 14:02:23: Thread 0 started. 
INFO  @ Mon, 30 Jan 2023 14:02:23: Thread 0: total 3514 instances. 
INFO  @ Mon, 30 Jan 2023 14:02:23: Thread 0: Calculating UBC (1) ...  
INFO  @ Mon, 30 Jan 2023 14:02:29: Thread 0: Calculating ZNF639 (1001) ...  
INFO  @ Mon, 30 Jan 2023 14:02:35: Thread 0: Calculating BARD1 (2001) ...  
INFO  @ Mon, 30 Jan 2023 14:02:41: Thread 0: Calculating CFB (3001) ...  
INFO  @ Mon, 30 Jan 2023 14:02:44: Thread 0 completed. 
INFO  @ Mon, 30 Jan 2023 14:02:44: All threads completed. 
INFO  @ Mon, 30 Jan 2023 14:02:45: Assigning p values... 
INFO  @ Mon, 30 Jan 2023 14:02:45: Permuting groups of gene with 20 sgRNAs per gene. Group progress: 20/41 
INFO  @ Mon, 30 Jan 2023 14:02:45: Start permuting 2 rounds ... 
INFO  @ Mon, 30 Jan 2023 14:02:45: Collecting 25891 sgRNAs from 3514 genes. 
INFO  @ Mon, 30 Jan 2023 14:02:45: Permuting round 0 ... 
INFO  @ Mon, 30 Jan 2023 14:02:45: Thread 0 started. 
INFO  @ Mon, 30 Jan 2023 14:02:45: Thread 0: total 3514 instances. 
INFO  @ Mon, 30 Jan 2023 14:02:45: Thread 0: Calculating UBC (1) ...  
INFO  @ Mon, 30 Jan 2023 14:02:52: Thread 0: Calculating ZNF639 (1001) ...  
INFO  @ Mon, 30 Jan 2023 14:02:58: Thread 0: Calculating BARD1 (2001) ...  
INFO  @ Mon, 30 Jan 2023 14:03:04: Thread 0: Calculating CFB (3001) ...  
INFO  @ Mon, 30 Jan 2023 14:03:07: Thread 0 completed. 
INFO  @ Mon, 30 Jan 2023 14:03:07: All threads completed. 
INFO  @ Mon, 30 Jan 2023 14:03:08: Permuting round 1 ... 
INFO  @ Mon, 30 Jan 2023 14:03:08: Thread 0 started. 
INFO  @ Mon, 30 Jan 2023 14:03:08: Thread 0: total 3514 instances. 
INFO  @ Mon, 30 Jan 2023 14:03:08: Thread 0: Calculating UBC (1) ...  
INFO  @ Mon, 30 Jan 2023 14:03:14: Thread 0: Calculating ZNF639 (1001) ...  
INFO  @ Mon, 30 Jan 2023 14:03:21: Thread 0: Calculating BARD1 (2001) ...  
INFO  @ Mon, 30 Jan 2023 14:03:27: Thread 0: Calculating CFB (3001) ...  
INFO  @ Mon, 30 Jan 2023 14:03:30: Thread 0 completed. 
INFO  @ Mon, 30 Jan 2023 14:03:30: All threads completed. 
INFO  @ Mon, 30 Jan 2023 14:03:31: Assigning p values... 
INFO  @ Mon, 30 Jan 2023 14:03:31: Permuting groups of gene with 21 sgRNAs per gene. Group progress: 21/41 
INFO  @ Mon, 30 Jan 2023 14:03:31: Start permuting 2 rounds ... 
INFO  @ Mon, 30 Jan 2023 14:03:31: Collecting 25891 sgRNAs from 3514 genes. 
INFO  @ Mon, 30 Jan 2023 14:03:31: Permuting round 0 ... 
INFO  @ Mon, 30 Jan 2023 14:03:31: Thread 0 started. 
INFO  @ Mon, 30 Jan 2023 14:03:31: Thread 0: total 3514 instances. 
INFO  @ Mon, 30 Jan 2023 14:03:31: Thread 0: Calculating UBC (1) ...  
INFO  @ Mon, 30 Jan 2023 14:03:38: Thread 0: Calculating ZNF639 (1001) ...  
INFO  @ Mon, 30 Jan 2023 14:03:44: Thread 0: Calculating BARD1 (2001) ...  
INFO  @ Mon, 30 Jan 2023 14:03:51: Thread 0: Calculating CFB (3001) ...  
INFO  @ Mon, 30 Jan 2023 14:03:54: Thread 0 completed. 
INFO  @ Mon, 30 Jan 2023 14:03:54: All threads completed. 
INFO  @ Mon, 30 Jan 2023 14:03:55: Permuting round 1 ... 
INFO  @ Mon, 30 Jan 2023 14:03:55: Thread 0 started. 
INFO  @ Mon, 30 Jan 2023 14:03:55: Thread 0: total 3514 instances. 
INFO  @ Mon, 30 Jan 2023 14:03:55: Thread 0: Calculating UBC (1) ...  
INFO  @ Mon, 30 Jan 2023 14:04:01: Thread 0: Calculating ZNF639 (1001) ...  
INFO  @ Mon, 30 Jan 2023 14:04:08: Thread 0: Calculating BARD1 (2001) ...  
INFO  @ Mon, 30 Jan 2023 14:04:14: Thread 0: Calculating CFB (3001) ...  
INFO  @ Mon, 30 Jan 2023 14:04:17: Thread 0 completed. 
INFO  @ Mon, 30 Jan 2023 14:04:17: All threads completed. 
INFO  @ Mon, 30 Jan 2023 14:04:18: Assigning p values... 
INFO  @ Mon, 30 Jan 2023 14:04:18: Permuting groups of gene with 22 sgRNAs per gene. Group progress: 22/41 
INFO  @ Mon, 30 Jan 2023 14:04:18: Start permuting 2 rounds ... 
INFO  @ Mon, 30 Jan 2023 14:04:18: Collecting 25891 sgRNAs from 3514 genes. 
INFO  @ Mon, 30 Jan 2023 14:04:19: Permuting round 0 ... 
INFO  @ Mon, 30 Jan 2023 14:04:19: Thread 0 started. 
INFO  @ Mon, 30 Jan 2023 14:04:19: Thread 0: total 3514 instances. 
INFO  @ Mon, 30 Jan 2023 14:04:19: Thread 0: Calculating UBC (1) ...  
INFO  @ Mon, 30 Jan 2023 14:04:25: Thread 0: Calculating ZNF639 (1001) ...  
INFO  @ Mon, 30 Jan 2023 14:04:32: Thread 0: Calculating BARD1 (2001) ...  
INFO  @ Mon, 30 Jan 2023 14:04:38: Thread 0: Calculating CFB (3001) ...  
INFO  @ Mon, 30 Jan 2023 14:04:41: Thread 0 completed. 
INFO  @ Mon, 30 Jan 2023 14:04:41: All threads completed. 
INFO  @ Mon, 30 Jan 2023 14:04:42: Permuting round 1 ... 
INFO  @ Mon, 30 Jan 2023 14:04:43: Thread 0 started. 
INFO  @ Mon, 30 Jan 2023 14:04:43: Thread 0: total 3514 instances. 
INFO  @ Mon, 30 Jan 2023 14:04:43: Thread 0: Calculating UBC (1) ...  
INFO  @ Mon, 30 Jan 2023 14:04:49: Thread 0: Calculating ZNF639 (1001) ...  
INFO  @ Mon, 30 Jan 2023 14:04:56: Thread 0: Calculating BARD1 (2001) ...  
INFO  @ Mon, 30 Jan 2023 14:05:02: Thread 0: Calculating CFB (3001) ...  
INFO  @ Mon, 30 Jan 2023 14:05:06: Thread 0 completed. 
INFO  @ Mon, 30 Jan 2023 14:05:06: All threads completed. 
INFO  @ Mon, 30 Jan 2023 14:05:06: Assigning p values... 
INFO  @ Mon, 30 Jan 2023 14:05:06: Permuting groups of gene with 23 sgRNAs per gene. Group progress: 23/41 
INFO  @ Mon, 30 Jan 2023 14:05:06: Start permuting 2 rounds ... 
INFO  @ Mon, 30 Jan 2023 14:05:07: Collecting 25891 sgRNAs from 3514 genes. 
INFO  @ Mon, 30 Jan 2023 14:05:07: Permuting round 0 ... 
INFO  @ Mon, 30 Jan 2023 14:05:07: Thread 0 started. 
INFO  @ Mon, 30 Jan 2023 14:05:07: Thread 0: total 3514 instances. 
INFO  @ Mon, 30 Jan 2023 14:05:07: Thread 0: Calculating UBC (1) ...  
INFO  @ Mon, 30 Jan 2023 14:05:13: Thread 0: Calculating ZNF639 (1001) ...  
INFO  @ Mon, 30 Jan 2023 14:05:20: Thread 0: Calculating BARD1 (2001) ...  
INFO  @ Mon, 30 Jan 2023 14:05:26: Thread 0: Calculating CFB (3001) ...  
INFO  @ Mon, 30 Jan 2023 14:05:29: Thread 0 completed. 
INFO  @ Mon, 30 Jan 2023 14:05:29: All threads completed. 
INFO  @ Mon, 30 Jan 2023 14:05:30: Permuting round 1 ... 
INFO  @ Mon, 30 Jan 2023 14:05:30: Thread 0 started. 
INFO  @ Mon, 30 Jan 2023 14:05:30: Thread 0: total 3514 instances. 
INFO  @ Mon, 30 Jan 2023 14:05:30: Thread 0: Calculating UBC (1) ...  
INFO  @ Mon, 30 Jan 2023 14:05:37: Thread 0: Calculating ZNF639 (1001) ...  
INFO  @ Mon, 30 Jan 2023 14:05:44: Thread 0: Calculating BARD1 (2001) ...  
INFO  @ Mon, 30 Jan 2023 14:05:50: Thread 0: Calculating CFB (3001) ...  
INFO  @ Mon, 30 Jan 2023 14:05:53: Thread 0 completed. 
INFO  @ Mon, 30 Jan 2023 14:05:53: All threads completed. 
INFO  @ Mon, 30 Jan 2023 14:05:54: Assigning p values... 
INFO  @ Mon, 30 Jan 2023 14:05:54: Permuting groups of gene with 24 sgRNAs per gene. Group progress: 24/41 
INFO  @ Mon, 30 Jan 2023 14:05:54: Start permuting 2 rounds ... 
INFO  @ Mon, 30 Jan 2023 14:05:55: Collecting 25891 sgRNAs from 3514 genes. 
INFO  @ Mon, 30 Jan 2023 14:05:55: Permuting round 0 ... 
INFO  @ Mon, 30 Jan 2023 14:05:55: Thread 0 started. 
INFO  @ Mon, 30 Jan 2023 14:05:55: Thread 0: total 3514 instances. 
INFO  @ Mon, 30 Jan 2023 14:05:55: Thread 0: Calculating UBC (1) ...  
INFO  @ Mon, 30 Jan 2023 14:06:02: Thread 0: Calculating ZNF639 (1001) ...  
INFO  @ Mon, 30 Jan 2023 14:06:08: Thread 0: Calculating BARD1 (2001) ...  
INFO  @ Mon, 30 Jan 2023 14:06:15: Thread 0: Calculating CFB (3001) ...  
INFO  @ Mon, 30 Jan 2023 14:06:18: Thread 0 completed. 
INFO  @ Mon, 30 Jan 2023 14:06:18: All threads completed. 
INFO  @ Mon, 30 Jan 2023 14:06:19: Permuting round 1 ... 
INFO  @ Mon, 30 Jan 2023 14:06:19: Thread 0 started. 
INFO  @ Mon, 30 Jan 2023 14:06:19: Thread 0: total 3514 instances. 
INFO  @ Mon, 30 Jan 2023 14:06:19: Thread 0: Calculating UBC (1) ...  
INFO  @ Mon, 30 Jan 2023 14:06:26: Thread 0: Calculating ZNF639 (1001) ...  
INFO  @ Mon, 30 Jan 2023 14:06:33: Thread 0: Calculating BARD1 (2001) ...  
INFO  @ Mon, 30 Jan 2023 14:06:39: Thread 0: Calculating CFB (3001) ...  
INFO  @ Mon, 30 Jan 2023 14:06:43: Thread 0 completed. 
INFO  @ Mon, 30 Jan 2023 14:06:43: All threads completed. 
INFO  @ Mon, 30 Jan 2023 14:06:44: Assigning p values... 
INFO  @ Mon, 30 Jan 2023 14:06:44: Permuting groups of gene with 25 sgRNAs per gene. Group progress: 25/41 
INFO  @ Mon, 30 Jan 2023 14:06:44: Start permuting 2 rounds ... 
INFO  @ Mon, 30 Jan 2023 14:06:44: Collecting 25891 sgRNAs from 3514 genes. 
INFO  @ Mon, 30 Jan 2023 14:06:44: Permuting round 0 ... 
INFO  @ Mon, 30 Jan 2023 14:06:44: Thread 0 started. 
INFO  @ Mon, 30 Jan 2023 14:06:44: Thread 0: total 3514 instances. 
INFO  @ Mon, 30 Jan 2023 14:06:44: Thread 0: Calculating UBC (1) ...  
INFO  @ Mon, 30 Jan 2023 14:06:51: Thread 0: Calculating ZNF639 (1001) ...  
INFO  @ Mon, 30 Jan 2023 14:06:58: Thread 0: Calculating BARD1 (2001) ...  
INFO  @ Mon, 30 Jan 2023 14:07:05: Thread 0: Calculating CFB (3001) ...  
INFO  @ Mon, 30 Jan 2023 14:07:08: Thread 0 completed. 
INFO  @ Mon, 30 Jan 2023 14:07:08: All threads completed. 
INFO  @ Mon, 30 Jan 2023 14:07:09: Permuting round 1 ... 
INFO  @ Mon, 30 Jan 2023 14:07:09: Thread 0 started. 
INFO  @ Mon, 30 Jan 2023 14:07:09: Thread 0: total 3514 instances. 
INFO  @ Mon, 30 Jan 2023 14:07:09: Thread 0: Calculating UBC (1) ...  
INFO  @ Mon, 30 Jan 2023 14:07:16: Thread 0: Calculating ZNF639 (1001) ...  
INFO  @ Mon, 30 Jan 2023 14:07:23: Thread 0: Calculating BARD1 (2001) ...  
INFO  @ Mon, 30 Jan 2023 14:07:30: Thread 0: Calculating CFB (3001) ...  
INFO  @ Mon, 30 Jan 2023 14:07:34: Thread 0 completed. 
INFO  @ Mon, 30 Jan 2023 14:07:34: All threads completed. 
INFO  @ Mon, 30 Jan 2023 14:07:35: Assigning p values... 
INFO  @ Mon, 30 Jan 2023 14:07:35: Permuting groups of gene with 27 sgRNAs per gene. Group progress: 26/41 
INFO  @ Mon, 30 Jan 2023 14:07:35: Start permuting 2 rounds ... 
INFO  @ Mon, 30 Jan 2023 14:07:35: Collecting 25891 sgRNAs from 3514 genes. 
INFO  @ Mon, 30 Jan 2023 14:07:35: Permuting round 0 ... 
INFO  @ Mon, 30 Jan 2023 14:07:35: Thread 0 started. 
INFO  @ Mon, 30 Jan 2023 14:07:35: Thread 0: total 3514 instances. 
INFO  @ Mon, 30 Jan 2023 14:07:35: Thread 0: Calculating UBC (1) ...  
INFO  @ Mon, 30 Jan 2023 14:07:42: Thread 0: Calculating ZNF639 (1001) ...  
INFO  @ Mon, 30 Jan 2023 14:07:49: Thread 0: Calculating BARD1 (2001) ...  
INFO  @ Mon, 30 Jan 2023 14:07:56: Thread 0: Calculating CFB (3001) ...  
INFO  @ Mon, 30 Jan 2023 14:08:00: Thread 0 completed. 
INFO  @ Mon, 30 Jan 2023 14:08:00: All threads completed. 
INFO  @ Mon, 30 Jan 2023 14:08:01: Permuting round 1 ... 
INFO  @ Mon, 30 Jan 2023 14:08:01: Thread 0 started. 
INFO  @ Mon, 30 Jan 2023 14:08:01: Thread 0: total 3514 instances. 
INFO  @ Mon, 30 Jan 2023 14:08:01: Thread 0: Calculating UBC (1) ...  
INFO  @ Mon, 30 Jan 2023 14:08:08: Thread 0: Calculating ZNF639 (1001) ...  
INFO  @ Mon, 30 Jan 2023 14:08:15: Thread 0: Calculating BARD1 (2001) ...  
INFO  @ Mon, 30 Jan 2023 14:08:22: Thread 0: Calculating CFB (3001) ...  
INFO  @ Mon, 30 Jan 2023 14:08:25: Thread 0 completed. 
INFO  @ Mon, 30 Jan 2023 14:08:25: All threads completed. 
INFO  @ Mon, 30 Jan 2023 14:08:26: Assigning p values... 
INFO  @ Mon, 30 Jan 2023 14:08:26: Permuting groups of gene with 28 sgRNAs per gene. Group progress: 27/41 
INFO  @ Mon, 30 Jan 2023 14:08:26: Start permuting 2 rounds ... 
INFO  @ Mon, 30 Jan 2023 14:08:27: Collecting 25891 sgRNAs from 3514 genes. 
INFO  @ Mon, 30 Jan 2023 14:08:27: Permuting round 0 ... 
INFO  @ Mon, 30 Jan 2023 14:08:27: Thread 0 started. 
INFO  @ Mon, 30 Jan 2023 14:08:27: Thread 0: total 3514 instances. 
INFO  @ Mon, 30 Jan 2023 14:08:27: Thread 0: Calculating UBC (1) ...  
INFO  @ Mon, 30 Jan 2023 14:08:34: Thread 0: Calculating ZNF639 (1001) ...  
INFO  @ Mon, 30 Jan 2023 14:08:41: Thread 0: Calculating BARD1 (2001) ...  
INFO  @ Mon, 30 Jan 2023 14:08:49: Thread 0: Calculating CFB (3001) ...  
INFO  @ Mon, 30 Jan 2023 14:08:52: Thread 0 completed. 
INFO  @ Mon, 30 Jan 2023 14:08:52: All threads completed. 
INFO  @ Mon, 30 Jan 2023 14:08:53: Permuting round 1 ... 
INFO  @ Mon, 30 Jan 2023 14:08:53: Thread 0 started. 
INFO  @ Mon, 30 Jan 2023 14:08:53: Thread 0: total 3514 instances. 
INFO  @ Mon, 30 Jan 2023 14:08:53: Thread 0: Calculating UBC (1) ...  
INFO  @ Mon, 30 Jan 2023 14:09:01: Thread 0: Calculating ZNF639 (1001) ...  
INFO  @ Mon, 30 Jan 2023 14:09:08: Thread 0: Calculating BARD1 (2001) ...  
INFO  @ Mon, 30 Jan 2023 14:09:15: Thread 0: Calculating CFB (3001) ...  
INFO  @ Mon, 30 Jan 2023 14:09:19: Thread 0 completed. 
INFO  @ Mon, 30 Jan 2023 14:09:19: All threads completed. 
INFO  @ Mon, 30 Jan 2023 14:09:20: Assigning p values... 
INFO  @ Mon, 30 Jan 2023 14:09:20: Permuting groups of gene with 30 sgRNAs per gene. Group progress: 28/41 
INFO  @ Mon, 30 Jan 2023 14:09:20: Start permuting 2 rounds ... 
INFO  @ Mon, 30 Jan 2023 14:09:20: Collecting 25891 sgRNAs from 3514 genes. 
INFO  @ Mon, 30 Jan 2023 14:09:20: Permuting round 0 ... 
INFO  @ Mon, 30 Jan 2023 14:09:20: Thread 0 started. 
INFO  @ Mon, 30 Jan 2023 14:09:20: Thread 0: total 3514 instances. 
INFO  @ Mon, 30 Jan 2023 14:09:20: Thread 0: Calculating UBC (1) ...  
INFO  @ Mon, 30 Jan 2023 14:09:28: Thread 0: Calculating ZNF639 (1001) ...  
INFO  @ Mon, 30 Jan 2023 14:09:36: Thread 0: Calculating BARD1 (2001) ...  
INFO  @ Mon, 30 Jan 2023 14:09:43: Thread 0: Calculating CFB (3001) ...  
INFO  @ Mon, 30 Jan 2023 14:09:47: Thread 0 completed. 
INFO  @ Mon, 30 Jan 2023 14:09:47: All threads completed. 
INFO  @ Mon, 30 Jan 2023 14:09:48: Permuting round 1 ... 
INFO  @ Mon, 30 Jan 2023 14:09:48: Thread 0 started. 
INFO  @ Mon, 30 Jan 2023 14:09:48: Thread 0: total 3514 instances. 
INFO  @ Mon, 30 Jan 2023 14:09:48: Thread 0: Calculating UBC (1) ...  
INFO  @ Mon, 30 Jan 2023 14:09:56: Thread 0: Calculating ZNF639 (1001) ...  
INFO  @ Mon, 30 Jan 2023 14:10:04: Thread 0: Calculating BARD1 (2001) ...  
INFO  @ Mon, 30 Jan 2023 14:10:11: Thread 0: Calculating CFB (3001) ...  
INFO  @ Mon, 30 Jan 2023 14:10:15: Thread 0 completed. 
INFO  @ Mon, 30 Jan 2023 14:10:15: All threads completed. 
INFO  @ Mon, 30 Jan 2023 14:10:16: Assigning p values... 
INFO  @ Mon, 30 Jan 2023 14:10:17: Permuting groups of gene with 31 sgRNAs per gene. Group progress: 29/41 
INFO  @ Mon, 30 Jan 2023 14:10:17: Start permuting 2 rounds ... 
INFO  @ Mon, 30 Jan 2023 14:10:17: Collecting 25891 sgRNAs from 3514 genes. 
INFO  @ Mon, 30 Jan 2023 14:10:17: Permuting round 0 ... 
INFO  @ Mon, 30 Jan 2023 14:10:17: Thread 0 started. 
INFO  @ Mon, 30 Jan 2023 14:10:17: Thread 0: total 3514 instances. 
INFO  @ Mon, 30 Jan 2023 14:10:17: Thread 0: Calculating UBC (1) ...  
INFO  @ Mon, 30 Jan 2023 14:10:25: Thread 0: Calculating ZNF639 (1001) ...  
INFO  @ Mon, 30 Jan 2023 14:10:32: Thread 0: Calculating BARD1 (2001) ...  
INFO  @ Mon, 30 Jan 2023 14:10:40: Thread 0: Calculating CFB (3001) ...  
INFO  @ Mon, 30 Jan 2023 14:10:44: Thread 0 completed. 
INFO  @ Mon, 30 Jan 2023 14:10:44: All threads completed. 
INFO  @ Mon, 30 Jan 2023 14:10:45: Permuting round 1 ... 
INFO  @ Mon, 30 Jan 2023 14:10:45: Thread 0 started. 
INFO  @ Mon, 30 Jan 2023 14:10:45: Thread 0: total 3514 instances. 
INFO  @ Mon, 30 Jan 2023 14:10:45: Thread 0: Calculating UBC (1) ...  
INFO  @ Mon, 30 Jan 2023 14:10:52: Thread 0: Calculating ZNF639 (1001) ...  
INFO  @ Mon, 30 Jan 2023 14:11:00: Thread 0: Calculating BARD1 (2001) ...  
INFO  @ Mon, 30 Jan 2023 14:11:08: Thread 0: Calculating CFB (3001) ...  
INFO  @ Mon, 30 Jan 2023 14:11:12: Thread 0 completed. 
INFO  @ Mon, 30 Jan 2023 14:11:12: All threads completed. 
INFO  @ Mon, 30 Jan 2023 14:11:13: Assigning p values... 
INFO  @ Mon, 30 Jan 2023 14:11:13: Permuting groups of gene with 32 sgRNAs per gene. Group progress: 30/41 
INFO  @ Mon, 30 Jan 2023 14:11:13: Start permuting 2 rounds ... 
INFO  @ Mon, 30 Jan 2023 14:11:13: Collecting 25891 sgRNAs from 3514 genes. 
INFO  @ Mon, 30 Jan 2023 14:11:13: Permuting round 0 ... 
INFO  @ Mon, 30 Jan 2023 14:11:13: Thread 0 started. 
INFO  @ Mon, 30 Jan 2023 14:11:13: Thread 0: total 3514 instances. 
INFO  @ Mon, 30 Jan 2023 14:11:13: Thread 0: Calculating UBC (1) ...  
INFO  @ Mon, 30 Jan 2023 14:11:21: Thread 0: Calculating ZNF639 (1001) ...  
INFO  @ Mon, 30 Jan 2023 14:11:29: Thread 0: Calculating BARD1 (2001) ...  
INFO  @ Mon, 30 Jan 2023 14:11:37: Thread 0: Calculating CFB (3001) ...  
INFO  @ Mon, 30 Jan 2023 14:11:41: Thread 0 completed. 
INFO  @ Mon, 30 Jan 2023 14:11:41: All threads completed. 
INFO  @ Mon, 30 Jan 2023 14:11:42: Permuting round 1 ... 
INFO  @ Mon, 30 Jan 2023 14:11:42: Thread 0 started. 
INFO  @ Mon, 30 Jan 2023 14:11:42: Thread 0: total 3514 instances. 
INFO  @ Mon, 30 Jan 2023 14:11:42: Thread 0: Calculating UBC (1) ...  
INFO  @ Mon, 30 Jan 2023 14:11:50: Thread 0: Calculating ZNF639 (1001) ...  
INFO  @ Mon, 30 Jan 2023 14:11:57: Thread 0: Calculating BARD1 (2001) ...  
INFO  @ Mon, 30 Jan 2023 14:12:05: Thread 0: Calculating CFB (3001) ...  
INFO  @ Mon, 30 Jan 2023 14:12:09: Thread 0 completed. 
INFO  @ Mon, 30 Jan 2023 14:12:09: All threads completed. 
INFO  @ Mon, 30 Jan 2023 14:12:10: Assigning p values... 
INFO  @ Mon, 30 Jan 2023 14:12:10: Permuting groups of gene with 33 sgRNAs per gene. Group progress: 31/41 
INFO  @ Mon, 30 Jan 2023 14:12:10: Start permuting 2 rounds ... 
INFO  @ Mon, 30 Jan 2023 14:12:11: Collecting 25891 sgRNAs from 3514 genes. 
INFO  @ Mon, 30 Jan 2023 14:12:11: Permuting round 0 ... 
INFO  @ Mon, 30 Jan 2023 14:12:11: Thread 0 started. 
INFO  @ Mon, 30 Jan 2023 14:12:11: Thread 0: total 3514 instances. 
INFO  @ Mon, 30 Jan 2023 14:12:11: Thread 0: Calculating UBC (1) ...  
INFO  @ Mon, 30 Jan 2023 14:12:19: Thread 0: Calculating ZNF639 (1001) ...  
INFO  @ Mon, 30 Jan 2023 14:12:27: Thread 0: Calculating BARD1 (2001) ...  
INFO  @ Mon, 30 Jan 2023 14:12:35: Thread 0: Calculating CFB (3001) ...  
INFO  @ Mon, 30 Jan 2023 14:12:39: Thread 0 completed. 
INFO  @ Mon, 30 Jan 2023 14:12:39: All threads completed. 
INFO  @ Mon, 30 Jan 2023 14:12:40: Permuting round 1 ... 
INFO  @ Mon, 30 Jan 2023 14:12:40: Thread 0 started. 
INFO  @ Mon, 30 Jan 2023 14:12:40: Thread 0: total 3514 instances. 
INFO  @ Mon, 30 Jan 2023 14:12:40: Thread 0: Calculating UBC (1) ...  
INFO  @ Mon, 30 Jan 2023 14:12:49: Thread 0: Calculating ZNF639 (1001) ...  
INFO  @ Mon, 30 Jan 2023 14:12:57: Thread 0: Calculating BARD1 (2001) ...  
INFO  @ Mon, 30 Jan 2023 14:13:05: Thread 0: Calculating CFB (3001) ...  
INFO  @ Mon, 30 Jan 2023 14:13:09: Thread 0 completed. 
INFO  @ Mon, 30 Jan 2023 14:13:09: All threads completed. 
INFO  @ Mon, 30 Jan 2023 14:13:10: Assigning p values... 
INFO  @ Mon, 30 Jan 2023 14:13:10: Permuting groups of gene with 34 sgRNAs per gene. Group progress: 32/41 
INFO  @ Mon, 30 Jan 2023 14:13:10: Start permuting 2 rounds ... 
INFO  @ Mon, 30 Jan 2023 14:13:10: Collecting 25891 sgRNAs from 3514 genes. 
INFO  @ Mon, 30 Jan 2023 14:13:11: Permuting round 0 ... 
INFO  @ Mon, 30 Jan 2023 14:13:11: Thread 0 started. 
INFO  @ Mon, 30 Jan 2023 14:13:11: Thread 0: total 3514 instances. 
INFO  @ Mon, 30 Jan 2023 14:13:11: Thread 0: Calculating UBC (1) ...  
INFO  @ Mon, 30 Jan 2023 14:13:19: Thread 0: Calculating ZNF639 (1001) ...  
INFO  @ Mon, 30 Jan 2023 14:13:27: Thread 0: Calculating BARD1 (2001) ...  
INFO  @ Mon, 30 Jan 2023 14:13:36: Thread 0: Calculating CFB (3001) ...  
INFO  @ Mon, 30 Jan 2023 14:13:40: Thread 0 completed. 
INFO  @ Mon, 30 Jan 2023 14:13:40: All threads completed. 
INFO  @ Mon, 30 Jan 2023 14:13:41: Permuting round 1 ... 
INFO  @ Mon, 30 Jan 2023 14:13:41: Thread 0 started. 
INFO  @ Mon, 30 Jan 2023 14:13:41: Thread 0: total 3514 instances. 
INFO  @ Mon, 30 Jan 2023 14:13:41: Thread 0: Calculating UBC (1) ...  
INFO  @ Mon, 30 Jan 2023 14:13:50: Thread 0: Calculating ZNF639 (1001) ...  
INFO  @ Mon, 30 Jan 2023 14:13:58: Thread 0: Calculating BARD1 (2001) ...  
INFO  @ Mon, 30 Jan 2023 14:14:07: Thread 0: Calculating CFB (3001) ...  
INFO  @ Mon, 30 Jan 2023 14:14:11: Thread 0 completed. 
INFO  @ Mon, 30 Jan 2023 14:14:11: All threads completed. 
INFO  @ Mon, 30 Jan 2023 14:14:12: Assigning p values... 
INFO  @ Mon, 30 Jan 2023 14:14:12: Permuting groups of gene with 37 sgRNAs per gene. Group progress: 33/41 
INFO  @ Mon, 30 Jan 2023 14:14:12: Start permuting 2 rounds ... 
INFO  @ Mon, 30 Jan 2023 14:14:12: Collecting 25891 sgRNAs from 3514 genes. 
INFO  @ Mon, 30 Jan 2023 14:14:12: Permuting round 0 ... 
INFO  @ Mon, 30 Jan 2023 14:14:13: Thread 0 started. 
INFO  @ Mon, 30 Jan 2023 14:14:13: Thread 0: total 3514 instances. 
INFO  @ Mon, 30 Jan 2023 14:14:13: Thread 0: Calculating UBC (1) ...  
INFO  @ Mon, 30 Jan 2023 14:14:22: Thread 0: Calculating ZNF639 (1001) ...  
INFO  @ Mon, 30 Jan 2023 14:14:31: Thread 0: Calculating BARD1 (2001) ...  
INFO  @ Mon, 30 Jan 2023 14:14:40: Thread 0: Calculating CFB (3001) ...  
INFO  @ Mon, 30 Jan 2023 14:14:44: Thread 0 completed. 
INFO  @ Mon, 30 Jan 2023 14:14:44: All threads completed. 
INFO  @ Mon, 30 Jan 2023 14:14:45: Permuting round 1 ... 
INFO  @ Mon, 30 Jan 2023 14:14:46: Thread 0 started. 
INFO  @ Mon, 30 Jan 2023 14:14:46: Thread 0: total 3514 instances. 
INFO  @ Mon, 30 Jan 2023 14:14:46: Thread 0: Calculating UBC (1) ...  
INFO  @ Mon, 30 Jan 2023 14:14:55: Thread 0: Calculating ZNF639 (1001) ...  
INFO  @ Mon, 30 Jan 2023 14:15:05: Thread 0: Calculating BARD1 (2001) ...  
INFO  @ Mon, 30 Jan 2023 14:15:14: Thread 0: Calculating CFB (3001) ...  
INFO  @ Mon, 30 Jan 2023 14:15:19: Thread 0 completed. 
INFO  @ Mon, 30 Jan 2023 14:15:19: All threads completed. 
INFO  @ Mon, 30 Jan 2023 14:15:20: Assigning p values... 
INFO  @ Mon, 30 Jan 2023 14:15:20: Groups of gene with 41 sgRNAs per gene: assigning p values based on previous group results. Group progress: 34/41 
INFO  @ Mon, 30 Jan 2023 14:15:20: Groups of gene with 42 sgRNAs per gene: assigning p values based on previous group results. Group progress: 35/41 
INFO  @ Mon, 30 Jan 2023 14:15:20: Groups of gene with 45 sgRNAs per gene: assigning p values based on previous group results. Group progress: 36/41 
INFO  @ Mon, 30 Jan 2023 14:15:20: Groups of gene with 47 sgRNAs per gene: assigning p values based on previous group results. Group progress: 37/41 
INFO  @ Mon, 30 Jan 2023 14:15:20: Groups of gene with 48 sgRNAs per gene: assigning p values based on previous group results. Group progress: 38/41 
INFO  @ Mon, 30 Jan 2023 14:15:20: Groups of gene with 49 sgRNAs per gene: assigning p values based on previous group results. Group progress: 39/41 
INFO  @ Mon, 30 Jan 2023 14:15:20: Groups of gene with 56 sgRNAs per gene: assigning p values based on previous group results. Group progress: 40/41 
INFO  @ Mon, 30 Jan 2023 14:15:20: Groups of gene with 67 sgRNAs per gene: assigning p values based on previous group results. Group progress: 41/41 
INFO  @ Mon, 30 Jan 2023 14:15:21: Writing gene results to mle_HCT116-Ts3.gene_summary.txt 
INFO  @ Mon, 30 Jan 2023 14:15:21: Writing sgRNA results to mle_HCT116-Ts3.sgrna_summary.txt 
