INFO  @ Tue, 14 Feb 2023 11:06:27: Parameters: /gpfs/ysm/project/sheltzer/rah88/conda_envs/mageck/bin/mageck mle -k count-DLD1-Cont3-i.f.csv -d matrixCont3.txt -n mle_DLD1-Cont3 
INFO  @ Tue, 14 Feb 2023 11:06:28: Cannot parse design matrix as a string; try to parse it as a file name ... 
INFO  @ Tue, 14 Feb 2023 11:06:28: Design matrix: 
INFO  @ Tue, 14 Feb 2023 11:06:28: [[1. 0.] 
INFO  @ Tue, 14 Feb 2023 11:06:28:  [1. 1.]] 
INFO  @ Tue, 14 Feb 2023 11:06:28: Beta labels:baseline,Cont3 
INFO  @ Tue, 14 Feb 2023 11:06:28: Included samples:DLD1-Cont3.initial,DLD1-Cont3.final 
INFO  @ Tue, 14 Feb 2023 11:06:28: Treating count-DLD1-Cont3-i.f.csv as csv file ... 
INFO  @ Tue, 14 Feb 2023 11:06:28: Loaded samples:DLD1-Cont3.initial;DLD1-Cont3.final 
INFO  @ Tue, 14 Feb 2023 11:06:28: Sample index: 0;1 
INFO  @ Tue, 14 Feb 2023 11:06:28: Loaded 3516 genes. 
DEBUG @ Tue, 14 Feb 2023 11:06:28: Initial (total) size factor: 0.9674346906719216 1.0348340741262345 
DEBUG @ Tue, 14 Feb 2023 11:06:28: Median factor: 0.9692342655756955 1.0405245554141902 
INFO  @ Tue, 14 Feb 2023 11:06:28: Final size factor: 0.9692342655756955 1.0405245554141902 
INFO  @ Tue, 14 Feb 2023 11:06:28: size factor: 1.0317423099007241,0.9610537250626834 
INFO  @ Tue, 14 Feb 2023 11:06:29: Thread 0 started. 
INFO  @ Tue, 14 Feb 2023 11:06:29: Thread 0: total 1 instances. 
INFO  @ Tue, 14 Feb 2023 11:06:29: Thread 0 completed. 
INFO  @ Tue, 14 Feb 2023 11:06:29: All threads completed. 
INFO  @ Tue, 14 Feb 2023 11:06:29: Modeling the mean and variance ... 
INFO  @ Tue, 14 Feb 2023 11:06:29: Run the algorithm for the second time ... 
INFO  @ Tue, 14 Feb 2023 11:06:29: Skipping gene NKX2 from MLE calculation since there are too many sgRNAs. To change, revise the --max-sgrnapergene-permutation option. 
INFO  @ Tue, 14 Feb 2023 11:06:29: Skipping gene PBRM1 from MLE calculation since there are too many sgRNAs. To change, revise the --max-sgrnapergene-permutation option. 
INFO  @ Tue, 14 Feb 2023 11:06:29: Skipping gene KDM2A from MLE calculation since there are too many sgRNAs. To change, revise the --max-sgrnapergene-permutation option. 
INFO  @ Tue, 14 Feb 2023 11:06:29: Skipping gene KDM2B from MLE calculation since there are too many sgRNAs. To change, revise the --max-sgrnapergene-permutation option. 
INFO  @ Tue, 14 Feb 2023 11:06:29: Skipping gene KMT2A from MLE calculation since there are too many sgRNAs. To change, revise the --max-sgrnapergene-permutation option. 
INFO  @ Tue, 14 Feb 2023 11:06:29: Skipping gene KMT2B from MLE calculation since there are too many sgRNAs. To change, revise the --max-sgrnapergene-permutation option. 
INFO  @ Tue, 14 Feb 2023 11:06:29: Skipping gene KMT2C from MLE calculation since there are too many sgRNAs. To change, revise the --max-sgrnapergene-permutation option. 
INFO  @ Tue, 14 Feb 2023 11:06:29: Skipping gene KMT2D from MLE calculation since there are too many sgRNAs. To change, revise the --max-sgrnapergene-permutation option. 
INFO  @ Tue, 14 Feb 2023 11:06:29: Skipping gene NSD1 from MLE calculation since there are too many sgRNAs. To change, revise the --max-sgrnapergene-permutation option. 
INFO  @ Tue, 14 Feb 2023 11:06:29: Skipping gene RNF17 from MLE calculation since there are too many sgRNAs. To change, revise the --max-sgrnapergene-permutation option. 
INFO  @ Tue, 14 Feb 2023 11:06:29: Skipping gene TDRD6 from MLE calculation since there are too many sgRNAs. To change, revise the --max-sgrnapergene-permutation option. 
INFO  @ Tue, 14 Feb 2023 11:06:29: Thread 0 started. 
INFO  @ Tue, 14 Feb 2023 11:06:29: Thread 0: total 3505 instances. 
INFO  @ Tue, 14 Feb 2023 11:06:29: Thread 0: Calculating AATK (1) ...  
INFO  @ Tue, 14 Feb 2023 11:06:46: Thread 0: Calculating NFXL1 (1001) ...  
INFO  @ Tue, 14 Feb 2023 11:07:05: Thread 0: Calculating NO66 (2001) ...  
INFO  @ Tue, 14 Feb 2023 11:07:23: Thread 0: Calculating RNF170 (3001) ...  
INFO  @ Tue, 14 Feb 2023 11:07:36: Thread 0 completed. 
INFO  @ Tue, 14 Feb 2023 11:07:36: All threads completed. 
INFO  @ Tue, 14 Feb 2023 11:07:37: Permuting groups of gene with 1 sgRNAs per gene. Group progress: 1/41 
INFO  @ Tue, 14 Feb 2023 11:07:37: Start permuting 2 rounds ... 
INFO  @ Tue, 14 Feb 2023 11:07:38: Collecting 26156 sgRNAs from 3516 genes. 
INFO  @ Tue, 14 Feb 2023 11:07:38: Permuting round 0 ... 
INFO  @ Tue, 14 Feb 2023 11:07:39: Thread 0 started. 
INFO  @ Tue, 14 Feb 2023 11:07:39: Thread 0: total 3516 instances. 
INFO  @ Tue, 14 Feb 2023 11:07:39: Thread 0: Calculating AATK (1) ...  
INFO  @ Tue, 14 Feb 2023 11:07:46: Thread 0: Calculating NFXL1 (1001) ...  
INFO  @ Tue, 14 Feb 2023 11:07:54: Thread 0: Calculating MLL1 (2001) ...  
INFO  @ Tue, 14 Feb 2023 11:08:01: Thread 0: Calculating RNF146 (3001) ...  
INFO  @ Tue, 14 Feb 2023 11:08:05: Thread 0 completed. 
INFO  @ Tue, 14 Feb 2023 11:08:05: All threads completed. 
INFO  @ Tue, 14 Feb 2023 11:08:07: Permuting round 1 ... 
INFO  @ Tue, 14 Feb 2023 11:08:07: Thread 0 started. 
INFO  @ Tue, 14 Feb 2023 11:08:07: Thread 0: total 3516 instances. 
INFO  @ Tue, 14 Feb 2023 11:08:07: Thread 0: Calculating AATK (1) ...  
INFO  @ Tue, 14 Feb 2023 11:08:14: Thread 0: Calculating NFXL1 (1001) ...  
INFO  @ Tue, 14 Feb 2023 11:08:22: Thread 0: Calculating MLL1 (2001) ...  
INFO  @ Tue, 14 Feb 2023 11:08:29: Thread 0: Calculating RNF146 (3001) ...  
INFO  @ Tue, 14 Feb 2023 11:08:33: Thread 0 completed. 
INFO  @ Tue, 14 Feb 2023 11:08:33: All threads completed. 
INFO  @ Tue, 14 Feb 2023 11:08:34: Assigning p values... 
INFO  @ Tue, 14 Feb 2023 11:08:34: Permuting groups of gene with 2 sgRNAs per gene. Group progress: 2/41 
INFO  @ Tue, 14 Feb 2023 11:08:34: Start permuting 2 rounds ... 
INFO  @ Tue, 14 Feb 2023 11:08:35: Collecting 26156 sgRNAs from 3516 genes. 
INFO  @ Tue, 14 Feb 2023 11:08:35: Permuting round 0 ... 
INFO  @ Tue, 14 Feb 2023 11:08:36: Thread 0 started. 
INFO  @ Tue, 14 Feb 2023 11:08:36: Thread 0: total 3516 instances. 
INFO  @ Tue, 14 Feb 2023 11:08:36: Thread 0: Calculating AATK (1) ...  
INFO  @ Tue, 14 Feb 2023 11:08:54: Thread 0: Calculating NFXL1 (1001) ...  
INFO  @ Tue, 14 Feb 2023 11:09:13: Thread 0: Calculating MLL1 (2001) ...  
INFO  @ Tue, 14 Feb 2023 11:09:32: Thread 0: Calculating RNF146 (3001) ...  
INFO  @ Tue, 14 Feb 2023 11:09:45: Thread 0 completed. 
INFO  @ Tue, 14 Feb 2023 11:09:45: All threads completed. 
INFO  @ Tue, 14 Feb 2023 11:09:47: Permuting round 1 ... 
INFO  @ Tue, 14 Feb 2023 11:09:47: Thread 0 started. 
INFO  @ Tue, 14 Feb 2023 11:09:47: Thread 0: total 3516 instances. 
INFO  @ Tue, 14 Feb 2023 11:09:47: Thread 0: Calculating AATK (1) ...  
INFO  @ Tue, 14 Feb 2023 11:10:08: Thread 0: Calculating NFXL1 (1001) ...  
INFO  @ Tue, 14 Feb 2023 11:10:41: Thread 0: Calculating MLL1 (2001) ...  
INFO  @ Tue, 14 Feb 2023 11:11:05: Thread 0: Calculating RNF146 (3001) ...  
INFO  @ Tue, 14 Feb 2023 11:11:16: Thread 0 completed. 
INFO  @ Tue, 14 Feb 2023 11:11:16: All threads completed. 
INFO  @ Tue, 14 Feb 2023 11:11:17: Assigning p values... 
INFO  @ Tue, 14 Feb 2023 11:11:17: Permuting groups of gene with 3 sgRNAs per gene. Group progress: 3/41 
INFO  @ Tue, 14 Feb 2023 11:11:17: Start permuting 2 rounds ... 
INFO  @ Tue, 14 Feb 2023 11:11:18: Collecting 26156 sgRNAs from 3516 genes. 
INFO  @ Tue, 14 Feb 2023 11:11:19: Permuting round 0 ... 
INFO  @ Tue, 14 Feb 2023 11:11:19: Thread 0 started. 
INFO  @ Tue, 14 Feb 2023 11:11:19: Thread 0: total 3516 instances. 
INFO  @ Tue, 14 Feb 2023 11:11:19: Thread 0: Calculating AATK (1) ...  
INFO  @ Tue, 14 Feb 2023 11:11:38: Thread 0: Calculating NFXL1 (1001) ...  
INFO  @ Tue, 14 Feb 2023 11:11:54: Thread 0: Calculating MLL1 (2001) ...  
INFO  @ Tue, 14 Feb 2023 11:12:12: Thread 0: Calculating RNF146 (3001) ...  
INFO  @ Tue, 14 Feb 2023 11:12:21: Thread 0 completed. 
INFO  @ Tue, 14 Feb 2023 11:12:21: All threads completed. 
INFO  @ Tue, 14 Feb 2023 11:12:22: Permuting round 1 ... 
INFO  @ Tue, 14 Feb 2023 11:12:22: Thread 0 started. 
INFO  @ Tue, 14 Feb 2023 11:12:22: Thread 0: total 3516 instances. 
INFO  @ Tue, 14 Feb 2023 11:12:23: Thread 0: Calculating AATK (1) ...  
INFO  @ Tue, 14 Feb 2023 11:12:40: Thread 0: Calculating NFXL1 (1001) ...  
INFO  @ Tue, 14 Feb 2023 11:12:57: Thread 0: Calculating MLL1 (2001) ...  
INFO  @ Tue, 14 Feb 2023 11:13:13: Thread 0: Calculating RNF146 (3001) ...  
INFO  @ Tue, 14 Feb 2023 11:13:22: Thread 0 completed. 
INFO  @ Tue, 14 Feb 2023 11:13:22: All threads completed. 
INFO  @ Tue, 14 Feb 2023 11:13:24: Assigning p values... 
INFO  @ Tue, 14 Feb 2023 11:13:24: Permuting groups of gene with 4 sgRNAs per gene. Group progress: 4/41 
INFO  @ Tue, 14 Feb 2023 11:13:24: Start permuting 2 rounds ... 
INFO  @ Tue, 14 Feb 2023 11:13:24: Collecting 26156 sgRNAs from 3516 genes. 
INFO  @ Tue, 14 Feb 2023 11:13:25: Permuting round 0 ... 
INFO  @ Tue, 14 Feb 2023 11:13:25: Thread 0 started. 
INFO  @ Tue, 14 Feb 2023 11:13:25: Thread 0: total 3516 instances. 
INFO  @ Tue, 14 Feb 2023 11:13:25: Thread 0: Calculating AATK (1) ...  
INFO  @ Tue, 14 Feb 2023 11:13:43: Thread 0: Calculating NFXL1 (1001) ...  
INFO  @ Tue, 14 Feb 2023 11:14:01: Thread 0: Calculating MLL1 (2001) ...  
INFO  @ Tue, 14 Feb 2023 11:14:18: Thread 0: Calculating RNF146 (3001) ...  
INFO  @ Tue, 14 Feb 2023 11:14:27: Thread 0 completed. 
INFO  @ Tue, 14 Feb 2023 11:14:27: All threads completed. 
INFO  @ Tue, 14 Feb 2023 11:14:28: Permuting round 1 ... 
INFO  @ Tue, 14 Feb 2023 11:14:28: Thread 0 started. 
INFO  @ Tue, 14 Feb 2023 11:14:28: Thread 0: total 3516 instances. 
INFO  @ Tue, 14 Feb 2023 11:14:28: Thread 0: Calculating AATK (1) ...  
INFO  @ Tue, 14 Feb 2023 11:14:49: Thread 0: Calculating NFXL1 (1001) ...  
INFO  @ Tue, 14 Feb 2023 11:15:07: Thread 0: Calculating MLL1 (2001) ...  
INFO  @ Tue, 14 Feb 2023 11:15:24: Thread 0: Calculating RNF146 (3001) ...  
INFO  @ Tue, 14 Feb 2023 11:15:36: Thread 0 completed. 
INFO  @ Tue, 14 Feb 2023 11:15:36: All threads completed. 
INFO  @ Tue, 14 Feb 2023 11:15:39: Assigning p values... 
INFO  @ Tue, 14 Feb 2023 11:15:39: Permuting groups of gene with 5 sgRNAs per gene. Group progress: 5/41 
INFO  @ Tue, 14 Feb 2023 11:15:39: Start permuting 2 rounds ... 
INFO  @ Tue, 14 Feb 2023 11:15:39: Collecting 26156 sgRNAs from 3516 genes. 
INFO  @ Tue, 14 Feb 2023 11:15:40: Permuting round 0 ... 
INFO  @ Tue, 14 Feb 2023 11:15:40: Thread 0 started. 
INFO  @ Tue, 14 Feb 2023 11:15:40: Thread 0: total 3516 instances. 
INFO  @ Tue, 14 Feb 2023 11:15:40: Thread 0: Calculating AATK (1) ...  
INFO  @ Tue, 14 Feb 2023 11:16:01: Thread 0: Calculating NFXL1 (1001) ...  
INFO  @ Tue, 14 Feb 2023 11:16:19: Thread 0: Calculating MLL1 (2001) ...  
INFO  @ Tue, 14 Feb 2023 11:16:37: Thread 0: Calculating RNF146 (3001) ...  
INFO  @ Tue, 14 Feb 2023 11:16:46: Thread 0 completed. 
INFO  @ Tue, 14 Feb 2023 11:16:46: All threads completed. 
INFO  @ Tue, 14 Feb 2023 11:16:48: Permuting round 1 ... 
INFO  @ Tue, 14 Feb 2023 11:16:48: Thread 0 started. 
INFO  @ Tue, 14 Feb 2023 11:16:48: Thread 0: total 3516 instances. 
INFO  @ Tue, 14 Feb 2023 11:16:48: Thread 0: Calculating AATK (1) ...  
INFO  @ Tue, 14 Feb 2023 11:17:06: Thread 0: Calculating NFXL1 (1001) ...  
INFO  @ Tue, 14 Feb 2023 11:17:23: Thread 0: Calculating MLL1 (2001) ...  
INFO  @ Tue, 14 Feb 2023 11:17:42: Thread 0: Calculating RNF146 (3001) ...  
INFO  @ Tue, 14 Feb 2023 11:17:51: Thread 0 completed. 
INFO  @ Tue, 14 Feb 2023 11:17:51: All threads completed. 
INFO  @ Tue, 14 Feb 2023 11:17:53: Assigning p values... 
INFO  @ Tue, 14 Feb 2023 11:17:53: Permuting groups of gene with 6 sgRNAs per gene. Group progress: 6/41 
INFO  @ Tue, 14 Feb 2023 11:17:53: Start permuting 2 rounds ... 
INFO  @ Tue, 14 Feb 2023 11:17:53: Collecting 26156 sgRNAs from 3516 genes. 
INFO  @ Tue, 14 Feb 2023 11:17:54: Permuting round 0 ... 
INFO  @ Tue, 14 Feb 2023 11:17:54: Thread 0 started. 
INFO  @ Tue, 14 Feb 2023 11:17:54: Thread 0: total 3516 instances. 
INFO  @ Tue, 14 Feb 2023 11:17:54: Thread 0: Calculating AATK (1) ...  
INFO  @ Tue, 14 Feb 2023 11:18:12: Thread 0: Calculating NFXL1 (1001) ...  
INFO  @ Tue, 14 Feb 2023 11:18:31: Thread 0: Calculating MLL1 (2001) ...  
INFO  @ Tue, 14 Feb 2023 11:18:50: Thread 0: Calculating RNF146 (3001) ...  
INFO  @ Tue, 14 Feb 2023 11:19:00: Thread 0 completed. 
INFO  @ Tue, 14 Feb 2023 11:19:00: All threads completed. 
INFO  @ Tue, 14 Feb 2023 11:19:02: Permuting round 1 ... 
INFO  @ Tue, 14 Feb 2023 11:19:02: Thread 0 started. 
INFO  @ Tue, 14 Feb 2023 11:19:02: Thread 0: total 3516 instances. 
INFO  @ Tue, 14 Feb 2023 11:19:02: Thread 0: Calculating AATK (1) ...  
INFO  @ Tue, 14 Feb 2023 11:19:20: Thread 0: Calculating NFXL1 (1001) ...  
INFO  @ Tue, 14 Feb 2023 11:19:39: Thread 0: Calculating MLL1 (2001) ...  
INFO  @ Tue, 14 Feb 2023 11:19:58: Thread 0: Calculating RNF146 (3001) ...  
INFO  @ Tue, 14 Feb 2023 11:20:08: Thread 0 completed. 
INFO  @ Tue, 14 Feb 2023 11:20:08: All threads completed. 
INFO  @ Tue, 14 Feb 2023 11:20:10: Assigning p values... 
INFO  @ Tue, 14 Feb 2023 11:20:10: Permuting groups of gene with 7 sgRNAs per gene. Group progress: 7/41 
INFO  @ Tue, 14 Feb 2023 11:20:10: Start permuting 2 rounds ... 
INFO  @ Tue, 14 Feb 2023 11:20:11: Collecting 26156 sgRNAs from 3516 genes. 
INFO  @ Tue, 14 Feb 2023 11:20:11: Permuting round 0 ... 
INFO  @ Tue, 14 Feb 2023 11:20:12: Thread 0 started. 
INFO  @ Tue, 14 Feb 2023 11:20:12: Thread 0: total 3516 instances. 
INFO  @ Tue, 14 Feb 2023 11:20:12: Thread 0: Calculating AATK (1) ...  
INFO  @ Tue, 14 Feb 2023 11:20:31: Thread 0: Calculating NFXL1 (1001) ...  
INFO  @ Tue, 14 Feb 2023 11:20:50: Thread 0: Calculating MLL1 (2001) ...  
INFO  @ Tue, 14 Feb 2023 11:21:09: Thread 0: Calculating RNF146 (3001) ...  
INFO  @ Tue, 14 Feb 2023 11:21:19: Thread 0 completed. 
INFO  @ Tue, 14 Feb 2023 11:21:19: All threads completed. 
INFO  @ Tue, 14 Feb 2023 11:21:21: Permuting round 1 ... 
INFO  @ Tue, 14 Feb 2023 11:21:22: Thread 0 started. 
INFO  @ Tue, 14 Feb 2023 11:21:22: Thread 0: total 3516 instances. 
INFO  @ Tue, 14 Feb 2023 11:21:22: Thread 0: Calculating AATK (1) ...  
INFO  @ Tue, 14 Feb 2023 11:21:40: Thread 0: Calculating NFXL1 (1001) ...  
INFO  @ Tue, 14 Feb 2023 11:22:00: Thread 0: Calculating MLL1 (2001) ...  
INFO  @ Tue, 14 Feb 2023 11:22:19: Thread 0: Calculating RNF146 (3001) ...  
INFO  @ Tue, 14 Feb 2023 11:22:29: Thread 0 completed. 
INFO  @ Tue, 14 Feb 2023 11:22:29: All threads completed. 
INFO  @ Tue, 14 Feb 2023 11:22:31: Assigning p values... 
INFO  @ Tue, 14 Feb 2023 11:22:31: Permuting groups of gene with 8 sgRNAs per gene. Group progress: 8/41 
INFO  @ Tue, 14 Feb 2023 11:22:32: Start permuting 2 rounds ... 
INFO  @ Tue, 14 Feb 2023 11:22:32: Collecting 26156 sgRNAs from 3516 genes. 
INFO  @ Tue, 14 Feb 2023 11:22:33: Permuting round 0 ... 
INFO  @ Tue, 14 Feb 2023 11:22:33: Thread 0 started. 
INFO  @ Tue, 14 Feb 2023 11:22:33: Thread 0: total 3516 instances. 
INFO  @ Tue, 14 Feb 2023 11:22:33: Thread 0: Calculating AATK (1) ...  
INFO  @ Tue, 14 Feb 2023 11:22:54: Thread 0: Calculating NFXL1 (1001) ...  
INFO  @ Tue, 14 Feb 2023 11:23:13: Thread 0: Calculating MLL1 (2001) ...  
INFO  @ Tue, 14 Feb 2023 11:23:33: Thread 0: Calculating RNF146 (3001) ...  
INFO  @ Tue, 14 Feb 2023 11:23:44: Thread 0 completed. 
INFO  @ Tue, 14 Feb 2023 11:23:44: All threads completed. 
INFO  @ Tue, 14 Feb 2023 11:23:46: Permuting round 1 ... 
INFO  @ Tue, 14 Feb 2023 11:23:46: Thread 0 started. 
INFO  @ Tue, 14 Feb 2023 11:23:46: Thread 0: total 3516 instances. 
INFO  @ Tue, 14 Feb 2023 11:23:46: Thread 0: Calculating AATK (1) ...  
INFO  @ Tue, 14 Feb 2023 11:24:07: Thread 0: Calculating NFXL1 (1001) ...  
INFO  @ Tue, 14 Feb 2023 11:24:27: Thread 0: Calculating MLL1 (2001) ...  
INFO  @ Tue, 14 Feb 2023 11:24:46: Thread 0: Calculating RNF146 (3001) ...  
INFO  @ Tue, 14 Feb 2023 11:24:57: Thread 0 completed. 
INFO  @ Tue, 14 Feb 2023 11:24:57: All threads completed. 
INFO  @ Tue, 14 Feb 2023 11:24:59: Assigning p values... 
INFO  @ Tue, 14 Feb 2023 11:24:59: Permuting groups of gene with 9 sgRNAs per gene. Group progress: 9/41 
INFO  @ Tue, 14 Feb 2023 11:24:59: Start permuting 2 rounds ... 
INFO  @ Tue, 14 Feb 2023 11:25:00: Collecting 26156 sgRNAs from 3516 genes. 
INFO  @ Tue, 14 Feb 2023 11:25:01: Permuting round 0 ... 
INFO  @ Tue, 14 Feb 2023 11:25:01: Thread 0 started. 
INFO  @ Tue, 14 Feb 2023 11:25:01: Thread 0: total 3516 instances. 
INFO  @ Tue, 14 Feb 2023 11:25:01: Thread 0: Calculating AATK (1) ...  
INFO  @ Tue, 14 Feb 2023 11:25:22: Thread 0: Calculating NFXL1 (1001) ...  
INFO  @ Tue, 14 Feb 2023 11:25:42: Thread 0: Calculating MLL1 (2001) ...  
INFO  @ Tue, 14 Feb 2023 11:26:03: Thread 0: Calculating RNF146 (3001) ...  
INFO  @ Tue, 14 Feb 2023 11:26:13: Thread 0 completed. 
INFO  @ Tue, 14 Feb 2023 11:26:13: All threads completed. 
INFO  @ Tue, 14 Feb 2023 11:26:15: Permuting round 1 ... 
INFO  @ Tue, 14 Feb 2023 11:26:15: Thread 0 started. 
INFO  @ Tue, 14 Feb 2023 11:26:15: Thread 0: total 3516 instances. 
INFO  @ Tue, 14 Feb 2023 11:26:15: Thread 0: Calculating AATK (1) ...  
INFO  @ Tue, 14 Feb 2023 11:26:36: Thread 0: Calculating NFXL1 (1001) ...  
INFO  @ Tue, 14 Feb 2023 11:26:57: Thread 0: Calculating MLL1 (2001) ...  
INFO  @ Tue, 14 Feb 2023 11:27:17: Thread 0: Calculating RNF146 (3001) ...  
INFO  @ Tue, 14 Feb 2023 11:27:29: Thread 0 completed. 
INFO  @ Tue, 14 Feb 2023 11:27:29: All threads completed. 
INFO  @ Tue, 14 Feb 2023 11:27:31: Assigning p values... 
INFO  @ Tue, 14 Feb 2023 11:27:31: Permuting groups of gene with 10 sgRNAs per gene. Group progress: 10/41 
INFO  @ Tue, 14 Feb 2023 11:27:31: Start permuting 2 rounds ... 
INFO  @ Tue, 14 Feb 2023 11:27:31: Collecting 26156 sgRNAs from 3516 genes. 
INFO  @ Tue, 14 Feb 2023 11:27:32: Permuting round 0 ... 
INFO  @ Tue, 14 Feb 2023 11:27:32: Thread 0 started. 
INFO  @ Tue, 14 Feb 2023 11:27:32: Thread 0: total 3516 instances. 
INFO  @ Tue, 14 Feb 2023 11:27:32: Thread 0: Calculating AATK (1) ...  
INFO  @ Tue, 14 Feb 2023 11:27:54: Thread 0: Calculating NFXL1 (1001) ...  
INFO  @ Tue, 14 Feb 2023 11:28:14: Thread 0: Calculating MLL1 (2001) ...  
INFO  @ Tue, 14 Feb 2023 11:28:35: Thread 0: Calculating RNF146 (3001) ...  
INFO  @ Tue, 14 Feb 2023 11:28:46: Thread 0 completed. 
INFO  @ Tue, 14 Feb 2023 11:28:46: All threads completed. 
INFO  @ Tue, 14 Feb 2023 11:28:48: Permuting round 1 ... 
INFO  @ Tue, 14 Feb 2023 11:28:49: Thread 0 started. 
INFO  @ Tue, 14 Feb 2023 11:28:49: Thread 0: total 3516 instances. 
INFO  @ Tue, 14 Feb 2023 11:28:49: Thread 0: Calculating AATK (1) ...  
INFO  @ Tue, 14 Feb 2023 11:29:10: Thread 0: Calculating NFXL1 (1001) ...  
INFO  @ Tue, 14 Feb 2023 11:29:30: Thread 0: Calculating MLL1 (2001) ...  
INFO  @ Tue, 14 Feb 2023 11:29:52: Thread 0: Calculating RNF146 (3001) ...  
INFO  @ Tue, 14 Feb 2023 11:30:03: Thread 0 completed. 
INFO  @ Tue, 14 Feb 2023 11:30:03: All threads completed. 
INFO  @ Tue, 14 Feb 2023 11:30:05: Assigning p values... 
INFO  @ Tue, 14 Feb 2023 11:30:05: Permuting groups of gene with 11 sgRNAs per gene. Group progress: 11/41 
INFO  @ Tue, 14 Feb 2023 11:30:05: Start permuting 2 rounds ... 
INFO  @ Tue, 14 Feb 2023 11:30:06: Collecting 26156 sgRNAs from 3516 genes. 
INFO  @ Tue, 14 Feb 2023 11:30:06: Permuting round 0 ... 
INFO  @ Tue, 14 Feb 2023 11:30:07: Thread 0 started. 
INFO  @ Tue, 14 Feb 2023 11:30:07: Thread 0: total 3516 instances. 
INFO  @ Tue, 14 Feb 2023 11:30:07: Thread 0: Calculating AATK (1) ...  
INFO  @ Tue, 14 Feb 2023 11:30:28: Thread 0: Calculating NFXL1 (1001) ...  
INFO  @ Tue, 14 Feb 2023 11:30:49: Thread 0: Calculating MLL1 (2001) ...  
INFO  @ Tue, 14 Feb 2023 11:31:11: Thread 0: Calculating RNF146 (3001) ...  
INFO  @ Tue, 14 Feb 2023 11:31:21: Thread 0 completed. 
INFO  @ Tue, 14 Feb 2023 11:31:21: All threads completed. 
INFO  @ Tue, 14 Feb 2023 11:31:24: Permuting round 1 ... 
INFO  @ Tue, 14 Feb 2023 11:31:24: Thread 0 started. 
INFO  @ Tue, 14 Feb 2023 11:31:24: Thread 0: total 3516 instances. 
INFO  @ Tue, 14 Feb 2023 11:31:24: Thread 0: Calculating AATK (1) ...  
INFO  @ Tue, 14 Feb 2023 11:31:45: Thread 0: Calculating NFXL1 (1001) ...  
INFO  @ Tue, 14 Feb 2023 11:32:06: Thread 0: Calculating MLL1 (2001) ...  
INFO  @ Tue, 14 Feb 2023 11:32:28: Thread 0: Calculating RNF146 (3001) ...  
INFO  @ Tue, 14 Feb 2023 11:32:39: Thread 0 completed. 
INFO  @ Tue, 14 Feb 2023 11:32:39: All threads completed. 
INFO  @ Tue, 14 Feb 2023 11:32:41: Assigning p values... 
INFO  @ Tue, 14 Feb 2023 11:32:41: Permuting groups of gene with 12 sgRNAs per gene. Group progress: 12/41 
INFO  @ Tue, 14 Feb 2023 11:32:41: Start permuting 2 rounds ... 
INFO  @ Tue, 14 Feb 2023 11:32:42: Collecting 26156 sgRNAs from 3516 genes. 
INFO  @ Tue, 14 Feb 2023 11:32:43: Permuting round 0 ... 
INFO  @ Tue, 14 Feb 2023 11:32:43: Thread 0 started. 
INFO  @ Tue, 14 Feb 2023 11:32:43: Thread 0: total 3516 instances. 
INFO  @ Tue, 14 Feb 2023 11:32:43: Thread 0: Calculating AATK (1) ...  
INFO  @ Tue, 14 Feb 2023 11:33:05: Thread 0: Calculating NFXL1 (1001) ...  
INFO  @ Tue, 14 Feb 2023 11:33:26: Thread 0: Calculating MLL1 (2001) ...  
INFO  @ Tue, 14 Feb 2023 11:33:48: Thread 0: Calculating RNF146 (3001) ...  
INFO  @ Tue, 14 Feb 2023 11:33:59: Thread 0 completed. 
INFO  @ Tue, 14 Feb 2023 11:33:59: All threads completed. 
INFO  @ Tue, 14 Feb 2023 11:34:02: Permuting round 1 ... 
INFO  @ Tue, 14 Feb 2023 11:34:02: Thread 0 started. 
INFO  @ Tue, 14 Feb 2023 11:34:02: Thread 0: total 3516 instances. 
INFO  @ Tue, 14 Feb 2023 11:34:02: Thread 0: Calculating AATK (1) ...  
INFO  @ Tue, 14 Feb 2023 11:34:24: Thread 0: Calculating NFXL1 (1001) ...  
INFO  @ Tue, 14 Feb 2023 11:34:46: Thread 0: Calculating MLL1 (2001) ...  
INFO  @ Tue, 14 Feb 2023 11:35:08: Thread 0: Calculating RNF146 (3001) ...  
INFO  @ Tue, 14 Feb 2023 11:35:19: Thread 0 completed. 
INFO  @ Tue, 14 Feb 2023 11:35:19: All threads completed. 
INFO  @ Tue, 14 Feb 2023 11:35:21: Assigning p values... 
INFO  @ Tue, 14 Feb 2023 11:35:21: Permuting groups of gene with 13 sgRNAs per gene. Group progress: 13/41 
INFO  @ Tue, 14 Feb 2023 11:35:21: Start permuting 2 rounds ... 
INFO  @ Tue, 14 Feb 2023 11:35:22: Collecting 26156 sgRNAs from 3516 genes. 
INFO  @ Tue, 14 Feb 2023 11:35:23: Permuting round 0 ... 
INFO  @ Tue, 14 Feb 2023 11:35:23: Thread 0 started. 
INFO  @ Tue, 14 Feb 2023 11:35:23: Thread 0: total 3516 instances. 
INFO  @ Tue, 14 Feb 2023 11:35:23: Thread 0: Calculating AATK (1) ...  
INFO  @ Tue, 14 Feb 2023 11:35:45: Thread 0: Calculating NFXL1 (1001) ...  
INFO  @ Tue, 14 Feb 2023 11:36:07: Thread 0: Calculating MLL1 (2001) ...  
INFO  @ Tue, 14 Feb 2023 11:36:30: Thread 0: Calculating RNF146 (3001) ...  
INFO  @ Tue, 14 Feb 2023 11:36:41: Thread 0 completed. 
INFO  @ Tue, 14 Feb 2023 11:36:41: All threads completed. 
INFO  @ Tue, 14 Feb 2023 11:36:43: Permuting round 1 ... 
INFO  @ Tue, 14 Feb 2023 11:36:43: Thread 0 started. 
INFO  @ Tue, 14 Feb 2023 11:36:43: Thread 0: total 3516 instances. 
INFO  @ Tue, 14 Feb 2023 11:36:43: Thread 0: Calculating AATK (1) ...  
INFO  @ Tue, 14 Feb 2023 11:37:06: Thread 0: Calculating NFXL1 (1001) ...  
INFO  @ Tue, 14 Feb 2023 11:37:29: Thread 0: Calculating MLL1 (2001) ...  
INFO  @ Tue, 14 Feb 2023 11:37:52: Thread 0: Calculating RNF146 (3001) ...  
INFO  @ Tue, 14 Feb 2023 11:38:03: Thread 0 completed. 
INFO  @ Tue, 14 Feb 2023 11:38:03: All threads completed. 
INFO  @ Tue, 14 Feb 2023 11:38:05: Assigning p values... 
INFO  @ Tue, 14 Feb 2023 11:38:05: Permuting groups of gene with 14 sgRNAs per gene. Group progress: 14/41 
INFO  @ Tue, 14 Feb 2023 11:38:05: Start permuting 2 rounds ... 
INFO  @ Tue, 14 Feb 2023 11:38:06: Collecting 26156 sgRNAs from 3516 genes. 
INFO  @ Tue, 14 Feb 2023 11:38:06: Permuting round 0 ... 
INFO  @ Tue, 14 Feb 2023 11:38:07: Thread 0 started. 
INFO  @ Tue, 14 Feb 2023 11:38:07: Thread 0: total 3516 instances. 
INFO  @ Tue, 14 Feb 2023 11:38:07: Thread 0: Calculating AATK (1) ...  
INFO  @ Tue, 14 Feb 2023 11:38:30: Thread 0: Calculating NFXL1 (1001) ...  
INFO  @ Tue, 14 Feb 2023 11:38:53: Thread 0: Calculating MLL1 (2001) ...  
INFO  @ Tue, 14 Feb 2023 11:39:16: Thread 0: Calculating RNF146 (3001) ...  
INFO  @ Tue, 14 Feb 2023 11:39:27: Thread 0 completed. 
INFO  @ Tue, 14 Feb 2023 11:39:27: All threads completed. 
INFO  @ Tue, 14 Feb 2023 11:39:30: Permuting round 1 ... 
INFO  @ Tue, 14 Feb 2023 11:39:30: Thread 0 started. 
INFO  @ Tue, 14 Feb 2023 11:39:30: Thread 0: total 3516 instances. 
INFO  @ Tue, 14 Feb 2023 11:39:30: Thread 0: Calculating AATK (1) ...  
INFO  @ Tue, 14 Feb 2023 11:39:53: Thread 0: Calculating NFXL1 (1001) ...  
INFO  @ Tue, 14 Feb 2023 11:40:16: Thread 0: Calculating MLL1 (2001) ...  
INFO  @ Tue, 14 Feb 2023 11:40:39: Thread 0: Calculating RNF146 (3001) ...  
INFO  @ Tue, 14 Feb 2023 11:40:51: Thread 0 completed. 
INFO  @ Tue, 14 Feb 2023 11:40:51: All threads completed. 
INFO  @ Tue, 14 Feb 2023 11:40:53: Assigning p values... 
INFO  @ Tue, 14 Feb 2023 11:40:53: Permuting groups of gene with 15 sgRNAs per gene. Group progress: 15/41 
INFO  @ Tue, 14 Feb 2023 11:40:53: Start permuting 2 rounds ... 
INFO  @ Tue, 14 Feb 2023 11:40:53: Collecting 26156 sgRNAs from 3516 genes. 
INFO  @ Tue, 14 Feb 2023 11:40:54: Permuting round 0 ... 
INFO  @ Tue, 14 Feb 2023 11:40:55: Thread 0 started. 
INFO  @ Tue, 14 Feb 2023 11:40:55: Thread 0: total 3516 instances. 
INFO  @ Tue, 14 Feb 2023 11:40:55: Thread 0: Calculating AATK (1) ...  
INFO  @ Tue, 14 Feb 2023 11:41:18: Thread 0: Calculating NFXL1 (1001) ...  
INFO  @ Tue, 14 Feb 2023 11:41:40: Thread 0: Calculating MLL1 (2001) ...  
INFO  @ Tue, 14 Feb 2023 11:42:02: Thread 0: Calculating RNF146 (3001) ...  
INFO  @ Tue, 14 Feb 2023 11:42:13: Thread 0 completed. 
INFO  @ Tue, 14 Feb 2023 11:42:13: All threads completed. 
INFO  @ Tue, 14 Feb 2023 11:42:15: Permuting round 1 ... 
INFO  @ Tue, 14 Feb 2023 11:42:16: Thread 0 started. 
INFO  @ Tue, 14 Feb 2023 11:42:16: Thread 0: total 3516 instances. 
INFO  @ Tue, 14 Feb 2023 11:42:16: Thread 0: Calculating AATK (1) ...  
INFO  @ Tue, 14 Feb 2023 11:42:39: Thread 0: Calculating NFXL1 (1001) ...  
INFO  @ Tue, 14 Feb 2023 11:43:01: Thread 0: Calculating MLL1 (2001) ...  
INFO  @ Tue, 14 Feb 2023 11:43:24: Thread 0: Calculating RNF146 (3001) ...  
INFO  @ Tue, 14 Feb 2023 11:43:36: Thread 0 completed. 
INFO  @ Tue, 14 Feb 2023 11:43:36: All threads completed. 
INFO  @ Tue, 14 Feb 2023 11:43:38: Assigning p values... 
INFO  @ Tue, 14 Feb 2023 11:43:38: Permuting groups of gene with 16 sgRNAs per gene. Group progress: 16/41 
INFO  @ Tue, 14 Feb 2023 11:43:38: Start permuting 2 rounds ... 
INFO  @ Tue, 14 Feb 2023 11:43:38: Collecting 26156 sgRNAs from 3516 genes. 
INFO  @ Tue, 14 Feb 2023 11:43:39: Permuting round 0 ... 
INFO  @ Tue, 14 Feb 2023 11:43:40: Thread 0 started. 
INFO  @ Tue, 14 Feb 2023 11:43:40: Thread 0: total 3516 instances. 
INFO  @ Tue, 14 Feb 2023 11:43:40: Thread 0: Calculating AATK (1) ...  
INFO  @ Tue, 14 Feb 2023 11:44:03: Thread 0: Calculating NFXL1 (1001) ...  
INFO  @ Tue, 14 Feb 2023 11:44:25: Thread 0: Calculating MLL1 (2001) ...  
INFO  @ Tue, 14 Feb 2023 11:44:48: Thread 0: Calculating RNF146 (3001) ...  
INFO  @ Tue, 14 Feb 2023 11:45:00: Thread 0 completed. 
INFO  @ Tue, 14 Feb 2023 11:45:00: All threads completed. 
INFO  @ Tue, 14 Feb 2023 11:45:02: Permuting round 1 ... 
INFO  @ Tue, 14 Feb 2023 11:45:03: Thread 0 started. 
INFO  @ Tue, 14 Feb 2023 11:45:03: Thread 0: total 3516 instances. 
INFO  @ Tue, 14 Feb 2023 11:45:03: Thread 0: Calculating AATK (1) ...  
INFO  @ Tue, 14 Feb 2023 11:45:26: Thread 0: Calculating NFXL1 (1001) ...  
INFO  @ Tue, 14 Feb 2023 11:45:49: Thread 0: Calculating MLL1 (2001) ...  
INFO  @ Tue, 14 Feb 2023 11:46:12: Thread 0: Calculating RNF146 (3001) ...  
INFO  @ Tue, 14 Feb 2023 11:46:24: Thread 0 completed. 
INFO  @ Tue, 14 Feb 2023 11:46:24: All threads completed. 
INFO  @ Tue, 14 Feb 2023 11:46:26: Assigning p values... 
INFO  @ Tue, 14 Feb 2023 11:46:26: Permuting groups of gene with 17 sgRNAs per gene. Group progress: 17/41 
INFO  @ Tue, 14 Feb 2023 11:46:26: Start permuting 2 rounds ... 
INFO  @ Tue, 14 Feb 2023 11:46:26: Collecting 26156 sgRNAs from 3516 genes. 
INFO  @ Tue, 14 Feb 2023 11:46:27: Permuting round 0 ... 
INFO  @ Tue, 14 Feb 2023 11:46:28: Thread 0 started. 
INFO  @ Tue, 14 Feb 2023 11:46:28: Thread 0: total 3516 instances. 
INFO  @ Tue, 14 Feb 2023 11:46:28: Thread 0: Calculating AATK (1) ...  
INFO  @ Tue, 14 Feb 2023 11:46:51: Thread 0: Calculating NFXL1 (1001) ...  
INFO  @ Tue, 14 Feb 2023 11:47:13: Thread 0: Calculating MLL1 (2001) ...  
INFO  @ Tue, 14 Feb 2023 11:47:37: Thread 0: Calculating RNF146 (3001) ...  
INFO  @ Tue, 14 Feb 2023 11:47:49: Thread 0 completed. 
INFO  @ Tue, 14 Feb 2023 11:47:49: All threads completed. 
INFO  @ Tue, 14 Feb 2023 11:47:51: Permuting round 1 ... 
INFO  @ Tue, 14 Feb 2023 11:47:51: Thread 0 started. 
INFO  @ Tue, 14 Feb 2023 11:47:51: Thread 0: total 3516 instances. 
INFO  @ Tue, 14 Feb 2023 11:47:52: Thread 0: Calculating AATK (1) ...  
INFO  @ Tue, 14 Feb 2023 11:48:15: Thread 0: Calculating NFXL1 (1001) ...  
INFO  @ Tue, 14 Feb 2023 11:48:38: Thread 0: Calculating MLL1 (2001) ...  
INFO  @ Tue, 14 Feb 2023 11:49:02: Thread 0: Calculating RNF146 (3001) ...  
INFO  @ Tue, 14 Feb 2023 11:49:14: Thread 0 completed. 
INFO  @ Tue, 14 Feb 2023 11:49:14: All threads completed. 
INFO  @ Tue, 14 Feb 2023 11:49:17: Assigning p values... 
INFO  @ Tue, 14 Feb 2023 11:49:17: Permuting groups of gene with 18 sgRNAs per gene. Group progress: 18/41 
INFO  @ Tue, 14 Feb 2023 11:49:17: Start permuting 2 rounds ... 
INFO  @ Tue, 14 Feb 2023 11:49:17: Collecting 26156 sgRNAs from 3516 genes. 
INFO  @ Tue, 14 Feb 2023 11:49:18: Permuting round 0 ... 
INFO  @ Tue, 14 Feb 2023 11:49:19: Thread 0 started. 
INFO  @ Tue, 14 Feb 2023 11:49:19: Thread 0: total 3516 instances. 
INFO  @ Tue, 14 Feb 2023 11:49:19: Thread 0: Calculating AATK (1) ...  
INFO  @ Tue, 14 Feb 2023 11:49:42: Thread 0: Calculating NFXL1 (1001) ...  
INFO  @ Tue, 14 Feb 2023 11:50:05: Thread 0: Calculating MLL1 (2001) ...  
INFO  @ Tue, 14 Feb 2023 11:50:30: Thread 0: Calculating RNF146 (3001) ...  
INFO  @ Tue, 14 Feb 2023 11:50:42: Thread 0 completed. 
INFO  @ Tue, 14 Feb 2023 11:50:42: All threads completed. 
INFO  @ Tue, 14 Feb 2023 11:50:44: Permuting round 1 ... 
INFO  @ Tue, 14 Feb 2023 11:50:44: Thread 0 started. 
INFO  @ Tue, 14 Feb 2023 11:50:44: Thread 0: total 3516 instances. 
INFO  @ Tue, 14 Feb 2023 11:50:44: Thread 0: Calculating AATK (1) ...  
INFO  @ Tue, 14 Feb 2023 11:51:08: Thread 0: Calculating NFXL1 (1001) ...  
INFO  @ Tue, 14 Feb 2023 11:51:32: Thread 0: Calculating MLL1 (2001) ...  
INFO  @ Tue, 14 Feb 2023 11:51:56: Thread 0: Calculating RNF146 (3001) ...  
INFO  @ Tue, 14 Feb 2023 11:52:09: Thread 0 completed. 
INFO  @ Tue, 14 Feb 2023 11:52:09: All threads completed. 
INFO  @ Tue, 14 Feb 2023 11:52:11: Assigning p values... 
INFO  @ Tue, 14 Feb 2023 11:52:11: Permuting groups of gene with 19 sgRNAs per gene. Group progress: 19/41 
INFO  @ Tue, 14 Feb 2023 11:52:11: Start permuting 2 rounds ... 
INFO  @ Tue, 14 Feb 2023 11:52:11: Collecting 26156 sgRNAs from 3516 genes. 
INFO  @ Tue, 14 Feb 2023 11:52:12: Permuting round 0 ... 
INFO  @ Tue, 14 Feb 2023 11:52:13: Thread 0 started. 
INFO  @ Tue, 14 Feb 2023 11:52:13: Thread 0: total 3516 instances. 
INFO  @ Tue, 14 Feb 2023 11:52:13: Thread 0: Calculating AATK (1) ...  
INFO  @ Tue, 14 Feb 2023 11:52:37: Thread 0: Calculating NFXL1 (1001) ...  
INFO  @ Tue, 14 Feb 2023 11:53:00: Thread 0: Calculating MLL1 (2001) ...  
INFO  @ Tue, 14 Feb 2023 11:53:24: Thread 0: Calculating RNF146 (3001) ...  
INFO  @ Tue, 14 Feb 2023 11:53:36: Thread 0 completed. 
INFO  @ Tue, 14 Feb 2023 11:53:36: All threads completed. 
INFO  @ Tue, 14 Feb 2023 11:53:38: Permuting round 1 ... 
INFO  @ Tue, 14 Feb 2023 11:53:39: Thread 0 started. 
INFO  @ Tue, 14 Feb 2023 11:53:39: Thread 0: total 3516 instances. 
INFO  @ Tue, 14 Feb 2023 11:53:39: Thread 0: Calculating AATK (1) ...  
INFO  @ Tue, 14 Feb 2023 11:54:03: Thread 0: Calculating NFXL1 (1001) ...  
INFO  @ Tue, 14 Feb 2023 11:54:26: Thread 0: Calculating MLL1 (2001) ...  
INFO  @ Tue, 14 Feb 2023 11:54:51: Thread 0: Calculating RNF146 (3001) ...  
INFO  @ Tue, 14 Feb 2023 11:55:03: Thread 0 completed. 
INFO  @ Tue, 14 Feb 2023 11:55:03: All threads completed. 
INFO  @ Tue, 14 Feb 2023 11:55:05: Assigning p values... 
INFO  @ Tue, 14 Feb 2023 11:55:05: Permuting groups of gene with 20 sgRNAs per gene. Group progress: 20/41 
INFO  @ Tue, 14 Feb 2023 11:55:05: Start permuting 2 rounds ... 
INFO  @ Tue, 14 Feb 2023 11:55:05: Collecting 26156 sgRNAs from 3516 genes. 
INFO  @ Tue, 14 Feb 2023 11:55:06: Permuting round 0 ... 
INFO  @ Tue, 14 Feb 2023 11:55:07: Thread 0 started. 
INFO  @ Tue, 14 Feb 2023 11:55:07: Thread 0: total 3516 instances. 
INFO  @ Tue, 14 Feb 2023 11:55:07: Thread 0: Calculating AATK (1) ...  
INFO  @ Tue, 14 Feb 2023 11:55:31: Thread 0: Calculating NFXL1 (1001) ...  
INFO  @ Tue, 14 Feb 2023 11:55:55: Thread 0: Calculating MLL1 (2001) ...  
INFO  @ Tue, 14 Feb 2023 11:56:19: Thread 0: Calculating RNF146 (3001) ...  
INFO  @ Tue, 14 Feb 2023 11:56:31: Thread 0 completed. 
INFO  @ Tue, 14 Feb 2023 11:56:31: All threads completed. 
INFO  @ Tue, 14 Feb 2023 11:56:33: Permuting round 1 ... 
INFO  @ Tue, 14 Feb 2023 11:56:34: Thread 0 started. 
INFO  @ Tue, 14 Feb 2023 11:56:34: Thread 0: total 3516 instances. 
INFO  @ Tue, 14 Feb 2023 11:56:34: Thread 0: Calculating AATK (1) ...  
INFO  @ Tue, 14 Feb 2023 11:56:58: Thread 0: Calculating NFXL1 (1001) ...  
INFO  @ Tue, 14 Feb 2023 11:57:22: Thread 0: Calculating MLL1 (2001) ...  
INFO  @ Tue, 14 Feb 2023 11:57:46: Thread 0: Calculating RNF146 (3001) ...  
INFO  @ Tue, 14 Feb 2023 11:57:58: Thread 0 completed. 
INFO  @ Tue, 14 Feb 2023 11:57:58: All threads completed. 
INFO  @ Tue, 14 Feb 2023 11:58:00: Assigning p values... 
INFO  @ Tue, 14 Feb 2023 11:58:00: Permuting groups of gene with 21 sgRNAs per gene. Group progress: 21/41 
INFO  @ Tue, 14 Feb 2023 11:58:00: Start permuting 2 rounds ... 
INFO  @ Tue, 14 Feb 2023 11:58:01: Collecting 26156 sgRNAs from 3516 genes. 
INFO  @ Tue, 14 Feb 2023 11:58:01: Permuting round 0 ... 
INFO  @ Tue, 14 Feb 2023 11:58:02: Thread 0 started. 
INFO  @ Tue, 14 Feb 2023 11:58:02: Thread 0: total 3516 instances. 
INFO  @ Tue, 14 Feb 2023 11:58:02: Thread 0: Calculating AATK (1) ...  
INFO  @ Tue, 14 Feb 2023 11:58:26: Thread 0: Calculating NFXL1 (1001) ...  
INFO  @ Tue, 14 Feb 2023 11:58:50: Thread 0: Calculating MLL1 (2001) ...  
INFO  @ Tue, 14 Feb 2023 11:59:14: Thread 0: Calculating RNF146 (3001) ...  
INFO  @ Tue, 14 Feb 2023 11:59:27: Thread 0 completed. 
INFO  @ Tue, 14 Feb 2023 11:59:27: All threads completed. 
INFO  @ Tue, 14 Feb 2023 11:59:29: Permuting round 1 ... 
INFO  @ Tue, 14 Feb 2023 11:59:29: Thread 0 started. 
INFO  @ Tue, 14 Feb 2023 11:59:29: Thread 0: total 3516 instances. 
INFO  @ Tue, 14 Feb 2023 11:59:29: Thread 0: Calculating AATK (1) ...  
INFO  @ Tue, 14 Feb 2023 11:59:54: Thread 0: Calculating NFXL1 (1001) ...  
INFO  @ Tue, 14 Feb 2023 12:00:19: Thread 0: Calculating MLL1 (2001) ...  
INFO  @ Tue, 14 Feb 2023 12:00:43: Thread 0: Calculating RNF146 (3001) ...  
INFO  @ Tue, 14 Feb 2023 12:00:56: Thread 0 completed. 
INFO  @ Tue, 14 Feb 2023 12:00:56: All threads completed. 
INFO  @ Tue, 14 Feb 2023 12:00:58: Assigning p values... 
INFO  @ Tue, 14 Feb 2023 12:00:58: Permuting groups of gene with 22 sgRNAs per gene. Group progress: 22/41 
INFO  @ Tue, 14 Feb 2023 12:00:58: Start permuting 2 rounds ... 
INFO  @ Tue, 14 Feb 2023 12:00:58: Collecting 26156 sgRNAs from 3516 genes. 
INFO  @ Tue, 14 Feb 2023 12:00:59: Permuting round 0 ... 
INFO  @ Tue, 14 Feb 2023 12:01:00: Thread 0 started. 
INFO  @ Tue, 14 Feb 2023 12:01:00: Thread 0: total 3516 instances. 
INFO  @ Tue, 14 Feb 2023 12:01:00: Thread 0: Calculating AATK (1) ...  
INFO  @ Tue, 14 Feb 2023 12:01:25: Thread 0: Calculating NFXL1 (1001) ...  
INFO  @ Tue, 14 Feb 2023 12:01:50: Thread 0: Calculating MLL1 (2001) ...  
INFO  @ Tue, 14 Feb 2023 12:02:14: Thread 0: Calculating RNF146 (3001) ...  
INFO  @ Tue, 14 Feb 2023 12:02:27: Thread 0 completed. 
INFO  @ Tue, 14 Feb 2023 12:02:27: All threads completed. 
INFO  @ Tue, 14 Feb 2023 12:02:29: Permuting round 1 ... 
INFO  @ Tue, 14 Feb 2023 12:02:30: Thread 0 started. 
INFO  @ Tue, 14 Feb 2023 12:02:30: Thread 0: total 3516 instances. 
INFO  @ Tue, 14 Feb 2023 12:02:30: Thread 0: Calculating AATK (1) ...  
INFO  @ Tue, 14 Feb 2023 12:02:56: Thread 0: Calculating NFXL1 (1001) ...  
INFO  @ Tue, 14 Feb 2023 12:03:21: Thread 0: Calculating MLL1 (2001) ...  
INFO  @ Tue, 14 Feb 2023 12:03:45: Thread 0: Calculating RNF146 (3001) ...  
INFO  @ Tue, 14 Feb 2023 12:03:58: Thread 0 completed. 
INFO  @ Tue, 14 Feb 2023 12:03:58: All threads completed. 
INFO  @ Tue, 14 Feb 2023 12:04:00: Assigning p values... 
INFO  @ Tue, 14 Feb 2023 12:04:01: Permuting groups of gene with 23 sgRNAs per gene. Group progress: 23/41 
INFO  @ Tue, 14 Feb 2023 12:04:01: Start permuting 2 rounds ... 
INFO  @ Tue, 14 Feb 2023 12:04:01: Collecting 26156 sgRNAs from 3516 genes. 
INFO  @ Tue, 14 Feb 2023 12:04:02: Permuting round 0 ... 
INFO  @ Tue, 14 Feb 2023 12:04:02: Thread 0 started. 
INFO  @ Tue, 14 Feb 2023 12:04:03: Thread 0: total 3516 instances. 
INFO  @ Tue, 14 Feb 2023 12:04:03: Thread 0: Calculating AATK (1) ...  
INFO  @ Tue, 14 Feb 2023 12:04:27: Thread 0: Calculating NFXL1 (1001) ...  
INFO  @ Tue, 14 Feb 2023 12:04:52: Thread 0: Calculating MLL1 (2001) ...  
INFO  @ Tue, 14 Feb 2023 12:05:16: Thread 0: Calculating RNF146 (3001) ...  
INFO  @ Tue, 14 Feb 2023 12:05:29: Thread 0 completed. 
INFO  @ Tue, 14 Feb 2023 12:05:29: All threads completed. 
INFO  @ Tue, 14 Feb 2023 12:05:31: Permuting round 1 ... 
INFO  @ Tue, 14 Feb 2023 12:05:31: Thread 0 started. 
INFO  @ Tue, 14 Feb 2023 12:05:31: Thread 0: total 3516 instances. 
INFO  @ Tue, 14 Feb 2023 12:05:31: Thread 0: Calculating AATK (1) ...  
INFO  @ Tue, 14 Feb 2023 12:05:57: Thread 0: Calculating NFXL1 (1001) ...  
INFO  @ Tue, 14 Feb 2023 12:06:23: Thread 0: Calculating MLL1 (2001) ...  
INFO  @ Tue, 14 Feb 2023 12:06:48: Thread 0: Calculating RNF146 (3001) ...  
INFO  @ Tue, 14 Feb 2023 12:07:00: Thread 0 completed. 
INFO  @ Tue, 14 Feb 2023 12:07:00: All threads completed. 
INFO  @ Tue, 14 Feb 2023 12:07:03: Assigning p values... 
INFO  @ Tue, 14 Feb 2023 12:07:03: Permuting groups of gene with 24 sgRNAs per gene. Group progress: 24/41 
INFO  @ Tue, 14 Feb 2023 12:07:03: Start permuting 2 rounds ... 
INFO  @ Tue, 14 Feb 2023 12:07:03: Collecting 26156 sgRNAs from 3516 genes. 
INFO  @ Tue, 14 Feb 2023 12:07:04: Permuting round 0 ... 
INFO  @ Tue, 14 Feb 2023 12:07:05: Thread 0 started. 
INFO  @ Tue, 14 Feb 2023 12:07:05: Thread 0: total 3516 instances. 
INFO  @ Tue, 14 Feb 2023 12:07:05: Thread 0: Calculating AATK (1) ...  
INFO  @ Tue, 14 Feb 2023 12:07:31: Thread 0: Calculating NFXL1 (1001) ...  
INFO  @ Tue, 14 Feb 2023 12:07:56: Thread 0: Calculating MLL1 (2001) ...  
INFO  @ Tue, 14 Feb 2023 12:08:21: Thread 0: Calculating RNF146 (3001) ...  
INFO  @ Tue, 14 Feb 2023 12:08:34: Thread 0 completed. 
INFO  @ Tue, 14 Feb 2023 12:08:34: All threads completed. 
INFO  @ Tue, 14 Feb 2023 12:08:37: Permuting round 1 ... 
INFO  @ Tue, 14 Feb 2023 12:08:37: Thread 0 started. 
INFO  @ Tue, 14 Feb 2023 12:08:37: Thread 0: total 3516 instances. 
INFO  @ Tue, 14 Feb 2023 12:08:37: Thread 0: Calculating AATK (1) ...  
INFO  @ Tue, 14 Feb 2023 12:09:03: Thread 0: Calculating NFXL1 (1001) ...  
INFO  @ Tue, 14 Feb 2023 12:09:29: Thread 0: Calculating MLL1 (2001) ...  
INFO  @ Tue, 14 Feb 2023 12:09:55: Thread 0: Calculating RNF146 (3001) ...  
INFO  @ Tue, 14 Feb 2023 12:10:09: Thread 0 completed. 
INFO  @ Tue, 14 Feb 2023 12:10:09: All threads completed. 
INFO  @ Tue, 14 Feb 2023 12:10:11: Assigning p values... 
INFO  @ Tue, 14 Feb 2023 12:10:11: Permuting groups of gene with 25 sgRNAs per gene. Group progress: 25/41 
INFO  @ Tue, 14 Feb 2023 12:10:11: Start permuting 2 rounds ... 
INFO  @ Tue, 14 Feb 2023 12:10:11: Collecting 26156 sgRNAs from 3516 genes. 
INFO  @ Tue, 14 Feb 2023 12:10:12: Permuting round 0 ... 
INFO  @ Tue, 14 Feb 2023 12:10:13: Thread 0 started. 
INFO  @ Tue, 14 Feb 2023 12:10:13: Thread 0: total 3516 instances. 
INFO  @ Tue, 14 Feb 2023 12:10:13: Thread 0: Calculating AATK (1) ...  
INFO  @ Tue, 14 Feb 2023 12:10:39: Thread 0: Calculating NFXL1 (1001) ...  
INFO  @ Tue, 14 Feb 2023 12:11:06: Thread 0: Calculating MLL1 (2001) ...  
INFO  @ Tue, 14 Feb 2023 12:11:32: Thread 0: Calculating RNF146 (3001) ...  
INFO  @ Tue, 14 Feb 2023 12:11:45: Thread 0 completed. 
INFO  @ Tue, 14 Feb 2023 12:11:45: All threads completed. 
INFO  @ Tue, 14 Feb 2023 12:11:48: Permuting round 1 ... 
INFO  @ Tue, 14 Feb 2023 12:11:49: Thread 0 started. 
INFO  @ Tue, 14 Feb 2023 12:11:49: Thread 0: total 3516 instances. 
INFO  @ Tue, 14 Feb 2023 12:11:49: Thread 0: Calculating AATK (1) ...  
INFO  @ Tue, 14 Feb 2023 12:12:16: Thread 0: Calculating NFXL1 (1001) ...  
INFO  @ Tue, 14 Feb 2023 12:12:43: Thread 0: Calculating MLL1 (2001) ...  
INFO  @ Tue, 14 Feb 2023 12:13:09: Thread 0: Calculating RNF146 (3001) ...  
INFO  @ Tue, 14 Feb 2023 12:13:23: Thread 0 completed. 
INFO  @ Tue, 14 Feb 2023 12:13:23: All threads completed. 
INFO  @ Tue, 14 Feb 2023 12:13:26: Assigning p values... 
INFO  @ Tue, 14 Feb 2023 12:13:26: Permuting groups of gene with 27 sgRNAs per gene. Group progress: 26/41 
INFO  @ Tue, 14 Feb 2023 12:13:26: Start permuting 2 rounds ... 
INFO  @ Tue, 14 Feb 2023 12:13:26: Collecting 26156 sgRNAs from 3516 genes. 
INFO  @ Tue, 14 Feb 2023 12:13:27: Permuting round 0 ... 
INFO  @ Tue, 14 Feb 2023 12:13:28: Thread 0 started. 
INFO  @ Tue, 14 Feb 2023 12:13:28: Thread 0: total 3516 instances. 
INFO  @ Tue, 14 Feb 2023 12:13:28: Thread 0: Calculating AATK (1) ...  
INFO  @ Tue, 14 Feb 2023 12:13:54: Thread 0: Calculating NFXL1 (1001) ...  
INFO  @ Tue, 14 Feb 2023 12:14:22: Thread 0: Calculating MLL1 (2001) ...  
INFO  @ Tue, 14 Feb 2023 12:14:48: Thread 0: Calculating RNF146 (3001) ...  
INFO  @ Tue, 14 Feb 2023 12:15:03: Thread 0 completed. 
INFO  @ Tue, 14 Feb 2023 12:15:03: All threads completed. 
INFO  @ Tue, 14 Feb 2023 12:15:05: Permuting round 1 ... 
INFO  @ Tue, 14 Feb 2023 12:15:06: Thread 0 started. 
INFO  @ Tue, 14 Feb 2023 12:15:06: Thread 0: total 3516 instances. 
INFO  @ Tue, 14 Feb 2023 12:15:06: Thread 0: Calculating AATK (1) ...  
INFO  @ Tue, 14 Feb 2023 12:15:33: Thread 0: Calculating NFXL1 (1001) ...  
INFO  @ Tue, 14 Feb 2023 12:16:00: Thread 0: Calculating MLL1 (2001) ...  
INFO  @ Tue, 14 Feb 2023 12:16:27: Thread 0: Calculating RNF146 (3001) ...  
INFO  @ Tue, 14 Feb 2023 12:16:41: Thread 0 completed. 
INFO  @ Tue, 14 Feb 2023 12:16:41: All threads completed. 
INFO  @ Tue, 14 Feb 2023 12:16:44: Assigning p values... 
INFO  @ Tue, 14 Feb 2023 12:16:44: Permuting groups of gene with 28 sgRNAs per gene. Group progress: 27/41 
INFO  @ Tue, 14 Feb 2023 12:16:44: Start permuting 2 rounds ... 
INFO  @ Tue, 14 Feb 2023 12:16:44: Collecting 26156 sgRNAs from 3516 genes. 
INFO  @ Tue, 14 Feb 2023 12:16:45: Permuting round 0 ... 
INFO  @ Tue, 14 Feb 2023 12:16:46: Thread 0 started. 
INFO  @ Tue, 14 Feb 2023 12:16:46: Thread 0: total 3516 instances. 
INFO  @ Tue, 14 Feb 2023 12:16:46: Thread 0: Calculating AATK (1) ...  
INFO  @ Tue, 14 Feb 2023 12:17:14: Thread 0: Calculating NFXL1 (1001) ...  
INFO  @ Tue, 14 Feb 2023 12:17:42: Thread 0: Calculating MLL1 (2001) ...  
INFO  @ Tue, 14 Feb 2023 12:18:10: Thread 0: Calculating RNF146 (3001) ...  
INFO  @ Tue, 14 Feb 2023 12:18:24: Thread 0 completed. 
INFO  @ Tue, 14 Feb 2023 12:18:24: All threads completed. 
INFO  @ Tue, 14 Feb 2023 12:18:27: Permuting round 1 ... 
INFO  @ Tue, 14 Feb 2023 12:18:27: Thread 0 started. 
INFO  @ Tue, 14 Feb 2023 12:18:27: Thread 0: total 3516 instances. 
INFO  @ Tue, 14 Feb 2023 12:18:27: Thread 0: Calculating AATK (1) ...  
INFO  @ Tue, 14 Feb 2023 12:18:56: Thread 0: Calculating NFXL1 (1001) ...  
INFO  @ Tue, 14 Feb 2023 12:19:24: Thread 0: Calculating MLL1 (2001) ...  
INFO  @ Tue, 14 Feb 2023 12:19:53: Thread 0: Calculating RNF146 (3001) ...  
INFO  @ Tue, 14 Feb 2023 12:20:07: Thread 0 completed. 
INFO  @ Tue, 14 Feb 2023 12:20:07: All threads completed. 
INFO  @ Tue, 14 Feb 2023 12:20:10: Assigning p values... 
INFO  @ Tue, 14 Feb 2023 12:20:10: Permuting groups of gene with 29 sgRNAs per gene. Group progress: 28/41 
INFO  @ Tue, 14 Feb 2023 12:20:10: Start permuting 2 rounds ... 
INFO  @ Tue, 14 Feb 2023 12:20:10: Collecting 26156 sgRNAs from 3516 genes. 
INFO  @ Tue, 14 Feb 2023 12:20:11: Permuting round 0 ... 
INFO  @ Tue, 14 Feb 2023 12:20:11: Thread 0 started. 
INFO  @ Tue, 14 Feb 2023 12:20:11: Thread 0: total 3516 instances. 
INFO  @ Tue, 14 Feb 2023 12:20:11: Thread 0: Calculating AATK (1) ...  
INFO  @ Tue, 14 Feb 2023 12:20:41: Thread 0: Calculating NFXL1 (1001) ...  
INFO  @ Tue, 14 Feb 2023 12:21:10: Thread 0: Calculating MLL1 (2001) ...  
INFO  @ Tue, 14 Feb 2023 12:21:40: Thread 0: Calculating RNF146 (3001) ...  
INFO  @ Tue, 14 Feb 2023 12:21:55: Thread 0 completed. 
INFO  @ Tue, 14 Feb 2023 12:21:55: All threads completed. 
INFO  @ Tue, 14 Feb 2023 12:21:57: Permuting round 1 ... 
INFO  @ Tue, 14 Feb 2023 12:21:58: Thread 0 started. 
INFO  @ Tue, 14 Feb 2023 12:21:58: Thread 0: total 3516 instances. 
INFO  @ Tue, 14 Feb 2023 12:21:58: Thread 0: Calculating AATK (1) ...  
INFO  @ Tue, 14 Feb 2023 12:22:27: Thread 0: Calculating NFXL1 (1001) ...  
INFO  @ Tue, 14 Feb 2023 12:22:57: Thread 0: Calculating MLL1 (2001) ...  
INFO  @ Tue, 14 Feb 2023 12:23:27: Thread 0: Calculating RNF146 (3001) ...  
INFO  @ Tue, 14 Feb 2023 12:23:42: Thread 0 completed. 
INFO  @ Tue, 14 Feb 2023 12:23:42: All threads completed. 
INFO  @ Tue, 14 Feb 2023 12:23:44: Assigning p values... 
INFO  @ Tue, 14 Feb 2023 12:23:44: Permuting groups of gene with 30 sgRNAs per gene. Group progress: 29/41 
INFO  @ Tue, 14 Feb 2023 12:23:44: Start permuting 2 rounds ... 
INFO  @ Tue, 14 Feb 2023 12:23:45: Collecting 26156 sgRNAs from 3516 genes. 
INFO  @ Tue, 14 Feb 2023 12:23:45: Permuting round 0 ... 
INFO  @ Tue, 14 Feb 2023 12:23:46: Thread 0 started. 
INFO  @ Tue, 14 Feb 2023 12:23:46: Thread 0: total 3516 instances. 
INFO  @ Tue, 14 Feb 2023 12:23:46: Thread 0: Calculating AATK (1) ...  
INFO  @ Tue, 14 Feb 2023 12:24:16: Thread 0: Calculating NFXL1 (1001) ...  
INFO  @ Tue, 14 Feb 2023 12:24:46: Thread 0: Calculating MLL1 (2001) ...  
INFO  @ Tue, 14 Feb 2023 12:25:16: Thread 0: Calculating RNF146 (3001) ...  
INFO  @ Tue, 14 Feb 2023 12:25:31: Thread 0 completed. 
INFO  @ Tue, 14 Feb 2023 12:25:31: All threads completed. 
INFO  @ Tue, 14 Feb 2023 12:25:34: Permuting round 1 ... 
INFO  @ Tue, 14 Feb 2023 12:25:34: Thread 0 started. 
INFO  @ Tue, 14 Feb 2023 12:25:34: Thread 0: total 3516 instances. 
INFO  @ Tue, 14 Feb 2023 12:25:34: Thread 0: Calculating AATK (1) ...  
INFO  @ Tue, 14 Feb 2023 12:26:05: Thread 0: Calculating NFXL1 (1001) ...  
INFO  @ Tue, 14 Feb 2023 12:26:35: Thread 0: Calculating MLL1 (2001) ...  
INFO  @ Tue, 14 Feb 2023 12:27:05: Thread 0: Calculating RNF146 (3001) ...  
INFO  @ Tue, 14 Feb 2023 12:27:21: Thread 0 completed. 
INFO  @ Tue, 14 Feb 2023 12:27:21: All threads completed. 
INFO  @ Tue, 14 Feb 2023 12:27:23: Assigning p values... 
INFO  @ Tue, 14 Feb 2023 12:27:23: Permuting groups of gene with 31 sgRNAs per gene. Group progress: 30/41 
INFO  @ Tue, 14 Feb 2023 12:27:23: Start permuting 2 rounds ... 
INFO  @ Tue, 14 Feb 2023 12:27:23: Collecting 26156 sgRNAs from 3516 genes. 
INFO  @ Tue, 14 Feb 2023 12:27:24: Permuting round 0 ... 
INFO  @ Tue, 14 Feb 2023 12:27:25: Thread 0 started. 
INFO  @ Tue, 14 Feb 2023 12:27:25: Thread 0: total 3516 instances. 
INFO  @ Tue, 14 Feb 2023 12:27:25: Thread 0: Calculating AATK (1) ...  
INFO  @ Tue, 14 Feb 2023 12:27:55: Thread 0: Calculating NFXL1 (1001) ...  
INFO  @ Tue, 14 Feb 2023 12:28:24: Thread 0: Calculating MLL1 (2001) ...  
INFO  @ Tue, 14 Feb 2023 12:28:53: Thread 0: Calculating RNF146 (3001) ...  
INFO  @ Tue, 14 Feb 2023 12:29:08: Thread 0 completed. 
INFO  @ Tue, 14 Feb 2023 12:29:08: All threads completed. 
INFO  @ Tue, 14 Feb 2023 12:29:11: Permuting round 1 ... 
INFO  @ Tue, 14 Feb 2023 12:29:12: Thread 0 started. 
INFO  @ Tue, 14 Feb 2023 12:29:12: Thread 0: total 3516 instances. 
INFO  @ Tue, 14 Feb 2023 12:29:12: Thread 0: Calculating AATK (1) ...  
INFO  @ Tue, 14 Feb 2023 12:29:42: Thread 0: Calculating NFXL1 (1001) ...  
INFO  @ Tue, 14 Feb 2023 12:30:12: Thread 0: Calculating MLL1 (2001) ...  
INFO  @ Tue, 14 Feb 2023 12:30:41: Thread 0: Calculating RNF146 (3001) ...  
INFO  @ Tue, 14 Feb 2023 12:30:56: Thread 0 completed. 
INFO  @ Tue, 14 Feb 2023 12:30:56: All threads completed. 
INFO  @ Tue, 14 Feb 2023 12:30:59: Assigning p values... 
INFO  @ Tue, 14 Feb 2023 12:30:59: Permuting groups of gene with 32 sgRNAs per gene. Group progress: 31/41 
INFO  @ Tue, 14 Feb 2023 12:30:59: Start permuting 2 rounds ... 
INFO  @ Tue, 14 Feb 2023 12:30:59: Collecting 26156 sgRNAs from 3516 genes. 
INFO  @ Tue, 14 Feb 2023 12:31:00: Permuting round 0 ... 
INFO  @ Tue, 14 Feb 2023 12:31:01: Thread 0 started. 
INFO  @ Tue, 14 Feb 2023 12:31:01: Thread 0: total 3516 instances. 
INFO  @ Tue, 14 Feb 2023 12:31:01: Thread 0: Calculating AATK (1) ...  
INFO  @ Tue, 14 Feb 2023 12:31:32: Thread 0: Calculating NFXL1 (1001) ...  
INFO  @ Tue, 14 Feb 2023 12:32:02: Thread 0: Calculating MLL1 (2001) ...  
INFO  @ Tue, 14 Feb 2023 12:32:32: Thread 0: Calculating RNF146 (3001) ...  
INFO  @ Tue, 14 Feb 2023 12:32:47: Thread 0 completed. 
INFO  @ Tue, 14 Feb 2023 12:32:47: All threads completed. 
INFO  @ Tue, 14 Feb 2023 12:32:50: Permuting round 1 ... 
INFO  @ Tue, 14 Feb 2023 12:32:50: Thread 0 started. 
INFO  @ Tue, 14 Feb 2023 12:32:50: Thread 0: total 3516 instances. 
INFO  @ Tue, 14 Feb 2023 12:32:50: Thread 0: Calculating AATK (1) ...  
INFO  @ Tue, 14 Feb 2023 12:33:22: Thread 0: Calculating NFXL1 (1001) ...  
INFO  @ Tue, 14 Feb 2023 12:33:53: Thread 0: Calculating MLL1 (2001) ...  
INFO  @ Tue, 14 Feb 2023 12:34:23: Thread 0: Calculating RNF146 (3001) ...  
INFO  @ Tue, 14 Feb 2023 12:34:39: Thread 0 completed. 
INFO  @ Tue, 14 Feb 2023 12:34:39: All threads completed. 
INFO  @ Tue, 14 Feb 2023 12:34:41: Assigning p values... 
INFO  @ Tue, 14 Feb 2023 12:34:42: Permuting groups of gene with 33 sgRNAs per gene. Group progress: 32/41 
INFO  @ Tue, 14 Feb 2023 12:34:42: Start permuting 2 rounds ... 
INFO  @ Tue, 14 Feb 2023 12:34:42: Collecting 26156 sgRNAs from 3516 genes. 
INFO  @ Tue, 14 Feb 2023 12:34:43: Permuting round 0 ... 
INFO  @ Tue, 14 Feb 2023 12:34:44: Thread 0 started. 
INFO  @ Tue, 14 Feb 2023 12:34:44: Thread 0: total 3516 instances. 
INFO  @ Tue, 14 Feb 2023 12:34:44: Thread 0: Calculating AATK (1) ...  
INFO  @ Tue, 14 Feb 2023 12:35:16: Thread 0: Calculating NFXL1 (1001) ...  
INFO  @ Tue, 14 Feb 2023 12:35:45: Thread 0: Calculating MLL1 (2001) ...  
INFO  @ Tue, 14 Feb 2023 12:36:06: Thread 0: Calculating RNF146 (3001) ...  
INFO  @ Tue, 14 Feb 2023 12:36:16: Thread 0 completed. 
INFO  @ Tue, 14 Feb 2023 12:36:16: All threads completed. 
INFO  @ Tue, 14 Feb 2023 12:36:18: Permuting round 1 ... 
INFO  @ Tue, 14 Feb 2023 12:36:18: Thread 0 started. 
INFO  @ Tue, 14 Feb 2023 12:36:18: Thread 0: total 3516 instances. 
INFO  @ Tue, 14 Feb 2023 12:36:18: Thread 0: Calculating AATK (1) ...  
INFO  @ Tue, 14 Feb 2023 12:36:40: Thread 0: Calculating NFXL1 (1001) ...  
INFO  @ Tue, 14 Feb 2023 12:37:01: Thread 0: Calculating MLL1 (2001) ...  
INFO  @ Tue, 14 Feb 2023 12:37:22: Thread 0: Calculating RNF146 (3001) ...  
INFO  @ Tue, 14 Feb 2023 12:37:32: Thread 0 completed. 
INFO  @ Tue, 14 Feb 2023 12:37:32: All threads completed. 
INFO  @ Tue, 14 Feb 2023 12:37:34: Assigning p values... 
INFO  @ Tue, 14 Feb 2023 12:37:34: Permuting groups of gene with 34 sgRNAs per gene. Group progress: 33/41 
INFO  @ Tue, 14 Feb 2023 12:37:34: Start permuting 2 rounds ... 
INFO  @ Tue, 14 Feb 2023 12:37:35: Collecting 26156 sgRNAs from 3516 genes. 
INFO  @ Tue, 14 Feb 2023 12:37:35: Permuting round 0 ... 
INFO  @ Tue, 14 Feb 2023 12:37:36: Thread 0 started. 
INFO  @ Tue, 14 Feb 2023 12:37:36: Thread 0: total 3516 instances. 
INFO  @ Tue, 14 Feb 2023 12:37:36: Thread 0: Calculating AATK (1) ...  
INFO  @ Tue, 14 Feb 2023 12:37:58: Thread 0: Calculating NFXL1 (1001) ...  
INFO  @ Tue, 14 Feb 2023 12:38:19: Thread 0: Calculating MLL1 (2001) ...  
INFO  @ Tue, 14 Feb 2023 12:38:40: Thread 0: Calculating RNF146 (3001) ...  
INFO  @ Tue, 14 Feb 2023 12:38:51: Thread 0 completed. 
INFO  @ Tue, 14 Feb 2023 12:38:51: All threads completed. 
INFO  @ Tue, 14 Feb 2023 12:38:53: Permuting round 1 ... 
INFO  @ Tue, 14 Feb 2023 12:38:54: Thread 0 started. 
INFO  @ Tue, 14 Feb 2023 12:38:54: Thread 0: total 3516 instances. 
INFO  @ Tue, 14 Feb 2023 12:38:54: Thread 0: Calculating AATK (1) ...  
INFO  @ Tue, 14 Feb 2023 12:39:16: Thread 0: Calculating NFXL1 (1001) ...  
INFO  @ Tue, 14 Feb 2023 12:39:38: Thread 0: Calculating MLL1 (2001) ...  
INFO  @ Tue, 14 Feb 2023 12:39:59: Thread 0: Calculating RNF146 (3001) ...  
INFO  @ Tue, 14 Feb 2023 12:40:10: Thread 0 completed. 
INFO  @ Tue, 14 Feb 2023 12:40:10: All threads completed. 
INFO  @ Tue, 14 Feb 2023 12:40:12: Assigning p values... 
INFO  @ Tue, 14 Feb 2023 12:40:13: Permuting groups of gene with 37 sgRNAs per gene. Group progress: 34/41 
INFO  @ Tue, 14 Feb 2023 12:40:13: Start permuting 2 rounds ... 
INFO  @ Tue, 14 Feb 2023 12:40:13: Collecting 26156 sgRNAs from 3516 genes. 
INFO  @ Tue, 14 Feb 2023 12:40:13: Permuting round 0 ... 
INFO  @ Tue, 14 Feb 2023 12:40:14: Thread 0 started. 
INFO  @ Tue, 14 Feb 2023 12:40:14: Thread 0: total 3516 instances. 
INFO  @ Tue, 14 Feb 2023 12:40:14: Thread 0: Calculating AATK (1) ...  
INFO  @ Tue, 14 Feb 2023 12:40:28: Thread 0: Calculating NFXL1 (1001) ...  
INFO  @ Tue, 14 Feb 2023 12:40:39: Thread 0: Calculating MLL1 (2001) ...  
INFO  @ Tue, 14 Feb 2023 12:40:51: Thread 0: Calculating RNF146 (3001) ...  
INFO  @ Tue, 14 Feb 2023 12:40:56: Thread 0 completed. 
INFO  @ Tue, 14 Feb 2023 12:40:56: All threads completed. 
INFO  @ Tue, 14 Feb 2023 12:40:58: Permuting round 1 ... 
INFO  @ Tue, 14 Feb 2023 12:40:58: Thread 0 started. 
INFO  @ Tue, 14 Feb 2023 12:40:58: Thread 0: total 3516 instances. 
INFO  @ Tue, 14 Feb 2023 12:40:58: Thread 0: Calculating AATK (1) ...  
INFO  @ Tue, 14 Feb 2023 12:41:09: Thread 0: Calculating NFXL1 (1001) ...  
INFO  @ Tue, 14 Feb 2023 12:41:21: Thread 0: Calculating MLL1 (2001) ...  
INFO  @ Tue, 14 Feb 2023 12:41:32: Thread 0: Calculating RNF146 (3001) ...  
INFO  @ Tue, 14 Feb 2023 12:41:38: Thread 0 completed. 
INFO  @ Tue, 14 Feb 2023 12:41:38: All threads completed. 
INFO  @ Tue, 14 Feb 2023 12:41:39: Assigning p values... 
INFO  @ Tue, 14 Feb 2023 12:41:39: Groups of gene with 42 sgRNAs per gene: assigning p values based on previous group results. Group progress: 35/41 
INFO  @ Tue, 14 Feb 2023 12:41:39: Groups of gene with 46 sgRNAs per gene: assigning p values based on previous group results. Group progress: 36/41 
INFO  @ Tue, 14 Feb 2023 12:41:39: Groups of gene with 47 sgRNAs per gene: assigning p values based on previous group results. Group progress: 37/41 
INFO  @ Tue, 14 Feb 2023 12:41:39: Groups of gene with 48 sgRNAs per gene: assigning p values based on previous group results. Group progress: 38/41 
INFO  @ Tue, 14 Feb 2023 12:41:39: Groups of gene with 49 sgRNAs per gene: assigning p values based on previous group results. Group progress: 39/41 
INFO  @ Tue, 14 Feb 2023 12:41:39: Groups of gene with 56 sgRNAs per gene: assigning p values based on previous group results. Group progress: 40/41 
INFO  @ Tue, 14 Feb 2023 12:41:39: Groups of gene with 67 sgRNAs per gene: assigning p values based on previous group results. Group progress: 41/41 
INFO  @ Tue, 14 Feb 2023 12:41:39: Writing gene results to mle_DLD1-Cont3.gene_summary.txt 
INFO  @ Tue, 14 Feb 2023 12:41:39: Writing sgRNA results to mle_DLD1-Cont3.sgrna_summary.txt 
