INFO  @ Fri, 09 Feb 2024 11:00:29: Parameters: /home/ryan/miniconda3/envs/mageck/bin/mageck mle -k count-DLD1_Ts3.12.17.csv -d matrixDLD1_Ts3.12.17.txt -n mle_count-DLD1_Ts3.12.17 
INFO  @ Fri, 09 Feb 2024 11:00:29: Cannot parse design matrix as a string; try to parse it as a file name ... 
INFO  @ Fri, 09 Feb 2024 11:00:29: Design matrix: 
INFO  @ Fri, 09 Feb 2024 11:00:29: [[1. 0.] 
INFO  @ Fri, 09 Feb 2024 11:00:29:  [1. 1.]] 
INFO  @ Fri, 09 Feb 2024 11:00:29: Beta labels:baseline,Ts3.12.17 
INFO  @ Fri, 09 Feb 2024 11:00:29: Included samples:DLD1_Ts3.12.17_D0,DLD1_Ts3.12.17_D10 
INFO  @ Fri, 09 Feb 2024 11:00:29: Treating count-DLD1_Ts3.12.17.csv as csv file ... 
INFO  @ Fri, 09 Feb 2024 11:00:29: Loaded samples:DLD1_Ts3.12.17_D0;DLD1_Ts3.12.17_D10 
INFO  @ Fri, 09 Feb 2024 11:00:29: Sample index: 0;1 
INFO  @ Fri, 09 Feb 2024 11:00:29: Loaded 3516 genes. 
DEBUG @ Fri, 09 Feb 2024 11:00:29: Initial (total) size factor: 1.2051266967941219 0.8545462129524126 
DEBUG @ Fri, 09 Feb 2024 11:00:30: Median factor: 1.2021239148442096 0.8360848141661253 
INFO  @ Fri, 09 Feb 2024 11:00:30: Final size factor: 1.2021239148442096 0.8360848141661253 
INFO  @ Fri, 09 Feb 2024 11:00:30: size factor: 0.8318609983976535,1.1960509066264486 
INFO  @ Fri, 09 Feb 2024 11:00:30: Thread 0 started. 
INFO  @ Fri, 09 Feb 2024 11:00:30: Thread 0: total 1 instances. 
INFO  @ Fri, 09 Feb 2024 11:00:30: Thread 0 completed. 
INFO  @ Fri, 09 Feb 2024 11:00:30: All threads completed. 
INFO  @ Fri, 09 Feb 2024 11:00:30: Modeling the mean and variance ... 
INFO  @ Fri, 09 Feb 2024 11:00:30: Run the algorithm for the second time ... 
INFO  @ Fri, 09 Feb 2024 11:00:30: Skipping gene NKX2 from MLE calculation since there are too many sgRNAs. To change, revise the --max-sgrnapergene-permutation option. 
INFO  @ Fri, 09 Feb 2024 11:00:30: Skipping gene PBRM1 from MLE calculation since there are too many sgRNAs. To change, revise the --max-sgrnapergene-permutation option. 
INFO  @ Fri, 09 Feb 2024 11:00:30: Skipping gene KDM2A from MLE calculation since there are too many sgRNAs. To change, revise the --max-sgrnapergene-permutation option. 
INFO  @ Fri, 09 Feb 2024 11:00:30: Skipping gene KDM2B from MLE calculation since there are too many sgRNAs. To change, revise the --max-sgrnapergene-permutation option. 
INFO  @ Fri, 09 Feb 2024 11:00:30: Skipping gene KMT2A from MLE calculation since there are too many sgRNAs. To change, revise the --max-sgrnapergene-permutation option. 
INFO  @ Fri, 09 Feb 2024 11:00:30: Skipping gene KMT2B from MLE calculation since there are too many sgRNAs. To change, revise the --max-sgrnapergene-permutation option. 
INFO  @ Fri, 09 Feb 2024 11:00:30: Skipping gene KMT2C from MLE calculation since there are too many sgRNAs. To change, revise the --max-sgrnapergene-permutation option. 
INFO  @ Fri, 09 Feb 2024 11:00:30: Skipping gene KMT2D from MLE calculation since there are too many sgRNAs. To change, revise the --max-sgrnapergene-permutation option. 
INFO  @ Fri, 09 Feb 2024 11:00:30: Skipping gene NSD1 from MLE calculation since there are too many sgRNAs. To change, revise the --max-sgrnapergene-permutation option. 
INFO  @ Fri, 09 Feb 2024 11:00:30: Skipping gene RNF17 from MLE calculation since there are too many sgRNAs. To change, revise the --max-sgrnapergene-permutation option. 
INFO  @ Fri, 09 Feb 2024 11:00:30: Skipping gene TDRD6 from MLE calculation since there are too many sgRNAs. To change, revise the --max-sgrnapergene-permutation option. 
INFO  @ Fri, 09 Feb 2024 11:00:30: Thread 0 started. 
INFO  @ Fri, 09 Feb 2024 11:00:30: Thread 0: total 3505 instances. 
INFO  @ Fri, 09 Feb 2024 11:00:30: Thread 0: Calculating AATK (1) ...  
INFO  @ Fri, 09 Feb 2024 11:00:33: Thread 0: Calculating NFXL1 (1001) ...  
INFO  @ Fri, 09 Feb 2024 11:00:36: Thread 0: Calculating NO66 (2001) ...  
INFO  @ Fri, 09 Feb 2024 11:00:40: Thread 0: Calculating RNF170 (3001) ...  
INFO  @ Fri, 09 Feb 2024 11:00:41: Thread 0 completed. 
INFO  @ Fri, 09 Feb 2024 11:00:41: All threads completed. 
INFO  @ Fri, 09 Feb 2024 11:00:43: Permuting groups of gene with 1 sgRNAs per gene. Group progress: 1/41 
INFO  @ Fri, 09 Feb 2024 11:00:43: Start permuting 2 rounds ... 
INFO  @ Fri, 09 Feb 2024 11:00:43: Collecting 26156 sgRNAs from 3516 genes. 
INFO  @ Fri, 09 Feb 2024 11:00:43: Permuting round 0 ... 
INFO  @ Fri, 09 Feb 2024 11:00:43: Thread 0 started. 
INFO  @ Fri, 09 Feb 2024 11:00:43: Thread 0: total 3516 instances. 
INFO  @ Fri, 09 Feb 2024 11:00:43: Thread 0: Calculating AATK (1) ...  
INFO  @ Fri, 09 Feb 2024 11:00:45: Thread 0: Calculating NFXL1 (1001) ...  
INFO  @ Fri, 09 Feb 2024 11:00:47: Thread 0: Calculating MLL1 (2001) ...  
INFO  @ Fri, 09 Feb 2024 11:00:49: Thread 0: Calculating RNF146 (3001) ...  
INFO  @ Fri, 09 Feb 2024 11:00:50: Thread 0 completed. 
INFO  @ Fri, 09 Feb 2024 11:00:50: All threads completed. 
INFO  @ Fri, 09 Feb 2024 11:00:51: Permuting round 1 ... 
INFO  @ Fri, 09 Feb 2024 11:00:51: Thread 0 started. 
INFO  @ Fri, 09 Feb 2024 11:00:51: Thread 0: total 3516 instances. 
INFO  @ Fri, 09 Feb 2024 11:00:51: Thread 0: Calculating AATK (1) ...  
INFO  @ Fri, 09 Feb 2024 11:00:53: Thread 0: Calculating NFXL1 (1001) ...  
INFO  @ Fri, 09 Feb 2024 11:00:55: Thread 0: Calculating MLL1 (2001) ...  
INFO  @ Fri, 09 Feb 2024 11:00:57: Thread 0: Calculating RNF146 (3001) ...  
INFO  @ Fri, 09 Feb 2024 11:00:58: Thread 0 completed. 
INFO  @ Fri, 09 Feb 2024 11:00:58: All threads completed. 
INFO  @ Fri, 09 Feb 2024 11:01:00: Assigning p values... 
INFO  @ Fri, 09 Feb 2024 11:01:00: Permuting groups of gene with 2 sgRNAs per gene. Group progress: 2/41 
INFO  @ Fri, 09 Feb 2024 11:01:00: Start permuting 2 rounds ... 
INFO  @ Fri, 09 Feb 2024 11:01:00: Collecting 26156 sgRNAs from 3516 genes. 
INFO  @ Fri, 09 Feb 2024 11:01:00: Permuting round 0 ... 
INFO  @ Fri, 09 Feb 2024 11:01:00: Thread 0 started. 
INFO  @ Fri, 09 Feb 2024 11:01:00: Thread 0: total 3516 instances. 
INFO  @ Fri, 09 Feb 2024 11:01:00: Thread 0: Calculating AATK (1) ...  
INFO  @ Fri, 09 Feb 2024 11:01:03: Thread 0: Calculating NFXL1 (1001) ...  
INFO  @ Fri, 09 Feb 2024 11:01:06: Thread 0: Calculating MLL1 (2001) ...  
INFO  @ Fri, 09 Feb 2024 11:01:09: Thread 0: Calculating RNF146 (3001) ...  
INFO  @ Fri, 09 Feb 2024 11:01:10: Thread 0 completed. 
INFO  @ Fri, 09 Feb 2024 11:01:10: All threads completed. 
INFO  @ Fri, 09 Feb 2024 11:01:11: Permuting round 1 ... 
INFO  @ Fri, 09 Feb 2024 11:01:11: Thread 0 started. 
INFO  @ Fri, 09 Feb 2024 11:01:11: Thread 0: total 3516 instances. 
INFO  @ Fri, 09 Feb 2024 11:01:11: Thread 0: Calculating AATK (1) ...  
INFO  @ Fri, 09 Feb 2024 11:01:14: Thread 0: Calculating NFXL1 (1001) ...  
INFO  @ Fri, 09 Feb 2024 11:01:17: Thread 0: Calculating MLL1 (2001) ...  
INFO  @ Fri, 09 Feb 2024 11:01:20: Thread 0: Calculating RNF146 (3001) ...  
INFO  @ Fri, 09 Feb 2024 11:01:21: Thread 0 completed. 
INFO  @ Fri, 09 Feb 2024 11:01:21: All threads completed. 
INFO  @ Fri, 09 Feb 2024 11:01:22: Assigning p values... 
INFO  @ Fri, 09 Feb 2024 11:01:22: Permuting groups of gene with 3 sgRNAs per gene. Group progress: 3/41 
INFO  @ Fri, 09 Feb 2024 11:01:22: Start permuting 2 rounds ... 
INFO  @ Fri, 09 Feb 2024 11:01:22: Collecting 26156 sgRNAs from 3516 genes. 
INFO  @ Fri, 09 Feb 2024 11:01:22: Permuting round 0 ... 
INFO  @ Fri, 09 Feb 2024 11:01:22: Thread 0 started. 
INFO  @ Fri, 09 Feb 2024 11:01:22: Thread 0: total 3516 instances. 
INFO  @ Fri, 09 Feb 2024 11:01:22: Thread 0: Calculating AATK (1) ...  
INFO  @ Fri, 09 Feb 2024 11:01:25: Thread 0: Calculating NFXL1 (1001) ...  
INFO  @ Fri, 09 Feb 2024 11:01:28: Thread 0: Calculating MLL1 (2001) ...  
INFO  @ Fri, 09 Feb 2024 11:01:31: Thread 0: Calculating RNF146 (3001) ...  
INFO  @ Fri, 09 Feb 2024 11:01:32: Thread 0 completed. 
INFO  @ Fri, 09 Feb 2024 11:01:32: All threads completed. 
INFO  @ Fri, 09 Feb 2024 11:01:33: Permuting round 1 ... 
INFO  @ Fri, 09 Feb 2024 11:01:33: Thread 0 started. 
INFO  @ Fri, 09 Feb 2024 11:01:33: Thread 0: total 3516 instances. 
INFO  @ Fri, 09 Feb 2024 11:01:33: Thread 0: Calculating AATK (1) ...  
INFO  @ Fri, 09 Feb 2024 11:01:36: Thread 0: Calculating NFXL1 (1001) ...  
INFO  @ Fri, 09 Feb 2024 11:01:39: Thread 0: Calculating MLL1 (2001) ...  
INFO  @ Fri, 09 Feb 2024 11:01:42: Thread 0: Calculating RNF146 (3001) ...  
INFO  @ Fri, 09 Feb 2024 11:01:43: Thread 0 completed. 
INFO  @ Fri, 09 Feb 2024 11:01:43: All threads completed. 
INFO  @ Fri, 09 Feb 2024 11:01:45: Assigning p values... 
INFO  @ Fri, 09 Feb 2024 11:01:45: Permuting groups of gene with 4 sgRNAs per gene. Group progress: 4/41 
INFO  @ Fri, 09 Feb 2024 11:01:45: Start permuting 2 rounds ... 
INFO  @ Fri, 09 Feb 2024 11:01:45: Collecting 26156 sgRNAs from 3516 genes. 
INFO  @ Fri, 09 Feb 2024 11:01:45: Permuting round 0 ... 
INFO  @ Fri, 09 Feb 2024 11:01:45: Thread 0 started. 
INFO  @ Fri, 09 Feb 2024 11:01:45: Thread 0: total 3516 instances. 
INFO  @ Fri, 09 Feb 2024 11:01:45: Thread 0: Calculating AATK (1) ...  
INFO  @ Fri, 09 Feb 2024 11:01:48: Thread 0: Calculating NFXL1 (1001) ...  
INFO  @ Fri, 09 Feb 2024 11:01:51: Thread 0: Calculating MLL1 (2001) ...  
INFO  @ Fri, 09 Feb 2024 11:01:54: Thread 0: Calculating RNF146 (3001) ...  
INFO  @ Fri, 09 Feb 2024 11:01:56: Thread 0 completed. 
INFO  @ Fri, 09 Feb 2024 11:01:56: All threads completed. 
INFO  @ Fri, 09 Feb 2024 11:01:57: Permuting round 1 ... 
INFO  @ Fri, 09 Feb 2024 11:01:58: Thread 0 started. 
INFO  @ Fri, 09 Feb 2024 11:01:58: Thread 0: total 3516 instances. 
INFO  @ Fri, 09 Feb 2024 11:01:58: Thread 0: Calculating AATK (1) ...  
INFO  @ Fri, 09 Feb 2024 11:02:01: Thread 0: Calculating NFXL1 (1001) ...  
INFO  @ Fri, 09 Feb 2024 11:02:04: Thread 0: Calculating MLL1 (2001) ...  
INFO  @ Fri, 09 Feb 2024 11:02:08: Thread 0: Calculating RNF146 (3001) ...  
INFO  @ Fri, 09 Feb 2024 11:02:09: Thread 0 completed. 
INFO  @ Fri, 09 Feb 2024 11:02:09: All threads completed. 
INFO  @ Fri, 09 Feb 2024 11:02:10: Assigning p values... 
INFO  @ Fri, 09 Feb 2024 11:02:10: Permuting groups of gene with 5 sgRNAs per gene. Group progress: 5/41 
INFO  @ Fri, 09 Feb 2024 11:02:10: Start permuting 2 rounds ... 
INFO  @ Fri, 09 Feb 2024 11:02:10: Collecting 26156 sgRNAs from 3516 genes. 
INFO  @ Fri, 09 Feb 2024 11:02:10: Permuting round 0 ... 
INFO  @ Fri, 09 Feb 2024 11:02:10: Thread 0 started. 
INFO  @ Fri, 09 Feb 2024 11:02:10: Thread 0: total 3516 instances. 
INFO  @ Fri, 09 Feb 2024 11:02:10: Thread 0: Calculating AATK (1) ...  
INFO  @ Fri, 09 Feb 2024 11:02:14: Thread 0: Calculating NFXL1 (1001) ...  
INFO  @ Fri, 09 Feb 2024 11:02:17: Thread 0: Calculating MLL1 (2001) ...  
INFO  @ Fri, 09 Feb 2024 11:02:20: Thread 0: Calculating RNF146 (3001) ...  
INFO  @ Fri, 09 Feb 2024 11:02:21: Thread 0 completed. 
INFO  @ Fri, 09 Feb 2024 11:02:21: All threads completed. 
INFO  @ Fri, 09 Feb 2024 11:02:22: Permuting round 1 ... 
INFO  @ Fri, 09 Feb 2024 11:02:23: Thread 0 started. 
INFO  @ Fri, 09 Feb 2024 11:02:23: Thread 0: total 3516 instances. 
INFO  @ Fri, 09 Feb 2024 11:02:23: Thread 0: Calculating AATK (1) ...  
INFO  @ Fri, 09 Feb 2024 11:02:26: Thread 0: Calculating NFXL1 (1001) ...  
INFO  @ Fri, 09 Feb 2024 11:02:30: Thread 0: Calculating MLL1 (2001) ...  
INFO  @ Fri, 09 Feb 2024 11:02:33: Thread 0: Calculating RNF146 (3001) ...  
INFO  @ Fri, 09 Feb 2024 11:02:35: Thread 0 completed. 
INFO  @ Fri, 09 Feb 2024 11:02:35: All threads completed. 
INFO  @ Fri, 09 Feb 2024 11:02:36: Assigning p values... 
INFO  @ Fri, 09 Feb 2024 11:02:36: Permuting groups of gene with 6 sgRNAs per gene. Group progress: 6/41 
INFO  @ Fri, 09 Feb 2024 11:02:36: Start permuting 2 rounds ... 
INFO  @ Fri, 09 Feb 2024 11:02:36: Collecting 26156 sgRNAs from 3516 genes. 
INFO  @ Fri, 09 Feb 2024 11:02:36: Permuting round 0 ... 
INFO  @ Fri, 09 Feb 2024 11:02:36: Thread 0 started. 
INFO  @ Fri, 09 Feb 2024 11:02:36: Thread 0: total 3516 instances. 
INFO  @ Fri, 09 Feb 2024 11:02:36: Thread 0: Calculating AATK (1) ...  
INFO  @ Fri, 09 Feb 2024 11:02:39: Thread 0: Calculating NFXL1 (1001) ...  
INFO  @ Fri, 09 Feb 2024 11:02:43: Thread 0: Calculating MLL1 (2001) ...  
INFO  @ Fri, 09 Feb 2024 11:02:46: Thread 0: Calculating RNF146 (3001) ...  
INFO  @ Fri, 09 Feb 2024 11:02:48: Thread 0 completed. 
INFO  @ Fri, 09 Feb 2024 11:02:48: All threads completed. 
INFO  @ Fri, 09 Feb 2024 11:02:49: Permuting round 1 ... 
INFO  @ Fri, 09 Feb 2024 11:02:49: Thread 0 started. 
INFO  @ Fri, 09 Feb 2024 11:02:49: Thread 0: total 3516 instances. 
INFO  @ Fri, 09 Feb 2024 11:02:49: Thread 0: Calculating AATK (1) ...  
INFO  @ Fri, 09 Feb 2024 11:02:52: Thread 0: Calculating NFXL1 (1001) ...  
INFO  @ Fri, 09 Feb 2024 11:02:55: Thread 0: Calculating MLL1 (2001) ...  
INFO  @ Fri, 09 Feb 2024 11:02:58: Thread 0: Calculating RNF146 (3001) ...  
INFO  @ Fri, 09 Feb 2024 11:03:00: Thread 0 completed. 
INFO  @ Fri, 09 Feb 2024 11:03:00: All threads completed. 
INFO  @ Fri, 09 Feb 2024 11:03:01: Assigning p values... 
INFO  @ Fri, 09 Feb 2024 11:03:01: Permuting groups of gene with 7 sgRNAs per gene. Group progress: 7/41 
INFO  @ Fri, 09 Feb 2024 11:03:01: Start permuting 2 rounds ... 
INFO  @ Fri, 09 Feb 2024 11:03:01: Collecting 26156 sgRNAs from 3516 genes. 
INFO  @ Fri, 09 Feb 2024 11:03:01: Permuting round 0 ... 
INFO  @ Fri, 09 Feb 2024 11:03:02: Thread 0 started. 
INFO  @ Fri, 09 Feb 2024 11:03:02: Thread 0: total 3516 instances. 
INFO  @ Fri, 09 Feb 2024 11:03:02: Thread 0: Calculating AATK (1) ...  
INFO  @ Fri, 09 Feb 2024 11:03:05: Thread 0: Calculating NFXL1 (1001) ...  
INFO  @ Fri, 09 Feb 2024 11:03:08: Thread 0: Calculating MLL1 (2001) ...  
INFO  @ Fri, 09 Feb 2024 11:03:12: Thread 0: Calculating RNF146 (3001) ...  
INFO  @ Fri, 09 Feb 2024 11:03:13: Thread 0 completed. 
INFO  @ Fri, 09 Feb 2024 11:03:13: All threads completed. 
INFO  @ Fri, 09 Feb 2024 11:03:14: Permuting round 1 ... 
INFO  @ Fri, 09 Feb 2024 11:03:14: Thread 0 started. 
INFO  @ Fri, 09 Feb 2024 11:03:14: Thread 0: total 3516 instances. 
INFO  @ Fri, 09 Feb 2024 11:03:14: Thread 0: Calculating AATK (1) ...  
INFO  @ Fri, 09 Feb 2024 11:03:18: Thread 0: Calculating NFXL1 (1001) ...  
INFO  @ Fri, 09 Feb 2024 11:03:21: Thread 0: Calculating MLL1 (2001) ...  
INFO  @ Fri, 09 Feb 2024 11:03:24: Thread 0: Calculating RNF146 (3001) ...  
INFO  @ Fri, 09 Feb 2024 11:03:26: Thread 0 completed. 
INFO  @ Fri, 09 Feb 2024 11:03:26: All threads completed. 
INFO  @ Fri, 09 Feb 2024 11:03:27: Assigning p values... 
INFO  @ Fri, 09 Feb 2024 11:03:27: Permuting groups of gene with 8 sgRNAs per gene. Group progress: 8/41 
INFO  @ Fri, 09 Feb 2024 11:03:27: Start permuting 2 rounds ... 
INFO  @ Fri, 09 Feb 2024 11:03:27: Collecting 26156 sgRNAs from 3516 genes. 
INFO  @ Fri, 09 Feb 2024 11:03:28: Permuting round 0 ... 
INFO  @ Fri, 09 Feb 2024 11:03:28: Thread 0 started. 
INFO  @ Fri, 09 Feb 2024 11:03:28: Thread 0: total 3516 instances. 
INFO  @ Fri, 09 Feb 2024 11:03:28: Thread 0: Calculating AATK (1) ...  
INFO  @ Fri, 09 Feb 2024 11:03:31: Thread 0: Calculating NFXL1 (1001) ...  
INFO  @ Fri, 09 Feb 2024 11:03:34: Thread 0: Calculating MLL1 (2001) ...  
INFO  @ Fri, 09 Feb 2024 11:03:37: Thread 0: Calculating RNF146 (3001) ...  
INFO  @ Fri, 09 Feb 2024 11:03:39: Thread 0 completed. 
INFO  @ Fri, 09 Feb 2024 11:03:39: All threads completed. 
INFO  @ Fri, 09 Feb 2024 11:03:40: Permuting round 1 ... 
INFO  @ Fri, 09 Feb 2024 11:03:40: Thread 0 started. 
INFO  @ Fri, 09 Feb 2024 11:03:40: Thread 0: total 3516 instances. 
INFO  @ Fri, 09 Feb 2024 11:03:40: Thread 0: Calculating AATK (1) ...  
INFO  @ Fri, 09 Feb 2024 11:03:44: Thread 0: Calculating NFXL1 (1001) ...  
INFO  @ Fri, 09 Feb 2024 11:03:47: Thread 0: Calculating MLL1 (2001) ...  
INFO  @ Fri, 09 Feb 2024 11:03:50: Thread 0: Calculating RNF146 (3001) ...  
INFO  @ Fri, 09 Feb 2024 11:03:52: Thread 0 completed. 
INFO  @ Fri, 09 Feb 2024 11:03:52: All threads completed. 
INFO  @ Fri, 09 Feb 2024 11:03:53: Assigning p values... 
INFO  @ Fri, 09 Feb 2024 11:03:53: Permuting groups of gene with 9 sgRNAs per gene. Group progress: 9/41 
INFO  @ Fri, 09 Feb 2024 11:03:53: Start permuting 2 rounds ... 
INFO  @ Fri, 09 Feb 2024 11:03:53: Collecting 26156 sgRNAs from 3516 genes. 
INFO  @ Fri, 09 Feb 2024 11:03:53: Permuting round 0 ... 
INFO  @ Fri, 09 Feb 2024 11:03:53: Thread 0 started. 
INFO  @ Fri, 09 Feb 2024 11:03:53: Thread 0: total 3516 instances. 
INFO  @ Fri, 09 Feb 2024 11:03:53: Thread 0: Calculating AATK (1) ...  
INFO  @ Fri, 09 Feb 2024 11:03:57: Thread 0: Calculating NFXL1 (1001) ...  
INFO  @ Fri, 09 Feb 2024 11:04:01: Thread 0: Calculating MLL1 (2001) ...  
INFO  @ Fri, 09 Feb 2024 11:04:04: Thread 0: Calculating RNF146 (3001) ...  
INFO  @ Fri, 09 Feb 2024 11:04:06: Thread 0 completed. 
INFO  @ Fri, 09 Feb 2024 11:04:06: All threads completed. 
INFO  @ Fri, 09 Feb 2024 11:04:07: Permuting round 1 ... 
INFO  @ Fri, 09 Feb 2024 11:04:07: Thread 0 started. 
INFO  @ Fri, 09 Feb 2024 11:04:07: Thread 0: total 3516 instances. 
INFO  @ Fri, 09 Feb 2024 11:04:07: Thread 0: Calculating AATK (1) ...  
INFO  @ Fri, 09 Feb 2024 11:04:10: Thread 0: Calculating NFXL1 (1001) ...  
INFO  @ Fri, 09 Feb 2024 11:04:13: Thread 0: Calculating MLL1 (2001) ...  
INFO  @ Fri, 09 Feb 2024 11:04:17: Thread 0: Calculating RNF146 (3001) ...  
INFO  @ Fri, 09 Feb 2024 11:04:19: Thread 0 completed. 
INFO  @ Fri, 09 Feb 2024 11:04:19: All threads completed. 
INFO  @ Fri, 09 Feb 2024 11:04:20: Assigning p values... 
INFO  @ Fri, 09 Feb 2024 11:04:20: Permuting groups of gene with 10 sgRNAs per gene. Group progress: 10/41 
INFO  @ Fri, 09 Feb 2024 11:04:20: Start permuting 2 rounds ... 
INFO  @ Fri, 09 Feb 2024 11:04:20: Collecting 26156 sgRNAs from 3516 genes. 
INFO  @ Fri, 09 Feb 2024 11:04:21: Permuting round 0 ... 
INFO  @ Fri, 09 Feb 2024 11:04:21: Thread 0 started. 
INFO  @ Fri, 09 Feb 2024 11:04:21: Thread 0: total 3516 instances. 
INFO  @ Fri, 09 Feb 2024 11:04:21: Thread 0: Calculating AATK (1) ...  
INFO  @ Fri, 09 Feb 2024 11:04:24: Thread 0: Calculating NFXL1 (1001) ...  
INFO  @ Fri, 09 Feb 2024 11:04:28: Thread 0: Calculating MLL1 (2001) ...  
INFO  @ Fri, 09 Feb 2024 11:04:31: Thread 0: Calculating RNF146 (3001) ...  
INFO  @ Fri, 09 Feb 2024 11:04:33: Thread 0 completed. 
INFO  @ Fri, 09 Feb 2024 11:04:33: All threads completed. 
INFO  @ Fri, 09 Feb 2024 11:04:34: Permuting round 1 ... 
INFO  @ Fri, 09 Feb 2024 11:04:34: Thread 0 started. 
INFO  @ Fri, 09 Feb 2024 11:04:34: Thread 0: total 3516 instances. 
INFO  @ Fri, 09 Feb 2024 11:04:34: Thread 0: Calculating AATK (1) ...  
INFO  @ Fri, 09 Feb 2024 11:04:38: Thread 0: Calculating NFXL1 (1001) ...  
INFO  @ Fri, 09 Feb 2024 11:04:41: Thread 0: Calculating MLL1 (2001) ...  
INFO  @ Fri, 09 Feb 2024 11:04:44: Thread 0: Calculating RNF146 (3001) ...  
INFO  @ Fri, 09 Feb 2024 11:04:46: Thread 0 completed. 
INFO  @ Fri, 09 Feb 2024 11:04:46: All threads completed. 
INFO  @ Fri, 09 Feb 2024 11:04:47: Assigning p values... 
INFO  @ Fri, 09 Feb 2024 11:04:47: Permuting groups of gene with 11 sgRNAs per gene. Group progress: 11/41 
INFO  @ Fri, 09 Feb 2024 11:04:47: Start permuting 2 rounds ... 
INFO  @ Fri, 09 Feb 2024 11:04:48: Collecting 26156 sgRNAs from 3516 genes. 
INFO  @ Fri, 09 Feb 2024 11:04:48: Permuting round 0 ... 
INFO  @ Fri, 09 Feb 2024 11:04:48: Thread 0 started. 
INFO  @ Fri, 09 Feb 2024 11:04:48: Thread 0: total 3516 instances. 
INFO  @ Fri, 09 Feb 2024 11:04:48: Thread 0: Calculating AATK (1) ...  
INFO  @ Fri, 09 Feb 2024 11:04:51: Thread 0: Calculating NFXL1 (1001) ...  
INFO  @ Fri, 09 Feb 2024 11:04:55: Thread 0: Calculating MLL1 (2001) ...  
INFO  @ Fri, 09 Feb 2024 11:04:58: Thread 0: Calculating RNF146 (3001) ...  
INFO  @ Fri, 09 Feb 2024 11:05:00: Thread 0 completed. 
INFO  @ Fri, 09 Feb 2024 11:05:00: All threads completed. 
INFO  @ Fri, 09 Feb 2024 11:05:01: Permuting round 1 ... 
INFO  @ Fri, 09 Feb 2024 11:05:01: Thread 0 started. 
INFO  @ Fri, 09 Feb 2024 11:05:01: Thread 0: total 3516 instances. 
INFO  @ Fri, 09 Feb 2024 11:05:01: Thread 0: Calculating AATK (1) ...  
INFO  @ Fri, 09 Feb 2024 11:05:05: Thread 0: Calculating NFXL1 (1001) ...  
INFO  @ Fri, 09 Feb 2024 11:05:08: Thread 0: Calculating MLL1 (2001) ...  
INFO  @ Fri, 09 Feb 2024 11:05:12: Thread 0: Calculating RNF146 (3001) ...  
INFO  @ Fri, 09 Feb 2024 11:05:14: Thread 0 completed. 
INFO  @ Fri, 09 Feb 2024 11:05:14: All threads completed. 
INFO  @ Fri, 09 Feb 2024 11:05:15: Assigning p values... 
INFO  @ Fri, 09 Feb 2024 11:05:15: Permuting groups of gene with 12 sgRNAs per gene. Group progress: 12/41 
INFO  @ Fri, 09 Feb 2024 11:05:15: Start permuting 2 rounds ... 
INFO  @ Fri, 09 Feb 2024 11:05:15: Collecting 26156 sgRNAs from 3516 genes. 
INFO  @ Fri, 09 Feb 2024 11:05:15: Permuting round 0 ... 
INFO  @ Fri, 09 Feb 2024 11:05:15: Thread 0 started. 
INFO  @ Fri, 09 Feb 2024 11:05:15: Thread 0: total 3516 instances. 
INFO  @ Fri, 09 Feb 2024 11:05:15: Thread 0: Calculating AATK (1) ...  
INFO  @ Fri, 09 Feb 2024 11:05:19: Thread 0: Calculating NFXL1 (1001) ...  
INFO  @ Fri, 09 Feb 2024 11:05:22: Thread 0: Calculating MLL1 (2001) ...  
INFO  @ Fri, 09 Feb 2024 11:05:26: Thread 0: Calculating RNF146 (3001) ...  
INFO  @ Fri, 09 Feb 2024 11:05:28: Thread 0 completed. 
INFO  @ Fri, 09 Feb 2024 11:05:28: All threads completed. 
INFO  @ Fri, 09 Feb 2024 11:05:29: Permuting round 1 ... 
INFO  @ Fri, 09 Feb 2024 11:05:29: Thread 0 started. 
INFO  @ Fri, 09 Feb 2024 11:05:29: Thread 0: total 3516 instances. 
INFO  @ Fri, 09 Feb 2024 11:05:29: Thread 0: Calculating AATK (1) ...  
INFO  @ Fri, 09 Feb 2024 11:05:33: Thread 0: Calculating NFXL1 (1001) ...  
INFO  @ Fri, 09 Feb 2024 11:05:38: Thread 0: Calculating MLL1 (2001) ...  
INFO  @ Fri, 09 Feb 2024 11:05:42: Thread 0: Calculating RNF146 (3001) ...  
INFO  @ Fri, 09 Feb 2024 11:05:44: Thread 0 completed. 
INFO  @ Fri, 09 Feb 2024 11:05:44: All threads completed. 
INFO  @ Fri, 09 Feb 2024 11:05:45: Assigning p values... 
INFO  @ Fri, 09 Feb 2024 11:05:45: Permuting groups of gene with 13 sgRNAs per gene. Group progress: 13/41 
INFO  @ Fri, 09 Feb 2024 11:05:45: Start permuting 2 rounds ... 
INFO  @ Fri, 09 Feb 2024 11:05:45: Collecting 26156 sgRNAs from 3516 genes. 
INFO  @ Fri, 09 Feb 2024 11:05:45: Permuting round 0 ... 
INFO  @ Fri, 09 Feb 2024 11:05:45: Thread 0 started. 
INFO  @ Fri, 09 Feb 2024 11:05:45: Thread 0: total 3516 instances. 
INFO  @ Fri, 09 Feb 2024 11:05:45: Thread 0: Calculating AATK (1) ...  
INFO  @ Fri, 09 Feb 2024 11:05:49: Thread 0: Calculating NFXL1 (1001) ...  
INFO  @ Fri, 09 Feb 2024 11:05:53: Thread 0: Calculating MLL1 (2001) ...  
INFO  @ Fri, 09 Feb 2024 11:05:56: Thread 0: Calculating RNF146 (3001) ...  
INFO  @ Fri, 09 Feb 2024 11:05:58: Thread 0 completed. 
INFO  @ Fri, 09 Feb 2024 11:05:58: All threads completed. 
INFO  @ Fri, 09 Feb 2024 11:05:59: Permuting round 1 ... 
INFO  @ Fri, 09 Feb 2024 11:05:59: Thread 0 started. 
INFO  @ Fri, 09 Feb 2024 11:05:59: Thread 0: total 3516 instances. 
INFO  @ Fri, 09 Feb 2024 11:05:59: Thread 0: Calculating AATK (1) ...  
INFO  @ Fri, 09 Feb 2024 11:06:04: Thread 0: Calculating NFXL1 (1001) ...  
INFO  @ Fri, 09 Feb 2024 11:06:07: Thread 0: Calculating MLL1 (2001) ...  
INFO  @ Fri, 09 Feb 2024 11:06:11: Thread 0: Calculating RNF146 (3001) ...  
INFO  @ Fri, 09 Feb 2024 11:06:13: Thread 0 completed. 
INFO  @ Fri, 09 Feb 2024 11:06:13: All threads completed. 
INFO  @ Fri, 09 Feb 2024 11:06:14: Assigning p values... 
INFO  @ Fri, 09 Feb 2024 11:06:14: Permuting groups of gene with 14 sgRNAs per gene. Group progress: 14/41 
INFO  @ Fri, 09 Feb 2024 11:06:14: Start permuting 2 rounds ... 
INFO  @ Fri, 09 Feb 2024 11:06:14: Collecting 26156 sgRNAs from 3516 genes. 
INFO  @ Fri, 09 Feb 2024 11:06:14: Permuting round 0 ... 
INFO  @ Fri, 09 Feb 2024 11:06:14: Thread 0 started. 
INFO  @ Fri, 09 Feb 2024 11:06:14: Thread 0: total 3516 instances. 
INFO  @ Fri, 09 Feb 2024 11:06:14: Thread 0: Calculating AATK (1) ...  
INFO  @ Fri, 09 Feb 2024 11:06:18: Thread 0: Calculating NFXL1 (1001) ...  
INFO  @ Fri, 09 Feb 2024 11:06:22: Thread 0: Calculating MLL1 (2001) ...  
INFO  @ Fri, 09 Feb 2024 11:06:25: Thread 0: Calculating RNF146 (3001) ...  
INFO  @ Fri, 09 Feb 2024 11:06:27: Thread 0 completed. 
INFO  @ Fri, 09 Feb 2024 11:06:27: All threads completed. 
INFO  @ Fri, 09 Feb 2024 11:06:28: Permuting round 1 ... 
INFO  @ Fri, 09 Feb 2024 11:06:28: Thread 0 started. 
INFO  @ Fri, 09 Feb 2024 11:06:28: Thread 0: total 3516 instances. 
INFO  @ Fri, 09 Feb 2024 11:06:28: Thread 0: Calculating AATK (1) ...  
INFO  @ Fri, 09 Feb 2024 11:06:32: Thread 0: Calculating NFXL1 (1001) ...  
INFO  @ Fri, 09 Feb 2024 11:06:36: Thread 0: Calculating MLL1 (2001) ...  
INFO  @ Fri, 09 Feb 2024 11:06:40: Thread 0: Calculating RNF146 (3001) ...  
INFO  @ Fri, 09 Feb 2024 11:06:42: Thread 0 completed. 
INFO  @ Fri, 09 Feb 2024 11:06:42: All threads completed. 
INFO  @ Fri, 09 Feb 2024 11:06:43: Assigning p values... 
INFO  @ Fri, 09 Feb 2024 11:06:43: Permuting groups of gene with 15 sgRNAs per gene. Group progress: 15/41 
INFO  @ Fri, 09 Feb 2024 11:06:43: Start permuting 2 rounds ... 
INFO  @ Fri, 09 Feb 2024 11:06:43: Collecting 26156 sgRNAs from 3516 genes. 
INFO  @ Fri, 09 Feb 2024 11:06:43: Permuting round 0 ... 
INFO  @ Fri, 09 Feb 2024 11:06:43: Thread 0 started. 
INFO  @ Fri, 09 Feb 2024 11:06:43: Thread 0: total 3516 instances. 
INFO  @ Fri, 09 Feb 2024 11:06:43: Thread 0: Calculating AATK (1) ...  
INFO  @ Fri, 09 Feb 2024 11:06:47: Thread 0: Calculating NFXL1 (1001) ...  
INFO  @ Fri, 09 Feb 2024 11:06:51: Thread 0: Calculating MLL1 (2001) ...  
INFO  @ Fri, 09 Feb 2024 11:06:55: Thread 0: Calculating RNF146 (3001) ...  
INFO  @ Fri, 09 Feb 2024 11:06:57: Thread 0 completed. 
INFO  @ Fri, 09 Feb 2024 11:06:57: All threads completed. 
INFO  @ Fri, 09 Feb 2024 11:06:58: Permuting round 1 ... 
INFO  @ Fri, 09 Feb 2024 11:06:58: Thread 0 started. 
INFO  @ Fri, 09 Feb 2024 11:06:58: Thread 0: total 3516 instances. 
INFO  @ Fri, 09 Feb 2024 11:06:58: Thread 0: Calculating AATK (1) ...  
INFO  @ Fri, 09 Feb 2024 11:07:02: Thread 0: Calculating NFXL1 (1001) ...  
INFO  @ Fri, 09 Feb 2024 11:07:06: Thread 0: Calculating MLL1 (2001) ...  
INFO  @ Fri, 09 Feb 2024 11:07:10: Thread 0: Calculating RNF146 (3001) ...  
INFO  @ Fri, 09 Feb 2024 11:07:12: Thread 0 completed. 
INFO  @ Fri, 09 Feb 2024 11:07:12: All threads completed. 
INFO  @ Fri, 09 Feb 2024 11:07:13: Assigning p values... 
INFO  @ Fri, 09 Feb 2024 11:07:13: Permuting groups of gene with 16 sgRNAs per gene. Group progress: 16/41 
INFO  @ Fri, 09 Feb 2024 11:07:13: Start permuting 2 rounds ... 
INFO  @ Fri, 09 Feb 2024 11:07:13: Collecting 26156 sgRNAs from 3516 genes. 
INFO  @ Fri, 09 Feb 2024 11:07:13: Permuting round 0 ... 
INFO  @ Fri, 09 Feb 2024 11:07:13: Thread 0 started. 
INFO  @ Fri, 09 Feb 2024 11:07:13: Thread 0: total 3516 instances. 
INFO  @ Fri, 09 Feb 2024 11:07:13: Thread 0: Calculating AATK (1) ...  
INFO  @ Fri, 09 Feb 2024 11:07:17: Thread 0: Calculating NFXL1 (1001) ...  
INFO  @ Fri, 09 Feb 2024 11:07:21: Thread 0: Calculating MLL1 (2001) ...  
INFO  @ Fri, 09 Feb 2024 11:07:24: Thread 0: Calculating RNF146 (3001) ...  
INFO  @ Fri, 09 Feb 2024 11:07:26: Thread 0 completed. 
INFO  @ Fri, 09 Feb 2024 11:07:26: All threads completed. 
INFO  @ Fri, 09 Feb 2024 11:07:27: Permuting round 1 ... 
INFO  @ Fri, 09 Feb 2024 11:07:27: Thread 0 started. 
INFO  @ Fri, 09 Feb 2024 11:07:27: Thread 0: total 3516 instances. 
INFO  @ Fri, 09 Feb 2024 11:07:27: Thread 0: Calculating AATK (1) ...  
INFO  @ Fri, 09 Feb 2024 11:07:31: Thread 0: Calculating NFXL1 (1001) ...  
INFO  @ Fri, 09 Feb 2024 11:07:35: Thread 0: Calculating MLL1 (2001) ...  
INFO  @ Fri, 09 Feb 2024 11:07:39: Thread 0: Calculating RNF146 (3001) ...  
INFO  @ Fri, 09 Feb 2024 11:07:41: Thread 0 completed. 
INFO  @ Fri, 09 Feb 2024 11:07:41: All threads completed. 
INFO  @ Fri, 09 Feb 2024 11:07:42: Assigning p values... 
INFO  @ Fri, 09 Feb 2024 11:07:42: Permuting groups of gene with 17 sgRNAs per gene. Group progress: 17/41 
INFO  @ Fri, 09 Feb 2024 11:07:42: Start permuting 2 rounds ... 
INFO  @ Fri, 09 Feb 2024 11:07:42: Collecting 26156 sgRNAs from 3516 genes. 
INFO  @ Fri, 09 Feb 2024 11:07:43: Permuting round 0 ... 
INFO  @ Fri, 09 Feb 2024 11:07:43: Thread 0 started. 
INFO  @ Fri, 09 Feb 2024 11:07:43: Thread 0: total 3516 instances. 
INFO  @ Fri, 09 Feb 2024 11:07:43: Thread 0: Calculating AATK (1) ...  
INFO  @ Fri, 09 Feb 2024 11:07:46: Thread 0: Calculating NFXL1 (1001) ...  
INFO  @ Fri, 09 Feb 2024 11:07:51: Thread 0: Calculating MLL1 (2001) ...  
INFO  @ Fri, 09 Feb 2024 11:07:54: Thread 0: Calculating RNF146 (3001) ...  
INFO  @ Fri, 09 Feb 2024 11:07:56: Thread 0 completed. 
INFO  @ Fri, 09 Feb 2024 11:07:56: All threads completed. 
INFO  @ Fri, 09 Feb 2024 11:07:57: Permuting round 1 ... 
INFO  @ Fri, 09 Feb 2024 11:07:57: Thread 0 started. 
INFO  @ Fri, 09 Feb 2024 11:07:57: Thread 0: total 3516 instances. 
INFO  @ Fri, 09 Feb 2024 11:07:57: Thread 0: Calculating AATK (1) ...  
INFO  @ Fri, 09 Feb 2024 11:08:01: Thread 0: Calculating NFXL1 (1001) ...  
INFO  @ Fri, 09 Feb 2024 11:08:05: Thread 0: Calculating MLL1 (2001) ...  
INFO  @ Fri, 09 Feb 2024 11:08:09: Thread 0: Calculating RNF146 (3001) ...  
INFO  @ Fri, 09 Feb 2024 11:08:11: Thread 0 completed. 
INFO  @ Fri, 09 Feb 2024 11:08:11: All threads completed. 
INFO  @ Fri, 09 Feb 2024 11:08:12: Assigning p values... 
INFO  @ Fri, 09 Feb 2024 11:08:12: Permuting groups of gene with 18 sgRNAs per gene. Group progress: 18/41 
INFO  @ Fri, 09 Feb 2024 11:08:12: Start permuting 2 rounds ... 
INFO  @ Fri, 09 Feb 2024 11:08:12: Collecting 26156 sgRNAs from 3516 genes. 
INFO  @ Fri, 09 Feb 2024 11:08:13: Permuting round 0 ... 
INFO  @ Fri, 09 Feb 2024 11:08:13: Thread 0 started. 
INFO  @ Fri, 09 Feb 2024 11:08:13: Thread 0: total 3516 instances. 
INFO  @ Fri, 09 Feb 2024 11:08:13: Thread 0: Calculating AATK (1) ...  
INFO  @ Fri, 09 Feb 2024 11:08:17: Thread 0: Calculating NFXL1 (1001) ...  
INFO  @ Fri, 09 Feb 2024 11:08:21: Thread 0: Calculating MLL1 (2001) ...  
INFO  @ Fri, 09 Feb 2024 11:08:25: Thread 0: Calculating RNF146 (3001) ...  
INFO  @ Fri, 09 Feb 2024 11:08:26: Thread 0 completed. 
INFO  @ Fri, 09 Feb 2024 11:08:26: All threads completed. 
INFO  @ Fri, 09 Feb 2024 11:08:27: Permuting round 1 ... 
INFO  @ Fri, 09 Feb 2024 11:08:27: Thread 0 started. 
INFO  @ Fri, 09 Feb 2024 11:08:27: Thread 0: total 3516 instances. 
INFO  @ Fri, 09 Feb 2024 11:08:27: Thread 0: Calculating AATK (1) ...  
INFO  @ Fri, 09 Feb 2024 11:08:31: Thread 0: Calculating NFXL1 (1001) ...  
INFO  @ Fri, 09 Feb 2024 11:08:35: Thread 0: Calculating MLL1 (2001) ...  
INFO  @ Fri, 09 Feb 2024 11:08:38: Thread 0: Calculating RNF146 (3001) ...  
INFO  @ Fri, 09 Feb 2024 11:08:40: Thread 0 completed. 
INFO  @ Fri, 09 Feb 2024 11:08:40: All threads completed. 
INFO  @ Fri, 09 Feb 2024 11:08:41: Assigning p values... 
INFO  @ Fri, 09 Feb 2024 11:08:41: Permuting groups of gene with 19 sgRNAs per gene. Group progress: 19/41 
INFO  @ Fri, 09 Feb 2024 11:08:41: Start permuting 2 rounds ... 
INFO  @ Fri, 09 Feb 2024 11:08:41: Collecting 26156 sgRNAs from 3516 genes. 
INFO  @ Fri, 09 Feb 2024 11:08:41: Permuting round 0 ... 
INFO  @ Fri, 09 Feb 2024 11:08:41: Thread 0 started. 
INFO  @ Fri, 09 Feb 2024 11:08:41: Thread 0: total 3516 instances. 
INFO  @ Fri, 09 Feb 2024 11:08:41: Thread 0: Calculating AATK (1) ...  
INFO  @ Fri, 09 Feb 2024 11:08:45: Thread 0: Calculating NFXL1 (1001) ...  
INFO  @ Fri, 09 Feb 2024 11:08:48: Thread 0: Calculating MLL1 (2001) ...  
INFO  @ Fri, 09 Feb 2024 11:08:52: Thread 0: Calculating RNF146 (3001) ...  
INFO  @ Fri, 09 Feb 2024 11:08:54: Thread 0 completed. 
INFO  @ Fri, 09 Feb 2024 11:08:54: All threads completed. 
INFO  @ Fri, 09 Feb 2024 11:08:55: Permuting round 1 ... 
INFO  @ Fri, 09 Feb 2024 11:08:55: Thread 0 started. 
INFO  @ Fri, 09 Feb 2024 11:08:55: Thread 0: total 3516 instances. 
INFO  @ Fri, 09 Feb 2024 11:08:55: Thread 0: Calculating AATK (1) ...  
INFO  @ Fri, 09 Feb 2024 11:08:58: Thread 0: Calculating NFXL1 (1001) ...  
INFO  @ Fri, 09 Feb 2024 11:09:02: Thread 0: Calculating MLL1 (2001) ...  
INFO  @ Fri, 09 Feb 2024 11:09:06: Thread 0: Calculating RNF146 (3001) ...  
INFO  @ Fri, 09 Feb 2024 11:09:07: Thread 0 completed. 
INFO  @ Fri, 09 Feb 2024 11:09:07: All threads completed. 
INFO  @ Fri, 09 Feb 2024 11:09:09: Assigning p values... 
INFO  @ Fri, 09 Feb 2024 11:09:09: Permuting groups of gene with 20 sgRNAs per gene. Group progress: 20/41 
INFO  @ Fri, 09 Feb 2024 11:09:09: Start permuting 2 rounds ... 
INFO  @ Fri, 09 Feb 2024 11:09:09: Collecting 26156 sgRNAs from 3516 genes. 
INFO  @ Fri, 09 Feb 2024 11:09:09: Permuting round 0 ... 
INFO  @ Fri, 09 Feb 2024 11:09:09: Thread 0 started. 
INFO  @ Fri, 09 Feb 2024 11:09:09: Thread 0: total 3516 instances. 
INFO  @ Fri, 09 Feb 2024 11:09:09: Thread 0: Calculating AATK (1) ...  
INFO  @ Fri, 09 Feb 2024 11:09:13: Thread 0: Calculating NFXL1 (1001) ...  
INFO  @ Fri, 09 Feb 2024 11:09:16: Thread 0: Calculating MLL1 (2001) ...  
INFO  @ Fri, 09 Feb 2024 11:09:20: Thread 0: Calculating RNF146 (3001) ...  
INFO  @ Fri, 09 Feb 2024 11:09:21: Thread 0 completed. 
INFO  @ Fri, 09 Feb 2024 11:09:21: All threads completed. 
INFO  @ Fri, 09 Feb 2024 11:09:23: Permuting round 1 ... 
INFO  @ Fri, 09 Feb 2024 11:09:23: Thread 0 started. 
INFO  @ Fri, 09 Feb 2024 11:09:23: Thread 0: total 3516 instances. 
INFO  @ Fri, 09 Feb 2024 11:09:23: Thread 0: Calculating AATK (1) ...  
INFO  @ Fri, 09 Feb 2024 11:09:26: Thread 0: Calculating NFXL1 (1001) ...  
INFO  @ Fri, 09 Feb 2024 11:09:30: Thread 0: Calculating MLL1 (2001) ...  
INFO  @ Fri, 09 Feb 2024 11:09:33: Thread 0: Calculating RNF146 (3001) ...  
INFO  @ Fri, 09 Feb 2024 11:09:35: Thread 0 completed. 
INFO  @ Fri, 09 Feb 2024 11:09:35: All threads completed. 
INFO  @ Fri, 09 Feb 2024 11:09:36: Assigning p values... 
INFO  @ Fri, 09 Feb 2024 11:09:36: Permuting groups of gene with 21 sgRNAs per gene. Group progress: 21/41 
INFO  @ Fri, 09 Feb 2024 11:09:36: Start permuting 2 rounds ... 
INFO  @ Fri, 09 Feb 2024 11:09:36: Collecting 26156 sgRNAs from 3516 genes. 
INFO  @ Fri, 09 Feb 2024 11:09:37: Permuting round 0 ... 
INFO  @ Fri, 09 Feb 2024 11:09:37: Thread 0 started. 
INFO  @ Fri, 09 Feb 2024 11:09:37: Thread 0: total 3516 instances. 
INFO  @ Fri, 09 Feb 2024 11:09:37: Thread 0: Calculating AATK (1) ...  
INFO  @ Fri, 09 Feb 2024 11:09:40: Thread 0: Calculating NFXL1 (1001) ...  
INFO  @ Fri, 09 Feb 2024 11:09:44: Thread 0: Calculating MLL1 (2001) ...  
INFO  @ Fri, 09 Feb 2024 11:09:47: Thread 0: Calculating RNF146 (3001) ...  
INFO  @ Fri, 09 Feb 2024 11:09:49: Thread 0 completed. 
INFO  @ Fri, 09 Feb 2024 11:09:49: All threads completed. 
INFO  @ Fri, 09 Feb 2024 11:09:50: Permuting round 1 ... 
INFO  @ Fri, 09 Feb 2024 11:09:51: Thread 0 started. 
INFO  @ Fri, 09 Feb 2024 11:09:51: Thread 0: total 3516 instances. 
INFO  @ Fri, 09 Feb 2024 11:09:51: Thread 0: Calculating AATK (1) ...  
INFO  @ Fri, 09 Feb 2024 11:09:54: Thread 0: Calculating NFXL1 (1001) ...  
INFO  @ Fri, 09 Feb 2024 11:09:58: Thread 0: Calculating MLL1 (2001) ...  
INFO  @ Fri, 09 Feb 2024 11:10:02: Thread 0: Calculating RNF146 (3001) ...  
INFO  @ Fri, 09 Feb 2024 11:10:03: Thread 0 completed. 
INFO  @ Fri, 09 Feb 2024 11:10:03: All threads completed. 
INFO  @ Fri, 09 Feb 2024 11:10:04: Assigning p values... 
INFO  @ Fri, 09 Feb 2024 11:10:04: Permuting groups of gene with 22 sgRNAs per gene. Group progress: 22/41 
INFO  @ Fri, 09 Feb 2024 11:10:04: Start permuting 2 rounds ... 
INFO  @ Fri, 09 Feb 2024 11:10:04: Collecting 26156 sgRNAs from 3516 genes. 
INFO  @ Fri, 09 Feb 2024 11:10:05: Permuting round 0 ... 
INFO  @ Fri, 09 Feb 2024 11:10:05: Thread 0 started. 
INFO  @ Fri, 09 Feb 2024 11:10:05: Thread 0: total 3516 instances. 
INFO  @ Fri, 09 Feb 2024 11:10:05: Thread 0: Calculating AATK (1) ...  
INFO  @ Fri, 09 Feb 2024 11:10:09: Thread 0: Calculating NFXL1 (1001) ...  
INFO  @ Fri, 09 Feb 2024 11:10:12: Thread 0: Calculating MLL1 (2001) ...  
INFO  @ Fri, 09 Feb 2024 11:10:16: Thread 0: Calculating RNF146 (3001) ...  
INFO  @ Fri, 09 Feb 2024 11:10:18: Thread 0 completed. 
INFO  @ Fri, 09 Feb 2024 11:10:18: All threads completed. 
INFO  @ Fri, 09 Feb 2024 11:10:18: Permuting round 1 ... 
INFO  @ Fri, 09 Feb 2024 11:10:19: Thread 0 started. 
INFO  @ Fri, 09 Feb 2024 11:10:19: Thread 0: total 3516 instances. 
INFO  @ Fri, 09 Feb 2024 11:10:19: Thread 0: Calculating AATK (1) ...  
INFO  @ Fri, 09 Feb 2024 11:10:22: Thread 0: Calculating NFXL1 (1001) ...  
INFO  @ Fri, 09 Feb 2024 11:10:26: Thread 0: Calculating MLL1 (2001) ...  
INFO  @ Fri, 09 Feb 2024 11:10:30: Thread 0: Calculating RNF146 (3001) ...  
INFO  @ Fri, 09 Feb 2024 11:10:32: Thread 0 completed. 
INFO  @ Fri, 09 Feb 2024 11:10:32: All threads completed. 
INFO  @ Fri, 09 Feb 2024 11:10:33: Assigning p values... 
INFO  @ Fri, 09 Feb 2024 11:10:33: Permuting groups of gene with 23 sgRNAs per gene. Group progress: 23/41 
INFO  @ Fri, 09 Feb 2024 11:10:33: Start permuting 2 rounds ... 
INFO  @ Fri, 09 Feb 2024 11:10:33: Collecting 26156 sgRNAs from 3516 genes. 
INFO  @ Fri, 09 Feb 2024 11:10:33: Permuting round 0 ... 
INFO  @ Fri, 09 Feb 2024 11:10:33: Thread 0 started. 
INFO  @ Fri, 09 Feb 2024 11:10:33: Thread 0: total 3516 instances. 
INFO  @ Fri, 09 Feb 2024 11:10:33: Thread 0: Calculating AATK (1) ...  
INFO  @ Fri, 09 Feb 2024 11:10:37: Thread 0: Calculating NFXL1 (1001) ...  
INFO  @ Fri, 09 Feb 2024 11:10:41: Thread 0: Calculating MLL1 (2001) ...  
INFO  @ Fri, 09 Feb 2024 11:10:44: Thread 0: Calculating RNF146 (3001) ...  
INFO  @ Fri, 09 Feb 2024 11:10:46: Thread 0 completed. 
INFO  @ Fri, 09 Feb 2024 11:10:46: All threads completed. 
INFO  @ Fri, 09 Feb 2024 11:10:47: Permuting round 1 ... 
INFO  @ Fri, 09 Feb 2024 11:10:47: Thread 0 started. 
INFO  @ Fri, 09 Feb 2024 11:10:47: Thread 0: total 3516 instances. 
INFO  @ Fri, 09 Feb 2024 11:10:47: Thread 0: Calculating AATK (1) ...  
INFO  @ Fri, 09 Feb 2024 11:10:51: Thread 0: Calculating NFXL1 (1001) ...  
INFO  @ Fri, 09 Feb 2024 11:10:55: Thread 0: Calculating MLL1 (2001) ...  
INFO  @ Fri, 09 Feb 2024 11:10:59: Thread 0: Calculating RNF146 (3001) ...  
INFO  @ Fri, 09 Feb 2024 11:11:00: Thread 0 completed. 
INFO  @ Fri, 09 Feb 2024 11:11:00: All threads completed. 
INFO  @ Fri, 09 Feb 2024 11:11:01: Assigning p values... 
INFO  @ Fri, 09 Feb 2024 11:11:02: Permuting groups of gene with 24 sgRNAs per gene. Group progress: 24/41 
INFO  @ Fri, 09 Feb 2024 11:11:02: Start permuting 2 rounds ... 
INFO  @ Fri, 09 Feb 2024 11:11:02: Collecting 26156 sgRNAs from 3516 genes. 
INFO  @ Fri, 09 Feb 2024 11:11:02: Permuting round 0 ... 
INFO  @ Fri, 09 Feb 2024 11:11:02: Thread 0 started. 
INFO  @ Fri, 09 Feb 2024 11:11:02: Thread 0: total 3516 instances. 
INFO  @ Fri, 09 Feb 2024 11:11:02: Thread 0: Calculating AATK (1) ...  
INFO  @ Fri, 09 Feb 2024 11:11:06: Thread 0: Calculating NFXL1 (1001) ...  
INFO  @ Fri, 09 Feb 2024 11:11:09: Thread 0: Calculating MLL1 (2001) ...  
INFO  @ Fri, 09 Feb 2024 11:11:13: Thread 0: Calculating RNF146 (3001) ...  
INFO  @ Fri, 09 Feb 2024 11:11:15: Thread 0 completed. 
INFO  @ Fri, 09 Feb 2024 11:11:15: All threads completed. 
INFO  @ Fri, 09 Feb 2024 11:11:16: Permuting round 1 ... 
INFO  @ Fri, 09 Feb 2024 11:11:17: Thread 0 started. 
INFO  @ Fri, 09 Feb 2024 11:11:17: Thread 0: total 3516 instances. 
INFO  @ Fri, 09 Feb 2024 11:11:17: Thread 0: Calculating AATK (1) ...  
INFO  @ Fri, 09 Feb 2024 11:11:21: Thread 0: Calculating NFXL1 (1001) ...  
INFO  @ Fri, 09 Feb 2024 11:11:24: Thread 0: Calculating MLL1 (2001) ...  
INFO  @ Fri, 09 Feb 2024 11:11:28: Thread 0: Calculating RNF146 (3001) ...  
INFO  @ Fri, 09 Feb 2024 11:11:30: Thread 0 completed. 
INFO  @ Fri, 09 Feb 2024 11:11:30: All threads completed. 
INFO  @ Fri, 09 Feb 2024 11:11:31: Assigning p values... 
INFO  @ Fri, 09 Feb 2024 11:11:31: Permuting groups of gene with 25 sgRNAs per gene. Group progress: 25/41 
INFO  @ Fri, 09 Feb 2024 11:11:31: Start permuting 2 rounds ... 
INFO  @ Fri, 09 Feb 2024 11:11:31: Collecting 26156 sgRNAs from 3516 genes. 
INFO  @ Fri, 09 Feb 2024 11:11:31: Permuting round 0 ... 
INFO  @ Fri, 09 Feb 2024 11:11:32: Thread 0 started. 
INFO  @ Fri, 09 Feb 2024 11:11:32: Thread 0: total 3516 instances. 
INFO  @ Fri, 09 Feb 2024 11:11:32: Thread 0: Calculating AATK (1) ...  
INFO  @ Fri, 09 Feb 2024 11:11:35: Thread 0: Calculating NFXL1 (1001) ...  
INFO  @ Fri, 09 Feb 2024 11:11:39: Thread 0: Calculating MLL1 (2001) ...  
INFO  @ Fri, 09 Feb 2024 11:11:43: Thread 0: Calculating RNF146 (3001) ...  
INFO  @ Fri, 09 Feb 2024 11:11:45: Thread 0 completed. 
INFO  @ Fri, 09 Feb 2024 11:11:45: All threads completed. 
INFO  @ Fri, 09 Feb 2024 11:11:46: Permuting round 1 ... 
INFO  @ Fri, 09 Feb 2024 11:11:46: Thread 0 started. 
INFO  @ Fri, 09 Feb 2024 11:11:46: Thread 0: total 3516 instances. 
INFO  @ Fri, 09 Feb 2024 11:11:46: Thread 0: Calculating AATK (1) ...  
INFO  @ Fri, 09 Feb 2024 11:11:50: Thread 0: Calculating NFXL1 (1001) ...  
INFO  @ Fri, 09 Feb 2024 11:11:54: Thread 0: Calculating MLL1 (2001) ...  
INFO  @ Fri, 09 Feb 2024 11:11:58: Thread 0: Calculating RNF146 (3001) ...  
INFO  @ Fri, 09 Feb 2024 11:12:00: Thread 0 completed. 
INFO  @ Fri, 09 Feb 2024 11:12:00: All threads completed. 
INFO  @ Fri, 09 Feb 2024 11:12:01: Assigning p values... 
INFO  @ Fri, 09 Feb 2024 11:12:01: Permuting groups of gene with 27 sgRNAs per gene. Group progress: 26/41 
INFO  @ Fri, 09 Feb 2024 11:12:01: Start permuting 2 rounds ... 
INFO  @ Fri, 09 Feb 2024 11:12:01: Collecting 26156 sgRNAs from 3516 genes. 
INFO  @ Fri, 09 Feb 2024 11:12:01: Permuting round 0 ... 
INFO  @ Fri, 09 Feb 2024 11:12:02: Thread 0 started. 
INFO  @ Fri, 09 Feb 2024 11:12:02: Thread 0: total 3516 instances. 
INFO  @ Fri, 09 Feb 2024 11:12:02: Thread 0: Calculating AATK (1) ...  
INFO  @ Fri, 09 Feb 2024 11:12:06: Thread 0: Calculating NFXL1 (1001) ...  
INFO  @ Fri, 09 Feb 2024 11:12:10: Thread 0: Calculating MLL1 (2001) ...  
INFO  @ Fri, 09 Feb 2024 11:12:13: Thread 0: Calculating RNF146 (3001) ...  
INFO  @ Fri, 09 Feb 2024 11:12:15: Thread 0 completed. 
INFO  @ Fri, 09 Feb 2024 11:12:15: All threads completed. 
INFO  @ Fri, 09 Feb 2024 11:12:16: Permuting round 1 ... 
INFO  @ Fri, 09 Feb 2024 11:12:16: Thread 0 started. 
INFO  @ Fri, 09 Feb 2024 11:12:17: Thread 0: total 3516 instances. 
INFO  @ Fri, 09 Feb 2024 11:12:17: Thread 0: Calculating AATK (1) ...  
INFO  @ Fri, 09 Feb 2024 11:12:21: Thread 0: Calculating NFXL1 (1001) ...  
INFO  @ Fri, 09 Feb 2024 11:12:25: Thread 0: Calculating MLL1 (2001) ...  
INFO  @ Fri, 09 Feb 2024 11:12:29: Thread 0: Calculating RNF146 (3001) ...  
INFO  @ Fri, 09 Feb 2024 11:12:31: Thread 0 completed. 
INFO  @ Fri, 09 Feb 2024 11:12:31: All threads completed. 
INFO  @ Fri, 09 Feb 2024 11:12:32: Assigning p values... 
INFO  @ Fri, 09 Feb 2024 11:12:32: Permuting groups of gene with 28 sgRNAs per gene. Group progress: 27/41 
INFO  @ Fri, 09 Feb 2024 11:12:32: Start permuting 2 rounds ... 
INFO  @ Fri, 09 Feb 2024 11:12:32: Collecting 26156 sgRNAs from 3516 genes. 
INFO  @ Fri, 09 Feb 2024 11:12:32: Permuting round 0 ... 
INFO  @ Fri, 09 Feb 2024 11:12:32: Thread 0 started. 
INFO  @ Fri, 09 Feb 2024 11:12:32: Thread 0: total 3516 instances. 
INFO  @ Fri, 09 Feb 2024 11:12:32: Thread 0: Calculating AATK (1) ...  
INFO  @ Fri, 09 Feb 2024 11:12:37: Thread 0: Calculating NFXL1 (1001) ...  
INFO  @ Fri, 09 Feb 2024 11:12:41: Thread 0: Calculating MLL1 (2001) ...  
INFO  @ Fri, 09 Feb 2024 11:12:45: Thread 0: Calculating RNF146 (3001) ...  
INFO  @ Fri, 09 Feb 2024 11:12:47: Thread 0 completed. 
INFO  @ Fri, 09 Feb 2024 11:12:47: All threads completed. 
INFO  @ Fri, 09 Feb 2024 11:12:48: Permuting round 1 ... 
INFO  @ Fri, 09 Feb 2024 11:12:48: Thread 0 started. 
INFO  @ Fri, 09 Feb 2024 11:12:48: Thread 0: total 3516 instances. 
INFO  @ Fri, 09 Feb 2024 11:12:48: Thread 0: Calculating AATK (1) ...  
INFO  @ Fri, 09 Feb 2024 11:12:52: Thread 0: Calculating NFXL1 (1001) ...  
INFO  @ Fri, 09 Feb 2024 11:12:56: Thread 0: Calculating MLL1 (2001) ...  
INFO  @ Fri, 09 Feb 2024 11:13:00: Thread 0: Calculating RNF146 (3001) ...  
INFO  @ Fri, 09 Feb 2024 11:13:02: Thread 0 completed. 
INFO  @ Fri, 09 Feb 2024 11:13:02: All threads completed. 
INFO  @ Fri, 09 Feb 2024 11:13:03: Assigning p values... 
INFO  @ Fri, 09 Feb 2024 11:13:03: Permuting groups of gene with 29 sgRNAs per gene. Group progress: 28/41 
INFO  @ Fri, 09 Feb 2024 11:13:03: Start permuting 2 rounds ... 
INFO  @ Fri, 09 Feb 2024 11:13:03: Collecting 26156 sgRNAs from 3516 genes. 
INFO  @ Fri, 09 Feb 2024 11:13:04: Permuting round 0 ... 
INFO  @ Fri, 09 Feb 2024 11:13:04: Thread 0 started. 
INFO  @ Fri, 09 Feb 2024 11:13:04: Thread 0: total 3516 instances. 
INFO  @ Fri, 09 Feb 2024 11:13:04: Thread 0: Calculating AATK (1) ...  
INFO  @ Fri, 09 Feb 2024 11:13:08: Thread 0: Calculating NFXL1 (1001) ...  
INFO  @ Fri, 09 Feb 2024 11:13:12: Thread 0: Calculating MLL1 (2001) ...  
INFO  @ Fri, 09 Feb 2024 11:13:16: Thread 0: Calculating RNF146 (3001) ...  
INFO  @ Fri, 09 Feb 2024 11:13:18: Thread 0 completed. 
INFO  @ Fri, 09 Feb 2024 11:13:18: All threads completed. 
INFO  @ Fri, 09 Feb 2024 11:13:19: Permuting round 1 ... 
INFO  @ Fri, 09 Feb 2024 11:13:20: Thread 0 started. 
INFO  @ Fri, 09 Feb 2024 11:13:20: Thread 0: total 3516 instances. 
INFO  @ Fri, 09 Feb 2024 11:13:20: Thread 0: Calculating AATK (1) ...  
INFO  @ Fri, 09 Feb 2024 11:13:24: Thread 0: Calculating NFXL1 (1001) ...  
INFO  @ Fri, 09 Feb 2024 11:13:28: Thread 0: Calculating MLL1 (2001) ...  
INFO  @ Fri, 09 Feb 2024 11:13:32: Thread 0: Calculating RNF146 (3001) ...  
INFO  @ Fri, 09 Feb 2024 11:13:34: Thread 0 completed. 
INFO  @ Fri, 09 Feb 2024 11:13:34: All threads completed. 
INFO  @ Fri, 09 Feb 2024 11:13:36: Assigning p values... 
INFO  @ Fri, 09 Feb 2024 11:13:36: Permuting groups of gene with 30 sgRNAs per gene. Group progress: 29/41 
INFO  @ Fri, 09 Feb 2024 11:13:36: Start permuting 2 rounds ... 
INFO  @ Fri, 09 Feb 2024 11:13:36: Collecting 26156 sgRNAs from 3516 genes. 
INFO  @ Fri, 09 Feb 2024 11:13:36: Permuting round 0 ... 
INFO  @ Fri, 09 Feb 2024 11:13:36: Thread 0 started. 
INFO  @ Fri, 09 Feb 2024 11:13:36: Thread 0: total 3516 instances. 
INFO  @ Fri, 09 Feb 2024 11:13:36: Thread 0: Calculating AATK (1) ...  
INFO  @ Fri, 09 Feb 2024 11:13:40: Thread 0: Calculating NFXL1 (1001) ...  
INFO  @ Fri, 09 Feb 2024 11:13:44: Thread 0: Calculating MLL1 (2001) ...  
INFO  @ Fri, 09 Feb 2024 11:13:48: Thread 0: Calculating RNF146 (3001) ...  
INFO  @ Fri, 09 Feb 2024 11:13:51: Thread 0 completed. 
INFO  @ Fri, 09 Feb 2024 11:13:51: All threads completed. 
INFO  @ Fri, 09 Feb 2024 11:13:52: Permuting round 1 ... 
INFO  @ Fri, 09 Feb 2024 11:13:52: Thread 0 started. 
INFO  @ Fri, 09 Feb 2024 11:13:52: Thread 0: total 3516 instances. 
INFO  @ Fri, 09 Feb 2024 11:13:52: Thread 0: Calculating AATK (1) ...  
INFO  @ Fri, 09 Feb 2024 11:13:56: Thread 0: Calculating NFXL1 (1001) ...  
INFO  @ Fri, 09 Feb 2024 11:14:00: Thread 0: Calculating MLL1 (2001) ...  
INFO  @ Fri, 09 Feb 2024 11:14:05: Thread 0: Calculating RNF146 (3001) ...  
INFO  @ Fri, 09 Feb 2024 11:14:07: Thread 0 completed. 
INFO  @ Fri, 09 Feb 2024 11:14:07: All threads completed. 
INFO  @ Fri, 09 Feb 2024 11:14:08: Assigning p values... 
INFO  @ Fri, 09 Feb 2024 11:14:08: Permuting groups of gene with 31 sgRNAs per gene. Group progress: 30/41 
INFO  @ Fri, 09 Feb 2024 11:14:08: Start permuting 2 rounds ... 
INFO  @ Fri, 09 Feb 2024 11:14:08: Collecting 26156 sgRNAs from 3516 genes. 
INFO  @ Fri, 09 Feb 2024 11:14:08: Permuting round 0 ... 
INFO  @ Fri, 09 Feb 2024 11:14:08: Thread 0 started. 
INFO  @ Fri, 09 Feb 2024 11:14:08: Thread 0: total 3516 instances. 
INFO  @ Fri, 09 Feb 2024 11:14:08: Thread 0: Calculating AATK (1) ...  
INFO  @ Fri, 09 Feb 2024 11:14:17: Thread 0: Calculating NFXL1 (1001) ...  
INFO  @ Fri, 09 Feb 2024 11:14:25: Thread 0: Calculating MLL1 (2001) ...  
INFO  @ Fri, 09 Feb 2024 11:14:32: Thread 0: Calculating RNF146 (3001) ...  
INFO  @ Fri, 09 Feb 2024 11:14:36: Thread 0 completed. 
INFO  @ Fri, 09 Feb 2024 11:14:36: All threads completed. 
INFO  @ Fri, 09 Feb 2024 11:14:37: Permuting round 1 ... 
INFO  @ Fri, 09 Feb 2024 11:14:38: Thread 0 started. 
INFO  @ Fri, 09 Feb 2024 11:14:38: Thread 0: total 3516 instances. 
INFO  @ Fri, 09 Feb 2024 11:14:38: Thread 0: Calculating AATK (1) ...  
INFO  @ Fri, 09 Feb 2024 11:14:46: Thread 0: Calculating NFXL1 (1001) ...  
INFO  @ Fri, 09 Feb 2024 11:14:55: Thread 0: Calculating MLL1 (2001) ...  
INFO  @ Fri, 09 Feb 2024 11:15:03: Thread 0: Calculating RNF146 (3001) ...  
INFO  @ Fri, 09 Feb 2024 11:15:08: Thread 0 completed. 
INFO  @ Fri, 09 Feb 2024 11:15:08: All threads completed. 
INFO  @ Fri, 09 Feb 2024 11:15:09: Assigning p values... 
INFO  @ Fri, 09 Feb 2024 11:15:09: Permuting groups of gene with 32 sgRNAs per gene. Group progress: 31/41 
INFO  @ Fri, 09 Feb 2024 11:15:09: Start permuting 2 rounds ... 
INFO  @ Fri, 09 Feb 2024 11:15:09: Collecting 26156 sgRNAs from 3516 genes. 
INFO  @ Fri, 09 Feb 2024 11:15:09: Permuting round 0 ... 
INFO  @ Fri, 09 Feb 2024 11:15:10: Thread 0 started. 
INFO  @ Fri, 09 Feb 2024 11:15:10: Thread 0: total 3516 instances. 
INFO  @ Fri, 09 Feb 2024 11:15:10: Thread 0: Calculating AATK (1) ...  
INFO  @ Fri, 09 Feb 2024 11:15:18: Thread 0: Calculating NFXL1 (1001) ...  
INFO  @ Fri, 09 Feb 2024 11:15:26: Thread 0: Calculating MLL1 (2001) ...  
INFO  @ Fri, 09 Feb 2024 11:15:34: Thread 0: Calculating RNF146 (3001) ...  
INFO  @ Fri, 09 Feb 2024 11:15:38: Thread 0 completed. 
INFO  @ Fri, 09 Feb 2024 11:15:38: All threads completed. 
INFO  @ Fri, 09 Feb 2024 11:15:39: Permuting round 1 ... 
INFO  @ Fri, 09 Feb 2024 11:15:39: Thread 0 started. 
INFO  @ Fri, 09 Feb 2024 11:15:39: Thread 0: total 3516 instances. 
INFO  @ Fri, 09 Feb 2024 11:15:39: Thread 0: Calculating AATK (1) ...  
INFO  @ Fri, 09 Feb 2024 11:15:47: Thread 0: Calculating NFXL1 (1001) ...  
INFO  @ Fri, 09 Feb 2024 11:15:56: Thread 0: Calculating MLL1 (2001) ...  
INFO  @ Fri, 09 Feb 2024 11:16:05: Thread 0: Calculating RNF146 (3001) ...  
INFO  @ Fri, 09 Feb 2024 11:16:09: Thread 0 completed. 
INFO  @ Fri, 09 Feb 2024 11:16:09: All threads completed. 
INFO  @ Fri, 09 Feb 2024 11:16:10: Assigning p values... 
INFO  @ Fri, 09 Feb 2024 11:16:10: Permuting groups of gene with 33 sgRNAs per gene. Group progress: 32/41 
INFO  @ Fri, 09 Feb 2024 11:16:10: Start permuting 2 rounds ... 
INFO  @ Fri, 09 Feb 2024 11:16:10: Collecting 26156 sgRNAs from 3516 genes. 
INFO  @ Fri, 09 Feb 2024 11:16:10: Permuting round 0 ... 
INFO  @ Fri, 09 Feb 2024 11:16:11: Thread 0 started. 
INFO  @ Fri, 09 Feb 2024 11:16:11: Thread 0: total 3516 instances. 
INFO  @ Fri, 09 Feb 2024 11:16:11: Thread 0: Calculating AATK (1) ...  
INFO  @ Fri, 09 Feb 2024 11:16:19: Thread 0: Calculating NFXL1 (1001) ...  
INFO  @ Fri, 09 Feb 2024 11:16:27: Thread 0: Calculating MLL1 (2001) ...  
INFO  @ Fri, 09 Feb 2024 11:16:35: Thread 0: Calculating RNF146 (3001) ...  
INFO  @ Fri, 09 Feb 2024 11:16:40: Thread 0 completed. 
INFO  @ Fri, 09 Feb 2024 11:16:40: All threads completed. 
INFO  @ Fri, 09 Feb 2024 11:16:41: Permuting round 1 ... 
INFO  @ Fri, 09 Feb 2024 11:16:41: Thread 0 started. 
INFO  @ Fri, 09 Feb 2024 11:16:41: Thread 0: total 3516 instances. 
INFO  @ Fri, 09 Feb 2024 11:16:41: Thread 0: Calculating AATK (1) ...  
INFO  @ Fri, 09 Feb 2024 11:16:50: Thread 0: Calculating NFXL1 (1001) ...  
INFO  @ Fri, 09 Feb 2024 11:16:58: Thread 0: Calculating MLL1 (2001) ...  
INFO  @ Fri, 09 Feb 2024 11:17:17: Thread 0: Calculating RNF146 (3001) ...  
INFO  @ Fri, 09 Feb 2024 11:17:28: Thread 0 completed. 
INFO  @ Fri, 09 Feb 2024 11:17:28: All threads completed. 
INFO  @ Fri, 09 Feb 2024 11:17:30: Assigning p values... 
INFO  @ Fri, 09 Feb 2024 11:17:30: Permuting groups of gene with 34 sgRNAs per gene. Group progress: 33/41 
INFO  @ Fri, 09 Feb 2024 11:17:30: Start permuting 2 rounds ... 
INFO  @ Fri, 09 Feb 2024 11:17:30: Collecting 26156 sgRNAs from 3516 genes. 
INFO  @ Fri, 09 Feb 2024 11:17:31: Permuting round 0 ... 
INFO  @ Fri, 09 Feb 2024 11:17:31: Thread 0 started. 
INFO  @ Fri, 09 Feb 2024 11:17:31: Thread 0: total 3516 instances. 
INFO  @ Fri, 09 Feb 2024 11:17:32: Thread 0: Calculating AATK (1) ...  
INFO  @ Fri, 09 Feb 2024 11:17:56: Thread 0: Calculating NFXL1 (1001) ...  
INFO  @ Fri, 09 Feb 2024 11:18:18: Thread 0: Calculating MLL1 (2001) ...  
INFO  @ Fri, 09 Feb 2024 11:18:39: Thread 0: Calculating RNF146 (3001) ...  
INFO  @ Fri, 09 Feb 2024 11:18:50: Thread 0 completed. 
INFO  @ Fri, 09 Feb 2024 11:18:50: All threads completed. 
INFO  @ Fri, 09 Feb 2024 11:18:51: Permuting round 1 ... 
INFO  @ Fri, 09 Feb 2024 11:18:52: Thread 0 started. 
INFO  @ Fri, 09 Feb 2024 11:18:52: Thread 0: total 3516 instances. 
INFO  @ Fri, 09 Feb 2024 11:18:52: Thread 0: Calculating AATK (1) ...  
INFO  @ Fri, 09 Feb 2024 11:19:16: Thread 0: Calculating NFXL1 (1001) ...  
INFO  @ Fri, 09 Feb 2024 11:19:41: Thread 0: Calculating MLL1 (2001) ...  
INFO  @ Fri, 09 Feb 2024 11:20:03: Thread 0: Calculating RNF146 (3001) ...  
INFO  @ Fri, 09 Feb 2024 11:20:14: Thread 0 completed. 
INFO  @ Fri, 09 Feb 2024 11:20:14: All threads completed. 
INFO  @ Fri, 09 Feb 2024 11:20:16: Assigning p values... 
INFO  @ Fri, 09 Feb 2024 11:20:16: Permuting groups of gene with 37 sgRNAs per gene. Group progress: 34/41 
INFO  @ Fri, 09 Feb 2024 11:20:16: Start permuting 2 rounds ... 
INFO  @ Fri, 09 Feb 2024 11:20:17: Collecting 26156 sgRNAs from 3516 genes. 
INFO  @ Fri, 09 Feb 2024 11:20:17: Permuting round 0 ... 
INFO  @ Fri, 09 Feb 2024 11:20:18: Thread 0 started. 
INFO  @ Fri, 09 Feb 2024 11:20:18: Thread 0: total 3516 instances. 
INFO  @ Fri, 09 Feb 2024 11:20:18: Thread 0: Calculating AATK (1) ...  
INFO  @ Fri, 09 Feb 2024 11:20:43: Thread 0: Calculating NFXL1 (1001) ...  
INFO  @ Fri, 09 Feb 2024 11:21:12: Thread 0: Calculating MLL1 (2001) ...  
INFO  @ Fri, 09 Feb 2024 11:21:35: Thread 0: Calculating RNF146 (3001) ...  
INFO  @ Fri, 09 Feb 2024 11:21:47: Thread 0 completed. 
INFO  @ Fri, 09 Feb 2024 11:21:47: All threads completed. 
INFO  @ Fri, 09 Feb 2024 11:21:48: Permuting round 1 ... 
INFO  @ Fri, 09 Feb 2024 11:21:49: Thread 0 started. 
INFO  @ Fri, 09 Feb 2024 11:21:49: Thread 0: total 3516 instances. 
INFO  @ Fri, 09 Feb 2024 11:21:49: Thread 0: Calculating AATK (1) ...  
INFO  @ Fri, 09 Feb 2024 11:22:14: Thread 0: Calculating NFXL1 (1001) ...  
INFO  @ Fri, 09 Feb 2024 11:22:36: Thread 0: Calculating MLL1 (2001) ...  
INFO  @ Fri, 09 Feb 2024 11:23:08: Thread 0: Calculating RNF146 (3001) ...  
INFO  @ Fri, 09 Feb 2024 11:23:21: Thread 0 completed. 
INFO  @ Fri, 09 Feb 2024 11:23:21: All threads completed. 
INFO  @ Fri, 09 Feb 2024 11:23:23: Assigning p values... 
INFO  @ Fri, 09 Feb 2024 11:23:23: Groups of gene with 42 sgRNAs per gene: assigning p values based on previous group results. Group progress: 35/41 
INFO  @ Fri, 09 Feb 2024 11:23:23: Groups of gene with 46 sgRNAs per gene: assigning p values based on previous group results. Group progress: 36/41 
INFO  @ Fri, 09 Feb 2024 11:23:23: Groups of gene with 47 sgRNAs per gene: assigning p values based on previous group results. Group progress: 37/41 
INFO  @ Fri, 09 Feb 2024 11:23:23: Groups of gene with 48 sgRNAs per gene: assigning p values based on previous group results. Group progress: 38/41 
INFO  @ Fri, 09 Feb 2024 11:23:23: Groups of gene with 49 sgRNAs per gene: assigning p values based on previous group results. Group progress: 39/41 
INFO  @ Fri, 09 Feb 2024 11:23:23: Groups of gene with 56 sgRNAs per gene: assigning p values based on previous group results. Group progress: 40/41 
INFO  @ Fri, 09 Feb 2024 11:23:23: Groups of gene with 67 sgRNAs per gene: assigning p values based on previous group results. Group progress: 41/41 
INFO  @ Fri, 09 Feb 2024 11:23:23: Writing gene results to mle_count-DLD1_Ts3.12.17.gene_summary.txt 
INFO  @ Fri, 09 Feb 2024 11:23:23: Writing sgRNA results to mle_count-DLD1_Ts3.12.17.sgrna_summary.txt 
