INFO  @ Wed, 16 Nov 2022 13:14:50: Parameters: /home/ryan/miniconda3/envs/mageck/bin/mageck mle -k count-HCT116-Cont1-i.f.csv -d matrixHCT116-Cont1.txt -n mle_HCT116-Cont1 
INFO  @ Wed, 16 Nov 2022 13:14:53: Cannot parse design matrix as a string; try to parse it as a file name ... 
INFO  @ Wed, 16 Nov 2022 13:14:53: Design matrix: 
INFO  @ Wed, 16 Nov 2022 13:14:53: [[1. 0.] 
INFO  @ Wed, 16 Nov 2022 13:14:53:  [1. 1.]] 
INFO  @ Wed, 16 Nov 2022 13:14:53: Beta labels:baseline,Cont1 
INFO  @ Wed, 16 Nov 2022 13:14:53: Included samples:HCT116-Cont1.initial,HCT116-Cont1.final 
INFO  @ Wed, 16 Nov 2022 13:14:53: Treating count-HCT116-Cont1-i.f.csv as csv file ... 
INFO  @ Wed, 16 Nov 2022 13:14:53: Loaded samples:HCT116-Cont1.initial;HCT116-Cont1.final 
INFO  @ Wed, 16 Nov 2022 13:14:53: Sample index: 0;1 
INFO  @ Wed, 16 Nov 2022 13:14:53: Loaded 3506 genes. 
DEBUG @ Wed, 16 Nov 2022 13:14:56: Initial (total) size factor: 3.5292031137348103 0.58252995610181 
DEBUG @ Wed, 16 Nov 2022 13:14:56: Median factor: 2.477261369296176 0.40612164122661615 
INFO  @ Wed, 16 Nov 2022 13:14:56: Final size factor: 2.477261369296176 0.40612164122661615 
INFO  @ Wed, 16 Nov 2022 13:14:56: size factor: 0.4036715755528509,2.462316455187374 
INFO  @ Wed, 16 Nov 2022 13:14:56: Thread 0 started. 
INFO  @ Wed, 16 Nov 2022 13:14:56: Thread 0: total 1 instances. 
INFO  @ Wed, 16 Nov 2022 13:14:56: Thread 0 completed. 
INFO  @ Wed, 16 Nov 2022 13:14:56: All threads completed. 
INFO  @ Wed, 16 Nov 2022 13:14:56: Modeling the mean and variance ... 
INFO  @ Wed, 16 Nov 2022 13:14:56: Run the algorithm for the second time ... 
INFO  @ Wed, 16 Nov 2022 13:14:56: Skipping gene PBRM1 from MLE calculation since there are too many sgRNAs. To change, revise the --max-sgrnapergene-permutation option. 
INFO  @ Wed, 16 Nov 2022 13:14:56: Skipping gene NKX2 from MLE calculation since there are too many sgRNAs. To change, revise the --max-sgrnapergene-permutation option. 
INFO  @ Wed, 16 Nov 2022 13:14:56: Skipping gene TDRD6 from MLE calculation since there are too many sgRNAs. To change, revise the --max-sgrnapergene-permutation option. 
INFO  @ Wed, 16 Nov 2022 13:14:56: Skipping gene RNF17 from MLE calculation since there are too many sgRNAs. To change, revise the --max-sgrnapergene-permutation option. 
INFO  @ Wed, 16 Nov 2022 13:14:56: Skipping gene KMT2B from MLE calculation since there are too many sgRNAs. To change, revise the --max-sgrnapergene-permutation option. 
INFO  @ Wed, 16 Nov 2022 13:14:56: Skipping gene KMT2C from MLE calculation since there are too many sgRNAs. To change, revise the --max-sgrnapergene-permutation option. 
INFO  @ Wed, 16 Nov 2022 13:14:56: Skipping gene NSD1 from MLE calculation since there are too many sgRNAs. To change, revise the --max-sgrnapergene-permutation option. 
INFO  @ Wed, 16 Nov 2022 13:14:56: Thread 0 started. 
INFO  @ Wed, 16 Nov 2022 13:14:56: Thread 0: total 3499 instances. 
INFO  @ Wed, 16 Nov 2022 13:14:56: Thread 0: Calculating ZNF212 (1) ...  
INFO  @ Wed, 16 Nov 2022 13:15:11: Thread 0: Calculating PIAS3 (1001) ...  
INFO  @ Wed, 16 Nov 2022 13:15:15: Thread 0: Calculating SMARCA1 (2001) ...  
INFO  @ Wed, 16 Nov 2022 13:15:18: Thread 0: Calculating WWP1 (3001) ...  
INFO  @ Wed, 16 Nov 2022 13:15:20: Thread 0 completed. 
INFO  @ Wed, 16 Nov 2022 13:15:20: All threads completed. 
INFO  @ Wed, 16 Nov 2022 13:15:21: Permuting groups of gene with 1 sgRNAs per gene. Group progress: 1/41 
INFO  @ Wed, 16 Nov 2022 13:15:21: Start permuting 2 rounds ... 
INFO  @ Wed, 16 Nov 2022 13:15:21: Collecting 25263 sgRNAs from 3506 genes. 
INFO  @ Wed, 16 Nov 2022 13:15:21: Permuting round 0 ... 
INFO  @ Wed, 16 Nov 2022 13:15:21: Thread 0 started. 
INFO  @ Wed, 16 Nov 2022 13:15:21: Thread 0: total 3506 instances. 
INFO  @ Wed, 16 Nov 2022 13:15:21: Thread 0: Calculating ZNF212 (1) ...  
INFO  @ Wed, 16 Nov 2022 13:15:43: Thread 0: Calculating ATG4A (1001) ...  
INFO  @ Wed, 16 Nov 2022 13:15:47: Thread 0: Calculating PYGO1 (2001) ...  
INFO  @ Wed, 16 Nov 2022 13:16:48: Thread 0: Calculating SHOX2 (3001) ...  
INFO  @ Wed, 16 Nov 2022 13:16:51: Thread 0 completed. 
INFO  @ Wed, 16 Nov 2022 13:16:51: All threads completed. 
INFO  @ Wed, 16 Nov 2022 13:17:17: Permuting round 1 ... 
INFO  @ Wed, 16 Nov 2022 13:17:31: Thread 0 started. 
INFO  @ Wed, 16 Nov 2022 13:17:31: Thread 0: total 3506 instances. 
INFO  @ Wed, 16 Nov 2022 13:17:31: Thread 0: Calculating ZNF212 (1) ...  
INFO  @ Wed, 16 Nov 2022 13:17:41: Thread 0: Calculating ATG4A (1001) ...  
INFO  @ Wed, 16 Nov 2022 13:17:52: Thread 0: Calculating PYGO1 (2001) ...  
INFO  @ Wed, 16 Nov 2022 13:18:03: Thread 0: Calculating SHOX2 (3001) ...  
INFO  @ Wed, 16 Nov 2022 13:18:07: Thread 0 completed. 
INFO  @ Wed, 16 Nov 2022 13:18:07: All threads completed. 
INFO  @ Wed, 16 Nov 2022 13:18:09: Assigning p values... 
INFO  @ Wed, 16 Nov 2022 13:18:09: Permuting groups of gene with 2 sgRNAs per gene. Group progress: 2/41 
INFO  @ Wed, 16 Nov 2022 13:18:09: Start permuting 2 rounds ... 
INFO  @ Wed, 16 Nov 2022 13:18:10: Collecting 25263 sgRNAs from 3506 genes. 
INFO  @ Wed, 16 Nov 2022 13:18:11: Permuting round 0 ... 
INFO  @ Wed, 16 Nov 2022 13:18:11: Thread 0 started. 
INFO  @ Wed, 16 Nov 2022 13:18:11: Thread 0: total 3506 instances. 
INFO  @ Wed, 16 Nov 2022 13:18:11: Thread 0: Calculating ZNF212 (1) ...  
INFO  @ Wed, 16 Nov 2022 13:18:22: Thread 0: Calculating ATG4A (1001) ...  
INFO  @ Wed, 16 Nov 2022 13:18:27: Thread 0: Calculating PYGO1 (2001) ...  
INFO  @ Wed, 16 Nov 2022 13:18:31: Thread 0: Calculating SHOX2 (3001) ...  
INFO  @ Wed, 16 Nov 2022 13:18:34: Thread 0 completed. 
INFO  @ Wed, 16 Nov 2022 13:18:34: All threads completed. 
INFO  @ Wed, 16 Nov 2022 13:18:35: Permuting round 1 ... 
INFO  @ Wed, 16 Nov 2022 13:18:35: Thread 0 started. 
INFO  @ Wed, 16 Nov 2022 13:18:35: Thread 0: total 3506 instances. 
INFO  @ Wed, 16 Nov 2022 13:18:35: Thread 0: Calculating ZNF212 (1) ...  
INFO  @ Wed, 16 Nov 2022 13:18:41: Thread 0: Calculating ATG4A (1001) ...  
INFO  @ Wed, 16 Nov 2022 13:18:46: Thread 0: Calculating PYGO1 (2001) ...  
INFO  @ Wed, 16 Nov 2022 13:18:51: Thread 0: Calculating SHOX2 (3001) ...  
INFO  @ Wed, 16 Nov 2022 13:18:53: Thread 0 completed. 
INFO  @ Wed, 16 Nov 2022 13:18:53: All threads completed. 
INFO  @ Wed, 16 Nov 2022 13:18:54: Assigning p values... 
INFO  @ Wed, 16 Nov 2022 13:18:54: Permuting groups of gene with 3 sgRNAs per gene. Group progress: 3/41 
INFO  @ Wed, 16 Nov 2022 13:18:54: Start permuting 2 rounds ... 
INFO  @ Wed, 16 Nov 2022 13:18:54: Collecting 25263 sgRNAs from 3506 genes. 
INFO  @ Wed, 16 Nov 2022 13:18:55: Permuting round 0 ... 
INFO  @ Wed, 16 Nov 2022 13:18:55: Thread 0 started. 
INFO  @ Wed, 16 Nov 2022 13:18:55: Thread 0: total 3506 instances. 
INFO  @ Wed, 16 Nov 2022 13:18:55: Thread 0: Calculating ZNF212 (1) ...  
INFO  @ Wed, 16 Nov 2022 13:19:00: Thread 0: Calculating ATG4A (1001) ...  
INFO  @ Wed, 16 Nov 2022 13:19:06: Thread 0: Calculating PYGO1 (2001) ...  
INFO  @ Wed, 16 Nov 2022 13:19:11: Thread 0: Calculating SHOX2 (3001) ...  
INFO  @ Wed, 16 Nov 2022 13:19:13: Thread 0 completed. 
INFO  @ Wed, 16 Nov 2022 13:19:13: All threads completed. 
INFO  @ Wed, 16 Nov 2022 13:19:14: Permuting round 1 ... 
INFO  @ Wed, 16 Nov 2022 13:19:15: Thread 0 started. 
INFO  @ Wed, 16 Nov 2022 13:19:15: Thread 0: total 3506 instances. 
INFO  @ Wed, 16 Nov 2022 13:19:15: Thread 0: Calculating ZNF212 (1) ...  
INFO  @ Wed, 16 Nov 2022 13:19:20: Thread 0: Calculating ATG4A (1001) ...  
INFO  @ Wed, 16 Nov 2022 13:19:26: Thread 0: Calculating PYGO1 (2001) ...  
INFO  @ Wed, 16 Nov 2022 13:19:30: Thread 0: Calculating SHOX2 (3001) ...  
INFO  @ Wed, 16 Nov 2022 13:19:33: Thread 0 completed. 
INFO  @ Wed, 16 Nov 2022 13:19:33: All threads completed. 
INFO  @ Wed, 16 Nov 2022 13:19:34: Assigning p values... 
INFO  @ Wed, 16 Nov 2022 13:19:34: Permuting groups of gene with 4 sgRNAs per gene. Group progress: 4/41 
INFO  @ Wed, 16 Nov 2022 13:19:34: Start permuting 2 rounds ... 
INFO  @ Wed, 16 Nov 2022 13:19:35: Collecting 25263 sgRNAs from 3506 genes. 
INFO  @ Wed, 16 Nov 2022 13:19:35: Permuting round 0 ... 
INFO  @ Wed, 16 Nov 2022 13:19:35: Thread 0 started. 
INFO  @ Wed, 16 Nov 2022 13:19:35: Thread 0: total 3506 instances. 
INFO  @ Wed, 16 Nov 2022 13:19:35: Thread 0: Calculating ZNF212 (1) ...  
INFO  @ Wed, 16 Nov 2022 13:19:41: Thread 0: Calculating ATG4A (1001) ...  
INFO  @ Wed, 16 Nov 2022 13:19:48: Thread 0: Calculating PYGO1 (2001) ...  
INFO  @ Wed, 16 Nov 2022 13:19:53: Thread 0: Calculating SHOX2 (3001) ...  
INFO  @ Wed, 16 Nov 2022 13:19:56: Thread 0 completed. 
INFO  @ Wed, 16 Nov 2022 13:19:56: All threads completed. 
INFO  @ Wed, 16 Nov 2022 13:19:57: Permuting round 1 ... 
INFO  @ Wed, 16 Nov 2022 13:19:57: Thread 0 started. 
INFO  @ Wed, 16 Nov 2022 13:19:57: Thread 0: total 3506 instances. 
INFO  @ Wed, 16 Nov 2022 13:19:57: Thread 0: Calculating ZNF212 (1) ...  
INFO  @ Wed, 16 Nov 2022 13:20:03: Thread 0: Calculating ATG4A (1001) ...  
INFO  @ Wed, 16 Nov 2022 13:20:08: Thread 0: Calculating PYGO1 (2001) ...  
INFO  @ Wed, 16 Nov 2022 13:20:14: Thread 0: Calculating SHOX2 (3001) ...  
INFO  @ Wed, 16 Nov 2022 13:20:17: Thread 0 completed. 
INFO  @ Wed, 16 Nov 2022 13:20:17: All threads completed. 
INFO  @ Wed, 16 Nov 2022 13:20:18: Assigning p values... 
INFO  @ Wed, 16 Nov 2022 13:20:18: Permuting groups of gene with 5 sgRNAs per gene. Group progress: 5/41 
INFO  @ Wed, 16 Nov 2022 13:20:18: Start permuting 2 rounds ... 
INFO  @ Wed, 16 Nov 2022 13:20:18: Collecting 25263 sgRNAs from 3506 genes. 
INFO  @ Wed, 16 Nov 2022 13:20:19: Permuting round 0 ... 
INFO  @ Wed, 16 Nov 2022 13:20:19: Thread 0 started. 
INFO  @ Wed, 16 Nov 2022 13:20:19: Thread 0: total 3506 instances. 
INFO  @ Wed, 16 Nov 2022 13:20:19: Thread 0: Calculating ZNF212 (1) ...  
INFO  @ Wed, 16 Nov 2022 13:20:24: Thread 0: Calculating ATG4A (1001) ...  
INFO  @ Wed, 16 Nov 2022 13:20:30: Thread 0: Calculating PYGO1 (2001) ...  
INFO  @ Wed, 16 Nov 2022 13:20:36: Thread 0: Calculating SHOX2 (3001) ...  
INFO  @ Wed, 16 Nov 2022 13:20:39: Thread 0 completed. 
INFO  @ Wed, 16 Nov 2022 13:20:39: All threads completed. 
INFO  @ Wed, 16 Nov 2022 13:20:40: Permuting round 1 ... 
INFO  @ Wed, 16 Nov 2022 13:20:40: Thread 0 started. 
INFO  @ Wed, 16 Nov 2022 13:20:40: Thread 0: total 3506 instances. 
INFO  @ Wed, 16 Nov 2022 13:20:40: Thread 0: Calculating ZNF212 (1) ...  
INFO  @ Wed, 16 Nov 2022 13:20:46: Thread 0: Calculating ATG4A (1001) ...  
INFO  @ Wed, 16 Nov 2022 13:20:52: Thread 0: Calculating PYGO1 (2001) ...  
INFO  @ Wed, 16 Nov 2022 13:20:58: Thread 0: Calculating SHOX2 (3001) ...  
INFO  @ Wed, 16 Nov 2022 13:21:02: Thread 0 completed. 
INFO  @ Wed, 16 Nov 2022 13:21:02: All threads completed. 
INFO  @ Wed, 16 Nov 2022 13:21:03: Assigning p values... 
INFO  @ Wed, 16 Nov 2022 13:21:03: Permuting groups of gene with 6 sgRNAs per gene. Group progress: 6/41 
INFO  @ Wed, 16 Nov 2022 13:21:03: Start permuting 2 rounds ... 
INFO  @ Wed, 16 Nov 2022 13:21:03: Collecting 25263 sgRNAs from 3506 genes. 
INFO  @ Wed, 16 Nov 2022 13:21:04: Permuting round 0 ... 
INFO  @ Wed, 16 Nov 2022 13:21:04: Thread 0 started. 
INFO  @ Wed, 16 Nov 2022 13:21:04: Thread 0: total 3506 instances. 
INFO  @ Wed, 16 Nov 2022 13:21:04: Thread 0: Calculating ZNF212 (1) ...  
INFO  @ Wed, 16 Nov 2022 13:21:10: Thread 0: Calculating ATG4A (1001) ...  
INFO  @ Wed, 16 Nov 2022 13:21:15: Thread 0: Calculating PYGO1 (2001) ...  
INFO  @ Wed, 16 Nov 2022 13:21:22: Thread 0: Calculating SHOX2 (3001) ...  
INFO  @ Wed, 16 Nov 2022 13:21:25: Thread 0 completed. 
INFO  @ Wed, 16 Nov 2022 13:21:25: All threads completed. 
INFO  @ Wed, 16 Nov 2022 13:21:26: Permuting round 1 ... 
INFO  @ Wed, 16 Nov 2022 13:21:26: Thread 0 started. 
INFO  @ Wed, 16 Nov 2022 13:21:26: Thread 0: total 3506 instances. 
INFO  @ Wed, 16 Nov 2022 13:21:26: Thread 0: Calculating ZNF212 (1) ...  
INFO  @ Wed, 16 Nov 2022 13:21:32: Thread 0: Calculating ATG4A (1001) ...  
INFO  @ Wed, 16 Nov 2022 13:21:38: Thread 0: Calculating PYGO1 (2001) ...  
INFO  @ Wed, 16 Nov 2022 13:21:44: Thread 0: Calculating SHOX2 (3001) ...  
INFO  @ Wed, 16 Nov 2022 13:21:47: Thread 0 completed. 
INFO  @ Wed, 16 Nov 2022 13:21:47: All threads completed. 
INFO  @ Wed, 16 Nov 2022 13:21:48: Assigning p values... 
INFO  @ Wed, 16 Nov 2022 13:21:48: Permuting groups of gene with 7 sgRNAs per gene. Group progress: 7/41 
INFO  @ Wed, 16 Nov 2022 13:21:48: Start permuting 2 rounds ... 
INFO  @ Wed, 16 Nov 2022 13:21:48: Collecting 25263 sgRNAs from 3506 genes. 
INFO  @ Wed, 16 Nov 2022 13:21:49: Permuting round 0 ... 
INFO  @ Wed, 16 Nov 2022 13:21:49: Thread 0 started. 
INFO  @ Wed, 16 Nov 2022 13:21:49: Thread 0: total 3506 instances. 
INFO  @ Wed, 16 Nov 2022 13:21:49: Thread 0: Calculating ZNF212 (1) ...  
INFO  @ Wed, 16 Nov 2022 13:21:55: Thread 0: Calculating ATG4A (1001) ...  
INFO  @ Wed, 16 Nov 2022 13:22:01: Thread 0: Calculating PYGO1 (2001) ...  
INFO  @ Wed, 16 Nov 2022 13:22:07: Thread 0: Calculating SHOX2 (3001) ...  
INFO  @ Wed, 16 Nov 2022 13:22:10: Thread 0 completed. 
INFO  @ Wed, 16 Nov 2022 13:22:10: All threads completed. 
INFO  @ Wed, 16 Nov 2022 13:22:11: Permuting round 1 ... 
INFO  @ Wed, 16 Nov 2022 13:22:12: Thread 0 started. 
INFO  @ Wed, 16 Nov 2022 13:22:12: Thread 0: total 3506 instances. 
INFO  @ Wed, 16 Nov 2022 13:22:12: Thread 0: Calculating ZNF212 (1) ...  
INFO  @ Wed, 16 Nov 2022 13:22:18: Thread 0: Calculating ATG4A (1001) ...  
INFO  @ Wed, 16 Nov 2022 13:22:24: Thread 0: Calculating PYGO1 (2001) ...  
INFO  @ Wed, 16 Nov 2022 13:22:30: Thread 0: Calculating SHOX2 (3001) ...  
INFO  @ Wed, 16 Nov 2022 13:22:33: Thread 0 completed. 
INFO  @ Wed, 16 Nov 2022 13:22:33: All threads completed. 
INFO  @ Wed, 16 Nov 2022 13:22:34: Assigning p values... 
INFO  @ Wed, 16 Nov 2022 13:22:34: Permuting groups of gene with 8 sgRNAs per gene. Group progress: 8/41 
INFO  @ Wed, 16 Nov 2022 13:22:34: Start permuting 2 rounds ... 
INFO  @ Wed, 16 Nov 2022 13:22:35: Collecting 25263 sgRNAs from 3506 genes. 
INFO  @ Wed, 16 Nov 2022 13:22:35: Permuting round 0 ... 
INFO  @ Wed, 16 Nov 2022 13:22:35: Thread 0 started. 
INFO  @ Wed, 16 Nov 2022 13:22:35: Thread 0: total 3506 instances. 
INFO  @ Wed, 16 Nov 2022 13:22:35: Thread 0: Calculating ZNF212 (1) ...  
INFO  @ Wed, 16 Nov 2022 13:22:41: Thread 0: Calculating ATG4A (1001) ...  
INFO  @ Wed, 16 Nov 2022 13:22:47: Thread 0: Calculating PYGO1 (2001) ...  
INFO  @ Wed, 16 Nov 2022 13:22:54: Thread 0: Calculating SHOX2 (3001) ...  
INFO  @ Wed, 16 Nov 2022 13:22:57: Thread 0 completed. 
INFO  @ Wed, 16 Nov 2022 13:22:57: All threads completed. 
INFO  @ Wed, 16 Nov 2022 13:22:59: Permuting round 1 ... 
INFO  @ Wed, 16 Nov 2022 13:22:59: Thread 0 started. 
INFO  @ Wed, 16 Nov 2022 13:22:59: Thread 0: total 3506 instances. 
INFO  @ Wed, 16 Nov 2022 13:22:59: Thread 0: Calculating ZNF212 (1) ...  
INFO  @ Wed, 16 Nov 2022 13:23:05: Thread 0: Calculating ATG4A (1001) ...  
INFO  @ Wed, 16 Nov 2022 13:23:12: Thread 0: Calculating PYGO1 (2001) ...  
INFO  @ Wed, 16 Nov 2022 13:23:18: Thread 0: Calculating SHOX2 (3001) ...  
INFO  @ Wed, 16 Nov 2022 13:23:21: Thread 0 completed. 
INFO  @ Wed, 16 Nov 2022 13:23:21: All threads completed. 
INFO  @ Wed, 16 Nov 2022 13:23:22: Assigning p values... 
INFO  @ Wed, 16 Nov 2022 13:23:23: Permuting groups of gene with 9 sgRNAs per gene. Group progress: 9/41 
INFO  @ Wed, 16 Nov 2022 13:23:23: Start permuting 2 rounds ... 
INFO  @ Wed, 16 Nov 2022 13:23:23: Collecting 25263 sgRNAs from 3506 genes. 
INFO  @ Wed, 16 Nov 2022 13:23:23: Permuting round 0 ... 
INFO  @ Wed, 16 Nov 2022 13:23:23: Thread 0 started. 
INFO  @ Wed, 16 Nov 2022 13:23:23: Thread 0: total 3506 instances. 
INFO  @ Wed, 16 Nov 2022 13:23:23: Thread 0: Calculating ZNF212 (1) ...  
INFO  @ Wed, 16 Nov 2022 13:23:30: Thread 0: Calculating ATG4A (1001) ...  
INFO  @ Wed, 16 Nov 2022 13:23:36: Thread 0: Calculating PYGO1 (2001) ...  
INFO  @ Wed, 16 Nov 2022 13:23:43: Thread 0: Calculating SHOX2 (3001) ...  
INFO  @ Wed, 16 Nov 2022 13:23:46: Thread 0 completed. 
INFO  @ Wed, 16 Nov 2022 13:23:46: All threads completed. 
INFO  @ Wed, 16 Nov 2022 13:23:47: Permuting round 1 ... 
INFO  @ Wed, 16 Nov 2022 13:23:47: Thread 0 started. 
INFO  @ Wed, 16 Nov 2022 13:23:47: Thread 0: total 3506 instances. 
INFO  @ Wed, 16 Nov 2022 13:23:47: Thread 0: Calculating ZNF212 (1) ...  
INFO  @ Wed, 16 Nov 2022 13:23:54: Thread 0: Calculating ATG4A (1001) ...  
INFO  @ Wed, 16 Nov 2022 13:24:01: Thread 0: Calculating PYGO1 (2001) ...  
INFO  @ Wed, 16 Nov 2022 13:24:09: Thread 0: Calculating SHOX2 (3001) ...  
INFO  @ Wed, 16 Nov 2022 13:24:13: Thread 0 completed. 
INFO  @ Wed, 16 Nov 2022 13:24:13: All threads completed. 
INFO  @ Wed, 16 Nov 2022 13:24:14: Assigning p values... 
INFO  @ Wed, 16 Nov 2022 13:24:14: Permuting groups of gene with 10 sgRNAs per gene. Group progress: 10/41 
INFO  @ Wed, 16 Nov 2022 13:24:14: Start permuting 2 rounds ... 
INFO  @ Wed, 16 Nov 2022 13:24:14: Collecting 25263 sgRNAs from 3506 genes. 
INFO  @ Wed, 16 Nov 2022 13:24:15: Permuting round 0 ... 
INFO  @ Wed, 16 Nov 2022 13:24:15: Thread 0 started. 
INFO  @ Wed, 16 Nov 2022 13:24:15: Thread 0: total 3506 instances. 
INFO  @ Wed, 16 Nov 2022 13:24:15: Thread 0: Calculating ZNF212 (1) ...  
INFO  @ Wed, 16 Nov 2022 13:24:22: Thread 0: Calculating ATG4A (1001) ...  
INFO  @ Wed, 16 Nov 2022 13:24:32: Thread 0: Calculating PYGO1 (2001) ...  
INFO  @ Wed, 16 Nov 2022 13:24:39: Thread 0: Calculating SHOX2 (3001) ...  
INFO  @ Wed, 16 Nov 2022 13:24:43: Thread 0 completed. 
INFO  @ Wed, 16 Nov 2022 13:24:43: All threads completed. 
INFO  @ Wed, 16 Nov 2022 13:24:44: Permuting round 1 ... 
INFO  @ Wed, 16 Nov 2022 13:24:44: Thread 0 started. 
INFO  @ Wed, 16 Nov 2022 13:24:44: Thread 0: total 3506 instances. 
INFO  @ Wed, 16 Nov 2022 13:24:44: Thread 0: Calculating ZNF212 (1) ...  
INFO  @ Wed, 16 Nov 2022 13:24:51: Thread 0: Calculating ATG4A (1001) ...  
INFO  @ Wed, 16 Nov 2022 13:24:58: Thread 0: Calculating PYGO1 (2001) ...  
INFO  @ Wed, 16 Nov 2022 13:25:05: Thread 0: Calculating SHOX2 (3001) ...  
INFO  @ Wed, 16 Nov 2022 13:25:09: Thread 0 completed. 
INFO  @ Wed, 16 Nov 2022 13:25:09: All threads completed. 
INFO  @ Wed, 16 Nov 2022 13:25:10: Assigning p values... 
INFO  @ Wed, 16 Nov 2022 13:25:10: Permuting groups of gene with 11 sgRNAs per gene. Group progress: 11/41 
INFO  @ Wed, 16 Nov 2022 13:25:10: Start permuting 2 rounds ... 
INFO  @ Wed, 16 Nov 2022 13:25:10: Collecting 25263 sgRNAs from 3506 genes. 
INFO  @ Wed, 16 Nov 2022 13:25:11: Permuting round 0 ... 
INFO  @ Wed, 16 Nov 2022 13:25:11: Thread 0 started. 
INFO  @ Wed, 16 Nov 2022 13:25:11: Thread 0: total 3506 instances. 
INFO  @ Wed, 16 Nov 2022 13:25:11: Thread 0: Calculating ZNF212 (1) ...  
INFO  @ Wed, 16 Nov 2022 13:25:18: Thread 0: Calculating ATG4A (1001) ...  
INFO  @ Wed, 16 Nov 2022 13:25:25: Thread 0: Calculating PYGO1 (2001) ...  
INFO  @ Wed, 16 Nov 2022 13:25:32: Thread 0: Calculating SHOX2 (3001) ...  
INFO  @ Wed, 16 Nov 2022 13:25:36: Thread 0 completed. 
INFO  @ Wed, 16 Nov 2022 13:25:36: All threads completed. 
INFO  @ Wed, 16 Nov 2022 13:25:37: Permuting round 1 ... 
INFO  @ Wed, 16 Nov 2022 13:25:38: Thread 0 started. 
INFO  @ Wed, 16 Nov 2022 13:25:38: Thread 0: total 3506 instances. 
INFO  @ Wed, 16 Nov 2022 13:25:38: Thread 0: Calculating ZNF212 (1) ...  
INFO  @ Wed, 16 Nov 2022 13:25:46: Thread 0: Calculating ATG4A (1001) ...  
INFO  @ Wed, 16 Nov 2022 13:25:52: Thread 0: Calculating PYGO1 (2001) ...  
INFO  @ Wed, 16 Nov 2022 13:25:59: Thread 0: Calculating SHOX2 (3001) ...  
INFO  @ Wed, 16 Nov 2022 13:26:03: Thread 0 completed. 
INFO  @ Wed, 16 Nov 2022 13:26:03: All threads completed. 
INFO  @ Wed, 16 Nov 2022 13:26:04: Assigning p values... 
INFO  @ Wed, 16 Nov 2022 13:26:04: Permuting groups of gene with 12 sgRNAs per gene. Group progress: 12/41 
INFO  @ Wed, 16 Nov 2022 13:26:04: Start permuting 2 rounds ... 
INFO  @ Wed, 16 Nov 2022 13:26:04: Collecting 25263 sgRNAs from 3506 genes. 
INFO  @ Wed, 16 Nov 2022 13:26:05: Permuting round 0 ... 
INFO  @ Wed, 16 Nov 2022 13:26:05: Thread 0 started. 
INFO  @ Wed, 16 Nov 2022 13:26:05: Thread 0: total 3506 instances. 
INFO  @ Wed, 16 Nov 2022 13:26:05: Thread 0: Calculating ZNF212 (1) ...  
INFO  @ Wed, 16 Nov 2022 13:26:12: Thread 0: Calculating ATG4A (1001) ...  
INFO  @ Wed, 16 Nov 2022 13:26:19: Thread 0: Calculating PYGO1 (2001) ...  
INFO  @ Wed, 16 Nov 2022 13:26:26: Thread 0: Calculating SHOX2 (3001) ...  
INFO  @ Wed, 16 Nov 2022 13:26:30: Thread 0 completed. 
INFO  @ Wed, 16 Nov 2022 13:26:30: All threads completed. 
INFO  @ Wed, 16 Nov 2022 13:26:31: Permuting round 1 ... 
INFO  @ Wed, 16 Nov 2022 13:26:31: Thread 0 started. 
INFO  @ Wed, 16 Nov 2022 13:26:31: Thread 0: total 3506 instances. 
INFO  @ Wed, 16 Nov 2022 13:26:31: Thread 0: Calculating ZNF212 (1) ...  
INFO  @ Wed, 16 Nov 2022 13:26:39: Thread 0: Calculating ATG4A (1001) ...  
INFO  @ Wed, 16 Nov 2022 13:26:45: Thread 0: Calculating PYGO1 (2001) ...  
INFO  @ Wed, 16 Nov 2022 13:26:52: Thread 0: Calculating SHOX2 (3001) ...  
INFO  @ Wed, 16 Nov 2022 13:26:56: Thread 0 completed. 
INFO  @ Wed, 16 Nov 2022 13:26:56: All threads completed. 
INFO  @ Wed, 16 Nov 2022 13:26:57: Assigning p values... 
INFO  @ Wed, 16 Nov 2022 13:26:57: Permuting groups of gene with 13 sgRNAs per gene. Group progress: 13/41 
INFO  @ Wed, 16 Nov 2022 13:26:57: Start permuting 2 rounds ... 
INFO  @ Wed, 16 Nov 2022 13:26:58: Collecting 25263 sgRNAs from 3506 genes. 
INFO  @ Wed, 16 Nov 2022 13:26:58: Permuting round 0 ... 
INFO  @ Wed, 16 Nov 2022 13:26:58: Thread 0 started. 
INFO  @ Wed, 16 Nov 2022 13:26:58: Thread 0: total 3506 instances. 
INFO  @ Wed, 16 Nov 2022 13:26:58: Thread 0: Calculating ZNF212 (1) ...  
INFO  @ Wed, 16 Nov 2022 13:27:05: Thread 0: Calculating ATG4A (1001) ...  
INFO  @ Wed, 16 Nov 2022 13:27:12: Thread 0: Calculating PYGO1 (2001) ...  
INFO  @ Wed, 16 Nov 2022 13:27:19: Thread 0: Calculating SHOX2 (3001) ...  
INFO  @ Wed, 16 Nov 2022 13:27:22: Thread 0 completed. 
INFO  @ Wed, 16 Nov 2022 13:27:22: All threads completed. 
INFO  @ Wed, 16 Nov 2022 13:27:24: Permuting round 1 ... 
INFO  @ Wed, 16 Nov 2022 13:27:24: Thread 0 started. 
INFO  @ Wed, 16 Nov 2022 13:27:24: Thread 0: total 3506 instances. 
INFO  @ Wed, 16 Nov 2022 13:27:24: Thread 0: Calculating ZNF212 (1) ...  
INFO  @ Wed, 16 Nov 2022 13:27:31: Thread 0: Calculating ATG4A (1001) ...  
INFO  @ Wed, 16 Nov 2022 13:27:38: Thread 0: Calculating PYGO1 (2001) ...  
INFO  @ Wed, 16 Nov 2022 13:27:45: Thread 0: Calculating SHOX2 (3001) ...  
INFO  @ Wed, 16 Nov 2022 13:27:49: Thread 0 completed. 
INFO  @ Wed, 16 Nov 2022 13:27:49: All threads completed. 
INFO  @ Wed, 16 Nov 2022 13:27:50: Assigning p values... 
INFO  @ Wed, 16 Nov 2022 13:27:51: Permuting groups of gene with 14 sgRNAs per gene. Group progress: 14/41 
INFO  @ Wed, 16 Nov 2022 13:27:51: Start permuting 2 rounds ... 
INFO  @ Wed, 16 Nov 2022 13:27:51: Collecting 25263 sgRNAs from 3506 genes. 
INFO  @ Wed, 16 Nov 2022 13:27:51: Permuting round 0 ... 
INFO  @ Wed, 16 Nov 2022 13:27:51: Thread 0 started. 
INFO  @ Wed, 16 Nov 2022 13:27:51: Thread 0: total 3506 instances. 
INFO  @ Wed, 16 Nov 2022 13:27:51: Thread 0: Calculating ZNF212 (1) ...  
INFO  @ Wed, 16 Nov 2022 13:27:58: Thread 0: Calculating ATG4A (1001) ...  
INFO  @ Wed, 16 Nov 2022 13:28:06: Thread 0: Calculating PYGO1 (2001) ...  
INFO  @ Wed, 16 Nov 2022 13:28:13: Thread 0: Calculating SHOX2 (3001) ...  
INFO  @ Wed, 16 Nov 2022 13:28:16: Thread 0 completed. 
INFO  @ Wed, 16 Nov 2022 13:28:16: All threads completed. 
INFO  @ Wed, 16 Nov 2022 13:28:18: Permuting round 1 ... 
INFO  @ Wed, 16 Nov 2022 13:28:18: Thread 0 started. 
INFO  @ Wed, 16 Nov 2022 13:28:18: Thread 0: total 3506 instances. 
INFO  @ Wed, 16 Nov 2022 13:28:18: Thread 0: Calculating ZNF212 (1) ...  
INFO  @ Wed, 16 Nov 2022 13:28:25: Thread 0: Calculating ATG4A (1001) ...  
INFO  @ Wed, 16 Nov 2022 13:28:32: Thread 0: Calculating PYGO1 (2001) ...  
INFO  @ Wed, 16 Nov 2022 13:28:40: Thread 0: Calculating SHOX2 (3001) ...  
INFO  @ Wed, 16 Nov 2022 13:28:43: Thread 0 completed. 
INFO  @ Wed, 16 Nov 2022 13:28:43: All threads completed. 
INFO  @ Wed, 16 Nov 2022 13:28:45: Assigning p values... 
INFO  @ Wed, 16 Nov 2022 13:28:45: Permuting groups of gene with 15 sgRNAs per gene. Group progress: 15/41 
INFO  @ Wed, 16 Nov 2022 13:28:45: Start permuting 2 rounds ... 
INFO  @ Wed, 16 Nov 2022 13:28:45: Collecting 25263 sgRNAs from 3506 genes. 
INFO  @ Wed, 16 Nov 2022 13:28:46: Permuting round 0 ... 
INFO  @ Wed, 16 Nov 2022 13:28:46: Thread 0 started. 
INFO  @ Wed, 16 Nov 2022 13:28:46: Thread 0: total 3506 instances. 
INFO  @ Wed, 16 Nov 2022 13:28:46: Thread 0: Calculating ZNF212 (1) ...  
INFO  @ Wed, 16 Nov 2022 13:28:53: Thread 0: Calculating ATG4A (1001) ...  
INFO  @ Wed, 16 Nov 2022 13:29:01: Thread 0: Calculating PYGO1 (2001) ...  
INFO  @ Wed, 16 Nov 2022 13:29:09: Thread 0: Calculating SHOX2 (3001) ...  
INFO  @ Wed, 16 Nov 2022 13:29:13: Thread 0 completed. 
INFO  @ Wed, 16 Nov 2022 13:29:13: All threads completed. 
INFO  @ Wed, 16 Nov 2022 13:29:14: Permuting round 1 ... 
INFO  @ Wed, 16 Nov 2022 13:29:14: Thread 0 started. 
INFO  @ Wed, 16 Nov 2022 13:29:14: Thread 0: total 3506 instances. 
INFO  @ Wed, 16 Nov 2022 13:29:14: Thread 0: Calculating ZNF212 (1) ...  
INFO  @ Wed, 16 Nov 2022 13:29:22: Thread 0: Calculating ATG4A (1001) ...  
INFO  @ Wed, 16 Nov 2022 13:29:29: Thread 0: Calculating PYGO1 (2001) ...  
INFO  @ Wed, 16 Nov 2022 13:29:37: Thread 0: Calculating SHOX2 (3001) ...  
INFO  @ Wed, 16 Nov 2022 13:29:41: Thread 0 completed. 
INFO  @ Wed, 16 Nov 2022 13:29:41: All threads completed. 
INFO  @ Wed, 16 Nov 2022 13:29:42: Assigning p values... 
INFO  @ Wed, 16 Nov 2022 13:29:42: Permuting groups of gene with 16 sgRNAs per gene. Group progress: 16/41 
INFO  @ Wed, 16 Nov 2022 13:29:42: Start permuting 2 rounds ... 
INFO  @ Wed, 16 Nov 2022 13:29:43: Collecting 25263 sgRNAs from 3506 genes. 
INFO  @ Wed, 16 Nov 2022 13:29:43: Permuting round 0 ... 
INFO  @ Wed, 16 Nov 2022 13:29:43: Thread 0 started. 
INFO  @ Wed, 16 Nov 2022 13:29:43: Thread 0: total 3506 instances. 
INFO  @ Wed, 16 Nov 2022 13:29:43: Thread 0: Calculating ZNF212 (1) ...  
INFO  @ Wed, 16 Nov 2022 13:29:51: Thread 0: Calculating ATG4A (1001) ...  
INFO  @ Wed, 16 Nov 2022 13:29:58: Thread 0: Calculating PYGO1 (2001) ...  
INFO  @ Wed, 16 Nov 2022 13:30:05: Thread 0: Calculating SHOX2 (3001) ...  
INFO  @ Wed, 16 Nov 2022 13:30:08: Thread 0 completed. 
INFO  @ Wed, 16 Nov 2022 13:30:08: All threads completed. 
INFO  @ Wed, 16 Nov 2022 13:30:10: Permuting round 1 ... 
INFO  @ Wed, 16 Nov 2022 13:30:10: Thread 0 started. 
INFO  @ Wed, 16 Nov 2022 13:30:10: Thread 0: total 3506 instances. 
INFO  @ Wed, 16 Nov 2022 13:30:10: Thread 0: Calculating ZNF212 (1) ...  
INFO  @ Wed, 16 Nov 2022 13:30:17: Thread 0: Calculating ATG4A (1001) ...  
INFO  @ Wed, 16 Nov 2022 13:30:25: Thread 0: Calculating PYGO1 (2001) ...  
INFO  @ Wed, 16 Nov 2022 13:30:32: Thread 0: Calculating SHOX2 (3001) ...  
INFO  @ Wed, 16 Nov 2022 13:30:36: Thread 0 completed. 
INFO  @ Wed, 16 Nov 2022 13:30:36: All threads completed. 
INFO  @ Wed, 16 Nov 2022 13:30:37: Assigning p values... 
INFO  @ Wed, 16 Nov 2022 13:30:37: Permuting groups of gene with 17 sgRNAs per gene. Group progress: 17/41 
INFO  @ Wed, 16 Nov 2022 13:30:37: Start permuting 2 rounds ... 
INFO  @ Wed, 16 Nov 2022 13:30:37: Collecting 25263 sgRNAs from 3506 genes. 
INFO  @ Wed, 16 Nov 2022 13:30:38: Permuting round 0 ... 
INFO  @ Wed, 16 Nov 2022 13:30:38: Thread 0 started. 
INFO  @ Wed, 16 Nov 2022 13:30:38: Thread 0: total 3506 instances. 
INFO  @ Wed, 16 Nov 2022 13:30:38: Thread 0: Calculating ZNF212 (1) ...  
INFO  @ Wed, 16 Nov 2022 13:30:46: Thread 0: Calculating ATG4A (1001) ...  
INFO  @ Wed, 16 Nov 2022 13:30:52: Thread 0: Calculating PYGO1 (2001) ...  
INFO  @ Wed, 16 Nov 2022 13:31:00: Thread 0: Calculating SHOX2 (3001) ...  
INFO  @ Wed, 16 Nov 2022 13:31:03: Thread 0 completed. 
INFO  @ Wed, 16 Nov 2022 13:31:03: All threads completed. 
INFO  @ Wed, 16 Nov 2022 13:31:05: Permuting round 1 ... 
INFO  @ Wed, 16 Nov 2022 13:31:05: Thread 0 started. 
INFO  @ Wed, 16 Nov 2022 13:31:05: Thread 0: total 3506 instances. 
INFO  @ Wed, 16 Nov 2022 13:31:05: Thread 0: Calculating ZNF212 (1) ...  
INFO  @ Wed, 16 Nov 2022 13:31:13: Thread 0: Calculating ATG4A (1001) ...  
INFO  @ Wed, 16 Nov 2022 13:31:20: Thread 0: Calculating PYGO1 (2001) ...  
INFO  @ Wed, 16 Nov 2022 13:31:28: Thread 0: Calculating SHOX2 (3001) ...  
INFO  @ Wed, 16 Nov 2022 13:31:32: Thread 0 completed. 
INFO  @ Wed, 16 Nov 2022 13:31:32: All threads completed. 
INFO  @ Wed, 16 Nov 2022 13:31:33: Assigning p values... 
INFO  @ Wed, 16 Nov 2022 13:31:33: Permuting groups of gene with 18 sgRNAs per gene. Group progress: 18/41 
INFO  @ Wed, 16 Nov 2022 13:31:33: Start permuting 2 rounds ... 
INFO  @ Wed, 16 Nov 2022 13:31:33: Collecting 25263 sgRNAs from 3506 genes. 
INFO  @ Wed, 16 Nov 2022 13:31:34: Permuting round 0 ... 
INFO  @ Wed, 16 Nov 2022 13:31:34: Thread 0 started. 
INFO  @ Wed, 16 Nov 2022 13:31:34: Thread 0: total 3506 instances. 
INFO  @ Wed, 16 Nov 2022 13:31:34: Thread 0: Calculating ZNF212 (1) ...  
INFO  @ Wed, 16 Nov 2022 13:31:42: Thread 0: Calculating ATG4A (1001) ...  
INFO  @ Wed, 16 Nov 2022 13:31:49: Thread 0: Calculating PYGO1 (2001) ...  
INFO  @ Wed, 16 Nov 2022 13:31:56: Thread 0: Calculating SHOX2 (3001) ...  
INFO  @ Wed, 16 Nov 2022 13:32:00: Thread 0 completed. 
INFO  @ Wed, 16 Nov 2022 13:32:00: All threads completed. 
INFO  @ Wed, 16 Nov 2022 13:32:02: Permuting round 1 ... 
INFO  @ Wed, 16 Nov 2022 13:32:02: Thread 0 started. 
INFO  @ Wed, 16 Nov 2022 13:32:02: Thread 0: total 3506 instances. 
INFO  @ Wed, 16 Nov 2022 13:32:02: Thread 0: Calculating ZNF212 (1) ...  
INFO  @ Wed, 16 Nov 2022 13:32:09: Thread 0: Calculating ATG4A (1001) ...  
INFO  @ Wed, 16 Nov 2022 13:32:17: Thread 0: Calculating PYGO1 (2001) ...  
INFO  @ Wed, 16 Nov 2022 13:32:24: Thread 0: Calculating SHOX2 (3001) ...  
INFO  @ Wed, 16 Nov 2022 13:32:28: Thread 0 completed. 
INFO  @ Wed, 16 Nov 2022 13:32:28: All threads completed. 
INFO  @ Wed, 16 Nov 2022 13:32:30: Assigning p values... 
INFO  @ Wed, 16 Nov 2022 13:32:30: Permuting groups of gene with 19 sgRNAs per gene. Group progress: 19/41 
INFO  @ Wed, 16 Nov 2022 13:32:30: Start permuting 2 rounds ... 
INFO  @ Wed, 16 Nov 2022 13:32:30: Collecting 25263 sgRNAs from 3506 genes. 
INFO  @ Wed, 16 Nov 2022 13:32:30: Permuting round 0 ... 
INFO  @ Wed, 16 Nov 2022 13:32:31: Thread 0 started. 
INFO  @ Wed, 16 Nov 2022 13:32:31: Thread 0: total 3506 instances. 
INFO  @ Wed, 16 Nov 2022 13:32:31: Thread 0: Calculating ZNF212 (1) ...  
INFO  @ Wed, 16 Nov 2022 13:32:38: Thread 0: Calculating ATG4A (1001) ...  
INFO  @ Wed, 16 Nov 2022 13:32:45: Thread 0: Calculating PYGO1 (2001) ...  
INFO  @ Wed, 16 Nov 2022 13:32:53: Thread 0: Calculating SHOX2 (3001) ...  
INFO  @ Wed, 16 Nov 2022 13:32:57: Thread 0 completed. 
INFO  @ Wed, 16 Nov 2022 13:32:57: All threads completed. 
INFO  @ Wed, 16 Nov 2022 13:32:58: Permuting round 1 ... 
INFO  @ Wed, 16 Nov 2022 13:32:58: Thread 0 started. 
INFO  @ Wed, 16 Nov 2022 13:32:58: Thread 0: total 3506 instances. 
INFO  @ Wed, 16 Nov 2022 13:32:58: Thread 0: Calculating ZNF212 (1) ...  
INFO  @ Wed, 16 Nov 2022 13:33:06: Thread 0: Calculating ATG4A (1001) ...  
INFO  @ Wed, 16 Nov 2022 13:33:14: Thread 0: Calculating PYGO1 (2001) ...  
INFO  @ Wed, 16 Nov 2022 13:33:21: Thread 0: Calculating SHOX2 (3001) ...  
INFO  @ Wed, 16 Nov 2022 13:33:25: Thread 0 completed. 
INFO  @ Wed, 16 Nov 2022 13:33:25: All threads completed. 
INFO  @ Wed, 16 Nov 2022 13:33:26: Assigning p values... 
INFO  @ Wed, 16 Nov 2022 13:33:27: Permuting groups of gene with 20 sgRNAs per gene. Group progress: 20/41 
INFO  @ Wed, 16 Nov 2022 13:33:27: Start permuting 2 rounds ... 
INFO  @ Wed, 16 Nov 2022 13:33:27: Collecting 25263 sgRNAs from 3506 genes. 
INFO  @ Wed, 16 Nov 2022 13:33:27: Permuting round 0 ... 
INFO  @ Wed, 16 Nov 2022 13:33:27: Thread 0 started. 
INFO  @ Wed, 16 Nov 2022 13:33:27: Thread 0: total 3506 instances. 
INFO  @ Wed, 16 Nov 2022 13:33:27: Thread 0: Calculating ZNF212 (1) ...  
INFO  @ Wed, 16 Nov 2022 13:33:35: Thread 0: Calculating ATG4A (1001) ...  
INFO  @ Wed, 16 Nov 2022 13:33:43: Thread 0: Calculating PYGO1 (2001) ...  
INFO  @ Wed, 16 Nov 2022 13:33:51: Thread 0: Calculating SHOX2 (3001) ...  
INFO  @ Wed, 16 Nov 2022 13:33:54: Thread 0 completed. 
INFO  @ Wed, 16 Nov 2022 13:33:54: All threads completed. 
INFO  @ Wed, 16 Nov 2022 13:33:56: Permuting round 1 ... 
INFO  @ Wed, 16 Nov 2022 13:33:56: Thread 0 started. 
INFO  @ Wed, 16 Nov 2022 13:33:56: Thread 0: total 3506 instances. 
INFO  @ Wed, 16 Nov 2022 13:33:56: Thread 0: Calculating ZNF212 (1) ...  
INFO  @ Wed, 16 Nov 2022 13:34:04: Thread 0: Calculating ATG4A (1001) ...  
INFO  @ Wed, 16 Nov 2022 13:34:12: Thread 0: Calculating PYGO1 (2001) ...  
INFO  @ Wed, 16 Nov 2022 13:34:20: Thread 0: Calculating SHOX2 (3001) ...  
INFO  @ Wed, 16 Nov 2022 13:34:23: Thread 0 completed. 
INFO  @ Wed, 16 Nov 2022 13:34:23: All threads completed. 
INFO  @ Wed, 16 Nov 2022 13:34:25: Assigning p values... 
INFO  @ Wed, 16 Nov 2022 13:34:25: Permuting groups of gene with 21 sgRNAs per gene. Group progress: 21/41 
INFO  @ Wed, 16 Nov 2022 13:34:25: Start permuting 2 rounds ... 
INFO  @ Wed, 16 Nov 2022 13:34:25: Collecting 25263 sgRNAs from 3506 genes. 
INFO  @ Wed, 16 Nov 2022 13:34:25: Permuting round 0 ... 
INFO  @ Wed, 16 Nov 2022 13:34:26: Thread 0 started. 
INFO  @ Wed, 16 Nov 2022 13:34:26: Thread 0: total 3506 instances. 
INFO  @ Wed, 16 Nov 2022 13:34:26: Thread 0: Calculating ZNF212 (1) ...  
INFO  @ Wed, 16 Nov 2022 13:34:34: Thread 0: Calculating ATG4A (1001) ...  
INFO  @ Wed, 16 Nov 2022 13:34:42: Thread 0: Calculating PYGO1 (2001) ...  
INFO  @ Wed, 16 Nov 2022 13:34:49: Thread 0: Calculating SHOX2 (3001) ...  
INFO  @ Wed, 16 Nov 2022 13:34:53: Thread 0 completed. 
INFO  @ Wed, 16 Nov 2022 13:34:53: All threads completed. 
INFO  @ Wed, 16 Nov 2022 13:34:55: Permuting round 1 ... 
INFO  @ Wed, 16 Nov 2022 13:34:55: Thread 0 started. 
INFO  @ Wed, 16 Nov 2022 13:34:55: Thread 0: total 3506 instances. 
INFO  @ Wed, 16 Nov 2022 13:34:55: Thread 0: Calculating ZNF212 (1) ...  
INFO  @ Wed, 16 Nov 2022 13:35:03: Thread 0: Calculating ATG4A (1001) ...  
INFO  @ Wed, 16 Nov 2022 13:35:11: Thread 0: Calculating PYGO1 (2001) ...  
INFO  @ Wed, 16 Nov 2022 13:35:19: Thread 0: Calculating SHOX2 (3001) ...  
INFO  @ Wed, 16 Nov 2022 13:35:23: Thread 0 completed. 
INFO  @ Wed, 16 Nov 2022 13:35:23: All threads completed. 
INFO  @ Wed, 16 Nov 2022 13:35:25: Assigning p values... 
INFO  @ Wed, 16 Nov 2022 13:35:25: Permuting groups of gene with 22 sgRNAs per gene. Group progress: 22/41 
INFO  @ Wed, 16 Nov 2022 13:35:25: Start permuting 2 rounds ... 
INFO  @ Wed, 16 Nov 2022 13:35:25: Collecting 25263 sgRNAs from 3506 genes. 
INFO  @ Wed, 16 Nov 2022 13:35:25: Permuting round 0 ... 
INFO  @ Wed, 16 Nov 2022 13:35:25: Thread 0 started. 
INFO  @ Wed, 16 Nov 2022 13:35:25: Thread 0: total 3506 instances. 
INFO  @ Wed, 16 Nov 2022 13:35:25: Thread 0: Calculating ZNF212 (1) ...  
INFO  @ Wed, 16 Nov 2022 13:35:34: Thread 0: Calculating ATG4A (1001) ...  
INFO  @ Wed, 16 Nov 2022 13:35:41: Thread 0: Calculating PYGO1 (2001) ...  
INFO  @ Wed, 16 Nov 2022 13:35:49: Thread 0: Calculating SHOX2 (3001) ...  
INFO  @ Wed, 16 Nov 2022 13:35:53: Thread 0 completed. 
INFO  @ Wed, 16 Nov 2022 13:35:53: All threads completed. 
INFO  @ Wed, 16 Nov 2022 13:35:54: Permuting round 1 ... 
INFO  @ Wed, 16 Nov 2022 13:35:55: Thread 0 started. 
INFO  @ Wed, 16 Nov 2022 13:35:55: Thread 0: total 3506 instances. 
INFO  @ Wed, 16 Nov 2022 13:35:55: Thread 0: Calculating ZNF212 (1) ...  
INFO  @ Wed, 16 Nov 2022 13:36:03: Thread 0: Calculating ATG4A (1001) ...  
INFO  @ Wed, 16 Nov 2022 13:36:11: Thread 0: Calculating PYGO1 (2001) ...  
INFO  @ Wed, 16 Nov 2022 13:36:19: Thread 0: Calculating SHOX2 (3001) ...  
INFO  @ Wed, 16 Nov 2022 13:36:23: Thread 0 completed. 
INFO  @ Wed, 16 Nov 2022 13:36:23: All threads completed. 
INFO  @ Wed, 16 Nov 2022 13:36:25: Assigning p values... 
INFO  @ Wed, 16 Nov 2022 13:36:25: Permuting groups of gene with 23 sgRNAs per gene. Group progress: 23/41 
INFO  @ Wed, 16 Nov 2022 13:36:25: Start permuting 2 rounds ... 
INFO  @ Wed, 16 Nov 2022 13:36:25: Collecting 25263 sgRNAs from 3506 genes. 
INFO  @ Wed, 16 Nov 2022 13:36:25: Permuting round 0 ... 
INFO  @ Wed, 16 Nov 2022 13:36:26: Thread 0 started. 
INFO  @ Wed, 16 Nov 2022 13:36:26: Thread 0: total 3506 instances. 
INFO  @ Wed, 16 Nov 2022 13:36:26: Thread 0: Calculating ZNF212 (1) ...  
INFO  @ Wed, 16 Nov 2022 13:36:34: Thread 0: Calculating ATG4A (1001) ...  
INFO  @ Wed, 16 Nov 2022 13:36:42: Thread 0: Calculating PYGO1 (2001) ...  
INFO  @ Wed, 16 Nov 2022 13:36:50: Thread 0: Calculating SHOX2 (3001) ...  
INFO  @ Wed, 16 Nov 2022 13:36:54: Thread 0 completed. 
INFO  @ Wed, 16 Nov 2022 13:36:54: All threads completed. 
INFO  @ Wed, 16 Nov 2022 13:36:55: Permuting round 1 ... 
INFO  @ Wed, 16 Nov 2022 13:36:55: Thread 0 started. 
INFO  @ Wed, 16 Nov 2022 13:36:55: Thread 0: total 3506 instances. 
INFO  @ Wed, 16 Nov 2022 13:36:55: Thread 0: Calculating ZNF212 (1) ...  
INFO  @ Wed, 16 Nov 2022 13:37:04: Thread 0: Calculating ATG4A (1001) ...  
INFO  @ Wed, 16 Nov 2022 13:37:12: Thread 0: Calculating PYGO1 (2001) ...  
INFO  @ Wed, 16 Nov 2022 13:37:20: Thread 0: Calculating SHOX2 (3001) ...  
INFO  @ Wed, 16 Nov 2022 13:37:24: Thread 0 completed. 
INFO  @ Wed, 16 Nov 2022 13:37:24: All threads completed. 
INFO  @ Wed, 16 Nov 2022 13:37:26: Assigning p values... 
INFO  @ Wed, 16 Nov 2022 13:37:26: Permuting groups of gene with 24 sgRNAs per gene. Group progress: 24/41 
INFO  @ Wed, 16 Nov 2022 13:37:26: Start permuting 2 rounds ... 
INFO  @ Wed, 16 Nov 2022 13:37:26: Collecting 25263 sgRNAs from 3506 genes. 
INFO  @ Wed, 16 Nov 2022 13:37:26: Permuting round 0 ... 
INFO  @ Wed, 16 Nov 2022 13:37:27: Thread 0 started. 
INFO  @ Wed, 16 Nov 2022 13:37:27: Thread 0: total 3506 instances. 
INFO  @ Wed, 16 Nov 2022 13:37:27: Thread 0: Calculating ZNF212 (1) ...  
INFO  @ Wed, 16 Nov 2022 13:37:35: Thread 0: Calculating ATG4A (1001) ...  
INFO  @ Wed, 16 Nov 2022 13:37:43: Thread 0: Calculating PYGO1 (2001) ...  
INFO  @ Wed, 16 Nov 2022 13:37:51: Thread 0: Calculating SHOX2 (3001) ...  
INFO  @ Wed, 16 Nov 2022 13:37:55: Thread 0 completed. 
INFO  @ Wed, 16 Nov 2022 13:37:55: All threads completed. 
INFO  @ Wed, 16 Nov 2022 13:37:57: Permuting round 1 ... 
INFO  @ Wed, 16 Nov 2022 13:37:57: Thread 0 started. 
INFO  @ Wed, 16 Nov 2022 13:37:57: Thread 0: total 3506 instances. 
INFO  @ Wed, 16 Nov 2022 13:37:57: Thread 0: Calculating ZNF212 (1) ...  
INFO  @ Wed, 16 Nov 2022 13:38:06: Thread 0: Calculating ATG4A (1001) ...  
INFO  @ Wed, 16 Nov 2022 13:38:14: Thread 0: Calculating PYGO1 (2001) ...  
INFO  @ Wed, 16 Nov 2022 13:38:23: Thread 0: Calculating SHOX2 (3001) ...  
INFO  @ Wed, 16 Nov 2022 13:38:27: Thread 0 completed. 
INFO  @ Wed, 16 Nov 2022 13:38:27: All threads completed. 
INFO  @ Wed, 16 Nov 2022 13:38:29: Assigning p values... 
INFO  @ Wed, 16 Nov 2022 13:38:29: Permuting groups of gene with 25 sgRNAs per gene. Group progress: 25/41 
INFO  @ Wed, 16 Nov 2022 13:38:29: Start permuting 2 rounds ... 
INFO  @ Wed, 16 Nov 2022 13:38:29: Collecting 25263 sgRNAs from 3506 genes. 
INFO  @ Wed, 16 Nov 2022 13:38:29: Permuting round 0 ... 
INFO  @ Wed, 16 Nov 2022 13:38:30: Thread 0 started. 
INFO  @ Wed, 16 Nov 2022 13:38:30: Thread 0: total 3506 instances. 
INFO  @ Wed, 16 Nov 2022 13:38:30: Thread 0: Calculating ZNF212 (1) ...  
INFO  @ Wed, 16 Nov 2022 13:38:38: Thread 0: Calculating ATG4A (1001) ...  
INFO  @ Wed, 16 Nov 2022 13:38:47: Thread 0: Calculating PYGO1 (2001) ...  
INFO  @ Wed, 16 Nov 2022 13:38:55: Thread 0: Calculating SHOX2 (3001) ...  
INFO  @ Wed, 16 Nov 2022 13:38:59: Thread 0 completed. 
INFO  @ Wed, 16 Nov 2022 13:38:59: All threads completed. 
INFO  @ Wed, 16 Nov 2022 13:39:01: Permuting round 1 ... 
INFO  @ Wed, 16 Nov 2022 13:39:01: Thread 0 started. 
INFO  @ Wed, 16 Nov 2022 13:39:01: Thread 0: total 3506 instances. 
INFO  @ Wed, 16 Nov 2022 13:39:01: Thread 0: Calculating ZNF212 (1) ...  
INFO  @ Wed, 16 Nov 2022 13:39:10: Thread 0: Calculating ATG4A (1001) ...  
INFO  @ Wed, 16 Nov 2022 13:39:19: Thread 0: Calculating PYGO1 (2001) ...  
INFO  @ Wed, 16 Nov 2022 13:39:28: Thread 0: Calculating SHOX2 (3001) ...  
INFO  @ Wed, 16 Nov 2022 13:39:33: Thread 0 completed. 
INFO  @ Wed, 16 Nov 2022 13:39:33: All threads completed. 
INFO  @ Wed, 16 Nov 2022 13:39:34: Assigning p values... 
INFO  @ Wed, 16 Nov 2022 13:39:34: Permuting groups of gene with 26 sgRNAs per gene. Group progress: 26/41 
INFO  @ Wed, 16 Nov 2022 13:39:34: Start permuting 2 rounds ... 
INFO  @ Wed, 16 Nov 2022 13:39:34: Collecting 25263 sgRNAs from 3506 genes. 
INFO  @ Wed, 16 Nov 2022 13:39:35: Permuting round 0 ... 
INFO  @ Wed, 16 Nov 2022 13:39:35: Thread 0 started. 
INFO  @ Wed, 16 Nov 2022 13:39:35: Thread 0: total 3506 instances. 
INFO  @ Wed, 16 Nov 2022 13:39:35: Thread 0: Calculating ZNF212 (1) ...  
INFO  @ Wed, 16 Nov 2022 13:39:44: Thread 0: Calculating ATG4A (1001) ...  
INFO  @ Wed, 16 Nov 2022 13:39:53: Thread 0: Calculating PYGO1 (2001) ...  
INFO  @ Wed, 16 Nov 2022 13:40:01: Thread 0: Calculating SHOX2 (3001) ...  
INFO  @ Wed, 16 Nov 2022 13:40:06: Thread 0 completed. 
INFO  @ Wed, 16 Nov 2022 13:40:06: All threads completed. 
INFO  @ Wed, 16 Nov 2022 13:40:07: Permuting round 1 ... 
INFO  @ Wed, 16 Nov 2022 13:40:08: Thread 0 started. 
INFO  @ Wed, 16 Nov 2022 13:40:08: Thread 0: total 3506 instances. 
INFO  @ Wed, 16 Nov 2022 13:40:08: Thread 0: Calculating ZNF212 (1) ...  
INFO  @ Wed, 16 Nov 2022 13:40:17: Thread 0: Calculating ATG4A (1001) ...  
INFO  @ Wed, 16 Nov 2022 13:40:26: Thread 0: Calculating PYGO1 (2001) ...  
INFO  @ Wed, 16 Nov 2022 13:40:35: Thread 0: Calculating SHOX2 (3001) ...  
INFO  @ Wed, 16 Nov 2022 13:40:40: Thread 0 completed. 
INFO  @ Wed, 16 Nov 2022 13:40:40: All threads completed. 
INFO  @ Wed, 16 Nov 2022 13:40:42: Assigning p values... 
INFO  @ Wed, 16 Nov 2022 13:40:42: Permuting groups of gene with 28 sgRNAs per gene. Group progress: 27/41 
INFO  @ Wed, 16 Nov 2022 13:40:42: Start permuting 2 rounds ... 
INFO  @ Wed, 16 Nov 2022 13:40:42: Collecting 25263 sgRNAs from 3506 genes. 
INFO  @ Wed, 16 Nov 2022 13:40:42: Permuting round 0 ... 
INFO  @ Wed, 16 Nov 2022 13:40:43: Thread 0 started. 
INFO  @ Wed, 16 Nov 2022 13:40:43: Thread 0: total 3506 instances. 
INFO  @ Wed, 16 Nov 2022 13:40:43: Thread 0: Calculating ZNF212 (1) ...  
INFO  @ Wed, 16 Nov 2022 13:40:54: Thread 0: Calculating ATG4A (1001) ...  
INFO  @ Wed, 16 Nov 2022 13:41:03: Thread 0: Calculating PYGO1 (2001) ...  
INFO  @ Wed, 16 Nov 2022 13:41:13: Thread 0: Calculating SHOX2 (3001) ...  
INFO  @ Wed, 16 Nov 2022 13:41:17: Thread 0 completed. 
INFO  @ Wed, 16 Nov 2022 13:41:17: All threads completed. 
INFO  @ Wed, 16 Nov 2022 13:41:19: Permuting round 1 ... 
INFO  @ Wed, 16 Nov 2022 13:41:19: Thread 0 started. 
INFO  @ Wed, 16 Nov 2022 13:41:19: Thread 0: total 3506 instances. 
INFO  @ Wed, 16 Nov 2022 13:41:19: Thread 0: Calculating ZNF212 (1) ...  
INFO  @ Wed, 16 Nov 2022 13:41:29: Thread 0: Calculating ATG4A (1001) ...  
INFO  @ Wed, 16 Nov 2022 13:41:40: Thread 0: Calculating PYGO1 (2001) ...  
INFO  @ Wed, 16 Nov 2022 13:41:52: Thread 0: Calculating SHOX2 (3001) ...  
INFO  @ Wed, 16 Nov 2022 13:41:58: Thread 0 completed. 
INFO  @ Wed, 16 Nov 2022 13:41:58: All threads completed. 
INFO  @ Wed, 16 Nov 2022 13:42:00: Assigning p values... 
INFO  @ Wed, 16 Nov 2022 13:42:00: Permuting groups of gene with 30 sgRNAs per gene. Group progress: 28/41 
INFO  @ Wed, 16 Nov 2022 13:42:00: Start permuting 2 rounds ... 
INFO  @ Wed, 16 Nov 2022 13:42:00: Collecting 25263 sgRNAs from 3506 genes. 
INFO  @ Wed, 16 Nov 2022 13:42:01: Permuting round 0 ... 
INFO  @ Wed, 16 Nov 2022 13:42:01: Thread 0 started. 
INFO  @ Wed, 16 Nov 2022 13:42:01: Thread 0: total 3506 instances. 
INFO  @ Wed, 16 Nov 2022 13:42:01: Thread 0: Calculating ZNF212 (1) ...  
INFO  @ Wed, 16 Nov 2022 13:42:11: Thread 0: Calculating ATG4A (1001) ...  
INFO  @ Wed, 16 Nov 2022 13:42:20: Thread 0: Calculating PYGO1 (2001) ...  
INFO  @ Wed, 16 Nov 2022 13:42:30: Thread 0: Calculating SHOX2 (3001) ...  
INFO  @ Wed, 16 Nov 2022 13:42:35: Thread 0 completed. 
INFO  @ Wed, 16 Nov 2022 13:42:35: All threads completed. 
INFO  @ Wed, 16 Nov 2022 13:42:36: Permuting round 1 ... 
INFO  @ Wed, 16 Nov 2022 13:42:37: Thread 0 started. 
INFO  @ Wed, 16 Nov 2022 13:42:37: Thread 0: total 3506 instances. 
INFO  @ Wed, 16 Nov 2022 13:42:37: Thread 0: Calculating ZNF212 (1) ...  
INFO  @ Wed, 16 Nov 2022 13:42:46: Thread 0: Calculating ATG4A (1001) ...  
INFO  @ Wed, 16 Nov 2022 13:42:58: Thread 0: Calculating PYGO1 (2001) ...  
INFO  @ Wed, 16 Nov 2022 13:43:14: Thread 0: Calculating SHOX2 (3001) ...  
INFO  @ Wed, 16 Nov 2022 13:43:22: Thread 0 completed. 
INFO  @ Wed, 16 Nov 2022 13:43:22: All threads completed. 
INFO  @ Wed, 16 Nov 2022 13:43:24: Assigning p values... 
INFO  @ Wed, 16 Nov 2022 13:43:24: Permuting groups of gene with 31 sgRNAs per gene. Group progress: 29/41 
INFO  @ Wed, 16 Nov 2022 13:43:24: Start permuting 2 rounds ... 
INFO  @ Wed, 16 Nov 2022 13:43:24: Collecting 25263 sgRNAs from 3506 genes. 
INFO  @ Wed, 16 Nov 2022 13:43:25: Permuting round 0 ... 
INFO  @ Wed, 16 Nov 2022 13:43:26: Thread 0 started. 
INFO  @ Wed, 16 Nov 2022 13:43:26: Thread 0: total 3506 instances. 
INFO  @ Wed, 16 Nov 2022 13:43:26: Thread 0: Calculating ZNF212 (1) ...  
INFO  @ Wed, 16 Nov 2022 13:44:02: Thread 0: Calculating ATG4A (1001) ...  
INFO  @ Wed, 16 Nov 2022 13:44:39: Thread 0: Calculating PYGO1 (2001) ...  
INFO  @ Wed, 16 Nov 2022 13:45:12: Thread 0: Calculating SHOX2 (3001) ...  
INFO  @ Wed, 16 Nov 2022 13:45:27: Thread 0 completed. 
INFO  @ Wed, 16 Nov 2022 13:45:27: All threads completed. 
INFO  @ Wed, 16 Nov 2022 13:45:32: Permuting round 1 ... 
INFO  @ Wed, 16 Nov 2022 13:45:33: Thread 0 started. 
INFO  @ Wed, 16 Nov 2022 13:45:33: Thread 0: total 3506 instances. 
INFO  @ Wed, 16 Nov 2022 13:45:34: Thread 0: Calculating ZNF212 (1) ...  
INFO  @ Wed, 16 Nov 2022 13:46:11: Thread 0: Calculating ATG4A (1001) ...  
INFO  @ Wed, 16 Nov 2022 13:46:50: Thread 0: Calculating PYGO1 (2001) ...  
INFO  @ Wed, 16 Nov 2022 13:47:33: Thread 0: Calculating SHOX2 (3001) ...  
INFO  @ Wed, 16 Nov 2022 13:48:01: Thread 0 completed. 
INFO  @ Wed, 16 Nov 2022 13:48:01: All threads completed. 
INFO  @ Wed, 16 Nov 2022 13:48:06: Assigning p values... 
INFO  @ Wed, 16 Nov 2022 13:48:06: Permuting groups of gene with 32 sgRNAs per gene. Group progress: 30/41 
INFO  @ Wed, 16 Nov 2022 13:48:06: Start permuting 2 rounds ... 
INFO  @ Wed, 16 Nov 2022 13:48:07: Collecting 25263 sgRNAs from 3506 genes. 
INFO  @ Wed, 16 Nov 2022 13:48:09: Permuting round 0 ... 
INFO  @ Wed, 16 Nov 2022 13:48:11: Thread 0: total 3506 instances. 
INFO  @ Wed, 16 Nov 2022 13:48:11: Thread 0 started. 
INFO  @ Wed, 16 Nov 2022 13:48:14: Thread 0: Calculating ZNF212 (1) ...  
INFO  @ Wed, 16 Nov 2022 13:49:09: Thread 0: Calculating ATG4A (1001) ...  
INFO  @ Wed, 16 Nov 2022 13:50:09: Thread 0: Calculating PYGO1 (2001) ...  
INFO  @ Wed, 16 Nov 2022 13:51:14: Thread 0: Calculating SHOX2 (3001) ...  
INFO  @ Wed, 16 Nov 2022 13:51:49: Thread 0 completed. 
INFO  @ Wed, 16 Nov 2022 13:51:49: All threads completed. 
INFO  @ Wed, 16 Nov 2022 13:51:58: Permuting round 1 ... 
INFO  @ Wed, 16 Nov 2022 13:52:00: Thread 0: total 3506 instances. 
INFO  @ Wed, 16 Nov 2022 13:52:00: Thread 0 started. 
INFO  @ Wed, 16 Nov 2022 13:52:02: Thread 0: Calculating ZNF212 (1) ...  
INFO  @ Wed, 16 Nov 2022 13:53:17: Thread 0: Calculating ATG4A (1001) ...  
INFO  @ Wed, 16 Nov 2022 13:54:30: Thread 0: Calculating PYGO1 (2001) ...  
INFO  @ Wed, 16 Nov 2022 13:55:46: Thread 0: Calculating SHOX2 (3001) ...  
INFO  @ Wed, 16 Nov 2022 13:56:35: Thread 0 completed. 
INFO  @ Wed, 16 Nov 2022 13:56:35: All threads completed. 
INFO  @ Wed, 16 Nov 2022 13:56:43: Assigning p values... 
INFO  @ Wed, 16 Nov 2022 13:56:43: Permuting groups of gene with 33 sgRNAs per gene. Group progress: 31/41 
INFO  @ Wed, 16 Nov 2022 13:56:43: Start permuting 2 rounds ... 
INFO  @ Wed, 16 Nov 2022 13:56:45: Collecting 25263 sgRNAs from 3506 genes. 
INFO  @ Wed, 16 Nov 2022 13:56:47: Permuting round 0 ... 
INFO  @ Wed, 16 Nov 2022 13:56:50: Thread 0 started. 
INFO  @ Wed, 16 Nov 2022 13:56:50: Thread 0: total 3506 instances. 
INFO  @ Wed, 16 Nov 2022 13:56:50: Thread 0: Calculating ZNF212 (1) ...  
INFO  @ Wed, 16 Nov 2022 13:59:19: Thread 0: Calculating ATG4A (1001) ...  
INFO  @ Wed, 16 Nov 2022 14:00:56: Thread 0: Calculating PYGO1 (2001) ...  
INFO  @ Wed, 16 Nov 2022 14:02:23: Thread 0: Calculating SHOX2 (3001) ...  
INFO  @ Wed, 16 Nov 2022 14:03:19: Thread 0 completed. 
INFO  @ Wed, 16 Nov 2022 14:03:19: All threads completed. 
INFO  @ Wed, 16 Nov 2022 14:03:27: Permuting round 1 ... 
INFO  @ Wed, 16 Nov 2022 14:03:31: Thread 0 started. 
INFO  @ Wed, 16 Nov 2022 14:03:31: Thread 0: total 3506 instances. 
INFO  @ Wed, 16 Nov 2022 14:03:31: Thread 0: Calculating ZNF212 (1) ...  
INFO  @ Wed, 16 Nov 2022 14:05:10: Thread 0: Calculating ATG4A (1001) ...  
INFO  @ Wed, 16 Nov 2022 14:06:38: Thread 0: Calculating PYGO1 (2001) ...  
INFO  @ Wed, 16 Nov 2022 14:08:08: Thread 0: Calculating SHOX2 (3001) ...  
INFO  @ Wed, 16 Nov 2022 14:09:04: Thread 0 completed. 
INFO  @ Wed, 16 Nov 2022 14:09:04: All threads completed. 
INFO  @ Wed, 16 Nov 2022 14:09:14: Assigning p values... 
INFO  @ Wed, 16 Nov 2022 14:09:14: Permuting groups of gene with 34 sgRNAs per gene. Group progress: 32/41 
INFO  @ Wed, 16 Nov 2022 14:09:14: Start permuting 2 rounds ... 
INFO  @ Wed, 16 Nov 2022 14:09:15: Collecting 25263 sgRNAs from 3506 genes. 
INFO  @ Wed, 16 Nov 2022 14:09:19: Permuting round 0 ... 
INFO  @ Wed, 16 Nov 2022 14:09:22: Thread 0: total 3506 instances. 
INFO  @ Wed, 16 Nov 2022 14:09:22: Thread 0 started. 
INFO  @ Wed, 16 Nov 2022 14:09:22: Thread 0: Calculating ZNF212 (1) ...  
INFO  @ Wed, 16 Nov 2022 14:11:05: Thread 0: Calculating ATG4A (1001) ...  
INFO  @ Wed, 16 Nov 2022 14:12:47: Thread 0: Calculating PYGO1 (2001) ...  
INFO  @ Wed, 16 Nov 2022 14:14:22: Thread 0: Calculating SHOX2 (3001) ...  
INFO  @ Wed, 16 Nov 2022 14:15:15: Thread 0 completed. 
INFO  @ Wed, 16 Nov 2022 14:15:15: All threads completed. 
INFO  @ Wed, 16 Nov 2022 14:15:23: Permuting round 1 ... 
INFO  @ Wed, 16 Nov 2022 14:15:26: Thread 0 started. 
INFO  @ Wed, 16 Nov 2022 14:15:26: Thread 0: total 3506 instances. 
INFO  @ Wed, 16 Nov 2022 14:15:26: Thread 0: Calculating ZNF212 (1) ...  
INFO  @ Wed, 16 Nov 2022 14:17:31: Thread 0: Calculating ATG4A (1001) ...  
INFO  @ Wed, 16 Nov 2022 14:19:26: Thread 0: Calculating PYGO1 (2001) ...  
INFO  @ Wed, 16 Nov 2022 14:21:18: Thread 0: Calculating SHOX2 (3001) ...  
INFO  @ Wed, 16 Nov 2022 14:22:21: Thread 0 completed. 
INFO  @ Wed, 16 Nov 2022 14:22:21: All threads completed. 
INFO  @ Wed, 16 Nov 2022 14:22:30: Assigning p values... 
INFO  @ Wed, 16 Nov 2022 14:22:31: Permuting groups of gene with 38 sgRNAs per gene. Group progress: 33/41 
INFO  @ Wed, 16 Nov 2022 14:22:31: Start permuting 2 rounds ... 
INFO  @ Wed, 16 Nov 2022 14:22:32: Collecting 25263 sgRNAs from 3506 genes. 
INFO  @ Wed, 16 Nov 2022 14:22:36: Permuting round 0 ... 
INFO  @ Wed, 16 Nov 2022 14:22:40: Thread 0 started. 
INFO  @ Wed, 16 Nov 2022 14:22:40: Thread 0: total 3506 instances. 
INFO  @ Wed, 16 Nov 2022 14:22:40: Thread 0: Calculating ZNF212 (1) ...  
INFO  @ Wed, 16 Nov 2022 14:24:40: Thread 0: Calculating ATG4A (1001) ...  
INFO  @ Wed, 16 Nov 2022 14:26:36: Thread 0: Calculating PYGO1 (2001) ...  
INFO  @ Wed, 16 Nov 2022 14:28:37: Thread 0: Calculating SHOX2 (3001) ...  
INFO  @ Wed, 16 Nov 2022 14:29:44: Thread 0 completed. 
INFO  @ Wed, 16 Nov 2022 14:29:44: All threads completed. 
INFO  @ Wed, 16 Nov 2022 14:29:52: Permuting round 1 ... 
INFO  @ Wed, 16 Nov 2022 14:29:57: Thread 0 started. 
INFO  @ Wed, 16 Nov 2022 14:29:58: Thread 0: total 3506 instances. 
INFO  @ Wed, 16 Nov 2022 14:29:58: Thread 0: Calculating ZNF212 (1) ...  
INFO  @ Wed, 16 Nov 2022 14:32:03: Thread 0: Calculating ATG4A (1001) ...  
INFO  @ Wed, 16 Nov 2022 14:34:20: Thread 0: Calculating PYGO1 (2001) ...  
INFO  @ Wed, 16 Nov 2022 14:36:28: Thread 0: Calculating SHOX2 (3001) ...  
INFO  @ Wed, 16 Nov 2022 14:37:32: Thread 0 completed. 
INFO  @ Wed, 16 Nov 2022 14:37:32: All threads completed. 
INFO  @ Wed, 16 Nov 2022 14:37:41: Assigning p values... 
INFO  @ Wed, 16 Nov 2022 14:37:41: Permuting groups of gene with 39 sgRNAs per gene. Group progress: 34/41 
INFO  @ Wed, 16 Nov 2022 14:37:41: Start permuting 2 rounds ... 
INFO  @ Wed, 16 Nov 2022 14:37:43: Collecting 25263 sgRNAs from 3506 genes. 
INFO  @ Wed, 16 Nov 2022 14:37:47: Permuting round 0 ... 
INFO  @ Wed, 16 Nov 2022 14:37:51: Thread 0 started. 
INFO  @ Wed, 16 Nov 2022 14:37:51: Thread 0: total 3506 instances. 
INFO  @ Wed, 16 Nov 2022 14:37:52: Thread 0: Calculating ZNF212 (1) ...  
INFO  @ Wed, 16 Nov 2022 14:39:51: Thread 0: Calculating ATG4A (1001) ...  
INFO  @ Wed, 16 Nov 2022 14:41:56: Thread 0: Calculating PYGO1 (2001) ...  
INFO  @ Wed, 16 Nov 2022 14:44:12: Thread 0: Calculating SHOX2 (3001) ...  
INFO  @ Wed, 16 Nov 2022 14:45:26: Thread 0 completed. 
INFO  @ Wed, 16 Nov 2022 14:45:26: All threads completed. 
INFO  @ Wed, 16 Nov 2022 14:45:34: Permuting round 1 ... 
INFO  @ Wed, 16 Nov 2022 14:45:37: Thread 0 started. 
INFO  @ Wed, 16 Nov 2022 14:45:37: Thread 0: total 3506 instances. 
INFO  @ Wed, 16 Nov 2022 14:45:38: Thread 0: Calculating ZNF212 (1) ...  
INFO  @ Wed, 16 Nov 2022 14:48:08: Thread 0: Calculating ATG4A (1001) ...  
INFO  @ Wed, 16 Nov 2022 14:50:04: Thread 0: Calculating PYGO1 (2001) ...  
INFO  @ Wed, 16 Nov 2022 14:51:47: Thread 0: Calculating SHOX2 (3001) ...  
INFO  @ Wed, 16 Nov 2022 14:52:37: Thread 0 completed. 
INFO  @ Wed, 16 Nov 2022 14:52:37: All threads completed. 
INFO  @ Wed, 16 Nov 2022 14:52:44: Assigning p values... 
INFO  @ Wed, 16 Nov 2022 14:52:44: Groups of gene with 41 sgRNAs per gene: assigning p values based on previous group results. Group progress: 35/41 
INFO  @ Wed, 16 Nov 2022 14:52:44: Groups of gene with 42 sgRNAs per gene: assigning p values based on previous group results. Group progress: 36/41 
INFO  @ Wed, 16 Nov 2022 14:52:44: Groups of gene with 43 sgRNAs per gene: assigning p values based on previous group results. Group progress: 37/41 
INFO  @ Wed, 16 Nov 2022 14:52:44: Groups of gene with 47 sgRNAs per gene: assigning p values based on previous group results. Group progress: 38/41 
INFO  @ Wed, 16 Nov 2022 14:52:44: Groups of gene with 48 sgRNAs per gene: assigning p values based on previous group results. Group progress: 39/41 
INFO  @ Wed, 16 Nov 2022 14:52:44: Groups of gene with 49 sgRNAs per gene: assigning p values based on previous group results. Group progress: 40/41 
INFO  @ Wed, 16 Nov 2022 14:52:44: Groups of gene with 57 sgRNAs per gene: assigning p values based on previous group results. Group progress: 41/41 
INFO  @ Wed, 16 Nov 2022 14:52:45: Writing gene results to mle_HCT116-Cont1.gene_summary.txt 
INFO  @ Wed, 16 Nov 2022 14:52:45: Writing sgRNA results to mle_HCT116-Cont1.sgrna_summary.txt 
