INFO  @ Mon, 30 Jan 2023 13:26:04: Parameters: /gpfs/ycga/scratch60/sheltzer/rah88/nextflow/conda/env-486b0957dbc9b186e3e7f72a002efb06/bin/mageck mle -k count-HCT116-Cont2-i.f.csv -d matrixHCT116-Cont2.txt -n mle_HCT116-Cont2 
INFO  @ Mon, 30 Jan 2023 13:26:10: Cannot parse design matrix as a string; try to parse it as a file name ... 
INFO  @ Mon, 30 Jan 2023 13:26:10: Design matrix: 
INFO  @ Mon, 30 Jan 2023 13:26:10: [[1. 0.] 
INFO  @ Mon, 30 Jan 2023 13:26:10:  [1. 1.]] 
INFO  @ Mon, 30 Jan 2023 13:26:10: Beta labels:baseline,Cont2 
INFO  @ Mon, 30 Jan 2023 13:26:10: Included samples:HCT116-Cont2.initial,HCT116-Cont2.final 
INFO  @ Mon, 30 Jan 2023 13:26:10: Treating count-HCT116-Cont2-i.f.csv as csv file ... 
INFO  @ Mon, 30 Jan 2023 13:26:10: Loaded samples:HCT116-Cont2.initial;HCT116-Cont2.final 
INFO  @ Mon, 30 Jan 2023 13:26:10: Sample index: 0;1 
INFO  @ Mon, 30 Jan 2023 13:26:10: Loaded 3514 genes. 
DEBUG @ Mon, 30 Jan 2023 13:26:11: Initial (total) size factor: 0.9649741493272074 1.0376642988900278 
DEBUG @ Mon, 30 Jan 2023 13:26:11: Median factor: 0.874567911204786 1.1482836333144164 
INFO  @ Mon, 30 Jan 2023 13:26:11: Final size factor: 0.874567911204786 1.1482836333144164 
INFO  @ Mon, 30 Jan 2023 13:26:11: size factor: 1.143421782560512,0.8708649770732958 
INFO  @ Mon, 30 Jan 2023 13:26:11: Thread 0 started. 
INFO  @ Mon, 30 Jan 2023 13:26:11: Thread 0: total 1 instances. 
INFO  @ Mon, 30 Jan 2023 13:26:11: Thread 0 completed. 
INFO  @ Mon, 30 Jan 2023 13:26:11: All threads completed. 
INFO  @ Mon, 30 Jan 2023 13:26:11: Modeling the mean and variance ... 
INFO  @ Mon, 30 Jan 2023 13:26:11: Run the algorithm for the second time ... 
INFO  @ Mon, 30 Jan 2023 13:26:11: Skipping gene KMT2C from MLE calculation since there are too many sgRNAs. To change, revise the --max-sgrnapergene-permutation option. 
INFO  @ Mon, 30 Jan 2023 13:26:11: Skipping gene KDM2A from MLE calculation since there are too many sgRNAs. To change, revise the --max-sgrnapergene-permutation option. 
INFO  @ Mon, 30 Jan 2023 13:26:11: Skipping gene KMT2D from MLE calculation since there are too many sgRNAs. To change, revise the --max-sgrnapergene-permutation option. 
INFO  @ Mon, 30 Jan 2023 13:26:11: Skipping gene TDRD6 from MLE calculation since there are too many sgRNAs. To change, revise the --max-sgrnapergene-permutation option. 
INFO  @ Mon, 30 Jan 2023 13:26:11: Skipping gene PBRM1 from MLE calculation since there are too many sgRNAs. To change, revise the --max-sgrnapergene-permutation option. 
INFO  @ Mon, 30 Jan 2023 13:26:11: Skipping gene RNF17 from MLE calculation since there are too many sgRNAs. To change, revise the --max-sgrnapergene-permutation option. 
INFO  @ Mon, 30 Jan 2023 13:26:11: Skipping gene KMT2B from MLE calculation since there are too many sgRNAs. To change, revise the --max-sgrnapergene-permutation option. 
INFO  @ Mon, 30 Jan 2023 13:26:11: Skipping gene KMT2A from MLE calculation since there are too many sgRNAs. To change, revise the --max-sgrnapergene-permutation option. 
INFO  @ Mon, 30 Jan 2023 13:26:11: Skipping gene KDM2B from MLE calculation since there are too many sgRNAs. To change, revise the --max-sgrnapergene-permutation option. 
INFO  @ Mon, 30 Jan 2023 13:26:11: Skipping gene NSD1 from MLE calculation since there are too many sgRNAs. To change, revise the --max-sgrnapergene-permutation option. 
INFO  @ Mon, 30 Jan 2023 13:26:11: Skipping gene NKX2 from MLE calculation since there are too many sgRNAs. To change, revise the --max-sgrnapergene-permutation option. 
INFO  @ Mon, 30 Jan 2023 13:26:11: Thread 0 started. 
INFO  @ Mon, 30 Jan 2023 13:26:11: Thread 0: total 3503 instances. 
INFO  @ Mon, 30 Jan 2023 13:26:11: Thread 0: Calculating UBC (1) ...  
INFO  @ Mon, 30 Jan 2023 13:26:15: Thread 0: Calculating CTSH (1001) ...  
INFO  @ Mon, 30 Jan 2023 13:26:19: Thread 0: Calculating KLHL10 (2001) ...  
INFO  @ Mon, 30 Jan 2023 13:26:23: Thread 0: Calculating JAK2 (3001) ...  
INFO  @ Mon, 30 Jan 2023 13:26:26: Thread 0 completed. 
INFO  @ Mon, 30 Jan 2023 13:26:26: All threads completed. 
INFO  @ Mon, 30 Jan 2023 13:26:26: Permuting groups of gene with 1 sgRNAs per gene. Group progress: 1/41 
INFO  @ Mon, 30 Jan 2023 13:26:26: Start permuting 2 rounds ... 
INFO  @ Mon, 30 Jan 2023 13:26:26: Collecting 25891 sgRNAs from 3514 genes. 
INFO  @ Mon, 30 Jan 2023 13:26:27: Permuting round 0 ... 
INFO  @ Mon, 30 Jan 2023 13:26:27: Thread 0 started. 
INFO  @ Mon, 30 Jan 2023 13:26:27: Thread 0: total 3514 instances. 
INFO  @ Mon, 30 Jan 2023 13:26:27: Thread 0: Calculating UBC (1) ...  
INFO  @ Mon, 30 Jan 2023 13:26:29: Thread 0: Calculating ZNF639 (1001) ...  
INFO  @ Mon, 30 Jan 2023 13:26:32: Thread 0: Calculating BARD1 (2001) ...  
INFO  @ Mon, 30 Jan 2023 13:26:34: Thread 0: Calculating CFB (3001) ...  
INFO  @ Mon, 30 Jan 2023 13:26:35: Thread 0 completed. 
INFO  @ Mon, 30 Jan 2023 13:26:35: All threads completed. 
INFO  @ Mon, 30 Jan 2023 13:26:36: Permuting round 1 ... 
INFO  @ Mon, 30 Jan 2023 13:26:36: Thread 0 started. 
INFO  @ Mon, 30 Jan 2023 13:26:36: Thread 0: total 3514 instances. 
INFO  @ Mon, 30 Jan 2023 13:26:36: Thread 0: Calculating UBC (1) ...  
INFO  @ Mon, 30 Jan 2023 13:26:38: Thread 0: Calculating ZNF639 (1001) ...  
INFO  @ Mon, 30 Jan 2023 13:26:41: Thread 0: Calculating BARD1 (2001) ...  
INFO  @ Mon, 30 Jan 2023 13:26:43: Thread 0: Calculating CFB (3001) ...  
INFO  @ Mon, 30 Jan 2023 13:26:44: Thread 0 completed. 
INFO  @ Mon, 30 Jan 2023 13:26:44: All threads completed. 
INFO  @ Mon, 30 Jan 2023 13:26:45: Assigning p values... 
INFO  @ Mon, 30 Jan 2023 13:26:45: Permuting groups of gene with 2 sgRNAs per gene. Group progress: 2/41 
INFO  @ Mon, 30 Jan 2023 13:26:45: Start permuting 2 rounds ... 
INFO  @ Mon, 30 Jan 2023 13:26:45: Collecting 25891 sgRNAs from 3514 genes. 
INFO  @ Mon, 30 Jan 2023 13:26:45: Permuting round 0 ... 
INFO  @ Mon, 30 Jan 2023 13:26:45: Thread 0 started. 
INFO  @ Mon, 30 Jan 2023 13:26:45: Thread 0: total 3514 instances. 
INFO  @ Mon, 30 Jan 2023 13:26:45: Thread 0: Calculating UBC (1) ...  
INFO  @ Mon, 30 Jan 2023 13:26:49: Thread 0: Calculating ZNF639 (1001) ...  
INFO  @ Mon, 30 Jan 2023 13:26:53: Thread 0: Calculating BARD1 (2001) ...  
INFO  @ Mon, 30 Jan 2023 13:26:56: Thread 0: Calculating CFB (3001) ...  
INFO  @ Mon, 30 Jan 2023 13:26:58: Thread 0 completed. 
INFO  @ Mon, 30 Jan 2023 13:26:58: All threads completed. 
INFO  @ Mon, 30 Jan 2023 13:26:59: Permuting round 1 ... 
INFO  @ Mon, 30 Jan 2023 13:26:59: Thread 0 started. 
INFO  @ Mon, 30 Jan 2023 13:26:59: Thread 0: total 3514 instances. 
INFO  @ Mon, 30 Jan 2023 13:26:59: Thread 0: Calculating UBC (1) ...  
INFO  @ Mon, 30 Jan 2023 13:27:03: Thread 0: Calculating ZNF639 (1001) ...  
INFO  @ Mon, 30 Jan 2023 13:27:06: Thread 0: Calculating BARD1 (2001) ...  
INFO  @ Mon, 30 Jan 2023 13:27:10: Thread 0: Calculating CFB (3001) ...  
INFO  @ Mon, 30 Jan 2023 13:27:12: Thread 0 completed. 
INFO  @ Mon, 30 Jan 2023 13:27:12: All threads completed. 
INFO  @ Mon, 30 Jan 2023 13:27:12: Assigning p values... 
INFO  @ Mon, 30 Jan 2023 13:27:12: Permuting groups of gene with 3 sgRNAs per gene. Group progress: 3/41 
INFO  @ Mon, 30 Jan 2023 13:27:12: Start permuting 2 rounds ... 
INFO  @ Mon, 30 Jan 2023 13:27:13: Collecting 25891 sgRNAs from 3514 genes. 
INFO  @ Mon, 30 Jan 2023 13:27:13: Permuting round 0 ... 
INFO  @ Mon, 30 Jan 2023 13:27:13: Thread 0 started. 
INFO  @ Mon, 30 Jan 2023 13:27:13: Thread 0: total 3514 instances. 
INFO  @ Mon, 30 Jan 2023 13:27:13: Thread 0: Calculating UBC (1) ...  
INFO  @ Mon, 30 Jan 2023 13:27:17: Thread 0: Calculating ZNF639 (1001) ...  
INFO  @ Mon, 30 Jan 2023 13:27:21: Thread 0: Calculating BARD1 (2001) ...  
INFO  @ Mon, 30 Jan 2023 13:27:25: Thread 0: Calculating CFB (3001) ...  
INFO  @ Mon, 30 Jan 2023 13:27:27: Thread 0 completed. 
INFO  @ Mon, 30 Jan 2023 13:27:27: All threads completed. 
INFO  @ Mon, 30 Jan 2023 13:27:28: Permuting round 1 ... 
INFO  @ Mon, 30 Jan 2023 13:27:28: Thread 0 started. 
INFO  @ Mon, 30 Jan 2023 13:27:28: Thread 0: total 3514 instances. 
INFO  @ Mon, 30 Jan 2023 13:27:28: Thread 0: Calculating UBC (1) ...  
INFO  @ Mon, 30 Jan 2023 13:27:32: Thread 0: Calculating ZNF639 (1001) ...  
INFO  @ Mon, 30 Jan 2023 13:27:36: Thread 0: Calculating BARD1 (2001) ...  
INFO  @ Mon, 30 Jan 2023 13:27:40: Thread 0: Calculating CFB (3001) ...  
INFO  @ Mon, 30 Jan 2023 13:27:42: Thread 0 completed. 
INFO  @ Mon, 30 Jan 2023 13:27:42: All threads completed. 
INFO  @ Mon, 30 Jan 2023 13:27:43: Assigning p values... 
INFO  @ Mon, 30 Jan 2023 13:27:43: Permuting groups of gene with 4 sgRNAs per gene. Group progress: 4/41 
INFO  @ Mon, 30 Jan 2023 13:27:43: Start permuting 2 rounds ... 
INFO  @ Mon, 30 Jan 2023 13:27:43: Collecting 25891 sgRNAs from 3514 genes. 
INFO  @ Mon, 30 Jan 2023 13:27:44: Permuting round 0 ... 
INFO  @ Mon, 30 Jan 2023 13:27:44: Thread 0 started. 
INFO  @ Mon, 30 Jan 2023 13:27:44: Thread 0: total 3514 instances. 
INFO  @ Mon, 30 Jan 2023 13:27:44: Thread 0: Calculating UBC (1) ...  
INFO  @ Mon, 30 Jan 2023 13:27:48: Thread 0: Calculating ZNF639 (1001) ...  
INFO  @ Mon, 30 Jan 2023 13:27:52: Thread 0: Calculating BARD1 (2001) ...  
INFO  @ Mon, 30 Jan 2023 13:27:57: Thread 0: Calculating CFB (3001) ...  
INFO  @ Mon, 30 Jan 2023 13:27:59: Thread 0 completed. 
INFO  @ Mon, 30 Jan 2023 13:27:59: All threads completed. 
INFO  @ Mon, 30 Jan 2023 13:28:00: Permuting round 1 ... 
INFO  @ Mon, 30 Jan 2023 13:28:00: Thread 0 started. 
INFO  @ Mon, 30 Jan 2023 13:28:00: Thread 0: total 3514 instances. 
INFO  @ Mon, 30 Jan 2023 13:28:00: Thread 0: Calculating UBC (1) ...  
INFO  @ Mon, 30 Jan 2023 13:28:04: Thread 0: Calculating ZNF639 (1001) ...  
INFO  @ Mon, 30 Jan 2023 13:28:09: Thread 0: Calculating BARD1 (2001) ...  
INFO  @ Mon, 30 Jan 2023 13:28:13: Thread 0: Calculating CFB (3001) ...  
INFO  @ Mon, 30 Jan 2023 13:28:15: Thread 0 completed. 
INFO  @ Mon, 30 Jan 2023 13:28:15: All threads completed. 
INFO  @ Mon, 30 Jan 2023 13:28:16: Assigning p values... 
INFO  @ Mon, 30 Jan 2023 13:28:16: Permuting groups of gene with 5 sgRNAs per gene. Group progress: 5/41 
INFO  @ Mon, 30 Jan 2023 13:28:16: Start permuting 2 rounds ... 
INFO  @ Mon, 30 Jan 2023 13:28:16: Collecting 25891 sgRNAs from 3514 genes. 
INFO  @ Mon, 30 Jan 2023 13:28:16: Permuting round 0 ... 
INFO  @ Mon, 30 Jan 2023 13:28:16: Thread 0 started. 
INFO  @ Mon, 30 Jan 2023 13:28:16: Thread 0: total 3514 instances. 
INFO  @ Mon, 30 Jan 2023 13:28:17: Thread 0: Calculating UBC (1) ...  
INFO  @ Mon, 30 Jan 2023 13:28:21: Thread 0: Calculating ZNF639 (1001) ...  
INFO  @ Mon, 30 Jan 2023 13:28:26: Thread 0: Calculating BARD1 (2001) ...  
INFO  @ Mon, 30 Jan 2023 13:28:30: Thread 0: Calculating CFB (3001) ...  
INFO  @ Mon, 30 Jan 2023 13:28:32: Thread 0 completed. 
INFO  @ Mon, 30 Jan 2023 13:28:32: All threads completed. 
INFO  @ Mon, 30 Jan 2023 13:28:33: Permuting round 1 ... 
INFO  @ Mon, 30 Jan 2023 13:28:33: Thread 0 started. 
INFO  @ Mon, 30 Jan 2023 13:28:33: Thread 0: total 3514 instances. 
INFO  @ Mon, 30 Jan 2023 13:28:33: Thread 0: Calculating UBC (1) ...  
INFO  @ Mon, 30 Jan 2023 13:28:38: Thread 0: Calculating ZNF639 (1001) ...  
INFO  @ Mon, 30 Jan 2023 13:28:42: Thread 0: Calculating BARD1 (2001) ...  
INFO  @ Mon, 30 Jan 2023 13:28:47: Thread 0: Calculating CFB (3001) ...  
INFO  @ Mon, 30 Jan 2023 13:28:49: Thread 0 completed. 
INFO  @ Mon, 30 Jan 2023 13:28:49: All threads completed. 
INFO  @ Mon, 30 Jan 2023 13:28:50: Assigning p values... 
INFO  @ Mon, 30 Jan 2023 13:28:50: Permuting groups of gene with 6 sgRNAs per gene. Group progress: 6/41 
INFO  @ Mon, 30 Jan 2023 13:28:50: Start permuting 2 rounds ... 
INFO  @ Mon, 30 Jan 2023 13:28:50: Collecting 25891 sgRNAs from 3514 genes. 
INFO  @ Mon, 30 Jan 2023 13:28:51: Permuting round 0 ... 
INFO  @ Mon, 30 Jan 2023 13:28:51: Thread 0 started. 
INFO  @ Mon, 30 Jan 2023 13:28:51: Thread 0: total 3514 instances. 
INFO  @ Mon, 30 Jan 2023 13:28:51: Thread 0: Calculating UBC (1) ...  
INFO  @ Mon, 30 Jan 2023 13:28:55: Thread 0: Calculating ZNF639 (1001) ...  
INFO  @ Mon, 30 Jan 2023 13:29:00: Thread 0: Calculating BARD1 (2001) ...  
INFO  @ Mon, 30 Jan 2023 13:29:04: Thread 0: Calculating CFB (3001) ...  
INFO  @ Mon, 30 Jan 2023 13:29:07: Thread 0 completed. 
INFO  @ Mon, 30 Jan 2023 13:29:07: All threads completed. 
INFO  @ Mon, 30 Jan 2023 13:29:08: Permuting round 1 ... 
INFO  @ Mon, 30 Jan 2023 13:29:08: Thread 0 started. 
INFO  @ Mon, 30 Jan 2023 13:29:08: Thread 0: total 3514 instances. 
INFO  @ Mon, 30 Jan 2023 13:29:08: Thread 0: Calculating UBC (1) ...  
INFO  @ Mon, 30 Jan 2023 13:29:12: Thread 0: Calculating ZNF639 (1001) ...  
INFO  @ Mon, 30 Jan 2023 13:29:17: Thread 0: Calculating BARD1 (2001) ...  
INFO  @ Mon, 30 Jan 2023 13:29:22: Thread 0: Calculating CFB (3001) ...  
INFO  @ Mon, 30 Jan 2023 13:29:24: Thread 0 completed. 
INFO  @ Mon, 30 Jan 2023 13:29:24: All threads completed. 
INFO  @ Mon, 30 Jan 2023 13:29:25: Assigning p values... 
INFO  @ Mon, 30 Jan 2023 13:29:25: Permuting groups of gene with 7 sgRNAs per gene. Group progress: 7/41 
INFO  @ Mon, 30 Jan 2023 13:29:25: Start permuting 2 rounds ... 
INFO  @ Mon, 30 Jan 2023 13:29:25: Collecting 25891 sgRNAs from 3514 genes. 
INFO  @ Mon, 30 Jan 2023 13:29:25: Permuting round 0 ... 
INFO  @ Mon, 30 Jan 2023 13:29:25: Thread 0 started. 
INFO  @ Mon, 30 Jan 2023 13:29:25: Thread 0: total 3514 instances. 
INFO  @ Mon, 30 Jan 2023 13:29:26: Thread 0: Calculating UBC (1) ...  
INFO  @ Mon, 30 Jan 2023 13:29:30: Thread 0: Calculating ZNF639 (1001) ...  
INFO  @ Mon, 30 Jan 2023 13:29:35: Thread 0: Calculating BARD1 (2001) ...  
INFO  @ Mon, 30 Jan 2023 13:29:40: Thread 0: Calculating CFB (3001) ...  
INFO  @ Mon, 30 Jan 2023 13:29:42: Thread 0 completed. 
INFO  @ Mon, 30 Jan 2023 13:29:42: All threads completed. 
INFO  @ Mon, 30 Jan 2023 13:29:43: Permuting round 1 ... 
INFO  @ Mon, 30 Jan 2023 13:29:43: Thread 0 started. 
INFO  @ Mon, 30 Jan 2023 13:29:43: Thread 0: total 3514 instances. 
INFO  @ Mon, 30 Jan 2023 13:29:43: Thread 0: Calculating UBC (1) ...  
INFO  @ Mon, 30 Jan 2023 13:29:48: Thread 0: Calculating ZNF639 (1001) ...  
INFO  @ Mon, 30 Jan 2023 13:29:53: Thread 0: Calculating BARD1 (2001) ...  
INFO  @ Mon, 30 Jan 2023 13:29:57: Thread 0: Calculating CFB (3001) ...  
INFO  @ Mon, 30 Jan 2023 13:30:00: Thread 0 completed. 
INFO  @ Mon, 30 Jan 2023 13:30:00: All threads completed. 
INFO  @ Mon, 30 Jan 2023 13:30:00: Assigning p values... 
INFO  @ Mon, 30 Jan 2023 13:30:01: Permuting groups of gene with 8 sgRNAs per gene. Group progress: 8/41 
INFO  @ Mon, 30 Jan 2023 13:30:01: Start permuting 2 rounds ... 
INFO  @ Mon, 30 Jan 2023 13:30:01: Collecting 25891 sgRNAs from 3514 genes. 
INFO  @ Mon, 30 Jan 2023 13:30:01: Permuting round 0 ... 
INFO  @ Mon, 30 Jan 2023 13:30:01: Thread 0 started. 
INFO  @ Mon, 30 Jan 2023 13:30:01: Thread 0: total 3514 instances. 
INFO  @ Mon, 30 Jan 2023 13:30:01: Thread 0: Calculating UBC (1) ...  
INFO  @ Mon, 30 Jan 2023 13:30:06: Thread 0: Calculating ZNF639 (1001) ...  
INFO  @ Mon, 30 Jan 2023 13:30:11: Thread 0: Calculating BARD1 (2001) ...  
INFO  @ Mon, 30 Jan 2023 13:30:15: Thread 0: Calculating CFB (3001) ...  
INFO  @ Mon, 30 Jan 2023 13:30:18: Thread 0 completed. 
INFO  @ Mon, 30 Jan 2023 13:30:18: All threads completed. 
INFO  @ Mon, 30 Jan 2023 13:30:19: Permuting round 1 ... 
INFO  @ Mon, 30 Jan 2023 13:30:19: Thread 0 started. 
INFO  @ Mon, 30 Jan 2023 13:30:19: Thread 0: total 3514 instances. 
INFO  @ Mon, 30 Jan 2023 13:30:19: Thread 0: Calculating UBC (1) ...  
INFO  @ Mon, 30 Jan 2023 13:30:24: Thread 0: Calculating ZNF639 (1001) ...  
INFO  @ Mon, 30 Jan 2023 13:30:28: Thread 0: Calculating BARD1 (2001) ...  
INFO  @ Mon, 30 Jan 2023 13:30:33: Thread 0: Calculating CFB (3001) ...  
INFO  @ Mon, 30 Jan 2023 13:30:36: Thread 0 completed. 
INFO  @ Mon, 30 Jan 2023 13:30:36: All threads completed. 
INFO  @ Mon, 30 Jan 2023 13:30:37: Assigning p values... 
INFO  @ Mon, 30 Jan 2023 13:30:37: Permuting groups of gene with 9 sgRNAs per gene. Group progress: 9/41 
INFO  @ Mon, 30 Jan 2023 13:30:37: Start permuting 2 rounds ... 
INFO  @ Mon, 30 Jan 2023 13:30:37: Collecting 25891 sgRNAs from 3514 genes. 
INFO  @ Mon, 30 Jan 2023 13:30:38: Permuting round 0 ... 
INFO  @ Mon, 30 Jan 2023 13:30:38: Thread 0 started. 
INFO  @ Mon, 30 Jan 2023 13:30:38: Thread 0: total 3514 instances. 
INFO  @ Mon, 30 Jan 2023 13:30:38: Thread 0: Calculating UBC (1) ...  
INFO  @ Mon, 30 Jan 2023 13:30:43: Thread 0: Calculating ZNF639 (1001) ...  
INFO  @ Mon, 30 Jan 2023 13:30:48: Thread 0: Calculating BARD1 (2001) ...  
INFO  @ Mon, 30 Jan 2023 13:30:53: Thread 0: Calculating CFB (3001) ...  
INFO  @ Mon, 30 Jan 2023 13:30:56: Thread 0 completed. 
INFO  @ Mon, 30 Jan 2023 13:30:56: All threads completed. 
INFO  @ Mon, 30 Jan 2023 13:30:57: Permuting round 1 ... 
INFO  @ Mon, 30 Jan 2023 13:30:57: Thread 0 started. 
INFO  @ Mon, 30 Jan 2023 13:30:57: Thread 0: total 3514 instances. 
INFO  @ Mon, 30 Jan 2023 13:30:57: Thread 0: Calculating UBC (1) ...  
INFO  @ Mon, 30 Jan 2023 13:31:02: Thread 0: Calculating ZNF639 (1001) ...  
INFO  @ Mon, 30 Jan 2023 13:31:07: Thread 0: Calculating BARD1 (2001) ...  
INFO  @ Mon, 30 Jan 2023 13:31:11: Thread 0: Calculating CFB (3001) ...  
INFO  @ Mon, 30 Jan 2023 13:31:14: Thread 0 completed. 
INFO  @ Mon, 30 Jan 2023 13:31:14: All threads completed. 
INFO  @ Mon, 30 Jan 2023 13:31:15: Assigning p values... 
INFO  @ Mon, 30 Jan 2023 13:31:15: Permuting groups of gene with 10 sgRNAs per gene. Group progress: 10/41 
INFO  @ Mon, 30 Jan 2023 13:31:15: Start permuting 2 rounds ... 
INFO  @ Mon, 30 Jan 2023 13:31:15: Collecting 25891 sgRNAs from 3514 genes. 
INFO  @ Mon, 30 Jan 2023 13:31:15: Permuting round 0 ... 
INFO  @ Mon, 30 Jan 2023 13:31:15: Thread 0 started. 
INFO  @ Mon, 30 Jan 2023 13:31:15: Thread 0: total 3514 instances. 
INFO  @ Mon, 30 Jan 2023 13:31:15: Thread 0: Calculating UBC (1) ...  
INFO  @ Mon, 30 Jan 2023 13:31:20: Thread 0: Calculating ZNF639 (1001) ...  
INFO  @ Mon, 30 Jan 2023 13:31:25: Thread 0: Calculating BARD1 (2001) ...  
INFO  @ Mon, 30 Jan 2023 13:31:30: Thread 0: Calculating CFB (3001) ...  
INFO  @ Mon, 30 Jan 2023 13:31:32: Thread 0 completed. 
INFO  @ Mon, 30 Jan 2023 13:31:32: All threads completed. 
INFO  @ Mon, 30 Jan 2023 13:31:33: Permuting round 1 ... 
INFO  @ Mon, 30 Jan 2023 13:31:33: Thread 0 started. 
INFO  @ Mon, 30 Jan 2023 13:31:33: Thread 0: total 3514 instances. 
INFO  @ Mon, 30 Jan 2023 13:31:33: Thread 0: Calculating UBC (1) ...  
INFO  @ Mon, 30 Jan 2023 13:31:38: Thread 0: Calculating ZNF639 (1001) ...  
INFO  @ Mon, 30 Jan 2023 13:31:43: Thread 0: Calculating BARD1 (2001) ...  
INFO  @ Mon, 30 Jan 2023 13:31:47: Thread 0: Calculating CFB (3001) ...  
INFO  @ Mon, 30 Jan 2023 13:31:50: Thread 0 completed. 
INFO  @ Mon, 30 Jan 2023 13:31:50: All threads completed. 
INFO  @ Mon, 30 Jan 2023 13:31:51: Assigning p values... 
INFO  @ Mon, 30 Jan 2023 13:31:51: Permuting groups of gene with 11 sgRNAs per gene. Group progress: 11/41 
INFO  @ Mon, 30 Jan 2023 13:31:51: Start permuting 2 rounds ... 
INFO  @ Mon, 30 Jan 2023 13:31:51: Collecting 25891 sgRNAs from 3514 genes. 
INFO  @ Mon, 30 Jan 2023 13:31:51: Permuting round 0 ... 
INFO  @ Mon, 30 Jan 2023 13:31:51: Thread 0 started. 
INFO  @ Mon, 30 Jan 2023 13:31:51: Thread 0: total 3514 instances. 
INFO  @ Mon, 30 Jan 2023 13:31:51: Thread 0: Calculating UBC (1) ...  
INFO  @ Mon, 30 Jan 2023 13:31:56: Thread 0: Calculating ZNF639 (1001) ...  
INFO  @ Mon, 30 Jan 2023 13:32:01: Thread 0: Calculating BARD1 (2001) ...  
INFO  @ Mon, 30 Jan 2023 13:32:06: Thread 0: Calculating CFB (3001) ...  
INFO  @ Mon, 30 Jan 2023 13:32:08: Thread 0 completed. 
INFO  @ Mon, 30 Jan 2023 13:32:08: All threads completed. 
INFO  @ Mon, 30 Jan 2023 13:32:09: Permuting round 1 ... 
INFO  @ Mon, 30 Jan 2023 13:32:09: Thread 0 started. 
INFO  @ Mon, 30 Jan 2023 13:32:09: Thread 0: total 3514 instances. 
INFO  @ Mon, 30 Jan 2023 13:32:09: Thread 0: Calculating UBC (1) ...  
INFO  @ Mon, 30 Jan 2023 13:32:14: Thread 0: Calculating ZNF639 (1001) ...  
INFO  @ Mon, 30 Jan 2023 13:32:19: Thread 0: Calculating BARD1 (2001) ...  
INFO  @ Mon, 30 Jan 2023 13:32:24: Thread 0: Calculating CFB (3001) ...  
INFO  @ Mon, 30 Jan 2023 13:32:26: Thread 0 completed. 
INFO  @ Mon, 30 Jan 2023 13:32:26: All threads completed. 
INFO  @ Mon, 30 Jan 2023 13:32:27: Assigning p values... 
INFO  @ Mon, 30 Jan 2023 13:32:27: Permuting groups of gene with 12 sgRNAs per gene. Group progress: 12/41 
INFO  @ Mon, 30 Jan 2023 13:32:27: Start permuting 2 rounds ... 
INFO  @ Mon, 30 Jan 2023 13:32:27: Collecting 25891 sgRNAs from 3514 genes. 
INFO  @ Mon, 30 Jan 2023 13:32:27: Permuting round 0 ... 
INFO  @ Mon, 30 Jan 2023 13:32:27: Thread 0 started. 
INFO  @ Mon, 30 Jan 2023 13:32:27: Thread 0: total 3514 instances. 
INFO  @ Mon, 30 Jan 2023 13:32:27: Thread 0: Calculating UBC (1) ...  
INFO  @ Mon, 30 Jan 2023 13:32:32: Thread 0: Calculating ZNF639 (1001) ...  
INFO  @ Mon, 30 Jan 2023 13:32:37: Thread 0: Calculating BARD1 (2001) ...  
INFO  @ Mon, 30 Jan 2023 13:32:42: Thread 0: Calculating CFB (3001) ...  
INFO  @ Mon, 30 Jan 2023 13:32:45: Thread 0 completed. 
INFO  @ Mon, 30 Jan 2023 13:32:45: All threads completed. 
INFO  @ Mon, 30 Jan 2023 13:32:46: Permuting round 1 ... 
INFO  @ Mon, 30 Jan 2023 13:32:46: Thread 0 started. 
INFO  @ Mon, 30 Jan 2023 13:32:46: Thread 0: total 3514 instances. 
INFO  @ Mon, 30 Jan 2023 13:32:46: Thread 0: Calculating UBC (1) ...  
INFO  @ Mon, 30 Jan 2023 13:32:51: Thread 0: Calculating ZNF639 (1001) ...  
INFO  @ Mon, 30 Jan 2023 13:32:56: Thread 0: Calculating BARD1 (2001) ...  
INFO  @ Mon, 30 Jan 2023 13:33:01: Thread 0: Calculating CFB (3001) ...  
INFO  @ Mon, 30 Jan 2023 13:33:03: Thread 0 completed. 
INFO  @ Mon, 30 Jan 2023 13:33:03: All threads completed. 
INFO  @ Mon, 30 Jan 2023 13:33:04: Assigning p values... 
INFO  @ Mon, 30 Jan 2023 13:33:04: Permuting groups of gene with 13 sgRNAs per gene. Group progress: 13/41 
INFO  @ Mon, 30 Jan 2023 13:33:04: Start permuting 2 rounds ... 
INFO  @ Mon, 30 Jan 2023 13:33:04: Collecting 25891 sgRNAs from 3514 genes. 
INFO  @ Mon, 30 Jan 2023 13:33:04: Permuting round 0 ... 
INFO  @ Mon, 30 Jan 2023 13:33:04: Thread 0 started. 
INFO  @ Mon, 30 Jan 2023 13:33:04: Thread 0: total 3514 instances. 
INFO  @ Mon, 30 Jan 2023 13:33:04: Thread 0: Calculating UBC (1) ...  
INFO  @ Mon, 30 Jan 2023 13:33:10: Thread 0: Calculating ZNF639 (1001) ...  
INFO  @ Mon, 30 Jan 2023 13:33:14: Thread 0: Calculating BARD1 (2001) ...  
INFO  @ Mon, 30 Jan 2023 13:33:19: Thread 0: Calculating CFB (3001) ...  
INFO  @ Mon, 30 Jan 2023 13:33:22: Thread 0 completed. 
INFO  @ Mon, 30 Jan 2023 13:33:22: All threads completed. 
INFO  @ Mon, 30 Jan 2023 13:33:23: Permuting round 1 ... 
INFO  @ Mon, 30 Jan 2023 13:33:23: Thread 0 started. 
INFO  @ Mon, 30 Jan 2023 13:33:23: Thread 0: total 3514 instances. 
INFO  @ Mon, 30 Jan 2023 13:33:23: Thread 0: Calculating UBC (1) ...  
INFO  @ Mon, 30 Jan 2023 13:33:28: Thread 0: Calculating ZNF639 (1001) ...  
INFO  @ Mon, 30 Jan 2023 13:33:33: Thread 0: Calculating BARD1 (2001) ...  
INFO  @ Mon, 30 Jan 2023 13:33:38: Thread 0: Calculating CFB (3001) ...  
INFO  @ Mon, 30 Jan 2023 13:33:41: Thread 0 completed. 
INFO  @ Mon, 30 Jan 2023 13:33:41: All threads completed. 
INFO  @ Mon, 30 Jan 2023 13:33:42: Assigning p values... 
INFO  @ Mon, 30 Jan 2023 13:33:42: Permuting groups of gene with 14 sgRNAs per gene. Group progress: 14/41 
INFO  @ Mon, 30 Jan 2023 13:33:42: Start permuting 2 rounds ... 
INFO  @ Mon, 30 Jan 2023 13:33:42: Collecting 25891 sgRNAs from 3514 genes. 
INFO  @ Mon, 30 Jan 2023 13:33:42: Permuting round 0 ... 
INFO  @ Mon, 30 Jan 2023 13:33:42: Thread 0 started. 
INFO  @ Mon, 30 Jan 2023 13:33:42: Thread 0: total 3514 instances. 
INFO  @ Mon, 30 Jan 2023 13:33:42: Thread 0: Calculating UBC (1) ...  
INFO  @ Mon, 30 Jan 2023 13:33:47: Thread 0: Calculating ZNF639 (1001) ...  
INFO  @ Mon, 30 Jan 2023 13:33:53: Thread 0: Calculating BARD1 (2001) ...  
INFO  @ Mon, 30 Jan 2023 13:33:58: Thread 0: Calculating CFB (3001) ...  
INFO  @ Mon, 30 Jan 2023 13:34:00: Thread 0 completed. 
INFO  @ Mon, 30 Jan 2023 13:34:00: All threads completed. 
INFO  @ Mon, 30 Jan 2023 13:34:01: Permuting round 1 ... 
INFO  @ Mon, 30 Jan 2023 13:34:01: Thread 0 started. 
INFO  @ Mon, 30 Jan 2023 13:34:01: Thread 0: total 3514 instances. 
INFO  @ Mon, 30 Jan 2023 13:34:01: Thread 0: Calculating UBC (1) ...  
INFO  @ Mon, 30 Jan 2023 13:34:06: Thread 0: Calculating ZNF639 (1001) ...  
INFO  @ Mon, 30 Jan 2023 13:34:12: Thread 0: Calculating BARD1 (2001) ...  
INFO  @ Mon, 30 Jan 2023 13:34:17: Thread 0: Calculating CFB (3001) ...  
INFO  @ Mon, 30 Jan 2023 13:34:19: Thread 0 completed. 
INFO  @ Mon, 30 Jan 2023 13:34:19: All threads completed. 
INFO  @ Mon, 30 Jan 2023 13:34:20: Assigning p values... 
INFO  @ Mon, 30 Jan 2023 13:34:20: Permuting groups of gene with 15 sgRNAs per gene. Group progress: 15/41 
INFO  @ Mon, 30 Jan 2023 13:34:20: Start permuting 2 rounds ... 
INFO  @ Mon, 30 Jan 2023 13:34:20: Collecting 25891 sgRNAs from 3514 genes. 
INFO  @ Mon, 30 Jan 2023 13:34:21: Permuting round 0 ... 
INFO  @ Mon, 30 Jan 2023 13:34:21: Thread 0 started. 
INFO  @ Mon, 30 Jan 2023 13:34:21: Thread 0: total 3514 instances. 
INFO  @ Mon, 30 Jan 2023 13:34:21: Thread 0: Calculating UBC (1) ...  
INFO  @ Mon, 30 Jan 2023 13:34:26: Thread 0: Calculating ZNF639 (1001) ...  
INFO  @ Mon, 30 Jan 2023 13:34:31: Thread 0: Calculating BARD1 (2001) ...  
INFO  @ Mon, 30 Jan 2023 13:34:36: Thread 0: Calculating CFB (3001) ...  
INFO  @ Mon, 30 Jan 2023 13:34:39: Thread 0 completed. 
INFO  @ Mon, 30 Jan 2023 13:34:39: All threads completed. 
INFO  @ Mon, 30 Jan 2023 13:34:40: Permuting round 1 ... 
INFO  @ Mon, 30 Jan 2023 13:34:40: Thread 0 started. 
INFO  @ Mon, 30 Jan 2023 13:34:40: Thread 0: total 3514 instances. 
INFO  @ Mon, 30 Jan 2023 13:34:40: Thread 0: Calculating UBC (1) ...  
INFO  @ Mon, 30 Jan 2023 13:34:45: Thread 0: Calculating ZNF639 (1001) ...  
INFO  @ Mon, 30 Jan 2023 13:34:50: Thread 0: Calculating BARD1 (2001) ...  
INFO  @ Mon, 30 Jan 2023 13:34:56: Thread 0: Calculating CFB (3001) ...  
INFO  @ Mon, 30 Jan 2023 13:34:58: Thread 0 completed. 
INFO  @ Mon, 30 Jan 2023 13:34:58: All threads completed. 
INFO  @ Mon, 30 Jan 2023 13:34:59: Assigning p values... 
INFO  @ Mon, 30 Jan 2023 13:34:59: Permuting groups of gene with 16 sgRNAs per gene. Group progress: 16/41 
INFO  @ Mon, 30 Jan 2023 13:34:59: Start permuting 2 rounds ... 
INFO  @ Mon, 30 Jan 2023 13:35:00: Collecting 25891 sgRNAs from 3514 genes. 
INFO  @ Mon, 30 Jan 2023 13:35:00: Permuting round 0 ... 
INFO  @ Mon, 30 Jan 2023 13:35:00: Thread 0 started. 
INFO  @ Mon, 30 Jan 2023 13:35:00: Thread 0: total 3514 instances. 
INFO  @ Mon, 30 Jan 2023 13:35:00: Thread 0: Calculating UBC (1) ...  
INFO  @ Mon, 30 Jan 2023 13:35:05: Thread 0: Calculating ZNF639 (1001) ...  
INFO  @ Mon, 30 Jan 2023 13:35:10: Thread 0: Calculating BARD1 (2001) ...  
INFO  @ Mon, 30 Jan 2023 13:35:16: Thread 0: Calculating CFB (3001) ...  
INFO  @ Mon, 30 Jan 2023 13:35:18: Thread 0 completed. 
INFO  @ Mon, 30 Jan 2023 13:35:18: All threads completed. 
INFO  @ Mon, 30 Jan 2023 13:35:19: Permuting round 1 ... 
INFO  @ Mon, 30 Jan 2023 13:35:19: Thread 0 started. 
INFO  @ Mon, 30 Jan 2023 13:35:19: Thread 0: total 3514 instances. 
INFO  @ Mon, 30 Jan 2023 13:35:19: Thread 0: Calculating UBC (1) ...  
INFO  @ Mon, 30 Jan 2023 13:35:25: Thread 0: Calculating ZNF639 (1001) ...  
INFO  @ Mon, 30 Jan 2023 13:35:30: Thread 0: Calculating BARD1 (2001) ...  
INFO  @ Mon, 30 Jan 2023 13:35:35: Thread 0: Calculating CFB (3001) ...  
INFO  @ Mon, 30 Jan 2023 13:35:38: Thread 0 completed. 
INFO  @ Mon, 30 Jan 2023 13:35:38: All threads completed. 
INFO  @ Mon, 30 Jan 2023 13:35:38: Assigning p values... 
INFO  @ Mon, 30 Jan 2023 13:35:38: Permuting groups of gene with 17 sgRNAs per gene. Group progress: 17/41 
INFO  @ Mon, 30 Jan 2023 13:35:38: Start permuting 2 rounds ... 
INFO  @ Mon, 30 Jan 2023 13:35:39: Collecting 25891 sgRNAs from 3514 genes. 
INFO  @ Mon, 30 Jan 2023 13:35:39: Permuting round 0 ... 
INFO  @ Mon, 30 Jan 2023 13:35:39: Thread 0 started. 
INFO  @ Mon, 30 Jan 2023 13:35:39: Thread 0: total 3514 instances. 
INFO  @ Mon, 30 Jan 2023 13:35:39: Thread 0: Calculating UBC (1) ...  
INFO  @ Mon, 30 Jan 2023 13:35:44: Thread 0: Calculating ZNF639 (1001) ...  
INFO  @ Mon, 30 Jan 2023 13:35:50: Thread 0: Calculating BARD1 (2001) ...  
INFO  @ Mon, 30 Jan 2023 13:35:55: Thread 0: Calculating CFB (3001) ...  
INFO  @ Mon, 30 Jan 2023 13:35:58: Thread 0 completed. 
INFO  @ Mon, 30 Jan 2023 13:35:58: All threads completed. 
INFO  @ Mon, 30 Jan 2023 13:35:59: Permuting round 1 ... 
INFO  @ Mon, 30 Jan 2023 13:35:59: Thread 0 started. 
INFO  @ Mon, 30 Jan 2023 13:35:59: Thread 0: total 3514 instances. 
INFO  @ Mon, 30 Jan 2023 13:35:59: Thread 0: Calculating UBC (1) ...  
INFO  @ Mon, 30 Jan 2023 13:36:04: Thread 0: Calculating ZNF639 (1001) ...  
INFO  @ Mon, 30 Jan 2023 13:36:09: Thread 0: Calculating BARD1 (2001) ...  
INFO  @ Mon, 30 Jan 2023 13:36:15: Thread 0: Calculating CFB (3001) ...  
INFO  @ Mon, 30 Jan 2023 13:36:18: Thread 0 completed. 
INFO  @ Mon, 30 Jan 2023 13:36:18: All threads completed. 
INFO  @ Mon, 30 Jan 2023 13:36:18: Assigning p values... 
INFO  @ Mon, 30 Jan 2023 13:36:19: Permuting groups of gene with 18 sgRNAs per gene. Group progress: 18/41 
INFO  @ Mon, 30 Jan 2023 13:36:19: Start permuting 2 rounds ... 
INFO  @ Mon, 30 Jan 2023 13:36:19: Collecting 25891 sgRNAs from 3514 genes. 
INFO  @ Mon, 30 Jan 2023 13:36:19: Permuting round 0 ... 
INFO  @ Mon, 30 Jan 2023 13:36:19: Thread 0 started. 
INFO  @ Mon, 30 Jan 2023 13:36:19: Thread 0: total 3514 instances. 
INFO  @ Mon, 30 Jan 2023 13:36:19: Thread 0: Calculating UBC (1) ...  
INFO  @ Mon, 30 Jan 2023 13:36:25: Thread 0: Calculating ZNF639 (1001) ...  
INFO  @ Mon, 30 Jan 2023 13:36:30: Thread 0: Calculating BARD1 (2001) ...  
INFO  @ Mon, 30 Jan 2023 13:36:36: Thread 0: Calculating CFB (3001) ...  
INFO  @ Mon, 30 Jan 2023 13:36:39: Thread 0 completed. 
INFO  @ Mon, 30 Jan 2023 13:36:39: All threads completed. 
INFO  @ Mon, 30 Jan 2023 13:36:40: Permuting round 1 ... 
INFO  @ Mon, 30 Jan 2023 13:36:40: Thread 0 started. 
INFO  @ Mon, 30 Jan 2023 13:36:40: Thread 0: total 3514 instances. 
INFO  @ Mon, 30 Jan 2023 13:36:40: Thread 0: Calculating UBC (1) ...  
INFO  @ Mon, 30 Jan 2023 13:36:46: Thread 0: Calculating ZNF639 (1001) ...  
INFO  @ Mon, 30 Jan 2023 13:36:52: Thread 0: Calculating BARD1 (2001) ...  
INFO  @ Mon, 30 Jan 2023 13:36:58: Thread 0: Calculating CFB (3001) ...  
INFO  @ Mon, 30 Jan 2023 13:37:01: Thread 0 completed. 
INFO  @ Mon, 30 Jan 2023 13:37:01: All threads completed. 
INFO  @ Mon, 30 Jan 2023 13:37:02: Assigning p values... 
INFO  @ Mon, 30 Jan 2023 13:37:02: Permuting groups of gene with 19 sgRNAs per gene. Group progress: 19/41 
INFO  @ Mon, 30 Jan 2023 13:37:02: Start permuting 2 rounds ... 
INFO  @ Mon, 30 Jan 2023 13:37:02: Collecting 25891 sgRNAs from 3514 genes. 
INFO  @ Mon, 30 Jan 2023 13:37:03: Permuting round 0 ... 
INFO  @ Mon, 30 Jan 2023 13:37:03: Thread 0 started. 
INFO  @ Mon, 30 Jan 2023 13:37:03: Thread 0: total 3514 instances. 
INFO  @ Mon, 30 Jan 2023 13:37:03: Thread 0: Calculating UBC (1) ...  
INFO  @ Mon, 30 Jan 2023 13:37:09: Thread 0: Calculating ZNF639 (1001) ...  
INFO  @ Mon, 30 Jan 2023 13:37:14: Thread 0: Calculating BARD1 (2001) ...  
INFO  @ Mon, 30 Jan 2023 13:37:20: Thread 0: Calculating CFB (3001) ...  
INFO  @ Mon, 30 Jan 2023 13:37:23: Thread 0 completed. 
INFO  @ Mon, 30 Jan 2023 13:37:23: All threads completed. 
INFO  @ Mon, 30 Jan 2023 13:37:24: Permuting round 1 ... 
INFO  @ Mon, 30 Jan 2023 13:37:24: Thread 0 started. 
INFO  @ Mon, 30 Jan 2023 13:37:24: Thread 0: total 3514 instances. 
INFO  @ Mon, 30 Jan 2023 13:37:24: Thread 0: Calculating UBC (1) ...  
INFO  @ Mon, 30 Jan 2023 13:37:30: Thread 0: Calculating ZNF639 (1001) ...  
INFO  @ Mon, 30 Jan 2023 13:37:36: Thread 0: Calculating BARD1 (2001) ...  
INFO  @ Mon, 30 Jan 2023 13:37:42: Thread 0: Calculating CFB (3001) ...  
INFO  @ Mon, 30 Jan 2023 13:37:45: Thread 0 completed. 
INFO  @ Mon, 30 Jan 2023 13:37:45: All threads completed. 
INFO  @ Mon, 30 Jan 2023 13:37:46: Assigning p values... 
INFO  @ Mon, 30 Jan 2023 13:37:46: Permuting groups of gene with 20 sgRNAs per gene. Group progress: 20/41 
INFO  @ Mon, 30 Jan 2023 13:37:46: Start permuting 2 rounds ... 
INFO  @ Mon, 30 Jan 2023 13:37:46: Collecting 25891 sgRNAs from 3514 genes. 
INFO  @ Mon, 30 Jan 2023 13:37:46: Permuting round 0 ... 
INFO  @ Mon, 30 Jan 2023 13:37:46: Thread 0 started. 
INFO  @ Mon, 30 Jan 2023 13:37:46: Thread 0: total 3514 instances. 
INFO  @ Mon, 30 Jan 2023 13:37:46: Thread 0: Calculating UBC (1) ...  
INFO  @ Mon, 30 Jan 2023 13:37:53: Thread 0: Calculating ZNF639 (1001) ...  
INFO  @ Mon, 30 Jan 2023 13:37:59: Thread 0: Calculating BARD1 (2001) ...  
INFO  @ Mon, 30 Jan 2023 13:38:05: Thread 0: Calculating CFB (3001) ...  
INFO  @ Mon, 30 Jan 2023 13:38:08: Thread 0 completed. 
INFO  @ Mon, 30 Jan 2023 13:38:08: All threads completed. 
INFO  @ Mon, 30 Jan 2023 13:38:09: Permuting round 1 ... 
INFO  @ Mon, 30 Jan 2023 13:38:09: Thread 0 started. 
INFO  @ Mon, 30 Jan 2023 13:38:09: Thread 0: total 3514 instances. 
INFO  @ Mon, 30 Jan 2023 13:38:09: Thread 0: Calculating UBC (1) ...  
INFO  @ Mon, 30 Jan 2023 13:38:15: Thread 0: Calculating ZNF639 (1001) ...  
INFO  @ Mon, 30 Jan 2023 13:38:21: Thread 0: Calculating BARD1 (2001) ...  
INFO  @ Mon, 30 Jan 2023 13:38:27: Thread 0: Calculating CFB (3001) ...  
INFO  @ Mon, 30 Jan 2023 13:38:30: Thread 0 completed. 
INFO  @ Mon, 30 Jan 2023 13:38:30: All threads completed. 
INFO  @ Mon, 30 Jan 2023 13:38:31: Assigning p values... 
INFO  @ Mon, 30 Jan 2023 13:38:31: Permuting groups of gene with 21 sgRNAs per gene. Group progress: 21/41 
INFO  @ Mon, 30 Jan 2023 13:38:31: Start permuting 2 rounds ... 
INFO  @ Mon, 30 Jan 2023 13:38:31: Collecting 25891 sgRNAs from 3514 genes. 
INFO  @ Mon, 30 Jan 2023 13:38:32: Permuting round 0 ... 
INFO  @ Mon, 30 Jan 2023 13:38:32: Thread 0 started. 
INFO  @ Mon, 30 Jan 2023 13:38:32: Thread 0: total 3514 instances. 
INFO  @ Mon, 30 Jan 2023 13:38:32: Thread 0: Calculating UBC (1) ...  
INFO  @ Mon, 30 Jan 2023 13:38:38: Thread 0: Calculating ZNF639 (1001) ...  
INFO  @ Mon, 30 Jan 2023 13:38:44: Thread 0: Calculating BARD1 (2001) ...  
INFO  @ Mon, 30 Jan 2023 13:38:50: Thread 0: Calculating CFB (3001) ...  
INFO  @ Mon, 30 Jan 2023 13:38:53: Thread 0 completed. 
INFO  @ Mon, 30 Jan 2023 13:38:53: All threads completed. 
INFO  @ Mon, 30 Jan 2023 13:38:54: Permuting round 1 ... 
INFO  @ Mon, 30 Jan 2023 13:38:55: Thread 0 started. 
INFO  @ Mon, 30 Jan 2023 13:38:55: Thread 0: total 3514 instances. 
INFO  @ Mon, 30 Jan 2023 13:38:55: Thread 0: Calculating UBC (1) ...  
INFO  @ Mon, 30 Jan 2023 13:39:01: Thread 0: Calculating ZNF639 (1001) ...  
INFO  @ Mon, 30 Jan 2023 13:39:07: Thread 0: Calculating BARD1 (2001) ...  
INFO  @ Mon, 30 Jan 2023 13:39:13: Thread 0: Calculating CFB (3001) ...  
INFO  @ Mon, 30 Jan 2023 13:39:16: Thread 0 completed. 
INFO  @ Mon, 30 Jan 2023 13:39:16: All threads completed. 
INFO  @ Mon, 30 Jan 2023 13:39:17: Assigning p values... 
INFO  @ Mon, 30 Jan 2023 13:39:17: Permuting groups of gene with 22 sgRNAs per gene. Group progress: 22/41 
INFO  @ Mon, 30 Jan 2023 13:39:17: Start permuting 2 rounds ... 
INFO  @ Mon, 30 Jan 2023 13:39:18: Collecting 25891 sgRNAs from 3514 genes. 
INFO  @ Mon, 30 Jan 2023 13:39:18: Permuting round 0 ... 
INFO  @ Mon, 30 Jan 2023 13:39:18: Thread 0 started. 
INFO  @ Mon, 30 Jan 2023 13:39:18: Thread 0: total 3514 instances. 
INFO  @ Mon, 30 Jan 2023 13:39:18: Thread 0: Calculating UBC (1) ...  
INFO  @ Mon, 30 Jan 2023 13:39:24: Thread 0: Calculating ZNF639 (1001) ...  
INFO  @ Mon, 30 Jan 2023 13:39:31: Thread 0: Calculating BARD1 (2001) ...  
INFO  @ Mon, 30 Jan 2023 13:39:37: Thread 0: Calculating CFB (3001) ...  
INFO  @ Mon, 30 Jan 2023 13:39:40: Thread 0 completed. 
INFO  @ Mon, 30 Jan 2023 13:39:40: All threads completed. 
INFO  @ Mon, 30 Jan 2023 13:39:41: Permuting round 1 ... 
INFO  @ Mon, 30 Jan 2023 13:39:41: Thread 0 started. 
INFO  @ Mon, 30 Jan 2023 13:39:41: Thread 0: total 3514 instances. 
INFO  @ Mon, 30 Jan 2023 13:39:41: Thread 0: Calculating UBC (1) ...  
INFO  @ Mon, 30 Jan 2023 13:39:48: Thread 0: Calculating ZNF639 (1001) ...  
INFO  @ Mon, 30 Jan 2023 13:39:54: Thread 0: Calculating BARD1 (2001) ...  
INFO  @ Mon, 30 Jan 2023 13:40:00: Thread 0: Calculating CFB (3001) ...  
INFO  @ Mon, 30 Jan 2023 13:40:04: Thread 0 completed. 
INFO  @ Mon, 30 Jan 2023 13:40:04: All threads completed. 
INFO  @ Mon, 30 Jan 2023 13:40:05: Assigning p values... 
INFO  @ Mon, 30 Jan 2023 13:40:05: Permuting groups of gene with 23 sgRNAs per gene. Group progress: 23/41 
INFO  @ Mon, 30 Jan 2023 13:40:05: Start permuting 2 rounds ... 
INFO  @ Mon, 30 Jan 2023 13:40:05: Collecting 25891 sgRNAs from 3514 genes. 
INFO  @ Mon, 30 Jan 2023 13:40:05: Permuting round 0 ... 
INFO  @ Mon, 30 Jan 2023 13:40:05: Thread 0 started. 
INFO  @ Mon, 30 Jan 2023 13:40:05: Thread 0: total 3514 instances. 
INFO  @ Mon, 30 Jan 2023 13:40:05: Thread 0: Calculating UBC (1) ...  
INFO  @ Mon, 30 Jan 2023 13:40:12: Thread 0: Calculating ZNF639 (1001) ...  
INFO  @ Mon, 30 Jan 2023 13:40:18: Thread 0: Calculating BARD1 (2001) ...  
INFO  @ Mon, 30 Jan 2023 13:40:24: Thread 0: Calculating CFB (3001) ...  
INFO  @ Mon, 30 Jan 2023 13:40:27: Thread 0 completed. 
INFO  @ Mon, 30 Jan 2023 13:40:27: All threads completed. 
INFO  @ Mon, 30 Jan 2023 13:40:28: Permuting round 1 ... 
INFO  @ Mon, 30 Jan 2023 13:40:28: Thread 0 started. 
INFO  @ Mon, 30 Jan 2023 13:40:28: Thread 0: total 3514 instances. 
INFO  @ Mon, 30 Jan 2023 13:40:28: Thread 0: Calculating UBC (1) ...  
INFO  @ Mon, 30 Jan 2023 13:40:35: Thread 0: Calculating ZNF639 (1001) ...  
INFO  @ Mon, 30 Jan 2023 13:40:41: Thread 0: Calculating BARD1 (2001) ...  
INFO  @ Mon, 30 Jan 2023 13:40:48: Thread 0: Calculating CFB (3001) ...  
INFO  @ Mon, 30 Jan 2023 13:40:51: Thread 0 completed. 
INFO  @ Mon, 30 Jan 2023 13:40:51: All threads completed. 
INFO  @ Mon, 30 Jan 2023 13:40:52: Assigning p values... 
INFO  @ Mon, 30 Jan 2023 13:40:52: Permuting groups of gene with 24 sgRNAs per gene. Group progress: 24/41 
INFO  @ Mon, 30 Jan 2023 13:40:52: Start permuting 2 rounds ... 
INFO  @ Mon, 30 Jan 2023 13:40:52: Collecting 25891 sgRNAs from 3514 genes. 
INFO  @ Mon, 30 Jan 2023 13:40:52: Permuting round 0 ... 
INFO  @ Mon, 30 Jan 2023 13:40:53: Thread 0 started. 
INFO  @ Mon, 30 Jan 2023 13:40:53: Thread 0: total 3514 instances. 
INFO  @ Mon, 30 Jan 2023 13:40:53: Thread 0: Calculating UBC (1) ...  
INFO  @ Mon, 30 Jan 2023 13:40:59: Thread 0: Calculating ZNF639 (1001) ...  
INFO  @ Mon, 30 Jan 2023 13:41:05: Thread 0: Calculating BARD1 (2001) ...  
INFO  @ Mon, 30 Jan 2023 13:41:12: Thread 0: Calculating CFB (3001) ...  
INFO  @ Mon, 30 Jan 2023 13:41:15: Thread 0 completed. 
INFO  @ Mon, 30 Jan 2023 13:41:15: All threads completed. 
INFO  @ Mon, 30 Jan 2023 13:41:16: Permuting round 1 ... 
INFO  @ Mon, 30 Jan 2023 13:41:16: Thread 0 started. 
INFO  @ Mon, 30 Jan 2023 13:41:16: Thread 0: total 3514 instances. 
INFO  @ Mon, 30 Jan 2023 13:41:16: Thread 0: Calculating UBC (1) ...  
INFO  @ Mon, 30 Jan 2023 13:41:23: Thread 0: Calculating ZNF639 (1001) ...  
INFO  @ Mon, 30 Jan 2023 13:41:29: Thread 0: Calculating BARD1 (2001) ...  
INFO  @ Mon, 30 Jan 2023 13:41:36: Thread 0: Calculating CFB (3001) ...  
INFO  @ Mon, 30 Jan 2023 13:41:39: Thread 0 completed. 
INFO  @ Mon, 30 Jan 2023 13:41:39: All threads completed. 
INFO  @ Mon, 30 Jan 2023 13:41:40: Assigning p values... 
INFO  @ Mon, 30 Jan 2023 13:41:40: Permuting groups of gene with 25 sgRNAs per gene. Group progress: 25/41 
INFO  @ Mon, 30 Jan 2023 13:41:40: Start permuting 2 rounds ... 
INFO  @ Mon, 30 Jan 2023 13:41:40: Collecting 25891 sgRNAs from 3514 genes. 
INFO  @ Mon, 30 Jan 2023 13:41:41: Permuting round 0 ... 
INFO  @ Mon, 30 Jan 2023 13:41:41: Thread 0 started. 
INFO  @ Mon, 30 Jan 2023 13:41:41: Thread 0: total 3514 instances. 
INFO  @ Mon, 30 Jan 2023 13:41:41: Thread 0: Calculating UBC (1) ...  
INFO  @ Mon, 30 Jan 2023 13:41:48: Thread 0: Calculating ZNF639 (1001) ...  
INFO  @ Mon, 30 Jan 2023 13:41:54: Thread 0: Calculating BARD1 (2001) ...  
INFO  @ Mon, 30 Jan 2023 13:42:01: Thread 0: Calculating CFB (3001) ...  
INFO  @ Mon, 30 Jan 2023 13:42:04: Thread 0 completed. 
INFO  @ Mon, 30 Jan 2023 13:42:04: All threads completed. 
INFO  @ Mon, 30 Jan 2023 13:42:05: Permuting round 1 ... 
INFO  @ Mon, 30 Jan 2023 13:42:05: Thread 0 started. 
INFO  @ Mon, 30 Jan 2023 13:42:05: Thread 0: total 3514 instances. 
INFO  @ Mon, 30 Jan 2023 13:42:05: Thread 0: Calculating UBC (1) ...  
INFO  @ Mon, 30 Jan 2023 13:42:12: Thread 0: Calculating ZNF639 (1001) ...  
INFO  @ Mon, 30 Jan 2023 13:42:19: Thread 0: Calculating BARD1 (2001) ...  
INFO  @ Mon, 30 Jan 2023 13:42:26: Thread 0: Calculating CFB (3001) ...  
INFO  @ Mon, 30 Jan 2023 13:42:29: Thread 0 completed. 
INFO  @ Mon, 30 Jan 2023 13:42:29: All threads completed. 
INFO  @ Mon, 30 Jan 2023 13:42:30: Assigning p values... 
INFO  @ Mon, 30 Jan 2023 13:42:30: Permuting groups of gene with 27 sgRNAs per gene. Group progress: 26/41 
INFO  @ Mon, 30 Jan 2023 13:42:30: Start permuting 2 rounds ... 
INFO  @ Mon, 30 Jan 2023 13:42:30: Collecting 25891 sgRNAs from 3514 genes. 
INFO  @ Mon, 30 Jan 2023 13:42:30: Permuting round 0 ... 
INFO  @ Mon, 30 Jan 2023 13:42:31: Thread 0 started. 
INFO  @ Mon, 30 Jan 2023 13:42:31: Thread 0: total 3514 instances. 
INFO  @ Mon, 30 Jan 2023 13:42:31: Thread 0: Calculating UBC (1) ...  
INFO  @ Mon, 30 Jan 2023 13:42:38: Thread 0: Calculating ZNF639 (1001) ...  
INFO  @ Mon, 30 Jan 2023 13:42:44: Thread 0: Calculating BARD1 (2001) ...  
INFO  @ Mon, 30 Jan 2023 13:42:51: Thread 0: Calculating CFB (3001) ...  
INFO  @ Mon, 30 Jan 2023 13:42:55: Thread 0 completed. 
INFO  @ Mon, 30 Jan 2023 13:42:55: All threads completed. 
INFO  @ Mon, 30 Jan 2023 13:42:56: Permuting round 1 ... 
INFO  @ Mon, 30 Jan 2023 13:42:56: Thread 0 started. 
INFO  @ Mon, 30 Jan 2023 13:42:56: Thread 0: total 3514 instances. 
INFO  @ Mon, 30 Jan 2023 13:42:56: Thread 0: Calculating UBC (1) ...  
INFO  @ Mon, 30 Jan 2023 13:43:03: Thread 0: Calculating ZNF639 (1001) ...  
INFO  @ Mon, 30 Jan 2023 13:43:10: Thread 0: Calculating BARD1 (2001) ...  
INFO  @ Mon, 30 Jan 2023 13:43:17: Thread 0: Calculating CFB (3001) ...  
INFO  @ Mon, 30 Jan 2023 13:43:20: Thread 0 completed. 
INFO  @ Mon, 30 Jan 2023 13:43:20: All threads completed. 
INFO  @ Mon, 30 Jan 2023 13:43:21: Assigning p values... 
INFO  @ Mon, 30 Jan 2023 13:43:21: Permuting groups of gene with 28 sgRNAs per gene. Group progress: 27/41 
INFO  @ Mon, 30 Jan 2023 13:43:21: Start permuting 2 rounds ... 
INFO  @ Mon, 30 Jan 2023 13:43:21: Collecting 25891 sgRNAs from 3514 genes. 
INFO  @ Mon, 30 Jan 2023 13:43:22: Permuting round 0 ... 
INFO  @ Mon, 30 Jan 2023 13:43:22: Thread 0 started. 
INFO  @ Mon, 30 Jan 2023 13:43:22: Thread 0: total 3514 instances. 
INFO  @ Mon, 30 Jan 2023 13:43:22: Thread 0: Calculating UBC (1) ...  
INFO  @ Mon, 30 Jan 2023 13:43:29: Thread 0: Calculating ZNF639 (1001) ...  
INFO  @ Mon, 30 Jan 2023 13:43:36: Thread 0: Calculating BARD1 (2001) ...  
INFO  @ Mon, 30 Jan 2023 13:43:43: Thread 0: Calculating CFB (3001) ...  
INFO  @ Mon, 30 Jan 2023 13:43:47: Thread 0 completed. 
INFO  @ Mon, 30 Jan 2023 13:43:47: All threads completed. 
INFO  @ Mon, 30 Jan 2023 13:43:48: Permuting round 1 ... 
INFO  @ Mon, 30 Jan 2023 13:43:48: Thread 0 started. 
INFO  @ Mon, 30 Jan 2023 13:43:48: Thread 0: total 3514 instances. 
INFO  @ Mon, 30 Jan 2023 13:43:48: Thread 0: Calculating UBC (1) ...  
INFO  @ Mon, 30 Jan 2023 13:43:55: Thread 0: Calculating ZNF639 (1001) ...  
INFO  @ Mon, 30 Jan 2023 13:44:03: Thread 0: Calculating BARD1 (2001) ...  
INFO  @ Mon, 30 Jan 2023 13:44:10: Thread 0: Calculating CFB (3001) ...  
INFO  @ Mon, 30 Jan 2023 13:44:14: Thread 0 completed. 
INFO  @ Mon, 30 Jan 2023 13:44:14: All threads completed. 
INFO  @ Mon, 30 Jan 2023 13:44:15: Assigning p values... 
INFO  @ Mon, 30 Jan 2023 13:44:15: Permuting groups of gene with 30 sgRNAs per gene. Group progress: 28/41 
INFO  @ Mon, 30 Jan 2023 13:44:15: Start permuting 2 rounds ... 
INFO  @ Mon, 30 Jan 2023 13:44:15: Collecting 25891 sgRNAs from 3514 genes. 
INFO  @ Mon, 30 Jan 2023 13:44:15: Permuting round 0 ... 
INFO  @ Mon, 30 Jan 2023 13:44:15: Thread 0 started. 
INFO  @ Mon, 30 Jan 2023 13:44:15: Thread 0: total 3514 instances. 
INFO  @ Mon, 30 Jan 2023 13:44:15: Thread 0: Calculating UBC (1) ...  
INFO  @ Mon, 30 Jan 2023 13:44:23: Thread 0: Calculating ZNF639 (1001) ...  
INFO  @ Mon, 30 Jan 2023 13:44:30: Thread 0: Calculating BARD1 (2001) ...  
INFO  @ Mon, 30 Jan 2023 13:44:38: Thread 0: Calculating CFB (3001) ...  
INFO  @ Mon, 30 Jan 2023 13:44:42: Thread 0 completed. 
INFO  @ Mon, 30 Jan 2023 13:44:42: All threads completed. 
INFO  @ Mon, 30 Jan 2023 13:44:43: Permuting round 1 ... 
INFO  @ Mon, 30 Jan 2023 13:44:43: Thread 0 started. 
INFO  @ Mon, 30 Jan 2023 13:44:43: Thread 0: total 3514 instances. 
INFO  @ Mon, 30 Jan 2023 13:44:43: Thread 0: Calculating UBC (1) ...  
INFO  @ Mon, 30 Jan 2023 13:44:51: Thread 0: Calculating ZNF639 (1001) ...  
INFO  @ Mon, 30 Jan 2023 13:44:59: Thread 0: Calculating BARD1 (2001) ...  
INFO  @ Mon, 30 Jan 2023 13:45:06: Thread 0: Calculating CFB (3001) ...  
INFO  @ Mon, 30 Jan 2023 13:45:10: Thread 0 completed. 
INFO  @ Mon, 30 Jan 2023 13:45:10: All threads completed. 
INFO  @ Mon, 30 Jan 2023 13:45:12: Assigning p values... 
INFO  @ Mon, 30 Jan 2023 13:45:12: Permuting groups of gene with 31 sgRNAs per gene. Group progress: 29/41 
INFO  @ Mon, 30 Jan 2023 13:45:12: Start permuting 2 rounds ... 
INFO  @ Mon, 30 Jan 2023 13:45:12: Collecting 25891 sgRNAs from 3514 genes. 
INFO  @ Mon, 30 Jan 2023 13:45:12: Permuting round 0 ... 
INFO  @ Mon, 30 Jan 2023 13:45:12: Thread 0 started. 
INFO  @ Mon, 30 Jan 2023 13:45:12: Thread 0: total 3514 instances. 
INFO  @ Mon, 30 Jan 2023 13:45:12: Thread 0: Calculating UBC (1) ...  
INFO  @ Mon, 30 Jan 2023 13:45:20: Thread 0: Calculating ZNF639 (1001) ...  
INFO  @ Mon, 30 Jan 2023 13:45:27: Thread 0: Calculating BARD1 (2001) ...  
INFO  @ Mon, 30 Jan 2023 13:45:34: Thread 0: Calculating CFB (3001) ...  
INFO  @ Mon, 30 Jan 2023 13:45:38: Thread 0 completed. 
INFO  @ Mon, 30 Jan 2023 13:45:38: All threads completed. 
INFO  @ Mon, 30 Jan 2023 13:45:39: Permuting round 1 ... 
INFO  @ Mon, 30 Jan 2023 13:45:40: Thread 0 started. 
INFO  @ Mon, 30 Jan 2023 13:45:40: Thread 0: total 3514 instances. 
INFO  @ Mon, 30 Jan 2023 13:45:40: Thread 0: Calculating UBC (1) ...  
INFO  @ Mon, 30 Jan 2023 13:45:47: Thread 0: Calculating ZNF639 (1001) ...  
INFO  @ Mon, 30 Jan 2023 13:45:55: Thread 0: Calculating BARD1 (2001) ...  
INFO  @ Mon, 30 Jan 2023 13:46:02: Thread 0: Calculating CFB (3001) ...  
INFO  @ Mon, 30 Jan 2023 13:46:06: Thread 0 completed. 
INFO  @ Mon, 30 Jan 2023 13:46:06: All threads completed. 
INFO  @ Mon, 30 Jan 2023 13:46:07: Assigning p values... 
INFO  @ Mon, 30 Jan 2023 13:46:08: Permuting groups of gene with 32 sgRNAs per gene. Group progress: 30/41 
INFO  @ Mon, 30 Jan 2023 13:46:08: Start permuting 2 rounds ... 
INFO  @ Mon, 30 Jan 2023 13:46:08: Collecting 25891 sgRNAs from 3514 genes. 
INFO  @ Mon, 30 Jan 2023 13:46:08: Permuting round 0 ... 
INFO  @ Mon, 30 Jan 2023 13:46:08: Thread 0 started. 
INFO  @ Mon, 30 Jan 2023 13:46:08: Thread 0: total 3514 instances. 
INFO  @ Mon, 30 Jan 2023 13:46:08: Thread 0: Calculating UBC (1) ...  
INFO  @ Mon, 30 Jan 2023 13:46:16: Thread 0: Calculating ZNF639 (1001) ...  
INFO  @ Mon, 30 Jan 2023 13:46:24: Thread 0: Calculating BARD1 (2001) ...  
INFO  @ Mon, 30 Jan 2023 13:46:31: Thread 0: Calculating CFB (3001) ...  
INFO  @ Mon, 30 Jan 2023 13:46:35: Thread 0 completed. 
INFO  @ Mon, 30 Jan 2023 13:46:35: All threads completed. 
INFO  @ Mon, 30 Jan 2023 13:46:36: Permuting round 1 ... 
INFO  @ Mon, 30 Jan 2023 13:46:36: Thread 0 started. 
INFO  @ Mon, 30 Jan 2023 13:46:36: Thread 0: total 3514 instances. 
INFO  @ Mon, 30 Jan 2023 13:46:37: Thread 0: Calculating UBC (1) ...  
INFO  @ Mon, 30 Jan 2023 13:46:44: Thread 0: Calculating ZNF639 (1001) ...  
INFO  @ Mon, 30 Jan 2023 13:46:52: Thread 0: Calculating BARD1 (2001) ...  
INFO  @ Mon, 30 Jan 2023 13:46:59: Thread 0: Calculating CFB (3001) ...  
INFO  @ Mon, 30 Jan 2023 13:47:03: Thread 0 completed. 
INFO  @ Mon, 30 Jan 2023 13:47:03: All threads completed. 
INFO  @ Mon, 30 Jan 2023 13:47:04: Assigning p values... 
INFO  @ Mon, 30 Jan 2023 13:47:04: Permuting groups of gene with 33 sgRNAs per gene. Group progress: 31/41 
INFO  @ Mon, 30 Jan 2023 13:47:04: Start permuting 2 rounds ... 
INFO  @ Mon, 30 Jan 2023 13:47:05: Collecting 25891 sgRNAs from 3514 genes. 
INFO  @ Mon, 30 Jan 2023 13:47:05: Permuting round 0 ... 
INFO  @ Mon, 30 Jan 2023 13:47:05: Thread 0 started. 
INFO  @ Mon, 30 Jan 2023 13:47:05: Thread 0: total 3514 instances. 
INFO  @ Mon, 30 Jan 2023 13:47:05: Thread 0: Calculating UBC (1) ...  
INFO  @ Mon, 30 Jan 2023 13:47:12: Thread 0: Calculating ZNF639 (1001) ...  
INFO  @ Mon, 30 Jan 2023 13:47:20: Thread 0: Calculating BARD1 (2001) ...  
INFO  @ Mon, 30 Jan 2023 13:47:28: Thread 0: Calculating CFB (3001) ...  
INFO  @ Mon, 30 Jan 2023 13:47:32: Thread 0 completed. 
INFO  @ Mon, 30 Jan 2023 13:47:32: All threads completed. 
INFO  @ Mon, 30 Jan 2023 13:47:33: Permuting round 1 ... 
INFO  @ Mon, 30 Jan 2023 13:47:33: Thread 0 started. 
INFO  @ Mon, 30 Jan 2023 13:47:33: Thread 0: total 3514 instances. 
INFO  @ Mon, 30 Jan 2023 13:47:33: Thread 0: Calculating UBC (1) ...  
INFO  @ Mon, 30 Jan 2023 13:47:40: Thread 0: Calculating ZNF639 (1001) ...  
INFO  @ Mon, 30 Jan 2023 13:47:48: Thread 0: Calculating BARD1 (2001) ...  
INFO  @ Mon, 30 Jan 2023 13:47:55: Thread 0: Calculating CFB (3001) ...  
INFO  @ Mon, 30 Jan 2023 13:47:59: Thread 0 completed. 
INFO  @ Mon, 30 Jan 2023 13:47:59: All threads completed. 
INFO  @ Mon, 30 Jan 2023 13:48:00: Assigning p values... 
INFO  @ Mon, 30 Jan 2023 13:48:00: Permuting groups of gene with 34 sgRNAs per gene. Group progress: 32/41 
INFO  @ Mon, 30 Jan 2023 13:48:00: Start permuting 2 rounds ... 
INFO  @ Mon, 30 Jan 2023 13:48:00: Collecting 25891 sgRNAs from 3514 genes. 
INFO  @ Mon, 30 Jan 2023 13:48:00: Permuting round 0 ... 
INFO  @ Mon, 30 Jan 2023 13:48:01: Thread 0 started. 
INFO  @ Mon, 30 Jan 2023 13:48:01: Thread 0: total 3514 instances. 
INFO  @ Mon, 30 Jan 2023 13:48:01: Thread 0: Calculating UBC (1) ...  
INFO  @ Mon, 30 Jan 2023 13:48:08: Thread 0: Calculating ZNF639 (1001) ...  
INFO  @ Mon, 30 Jan 2023 13:48:16: Thread 0: Calculating BARD1 (2001) ...  
INFO  @ Mon, 30 Jan 2023 13:48:23: Thread 0: Calculating CFB (3001) ...  
INFO  @ Mon, 30 Jan 2023 13:48:27: Thread 0 completed. 
INFO  @ Mon, 30 Jan 2023 13:48:27: All threads completed. 
INFO  @ Mon, 30 Jan 2023 13:48:28: Permuting round 1 ... 
INFO  @ Mon, 30 Jan 2023 13:48:28: Thread 0 started. 
INFO  @ Mon, 30 Jan 2023 13:48:28: Thread 0: total 3514 instances. 
INFO  @ Mon, 30 Jan 2023 13:48:28: Thread 0: Calculating UBC (1) ...  
INFO  @ Mon, 30 Jan 2023 13:48:36: Thread 0: Calculating ZNF639 (1001) ...  
INFO  @ Mon, 30 Jan 2023 13:48:44: Thread 0: Calculating BARD1 (2001) ...  
INFO  @ Mon, 30 Jan 2023 13:48:51: Thread 0: Calculating CFB (3001) ...  
INFO  @ Mon, 30 Jan 2023 13:48:55: Thread 0 completed. 
INFO  @ Mon, 30 Jan 2023 13:48:55: All threads completed. 
INFO  @ Mon, 30 Jan 2023 13:48:56: Assigning p values... 
INFO  @ Mon, 30 Jan 2023 13:48:57: Permuting groups of gene with 37 sgRNAs per gene. Group progress: 33/41 
INFO  @ Mon, 30 Jan 2023 13:48:57: Start permuting 2 rounds ... 
INFO  @ Mon, 30 Jan 2023 13:48:57: Collecting 25891 sgRNAs from 3514 genes. 
INFO  @ Mon, 30 Jan 2023 13:48:57: Permuting round 0 ... 
INFO  @ Mon, 30 Jan 2023 13:48:57: Thread 0 started. 
INFO  @ Mon, 30 Jan 2023 13:48:57: Thread 0: total 3514 instances. 
INFO  @ Mon, 30 Jan 2023 13:48:57: Thread 0: Calculating UBC (1) ...  
INFO  @ Mon, 30 Jan 2023 13:49:05: Thread 0: Calculating ZNF639 (1001) ...  
INFO  @ Mon, 30 Jan 2023 13:49:13: Thread 0: Calculating BARD1 (2001) ...  
INFO  @ Mon, 30 Jan 2023 13:49:22: Thread 0: Calculating CFB (3001) ...  
INFO  @ Mon, 30 Jan 2023 13:49:26: Thread 0 completed. 
INFO  @ Mon, 30 Jan 2023 13:49:26: All threads completed. 
INFO  @ Mon, 30 Jan 2023 13:49:27: Permuting round 1 ... 
INFO  @ Mon, 30 Jan 2023 13:49:27: Thread 0 started. 
INFO  @ Mon, 30 Jan 2023 13:49:27: Thread 0: total 3514 instances. 
INFO  @ Mon, 30 Jan 2023 13:49:27: Thread 0: Calculating UBC (1) ...  
INFO  @ Mon, 30 Jan 2023 13:49:36: Thread 0: Calculating ZNF639 (1001) ...  
INFO  @ Mon, 30 Jan 2023 13:49:44: Thread 0: Calculating BARD1 (2001) ...  
INFO  @ Mon, 30 Jan 2023 13:49:52: Thread 0: Calculating CFB (3001) ...  
INFO  @ Mon, 30 Jan 2023 13:49:57: Thread 0 completed. 
INFO  @ Mon, 30 Jan 2023 13:49:57: All threads completed. 
INFO  @ Mon, 30 Jan 2023 13:49:58: Assigning p values... 
INFO  @ Mon, 30 Jan 2023 13:49:58: Groups of gene with 41 sgRNAs per gene: assigning p values based on previous group results. Group progress: 34/41 
INFO  @ Mon, 30 Jan 2023 13:49:58: Groups of gene with 42 sgRNAs per gene: assigning p values based on previous group results. Group progress: 35/41 
INFO  @ Mon, 30 Jan 2023 13:49:58: Groups of gene with 45 sgRNAs per gene: assigning p values based on previous group results. Group progress: 36/41 
INFO  @ Mon, 30 Jan 2023 13:49:58: Groups of gene with 47 sgRNAs per gene: assigning p values based on previous group results. Group progress: 37/41 
INFO  @ Mon, 30 Jan 2023 13:49:58: Groups of gene with 48 sgRNAs per gene: assigning p values based on previous group results. Group progress: 38/41 
INFO  @ Mon, 30 Jan 2023 13:49:58: Groups of gene with 49 sgRNAs per gene: assigning p values based on previous group results. Group progress: 39/41 
INFO  @ Mon, 30 Jan 2023 13:49:58: Groups of gene with 56 sgRNAs per gene: assigning p values based on previous group results. Group progress: 40/41 
INFO  @ Mon, 30 Jan 2023 13:49:58: Groups of gene with 67 sgRNAs per gene: assigning p values based on previous group results. Group progress: 41/41 
INFO  @ Mon, 30 Jan 2023 13:49:58: Writing gene results to mle_HCT116-Cont2.gene_summary.txt 
INFO  @ Mon, 30 Jan 2023 13:49:58: Writing sgRNA results to mle_HCT116-Cont2.sgrna_summary.txt 
