INFO  @ Wed, 05 Jul 2023 09:23:35: Parameters: /home/ryan/miniconda3/envs/mageck/bin/mageck mle -k count-A2780-Ts18.csv -d matrixTs18.txt -n mle_count-A2780-Ts18 
INFO  @ Wed, 05 Jul 2023 09:23:35: Cannot parse design matrix as a string; try to parse it as a file name ... 
INFO  @ Wed, 05 Jul 2023 09:23:35: Design matrix: 
INFO  @ Wed, 05 Jul 2023 09:23:35: [[1. 0.] 
INFO  @ Wed, 05 Jul 2023 09:23:35:  [1. 1.]] 
INFO  @ Wed, 05 Jul 2023 09:23:35: Beta labels:baseline,Ts18 
INFO  @ Wed, 05 Jul 2023 09:23:35: Included samples:A2780_Ts18_D0,A2780_Ts18_D10 
INFO  @ Wed, 05 Jul 2023 09:23:35: Treating count-A2780-Ts18.csv as csv file ... 
INFO  @ Wed, 05 Jul 2023 09:23:35: Loaded samples:A2780_Ts18_D0;A2780_Ts18_D10 
INFO  @ Wed, 05 Jul 2023 09:23:35: Sample index: 0;1 
INFO  @ Wed, 05 Jul 2023 09:23:35: Loaded 3516 genes. 
DEBUG @ Wed, 05 Jul 2023 09:23:35: Initial (total) size factor: 0.8996274798101429 1.1255826053773161 
DEBUG @ Wed, 05 Jul 2023 09:23:35: Median factor: 0.8152035685157233 1.2431629180506982 
INFO  @ Wed, 05 Jul 2023 09:23:35: Final size factor: 0.8152035685157233 1.2431629180506982 
INFO  @ Wed, 05 Jul 2023 09:23:35: size factor: 1.2266874663229745,0.8043997978704336 
INFO  @ Wed, 05 Jul 2023 09:23:35: Thread 0 started. 
INFO  @ Wed, 05 Jul 2023 09:23:35: Thread 0: total 1 instances. 
INFO  @ Wed, 05 Jul 2023 09:23:35: Thread 0 completed. 
INFO  @ Wed, 05 Jul 2023 09:23:35: All threads completed. 
INFO  @ Wed, 05 Jul 2023 09:23:35: Modeling the mean and variance ... 
INFO  @ Wed, 05 Jul 2023 09:23:35: Run the algorithm for the second time ... 
INFO  @ Wed, 05 Jul 2023 09:23:35: Skipping gene NKX2 from MLE calculation since there are too many sgRNAs. To change, revise the --max-sgrnapergene-permutation option. 
INFO  @ Wed, 05 Jul 2023 09:23:35: Skipping gene PBRM1 from MLE calculation since there are too many sgRNAs. To change, revise the --max-sgrnapergene-permutation option. 
INFO  @ Wed, 05 Jul 2023 09:23:35: Skipping gene KDM2A from MLE calculation since there are too many sgRNAs. To change, revise the --max-sgrnapergene-permutation option. 
INFO  @ Wed, 05 Jul 2023 09:23:35: Skipping gene KDM2B from MLE calculation since there are too many sgRNAs. To change, revise the --max-sgrnapergene-permutation option. 
INFO  @ Wed, 05 Jul 2023 09:23:35: Skipping gene KMT2A from MLE calculation since there are too many sgRNAs. To change, revise the --max-sgrnapergene-permutation option. 
INFO  @ Wed, 05 Jul 2023 09:23:35: Skipping gene KMT2B from MLE calculation since there are too many sgRNAs. To change, revise the --max-sgrnapergene-permutation option. 
INFO  @ Wed, 05 Jul 2023 09:23:35: Skipping gene KMT2C from MLE calculation since there are too many sgRNAs. To change, revise the --max-sgrnapergene-permutation option. 
INFO  @ Wed, 05 Jul 2023 09:23:35: Skipping gene KMT2D from MLE calculation since there are too many sgRNAs. To change, revise the --max-sgrnapergene-permutation option. 
INFO  @ Wed, 05 Jul 2023 09:23:35: Skipping gene NSD1 from MLE calculation since there are too many sgRNAs. To change, revise the --max-sgrnapergene-permutation option. 
INFO  @ Wed, 05 Jul 2023 09:23:35: Skipping gene RNF17 from MLE calculation since there are too many sgRNAs. To change, revise the --max-sgrnapergene-permutation option. 
INFO  @ Wed, 05 Jul 2023 09:23:35: Skipping gene TDRD6 from MLE calculation since there are too many sgRNAs. To change, revise the --max-sgrnapergene-permutation option. 
INFO  @ Wed, 05 Jul 2023 09:23:35: Thread 0 started. 
INFO  @ Wed, 05 Jul 2023 09:23:35: Thread 0: total 3505 instances. 
INFO  @ Wed, 05 Jul 2023 09:23:35: Thread 0: Calculating AATK (1) ...  
INFO  @ Wed, 05 Jul 2023 09:23:40: Thread 0: Calculating NFXL1 (1001) ...  
INFO  @ Wed, 05 Jul 2023 09:23:45: Thread 0: Calculating NO66 (2001) ...  
INFO  @ Wed, 05 Jul 2023 09:23:49: Thread 0: Calculating RNF170 (3001) ...  
INFO  @ Wed, 05 Jul 2023 09:23:52: Thread 0 completed. 
INFO  @ Wed, 05 Jul 2023 09:23:52: All threads completed. 
INFO  @ Wed, 05 Jul 2023 09:23:53: Permuting groups of gene with 1 sgRNAs per gene. Group progress: 1/41 
INFO  @ Wed, 05 Jul 2023 09:23:53: Start permuting 2 rounds ... 
INFO  @ Wed, 05 Jul 2023 09:23:53: Collecting 26156 sgRNAs from 3516 genes. 
INFO  @ Wed, 05 Jul 2023 09:23:53: Permuting round 0 ... 
INFO  @ Wed, 05 Jul 2023 09:23:53: Thread 0 started. 
INFO  @ Wed, 05 Jul 2023 09:23:53: Thread 0: total 3516 instances. 
INFO  @ Wed, 05 Jul 2023 09:23:53: Thread 0: Calculating AATK (1) ...  
INFO  @ Wed, 05 Jul 2023 09:23:55: Thread 0: Calculating NFXL1 (1001) ...  
INFO  @ Wed, 05 Jul 2023 09:23:56: Thread 0: Calculating MLL1 (2001) ...  
INFO  @ Wed, 05 Jul 2023 09:23:58: Thread 0: Calculating RNF146 (3001) ...  
INFO  @ Wed, 05 Jul 2023 09:23:59: Thread 0 completed. 
INFO  @ Wed, 05 Jul 2023 09:23:59: All threads completed. 
INFO  @ Wed, 05 Jul 2023 09:24:01: Permuting round 1 ... 
INFO  @ Wed, 05 Jul 2023 09:24:01: Thread 0 started. 
INFO  @ Wed, 05 Jul 2023 09:24:01: Thread 0: total 3516 instances. 
INFO  @ Wed, 05 Jul 2023 09:24:01: Thread 0: Calculating AATK (1) ...  
INFO  @ Wed, 05 Jul 2023 09:24:02: Thread 0: Calculating NFXL1 (1001) ...  
INFO  @ Wed, 05 Jul 2023 09:24:04: Thread 0: Calculating MLL1 (2001) ...  
INFO  @ Wed, 05 Jul 2023 09:24:06: Thread 0: Calculating RNF146 (3001) ...  
INFO  @ Wed, 05 Jul 2023 09:24:07: Thread 0 completed. 
INFO  @ Wed, 05 Jul 2023 09:24:07: All threads completed. 
INFO  @ Wed, 05 Jul 2023 09:24:08: Assigning p values... 
INFO  @ Wed, 05 Jul 2023 09:24:08: Permuting groups of gene with 2 sgRNAs per gene. Group progress: 2/41 
INFO  @ Wed, 05 Jul 2023 09:24:08: Start permuting 2 rounds ... 
INFO  @ Wed, 05 Jul 2023 09:24:08: Collecting 26156 sgRNAs from 3516 genes. 
INFO  @ Wed, 05 Jul 2023 09:24:08: Permuting round 0 ... 
INFO  @ Wed, 05 Jul 2023 09:24:08: Thread 0 started. 
INFO  @ Wed, 05 Jul 2023 09:24:08: Thread 0: total 3516 instances. 
INFO  @ Wed, 05 Jul 2023 09:24:08: Thread 0: Calculating AATK (1) ...  
INFO  @ Wed, 05 Jul 2023 09:24:12: Thread 0: Calculating NFXL1 (1001) ...  
INFO  @ Wed, 05 Jul 2023 09:24:17: Thread 0: Calculating MLL1 (2001) ...  
INFO  @ Wed, 05 Jul 2023 09:24:23: Thread 0: Calculating RNF146 (3001) ...  
INFO  @ Wed, 05 Jul 2023 09:24:25: Thread 0 completed. 
INFO  @ Wed, 05 Jul 2023 09:24:25: All threads completed. 
INFO  @ Wed, 05 Jul 2023 09:24:26: Permuting round 1 ... 
INFO  @ Wed, 05 Jul 2023 09:24:26: Thread 0 started. 
INFO  @ Wed, 05 Jul 2023 09:24:26: Thread 0: total 3516 instances. 
INFO  @ Wed, 05 Jul 2023 09:24:26: Thread 0: Calculating AATK (1) ...  
INFO  @ Wed, 05 Jul 2023 09:24:32: Thread 0: Calculating NFXL1 (1001) ...  
INFO  @ Wed, 05 Jul 2023 09:24:38: Thread 0: Calculating MLL1 (2001) ...  
INFO  @ Wed, 05 Jul 2023 09:24:42: Thread 0: Calculating RNF146 (3001) ...  
INFO  @ Wed, 05 Jul 2023 09:24:45: Thread 0 completed. 
INFO  @ Wed, 05 Jul 2023 09:24:45: All threads completed. 
INFO  @ Wed, 05 Jul 2023 09:24:46: Assigning p values... 
INFO  @ Wed, 05 Jul 2023 09:24:46: Permuting groups of gene with 3 sgRNAs per gene. Group progress: 3/41 
INFO  @ Wed, 05 Jul 2023 09:24:46: Start permuting 2 rounds ... 
INFO  @ Wed, 05 Jul 2023 09:24:46: Collecting 26156 sgRNAs from 3516 genes. 
INFO  @ Wed, 05 Jul 2023 09:24:46: Permuting round 0 ... 
INFO  @ Wed, 05 Jul 2023 09:24:46: Thread 0 started. 
INFO  @ Wed, 05 Jul 2023 09:24:46: Thread 0: total 3516 instances. 
INFO  @ Wed, 05 Jul 2023 09:24:47: Thread 0: Calculating AATK (1) ...  
INFO  @ Wed, 05 Jul 2023 09:24:51: Thread 0: Calculating NFXL1 (1001) ...  
INFO  @ Wed, 05 Jul 2023 09:24:55: Thread 0: Calculating MLL1 (2001) ...  
INFO  @ Wed, 05 Jul 2023 09:25:00: Thread 0: Calculating RNF146 (3001) ...  
INFO  @ Wed, 05 Jul 2023 09:25:02: Thread 0 completed. 
INFO  @ Wed, 05 Jul 2023 09:25:02: All threads completed. 
INFO  @ Wed, 05 Jul 2023 09:25:03: Permuting round 1 ... 
INFO  @ Wed, 05 Jul 2023 09:25:03: Thread 0 started. 
INFO  @ Wed, 05 Jul 2023 09:25:03: Thread 0: total 3516 instances. 
INFO  @ Wed, 05 Jul 2023 09:25:03: Thread 0: Calculating AATK (1) ...  
INFO  @ Wed, 05 Jul 2023 09:25:08: Thread 0: Calculating NFXL1 (1001) ...  
INFO  @ Wed, 05 Jul 2023 09:25:12: Thread 0: Calculating MLL1 (2001) ...  
INFO  @ Wed, 05 Jul 2023 09:25:16: Thread 0: Calculating RNF146 (3001) ...  
INFO  @ Wed, 05 Jul 2023 09:25:19: Thread 0 completed. 
INFO  @ Wed, 05 Jul 2023 09:25:19: All threads completed. 
INFO  @ Wed, 05 Jul 2023 09:25:20: Assigning p values... 
INFO  @ Wed, 05 Jul 2023 09:25:20: Permuting groups of gene with 4 sgRNAs per gene. Group progress: 4/41 
INFO  @ Wed, 05 Jul 2023 09:25:20: Start permuting 2 rounds ... 
INFO  @ Wed, 05 Jul 2023 09:25:20: Collecting 26156 sgRNAs from 3516 genes. 
INFO  @ Wed, 05 Jul 2023 09:25:20: Permuting round 0 ... 
INFO  @ Wed, 05 Jul 2023 09:25:20: Thread 0 started. 
INFO  @ Wed, 05 Jul 2023 09:25:20: Thread 0: total 3516 instances. 
INFO  @ Wed, 05 Jul 2023 09:25:20: Thread 0: Calculating AATK (1) ...  
INFO  @ Wed, 05 Jul 2023 09:25:27: Thread 0: Calculating NFXL1 (1001) ...  
INFO  @ Wed, 05 Jul 2023 09:25:31: Thread 0: Calculating MLL1 (2001) ...  
INFO  @ Wed, 05 Jul 2023 09:25:36: Thread 0: Calculating RNF146 (3001) ...  
INFO  @ Wed, 05 Jul 2023 09:25:39: Thread 0 completed. 
INFO  @ Wed, 05 Jul 2023 09:25:39: All threads completed. 
INFO  @ Wed, 05 Jul 2023 09:25:40: Permuting round 1 ... 
INFO  @ Wed, 05 Jul 2023 09:25:40: Thread 0 started. 
INFO  @ Wed, 05 Jul 2023 09:25:40: Thread 0: total 3516 instances. 
INFO  @ Wed, 05 Jul 2023 09:25:40: Thread 0: Calculating AATK (1) ...  
INFO  @ Wed, 05 Jul 2023 09:25:45: Thread 0: Calculating NFXL1 (1001) ...  
INFO  @ Wed, 05 Jul 2023 09:25:50: Thread 0: Calculating MLL1 (2001) ...  
INFO  @ Wed, 05 Jul 2023 09:25:55: Thread 0: Calculating RNF146 (3001) ...  
INFO  @ Wed, 05 Jul 2023 09:25:57: Thread 0 completed. 
INFO  @ Wed, 05 Jul 2023 09:25:57: All threads completed. 
INFO  @ Wed, 05 Jul 2023 09:25:58: Assigning p values... 
INFO  @ Wed, 05 Jul 2023 09:25:58: Permuting groups of gene with 5 sgRNAs per gene. Group progress: 5/41 
INFO  @ Wed, 05 Jul 2023 09:25:58: Start permuting 2 rounds ... 
INFO  @ Wed, 05 Jul 2023 09:25:58: Collecting 26156 sgRNAs from 3516 genes. 
INFO  @ Wed, 05 Jul 2023 09:25:58: Permuting round 0 ... 
INFO  @ Wed, 05 Jul 2023 09:25:58: Thread 0 started. 
INFO  @ Wed, 05 Jul 2023 09:25:58: Thread 0: total 3516 instances. 
INFO  @ Wed, 05 Jul 2023 09:25:58: Thread 0: Calculating AATK (1) ...  
INFO  @ Wed, 05 Jul 2023 09:26:02: Thread 0: Calculating NFXL1 (1001) ...  
INFO  @ Wed, 05 Jul 2023 09:26:07: Thread 0: Calculating MLL1 (2001) ...  
INFO  @ Wed, 05 Jul 2023 09:26:13: Thread 0: Calculating RNF146 (3001) ...  
INFO  @ Wed, 05 Jul 2023 09:26:15: Thread 0 completed. 
INFO  @ Wed, 05 Jul 2023 09:26:15: All threads completed. 
INFO  @ Wed, 05 Jul 2023 09:26:16: Permuting round 1 ... 
INFO  @ Wed, 05 Jul 2023 09:26:17: Thread 0 started. 
INFO  @ Wed, 05 Jul 2023 09:26:17: Thread 0: total 3516 instances. 
INFO  @ Wed, 05 Jul 2023 09:26:17: Thread 0: Calculating AATK (1) ...  
INFO  @ Wed, 05 Jul 2023 09:26:21: Thread 0: Calculating NFXL1 (1001) ...  
INFO  @ Wed, 05 Jul 2023 09:26:26: Thread 0: Calculating MLL1 (2001) ...  
INFO  @ Wed, 05 Jul 2023 09:26:31: Thread 0: Calculating RNF146 (3001) ...  
INFO  @ Wed, 05 Jul 2023 09:26:34: Thread 0 completed. 
INFO  @ Wed, 05 Jul 2023 09:26:34: All threads completed. 
INFO  @ Wed, 05 Jul 2023 09:26:35: Assigning p values... 
INFO  @ Wed, 05 Jul 2023 09:26:35: Permuting groups of gene with 6 sgRNAs per gene. Group progress: 6/41 
INFO  @ Wed, 05 Jul 2023 09:26:35: Start permuting 2 rounds ... 
INFO  @ Wed, 05 Jul 2023 09:26:35: Collecting 26156 sgRNAs from 3516 genes. 
INFO  @ Wed, 05 Jul 2023 09:26:35: Permuting round 0 ... 
INFO  @ Wed, 05 Jul 2023 09:26:35: Thread 0 started. 
INFO  @ Wed, 05 Jul 2023 09:26:35: Thread 0: total 3516 instances. 
INFO  @ Wed, 05 Jul 2023 09:26:35: Thread 0: Calculating AATK (1) ...  
INFO  @ Wed, 05 Jul 2023 09:26:41: Thread 0: Calculating NFXL1 (1001) ...  
INFO  @ Wed, 05 Jul 2023 09:26:46: Thread 0: Calculating MLL1 (2001) ...  
INFO  @ Wed, 05 Jul 2023 09:26:51: Thread 0: Calculating RNF146 (3001) ...  
INFO  @ Wed, 05 Jul 2023 09:26:54: Thread 0 completed. 
INFO  @ Wed, 05 Jul 2023 09:26:54: All threads completed. 
INFO  @ Wed, 05 Jul 2023 09:26:55: Permuting round 1 ... 
INFO  @ Wed, 05 Jul 2023 09:26:55: Thread 0 started. 
INFO  @ Wed, 05 Jul 2023 09:26:55: Thread 0: total 3516 instances. 
INFO  @ Wed, 05 Jul 2023 09:26:55: Thread 0: Calculating AATK (1) ...  
INFO  @ Wed, 05 Jul 2023 09:27:01: Thread 0: Calculating NFXL1 (1001) ...  
INFO  @ Wed, 05 Jul 2023 09:27:06: Thread 0: Calculating MLL1 (2001) ...  
INFO  @ Wed, 05 Jul 2023 09:27:12: Thread 0: Calculating RNF146 (3001) ...  
INFO  @ Wed, 05 Jul 2023 09:27:15: Thread 0 completed. 
INFO  @ Wed, 05 Jul 2023 09:27:15: All threads completed. 
INFO  @ Wed, 05 Jul 2023 09:27:16: Assigning p values... 
INFO  @ Wed, 05 Jul 2023 09:27:16: Permuting groups of gene with 7 sgRNAs per gene. Group progress: 7/41 
INFO  @ Wed, 05 Jul 2023 09:27:16: Start permuting 2 rounds ... 
INFO  @ Wed, 05 Jul 2023 09:27:16: Collecting 26156 sgRNAs from 3516 genes. 
INFO  @ Wed, 05 Jul 2023 09:27:16: Permuting round 0 ... 
INFO  @ Wed, 05 Jul 2023 09:27:16: Thread 0 started. 
INFO  @ Wed, 05 Jul 2023 09:27:16: Thread 0: total 3516 instances. 
INFO  @ Wed, 05 Jul 2023 09:27:16: Thread 0: Calculating AATK (1) ...  
INFO  @ Wed, 05 Jul 2023 09:27:22: Thread 0: Calculating NFXL1 (1001) ...  
INFO  @ Wed, 05 Jul 2023 09:27:28: Thread 0: Calculating MLL1 (2001) ...  
INFO  @ Wed, 05 Jul 2023 09:27:33: Thread 0: Calculating RNF146 (3001) ...  
INFO  @ Wed, 05 Jul 2023 09:27:36: Thread 0 completed. 
INFO  @ Wed, 05 Jul 2023 09:27:36: All threads completed. 
INFO  @ Wed, 05 Jul 2023 09:27:37: Permuting round 1 ... 
INFO  @ Wed, 05 Jul 2023 09:27:37: Thread 0 started. 
INFO  @ Wed, 05 Jul 2023 09:27:37: Thread 0: total 3516 instances. 
INFO  @ Wed, 05 Jul 2023 09:27:37: Thread 0: Calculating AATK (1) ...  
INFO  @ Wed, 05 Jul 2023 09:27:42: Thread 0: Calculating NFXL1 (1001) ...  
INFO  @ Wed, 05 Jul 2023 09:27:47: Thread 0: Calculating MLL1 (2001) ...  
INFO  @ Wed, 05 Jul 2023 09:27:52: Thread 0: Calculating RNF146 (3001) ...  
INFO  @ Wed, 05 Jul 2023 09:27:55: Thread 0 completed. 
INFO  @ Wed, 05 Jul 2023 09:27:55: All threads completed. 
INFO  @ Wed, 05 Jul 2023 09:27:56: Assigning p values... 
INFO  @ Wed, 05 Jul 2023 09:27:56: Permuting groups of gene with 8 sgRNAs per gene. Group progress: 8/41 
INFO  @ Wed, 05 Jul 2023 09:27:56: Start permuting 2 rounds ... 
INFO  @ Wed, 05 Jul 2023 09:27:56: Collecting 26156 sgRNAs from 3516 genes. 
INFO  @ Wed, 05 Jul 2023 09:27:56: Permuting round 0 ... 
INFO  @ Wed, 05 Jul 2023 09:27:56: Thread 0 started. 
INFO  @ Wed, 05 Jul 2023 09:27:56: Thread 0: total 3516 instances. 
INFO  @ Wed, 05 Jul 2023 09:27:56: Thread 0: Calculating AATK (1) ...  
INFO  @ Wed, 05 Jul 2023 09:28:02: Thread 0: Calculating NFXL1 (1001) ...  
INFO  @ Wed, 05 Jul 2023 09:28:07: Thread 0: Calculating MLL1 (2001) ...  
INFO  @ Wed, 05 Jul 2023 09:28:12: Thread 0: Calculating RNF146 (3001) ...  
INFO  @ Wed, 05 Jul 2023 09:28:15: Thread 0 completed. 
INFO  @ Wed, 05 Jul 2023 09:28:15: All threads completed. 
INFO  @ Wed, 05 Jul 2023 09:28:16: Permuting round 1 ... 
INFO  @ Wed, 05 Jul 2023 09:28:16: Thread 0 started. 
INFO  @ Wed, 05 Jul 2023 09:28:16: Thread 0: total 3516 instances. 
INFO  @ Wed, 05 Jul 2023 09:28:16: Thread 0: Calculating AATK (1) ...  
INFO  @ Wed, 05 Jul 2023 09:28:21: Thread 0: Calculating NFXL1 (1001) ...  
INFO  @ Wed, 05 Jul 2023 09:28:26: Thread 0: Calculating MLL1 (2001) ...  
INFO  @ Wed, 05 Jul 2023 09:28:32: Thread 0: Calculating RNF146 (3001) ...  
INFO  @ Wed, 05 Jul 2023 09:28:35: Thread 0 completed. 
INFO  @ Wed, 05 Jul 2023 09:28:35: All threads completed. 
INFO  @ Wed, 05 Jul 2023 09:28:36: Assigning p values... 
INFO  @ Wed, 05 Jul 2023 09:28:36: Permuting groups of gene with 9 sgRNAs per gene. Group progress: 9/41 
INFO  @ Wed, 05 Jul 2023 09:28:36: Start permuting 2 rounds ... 
INFO  @ Wed, 05 Jul 2023 09:28:36: Collecting 26156 sgRNAs from 3516 genes. 
INFO  @ Wed, 05 Jul 2023 09:28:36: Permuting round 0 ... 
INFO  @ Wed, 05 Jul 2023 09:28:36: Thread 0 started. 
INFO  @ Wed, 05 Jul 2023 09:28:36: Thread 0: total 3516 instances. 
INFO  @ Wed, 05 Jul 2023 09:28:36: Thread 0: Calculating AATK (1) ...  
INFO  @ Wed, 05 Jul 2023 09:28:42: Thread 0: Calculating NFXL1 (1001) ...  
INFO  @ Wed, 05 Jul 2023 09:28:46: Thread 0: Calculating MLL1 (2001) ...  
INFO  @ Wed, 05 Jul 2023 09:28:52: Thread 0: Calculating RNF146 (3001) ...  
INFO  @ Wed, 05 Jul 2023 09:28:55: Thread 0 completed. 
INFO  @ Wed, 05 Jul 2023 09:28:55: All threads completed. 
INFO  @ Wed, 05 Jul 2023 09:28:56: Permuting round 1 ... 
INFO  @ Wed, 05 Jul 2023 09:28:56: Thread 0 started. 
INFO  @ Wed, 05 Jul 2023 09:28:56: Thread 0: total 3516 instances. 
INFO  @ Wed, 05 Jul 2023 09:28:56: Thread 0: Calculating AATK (1) ...  
INFO  @ Wed, 05 Jul 2023 09:29:02: Thread 0: Calculating NFXL1 (1001) ...  
INFO  @ Wed, 05 Jul 2023 09:29:07: Thread 0: Calculating MLL1 (2001) ...  
INFO  @ Wed, 05 Jul 2023 09:29:14: Thread 0: Calculating RNF146 (3001) ...  
INFO  @ Wed, 05 Jul 2023 09:29:17: Thread 0 completed. 
INFO  @ Wed, 05 Jul 2023 09:29:17: All threads completed. 
INFO  @ Wed, 05 Jul 2023 09:29:18: Assigning p values... 
INFO  @ Wed, 05 Jul 2023 09:29:18: Permuting groups of gene with 10 sgRNAs per gene. Group progress: 10/41 
INFO  @ Wed, 05 Jul 2023 09:29:18: Start permuting 2 rounds ... 
INFO  @ Wed, 05 Jul 2023 09:29:18: Collecting 26156 sgRNAs from 3516 genes. 
INFO  @ Wed, 05 Jul 2023 09:29:18: Permuting round 0 ... 
INFO  @ Wed, 05 Jul 2023 09:29:18: Thread 0 started. 
INFO  @ Wed, 05 Jul 2023 09:29:18: Thread 0: total 3516 instances. 
INFO  @ Wed, 05 Jul 2023 09:29:18: Thread 0: Calculating AATK (1) ...  
INFO  @ Wed, 05 Jul 2023 09:29:24: Thread 0: Calculating NFXL1 (1001) ...  
INFO  @ Wed, 05 Jul 2023 09:29:30: Thread 0: Calculating MLL1 (2001) ...  
INFO  @ Wed, 05 Jul 2023 09:29:36: Thread 0: Calculating RNF146 (3001) ...  
INFO  @ Wed, 05 Jul 2023 09:29:39: Thread 0 completed. 
INFO  @ Wed, 05 Jul 2023 09:29:39: All threads completed. 
INFO  @ Wed, 05 Jul 2023 09:29:41: Permuting round 1 ... 
INFO  @ Wed, 05 Jul 2023 09:29:41: Thread 0 started. 
INFO  @ Wed, 05 Jul 2023 09:29:41: Thread 0: total 3516 instances. 
INFO  @ Wed, 05 Jul 2023 09:29:41: Thread 0: Calculating AATK (1) ...  
INFO  @ Wed, 05 Jul 2023 09:29:46: Thread 0: Calculating NFXL1 (1001) ...  
INFO  @ Wed, 05 Jul 2023 09:29:52: Thread 0: Calculating MLL1 (2001) ...  
INFO  @ Wed, 05 Jul 2023 09:29:58: Thread 0: Calculating RNF146 (3001) ...  
INFO  @ Wed, 05 Jul 2023 09:30:01: Thread 0 completed. 
INFO  @ Wed, 05 Jul 2023 09:30:01: All threads completed. 
INFO  @ Wed, 05 Jul 2023 09:30:03: Assigning p values... 
INFO  @ Wed, 05 Jul 2023 09:30:03: Permuting groups of gene with 11 sgRNAs per gene. Group progress: 11/41 
INFO  @ Wed, 05 Jul 2023 09:30:03: Start permuting 2 rounds ... 
INFO  @ Wed, 05 Jul 2023 09:30:03: Collecting 26156 sgRNAs from 3516 genes. 
INFO  @ Wed, 05 Jul 2023 09:30:03: Permuting round 0 ... 
INFO  @ Wed, 05 Jul 2023 09:30:03: Thread 0 started. 
INFO  @ Wed, 05 Jul 2023 09:30:03: Thread 0: total 3516 instances. 
INFO  @ Wed, 05 Jul 2023 09:30:03: Thread 0: Calculating AATK (1) ...  
INFO  @ Wed, 05 Jul 2023 09:30:09: Thread 0: Calculating NFXL1 (1001) ...  
INFO  @ Wed, 05 Jul 2023 09:30:14: Thread 0: Calculating MLL1 (2001) ...  
INFO  @ Wed, 05 Jul 2023 09:30:20: Thread 0: Calculating RNF146 (3001) ...  
INFO  @ Wed, 05 Jul 2023 09:30:23: Thread 0 completed. 
INFO  @ Wed, 05 Jul 2023 09:30:23: All threads completed. 
INFO  @ Wed, 05 Jul 2023 09:30:24: Permuting round 1 ... 
INFO  @ Wed, 05 Jul 2023 09:30:24: Thread 0 started. 
INFO  @ Wed, 05 Jul 2023 09:30:24: Thread 0: total 3516 instances. 
INFO  @ Wed, 05 Jul 2023 09:30:24: Thread 0: Calculating AATK (1) ...  
INFO  @ Wed, 05 Jul 2023 09:30:30: Thread 0: Calculating NFXL1 (1001) ...  
INFO  @ Wed, 05 Jul 2023 09:30:35: Thread 0: Calculating MLL1 (2001) ...  
INFO  @ Wed, 05 Jul 2023 09:30:41: Thread 0: Calculating RNF146 (3001) ...  
INFO  @ Wed, 05 Jul 2023 09:30:44: Thread 0 completed. 
INFO  @ Wed, 05 Jul 2023 09:30:44: All threads completed. 
INFO  @ Wed, 05 Jul 2023 09:30:45: Assigning p values... 
INFO  @ Wed, 05 Jul 2023 09:30:45: Permuting groups of gene with 12 sgRNAs per gene. Group progress: 12/41 
INFO  @ Wed, 05 Jul 2023 09:30:45: Start permuting 2 rounds ... 
INFO  @ Wed, 05 Jul 2023 09:30:45: Collecting 26156 sgRNAs from 3516 genes. 
INFO  @ Wed, 05 Jul 2023 09:30:45: Permuting round 0 ... 
INFO  @ Wed, 05 Jul 2023 09:30:45: Thread 0 started. 
INFO  @ Wed, 05 Jul 2023 09:30:45: Thread 0: total 3516 instances. 
INFO  @ Wed, 05 Jul 2023 09:30:45: Thread 0: Calculating AATK (1) ...  
INFO  @ Wed, 05 Jul 2023 09:30:51: Thread 0: Calculating NFXL1 (1001) ...  
INFO  @ Wed, 05 Jul 2023 09:30:57: Thread 0: Calculating MLL1 (2001) ...  
INFO  @ Wed, 05 Jul 2023 09:31:03: Thread 0: Calculating RNF146 (3001) ...  
INFO  @ Wed, 05 Jul 2023 09:31:06: Thread 0 completed. 
INFO  @ Wed, 05 Jul 2023 09:31:06: All threads completed. 
INFO  @ Wed, 05 Jul 2023 09:31:07: Permuting round 1 ... 
INFO  @ Wed, 05 Jul 2023 09:31:07: Thread 0 started. 
INFO  @ Wed, 05 Jul 2023 09:31:07: Thread 0: total 3516 instances. 
INFO  @ Wed, 05 Jul 2023 09:31:07: Thread 0: Calculating AATK (1) ...  
INFO  @ Wed, 05 Jul 2023 09:31:13: Thread 0: Calculating NFXL1 (1001) ...  
INFO  @ Wed, 05 Jul 2023 09:31:19: Thread 0: Calculating MLL1 (2001) ...  
INFO  @ Wed, 05 Jul 2023 09:31:25: Thread 0: Calculating RNF146 (3001) ...  
INFO  @ Wed, 05 Jul 2023 09:31:28: Thread 0 completed. 
INFO  @ Wed, 05 Jul 2023 09:31:28: All threads completed. 
INFO  @ Wed, 05 Jul 2023 09:31:29: Assigning p values... 
INFO  @ Wed, 05 Jul 2023 09:31:29: Permuting groups of gene with 13 sgRNAs per gene. Group progress: 13/41 
INFO  @ Wed, 05 Jul 2023 09:31:29: Start permuting 2 rounds ... 
INFO  @ Wed, 05 Jul 2023 09:31:29: Collecting 26156 sgRNAs from 3516 genes. 
INFO  @ Wed, 05 Jul 2023 09:31:30: Permuting round 0 ... 
INFO  @ Wed, 05 Jul 2023 09:31:30: Thread 0 started. 
INFO  @ Wed, 05 Jul 2023 09:31:30: Thread 0: total 3516 instances. 
INFO  @ Wed, 05 Jul 2023 09:31:30: Thread 0: Calculating AATK (1) ...  
INFO  @ Wed, 05 Jul 2023 09:31:36: Thread 0: Calculating NFXL1 (1001) ...  
INFO  @ Wed, 05 Jul 2023 09:31:43: Thread 0: Calculating MLL1 (2001) ...  
INFO  @ Wed, 05 Jul 2023 09:31:49: Thread 0: Calculating RNF146 (3001) ...  
INFO  @ Wed, 05 Jul 2023 09:31:53: Thread 0 completed. 
INFO  @ Wed, 05 Jul 2023 09:31:53: All threads completed. 
INFO  @ Wed, 05 Jul 2023 09:31:54: Permuting round 1 ... 
INFO  @ Wed, 05 Jul 2023 09:31:54: Thread 0 started. 
INFO  @ Wed, 05 Jul 2023 09:31:54: Thread 0: total 3516 instances. 
INFO  @ Wed, 05 Jul 2023 09:31:54: Thread 0: Calculating AATK (1) ...  
INFO  @ Wed, 05 Jul 2023 09:32:00: Thread 0: Calculating NFXL1 (1001) ...  
INFO  @ Wed, 05 Jul 2023 09:32:06: Thread 0: Calculating MLL1 (2001) ...  
INFO  @ Wed, 05 Jul 2023 09:32:12: Thread 0: Calculating RNF146 (3001) ...  
INFO  @ Wed, 05 Jul 2023 09:32:15: Thread 0 completed. 
INFO  @ Wed, 05 Jul 2023 09:32:15: All threads completed. 
INFO  @ Wed, 05 Jul 2023 09:32:17: Assigning p values... 
INFO  @ Wed, 05 Jul 2023 09:32:17: Permuting groups of gene with 14 sgRNAs per gene. Group progress: 14/41 
INFO  @ Wed, 05 Jul 2023 09:32:17: Start permuting 2 rounds ... 
INFO  @ Wed, 05 Jul 2023 09:32:17: Collecting 26156 sgRNAs from 3516 genes. 
INFO  @ Wed, 05 Jul 2023 09:32:17: Permuting round 0 ... 
INFO  @ Wed, 05 Jul 2023 09:32:17: Thread 0 started. 
INFO  @ Wed, 05 Jul 2023 09:32:17: Thread 0: total 3516 instances. 
INFO  @ Wed, 05 Jul 2023 09:32:17: Thread 0: Calculating AATK (1) ...  
INFO  @ Wed, 05 Jul 2023 09:32:24: Thread 0: Calculating NFXL1 (1001) ...  
INFO  @ Wed, 05 Jul 2023 09:32:30: Thread 0: Calculating MLL1 (2001) ...  
INFO  @ Wed, 05 Jul 2023 09:32:36: Thread 0: Calculating RNF146 (3001) ...  
INFO  @ Wed, 05 Jul 2023 09:32:39: Thread 0 completed. 
INFO  @ Wed, 05 Jul 2023 09:32:39: All threads completed. 
INFO  @ Wed, 05 Jul 2023 09:32:40: Permuting round 1 ... 
INFO  @ Wed, 05 Jul 2023 09:32:40: Thread 0 started. 
INFO  @ Wed, 05 Jul 2023 09:32:40: Thread 0: total 3516 instances. 
INFO  @ Wed, 05 Jul 2023 09:32:40: Thread 0: Calculating AATK (1) ...  
INFO  @ Wed, 05 Jul 2023 09:32:47: Thread 0: Calculating NFXL1 (1001) ...  
INFO  @ Wed, 05 Jul 2023 09:32:53: Thread 0: Calculating MLL1 (2001) ...  
INFO  @ Wed, 05 Jul 2023 09:32:59: Thread 0: Calculating RNF146 (3001) ...  
INFO  @ Wed, 05 Jul 2023 09:33:02: Thread 0 completed. 
INFO  @ Wed, 05 Jul 2023 09:33:02: All threads completed. 
INFO  @ Wed, 05 Jul 2023 09:33:04: Assigning p values... 
INFO  @ Wed, 05 Jul 2023 09:33:04: Permuting groups of gene with 15 sgRNAs per gene. Group progress: 15/41 
INFO  @ Wed, 05 Jul 2023 09:33:04: Start permuting 2 rounds ... 
INFO  @ Wed, 05 Jul 2023 09:33:04: Collecting 26156 sgRNAs from 3516 genes. 
INFO  @ Wed, 05 Jul 2023 09:33:04: Permuting round 0 ... 
INFO  @ Wed, 05 Jul 2023 09:33:04: Thread 0 started. 
INFO  @ Wed, 05 Jul 2023 09:33:04: Thread 0: total 3516 instances. 
INFO  @ Wed, 05 Jul 2023 09:33:04: Thread 0: Calculating AATK (1) ...  
INFO  @ Wed, 05 Jul 2023 09:33:11: Thread 0: Calculating NFXL1 (1001) ...  
INFO  @ Wed, 05 Jul 2023 09:33:16: Thread 0: Calculating MLL1 (2001) ...  
INFO  @ Wed, 05 Jul 2023 09:33:22: Thread 0: Calculating RNF146 (3001) ...  
INFO  @ Wed, 05 Jul 2023 09:33:25: Thread 0 completed. 
INFO  @ Wed, 05 Jul 2023 09:33:25: All threads completed. 
INFO  @ Wed, 05 Jul 2023 09:33:27: Permuting round 1 ... 
INFO  @ Wed, 05 Jul 2023 09:33:27: Thread 0 started. 
INFO  @ Wed, 05 Jul 2023 09:33:27: Thread 0: total 3516 instances. 
INFO  @ Wed, 05 Jul 2023 09:33:27: Thread 0: Calculating AATK (1) ...  
INFO  @ Wed, 05 Jul 2023 09:33:33: Thread 0: Calculating NFXL1 (1001) ...  
INFO  @ Wed, 05 Jul 2023 09:33:39: Thread 0: Calculating MLL1 (2001) ...  
INFO  @ Wed, 05 Jul 2023 09:33:45: Thread 0: Calculating RNF146 (3001) ...  
INFO  @ Wed, 05 Jul 2023 09:33:48: Thread 0 completed. 
INFO  @ Wed, 05 Jul 2023 09:33:48: All threads completed. 
INFO  @ Wed, 05 Jul 2023 09:33:50: Assigning p values... 
INFO  @ Wed, 05 Jul 2023 09:33:50: Permuting groups of gene with 16 sgRNAs per gene. Group progress: 16/41 
INFO  @ Wed, 05 Jul 2023 09:33:50: Start permuting 2 rounds ... 
INFO  @ Wed, 05 Jul 2023 09:33:50: Collecting 26156 sgRNAs from 3516 genes. 
INFO  @ Wed, 05 Jul 2023 09:33:50: Permuting round 0 ... 
INFO  @ Wed, 05 Jul 2023 09:33:50: Thread 0 started. 
INFO  @ Wed, 05 Jul 2023 09:33:50: Thread 0: total 3516 instances. 
INFO  @ Wed, 05 Jul 2023 09:33:50: Thread 0: Calculating AATK (1) ...  
INFO  @ Wed, 05 Jul 2023 09:33:56: Thread 0: Calculating NFXL1 (1001) ...  
INFO  @ Wed, 05 Jul 2023 09:34:02: Thread 0: Calculating MLL1 (2001) ...  
INFO  @ Wed, 05 Jul 2023 09:34:08: Thread 0: Calculating RNF146 (3001) ...  
INFO  @ Wed, 05 Jul 2023 09:34:11: Thread 0 completed. 
INFO  @ Wed, 05 Jul 2023 09:34:11: All threads completed. 
INFO  @ Wed, 05 Jul 2023 09:34:12: Permuting round 1 ... 
INFO  @ Wed, 05 Jul 2023 09:34:12: Thread 0 started. 
INFO  @ Wed, 05 Jul 2023 09:34:12: Thread 0: total 3516 instances. 
INFO  @ Wed, 05 Jul 2023 09:34:12: Thread 0: Calculating AATK (1) ...  
INFO  @ Wed, 05 Jul 2023 09:34:18: Thread 0: Calculating NFXL1 (1001) ...  
INFO  @ Wed, 05 Jul 2023 09:34:25: Thread 0: Calculating MLL1 (2001) ...  
INFO  @ Wed, 05 Jul 2023 09:34:31: Thread 0: Calculating RNF146 (3001) ...  
INFO  @ Wed, 05 Jul 2023 09:34:33: Thread 0 completed. 
INFO  @ Wed, 05 Jul 2023 09:34:33: All threads completed. 
INFO  @ Wed, 05 Jul 2023 09:34:35: Assigning p values... 
INFO  @ Wed, 05 Jul 2023 09:34:35: Permuting groups of gene with 17 sgRNAs per gene. Group progress: 17/41 
INFO  @ Wed, 05 Jul 2023 09:34:35: Start permuting 2 rounds ... 
INFO  @ Wed, 05 Jul 2023 09:34:35: Collecting 26156 sgRNAs from 3516 genes. 
INFO  @ Wed, 05 Jul 2023 09:34:35: Permuting round 0 ... 
INFO  @ Wed, 05 Jul 2023 09:34:35: Thread 0 started. 
INFO  @ Wed, 05 Jul 2023 09:34:35: Thread 0: total 3516 instances. 
INFO  @ Wed, 05 Jul 2023 09:34:35: Thread 0: Calculating AATK (1) ...  
INFO  @ Wed, 05 Jul 2023 09:34:41: Thread 0: Calculating NFXL1 (1001) ...  
INFO  @ Wed, 05 Jul 2023 09:34:47: Thread 0: Calculating MLL1 (2001) ...  
INFO  @ Wed, 05 Jul 2023 09:34:54: Thread 0: Calculating RNF146 (3001) ...  
INFO  @ Wed, 05 Jul 2023 09:34:57: Thread 0 completed. 
INFO  @ Wed, 05 Jul 2023 09:34:57: All threads completed. 
INFO  @ Wed, 05 Jul 2023 09:34:58: Permuting round 1 ... 
INFO  @ Wed, 05 Jul 2023 09:34:58: Thread 0 started. 
INFO  @ Wed, 05 Jul 2023 09:34:58: Thread 0: total 3516 instances. 
INFO  @ Wed, 05 Jul 2023 09:34:58: Thread 0: Calculating AATK (1) ...  
INFO  @ Wed, 05 Jul 2023 09:35:06: Thread 0: Calculating NFXL1 (1001) ...  
INFO  @ Wed, 05 Jul 2023 09:35:13: Thread 0: Calculating MLL1 (2001) ...  
INFO  @ Wed, 05 Jul 2023 09:35:19: Thread 0: Calculating RNF146 (3001) ...  
INFO  @ Wed, 05 Jul 2023 09:35:22: Thread 0 completed. 
INFO  @ Wed, 05 Jul 2023 09:35:22: All threads completed. 
INFO  @ Wed, 05 Jul 2023 09:35:23: Assigning p values... 
INFO  @ Wed, 05 Jul 2023 09:35:24: Permuting groups of gene with 18 sgRNAs per gene. Group progress: 18/41 
INFO  @ Wed, 05 Jul 2023 09:35:24: Start permuting 2 rounds ... 
INFO  @ Wed, 05 Jul 2023 09:35:24: Collecting 26156 sgRNAs from 3516 genes. 
INFO  @ Wed, 05 Jul 2023 09:35:24: Permuting round 0 ... 
INFO  @ Wed, 05 Jul 2023 09:35:24: Thread 0 started. 
INFO  @ Wed, 05 Jul 2023 09:35:24: Thread 0: total 3516 instances. 
INFO  @ Wed, 05 Jul 2023 09:35:24: Thread 0: Calculating AATK (1) ...  
INFO  @ Wed, 05 Jul 2023 09:35:31: Thread 0: Calculating NFXL1 (1001) ...  
INFO  @ Wed, 05 Jul 2023 09:35:37: Thread 0: Calculating MLL1 (2001) ...  
INFO  @ Wed, 05 Jul 2023 09:35:44: Thread 0: Calculating RNF146 (3001) ...  
INFO  @ Wed, 05 Jul 2023 09:35:47: Thread 0 completed. 
INFO  @ Wed, 05 Jul 2023 09:35:47: All threads completed. 
INFO  @ Wed, 05 Jul 2023 09:35:48: Permuting round 1 ... 
INFO  @ Wed, 05 Jul 2023 09:35:48: Thread 0 started. 
INFO  @ Wed, 05 Jul 2023 09:35:48: Thread 0: total 3516 instances. 
INFO  @ Wed, 05 Jul 2023 09:35:48: Thread 0: Calculating AATK (1) ...  
INFO  @ Wed, 05 Jul 2023 09:35:55: Thread 0: Calculating NFXL1 (1001) ...  
INFO  @ Wed, 05 Jul 2023 09:36:01: Thread 0: Calculating MLL1 (2001) ...  
INFO  @ Wed, 05 Jul 2023 09:36:08: Thread 0: Calculating RNF146 (3001) ...  
INFO  @ Wed, 05 Jul 2023 09:36:11: Thread 0 completed. 
INFO  @ Wed, 05 Jul 2023 09:36:11: All threads completed. 
INFO  @ Wed, 05 Jul 2023 09:36:12: Assigning p values... 
INFO  @ Wed, 05 Jul 2023 09:36:12: Permuting groups of gene with 19 sgRNAs per gene. Group progress: 19/41 
INFO  @ Wed, 05 Jul 2023 09:36:12: Start permuting 2 rounds ... 
INFO  @ Wed, 05 Jul 2023 09:36:12: Collecting 26156 sgRNAs from 3516 genes. 
INFO  @ Wed, 05 Jul 2023 09:36:12: Permuting round 0 ... 
INFO  @ Wed, 05 Jul 2023 09:36:13: Thread 0 started. 
INFO  @ Wed, 05 Jul 2023 09:36:13: Thread 0: total 3516 instances. 
INFO  @ Wed, 05 Jul 2023 09:36:13: Thread 0: Calculating AATK (1) ...  
INFO  @ Wed, 05 Jul 2023 09:36:19: Thread 0: Calculating NFXL1 (1001) ...  
INFO  @ Wed, 05 Jul 2023 09:36:25: Thread 0: Calculating MLL1 (2001) ...  
INFO  @ Wed, 05 Jul 2023 09:36:31: Thread 0: Calculating RNF146 (3001) ...  
INFO  @ Wed, 05 Jul 2023 09:36:35: Thread 0 completed. 
INFO  @ Wed, 05 Jul 2023 09:36:35: All threads completed. 
INFO  @ Wed, 05 Jul 2023 09:36:36: Permuting round 1 ... 
INFO  @ Wed, 05 Jul 2023 09:36:36: Thread 0 started. 
INFO  @ Wed, 05 Jul 2023 09:36:36: Thread 0: total 3516 instances. 
INFO  @ Wed, 05 Jul 2023 09:36:36: Thread 0: Calculating AATK (1) ...  
INFO  @ Wed, 05 Jul 2023 09:36:42: Thread 0: Calculating NFXL1 (1001) ...  
INFO  @ Wed, 05 Jul 2023 09:36:49: Thread 0: Calculating MLL1 (2001) ...  
INFO  @ Wed, 05 Jul 2023 09:36:56: Thread 0: Calculating RNF146 (3001) ...  
INFO  @ Wed, 05 Jul 2023 09:37:00: Thread 0 completed. 
INFO  @ Wed, 05 Jul 2023 09:37:00: All threads completed. 
INFO  @ Wed, 05 Jul 2023 09:37:01: Assigning p values... 
INFO  @ Wed, 05 Jul 2023 09:37:01: Permuting groups of gene with 20 sgRNAs per gene. Group progress: 20/41 
INFO  @ Wed, 05 Jul 2023 09:37:01: Start permuting 2 rounds ... 
INFO  @ Wed, 05 Jul 2023 09:37:01: Collecting 26156 sgRNAs from 3516 genes. 
INFO  @ Wed, 05 Jul 2023 09:37:01: Permuting round 0 ... 
INFO  @ Wed, 05 Jul 2023 09:37:01: Thread 0 started. 
INFO  @ Wed, 05 Jul 2023 09:37:01: Thread 0: total 3516 instances. 
INFO  @ Wed, 05 Jul 2023 09:37:01: Thread 0: Calculating AATK (1) ...  
INFO  @ Wed, 05 Jul 2023 09:37:08: Thread 0: Calculating NFXL1 (1001) ...  
INFO  @ Wed, 05 Jul 2023 09:37:15: Thread 0: Calculating MLL1 (2001) ...  
INFO  @ Wed, 05 Jul 2023 09:37:22: Thread 0: Calculating RNF146 (3001) ...  
INFO  @ Wed, 05 Jul 2023 09:37:25: Thread 0 completed. 
INFO  @ Wed, 05 Jul 2023 09:37:25: All threads completed. 
INFO  @ Wed, 05 Jul 2023 09:37:27: Permuting round 1 ... 
INFO  @ Wed, 05 Jul 2023 09:37:27: Thread 0 started. 
INFO  @ Wed, 05 Jul 2023 09:37:27: Thread 0: total 3516 instances. 
INFO  @ Wed, 05 Jul 2023 09:37:27: Thread 0: Calculating AATK (1) ...  
INFO  @ Wed, 05 Jul 2023 09:37:34: Thread 0: Calculating NFXL1 (1001) ...  
INFO  @ Wed, 05 Jul 2023 09:37:40: Thread 0: Calculating MLL1 (2001) ...  
INFO  @ Wed, 05 Jul 2023 09:37:48: Thread 0: Calculating RNF146 (3001) ...  
INFO  @ Wed, 05 Jul 2023 09:37:51: Thread 0 completed. 
INFO  @ Wed, 05 Jul 2023 09:37:51: All threads completed. 
INFO  @ Wed, 05 Jul 2023 09:37:52: Assigning p values... 
INFO  @ Wed, 05 Jul 2023 09:37:52: Permuting groups of gene with 21 sgRNAs per gene. Group progress: 21/41 
INFO  @ Wed, 05 Jul 2023 09:37:52: Start permuting 2 rounds ... 
INFO  @ Wed, 05 Jul 2023 09:37:52: Collecting 26156 sgRNAs from 3516 genes. 
INFO  @ Wed, 05 Jul 2023 09:37:53: Permuting round 0 ... 
INFO  @ Wed, 05 Jul 2023 09:37:53: Thread 0 started. 
INFO  @ Wed, 05 Jul 2023 09:37:53: Thread 0: total 3516 instances. 
INFO  @ Wed, 05 Jul 2023 09:37:53: Thread 0: Calculating AATK (1) ...  
INFO  @ Wed, 05 Jul 2023 09:38:00: Thread 0: Calculating NFXL1 (1001) ...  
INFO  @ Wed, 05 Jul 2023 09:38:07: Thread 0: Calculating MLL1 (2001) ...  
INFO  @ Wed, 05 Jul 2023 09:38:14: Thread 0: Calculating RNF146 (3001) ...  
INFO  @ Wed, 05 Jul 2023 09:38:18: Thread 0 completed. 
INFO  @ Wed, 05 Jul 2023 09:38:18: All threads completed. 
INFO  @ Wed, 05 Jul 2023 09:38:19: Permuting round 1 ... 
INFO  @ Wed, 05 Jul 2023 09:38:20: Thread 0 started. 
INFO  @ Wed, 05 Jul 2023 09:38:20: Thread 0: total 3516 instances. 
INFO  @ Wed, 05 Jul 2023 09:38:20: Thread 0: Calculating AATK (1) ...  
INFO  @ Wed, 05 Jul 2023 09:38:26: Thread 0: Calculating NFXL1 (1001) ...  
INFO  @ Wed, 05 Jul 2023 09:38:33: Thread 0: Calculating MLL1 (2001) ...  
INFO  @ Wed, 05 Jul 2023 09:38:40: Thread 0: Calculating RNF146 (3001) ...  
INFO  @ Wed, 05 Jul 2023 09:38:43: Thread 0 completed. 
INFO  @ Wed, 05 Jul 2023 09:38:43: All threads completed. 
INFO  @ Wed, 05 Jul 2023 09:38:44: Assigning p values... 
INFO  @ Wed, 05 Jul 2023 09:38:44: Permuting groups of gene with 22 sgRNAs per gene. Group progress: 22/41 
INFO  @ Wed, 05 Jul 2023 09:38:44: Start permuting 2 rounds ... 
INFO  @ Wed, 05 Jul 2023 09:38:44: Collecting 26156 sgRNAs from 3516 genes. 
INFO  @ Wed, 05 Jul 2023 09:38:45: Permuting round 0 ... 
INFO  @ Wed, 05 Jul 2023 09:38:45: Thread 0 started. 
INFO  @ Wed, 05 Jul 2023 09:38:45: Thread 0: total 3516 instances. 
INFO  @ Wed, 05 Jul 2023 09:38:45: Thread 0: Calculating AATK (1) ...  
INFO  @ Wed, 05 Jul 2023 09:38:52: Thread 0: Calculating NFXL1 (1001) ...  
INFO  @ Wed, 05 Jul 2023 09:39:00: Thread 0: Calculating MLL1 (2001) ...  
INFO  @ Wed, 05 Jul 2023 09:39:07: Thread 0: Calculating RNF146 (3001) ...  
INFO  @ Wed, 05 Jul 2023 09:39:10: Thread 0 completed. 
INFO  @ Wed, 05 Jul 2023 09:39:10: All threads completed. 
INFO  @ Wed, 05 Jul 2023 09:39:11: Permuting round 1 ... 
INFO  @ Wed, 05 Jul 2023 09:39:11: Thread 0 started. 
INFO  @ Wed, 05 Jul 2023 09:39:11: Thread 0: total 3516 instances. 
INFO  @ Wed, 05 Jul 2023 09:39:11: Thread 0: Calculating AATK (1) ...  
INFO  @ Wed, 05 Jul 2023 09:39:18: Thread 0: Calculating NFXL1 (1001) ...  
INFO  @ Wed, 05 Jul 2023 09:39:25: Thread 0: Calculating MLL1 (2001) ...  
INFO  @ Wed, 05 Jul 2023 09:39:32: Thread 0: Calculating RNF146 (3001) ...  
INFO  @ Wed, 05 Jul 2023 09:39:35: Thread 0 completed. 
INFO  @ Wed, 05 Jul 2023 09:39:35: All threads completed. 
INFO  @ Wed, 05 Jul 2023 09:39:36: Assigning p values... 
INFO  @ Wed, 05 Jul 2023 09:39:36: Permuting groups of gene with 23 sgRNAs per gene. Group progress: 23/41 
INFO  @ Wed, 05 Jul 2023 09:39:36: Start permuting 2 rounds ... 
INFO  @ Wed, 05 Jul 2023 09:39:36: Collecting 26156 sgRNAs from 3516 genes. 
INFO  @ Wed, 05 Jul 2023 09:39:37: Permuting round 0 ... 
INFO  @ Wed, 05 Jul 2023 09:39:37: Thread 0 started. 
INFO  @ Wed, 05 Jul 2023 09:39:37: Thread 0: total 3516 instances. 
INFO  @ Wed, 05 Jul 2023 09:39:37: Thread 0: Calculating AATK (1) ...  
INFO  @ Wed, 05 Jul 2023 09:39:44: Thread 0: Calculating NFXL1 (1001) ...  
INFO  @ Wed, 05 Jul 2023 09:39:50: Thread 0: Calculating MLL1 (2001) ...  
INFO  @ Wed, 05 Jul 2023 09:39:57: Thread 0: Calculating RNF146 (3001) ...  
INFO  @ Wed, 05 Jul 2023 09:40:00: Thread 0 completed. 
INFO  @ Wed, 05 Jul 2023 09:40:00: All threads completed. 
INFO  @ Wed, 05 Jul 2023 09:40:01: Permuting round 1 ... 
INFO  @ Wed, 05 Jul 2023 09:40:01: Thread 0 started. 
INFO  @ Wed, 05 Jul 2023 09:40:01: Thread 0: total 3516 instances. 
INFO  @ Wed, 05 Jul 2023 09:40:01: Thread 0: Calculating AATK (1) ...  
INFO  @ Wed, 05 Jul 2023 09:40:09: Thread 0: Calculating NFXL1 (1001) ...  
INFO  @ Wed, 05 Jul 2023 09:40:16: Thread 0: Calculating MLL1 (2001) ...  
INFO  @ Wed, 05 Jul 2023 09:40:23: Thread 0: Calculating RNF146 (3001) ...  
INFO  @ Wed, 05 Jul 2023 09:40:26: Thread 0 completed. 
INFO  @ Wed, 05 Jul 2023 09:40:26: All threads completed. 
INFO  @ Wed, 05 Jul 2023 09:40:27: Assigning p values... 
INFO  @ Wed, 05 Jul 2023 09:40:28: Permuting groups of gene with 24 sgRNAs per gene. Group progress: 24/41 
INFO  @ Wed, 05 Jul 2023 09:40:28: Start permuting 2 rounds ... 
INFO  @ Wed, 05 Jul 2023 09:40:28: Collecting 26156 sgRNAs from 3516 genes. 
INFO  @ Wed, 05 Jul 2023 09:40:28: Permuting round 0 ... 
INFO  @ Wed, 05 Jul 2023 09:40:28: Thread 0 started. 
INFO  @ Wed, 05 Jul 2023 09:40:28: Thread 0: total 3516 instances. 
INFO  @ Wed, 05 Jul 2023 09:40:28: Thread 0: Calculating AATK (1) ...  
INFO  @ Wed, 05 Jul 2023 09:40:35: Thread 0: Calculating NFXL1 (1001) ...  
INFO  @ Wed, 05 Jul 2023 09:40:41: Thread 0: Calculating MLL1 (2001) ...  
INFO  @ Wed, 05 Jul 2023 09:40:48: Thread 0: Calculating RNF146 (3001) ...  
INFO  @ Wed, 05 Jul 2023 09:40:51: Thread 0 completed. 
INFO  @ Wed, 05 Jul 2023 09:40:51: All threads completed. 
INFO  @ Wed, 05 Jul 2023 09:40:52: Permuting round 1 ... 
INFO  @ Wed, 05 Jul 2023 09:40:53: Thread 0 started. 
INFO  @ Wed, 05 Jul 2023 09:40:53: Thread 0: total 3516 instances. 
INFO  @ Wed, 05 Jul 2023 09:40:53: Thread 0: Calculating AATK (1) ...  
INFO  @ Wed, 05 Jul 2023 09:40:59: Thread 0: Calculating NFXL1 (1001) ...  
INFO  @ Wed, 05 Jul 2023 09:41:06: Thread 0: Calculating MLL1 (2001) ...  
INFO  @ Wed, 05 Jul 2023 09:41:13: Thread 0: Calculating RNF146 (3001) ...  
INFO  @ Wed, 05 Jul 2023 09:41:17: Thread 0 completed. 
INFO  @ Wed, 05 Jul 2023 09:41:17: All threads completed. 
INFO  @ Wed, 05 Jul 2023 09:41:18: Assigning p values... 
INFO  @ Wed, 05 Jul 2023 09:41:18: Permuting groups of gene with 25 sgRNAs per gene. Group progress: 25/41 
INFO  @ Wed, 05 Jul 2023 09:41:18: Start permuting 2 rounds ... 
INFO  @ Wed, 05 Jul 2023 09:41:18: Collecting 26156 sgRNAs from 3516 genes. 
INFO  @ Wed, 05 Jul 2023 09:41:18: Permuting round 0 ... 
INFO  @ Wed, 05 Jul 2023 09:41:19: Thread 0 started. 
INFO  @ Wed, 05 Jul 2023 09:41:19: Thread 0: total 3516 instances. 
INFO  @ Wed, 05 Jul 2023 09:41:19: Thread 0: Calculating AATK (1) ...  
INFO  @ Wed, 05 Jul 2023 09:41:25: Thread 0: Calculating NFXL1 (1001) ...  
INFO  @ Wed, 05 Jul 2023 09:41:32: Thread 0: Calculating MLL1 (2001) ...  
INFO  @ Wed, 05 Jul 2023 09:41:39: Thread 0: Calculating RNF146 (3001) ...  
INFO  @ Wed, 05 Jul 2023 09:41:42: Thread 0 completed. 
INFO  @ Wed, 05 Jul 2023 09:41:42: All threads completed. 
INFO  @ Wed, 05 Jul 2023 09:41:44: Permuting round 1 ... 
INFO  @ Wed, 05 Jul 2023 09:41:44: Thread 0 started. 
INFO  @ Wed, 05 Jul 2023 09:41:44: Thread 0: total 3516 instances. 
INFO  @ Wed, 05 Jul 2023 09:41:44: Thread 0: Calculating AATK (1) ...  
INFO  @ Wed, 05 Jul 2023 09:41:51: Thread 0: Calculating NFXL1 (1001) ...  
INFO  @ Wed, 05 Jul 2023 09:41:58: Thread 0: Calculating MLL1 (2001) ...  
INFO  @ Wed, 05 Jul 2023 09:42:05: Thread 0: Calculating RNF146 (3001) ...  
INFO  @ Wed, 05 Jul 2023 09:42:09: Thread 0 completed. 
INFO  @ Wed, 05 Jul 2023 09:42:09: All threads completed. 
INFO  @ Wed, 05 Jul 2023 09:42:10: Assigning p values... 
INFO  @ Wed, 05 Jul 2023 09:42:10: Permuting groups of gene with 27 sgRNAs per gene. Group progress: 26/41 
INFO  @ Wed, 05 Jul 2023 09:42:10: Start permuting 2 rounds ... 
INFO  @ Wed, 05 Jul 2023 09:42:10: Collecting 26156 sgRNAs from 3516 genes. 
INFO  @ Wed, 05 Jul 2023 09:42:10: Permuting round 0 ... 
INFO  @ Wed, 05 Jul 2023 09:42:11: Thread 0 started. 
INFO  @ Wed, 05 Jul 2023 09:42:11: Thread 0: total 3516 instances. 
INFO  @ Wed, 05 Jul 2023 09:42:11: Thread 0: Calculating AATK (1) ...  
INFO  @ Wed, 05 Jul 2023 09:42:18: Thread 0: Calculating NFXL1 (1001) ...  
INFO  @ Wed, 05 Jul 2023 09:42:25: Thread 0: Calculating MLL1 (2001) ...  
INFO  @ Wed, 05 Jul 2023 09:42:32: Thread 0: Calculating RNF146 (3001) ...  
INFO  @ Wed, 05 Jul 2023 09:42:36: Thread 0 completed. 
INFO  @ Wed, 05 Jul 2023 09:42:36: All threads completed. 
INFO  @ Wed, 05 Jul 2023 09:42:37: Permuting round 1 ... 
INFO  @ Wed, 05 Jul 2023 09:42:37: Thread 0 started. 
INFO  @ Wed, 05 Jul 2023 09:42:37: Thread 0: total 3516 instances. 
INFO  @ Wed, 05 Jul 2023 09:42:37: Thread 0: Calculating AATK (1) ...  
INFO  @ Wed, 05 Jul 2023 09:42:45: Thread 0: Calculating NFXL1 (1001) ...  
INFO  @ Wed, 05 Jul 2023 09:42:53: Thread 0: Calculating MLL1 (2001) ...  
INFO  @ Wed, 05 Jul 2023 09:43:00: Thread 0: Calculating RNF146 (3001) ...  
INFO  @ Wed, 05 Jul 2023 09:43:04: Thread 0 completed. 
INFO  @ Wed, 05 Jul 2023 09:43:04: All threads completed. 
INFO  @ Wed, 05 Jul 2023 09:43:05: Assigning p values... 
INFO  @ Wed, 05 Jul 2023 09:43:05: Permuting groups of gene with 28 sgRNAs per gene. Group progress: 27/41 
INFO  @ Wed, 05 Jul 2023 09:43:05: Start permuting 2 rounds ... 
INFO  @ Wed, 05 Jul 2023 09:43:05: Collecting 26156 sgRNAs from 3516 genes. 
INFO  @ Wed, 05 Jul 2023 09:43:06: Permuting round 0 ... 
INFO  @ Wed, 05 Jul 2023 09:43:06: Thread 0 started. 
INFO  @ Wed, 05 Jul 2023 09:43:06: Thread 0: total 3516 instances. 
INFO  @ Wed, 05 Jul 2023 09:43:06: Thread 0: Calculating AATK (1) ...  
INFO  @ Wed, 05 Jul 2023 09:43:14: Thread 0: Calculating NFXL1 (1001) ...  
INFO  @ Wed, 05 Jul 2023 09:43:21: Thread 0: Calculating MLL1 (2001) ...  
INFO  @ Wed, 05 Jul 2023 09:43:28: Thread 0: Calculating RNF146 (3001) ...  
INFO  @ Wed, 05 Jul 2023 09:43:32: Thread 0 completed. 
INFO  @ Wed, 05 Jul 2023 09:43:32: All threads completed. 
INFO  @ Wed, 05 Jul 2023 09:43:33: Permuting round 1 ... 
INFO  @ Wed, 05 Jul 2023 09:43:33: Thread 0 started. 
INFO  @ Wed, 05 Jul 2023 09:43:33: Thread 0: total 3516 instances. 
INFO  @ Wed, 05 Jul 2023 09:43:33: Thread 0: Calculating AATK (1) ...  
INFO  @ Wed, 05 Jul 2023 09:43:41: Thread 0: Calculating NFXL1 (1001) ...  
INFO  @ Wed, 05 Jul 2023 09:43:49: Thread 0: Calculating MLL1 (2001) ...  
INFO  @ Wed, 05 Jul 2023 09:43:56: Thread 0: Calculating RNF146 (3001) ...  
INFO  @ Wed, 05 Jul 2023 09:44:01: Thread 0 completed. 
INFO  @ Wed, 05 Jul 2023 09:44:01: All threads completed. 
INFO  @ Wed, 05 Jul 2023 09:44:02: Assigning p values... 
INFO  @ Wed, 05 Jul 2023 09:44:02: Permuting groups of gene with 29 sgRNAs per gene. Group progress: 28/41 
INFO  @ Wed, 05 Jul 2023 09:44:02: Start permuting 2 rounds ... 
INFO  @ Wed, 05 Jul 2023 09:44:02: Collecting 26156 sgRNAs from 3516 genes. 
INFO  @ Wed, 05 Jul 2023 09:44:03: Permuting round 0 ... 
INFO  @ Wed, 05 Jul 2023 09:44:03: Thread 0 started. 
INFO  @ Wed, 05 Jul 2023 09:44:03: Thread 0: total 3516 instances. 
INFO  @ Wed, 05 Jul 2023 09:44:03: Thread 0: Calculating AATK (1) ...  
INFO  @ Wed, 05 Jul 2023 09:44:11: Thread 0: Calculating NFXL1 (1001) ...  
INFO  @ Wed, 05 Jul 2023 09:44:19: Thread 0: Calculating MLL1 (2001) ...  
INFO  @ Wed, 05 Jul 2023 09:44:26: Thread 0: Calculating RNF146 (3001) ...  
INFO  @ Wed, 05 Jul 2023 09:44:29: Thread 0 completed. 
INFO  @ Wed, 05 Jul 2023 09:44:29: All threads completed. 
INFO  @ Wed, 05 Jul 2023 09:44:31: Permuting round 1 ... 
INFO  @ Wed, 05 Jul 2023 09:44:31: Thread 0 started. 
INFO  @ Wed, 05 Jul 2023 09:44:31: Thread 0: total 3516 instances. 
INFO  @ Wed, 05 Jul 2023 09:44:31: Thread 0: Calculating AATK (1) ...  
INFO  @ Wed, 05 Jul 2023 09:44:39: Thread 0: Calculating NFXL1 (1001) ...  
INFO  @ Wed, 05 Jul 2023 09:44:48: Thread 0: Calculating MLL1 (2001) ...  
INFO  @ Wed, 05 Jul 2023 09:44:56: Thread 0: Calculating RNF146 (3001) ...  
INFO  @ Wed, 05 Jul 2023 09:45:00: Thread 0 completed. 
INFO  @ Wed, 05 Jul 2023 09:45:00: All threads completed. 
INFO  @ Wed, 05 Jul 2023 09:45:01: Assigning p values... 
INFO  @ Wed, 05 Jul 2023 09:45:01: Permuting groups of gene with 30 sgRNAs per gene. Group progress: 29/41 
INFO  @ Wed, 05 Jul 2023 09:45:01: Start permuting 2 rounds ... 
INFO  @ Wed, 05 Jul 2023 09:45:01: Collecting 26156 sgRNAs from 3516 genes. 
INFO  @ Wed, 05 Jul 2023 09:45:02: Permuting round 0 ... 
INFO  @ Wed, 05 Jul 2023 09:45:02: Thread 0 started. 
INFO  @ Wed, 05 Jul 2023 09:45:02: Thread 0: total 3516 instances. 
INFO  @ Wed, 05 Jul 2023 09:45:02: Thread 0: Calculating AATK (1) ...  
INFO  @ Wed, 05 Jul 2023 09:45:10: Thread 0: Calculating NFXL1 (1001) ...  
INFO  @ Wed, 05 Jul 2023 09:45:18: Thread 0: Calculating MLL1 (2001) ...  
INFO  @ Wed, 05 Jul 2023 09:45:26: Thread 0: Calculating RNF146 (3001) ...  
INFO  @ Wed, 05 Jul 2023 09:45:30: Thread 0 completed. 
INFO  @ Wed, 05 Jul 2023 09:45:30: All threads completed. 
INFO  @ Wed, 05 Jul 2023 09:45:31: Permuting round 1 ... 
INFO  @ Wed, 05 Jul 2023 09:45:32: Thread 0 started. 
INFO  @ Wed, 05 Jul 2023 09:45:32: Thread 0: total 3516 instances. 
INFO  @ Wed, 05 Jul 2023 09:45:32: Thread 0: Calculating AATK (1) ...  
INFO  @ Wed, 05 Jul 2023 09:45:46: Thread 0: Calculating NFXL1 (1001) ...  
INFO  @ Wed, 05 Jul 2023 09:45:58: Thread 0: Calculating MLL1 (2001) ...  
INFO  @ Wed, 05 Jul 2023 09:46:11: Thread 0: Calculating RNF146 (3001) ...  
INFO  @ Wed, 05 Jul 2023 09:46:18: Thread 0 completed. 
INFO  @ Wed, 05 Jul 2023 09:46:18: All threads completed. 
INFO  @ Wed, 05 Jul 2023 09:46:20: Assigning p values... 
INFO  @ Wed, 05 Jul 2023 09:46:20: Permuting groups of gene with 31 sgRNAs per gene. Group progress: 30/41 
INFO  @ Wed, 05 Jul 2023 09:46:20: Start permuting 2 rounds ... 
INFO  @ Wed, 05 Jul 2023 09:46:20: Collecting 26156 sgRNAs from 3516 genes. 
INFO  @ Wed, 05 Jul 2023 09:46:21: Permuting round 0 ... 
INFO  @ Wed, 05 Jul 2023 09:46:21: Thread 0 started. 
INFO  @ Wed, 05 Jul 2023 09:46:21: Thread 0: total 3516 instances. 
INFO  @ Wed, 05 Jul 2023 09:46:21: Thread 0: Calculating AATK (1) ...  
INFO  @ Wed, 05 Jul 2023 09:46:50: Thread 0: Calculating NFXL1 (1001) ...  
INFO  @ Wed, 05 Jul 2023 09:47:23: Thread 0: Calculating MLL1 (2001) ...  
INFO  @ Wed, 05 Jul 2023 09:47:53: Thread 0: Calculating RNF146 (3001) ...  
INFO  @ Wed, 05 Jul 2023 09:48:06: Thread 0 completed. 
INFO  @ Wed, 05 Jul 2023 09:48:06: All threads completed. 
INFO  @ Wed, 05 Jul 2023 09:48:07: Permuting round 1 ... 
INFO  @ Wed, 05 Jul 2023 09:48:08: Thread 0 started. 
INFO  @ Wed, 05 Jul 2023 09:48:08: Thread 0: total 3516 instances. 
INFO  @ Wed, 05 Jul 2023 09:48:08: Thread 0: Calculating AATK (1) ...  
INFO  @ Wed, 05 Jul 2023 09:48:37: Thread 0: Calculating NFXL1 (1001) ...  
INFO  @ Wed, 05 Jul 2023 09:49:04: Thread 0: Calculating MLL1 (2001) ...  
INFO  @ Wed, 05 Jul 2023 09:49:33: Thread 0: Calculating RNF146 (3001) ...  
INFO  @ Wed, 05 Jul 2023 09:49:42: Thread 0 completed. 
INFO  @ Wed, 05 Jul 2023 09:49:42: All threads completed. 
INFO  @ Wed, 05 Jul 2023 09:49:44: Assigning p values... 
INFO  @ Wed, 05 Jul 2023 09:49:44: Permuting groups of gene with 32 sgRNAs per gene. Group progress: 31/41 
INFO  @ Wed, 05 Jul 2023 09:49:44: Start permuting 2 rounds ... 
INFO  @ Wed, 05 Jul 2023 09:49:44: Collecting 26156 sgRNAs from 3516 genes. 
INFO  @ Wed, 05 Jul 2023 09:49:45: Permuting round 0 ... 
INFO  @ Wed, 05 Jul 2023 09:49:45: Thread 0 started. 
INFO  @ Wed, 05 Jul 2023 09:49:45: Thread 0: total 3516 instances. 
INFO  @ Wed, 05 Jul 2023 09:49:45: Thread 0: Calculating AATK (1) ...  
INFO  @ Wed, 05 Jul 2023 09:50:09: Thread 0: Calculating NFXL1 (1001) ...  
INFO  @ Wed, 05 Jul 2023 09:50:37: Thread 0: Calculating MLL1 (2001) ...  
INFO  @ Wed, 05 Jul 2023 09:51:05: Thread 0: Calculating RNF146 (3001) ...  
INFO  @ Wed, 05 Jul 2023 09:51:18: Thread 0 completed. 
INFO  @ Wed, 05 Jul 2023 09:51:18: All threads completed. 
INFO  @ Wed, 05 Jul 2023 09:51:20: Permuting round 1 ... 
INFO  @ Wed, 05 Jul 2023 09:51:20: Thread 0 started. 
INFO  @ Wed, 05 Jul 2023 09:51:20: Thread 0: total 3516 instances. 
INFO  @ Wed, 05 Jul 2023 09:51:20: Thread 0: Calculating AATK (1) ...  
INFO  @ Wed, 05 Jul 2023 09:51:47: Thread 0: Calculating NFXL1 (1001) ...  
INFO  @ Wed, 05 Jul 2023 09:52:11: Thread 0: Calculating MLL1 (2001) ...  
INFO  @ Wed, 05 Jul 2023 09:52:39: Thread 0: Calculating RNF146 (3001) ...  
INFO  @ Wed, 05 Jul 2023 09:52:53: Thread 0 completed. 
INFO  @ Wed, 05 Jul 2023 09:52:53: All threads completed. 
INFO  @ Wed, 05 Jul 2023 09:52:55: Assigning p values... 
INFO  @ Wed, 05 Jul 2023 09:52:55: Permuting groups of gene with 33 sgRNAs per gene. Group progress: 32/41 
INFO  @ Wed, 05 Jul 2023 09:52:55: Start permuting 2 rounds ... 
INFO  @ Wed, 05 Jul 2023 09:52:55: Collecting 26156 sgRNAs from 3516 genes. 
INFO  @ Wed, 05 Jul 2023 09:52:55: Permuting round 0 ... 
INFO  @ Wed, 05 Jul 2023 09:52:56: Thread 0 started. 
INFO  @ Wed, 05 Jul 2023 09:52:56: Thread 0: total 3516 instances. 
INFO  @ Wed, 05 Jul 2023 09:52:56: Thread 0: Calculating AATK (1) ...  
INFO  @ Wed, 05 Jul 2023 09:53:27: Thread 0: Calculating NFXL1 (1001) ...  
INFO  @ Wed, 05 Jul 2023 09:53:55: Thread 0: Calculating MLL1 (2001) ...  
INFO  @ Wed, 05 Jul 2023 09:54:24: Thread 0: Calculating RNF146 (3001) ...  
INFO  @ Wed, 05 Jul 2023 09:54:38: Thread 0 completed. 
INFO  @ Wed, 05 Jul 2023 09:54:38: All threads completed. 
INFO  @ Wed, 05 Jul 2023 09:54:40: Permuting round 1 ... 
INFO  @ Wed, 05 Jul 2023 09:54:40: Thread 0 started. 
INFO  @ Wed, 05 Jul 2023 09:54:40: Thread 0: total 3516 instances. 
INFO  @ Wed, 05 Jul 2023 09:54:40: Thread 0: Calculating AATK (1) ...  
INFO  @ Wed, 05 Jul 2023 09:55:10: Thread 0: Calculating NFXL1 (1001) ...  
INFO  @ Wed, 05 Jul 2023 09:55:37: Thread 0: Calculating MLL1 (2001) ...  
INFO  @ Wed, 05 Jul 2023 09:56:07: Thread 0: Calculating RNF146 (3001) ...  
INFO  @ Wed, 05 Jul 2023 09:56:19: Thread 0 completed. 
INFO  @ Wed, 05 Jul 2023 09:56:19: All threads completed. 
INFO  @ Wed, 05 Jul 2023 09:56:21: Assigning p values... 
INFO  @ Wed, 05 Jul 2023 09:56:21: Permuting groups of gene with 34 sgRNAs per gene. Group progress: 33/41 
INFO  @ Wed, 05 Jul 2023 09:56:21: Start permuting 2 rounds ... 
INFO  @ Wed, 05 Jul 2023 09:56:21: Collecting 26156 sgRNAs from 3516 genes. 
INFO  @ Wed, 05 Jul 2023 09:56:22: Permuting round 0 ... 
INFO  @ Wed, 05 Jul 2023 09:56:22: Thread 0 started. 
INFO  @ Wed, 05 Jul 2023 09:56:22: Thread 0: total 3516 instances. 
INFO  @ Wed, 05 Jul 2023 09:56:22: Thread 0: Calculating AATK (1) ...  
INFO  @ Wed, 05 Jul 2023 09:56:54: Thread 0: Calculating NFXL1 (1001) ...  
INFO  @ Wed, 05 Jul 2023 09:57:25: Thread 0: Calculating MLL1 (2001) ...  
INFO  @ Wed, 05 Jul 2023 09:57:53: Thread 0: Calculating RNF146 (3001) ...  
INFO  @ Wed, 05 Jul 2023 09:58:11: Thread 0 completed. 
INFO  @ Wed, 05 Jul 2023 09:58:11: All threads completed. 
INFO  @ Wed, 05 Jul 2023 09:58:13: Permuting round 1 ... 
INFO  @ Wed, 05 Jul 2023 09:58:13: Thread 0 started. 
INFO  @ Wed, 05 Jul 2023 09:58:13: Thread 0: total 3516 instances. 
INFO  @ Wed, 05 Jul 2023 09:58:13: Thread 0: Calculating AATK (1) ...  
INFO  @ Wed, 05 Jul 2023 09:58:45: Thread 0: Calculating NFXL1 (1001) ...  
INFO  @ Wed, 05 Jul 2023 09:59:14: Thread 0: Calculating MLL1 (2001) ...  
INFO  @ Wed, 05 Jul 2023 09:59:50: Thread 0: Calculating RNF146 (3001) ...  
INFO  @ Wed, 05 Jul 2023 10:00:06: Thread 0 completed. 
INFO  @ Wed, 05 Jul 2023 10:00:06: All threads completed. 
INFO  @ Wed, 05 Jul 2023 10:00:08: Assigning p values... 
INFO  @ Wed, 05 Jul 2023 10:00:08: Permuting groups of gene with 37 sgRNAs per gene. Group progress: 34/41 
INFO  @ Wed, 05 Jul 2023 10:00:08: Start permuting 2 rounds ... 
INFO  @ Wed, 05 Jul 2023 10:00:08: Collecting 26156 sgRNAs from 3516 genes. 
INFO  @ Wed, 05 Jul 2023 10:00:09: Permuting round 0 ... 
INFO  @ Wed, 05 Jul 2023 10:00:09: Thread 0 started. 
INFO  @ Wed, 05 Jul 2023 10:00:09: Thread 0: total 3516 instances. 
INFO  @ Wed, 05 Jul 2023 10:00:09: Thread 0: Calculating AATK (1) ...  
INFO  @ Wed, 05 Jul 2023 10:00:48: Thread 0: Calculating NFXL1 (1001) ...  
INFO  @ Wed, 05 Jul 2023 10:01:25: Thread 0: Calculating MLL1 (2001) ...  
INFO  @ Wed, 05 Jul 2023 10:01:56: Thread 0: Calculating RNF146 (3001) ...  
INFO  @ Wed, 05 Jul 2023 10:02:15: Thread 0 completed. 
INFO  @ Wed, 05 Jul 2023 10:02:15: All threads completed. 
INFO  @ Wed, 05 Jul 2023 10:02:17: Permuting round 1 ... 
INFO  @ Wed, 05 Jul 2023 10:02:17: Thread 0 started. 
INFO  @ Wed, 05 Jul 2023 10:02:17: Thread 0: total 3516 instances. 
INFO  @ Wed, 05 Jul 2023 10:02:18: Thread 0: Calculating AATK (1) ...  
INFO  @ Wed, 05 Jul 2023 10:02:53: Thread 0: Calculating NFXL1 (1001) ...  
INFO  @ Wed, 05 Jul 2023 10:03:31: Thread 0: Calculating MLL1 (2001) ...  
INFO  @ Wed, 05 Jul 2023 10:03:55: Thread 0: Calculating RNF146 (3001) ...  
INFO  @ Wed, 05 Jul 2023 10:04:05: Thread 0 completed. 
INFO  @ Wed, 05 Jul 2023 10:04:05: All threads completed. 
INFO  @ Wed, 05 Jul 2023 10:04:06: Assigning p values... 
INFO  @ Wed, 05 Jul 2023 10:04:06: Groups of gene with 42 sgRNAs per gene: assigning p values based on previous group results. Group progress: 35/41 
INFO  @ Wed, 05 Jul 2023 10:04:06: Groups of gene with 46 sgRNAs per gene: assigning p values based on previous group results. Group progress: 36/41 
INFO  @ Wed, 05 Jul 2023 10:04:06: Groups of gene with 47 sgRNAs per gene: assigning p values based on previous group results. Group progress: 37/41 
INFO  @ Wed, 05 Jul 2023 10:04:06: Groups of gene with 48 sgRNAs per gene: assigning p values based on previous group results. Group progress: 38/41 
INFO  @ Wed, 05 Jul 2023 10:04:06: Groups of gene with 49 sgRNAs per gene: assigning p values based on previous group results. Group progress: 39/41 
INFO  @ Wed, 05 Jul 2023 10:04:06: Groups of gene with 56 sgRNAs per gene: assigning p values based on previous group results. Group progress: 40/41 
INFO  @ Wed, 05 Jul 2023 10:04:06: Groups of gene with 67 sgRNAs per gene: assigning p values based on previous group results. Group progress: 41/41 
INFO  @ Wed, 05 Jul 2023 10:04:06: Writing gene results to mle_count-A2780-Ts18.gene_summary.txt 
INFO  @ Wed, 05 Jul 2023 10:04:06: Writing sgRNA results to mle_count-A2780-Ts18.sgrna_summary.txt 
