INFO  @ Tue, 14 Feb 2023 11:06:27: Parameters: /gpfs/ysm/project/sheltzer/rah88/conda_envs/mageck/bin/mageck mle -k count-DLD1-Ts10.21-i.f.csv -d matrixTs10.21.txt -n mle_Ts10.21 
INFO  @ Tue, 14 Feb 2023 11:06:28: Cannot parse design matrix as a string; try to parse it as a file name ... 
INFO  @ Tue, 14 Feb 2023 11:06:28: Design matrix: 
INFO  @ Tue, 14 Feb 2023 11:06:28: [[1. 0.] 
INFO  @ Tue, 14 Feb 2023 11:06:28:  [1. 1.]] 
INFO  @ Tue, 14 Feb 2023 11:06:28: Beta labels:baseline,DLD1-Ts10.21 
INFO  @ Tue, 14 Feb 2023 11:06:28: Included samples:DLD1-Ts10.21.initial,DLD1-Ts10.21.final 
INFO  @ Tue, 14 Feb 2023 11:06:28: Treating count-DLD1-Ts10.21-i.f.csv as csv file ... 
INFO  @ Tue, 14 Feb 2023 11:06:28: Loaded samples:DLD1-Ts10.21.initial;DLD1-Ts10.21.final 
INFO  @ Tue, 14 Feb 2023 11:06:28: Sample index: 0;1 
INFO  @ Tue, 14 Feb 2023 11:06:28: Loaded 3516 genes. 
DEBUG @ Tue, 14 Feb 2023 11:06:28: Initial (total) size factor: 0.8925109653023147 1.1369248813404442 
DEBUG @ Tue, 14 Feb 2023 11:06:28: Median factor: 0.8982797821878036 1.1207288846068235 
INFO  @ Tue, 14 Feb 2023 11:06:28: Final size factor: 0.8982797821878036 1.1207288846068235 
INFO  @ Tue, 14 Feb 2023 11:06:28: size factor: 1.1132389037683248,0.8922764584146702 
INFO  @ Tue, 14 Feb 2023 11:06:29: Thread 0 started. 
INFO  @ Tue, 14 Feb 2023 11:06:29: Thread 0: total 1 instances. 
INFO  @ Tue, 14 Feb 2023 11:06:29: Thread 0 completed. 
INFO  @ Tue, 14 Feb 2023 11:06:29: All threads completed. 
INFO  @ Tue, 14 Feb 2023 11:06:29: Modeling the mean and variance ... 
INFO  @ Tue, 14 Feb 2023 11:06:29: Run the algorithm for the second time ... 
INFO  @ Tue, 14 Feb 2023 11:06:29: Skipping gene NKX2 from MLE calculation since there are too many sgRNAs. To change, revise the --max-sgrnapergene-permutation option. 
INFO  @ Tue, 14 Feb 2023 11:06:29: Skipping gene PBRM1 from MLE calculation since there are too many sgRNAs. To change, revise the --max-sgrnapergene-permutation option. 
INFO  @ Tue, 14 Feb 2023 11:06:29: Skipping gene KDM2A from MLE calculation since there are too many sgRNAs. To change, revise the --max-sgrnapergene-permutation option. 
INFO  @ Tue, 14 Feb 2023 11:06:29: Skipping gene KDM2B from MLE calculation since there are too many sgRNAs. To change, revise the --max-sgrnapergene-permutation option. 
INFO  @ Tue, 14 Feb 2023 11:06:29: Skipping gene KMT2A from MLE calculation since there are too many sgRNAs. To change, revise the --max-sgrnapergene-permutation option. 
INFO  @ Tue, 14 Feb 2023 11:06:29: Skipping gene KMT2B from MLE calculation since there are too many sgRNAs. To change, revise the --max-sgrnapergene-permutation option. 
INFO  @ Tue, 14 Feb 2023 11:06:29: Skipping gene KMT2C from MLE calculation since there are too many sgRNAs. To change, revise the --max-sgrnapergene-permutation option. 
INFO  @ Tue, 14 Feb 2023 11:06:29: Skipping gene KMT2D from MLE calculation since there are too many sgRNAs. To change, revise the --max-sgrnapergene-permutation option. 
INFO  @ Tue, 14 Feb 2023 11:06:29: Skipping gene NSD1 from MLE calculation since there are too many sgRNAs. To change, revise the --max-sgrnapergene-permutation option. 
INFO  @ Tue, 14 Feb 2023 11:06:29: Skipping gene RNF17 from MLE calculation since there are too many sgRNAs. To change, revise the --max-sgrnapergene-permutation option. 
INFO  @ Tue, 14 Feb 2023 11:06:29: Skipping gene TDRD6 from MLE calculation since there are too many sgRNAs. To change, revise the --max-sgrnapergene-permutation option. 
INFO  @ Tue, 14 Feb 2023 11:06:29: Thread 0 started. 
INFO  @ Tue, 14 Feb 2023 11:06:29: Thread 0: total 3505 instances. 
INFO  @ Tue, 14 Feb 2023 11:06:29: Thread 0: Calculating AATK (1) ...  
INFO  @ Tue, 14 Feb 2023 11:06:45: Thread 0: Calculating NFXL1 (1001) ...  
INFO  @ Tue, 14 Feb 2023 11:07:04: Thread 0: Calculating NO66 (2001) ...  
INFO  @ Tue, 14 Feb 2023 11:07:20: Thread 0: Calculating RNF170 (3001) ...  
INFO  @ Tue, 14 Feb 2023 11:07:29: Thread 0 completed. 
INFO  @ Tue, 14 Feb 2023 11:07:29: All threads completed. 
INFO  @ Tue, 14 Feb 2023 11:07:30: Permuting groups of gene with 1 sgRNAs per gene. Group progress: 1/41 
INFO  @ Tue, 14 Feb 2023 11:07:30: Start permuting 2 rounds ... 
INFO  @ Tue, 14 Feb 2023 11:07:31: Collecting 26156 sgRNAs from 3516 genes. 
INFO  @ Tue, 14 Feb 2023 11:07:31: Permuting round 0 ... 
INFO  @ Tue, 14 Feb 2023 11:07:32: Thread 0 started. 
INFO  @ Tue, 14 Feb 2023 11:07:32: Thread 0: total 3516 instances. 
INFO  @ Tue, 14 Feb 2023 11:07:32: Thread 0: Calculating AATK (1) ...  
INFO  @ Tue, 14 Feb 2023 11:07:40: Thread 0: Calculating NFXL1 (1001) ...  
INFO  @ Tue, 14 Feb 2023 11:07:48: Thread 0: Calculating MLL1 (2001) ...  
INFO  @ Tue, 14 Feb 2023 11:07:56: Thread 0: Calculating RNF146 (3001) ...  
INFO  @ Tue, 14 Feb 2023 11:08:00: Thread 0 completed. 
INFO  @ Tue, 14 Feb 2023 11:08:00: All threads completed. 
INFO  @ Tue, 14 Feb 2023 11:08:02: Permuting round 1 ... 
INFO  @ Tue, 14 Feb 2023 11:08:02: Thread 0 started. 
INFO  @ Tue, 14 Feb 2023 11:08:02: Thread 0: total 3516 instances. 
INFO  @ Tue, 14 Feb 2023 11:08:02: Thread 0: Calculating AATK (1) ...  
INFO  @ Tue, 14 Feb 2023 11:08:10: Thread 0: Calculating NFXL1 (1001) ...  
INFO  @ Tue, 14 Feb 2023 11:08:18: Thread 0: Calculating MLL1 (2001) ...  
INFO  @ Tue, 14 Feb 2023 11:08:26: Thread 0: Calculating RNF146 (3001) ...  
INFO  @ Tue, 14 Feb 2023 11:08:29: Thread 0 completed. 
INFO  @ Tue, 14 Feb 2023 11:08:29: All threads completed. 
INFO  @ Tue, 14 Feb 2023 11:08:31: Assigning p values... 
INFO  @ Tue, 14 Feb 2023 11:08:31: Permuting groups of gene with 2 sgRNAs per gene. Group progress: 2/41 
INFO  @ Tue, 14 Feb 2023 11:08:31: Start permuting 2 rounds ... 
INFO  @ Tue, 14 Feb 2023 11:08:32: Collecting 26156 sgRNAs from 3516 genes. 
INFO  @ Tue, 14 Feb 2023 11:08:32: Permuting round 0 ... 
INFO  @ Tue, 14 Feb 2023 11:08:33: Thread 0 started. 
INFO  @ Tue, 14 Feb 2023 11:08:33: Thread 0: total 3516 instances. 
INFO  @ Tue, 14 Feb 2023 11:08:33: Thread 0: Calculating AATK (1) ...  
INFO  @ Tue, 14 Feb 2023 11:08:47: Thread 0: Calculating NFXL1 (1001) ...  
INFO  @ Tue, 14 Feb 2023 11:09:01: Thread 0: Calculating MLL1 (2001) ...  
INFO  @ Tue, 14 Feb 2023 11:09:30: Thread 0: Calculating RNF146 (3001) ...  
INFO  @ Tue, 14 Feb 2023 11:09:36: Thread 0 completed. 
INFO  @ Tue, 14 Feb 2023 11:09:36: All threads completed. 
INFO  @ Tue, 14 Feb 2023 11:09:38: Permuting round 1 ... 
INFO  @ Tue, 14 Feb 2023 11:09:39: Thread 0 started. 
INFO  @ Tue, 14 Feb 2023 11:09:39: Thread 0: total 3516 instances. 
INFO  @ Tue, 14 Feb 2023 11:09:39: Thread 0: Calculating AATK (1) ...  
INFO  @ Tue, 14 Feb 2023 11:09:57: Thread 0: Calculating NFXL1 (1001) ...  
INFO  @ Tue, 14 Feb 2023 11:10:12: Thread 0: Calculating MLL1 (2001) ...  
INFO  @ Tue, 14 Feb 2023 11:10:26: Thread 0: Calculating RNF146 (3001) ...  
INFO  @ Tue, 14 Feb 2023 11:10:33: Thread 0 completed. 
INFO  @ Tue, 14 Feb 2023 11:10:33: All threads completed. 
INFO  @ Tue, 14 Feb 2023 11:10:35: Assigning p values... 
INFO  @ Tue, 14 Feb 2023 11:10:35: Permuting groups of gene with 3 sgRNAs per gene. Group progress: 3/41 
INFO  @ Tue, 14 Feb 2023 11:10:35: Start permuting 2 rounds ... 
INFO  @ Tue, 14 Feb 2023 11:10:35: Collecting 26156 sgRNAs from 3516 genes. 
INFO  @ Tue, 14 Feb 2023 11:10:36: Permuting round 0 ... 
INFO  @ Tue, 14 Feb 2023 11:10:36: Thread 0 started. 
INFO  @ Tue, 14 Feb 2023 11:10:36: Thread 0: total 3516 instances. 
INFO  @ Tue, 14 Feb 2023 11:10:36: Thread 0: Calculating AATK (1) ...  
INFO  @ Tue, 14 Feb 2023 11:10:52: Thread 0: Calculating NFXL1 (1001) ...  
INFO  @ Tue, 14 Feb 2023 11:11:08: Thread 0: Calculating MLL1 (2001) ...  
INFO  @ Tue, 14 Feb 2023 11:11:24: Thread 0: Calculating RNF146 (3001) ...  
INFO  @ Tue, 14 Feb 2023 11:11:32: Thread 0 completed. 
INFO  @ Tue, 14 Feb 2023 11:11:32: All threads completed. 
INFO  @ Tue, 14 Feb 2023 11:11:34: Permuting round 1 ... 
INFO  @ Tue, 14 Feb 2023 11:11:34: Thread 0 started. 
INFO  @ Tue, 14 Feb 2023 11:11:34: Thread 0: total 3516 instances. 
INFO  @ Tue, 14 Feb 2023 11:11:34: Thread 0: Calculating AATK (1) ...  
INFO  @ Tue, 14 Feb 2023 11:11:50: Thread 0: Calculating NFXL1 (1001) ...  
INFO  @ Tue, 14 Feb 2023 11:12:06: Thread 0: Calculating MLL1 (2001) ...  
INFO  @ Tue, 14 Feb 2023 11:12:22: Thread 0: Calculating RNF146 (3001) ...  
INFO  @ Tue, 14 Feb 2023 11:12:30: Thread 0 completed. 
INFO  @ Tue, 14 Feb 2023 11:12:30: All threads completed. 
INFO  @ Tue, 14 Feb 2023 11:12:32: Assigning p values... 
INFO  @ Tue, 14 Feb 2023 11:12:32: Permuting groups of gene with 4 sgRNAs per gene. Group progress: 4/41 
INFO  @ Tue, 14 Feb 2023 11:12:32: Start permuting 2 rounds ... 
INFO  @ Tue, 14 Feb 2023 11:12:33: Collecting 26156 sgRNAs from 3516 genes. 
INFO  @ Tue, 14 Feb 2023 11:12:33: Permuting round 0 ... 
INFO  @ Tue, 14 Feb 2023 11:12:34: Thread 0 started. 
INFO  @ Tue, 14 Feb 2023 11:12:34: Thread 0: total 3516 instances. 
INFO  @ Tue, 14 Feb 2023 11:12:34: Thread 0: Calculating AATK (1) ...  
INFO  @ Tue, 14 Feb 2023 11:12:51: Thread 0: Calculating NFXL1 (1001) ...  
INFO  @ Tue, 14 Feb 2023 11:13:07: Thread 0: Calculating MLL1 (2001) ...  
INFO  @ Tue, 14 Feb 2023 11:13:24: Thread 0: Calculating RNF146 (3001) ...  
INFO  @ Tue, 14 Feb 2023 11:13:32: Thread 0 completed. 
INFO  @ Tue, 14 Feb 2023 11:13:32: All threads completed. 
INFO  @ Tue, 14 Feb 2023 11:13:34: Permuting round 1 ... 
INFO  @ Tue, 14 Feb 2023 11:13:34: Thread 0 started. 
INFO  @ Tue, 14 Feb 2023 11:13:34: Thread 0: total 3516 instances. 
INFO  @ Tue, 14 Feb 2023 11:13:34: Thread 0: Calculating AATK (1) ...  
INFO  @ Tue, 14 Feb 2023 11:13:52: Thread 0: Calculating NFXL1 (1001) ...  
INFO  @ Tue, 14 Feb 2023 11:14:08: Thread 0: Calculating MLL1 (2001) ...  
INFO  @ Tue, 14 Feb 2023 11:14:25: Thread 0: Calculating RNF146 (3001) ...  
INFO  @ Tue, 14 Feb 2023 11:14:34: Thread 0 completed. 
INFO  @ Tue, 14 Feb 2023 11:14:34: All threads completed. 
INFO  @ Tue, 14 Feb 2023 11:14:36: Assigning p values... 
INFO  @ Tue, 14 Feb 2023 11:14:36: Permuting groups of gene with 5 sgRNAs per gene. Group progress: 5/41 
INFO  @ Tue, 14 Feb 2023 11:14:36: Start permuting 2 rounds ... 
INFO  @ Tue, 14 Feb 2023 11:14:36: Collecting 26156 sgRNAs from 3516 genes. 
INFO  @ Tue, 14 Feb 2023 11:14:37: Permuting round 0 ... 
INFO  @ Tue, 14 Feb 2023 11:14:37: Thread 0 started. 
INFO  @ Tue, 14 Feb 2023 11:14:37: Thread 0: total 3516 instances. 
INFO  @ Tue, 14 Feb 2023 11:14:37: Thread 0: Calculating AATK (1) ...  
INFO  @ Tue, 14 Feb 2023 11:14:54: Thread 0: Calculating NFXL1 (1001) ...  
INFO  @ Tue, 14 Feb 2023 11:15:11: Thread 0: Calculating MLL1 (2001) ...  
INFO  @ Tue, 14 Feb 2023 11:15:28: Thread 0: Calculating RNF146 (3001) ...  
INFO  @ Tue, 14 Feb 2023 11:15:37: Thread 0 completed. 
INFO  @ Tue, 14 Feb 2023 11:15:37: All threads completed. 
INFO  @ Tue, 14 Feb 2023 11:15:40: Permuting round 1 ... 
INFO  @ Tue, 14 Feb 2023 11:15:40: Thread 0 started. 
INFO  @ Tue, 14 Feb 2023 11:15:40: Thread 0: total 3516 instances. 
INFO  @ Tue, 14 Feb 2023 11:15:40: Thread 0: Calculating AATK (1) ...  
INFO  @ Tue, 14 Feb 2023 11:15:57: Thread 0: Calculating NFXL1 (1001) ...  
INFO  @ Tue, 14 Feb 2023 11:16:14: Thread 0: Calculating MLL1 (2001) ...  
INFO  @ Tue, 14 Feb 2023 11:16:32: Thread 0: Calculating RNF146 (3001) ...  
INFO  @ Tue, 14 Feb 2023 11:16:41: Thread 0 completed. 
INFO  @ Tue, 14 Feb 2023 11:16:41: All threads completed. 
INFO  @ Tue, 14 Feb 2023 11:16:43: Assigning p values... 
INFO  @ Tue, 14 Feb 2023 11:16:43: Permuting groups of gene with 6 sgRNAs per gene. Group progress: 6/41 
INFO  @ Tue, 14 Feb 2023 11:16:43: Start permuting 2 rounds ... 
INFO  @ Tue, 14 Feb 2023 11:16:43: Collecting 26156 sgRNAs from 3516 genes. 
INFO  @ Tue, 14 Feb 2023 11:16:44: Permuting round 0 ... 
INFO  @ Tue, 14 Feb 2023 11:16:44: Thread 0 started. 
INFO  @ Tue, 14 Feb 2023 11:16:44: Thread 0: total 3516 instances. 
INFO  @ Tue, 14 Feb 2023 11:16:44: Thread 0: Calculating AATK (1) ...  
INFO  @ Tue, 14 Feb 2023 11:17:02: Thread 0: Calculating NFXL1 (1001) ...  
INFO  @ Tue, 14 Feb 2023 11:17:19: Thread 0: Calculating MLL1 (2001) ...  
INFO  @ Tue, 14 Feb 2023 11:17:37: Thread 0: Calculating RNF146 (3001) ...  
INFO  @ Tue, 14 Feb 2023 11:17:47: Thread 0 completed. 
INFO  @ Tue, 14 Feb 2023 11:17:47: All threads completed. 
INFO  @ Tue, 14 Feb 2023 11:17:49: Permuting round 1 ... 
INFO  @ Tue, 14 Feb 2023 11:17:49: Thread 0 started. 
INFO  @ Tue, 14 Feb 2023 11:17:49: Thread 0: total 3516 instances. 
INFO  @ Tue, 14 Feb 2023 11:17:49: Thread 0: Calculating AATK (1) ...  
INFO  @ Tue, 14 Feb 2023 11:18:07: Thread 0: Calculating NFXL1 (1001) ...  
INFO  @ Tue, 14 Feb 2023 11:18:24: Thread 0: Calculating MLL1 (2001) ...  
INFO  @ Tue, 14 Feb 2023 11:18:43: Thread 0: Calculating RNF146 (3001) ...  
INFO  @ Tue, 14 Feb 2023 11:18:53: Thread 0 completed. 
INFO  @ Tue, 14 Feb 2023 11:18:53: All threads completed. 
INFO  @ Tue, 14 Feb 2023 11:18:54: Assigning p values... 
INFO  @ Tue, 14 Feb 2023 11:18:55: Permuting groups of gene with 7 sgRNAs per gene. Group progress: 7/41 
INFO  @ Tue, 14 Feb 2023 11:18:55: Start permuting 2 rounds ... 
INFO  @ Tue, 14 Feb 2023 11:18:55: Collecting 26156 sgRNAs from 3516 genes. 
INFO  @ Tue, 14 Feb 2023 11:18:56: Permuting round 0 ... 
INFO  @ Tue, 14 Feb 2023 11:18:57: Thread 0 started. 
INFO  @ Tue, 14 Feb 2023 11:18:57: Thread 0: total 3516 instances. 
INFO  @ Tue, 14 Feb 2023 11:18:57: Thread 0: Calculating AATK (1) ...  
INFO  @ Tue, 14 Feb 2023 11:19:15: Thread 0: Calculating NFXL1 (1001) ...  
INFO  @ Tue, 14 Feb 2023 11:19:34: Thread 0: Calculating MLL1 (2001) ...  
INFO  @ Tue, 14 Feb 2023 11:19:52: Thread 0: Calculating RNF146 (3001) ...  
INFO  @ Tue, 14 Feb 2023 11:20:02: Thread 0 completed. 
INFO  @ Tue, 14 Feb 2023 11:20:02: All threads completed. 
INFO  @ Tue, 14 Feb 2023 11:20:03: Permuting round 1 ... 
INFO  @ Tue, 14 Feb 2023 11:20:04: Thread 0 started. 
INFO  @ Tue, 14 Feb 2023 11:20:04: Thread 0: total 3516 instances. 
INFO  @ Tue, 14 Feb 2023 11:20:04: Thread 0: Calculating AATK (1) ...  
INFO  @ Tue, 14 Feb 2023 11:20:23: Thread 0: Calculating NFXL1 (1001) ...  
INFO  @ Tue, 14 Feb 2023 11:20:42: Thread 0: Calculating MLL1 (2001) ...  
INFO  @ Tue, 14 Feb 2023 11:21:01: Thread 0: Calculating RNF146 (3001) ...  
INFO  @ Tue, 14 Feb 2023 11:21:10: Thread 0 completed. 
INFO  @ Tue, 14 Feb 2023 11:21:10: All threads completed. 
INFO  @ Tue, 14 Feb 2023 11:21:12: Assigning p values... 
INFO  @ Tue, 14 Feb 2023 11:21:12: Permuting groups of gene with 8 sgRNAs per gene. Group progress: 8/41 
INFO  @ Tue, 14 Feb 2023 11:21:12: Start permuting 2 rounds ... 
INFO  @ Tue, 14 Feb 2023 11:21:13: Collecting 26156 sgRNAs from 3516 genes. 
INFO  @ Tue, 14 Feb 2023 11:21:14: Permuting round 0 ... 
INFO  @ Tue, 14 Feb 2023 11:21:14: Thread 0 started. 
INFO  @ Tue, 14 Feb 2023 11:21:14: Thread 0: total 3516 instances. 
INFO  @ Tue, 14 Feb 2023 11:21:14: Thread 0: Calculating AATK (1) ...  
INFO  @ Tue, 14 Feb 2023 11:21:33: Thread 0: Calculating NFXL1 (1001) ...  
INFO  @ Tue, 14 Feb 2023 11:21:52: Thread 0: Calculating MLL1 (2001) ...  
INFO  @ Tue, 14 Feb 2023 11:22:11: Thread 0: Calculating RNF146 (3001) ...  
INFO  @ Tue, 14 Feb 2023 11:22:21: Thread 0 completed. 
INFO  @ Tue, 14 Feb 2023 11:22:21: All threads completed. 
INFO  @ Tue, 14 Feb 2023 11:22:23: Permuting round 1 ... 
INFO  @ Tue, 14 Feb 2023 11:22:23: Thread 0 started. 
INFO  @ Tue, 14 Feb 2023 11:22:23: Thread 0: total 3516 instances. 
INFO  @ Tue, 14 Feb 2023 11:22:23: Thread 0: Calculating AATK (1) ...  
INFO  @ Tue, 14 Feb 2023 11:22:44: Thread 0: Calculating NFXL1 (1001) ...  
INFO  @ Tue, 14 Feb 2023 11:23:04: Thread 0: Calculating MLL1 (2001) ...  
INFO  @ Tue, 14 Feb 2023 11:23:23: Thread 0: Calculating RNF146 (3001) ...  
INFO  @ Tue, 14 Feb 2023 11:23:33: Thread 0 completed. 
INFO  @ Tue, 14 Feb 2023 11:23:33: All threads completed. 
INFO  @ Tue, 14 Feb 2023 11:23:35: Assigning p values... 
INFO  @ Tue, 14 Feb 2023 11:23:35: Permuting groups of gene with 9 sgRNAs per gene. Group progress: 9/41 
INFO  @ Tue, 14 Feb 2023 11:23:35: Start permuting 2 rounds ... 
INFO  @ Tue, 14 Feb 2023 11:23:36: Collecting 26156 sgRNAs from 3516 genes. 
INFO  @ Tue, 14 Feb 2023 11:23:37: Permuting round 0 ... 
INFO  @ Tue, 14 Feb 2023 11:23:37: Thread 0 started. 
INFO  @ Tue, 14 Feb 2023 11:23:37: Thread 0: total 3516 instances. 
INFO  @ Tue, 14 Feb 2023 11:23:37: Thread 0: Calculating AATK (1) ...  
INFO  @ Tue, 14 Feb 2023 11:23:58: Thread 0: Calculating NFXL1 (1001) ...  
INFO  @ Tue, 14 Feb 2023 11:24:17: Thread 0: Calculating MLL1 (2001) ...  
INFO  @ Tue, 14 Feb 2023 11:24:37: Thread 0: Calculating RNF146 (3001) ...  
INFO  @ Tue, 14 Feb 2023 11:24:47: Thread 0 completed. 
INFO  @ Tue, 14 Feb 2023 11:24:47: All threads completed. 
INFO  @ Tue, 14 Feb 2023 11:24:49: Permuting round 1 ... 
INFO  @ Tue, 14 Feb 2023 11:24:49: Thread 0 started. 
INFO  @ Tue, 14 Feb 2023 11:24:49: Thread 0: total 3516 instances. 
INFO  @ Tue, 14 Feb 2023 11:24:49: Thread 0: Calculating AATK (1) ...  
INFO  @ Tue, 14 Feb 2023 11:25:10: Thread 0: Calculating NFXL1 (1001) ...  
INFO  @ Tue, 14 Feb 2023 11:25:31: Thread 0: Calculating MLL1 (2001) ...  
INFO  @ Tue, 14 Feb 2023 11:25:50: Thread 0: Calculating RNF146 (3001) ...  
INFO  @ Tue, 14 Feb 2023 11:26:01: Thread 0 completed. 
INFO  @ Tue, 14 Feb 2023 11:26:01: All threads completed. 
INFO  @ Tue, 14 Feb 2023 11:26:03: Assigning p values... 
INFO  @ Tue, 14 Feb 2023 11:26:03: Permuting groups of gene with 10 sgRNAs per gene. Group progress: 10/41 
INFO  @ Tue, 14 Feb 2023 11:26:03: Start permuting 2 rounds ... 
INFO  @ Tue, 14 Feb 2023 11:26:03: Collecting 26156 sgRNAs from 3516 genes. 
INFO  @ Tue, 14 Feb 2023 11:26:04: Permuting round 0 ... 
INFO  @ Tue, 14 Feb 2023 11:26:04: Thread 0 started. 
INFO  @ Tue, 14 Feb 2023 11:26:05: Thread 0: total 3516 instances. 
INFO  @ Tue, 14 Feb 2023 11:26:05: Thread 0: Calculating AATK (1) ...  
INFO  @ Tue, 14 Feb 2023 11:26:26: Thread 0: Calculating NFXL1 (1001) ...  
INFO  @ Tue, 14 Feb 2023 11:26:46: Thread 0: Calculating MLL1 (2001) ...  
INFO  @ Tue, 14 Feb 2023 11:27:06: Thread 0: Calculating RNF146 (3001) ...  
INFO  @ Tue, 14 Feb 2023 11:27:16: Thread 0 completed. 
INFO  @ Tue, 14 Feb 2023 11:27:16: All threads completed. 
INFO  @ Tue, 14 Feb 2023 11:27:18: Permuting round 1 ... 
INFO  @ Tue, 14 Feb 2023 11:27:19: Thread 0 started. 
INFO  @ Tue, 14 Feb 2023 11:27:19: Thread 0: total 3516 instances. 
INFO  @ Tue, 14 Feb 2023 11:27:19: Thread 0: Calculating AATK (1) ...  
INFO  @ Tue, 14 Feb 2023 11:27:40: Thread 0: Calculating NFXL1 (1001) ...  
INFO  @ Tue, 14 Feb 2023 11:28:01: Thread 0: Calculating MLL1 (2001) ...  
INFO  @ Tue, 14 Feb 2023 11:28:21: Thread 0: Calculating RNF146 (3001) ...  
INFO  @ Tue, 14 Feb 2023 11:28:32: Thread 0 completed. 
INFO  @ Tue, 14 Feb 2023 11:28:32: All threads completed. 
INFO  @ Tue, 14 Feb 2023 11:28:34: Assigning p values... 
INFO  @ Tue, 14 Feb 2023 11:28:34: Permuting groups of gene with 11 sgRNAs per gene. Group progress: 11/41 
INFO  @ Tue, 14 Feb 2023 11:28:34: Start permuting 2 rounds ... 
INFO  @ Tue, 14 Feb 2023 11:28:34: Collecting 26156 sgRNAs from 3516 genes. 
INFO  @ Tue, 14 Feb 2023 11:28:35: Permuting round 0 ... 
INFO  @ Tue, 14 Feb 2023 11:28:36: Thread 0 started. 
INFO  @ Tue, 14 Feb 2023 11:28:36: Thread 0: total 3516 instances. 
INFO  @ Tue, 14 Feb 2023 11:28:36: Thread 0: Calculating AATK (1) ...  
INFO  @ Tue, 14 Feb 2023 11:28:57: Thread 0: Calculating NFXL1 (1001) ...  
INFO  @ Tue, 14 Feb 2023 11:29:17: Thread 0: Calculating MLL1 (2001) ...  
INFO  @ Tue, 14 Feb 2023 11:29:38: Thread 0: Calculating RNF146 (3001) ...  
INFO  @ Tue, 14 Feb 2023 11:29:49: Thread 0 completed. 
INFO  @ Tue, 14 Feb 2023 11:29:49: All threads completed. 
INFO  @ Tue, 14 Feb 2023 11:29:52: Permuting round 1 ... 
INFO  @ Tue, 14 Feb 2023 11:29:52: Thread 0 started. 
INFO  @ Tue, 14 Feb 2023 11:29:52: Thread 0: total 3516 instances. 
INFO  @ Tue, 14 Feb 2023 11:29:52: Thread 0: Calculating AATK (1) ...  
INFO  @ Tue, 14 Feb 2023 11:30:13: Thread 0: Calculating NFXL1 (1001) ...  
INFO  @ Tue, 14 Feb 2023 11:30:34: Thread 0: Calculating MLL1 (2001) ...  
INFO  @ Tue, 14 Feb 2023 11:30:55: Thread 0: Calculating RNF146 (3001) ...  
INFO  @ Tue, 14 Feb 2023 11:31:06: Thread 0 completed. 
INFO  @ Tue, 14 Feb 2023 11:31:06: All threads completed. 
INFO  @ Tue, 14 Feb 2023 11:31:08: Assigning p values... 
INFO  @ Tue, 14 Feb 2023 11:31:08: Permuting groups of gene with 12 sgRNAs per gene. Group progress: 12/41 
INFO  @ Tue, 14 Feb 2023 11:31:08: Start permuting 2 rounds ... 
INFO  @ Tue, 14 Feb 2023 11:31:08: Collecting 26156 sgRNAs from 3516 genes. 
INFO  @ Tue, 14 Feb 2023 11:31:09: Permuting round 0 ... 
INFO  @ Tue, 14 Feb 2023 11:31:10: Thread 0 started. 
INFO  @ Tue, 14 Feb 2023 11:31:10: Thread 0: total 3516 instances. 
INFO  @ Tue, 14 Feb 2023 11:31:10: Thread 0: Calculating AATK (1) ...  
INFO  @ Tue, 14 Feb 2023 11:31:31: Thread 0: Calculating NFXL1 (1001) ...  
INFO  @ Tue, 14 Feb 2023 11:31:52: Thread 0: Calculating MLL1 (2001) ...  
INFO  @ Tue, 14 Feb 2023 11:32:13: Thread 0: Calculating RNF146 (3001) ...  
INFO  @ Tue, 14 Feb 2023 11:32:24: Thread 0 completed. 
INFO  @ Tue, 14 Feb 2023 11:32:24: All threads completed. 
INFO  @ Tue, 14 Feb 2023 11:32:27: Permuting round 1 ... 
INFO  @ Tue, 14 Feb 2023 11:32:27: Thread 0 started. 
INFO  @ Tue, 14 Feb 2023 11:32:27: Thread 0: total 3516 instances. 
INFO  @ Tue, 14 Feb 2023 11:32:27: Thread 0: Calculating AATK (1) ...  
INFO  @ Tue, 14 Feb 2023 11:32:49: Thread 0: Calculating NFXL1 (1001) ...  
INFO  @ Tue, 14 Feb 2023 11:33:10: Thread 0: Calculating MLL1 (2001) ...  
INFO  @ Tue, 14 Feb 2023 11:33:32: Thread 0: Calculating RNF146 (3001) ...  
INFO  @ Tue, 14 Feb 2023 11:33:43: Thread 0 completed. 
INFO  @ Tue, 14 Feb 2023 11:33:43: All threads completed. 
INFO  @ Tue, 14 Feb 2023 11:33:45: Assigning p values... 
INFO  @ Tue, 14 Feb 2023 11:33:45: Permuting groups of gene with 13 sgRNAs per gene. Group progress: 13/41 
INFO  @ Tue, 14 Feb 2023 11:33:45: Start permuting 2 rounds ... 
INFO  @ Tue, 14 Feb 2023 11:33:45: Collecting 26156 sgRNAs from 3516 genes. 
INFO  @ Tue, 14 Feb 2023 11:33:46: Permuting round 0 ... 
INFO  @ Tue, 14 Feb 2023 11:33:47: Thread 0 started. 
INFO  @ Tue, 14 Feb 2023 11:33:47: Thread 0: total 3516 instances. 
INFO  @ Tue, 14 Feb 2023 11:33:47: Thread 0: Calculating AATK (1) ...  
INFO  @ Tue, 14 Feb 2023 11:34:09: Thread 0: Calculating NFXL1 (1001) ...  
INFO  @ Tue, 14 Feb 2023 11:34:30: Thread 0: Calculating MLL1 (2001) ...  
INFO  @ Tue, 14 Feb 2023 11:34:52: Thread 0: Calculating RNF146 (3001) ...  
INFO  @ Tue, 14 Feb 2023 11:35:03: Thread 0 completed. 
INFO  @ Tue, 14 Feb 2023 11:35:03: All threads completed. 
INFO  @ Tue, 14 Feb 2023 11:35:05: Permuting round 1 ... 
INFO  @ Tue, 14 Feb 2023 11:35:06: Thread 0 started. 
INFO  @ Tue, 14 Feb 2023 11:35:06: Thread 0: total 3516 instances. 
INFO  @ Tue, 14 Feb 2023 11:35:06: Thread 0: Calculating AATK (1) ...  
INFO  @ Tue, 14 Feb 2023 11:35:28: Thread 0: Calculating NFXL1 (1001) ...  
INFO  @ Tue, 14 Feb 2023 11:35:50: Thread 0: Calculating MLL1 (2001) ...  
INFO  @ Tue, 14 Feb 2023 11:36:12: Thread 0: Calculating RNF146 (3001) ...  
INFO  @ Tue, 14 Feb 2023 11:36:23: Thread 0 completed. 
INFO  @ Tue, 14 Feb 2023 11:36:23: All threads completed. 
INFO  @ Tue, 14 Feb 2023 11:36:25: Assigning p values... 
INFO  @ Tue, 14 Feb 2023 11:36:25: Permuting groups of gene with 14 sgRNAs per gene. Group progress: 14/41 
INFO  @ Tue, 14 Feb 2023 11:36:25: Start permuting 2 rounds ... 
INFO  @ Tue, 14 Feb 2023 11:36:26: Collecting 26156 sgRNAs from 3516 genes. 
INFO  @ Tue, 14 Feb 2023 11:36:27: Permuting round 0 ... 
INFO  @ Tue, 14 Feb 2023 11:36:27: Thread 0 started. 
INFO  @ Tue, 14 Feb 2023 11:36:27: Thread 0: total 3516 instances. 
INFO  @ Tue, 14 Feb 2023 11:36:27: Thread 0: Calculating AATK (1) ...  
INFO  @ Tue, 14 Feb 2023 11:36:51: Thread 0: Calculating NFXL1 (1001) ...  
INFO  @ Tue, 14 Feb 2023 11:37:12: Thread 0: Calculating MLL1 (2001) ...  
INFO  @ Tue, 14 Feb 2023 11:37:35: Thread 0: Calculating RNF146 (3001) ...  
INFO  @ Tue, 14 Feb 2023 11:37:46: Thread 0 completed. 
INFO  @ Tue, 14 Feb 2023 11:37:46: All threads completed. 
INFO  @ Tue, 14 Feb 2023 11:37:48: Permuting round 1 ... 
INFO  @ Tue, 14 Feb 2023 11:37:48: Thread 0 started. 
INFO  @ Tue, 14 Feb 2023 11:37:48: Thread 0: total 3516 instances. 
INFO  @ Tue, 14 Feb 2023 11:37:48: Thread 0: Calculating AATK (1) ...  
INFO  @ Tue, 14 Feb 2023 11:38:11: Thread 0: Calculating NFXL1 (1001) ...  
INFO  @ Tue, 14 Feb 2023 11:38:34: Thread 0: Calculating MLL1 (2001) ...  
INFO  @ Tue, 14 Feb 2023 11:38:56: Thread 0: Calculating RNF146 (3001) ...  
INFO  @ Tue, 14 Feb 2023 11:39:08: Thread 0 completed. 
INFO  @ Tue, 14 Feb 2023 11:39:08: All threads completed. 
INFO  @ Tue, 14 Feb 2023 11:39:10: Assigning p values... 
INFO  @ Tue, 14 Feb 2023 11:39:10: Permuting groups of gene with 15 sgRNAs per gene. Group progress: 15/41 
INFO  @ Tue, 14 Feb 2023 11:39:10: Start permuting 2 rounds ... 
INFO  @ Tue, 14 Feb 2023 11:39:11: Collecting 26156 sgRNAs from 3516 genes. 
INFO  @ Tue, 14 Feb 2023 11:39:11: Permuting round 0 ... 
INFO  @ Tue, 14 Feb 2023 11:39:12: Thread 0 started. 
INFO  @ Tue, 14 Feb 2023 11:39:12: Thread 0: total 3516 instances. 
INFO  @ Tue, 14 Feb 2023 11:39:12: Thread 0: Calculating AATK (1) ...  
INFO  @ Tue, 14 Feb 2023 11:39:34: Thread 0: Calculating NFXL1 (1001) ...  
INFO  @ Tue, 14 Feb 2023 11:39:57: Thread 0: Calculating MLL1 (2001) ...  
INFO  @ Tue, 14 Feb 2023 11:40:18: Thread 0: Calculating RNF146 (3001) ...  
INFO  @ Tue, 14 Feb 2023 11:40:30: Thread 0 completed. 
INFO  @ Tue, 14 Feb 2023 11:40:30: All threads completed. 
INFO  @ Tue, 14 Feb 2023 11:40:32: Permuting round 1 ... 
INFO  @ Tue, 14 Feb 2023 11:40:32: Thread 0 started. 
INFO  @ Tue, 14 Feb 2023 11:40:32: Thread 0: total 3516 instances. 
INFO  @ Tue, 14 Feb 2023 11:40:32: Thread 0: Calculating AATK (1) ...  
INFO  @ Tue, 14 Feb 2023 11:40:55: Thread 0: Calculating NFXL1 (1001) ...  
INFO  @ Tue, 14 Feb 2023 11:41:17: Thread 0: Calculating MLL1 (2001) ...  
INFO  @ Tue, 14 Feb 2023 11:41:39: Thread 0: Calculating RNF146 (3001) ...  
INFO  @ Tue, 14 Feb 2023 11:41:50: Thread 0 completed. 
INFO  @ Tue, 14 Feb 2023 11:41:50: All threads completed. 
INFO  @ Tue, 14 Feb 2023 11:41:52: Assigning p values... 
INFO  @ Tue, 14 Feb 2023 11:41:52: Permuting groups of gene with 16 sgRNAs per gene. Group progress: 16/41 
INFO  @ Tue, 14 Feb 2023 11:41:52: Start permuting 2 rounds ... 
INFO  @ Tue, 14 Feb 2023 11:41:53: Collecting 26156 sgRNAs from 3516 genes. 
INFO  @ Tue, 14 Feb 2023 11:41:54: Permuting round 0 ... 
INFO  @ Tue, 14 Feb 2023 11:41:54: Thread 0 started. 
INFO  @ Tue, 14 Feb 2023 11:41:54: Thread 0: total 3516 instances. 
INFO  @ Tue, 14 Feb 2023 11:41:54: Thread 0: Calculating AATK (1) ...  
INFO  @ Tue, 14 Feb 2023 11:42:17: Thread 0: Calculating NFXL1 (1001) ...  
INFO  @ Tue, 14 Feb 2023 11:42:39: Thread 0: Calculating MLL1 (2001) ...  
INFO  @ Tue, 14 Feb 2023 11:43:01: Thread 0: Calculating RNF146 (3001) ...  
INFO  @ Tue, 14 Feb 2023 11:43:12: Thread 0 completed. 
INFO  @ Tue, 14 Feb 2023 11:43:12: All threads completed. 
INFO  @ Tue, 14 Feb 2023 11:43:15: Permuting round 1 ... 
INFO  @ Tue, 14 Feb 2023 11:43:15: Thread 0 started. 
INFO  @ Tue, 14 Feb 2023 11:43:15: Thread 0: total 3516 instances. 
INFO  @ Tue, 14 Feb 2023 11:43:15: Thread 0: Calculating AATK (1) ...  
INFO  @ Tue, 14 Feb 2023 11:43:38: Thread 0: Calculating NFXL1 (1001) ...  
INFO  @ Tue, 14 Feb 2023 11:44:01: Thread 0: Calculating MLL1 (2001) ...  
INFO  @ Tue, 14 Feb 2023 11:44:23: Thread 0: Calculating RNF146 (3001) ...  
INFO  @ Tue, 14 Feb 2023 11:44:34: Thread 0 completed. 
INFO  @ Tue, 14 Feb 2023 11:44:34: All threads completed. 
INFO  @ Tue, 14 Feb 2023 11:44:36: Assigning p values... 
INFO  @ Tue, 14 Feb 2023 11:44:37: Permuting groups of gene with 17 sgRNAs per gene. Group progress: 17/41 
INFO  @ Tue, 14 Feb 2023 11:44:37: Start permuting 2 rounds ... 
INFO  @ Tue, 14 Feb 2023 11:44:37: Collecting 26156 sgRNAs from 3516 genes. 
INFO  @ Tue, 14 Feb 2023 11:44:38: Permuting round 0 ... 
INFO  @ Tue, 14 Feb 2023 11:44:38: Thread 0 started. 
INFO  @ Tue, 14 Feb 2023 11:44:38: Thread 0: total 3516 instances. 
INFO  @ Tue, 14 Feb 2023 11:44:38: Thread 0: Calculating AATK (1) ...  
INFO  @ Tue, 14 Feb 2023 11:45:01: Thread 0: Calculating NFXL1 (1001) ...  
INFO  @ Tue, 14 Feb 2023 11:45:24: Thread 0: Calculating MLL1 (2001) ...  
INFO  @ Tue, 14 Feb 2023 11:45:47: Thread 0: Calculating RNF146 (3001) ...  
INFO  @ Tue, 14 Feb 2023 11:45:58: Thread 0 completed. 
INFO  @ Tue, 14 Feb 2023 11:45:58: All threads completed. 
INFO  @ Tue, 14 Feb 2023 11:46:00: Permuting round 1 ... 
INFO  @ Tue, 14 Feb 2023 11:46:01: Thread 0 started. 
INFO  @ Tue, 14 Feb 2023 11:46:01: Thread 0: total 3516 instances. 
INFO  @ Tue, 14 Feb 2023 11:46:01: Thread 0: Calculating AATK (1) ...  
INFO  @ Tue, 14 Feb 2023 11:46:24: Thread 0: Calculating NFXL1 (1001) ...  
INFO  @ Tue, 14 Feb 2023 11:46:47: Thread 0: Calculating MLL1 (2001) ...  
INFO  @ Tue, 14 Feb 2023 11:47:09: Thread 0: Calculating RNF146 (3001) ...  
INFO  @ Tue, 14 Feb 2023 11:47:21: Thread 0 completed. 
INFO  @ Tue, 14 Feb 2023 11:47:21: All threads completed. 
INFO  @ Tue, 14 Feb 2023 11:47:24: Assigning p values... 
INFO  @ Tue, 14 Feb 2023 11:47:24: Permuting groups of gene with 18 sgRNAs per gene. Group progress: 18/41 
INFO  @ Tue, 14 Feb 2023 11:47:24: Start permuting 2 rounds ... 
INFO  @ Tue, 14 Feb 2023 11:47:24: Collecting 26156 sgRNAs from 3516 genes. 
INFO  @ Tue, 14 Feb 2023 11:47:25: Permuting round 0 ... 
INFO  @ Tue, 14 Feb 2023 11:47:26: Thread 0 started. 
INFO  @ Tue, 14 Feb 2023 11:47:26: Thread 0: total 3516 instances. 
INFO  @ Tue, 14 Feb 2023 11:47:26: Thread 0: Calculating AATK (1) ...  
INFO  @ Tue, 14 Feb 2023 11:47:49: Thread 0: Calculating NFXL1 (1001) ...  
INFO  @ Tue, 14 Feb 2023 11:48:12: Thread 0: Calculating MLL1 (2001) ...  
INFO  @ Tue, 14 Feb 2023 11:48:35: Thread 0: Calculating RNF146 (3001) ...  
INFO  @ Tue, 14 Feb 2023 11:48:46: Thread 0 completed. 
INFO  @ Tue, 14 Feb 2023 11:48:46: All threads completed. 
INFO  @ Tue, 14 Feb 2023 11:48:48: Permuting round 1 ... 
INFO  @ Tue, 14 Feb 2023 11:48:49: Thread 0 started. 
INFO  @ Tue, 14 Feb 2023 11:48:49: Thread 0: total 3516 instances. 
INFO  @ Tue, 14 Feb 2023 11:48:49: Thread 0: Calculating AATK (1) ...  
INFO  @ Tue, 14 Feb 2023 11:49:13: Thread 0: Calculating NFXL1 (1001) ...  
INFO  @ Tue, 14 Feb 2023 11:49:36: Thread 0: Calculating MLL1 (2001) ...  
INFO  @ Tue, 14 Feb 2023 11:49:59: Thread 0: Calculating RNF146 (3001) ...  
INFO  @ Tue, 14 Feb 2023 11:50:11: Thread 0 completed. 
INFO  @ Tue, 14 Feb 2023 11:50:11: All threads completed. 
INFO  @ Tue, 14 Feb 2023 11:50:14: Assigning p values... 
INFO  @ Tue, 14 Feb 2023 11:50:14: Permuting groups of gene with 19 sgRNAs per gene. Group progress: 19/41 
INFO  @ Tue, 14 Feb 2023 11:50:14: Start permuting 2 rounds ... 
INFO  @ Tue, 14 Feb 2023 11:50:14: Collecting 26156 sgRNAs from 3516 genes. 
INFO  @ Tue, 14 Feb 2023 11:50:15: Permuting round 0 ... 
INFO  @ Tue, 14 Feb 2023 11:50:15: Thread 0 started. 
INFO  @ Tue, 14 Feb 2023 11:50:15: Thread 0: total 3516 instances. 
INFO  @ Tue, 14 Feb 2023 11:50:15: Thread 0: Calculating AATK (1) ...  
INFO  @ Tue, 14 Feb 2023 11:50:39: Thread 0: Calculating NFXL1 (1001) ...  
INFO  @ Tue, 14 Feb 2023 11:51:02: Thread 0: Calculating MLL1 (2001) ...  
INFO  @ Tue, 14 Feb 2023 11:51:25: Thread 0: Calculating RNF146 (3001) ...  
INFO  @ Tue, 14 Feb 2023 11:51:36: Thread 0 completed. 
INFO  @ Tue, 14 Feb 2023 11:51:36: All threads completed. 
INFO  @ Tue, 14 Feb 2023 11:51:39: Permuting round 1 ... 
INFO  @ Tue, 14 Feb 2023 11:51:39: Thread 0 started. 
INFO  @ Tue, 14 Feb 2023 11:51:39: Thread 0: total 3516 instances. 
INFO  @ Tue, 14 Feb 2023 11:51:39: Thread 0: Calculating AATK (1) ...  
INFO  @ Tue, 14 Feb 2023 11:52:03: Thread 0: Calculating NFXL1 (1001) ...  
INFO  @ Tue, 14 Feb 2023 11:52:27: Thread 0: Calculating MLL1 (2001) ...  
INFO  @ Tue, 14 Feb 2023 11:52:50: Thread 0: Calculating RNF146 (3001) ...  
INFO  @ Tue, 14 Feb 2023 11:53:02: Thread 0 completed. 
INFO  @ Tue, 14 Feb 2023 11:53:02: All threads completed. 
INFO  @ Tue, 14 Feb 2023 11:53:04: Assigning p values... 
INFO  @ Tue, 14 Feb 2023 11:53:04: Permuting groups of gene with 20 sgRNAs per gene. Group progress: 20/41 
INFO  @ Tue, 14 Feb 2023 11:53:04: Start permuting 2 rounds ... 
INFO  @ Tue, 14 Feb 2023 11:53:05: Collecting 26156 sgRNAs from 3516 genes. 
INFO  @ Tue, 14 Feb 2023 11:53:05: Permuting round 0 ... 
INFO  @ Tue, 14 Feb 2023 11:53:06: Thread 0 started. 
INFO  @ Tue, 14 Feb 2023 11:53:06: Thread 0: total 3516 instances. 
INFO  @ Tue, 14 Feb 2023 11:53:06: Thread 0: Calculating AATK (1) ...  
INFO  @ Tue, 14 Feb 2023 11:53:30: Thread 0: Calculating NFXL1 (1001) ...  
INFO  @ Tue, 14 Feb 2023 11:53:53: Thread 0: Calculating MLL1 (2001) ...  
INFO  @ Tue, 14 Feb 2023 11:54:17: Thread 0: Calculating RNF146 (3001) ...  
INFO  @ Tue, 14 Feb 2023 11:54:29: Thread 0 completed. 
INFO  @ Tue, 14 Feb 2023 11:54:29: All threads completed. 
INFO  @ Tue, 14 Feb 2023 11:54:31: Permuting round 1 ... 
INFO  @ Tue, 14 Feb 2023 11:54:32: Thread 0 started. 
INFO  @ Tue, 14 Feb 2023 11:54:32: Thread 0: total 3516 instances. 
INFO  @ Tue, 14 Feb 2023 11:54:32: Thread 0: Calculating AATK (1) ...  
INFO  @ Tue, 14 Feb 2023 11:54:56: Thread 0: Calculating NFXL1 (1001) ...  
INFO  @ Tue, 14 Feb 2023 11:55:19: Thread 0: Calculating MLL1 (2001) ...  
INFO  @ Tue, 14 Feb 2023 11:55:43: Thread 0: Calculating RNF146 (3001) ...  
INFO  @ Tue, 14 Feb 2023 11:55:55: Thread 0 completed. 
INFO  @ Tue, 14 Feb 2023 11:55:55: All threads completed. 
INFO  @ Tue, 14 Feb 2023 11:55:58: Assigning p values... 
INFO  @ Tue, 14 Feb 2023 11:55:58: Permuting groups of gene with 21 sgRNAs per gene. Group progress: 21/41 
INFO  @ Tue, 14 Feb 2023 11:55:58: Start permuting 2 rounds ... 
INFO  @ Tue, 14 Feb 2023 11:55:58: Collecting 26156 sgRNAs from 3516 genes. 
INFO  @ Tue, 14 Feb 2023 11:55:59: Permuting round 0 ... 
INFO  @ Tue, 14 Feb 2023 11:55:59: Thread 0 started. 
INFO  @ Tue, 14 Feb 2023 11:55:59: Thread 0: total 3516 instances. 
INFO  @ Tue, 14 Feb 2023 11:55:59: Thread 0: Calculating AATK (1) ...  
INFO  @ Tue, 14 Feb 2023 11:56:23: Thread 0: Calculating NFXL1 (1001) ...  
INFO  @ Tue, 14 Feb 2023 11:56:47: Thread 0: Calculating MLL1 (2001) ...  
INFO  @ Tue, 14 Feb 2023 11:57:10: Thread 0: Calculating RNF146 (3001) ...  
INFO  @ Tue, 14 Feb 2023 11:57:22: Thread 0 completed. 
INFO  @ Tue, 14 Feb 2023 11:57:22: All threads completed. 
INFO  @ Tue, 14 Feb 2023 11:57:24: Permuting round 1 ... 
INFO  @ Tue, 14 Feb 2023 11:57:25: Thread 0 started. 
INFO  @ Tue, 14 Feb 2023 11:57:25: Thread 0: total 3516 instances. 
INFO  @ Tue, 14 Feb 2023 11:57:25: Thread 0: Calculating AATK (1) ...  
INFO  @ Tue, 14 Feb 2023 11:57:49: Thread 0: Calculating NFXL1 (1001) ...  
INFO  @ Tue, 14 Feb 2023 11:58:12: Thread 0: Calculating MLL1 (2001) ...  
INFO  @ Tue, 14 Feb 2023 11:58:36: Thread 0: Calculating RNF146 (3001) ...  
INFO  @ Tue, 14 Feb 2023 11:58:48: Thread 0 completed. 
INFO  @ Tue, 14 Feb 2023 11:58:48: All threads completed. 
INFO  @ Tue, 14 Feb 2023 11:58:50: Assigning p values... 
INFO  @ Tue, 14 Feb 2023 11:58:50: Permuting groups of gene with 22 sgRNAs per gene. Group progress: 22/41 
INFO  @ Tue, 14 Feb 2023 11:58:50: Start permuting 2 rounds ... 
INFO  @ Tue, 14 Feb 2023 11:58:51: Collecting 26156 sgRNAs from 3516 genes. 
INFO  @ Tue, 14 Feb 2023 11:58:52: Permuting round 0 ... 
INFO  @ Tue, 14 Feb 2023 11:58:52: Thread 0 started. 
INFO  @ Tue, 14 Feb 2023 11:58:52: Thread 0: total 3516 instances. 
INFO  @ Tue, 14 Feb 2023 11:58:52: Thread 0: Calculating AATK (1) ...  
INFO  @ Tue, 14 Feb 2023 11:59:16: Thread 0: Calculating NFXL1 (1001) ...  
INFO  @ Tue, 14 Feb 2023 11:59:41: Thread 0: Calculating MLL1 (2001) ...  
INFO  @ Tue, 14 Feb 2023 12:00:05: Thread 0: Calculating RNF146 (3001) ...  
INFO  @ Tue, 14 Feb 2023 12:00:17: Thread 0 completed. 
INFO  @ Tue, 14 Feb 2023 12:00:17: All threads completed. 
INFO  @ Tue, 14 Feb 2023 12:00:19: Permuting round 1 ... 
INFO  @ Tue, 14 Feb 2023 12:00:19: Thread 0 started. 
INFO  @ Tue, 14 Feb 2023 12:00:19: Thread 0: total 3516 instances. 
INFO  @ Tue, 14 Feb 2023 12:00:19: Thread 0: Calculating AATK (1) ...  
INFO  @ Tue, 14 Feb 2023 12:00:44: Thread 0: Calculating NFXL1 (1001) ...  
INFO  @ Tue, 14 Feb 2023 12:01:08: Thread 0: Calculating MLL1 (2001) ...  
INFO  @ Tue, 14 Feb 2023 12:01:33: Thread 0: Calculating RNF146 (3001) ...  
INFO  @ Tue, 14 Feb 2023 12:01:45: Thread 0 completed. 
INFO  @ Tue, 14 Feb 2023 12:01:45: All threads completed. 
INFO  @ Tue, 14 Feb 2023 12:01:48: Assigning p values... 
INFO  @ Tue, 14 Feb 2023 12:01:48: Permuting groups of gene with 23 sgRNAs per gene. Group progress: 23/41 
INFO  @ Tue, 14 Feb 2023 12:01:48: Start permuting 2 rounds ... 
INFO  @ Tue, 14 Feb 2023 12:01:48: Collecting 26156 sgRNAs from 3516 genes. 
INFO  @ Tue, 14 Feb 2023 12:01:49: Permuting round 0 ... 
INFO  @ Tue, 14 Feb 2023 12:01:50: Thread 0 started. 
INFO  @ Tue, 14 Feb 2023 12:01:50: Thread 0: total 3516 instances. 
INFO  @ Tue, 14 Feb 2023 12:01:50: Thread 0: Calculating AATK (1) ...  
INFO  @ Tue, 14 Feb 2023 12:02:13: Thread 0: Calculating NFXL1 (1001) ...  
INFO  @ Tue, 14 Feb 2023 12:02:37: Thread 0: Calculating MLL1 (2001) ...  
INFO  @ Tue, 14 Feb 2023 12:03:01: Thread 0: Calculating RNF146 (3001) ...  
INFO  @ Tue, 14 Feb 2023 12:03:13: Thread 0 completed. 
INFO  @ Tue, 14 Feb 2023 12:03:13: All threads completed. 
INFO  @ Tue, 14 Feb 2023 12:03:16: Permuting round 1 ... 
INFO  @ Tue, 14 Feb 2023 12:03:16: Thread 0 started. 
INFO  @ Tue, 14 Feb 2023 12:03:16: Thread 0: total 3516 instances. 
INFO  @ Tue, 14 Feb 2023 12:03:16: Thread 0: Calculating AATK (1) ...  
INFO  @ Tue, 14 Feb 2023 12:03:40: Thread 0: Calculating NFXL1 (1001) ...  
INFO  @ Tue, 14 Feb 2023 12:04:04: Thread 0: Calculating MLL1 (2001) ...  
INFO  @ Tue, 14 Feb 2023 12:04:29: Thread 0: Calculating RNF146 (3001) ...  
INFO  @ Tue, 14 Feb 2023 12:04:41: Thread 0 completed. 
INFO  @ Tue, 14 Feb 2023 12:04:41: All threads completed. 
INFO  @ Tue, 14 Feb 2023 12:04:43: Assigning p values... 
INFO  @ Tue, 14 Feb 2023 12:04:44: Permuting groups of gene with 24 sgRNAs per gene. Group progress: 24/41 
INFO  @ Tue, 14 Feb 2023 12:04:44: Start permuting 2 rounds ... 
INFO  @ Tue, 14 Feb 2023 12:04:44: Collecting 26156 sgRNAs from 3516 genes. 
INFO  @ Tue, 14 Feb 2023 12:04:45: Permuting round 0 ... 
INFO  @ Tue, 14 Feb 2023 12:04:45: Thread 0 started. 
INFO  @ Tue, 14 Feb 2023 12:04:45: Thread 0: total 3516 instances. 
INFO  @ Tue, 14 Feb 2023 12:04:45: Thread 0: Calculating AATK (1) ...  
INFO  @ Tue, 14 Feb 2023 12:05:10: Thread 0: Calculating NFXL1 (1001) ...  
INFO  @ Tue, 14 Feb 2023 12:05:34: Thread 0: Calculating MLL1 (2001) ...  
INFO  @ Tue, 14 Feb 2023 12:05:59: Thread 0: Calculating RNF146 (3001) ...  
INFO  @ Tue, 14 Feb 2023 12:06:11: Thread 0 completed. 
INFO  @ Tue, 14 Feb 2023 12:06:11: All threads completed. 
INFO  @ Tue, 14 Feb 2023 12:06:14: Permuting round 1 ... 
INFO  @ Tue, 14 Feb 2023 12:06:14: Thread 0 started. 
INFO  @ Tue, 14 Feb 2023 12:06:14: Thread 0: total 3516 instances. 
INFO  @ Tue, 14 Feb 2023 12:06:14: Thread 0: Calculating AATK (1) ...  
INFO  @ Tue, 14 Feb 2023 12:06:39: Thread 0: Calculating NFXL1 (1001) ...  
INFO  @ Tue, 14 Feb 2023 12:07:04: Thread 0: Calculating MLL1 (2001) ...  
INFO  @ Tue, 14 Feb 2023 12:07:30: Thread 0: Calculating RNF146 (3001) ...  
INFO  @ Tue, 14 Feb 2023 12:07:42: Thread 0 completed. 
INFO  @ Tue, 14 Feb 2023 12:07:42: All threads completed. 
INFO  @ Tue, 14 Feb 2023 12:07:45: Assigning p values... 
INFO  @ Tue, 14 Feb 2023 12:07:45: Permuting groups of gene with 25 sgRNAs per gene. Group progress: 25/41 
INFO  @ Tue, 14 Feb 2023 12:07:45: Start permuting 2 rounds ... 
INFO  @ Tue, 14 Feb 2023 12:07:45: Collecting 26156 sgRNAs from 3516 genes. 
INFO  @ Tue, 14 Feb 2023 12:07:46: Permuting round 0 ... 
INFO  @ Tue, 14 Feb 2023 12:07:46: Thread 0 started. 
INFO  @ Tue, 14 Feb 2023 12:07:46: Thread 0: total 3516 instances. 
INFO  @ Tue, 14 Feb 2023 12:07:47: Thread 0: Calculating AATK (1) ...  
INFO  @ Tue, 14 Feb 2023 12:08:12: Thread 0: Calculating NFXL1 (1001) ...  
INFO  @ Tue, 14 Feb 2023 12:08:37: Thread 0: Calculating MLL1 (2001) ...  
INFO  @ Tue, 14 Feb 2023 12:09:02: Thread 0: Calculating RNF146 (3001) ...  
INFO  @ Tue, 14 Feb 2023 12:09:15: Thread 0 completed. 
INFO  @ Tue, 14 Feb 2023 12:09:15: All threads completed. 
INFO  @ Tue, 14 Feb 2023 12:09:18: Permuting round 1 ... 
INFO  @ Tue, 14 Feb 2023 12:09:18: Thread 0 started. 
INFO  @ Tue, 14 Feb 2023 12:09:18: Thread 0: total 3516 instances. 
INFO  @ Tue, 14 Feb 2023 12:09:18: Thread 0: Calculating AATK (1) ...  
INFO  @ Tue, 14 Feb 2023 12:09:44: Thread 0: Calculating NFXL1 (1001) ...  
INFO  @ Tue, 14 Feb 2023 12:10:09: Thread 0: Calculating MLL1 (2001) ...  
INFO  @ Tue, 14 Feb 2023 12:10:35: Thread 0: Calculating RNF146 (3001) ...  
INFO  @ Tue, 14 Feb 2023 12:10:48: Thread 0 completed. 
INFO  @ Tue, 14 Feb 2023 12:10:48: All threads completed. 
INFO  @ Tue, 14 Feb 2023 12:10:51: Assigning p values... 
INFO  @ Tue, 14 Feb 2023 12:10:51: Permuting groups of gene with 27 sgRNAs per gene. Group progress: 26/41 
INFO  @ Tue, 14 Feb 2023 12:10:51: Start permuting 2 rounds ... 
INFO  @ Tue, 14 Feb 2023 12:10:51: Collecting 26156 sgRNAs from 3516 genes. 
INFO  @ Tue, 14 Feb 2023 12:10:52: Permuting round 0 ... 
INFO  @ Tue, 14 Feb 2023 12:10:53: Thread 0 started. 
INFO  @ Tue, 14 Feb 2023 12:10:53: Thread 0: total 3516 instances. 
INFO  @ Tue, 14 Feb 2023 12:10:53: Thread 0: Calculating AATK (1) ...  
INFO  @ Tue, 14 Feb 2023 12:11:19: Thread 0: Calculating NFXL1 (1001) ...  
INFO  @ Tue, 14 Feb 2023 12:11:44: Thread 0: Calculating MLL1 (2001) ...  
INFO  @ Tue, 14 Feb 2023 12:12:11: Thread 0: Calculating RNF146 (3001) ...  
INFO  @ Tue, 14 Feb 2023 12:12:24: Thread 0 completed. 
INFO  @ Tue, 14 Feb 2023 12:12:24: All threads completed. 
INFO  @ Tue, 14 Feb 2023 12:12:27: Permuting round 1 ... 
INFO  @ Tue, 14 Feb 2023 12:12:28: Thread 0 started. 
INFO  @ Tue, 14 Feb 2023 12:12:28: Thread 0: total 3516 instances. 
INFO  @ Tue, 14 Feb 2023 12:12:28: Thread 0: Calculating AATK (1) ...  
INFO  @ Tue, 14 Feb 2023 12:12:54: Thread 0: Calculating NFXL1 (1001) ...  
INFO  @ Tue, 14 Feb 2023 12:13:20: Thread 0: Calculating MLL1 (2001) ...  
INFO  @ Tue, 14 Feb 2023 12:13:47: Thread 0: Calculating RNF146 (3001) ...  
INFO  @ Tue, 14 Feb 2023 12:14:00: Thread 0 completed. 
INFO  @ Tue, 14 Feb 2023 12:14:00: All threads completed. 
INFO  @ Tue, 14 Feb 2023 12:14:03: Assigning p values... 
INFO  @ Tue, 14 Feb 2023 12:14:03: Permuting groups of gene with 28 sgRNAs per gene. Group progress: 27/41 
INFO  @ Tue, 14 Feb 2023 12:14:03: Start permuting 2 rounds ... 
INFO  @ Tue, 14 Feb 2023 12:14:03: Collecting 26156 sgRNAs from 3516 genes. 
INFO  @ Tue, 14 Feb 2023 12:14:04: Permuting round 0 ... 
INFO  @ Tue, 14 Feb 2023 12:14:05: Thread 0 started. 
INFO  @ Tue, 14 Feb 2023 12:14:05: Thread 0: total 3516 instances. 
INFO  @ Tue, 14 Feb 2023 12:14:05: Thread 0: Calculating AATK (1) ...  
INFO  @ Tue, 14 Feb 2023 12:14:31: Thread 0: Calculating NFXL1 (1001) ...  
INFO  @ Tue, 14 Feb 2023 12:14:57: Thread 0: Calculating MLL1 (2001) ...  
INFO  @ Tue, 14 Feb 2023 12:15:25: Thread 0: Calculating RNF146 (3001) ...  
INFO  @ Tue, 14 Feb 2023 12:15:38: Thread 0 completed. 
INFO  @ Tue, 14 Feb 2023 12:15:38: All threads completed. 
INFO  @ Tue, 14 Feb 2023 12:15:40: Permuting round 1 ... 
INFO  @ Tue, 14 Feb 2023 12:15:41: Thread 0 started. 
INFO  @ Tue, 14 Feb 2023 12:15:41: Thread 0: total 3516 instances. 
INFO  @ Tue, 14 Feb 2023 12:15:41: Thread 0: Calculating AATK (1) ...  
INFO  @ Tue, 14 Feb 2023 12:16:08: Thread 0: Calculating NFXL1 (1001) ...  
INFO  @ Tue, 14 Feb 2023 12:16:35: Thread 0: Calculating MLL1 (2001) ...  
INFO  @ Tue, 14 Feb 2023 12:17:02: Thread 0: Calculating RNF146 (3001) ...  
INFO  @ Tue, 14 Feb 2023 12:17:16: Thread 0 completed. 
INFO  @ Tue, 14 Feb 2023 12:17:16: All threads completed. 
INFO  @ Tue, 14 Feb 2023 12:17:19: Assigning p values... 
INFO  @ Tue, 14 Feb 2023 12:17:19: Permuting groups of gene with 29 sgRNAs per gene. Group progress: 28/41 
INFO  @ Tue, 14 Feb 2023 12:17:19: Start permuting 2 rounds ... 
INFO  @ Tue, 14 Feb 2023 12:17:19: Collecting 26156 sgRNAs from 3516 genes. 
INFO  @ Tue, 14 Feb 2023 12:17:20: Permuting round 0 ... 
INFO  @ Tue, 14 Feb 2023 12:17:21: Thread 0 started. 
INFO  @ Tue, 14 Feb 2023 12:17:21: Thread 0: total 3516 instances. 
INFO  @ Tue, 14 Feb 2023 12:17:21: Thread 0: Calculating AATK (1) ...  
INFO  @ Tue, 14 Feb 2023 12:17:49: Thread 0: Calculating NFXL1 (1001) ...  
INFO  @ Tue, 14 Feb 2023 12:18:17: Thread 0: Calculating MLL1 (2001) ...  
INFO  @ Tue, 14 Feb 2023 12:18:45: Thread 0: Calculating RNF146 (3001) ...  
INFO  @ Tue, 14 Feb 2023 12:18:59: Thread 0 completed. 
INFO  @ Tue, 14 Feb 2023 12:18:59: All threads completed. 
INFO  @ Tue, 14 Feb 2023 12:19:01: Permuting round 1 ... 
INFO  @ Tue, 14 Feb 2023 12:19:02: Thread 0 started. 
INFO  @ Tue, 14 Feb 2023 12:19:02: Thread 0: total 3516 instances. 
INFO  @ Tue, 14 Feb 2023 12:19:02: Thread 0: Calculating AATK (1) ...  
INFO  @ Tue, 14 Feb 2023 12:19:30: Thread 0: Calculating NFXL1 (1001) ...  
INFO  @ Tue, 14 Feb 2023 12:19:59: Thread 0: Calculating MLL1 (2001) ...  
INFO  @ Tue, 14 Feb 2023 12:20:28: Thread 0: Calculating RNF146 (3001) ...  
INFO  @ Tue, 14 Feb 2023 12:20:42: Thread 0 completed. 
INFO  @ Tue, 14 Feb 2023 12:20:42: All threads completed. 
INFO  @ Tue, 14 Feb 2023 12:20:44: Assigning p values... 
INFO  @ Tue, 14 Feb 2023 12:20:45: Permuting groups of gene with 30 sgRNAs per gene. Group progress: 29/41 
INFO  @ Tue, 14 Feb 2023 12:20:45: Start permuting 2 rounds ... 
INFO  @ Tue, 14 Feb 2023 12:20:45: Collecting 26156 sgRNAs from 3516 genes. 
INFO  @ Tue, 14 Feb 2023 12:20:46: Permuting round 0 ... 
INFO  @ Tue, 14 Feb 2023 12:20:46: Thread 0 started. 
INFO  @ Tue, 14 Feb 2023 12:20:46: Thread 0: total 3516 instances. 
INFO  @ Tue, 14 Feb 2023 12:20:46: Thread 0: Calculating AATK (1) ...  
INFO  @ Tue, 14 Feb 2023 12:21:15: Thread 0: Calculating NFXL1 (1001) ...  
INFO  @ Tue, 14 Feb 2023 12:21:43: Thread 0: Calculating MLL1 (2001) ...  
INFO  @ Tue, 14 Feb 2023 12:22:12: Thread 0: Calculating RNF146 (3001) ...  
INFO  @ Tue, 14 Feb 2023 12:22:26: Thread 0 completed. 
INFO  @ Tue, 14 Feb 2023 12:22:26: All threads completed. 
INFO  @ Tue, 14 Feb 2023 12:22:29: Permuting round 1 ... 
INFO  @ Tue, 14 Feb 2023 12:22:29: Thread 0 started. 
INFO  @ Tue, 14 Feb 2023 12:22:29: Thread 0: total 3516 instances. 
INFO  @ Tue, 14 Feb 2023 12:22:29: Thread 0: Calculating AATK (1) ...  
INFO  @ Tue, 14 Feb 2023 12:22:58: Thread 0: Calculating NFXL1 (1001) ...  
INFO  @ Tue, 14 Feb 2023 12:23:27: Thread 0: Calculating MLL1 (2001) ...  
INFO  @ Tue, 14 Feb 2023 12:23:56: Thread 0: Calculating RNF146 (3001) ...  
INFO  @ Tue, 14 Feb 2023 12:24:11: Thread 0 completed. 
INFO  @ Tue, 14 Feb 2023 12:24:11: All threads completed. 
INFO  @ Tue, 14 Feb 2023 12:24:13: Assigning p values... 
INFO  @ Tue, 14 Feb 2023 12:24:13: Permuting groups of gene with 31 sgRNAs per gene. Group progress: 30/41 
INFO  @ Tue, 14 Feb 2023 12:24:13: Start permuting 2 rounds ... 
INFO  @ Tue, 14 Feb 2023 12:24:14: Collecting 26156 sgRNAs from 3516 genes. 
INFO  @ Tue, 14 Feb 2023 12:24:14: Permuting round 0 ... 
INFO  @ Tue, 14 Feb 2023 12:24:15: Thread 0 started. 
INFO  @ Tue, 14 Feb 2023 12:24:15: Thread 0: total 3516 instances. 
INFO  @ Tue, 14 Feb 2023 12:24:15: Thread 0: Calculating AATK (1) ...  
INFO  @ Tue, 14 Feb 2023 12:24:43: Thread 0: Calculating NFXL1 (1001) ...  
INFO  @ Tue, 14 Feb 2023 12:25:11: Thread 0: Calculating MLL1 (2001) ...  
INFO  @ Tue, 14 Feb 2023 12:25:39: Thread 0: Calculating RNF146 (3001) ...  
INFO  @ Tue, 14 Feb 2023 12:25:53: Thread 0 completed. 
INFO  @ Tue, 14 Feb 2023 12:25:53: All threads completed. 
INFO  @ Tue, 14 Feb 2023 12:25:56: Permuting round 1 ... 
INFO  @ Tue, 14 Feb 2023 12:25:57: Thread 0 started. 
INFO  @ Tue, 14 Feb 2023 12:25:57: Thread 0: total 3516 instances. 
INFO  @ Tue, 14 Feb 2023 12:25:57: Thread 0: Calculating AATK (1) ...  
INFO  @ Tue, 14 Feb 2023 12:26:25: Thread 0: Calculating NFXL1 (1001) ...  
INFO  @ Tue, 14 Feb 2023 12:26:53: Thread 0: Calculating MLL1 (2001) ...  
INFO  @ Tue, 14 Feb 2023 12:27:21: Thread 0: Calculating RNF146 (3001) ...  
INFO  @ Tue, 14 Feb 2023 12:27:36: Thread 0 completed. 
INFO  @ Tue, 14 Feb 2023 12:27:36: All threads completed. 
INFO  @ Tue, 14 Feb 2023 12:27:38: Assigning p values... 
INFO  @ Tue, 14 Feb 2023 12:27:38: Permuting groups of gene with 32 sgRNAs per gene. Group progress: 31/41 
INFO  @ Tue, 14 Feb 2023 12:27:38: Start permuting 2 rounds ... 
INFO  @ Tue, 14 Feb 2023 12:27:39: Collecting 26156 sgRNAs from 3516 genes. 
INFO  @ Tue, 14 Feb 2023 12:27:40: Permuting round 0 ... 
INFO  @ Tue, 14 Feb 2023 12:27:40: Thread 0 started. 
INFO  @ Tue, 14 Feb 2023 12:27:40: Thread 0: total 3516 instances. 
INFO  @ Tue, 14 Feb 2023 12:27:40: Thread 0: Calculating AATK (1) ...  
INFO  @ Tue, 14 Feb 2023 12:28:09: Thread 0: Calculating NFXL1 (1001) ...  
INFO  @ Tue, 14 Feb 2023 12:28:38: Thread 0: Calculating MLL1 (2001) ...  
INFO  @ Tue, 14 Feb 2023 12:29:06: Thread 0: Calculating RNF146 (3001) ...  
INFO  @ Tue, 14 Feb 2023 12:29:21: Thread 0 completed. 
INFO  @ Tue, 14 Feb 2023 12:29:21: All threads completed. 
INFO  @ Tue, 14 Feb 2023 12:29:23: Permuting round 1 ... 
INFO  @ Tue, 14 Feb 2023 12:29:24: Thread 0 started. 
INFO  @ Tue, 14 Feb 2023 12:29:24: Thread 0: total 3516 instances. 
INFO  @ Tue, 14 Feb 2023 12:29:24: Thread 0: Calculating AATK (1) ...  
INFO  @ Tue, 14 Feb 2023 12:29:54: Thread 0: Calculating NFXL1 (1001) ...  
INFO  @ Tue, 14 Feb 2023 12:30:23: Thread 0: Calculating MLL1 (2001) ...  
INFO  @ Tue, 14 Feb 2023 12:30:52: Thread 0: Calculating RNF146 (3001) ...  
INFO  @ Tue, 14 Feb 2023 12:31:07: Thread 0 completed. 
INFO  @ Tue, 14 Feb 2023 12:31:07: All threads completed. 
INFO  @ Tue, 14 Feb 2023 12:31:10: Assigning p values... 
INFO  @ Tue, 14 Feb 2023 12:31:10: Permuting groups of gene with 33 sgRNAs per gene. Group progress: 32/41 
INFO  @ Tue, 14 Feb 2023 12:31:10: Start permuting 2 rounds ... 
INFO  @ Tue, 14 Feb 2023 12:31:10: Collecting 26156 sgRNAs from 3516 genes. 
INFO  @ Tue, 14 Feb 2023 12:31:11: Permuting round 0 ... 
INFO  @ Tue, 14 Feb 2023 12:31:12: Thread 0 started. 
INFO  @ Tue, 14 Feb 2023 12:31:12: Thread 0: total 3516 instances. 
INFO  @ Tue, 14 Feb 2023 12:31:12: Thread 0: Calculating AATK (1) ...  
INFO  @ Tue, 14 Feb 2023 12:31:41: Thread 0: Calculating NFXL1 (1001) ...  
INFO  @ Tue, 14 Feb 2023 12:32:12: Thread 0: Calculating MLL1 (2001) ...  
INFO  @ Tue, 14 Feb 2023 12:32:41: Thread 0: Calculating RNF146 (3001) ...  
INFO  @ Tue, 14 Feb 2023 12:32:57: Thread 0 completed. 
INFO  @ Tue, 14 Feb 2023 12:32:57: All threads completed. 
INFO  @ Tue, 14 Feb 2023 12:33:00: Permuting round 1 ... 
INFO  @ Tue, 14 Feb 2023 12:33:00: Thread 0 started. 
INFO  @ Tue, 14 Feb 2023 12:33:00: Thread 0: total 3516 instances. 
INFO  @ Tue, 14 Feb 2023 12:33:00: Thread 0: Calculating AATK (1) ...  
INFO  @ Tue, 14 Feb 2023 12:33:31: Thread 0: Calculating NFXL1 (1001) ...  
INFO  @ Tue, 14 Feb 2023 12:34:01: Thread 0: Calculating MLL1 (2001) ...  
INFO  @ Tue, 14 Feb 2023 12:34:31: Thread 0: Calculating RNF146 (3001) ...  
INFO  @ Tue, 14 Feb 2023 12:34:47: Thread 0 completed. 
INFO  @ Tue, 14 Feb 2023 12:34:47: All threads completed. 
INFO  @ Tue, 14 Feb 2023 12:34:50: Assigning p values... 
INFO  @ Tue, 14 Feb 2023 12:34:50: Permuting groups of gene with 34 sgRNAs per gene. Group progress: 33/41 
INFO  @ Tue, 14 Feb 2023 12:34:50: Start permuting 2 rounds ... 
INFO  @ Tue, 14 Feb 2023 12:34:50: Collecting 26156 sgRNAs from 3516 genes. 
INFO  @ Tue, 14 Feb 2023 12:34:51: Permuting round 0 ... 
INFO  @ Tue, 14 Feb 2023 12:34:52: Thread 0 started. 
INFO  @ Tue, 14 Feb 2023 12:34:52: Thread 0: total 3516 instances. 
INFO  @ Tue, 14 Feb 2023 12:34:52: Thread 0: Calculating AATK (1) ...  
INFO  @ Tue, 14 Feb 2023 12:35:23: Thread 0: Calculating NFXL1 (1001) ...  
INFO  @ Tue, 14 Feb 2023 12:35:49: Thread 0: Calculating MLL1 (2001) ...  
INFO  @ Tue, 14 Feb 2023 12:36:10: Thread 0: Calculating RNF146 (3001) ...  
INFO  @ Tue, 14 Feb 2023 12:36:20: Thread 0 completed. 
INFO  @ Tue, 14 Feb 2023 12:36:20: All threads completed. 
INFO  @ Tue, 14 Feb 2023 12:36:22: Permuting round 1 ... 
INFO  @ Tue, 14 Feb 2023 12:36:23: Thread 0 started. 
INFO  @ Tue, 14 Feb 2023 12:36:23: Thread 0: total 3516 instances. 
INFO  @ Tue, 14 Feb 2023 12:36:23: Thread 0: Calculating AATK (1) ...  
INFO  @ Tue, 14 Feb 2023 12:36:43: Thread 0: Calculating NFXL1 (1001) ...  
INFO  @ Tue, 14 Feb 2023 12:37:04: Thread 0: Calculating MLL1 (2001) ...  
INFO  @ Tue, 14 Feb 2023 12:37:24: Thread 0: Calculating RNF146 (3001) ...  
INFO  @ Tue, 14 Feb 2023 12:37:35: Thread 0 completed. 
INFO  @ Tue, 14 Feb 2023 12:37:35: All threads completed. 
INFO  @ Tue, 14 Feb 2023 12:37:37: Assigning p values... 
INFO  @ Tue, 14 Feb 2023 12:37:37: Permuting groups of gene with 37 sgRNAs per gene. Group progress: 34/41 
INFO  @ Tue, 14 Feb 2023 12:37:37: Start permuting 2 rounds ... 
INFO  @ Tue, 14 Feb 2023 12:37:38: Collecting 26156 sgRNAs from 3516 genes. 
INFO  @ Tue, 14 Feb 2023 12:37:38: Permuting round 0 ... 
INFO  @ Tue, 14 Feb 2023 12:37:39: Thread 0 started. 
INFO  @ Tue, 14 Feb 2023 12:37:39: Thread 0: total 3516 instances. 
INFO  @ Tue, 14 Feb 2023 12:37:39: Thread 0: Calculating AATK (1) ...  
INFO  @ Tue, 14 Feb 2023 12:38:00: Thread 0: Calculating NFXL1 (1001) ...  
INFO  @ Tue, 14 Feb 2023 12:38:22: Thread 0: Calculating MLL1 (2001) ...  
INFO  @ Tue, 14 Feb 2023 12:38:44: Thread 0: Calculating RNF146 (3001) ...  
INFO  @ Tue, 14 Feb 2023 12:38:56: Thread 0 completed. 
INFO  @ Tue, 14 Feb 2023 12:38:56: All threads completed. 
INFO  @ Tue, 14 Feb 2023 12:38:58: Permuting round 1 ... 
INFO  @ Tue, 14 Feb 2023 12:38:58: Thread 0 started. 
INFO  @ Tue, 14 Feb 2023 12:38:58: Thread 0: total 3516 instances. 
INFO  @ Tue, 14 Feb 2023 12:38:58: Thread 0: Calculating AATK (1) ...  
INFO  @ Tue, 14 Feb 2023 12:39:20: Thread 0: Calculating NFXL1 (1001) ...  
INFO  @ Tue, 14 Feb 2023 12:39:42: Thread 0: Calculating MLL1 (2001) ...  
INFO  @ Tue, 14 Feb 2023 12:40:05: Thread 0: Calculating RNF146 (3001) ...  
INFO  @ Tue, 14 Feb 2023 12:40:16: Thread 0 completed. 
INFO  @ Tue, 14 Feb 2023 12:40:16: All threads completed. 
INFO  @ Tue, 14 Feb 2023 12:40:18: Assigning p values... 
INFO  @ Tue, 14 Feb 2023 12:40:18: Groups of gene with 42 sgRNAs per gene: assigning p values based on previous group results. Group progress: 35/41 
INFO  @ Tue, 14 Feb 2023 12:40:18: Groups of gene with 46 sgRNAs per gene: assigning p values based on previous group results. Group progress: 36/41 
INFO  @ Tue, 14 Feb 2023 12:40:18: Groups of gene with 47 sgRNAs per gene: assigning p values based on previous group results. Group progress: 37/41 
INFO  @ Tue, 14 Feb 2023 12:40:18: Groups of gene with 48 sgRNAs per gene: assigning p values based on previous group results. Group progress: 38/41 
INFO  @ Tue, 14 Feb 2023 12:40:18: Groups of gene with 49 sgRNAs per gene: assigning p values based on previous group results. Group progress: 39/41 
INFO  @ Tue, 14 Feb 2023 12:40:18: Groups of gene with 56 sgRNAs per gene: assigning p values based on previous group results. Group progress: 40/41 
INFO  @ Tue, 14 Feb 2023 12:40:18: Groups of gene with 67 sgRNAs per gene: assigning p values based on previous group results. Group progress: 41/41 
INFO  @ Tue, 14 Feb 2023 12:40:19: Writing gene results to mle_Ts10.21.gene_summary.txt 
INFO  @ Tue, 14 Feb 2023 12:40:19: Writing sgRNA results to mle_Ts10.21.sgrna_summary.txt 
