INFO  @ Wed, 16 Nov 2022 13:14:50: Parameters: /home/ryan/miniconda3/envs/mageck/bin/mageck mle -k count-HCT116-Ts13-i.f.csv -d matrixHCT116-Ts13.txt -n mle_HCT116-Ts13 
INFO  @ Wed, 16 Nov 2022 13:14:53: Cannot parse design matrix as a string; try to parse it as a file name ... 
INFO  @ Wed, 16 Nov 2022 13:14:53: Design matrix: 
INFO  @ Wed, 16 Nov 2022 13:14:53: [[1. 0.] 
INFO  @ Wed, 16 Nov 2022 13:14:53:  [1. 1.]] 
INFO  @ Wed, 16 Nov 2022 13:14:53: Beta labels:baseline,Ts13 
INFO  @ Wed, 16 Nov 2022 13:14:53: Included samples:HCT116-Ts13.initial,HCT116-Ts13.final 
INFO  @ Wed, 16 Nov 2022 13:14:53: Treating count-HCT116-Ts13-i.f.csv as csv file ... 
INFO  @ Wed, 16 Nov 2022 13:14:53: Loaded samples:HCT116-Ts13.initial;HCT116-Ts13.final 
INFO  @ Wed, 16 Nov 2022 13:14:53: Sample index: 0;1 
INFO  @ Wed, 16 Nov 2022 13:14:53: Loaded 3506 genes. 
DEBUG @ Wed, 16 Nov 2022 13:14:55: Initial (total) size factor: 3.92448233651239 0.573003734705961 
DEBUG @ Wed, 16 Nov 2022 13:14:56: Median factor: 2.6488336007466473 0.379856597778473 
INFO  @ Wed, 16 Nov 2022 13:14:56: Final size factor: 2.6488336007466473 0.379856597778473 
INFO  @ Wed, 16 Nov 2022 13:14:56: size factor: 0.3775246582941723,2.632572412453359 
INFO  @ Wed, 16 Nov 2022 13:14:56: Thread 0 started. 
INFO  @ Wed, 16 Nov 2022 13:14:56: Thread 0: total 1 instances. 
INFO  @ Wed, 16 Nov 2022 13:14:56: Thread 0 completed. 
INFO  @ Wed, 16 Nov 2022 13:14:56: All threads completed. 
INFO  @ Wed, 16 Nov 2022 13:14:56: Modeling the mean and variance ... 
INFO  @ Wed, 16 Nov 2022 13:14:56: Run the algorithm for the second time ... 
INFO  @ Wed, 16 Nov 2022 13:14:56: Skipping gene PBRM1 from MLE calculation since there are too many sgRNAs. To change, revise the --max-sgrnapergene-permutation option. 
INFO  @ Wed, 16 Nov 2022 13:14:56: Skipping gene NKX2 from MLE calculation since there are too many sgRNAs. To change, revise the --max-sgrnapergene-permutation option. 
INFO  @ Wed, 16 Nov 2022 13:14:56: Skipping gene TDRD6 from MLE calculation since there are too many sgRNAs. To change, revise the --max-sgrnapergene-permutation option. 
INFO  @ Wed, 16 Nov 2022 13:14:56: Skipping gene RNF17 from MLE calculation since there are too many sgRNAs. To change, revise the --max-sgrnapergene-permutation option. 
INFO  @ Wed, 16 Nov 2022 13:14:56: Skipping gene KMT2B from MLE calculation since there are too many sgRNAs. To change, revise the --max-sgrnapergene-permutation option. 
INFO  @ Wed, 16 Nov 2022 13:14:56: Skipping gene KMT2C from MLE calculation since there are too many sgRNAs. To change, revise the --max-sgrnapergene-permutation option. 
INFO  @ Wed, 16 Nov 2022 13:14:56: Skipping gene NSD1 from MLE calculation since there are too many sgRNAs. To change, revise the --max-sgrnapergene-permutation option. 
INFO  @ Wed, 16 Nov 2022 13:14:56: Thread 0 started. 
INFO  @ Wed, 16 Nov 2022 13:15:06: Thread 0: total 3499 instances. 
INFO  @ Wed, 16 Nov 2022 13:15:06: Thread 0: Calculating ZNF212 (1) ...  
INFO  @ Wed, 16 Nov 2022 13:15:11: Thread 0: Calculating PIAS3 (1001) ...  
INFO  @ Wed, 16 Nov 2022 13:15:15: Thread 0: Calculating SMARCA1 (2001) ...  
INFO  @ Wed, 16 Nov 2022 13:15:18: Thread 0: Calculating WWP1 (3001) ...  
INFO  @ Wed, 16 Nov 2022 13:15:20: Thread 0 completed. 
INFO  @ Wed, 16 Nov 2022 13:15:20: All threads completed. 
INFO  @ Wed, 16 Nov 2022 13:15:21: Permuting groups of gene with 1 sgRNAs per gene. Group progress: 1/41 
INFO  @ Wed, 16 Nov 2022 13:15:21: Start permuting 2 rounds ... 
INFO  @ Wed, 16 Nov 2022 13:15:21: Collecting 25263 sgRNAs from 3506 genes. 
INFO  @ Wed, 16 Nov 2022 13:15:22: Permuting round 0 ... 
INFO  @ Wed, 16 Nov 2022 13:15:22: Thread 0 started. 
INFO  @ Wed, 16 Nov 2022 13:15:22: Thread 0: total 3506 instances. 
INFO  @ Wed, 16 Nov 2022 13:15:22: Thread 0: Calculating ZNF212 (1) ...  
INFO  @ Wed, 16 Nov 2022 13:15:43: Thread 0: Calculating ATG4A (1001) ...  
INFO  @ Wed, 16 Nov 2022 13:15:52: Thread 0: Calculating PYGO1 (2001) ...  
INFO  @ Wed, 16 Nov 2022 13:16:48: Thread 0: Calculating SHOX2 (3001) ...  
INFO  @ Wed, 16 Nov 2022 13:17:11: Thread 0 completed. 
INFO  @ Wed, 16 Nov 2022 13:17:11: All threads completed. 
INFO  @ Wed, 16 Nov 2022 13:17:28: Permuting round 1 ... 
INFO  @ Wed, 16 Nov 2022 13:17:31: Thread 0 started. 
INFO  @ Wed, 16 Nov 2022 13:17:31: Thread 0: total 3506 instances. 
INFO  @ Wed, 16 Nov 2022 13:17:31: Thread 0: Calculating ZNF212 (1) ...  
INFO  @ Wed, 16 Nov 2022 13:17:41: Thread 0: Calculating ATG4A (1001) ...  
INFO  @ Wed, 16 Nov 2022 13:17:51: Thread 0: Calculating PYGO1 (2001) ...  
INFO  @ Wed, 16 Nov 2022 13:17:59: Thread 0: Calculating SHOX2 (3001) ...  
INFO  @ Wed, 16 Nov 2022 13:18:02: Thread 0 completed. 
INFO  @ Wed, 16 Nov 2022 13:18:02: All threads completed. 
INFO  @ Wed, 16 Nov 2022 13:18:04: Assigning p values... 
INFO  @ Wed, 16 Nov 2022 13:18:04: Permuting groups of gene with 2 sgRNAs per gene. Group progress: 2/41 
INFO  @ Wed, 16 Nov 2022 13:18:04: Start permuting 2 rounds ... 
INFO  @ Wed, 16 Nov 2022 13:18:04: Collecting 25263 sgRNAs from 3506 genes. 
INFO  @ Wed, 16 Nov 2022 13:18:05: Permuting round 0 ... 
INFO  @ Wed, 16 Nov 2022 13:18:05: Thread 0 started. 
INFO  @ Wed, 16 Nov 2022 13:18:05: Thread 0: total 3506 instances. 
INFO  @ Wed, 16 Nov 2022 13:18:05: Thread 0: Calculating ZNF212 (1) ...  
INFO  @ Wed, 16 Nov 2022 13:18:15: Thread 0: Calculating ATG4A (1001) ...  
INFO  @ Wed, 16 Nov 2022 13:18:24: Thread 0: Calculating PYGO1 (2001) ...  
INFO  @ Wed, 16 Nov 2022 13:18:29: Thread 0: Calculating SHOX2 (3001) ...  
INFO  @ Wed, 16 Nov 2022 13:18:31: Thread 0 completed. 
INFO  @ Wed, 16 Nov 2022 13:18:31: All threads completed. 
INFO  @ Wed, 16 Nov 2022 13:18:32: Permuting round 1 ... 
INFO  @ Wed, 16 Nov 2022 13:18:32: Thread 0 started. 
INFO  @ Wed, 16 Nov 2022 13:18:33: Thread 0: total 3506 instances. 
INFO  @ Wed, 16 Nov 2022 13:18:33: Thread 0: Calculating ZNF212 (1) ...  
INFO  @ Wed, 16 Nov 2022 13:18:38: Thread 0: Calculating ATG4A (1001) ...  
INFO  @ Wed, 16 Nov 2022 13:18:44: Thread 0: Calculating PYGO1 (2001) ...  
INFO  @ Wed, 16 Nov 2022 13:18:49: Thread 0: Calculating SHOX2 (3001) ...  
INFO  @ Wed, 16 Nov 2022 13:18:51: Thread 0 completed. 
INFO  @ Wed, 16 Nov 2022 13:18:51: All threads completed. 
INFO  @ Wed, 16 Nov 2022 13:19:02: Assigning p values... 
INFO  @ Wed, 16 Nov 2022 13:19:02: Permuting groups of gene with 3 sgRNAs per gene. Group progress: 3/41 
INFO  @ Wed, 16 Nov 2022 13:19:02: Start permuting 2 rounds ... 
INFO  @ Wed, 16 Nov 2022 13:19:02: Collecting 25263 sgRNAs from 3506 genes. 
INFO  @ Wed, 16 Nov 2022 13:19:03: Permuting round 0 ... 
INFO  @ Wed, 16 Nov 2022 13:19:03: Thread 0 started. 
INFO  @ Wed, 16 Nov 2022 13:19:03: Thread 0: total 3506 instances. 
INFO  @ Wed, 16 Nov 2022 13:19:05: Thread 0: Calculating ZNF212 (1) ...  
INFO  @ Wed, 16 Nov 2022 13:19:10: Thread 0: Calculating ATG4A (1001) ...  
INFO  @ Wed, 16 Nov 2022 13:19:15: Thread 0: Calculating PYGO1 (2001) ...  
INFO  @ Wed, 16 Nov 2022 13:19:21: Thread 0: Calculating SHOX2 (3001) ...  
INFO  @ Wed, 16 Nov 2022 13:19:24: Thread 0 completed. 
INFO  @ Wed, 16 Nov 2022 13:19:24: All threads completed. 
INFO  @ Wed, 16 Nov 2022 13:19:25: Permuting round 1 ... 
INFO  @ Wed, 16 Nov 2022 13:19:25: Thread 0 started. 
INFO  @ Wed, 16 Nov 2022 13:19:25: Thread 0: total 3506 instances. 
INFO  @ Wed, 16 Nov 2022 13:19:25: Thread 0: Calculating ZNF212 (1) ...  
INFO  @ Wed, 16 Nov 2022 13:19:31: Thread 0: Calculating ATG4A (1001) ...  
INFO  @ Wed, 16 Nov 2022 13:19:36: Thread 0: Calculating PYGO1 (2001) ...  
INFO  @ Wed, 16 Nov 2022 13:19:42: Thread 0: Calculating SHOX2 (3001) ...  
INFO  @ Wed, 16 Nov 2022 13:19:45: Thread 0 completed. 
INFO  @ Wed, 16 Nov 2022 13:19:45: All threads completed. 
INFO  @ Wed, 16 Nov 2022 13:19:46: Assigning p values... 
INFO  @ Wed, 16 Nov 2022 13:19:46: Permuting groups of gene with 4 sgRNAs per gene. Group progress: 4/41 
INFO  @ Wed, 16 Nov 2022 13:19:46: Start permuting 2 rounds ... 
INFO  @ Wed, 16 Nov 2022 13:19:46: Collecting 25263 sgRNAs from 3506 genes. 
INFO  @ Wed, 16 Nov 2022 13:19:47: Permuting round 0 ... 
INFO  @ Wed, 16 Nov 2022 13:19:47: Thread 0 started. 
INFO  @ Wed, 16 Nov 2022 13:19:47: Thread 0: total 3506 instances. 
INFO  @ Wed, 16 Nov 2022 13:19:47: Thread 0: Calculating ZNF212 (1) ...  
INFO  @ Wed, 16 Nov 2022 13:19:53: Thread 0: Calculating ATG4A (1001) ...  
INFO  @ Wed, 16 Nov 2022 13:19:59: Thread 0: Calculating PYGO1 (2001) ...  
INFO  @ Wed, 16 Nov 2022 13:20:04: Thread 0: Calculating SHOX2 (3001) ...  
INFO  @ Wed, 16 Nov 2022 13:20:07: Thread 0 completed. 
INFO  @ Wed, 16 Nov 2022 13:20:07: All threads completed. 
INFO  @ Wed, 16 Nov 2022 13:20:08: Permuting round 1 ... 
INFO  @ Wed, 16 Nov 2022 13:20:08: Thread 0 started. 
INFO  @ Wed, 16 Nov 2022 13:20:08: Thread 0: total 3506 instances. 
INFO  @ Wed, 16 Nov 2022 13:20:08: Thread 0: Calculating ZNF212 (1) ...  
INFO  @ Wed, 16 Nov 2022 13:20:14: Thread 0: Calculating ATG4A (1001) ...  
INFO  @ Wed, 16 Nov 2022 13:20:20: Thread 0: Calculating PYGO1 (2001) ...  
INFO  @ Wed, 16 Nov 2022 13:20:26: Thread 0: Calculating SHOX2 (3001) ...  
INFO  @ Wed, 16 Nov 2022 13:20:29: Thread 0 completed. 
INFO  @ Wed, 16 Nov 2022 13:20:29: All threads completed. 
INFO  @ Wed, 16 Nov 2022 13:20:30: Assigning p values... 
INFO  @ Wed, 16 Nov 2022 13:20:30: Permuting groups of gene with 5 sgRNAs per gene. Group progress: 5/41 
INFO  @ Wed, 16 Nov 2022 13:20:30: Start permuting 2 rounds ... 
INFO  @ Wed, 16 Nov 2022 13:20:30: Collecting 25263 sgRNAs from 3506 genes. 
INFO  @ Wed, 16 Nov 2022 13:20:31: Permuting round 0 ... 
INFO  @ Wed, 16 Nov 2022 13:20:31: Thread 0 started. 
INFO  @ Wed, 16 Nov 2022 13:20:31: Thread 0: total 3506 instances. 
INFO  @ Wed, 16 Nov 2022 13:20:31: Thread 0: Calculating ZNF212 (1) ...  
INFO  @ Wed, 16 Nov 2022 13:20:37: Thread 0: Calculating ATG4A (1001) ...  
INFO  @ Wed, 16 Nov 2022 13:20:43: Thread 0: Calculating PYGO1 (2001) ...  
INFO  @ Wed, 16 Nov 2022 13:20:49: Thread 0: Calculating SHOX2 (3001) ...  
INFO  @ Wed, 16 Nov 2022 13:20:52: Thread 0 completed. 
INFO  @ Wed, 16 Nov 2022 13:20:52: All threads completed. 
INFO  @ Wed, 16 Nov 2022 13:20:53: Permuting round 1 ... 
INFO  @ Wed, 16 Nov 2022 13:20:53: Thread 0 started. 
INFO  @ Wed, 16 Nov 2022 13:20:53: Thread 0: total 3506 instances. 
INFO  @ Wed, 16 Nov 2022 13:20:53: Thread 0: Calculating ZNF212 (1) ...  
INFO  @ Wed, 16 Nov 2022 13:21:01: Thread 0: Calculating ATG4A (1001) ...  
INFO  @ Wed, 16 Nov 2022 13:21:07: Thread 0: Calculating PYGO1 (2001) ...  
INFO  @ Wed, 16 Nov 2022 13:21:13: Thread 0: Calculating SHOX2 (3001) ...  
INFO  @ Wed, 16 Nov 2022 13:21:16: Thread 0 completed. 
INFO  @ Wed, 16 Nov 2022 13:21:16: All threads completed. 
INFO  @ Wed, 16 Nov 2022 13:21:17: Assigning p values... 
INFO  @ Wed, 16 Nov 2022 13:21:17: Permuting groups of gene with 6 sgRNAs per gene. Group progress: 6/41 
INFO  @ Wed, 16 Nov 2022 13:21:17: Start permuting 2 rounds ... 
INFO  @ Wed, 16 Nov 2022 13:21:18: Collecting 25263 sgRNAs from 3506 genes. 
INFO  @ Wed, 16 Nov 2022 13:21:18: Permuting round 0 ... 
INFO  @ Wed, 16 Nov 2022 13:21:18: Thread 0 started. 
INFO  @ Wed, 16 Nov 2022 13:21:18: Thread 0: total 3506 instances. 
INFO  @ Wed, 16 Nov 2022 13:21:18: Thread 0: Calculating ZNF212 (1) ...  
INFO  @ Wed, 16 Nov 2022 13:21:25: Thread 0: Calculating ATG4A (1001) ...  
INFO  @ Wed, 16 Nov 2022 13:21:31: Thread 0: Calculating PYGO1 (2001) ...  
INFO  @ Wed, 16 Nov 2022 13:21:37: Thread 0: Calculating SHOX2 (3001) ...  
INFO  @ Wed, 16 Nov 2022 13:21:40: Thread 0 completed. 
INFO  @ Wed, 16 Nov 2022 13:21:40: All threads completed. 
INFO  @ Wed, 16 Nov 2022 13:21:41: Permuting round 1 ... 
INFO  @ Wed, 16 Nov 2022 13:21:41: Thread 0 started. 
INFO  @ Wed, 16 Nov 2022 13:21:41: Thread 0: total 3506 instances. 
INFO  @ Wed, 16 Nov 2022 13:21:41: Thread 0: Calculating ZNF212 (1) ...  
INFO  @ Wed, 16 Nov 2022 13:21:48: Thread 0: Calculating ATG4A (1001) ...  
INFO  @ Wed, 16 Nov 2022 13:21:54: Thread 0: Calculating PYGO1 (2001) ...  
INFO  @ Wed, 16 Nov 2022 13:22:01: Thread 0: Calculating SHOX2 (3001) ...  
INFO  @ Wed, 16 Nov 2022 13:22:04: Thread 0 completed. 
INFO  @ Wed, 16 Nov 2022 13:22:04: All threads completed. 
INFO  @ Wed, 16 Nov 2022 13:22:05: Assigning p values... 
INFO  @ Wed, 16 Nov 2022 13:22:05: Permuting groups of gene with 7 sgRNAs per gene. Group progress: 7/41 
INFO  @ Wed, 16 Nov 2022 13:22:05: Start permuting 2 rounds ... 
INFO  @ Wed, 16 Nov 2022 13:22:06: Collecting 25263 sgRNAs from 3506 genes. 
INFO  @ Wed, 16 Nov 2022 13:22:06: Permuting round 0 ... 
INFO  @ Wed, 16 Nov 2022 13:22:06: Thread 0 started. 
INFO  @ Wed, 16 Nov 2022 13:22:06: Thread 0: total 3506 instances. 
INFO  @ Wed, 16 Nov 2022 13:22:06: Thread 0: Calculating ZNF212 (1) ...  
INFO  @ Wed, 16 Nov 2022 13:22:12: Thread 0: Calculating ATG4A (1001) ...  
INFO  @ Wed, 16 Nov 2022 13:22:19: Thread 0: Calculating PYGO1 (2001) ...  
INFO  @ Wed, 16 Nov 2022 13:22:25: Thread 0: Calculating SHOX2 (3001) ...  
INFO  @ Wed, 16 Nov 2022 13:22:29: Thread 0 completed. 
INFO  @ Wed, 16 Nov 2022 13:22:29: All threads completed. 
INFO  @ Wed, 16 Nov 2022 13:22:30: Permuting round 1 ... 
INFO  @ Wed, 16 Nov 2022 13:22:30: Thread 0 started. 
INFO  @ Wed, 16 Nov 2022 13:22:30: Thread 0: total 3506 instances. 
INFO  @ Wed, 16 Nov 2022 13:22:30: Thread 0: Calculating ZNF212 (1) ...  
INFO  @ Wed, 16 Nov 2022 13:22:36: Thread 0: Calculating ATG4A (1001) ...  
INFO  @ Wed, 16 Nov 2022 13:22:43: Thread 0: Calculating PYGO1 (2001) ...  
INFO  @ Wed, 16 Nov 2022 13:22:50: Thread 0: Calculating SHOX2 (3001) ...  
INFO  @ Wed, 16 Nov 2022 13:22:53: Thread 0 completed. 
INFO  @ Wed, 16 Nov 2022 13:22:53: All threads completed. 
INFO  @ Wed, 16 Nov 2022 13:22:55: Assigning p values... 
INFO  @ Wed, 16 Nov 2022 13:22:55: Permuting groups of gene with 8 sgRNAs per gene. Group progress: 8/41 
INFO  @ Wed, 16 Nov 2022 13:22:55: Start permuting 2 rounds ... 
INFO  @ Wed, 16 Nov 2022 13:22:55: Collecting 25263 sgRNAs from 3506 genes. 
INFO  @ Wed, 16 Nov 2022 13:22:55: Permuting round 0 ... 
INFO  @ Wed, 16 Nov 2022 13:22:56: Thread 0 started. 
INFO  @ Wed, 16 Nov 2022 13:22:56: Thread 0: total 3506 instances. 
INFO  @ Wed, 16 Nov 2022 13:22:56: Thread 0: Calculating ZNF212 (1) ...  
INFO  @ Wed, 16 Nov 2022 13:23:03: Thread 0: Calculating ATG4A (1001) ...  
INFO  @ Wed, 16 Nov 2022 13:23:09: Thread 0: Calculating PYGO1 (2001) ...  
INFO  @ Wed, 16 Nov 2022 13:23:16: Thread 0: Calculating SHOX2 (3001) ...  
INFO  @ Wed, 16 Nov 2022 13:23:19: Thread 0 completed. 
INFO  @ Wed, 16 Nov 2022 13:23:19: All threads completed. 
INFO  @ Wed, 16 Nov 2022 13:23:20: Permuting round 1 ... 
INFO  @ Wed, 16 Nov 2022 13:23:20: Thread 0 started. 
INFO  @ Wed, 16 Nov 2022 13:23:20: Thread 0: total 3506 instances. 
INFO  @ Wed, 16 Nov 2022 13:23:20: Thread 0: Calculating ZNF212 (1) ...  
INFO  @ Wed, 16 Nov 2022 13:23:27: Thread 0: Calculating ATG4A (1001) ...  
INFO  @ Wed, 16 Nov 2022 13:23:34: Thread 0: Calculating PYGO1 (2001) ...  
INFO  @ Wed, 16 Nov 2022 13:23:40: Thread 0: Calculating SHOX2 (3001) ...  
INFO  @ Wed, 16 Nov 2022 13:23:44: Thread 0 completed. 
INFO  @ Wed, 16 Nov 2022 13:23:44: All threads completed. 
INFO  @ Wed, 16 Nov 2022 13:23:45: Assigning p values... 
INFO  @ Wed, 16 Nov 2022 13:23:45: Permuting groups of gene with 9 sgRNAs per gene. Group progress: 9/41 
INFO  @ Wed, 16 Nov 2022 13:23:45: Start permuting 2 rounds ... 
INFO  @ Wed, 16 Nov 2022 13:23:45: Collecting 25263 sgRNAs from 3506 genes. 
INFO  @ Wed, 16 Nov 2022 13:23:46: Permuting round 0 ... 
INFO  @ Wed, 16 Nov 2022 13:23:46: Thread 0 started. 
INFO  @ Wed, 16 Nov 2022 13:23:46: Thread 0: total 3506 instances. 
INFO  @ Wed, 16 Nov 2022 13:23:46: Thread 0: Calculating ZNF212 (1) ...  
INFO  @ Wed, 16 Nov 2022 13:23:53: Thread 0: Calculating ATG4A (1001) ...  
INFO  @ Wed, 16 Nov 2022 13:24:00: Thread 0: Calculating PYGO1 (2001) ...  
INFO  @ Wed, 16 Nov 2022 13:24:07: Thread 0: Calculating SHOX2 (3001) ...  
INFO  @ Wed, 16 Nov 2022 13:24:11: Thread 0 completed. 
INFO  @ Wed, 16 Nov 2022 13:24:11: All threads completed. 
INFO  @ Wed, 16 Nov 2022 13:24:12: Permuting round 1 ... 
INFO  @ Wed, 16 Nov 2022 13:24:13: Thread 0 started. 
INFO  @ Wed, 16 Nov 2022 13:24:13: Thread 0: total 3506 instances. 
INFO  @ Wed, 16 Nov 2022 13:24:13: Thread 0: Calculating ZNF212 (1) ...  
INFO  @ Wed, 16 Nov 2022 13:24:21: Thread 0: Calculating ATG4A (1001) ...  
INFO  @ Wed, 16 Nov 2022 13:24:29: Thread 0: Calculating PYGO1 (2001) ...  
INFO  @ Wed, 16 Nov 2022 13:24:36: Thread 0: Calculating SHOX2 (3001) ...  
INFO  @ Wed, 16 Nov 2022 13:24:40: Thread 0 completed. 
INFO  @ Wed, 16 Nov 2022 13:24:40: All threads completed. 
INFO  @ Wed, 16 Nov 2022 13:24:41: Assigning p values... 
INFO  @ Wed, 16 Nov 2022 13:24:41: Permuting groups of gene with 10 sgRNAs per gene. Group progress: 10/41 
INFO  @ Wed, 16 Nov 2022 13:24:41: Start permuting 2 rounds ... 
INFO  @ Wed, 16 Nov 2022 13:24:41: Collecting 25263 sgRNAs from 3506 genes. 
INFO  @ Wed, 16 Nov 2022 13:24:42: Permuting round 0 ... 
INFO  @ Wed, 16 Nov 2022 13:24:42: Thread 0 started. 
INFO  @ Wed, 16 Nov 2022 13:24:42: Thread 0: total 3506 instances. 
INFO  @ Wed, 16 Nov 2022 13:24:42: Thread 0: Calculating ZNF212 (1) ...  
INFO  @ Wed, 16 Nov 2022 13:24:49: Thread 0: Calculating ATG4A (1001) ...  
INFO  @ Wed, 16 Nov 2022 13:24:57: Thread 0: Calculating PYGO1 (2001) ...  
INFO  @ Wed, 16 Nov 2022 13:25:04: Thread 0: Calculating SHOX2 (3001) ...  
INFO  @ Wed, 16 Nov 2022 13:25:08: Thread 0 completed. 
INFO  @ Wed, 16 Nov 2022 13:25:08: All threads completed. 
INFO  @ Wed, 16 Nov 2022 13:25:09: Permuting round 1 ... 
INFO  @ Wed, 16 Nov 2022 13:25:09: Thread 0 started. 
INFO  @ Wed, 16 Nov 2022 13:25:09: Thread 0: total 3506 instances. 
INFO  @ Wed, 16 Nov 2022 13:25:09: Thread 0: Calculating ZNF212 (1) ...  
INFO  @ Wed, 16 Nov 2022 13:25:17: Thread 0: Calculating ATG4A (1001) ...  
INFO  @ Wed, 16 Nov 2022 13:25:24: Thread 0: Calculating PYGO1 (2001) ...  
INFO  @ Wed, 16 Nov 2022 13:25:31: Thread 0: Calculating SHOX2 (3001) ...  
INFO  @ Wed, 16 Nov 2022 13:25:35: Thread 0 completed. 
INFO  @ Wed, 16 Nov 2022 13:25:35: All threads completed. 
INFO  @ Wed, 16 Nov 2022 13:25:37: Assigning p values... 
INFO  @ Wed, 16 Nov 2022 13:25:37: Permuting groups of gene with 11 sgRNAs per gene. Group progress: 11/41 
INFO  @ Wed, 16 Nov 2022 13:25:37: Start permuting 2 rounds ... 
INFO  @ Wed, 16 Nov 2022 13:25:37: Collecting 25263 sgRNAs from 3506 genes. 
INFO  @ Wed, 16 Nov 2022 13:25:37: Permuting round 0 ... 
INFO  @ Wed, 16 Nov 2022 13:25:38: Thread 0 started. 
INFO  @ Wed, 16 Nov 2022 13:25:38: Thread 0: total 3506 instances. 
INFO  @ Wed, 16 Nov 2022 13:25:38: Thread 0: Calculating ZNF212 (1) ...  
INFO  @ Wed, 16 Nov 2022 13:25:45: Thread 0: Calculating ATG4A (1001) ...  
INFO  @ Wed, 16 Nov 2022 13:25:52: Thread 0: Calculating PYGO1 (2001) ...  
INFO  @ Wed, 16 Nov 2022 13:25:59: Thread 0: Calculating SHOX2 (3001) ...  
INFO  @ Wed, 16 Nov 2022 13:26:03: Thread 0 completed. 
INFO  @ Wed, 16 Nov 2022 13:26:03: All threads completed. 
INFO  @ Wed, 16 Nov 2022 13:26:04: Permuting round 1 ... 
INFO  @ Wed, 16 Nov 2022 13:26:05: Thread 0 started. 
INFO  @ Wed, 16 Nov 2022 13:26:05: Thread 0: total 3506 instances. 
INFO  @ Wed, 16 Nov 2022 13:26:05: Thread 0: Calculating ZNF212 (1) ...  
INFO  @ Wed, 16 Nov 2022 13:26:12: Thread 0: Calculating ATG4A (1001) ...  
INFO  @ Wed, 16 Nov 2022 13:26:20: Thread 0: Calculating PYGO1 (2001) ...  
INFO  @ Wed, 16 Nov 2022 13:26:27: Thread 0: Calculating SHOX2 (3001) ...  
INFO  @ Wed, 16 Nov 2022 13:26:31: Thread 0 completed. 
INFO  @ Wed, 16 Nov 2022 13:26:31: All threads completed. 
INFO  @ Wed, 16 Nov 2022 13:26:32: Assigning p values... 
INFO  @ Wed, 16 Nov 2022 13:26:32: Permuting groups of gene with 12 sgRNAs per gene. Group progress: 12/41 
INFO  @ Wed, 16 Nov 2022 13:26:32: Start permuting 2 rounds ... 
INFO  @ Wed, 16 Nov 2022 13:26:33: Collecting 25263 sgRNAs from 3506 genes. 
INFO  @ Wed, 16 Nov 2022 13:26:33: Permuting round 0 ... 
INFO  @ Wed, 16 Nov 2022 13:26:33: Thread 0 started. 
INFO  @ Wed, 16 Nov 2022 13:26:33: Thread 0: total 3506 instances. 
INFO  @ Wed, 16 Nov 2022 13:26:33: Thread 0: Calculating ZNF212 (1) ...  
INFO  @ Wed, 16 Nov 2022 13:26:40: Thread 0: Calculating ATG4A (1001) ...  
INFO  @ Wed, 16 Nov 2022 13:26:48: Thread 0: Calculating PYGO1 (2001) ...  
INFO  @ Wed, 16 Nov 2022 13:26:55: Thread 0: Calculating SHOX2 (3001) ...  
INFO  @ Wed, 16 Nov 2022 13:26:58: Thread 0 completed. 
INFO  @ Wed, 16 Nov 2022 13:26:58: All threads completed. 
INFO  @ Wed, 16 Nov 2022 13:27:00: Permuting round 1 ... 
INFO  @ Wed, 16 Nov 2022 13:27:00: Thread 0 started. 
INFO  @ Wed, 16 Nov 2022 13:27:00: Thread 0: total 3506 instances. 
INFO  @ Wed, 16 Nov 2022 13:27:00: Thread 0: Calculating ZNF212 (1) ...  
INFO  @ Wed, 16 Nov 2022 13:27:07: Thread 0: Calculating ATG4A (1001) ...  
INFO  @ Wed, 16 Nov 2022 13:27:15: Thread 0: Calculating PYGO1 (2001) ...  
INFO  @ Wed, 16 Nov 2022 13:27:22: Thread 0: Calculating SHOX2 (3001) ...  
INFO  @ Wed, 16 Nov 2022 13:27:25: Thread 0 completed. 
INFO  @ Wed, 16 Nov 2022 13:27:25: All threads completed. 
INFO  @ Wed, 16 Nov 2022 13:27:27: Assigning p values... 
INFO  @ Wed, 16 Nov 2022 13:27:27: Permuting groups of gene with 13 sgRNAs per gene. Group progress: 13/41 
INFO  @ Wed, 16 Nov 2022 13:27:27: Start permuting 2 rounds ... 
INFO  @ Wed, 16 Nov 2022 13:27:27: Collecting 25263 sgRNAs from 3506 genes. 
INFO  @ Wed, 16 Nov 2022 13:27:27: Permuting round 0 ... 
INFO  @ Wed, 16 Nov 2022 13:27:28: Thread 0 started. 
INFO  @ Wed, 16 Nov 2022 13:27:28: Thread 0: total 3506 instances. 
INFO  @ Wed, 16 Nov 2022 13:27:28: Thread 0: Calculating ZNF212 (1) ...  
INFO  @ Wed, 16 Nov 2022 13:27:35: Thread 0: Calculating ATG4A (1001) ...  
INFO  @ Wed, 16 Nov 2022 13:27:42: Thread 0: Calculating PYGO1 (2001) ...  
INFO  @ Wed, 16 Nov 2022 13:27:50: Thread 0: Calculating SHOX2 (3001) ...  
INFO  @ Wed, 16 Nov 2022 13:27:53: Thread 0 completed. 
INFO  @ Wed, 16 Nov 2022 13:27:53: All threads completed. 
INFO  @ Wed, 16 Nov 2022 13:27:55: Permuting round 1 ... 
INFO  @ Wed, 16 Nov 2022 13:27:55: Thread 0 started. 
INFO  @ Wed, 16 Nov 2022 13:27:55: Thread 0: total 3506 instances. 
INFO  @ Wed, 16 Nov 2022 13:27:55: Thread 0: Calculating ZNF212 (1) ...  
INFO  @ Wed, 16 Nov 2022 13:28:03: Thread 0: Calculating ATG4A (1001) ...  
INFO  @ Wed, 16 Nov 2022 13:28:10: Thread 0: Calculating PYGO1 (2001) ...  
INFO  @ Wed, 16 Nov 2022 13:28:18: Thread 0: Calculating SHOX2 (3001) ...  
INFO  @ Wed, 16 Nov 2022 13:28:22: Thread 0 completed. 
INFO  @ Wed, 16 Nov 2022 13:28:22: All threads completed. 
INFO  @ Wed, 16 Nov 2022 13:28:23: Assigning p values... 
INFO  @ Wed, 16 Nov 2022 13:28:23: Permuting groups of gene with 14 sgRNAs per gene. Group progress: 14/41 
INFO  @ Wed, 16 Nov 2022 13:28:23: Start permuting 2 rounds ... 
INFO  @ Wed, 16 Nov 2022 13:28:24: Collecting 25263 sgRNAs from 3506 genes. 
INFO  @ Wed, 16 Nov 2022 13:28:24: Permuting round 0 ... 
INFO  @ Wed, 16 Nov 2022 13:28:24: Thread 0 started. 
INFO  @ Wed, 16 Nov 2022 13:28:24: Thread 0: total 3506 instances. 
INFO  @ Wed, 16 Nov 2022 13:28:24: Thread 0: Calculating ZNF212 (1) ...  
INFO  @ Wed, 16 Nov 2022 13:28:32: Thread 0: Calculating ATG4A (1001) ...  
INFO  @ Wed, 16 Nov 2022 13:28:40: Thread 0: Calculating PYGO1 (2001) ...  
INFO  @ Wed, 16 Nov 2022 13:28:47: Thread 0: Calculating SHOX2 (3001) ...  
INFO  @ Wed, 16 Nov 2022 13:28:51: Thread 0 completed. 
INFO  @ Wed, 16 Nov 2022 13:28:51: All threads completed. 
INFO  @ Wed, 16 Nov 2022 13:28:53: Permuting round 1 ... 
INFO  @ Wed, 16 Nov 2022 13:28:53: Thread 0 started. 
INFO  @ Wed, 16 Nov 2022 13:28:53: Thread 0: total 3506 instances. 
INFO  @ Wed, 16 Nov 2022 13:28:53: Thread 0: Calculating ZNF212 (1) ...  
INFO  @ Wed, 16 Nov 2022 13:29:01: Thread 0: Calculating ATG4A (1001) ...  
INFO  @ Wed, 16 Nov 2022 13:29:09: Thread 0: Calculating PYGO1 (2001) ...  
INFO  @ Wed, 16 Nov 2022 13:29:17: Thread 0: Calculating SHOX2 (3001) ...  
INFO  @ Wed, 16 Nov 2022 13:29:21: Thread 0 completed. 
INFO  @ Wed, 16 Nov 2022 13:29:21: All threads completed. 
INFO  @ Wed, 16 Nov 2022 13:29:22: Assigning p values... 
INFO  @ Wed, 16 Nov 2022 13:29:23: Permuting groups of gene with 15 sgRNAs per gene. Group progress: 15/41 
INFO  @ Wed, 16 Nov 2022 13:29:23: Start permuting 2 rounds ... 
INFO  @ Wed, 16 Nov 2022 13:29:23: Collecting 25263 sgRNAs from 3506 genes. 
INFO  @ Wed, 16 Nov 2022 13:29:23: Permuting round 0 ... 
INFO  @ Wed, 16 Nov 2022 13:29:23: Thread 0 started. 
INFO  @ Wed, 16 Nov 2022 13:29:23: Thread 0: total 3506 instances. 
INFO  @ Wed, 16 Nov 2022 13:29:23: Thread 0: Calculating ZNF212 (1) ...  
INFO  @ Wed, 16 Nov 2022 13:29:31: Thread 0: Calculating ATG4A (1001) ...  
INFO  @ Wed, 16 Nov 2022 13:29:40: Thread 0: Calculating PYGO1 (2001) ...  
INFO  @ Wed, 16 Nov 2022 13:29:48: Thread 0: Calculating SHOX2 (3001) ...  
INFO  @ Wed, 16 Nov 2022 13:29:52: Thread 0 completed. 
INFO  @ Wed, 16 Nov 2022 13:29:52: All threads completed. 
INFO  @ Wed, 16 Nov 2022 13:29:53: Permuting round 1 ... 
INFO  @ Wed, 16 Nov 2022 13:29:54: Thread 0 started. 
INFO  @ Wed, 16 Nov 2022 13:29:54: Thread 0: total 3506 instances. 
INFO  @ Wed, 16 Nov 2022 13:29:54: Thread 0: Calculating ZNF212 (1) ...  
INFO  @ Wed, 16 Nov 2022 13:30:01: Thread 0: Calculating ATG4A (1001) ...  
INFO  @ Wed, 16 Nov 2022 13:30:08: Thread 0: Calculating PYGO1 (2001) ...  
INFO  @ Wed, 16 Nov 2022 13:30:16: Thread 0: Calculating SHOX2 (3001) ...  
INFO  @ Wed, 16 Nov 2022 13:30:20: Thread 0 completed. 
INFO  @ Wed, 16 Nov 2022 13:30:20: All threads completed. 
INFO  @ Wed, 16 Nov 2022 13:30:21: Assigning p values... 
INFO  @ Wed, 16 Nov 2022 13:30:21: Permuting groups of gene with 16 sgRNAs per gene. Group progress: 16/41 
INFO  @ Wed, 16 Nov 2022 13:30:21: Start permuting 2 rounds ... 
INFO  @ Wed, 16 Nov 2022 13:30:21: Collecting 25263 sgRNAs from 3506 genes. 
INFO  @ Wed, 16 Nov 2022 13:30:22: Permuting round 0 ... 
INFO  @ Wed, 16 Nov 2022 13:30:22: Thread 0 started. 
INFO  @ Wed, 16 Nov 2022 13:30:22: Thread 0: total 3506 instances. 
INFO  @ Wed, 16 Nov 2022 13:30:22: Thread 0: Calculating ZNF212 (1) ...  
INFO  @ Wed, 16 Nov 2022 13:30:30: Thread 0: Calculating ATG4A (1001) ...  
INFO  @ Wed, 16 Nov 2022 13:30:37: Thread 0: Calculating PYGO1 (2001) ...  
INFO  @ Wed, 16 Nov 2022 13:30:45: Thread 0: Calculating SHOX2 (3001) ...  
INFO  @ Wed, 16 Nov 2022 13:30:48: Thread 0 completed. 
INFO  @ Wed, 16 Nov 2022 13:30:48: All threads completed. 
INFO  @ Wed, 16 Nov 2022 13:30:50: Permuting round 1 ... 
INFO  @ Wed, 16 Nov 2022 13:30:50: Thread 0 started. 
INFO  @ Wed, 16 Nov 2022 13:30:50: Thread 0: total 3506 instances. 
INFO  @ Wed, 16 Nov 2022 13:30:50: Thread 0: Calculating ZNF212 (1) ...  
INFO  @ Wed, 16 Nov 2022 13:30:58: Thread 0: Calculating ATG4A (1001) ...  
INFO  @ Wed, 16 Nov 2022 13:31:06: Thread 0: Calculating PYGO1 (2001) ...  
INFO  @ Wed, 16 Nov 2022 13:31:14: Thread 0: Calculating SHOX2 (3001) ...  
INFO  @ Wed, 16 Nov 2022 13:31:17: Thread 0 completed. 
INFO  @ Wed, 16 Nov 2022 13:31:17: All threads completed. 
INFO  @ Wed, 16 Nov 2022 13:31:19: Assigning p values... 
INFO  @ Wed, 16 Nov 2022 13:31:19: Permuting groups of gene with 17 sgRNAs per gene. Group progress: 17/41 
INFO  @ Wed, 16 Nov 2022 13:31:19: Start permuting 2 rounds ... 
INFO  @ Wed, 16 Nov 2022 13:31:19: Collecting 25263 sgRNAs from 3506 genes. 
INFO  @ Wed, 16 Nov 2022 13:31:19: Permuting round 0 ... 
INFO  @ Wed, 16 Nov 2022 13:31:20: Thread 0 started. 
INFO  @ Wed, 16 Nov 2022 13:31:20: Thread 0: total 3506 instances. 
INFO  @ Wed, 16 Nov 2022 13:31:20: Thread 0: Calculating ZNF212 (1) ...  
INFO  @ Wed, 16 Nov 2022 13:31:28: Thread 0: Calculating ATG4A (1001) ...  
INFO  @ Wed, 16 Nov 2022 13:31:36: Thread 0: Calculating PYGO1 (2001) ...  
INFO  @ Wed, 16 Nov 2022 13:31:44: Thread 0: Calculating SHOX2 (3001) ...  
INFO  @ Wed, 16 Nov 2022 13:31:48: Thread 0 completed. 
INFO  @ Wed, 16 Nov 2022 13:31:48: All threads completed. 
INFO  @ Wed, 16 Nov 2022 13:31:49: Permuting round 1 ... 
INFO  @ Wed, 16 Nov 2022 13:31:49: Thread 0 started. 
INFO  @ Wed, 16 Nov 2022 13:31:49: Thread 0: total 3506 instances. 
INFO  @ Wed, 16 Nov 2022 13:31:49: Thread 0: Calculating ZNF212 (1) ...  
INFO  @ Wed, 16 Nov 2022 13:31:57: Thread 0: Calculating ATG4A (1001) ...  
INFO  @ Wed, 16 Nov 2022 13:32:05: Thread 0: Calculating PYGO1 (2001) ...  
INFO  @ Wed, 16 Nov 2022 13:32:13: Thread 0: Calculating SHOX2 (3001) ...  
INFO  @ Wed, 16 Nov 2022 13:32:17: Thread 0 completed. 
INFO  @ Wed, 16 Nov 2022 13:32:17: All threads completed. 
INFO  @ Wed, 16 Nov 2022 13:32:19: Assigning p values... 
INFO  @ Wed, 16 Nov 2022 13:32:19: Permuting groups of gene with 18 sgRNAs per gene. Group progress: 18/41 
INFO  @ Wed, 16 Nov 2022 13:32:19: Start permuting 2 rounds ... 
INFO  @ Wed, 16 Nov 2022 13:32:19: Collecting 25263 sgRNAs from 3506 genes. 
INFO  @ Wed, 16 Nov 2022 13:32:19: Permuting round 0 ... 
INFO  @ Wed, 16 Nov 2022 13:32:19: Thread 0 started. 
INFO  @ Wed, 16 Nov 2022 13:32:19: Thread 0: total 3506 instances. 
INFO  @ Wed, 16 Nov 2022 13:32:19: Thread 0: Calculating ZNF212 (1) ...  
INFO  @ Wed, 16 Nov 2022 13:32:27: Thread 0: Calculating ATG4A (1001) ...  
INFO  @ Wed, 16 Nov 2022 13:32:35: Thread 0: Calculating PYGO1 (2001) ...  
INFO  @ Wed, 16 Nov 2022 13:32:43: Thread 0: Calculating SHOX2 (3001) ...  
INFO  @ Wed, 16 Nov 2022 13:32:47: Thread 0 completed. 
INFO  @ Wed, 16 Nov 2022 13:32:47: All threads completed. 
INFO  @ Wed, 16 Nov 2022 13:32:48: Permuting round 1 ... 
INFO  @ Wed, 16 Nov 2022 13:32:49: Thread 0 started. 
INFO  @ Wed, 16 Nov 2022 13:32:49: Thread 0: total 3506 instances. 
INFO  @ Wed, 16 Nov 2022 13:32:49: Thread 0: Calculating ZNF212 (1) ...  
INFO  @ Wed, 16 Nov 2022 13:32:57: Thread 0: Calculating ATG4A (1001) ...  
INFO  @ Wed, 16 Nov 2022 13:33:04: Thread 0: Calculating PYGO1 (2001) ...  
INFO  @ Wed, 16 Nov 2022 13:33:12: Thread 0: Calculating SHOX2 (3001) ...  
INFO  @ Wed, 16 Nov 2022 13:33:16: Thread 0 completed. 
INFO  @ Wed, 16 Nov 2022 13:33:16: All threads completed. 
INFO  @ Wed, 16 Nov 2022 13:33:18: Assigning p values... 
INFO  @ Wed, 16 Nov 2022 13:33:18: Permuting groups of gene with 19 sgRNAs per gene. Group progress: 19/41 
INFO  @ Wed, 16 Nov 2022 13:33:18: Start permuting 2 rounds ... 
INFO  @ Wed, 16 Nov 2022 13:33:18: Collecting 25263 sgRNAs from 3506 genes. 
INFO  @ Wed, 16 Nov 2022 13:33:18: Permuting round 0 ... 
INFO  @ Wed, 16 Nov 2022 13:33:19: Thread 0 started. 
INFO  @ Wed, 16 Nov 2022 13:33:19: Thread 0: total 3506 instances. 
INFO  @ Wed, 16 Nov 2022 13:33:19: Thread 0: Calculating ZNF212 (1) ...  
INFO  @ Wed, 16 Nov 2022 13:33:27: Thread 0: Calculating ATG4A (1001) ...  
INFO  @ Wed, 16 Nov 2022 13:33:35: Thread 0: Calculating PYGO1 (2001) ...  
INFO  @ Wed, 16 Nov 2022 13:33:43: Thread 0: Calculating SHOX2 (3001) ...  
INFO  @ Wed, 16 Nov 2022 13:33:47: Thread 0 completed. 
INFO  @ Wed, 16 Nov 2022 13:33:47: All threads completed. 
INFO  @ Wed, 16 Nov 2022 13:33:48: Permuting round 1 ... 
INFO  @ Wed, 16 Nov 2022 13:33:49: Thread 0 started. 
INFO  @ Wed, 16 Nov 2022 13:33:49: Thread 0: total 3506 instances. 
INFO  @ Wed, 16 Nov 2022 13:33:49: Thread 0: Calculating ZNF212 (1) ...  
INFO  @ Wed, 16 Nov 2022 13:33:57: Thread 0: Calculating ATG4A (1001) ...  
INFO  @ Wed, 16 Nov 2022 13:34:05: Thread 0: Calculating PYGO1 (2001) ...  
INFO  @ Wed, 16 Nov 2022 13:34:13: Thread 0: Calculating SHOX2 (3001) ...  
INFO  @ Wed, 16 Nov 2022 13:34:17: Thread 0 completed. 
INFO  @ Wed, 16 Nov 2022 13:34:17: All threads completed. 
INFO  @ Wed, 16 Nov 2022 13:34:18: Assigning p values... 
INFO  @ Wed, 16 Nov 2022 13:34:18: Permuting groups of gene with 20 sgRNAs per gene. Group progress: 20/41 
INFO  @ Wed, 16 Nov 2022 13:34:18: Start permuting 2 rounds ... 
INFO  @ Wed, 16 Nov 2022 13:34:19: Collecting 25263 sgRNAs from 3506 genes. 
INFO  @ Wed, 16 Nov 2022 13:34:19: Permuting round 0 ... 
INFO  @ Wed, 16 Nov 2022 13:34:19: Thread 0 started. 
INFO  @ Wed, 16 Nov 2022 13:34:19: Thread 0: total 3506 instances. 
INFO  @ Wed, 16 Nov 2022 13:34:19: Thread 0: Calculating ZNF212 (1) ...  
INFO  @ Wed, 16 Nov 2022 13:34:27: Thread 0: Calculating ATG4A (1001) ...  
INFO  @ Wed, 16 Nov 2022 13:34:35: Thread 0: Calculating PYGO1 (2001) ...  
INFO  @ Wed, 16 Nov 2022 13:34:43: Thread 0: Calculating SHOX2 (3001) ...  
INFO  @ Wed, 16 Nov 2022 13:34:47: Thread 0 completed. 
INFO  @ Wed, 16 Nov 2022 13:34:47: All threads completed. 
INFO  @ Wed, 16 Nov 2022 13:34:49: Permuting round 1 ... 
INFO  @ Wed, 16 Nov 2022 13:34:49: Thread 0 started. 
INFO  @ Wed, 16 Nov 2022 13:34:49: Thread 0: total 3506 instances. 
INFO  @ Wed, 16 Nov 2022 13:34:49: Thread 0: Calculating ZNF212 (1) ...  
INFO  @ Wed, 16 Nov 2022 13:34:58: Thread 0: Calculating ATG4A (1001) ...  
INFO  @ Wed, 16 Nov 2022 13:35:06: Thread 0: Calculating PYGO1 (2001) ...  
INFO  @ Wed, 16 Nov 2022 13:35:15: Thread 0: Calculating SHOX2 (3001) ...  
INFO  @ Wed, 16 Nov 2022 13:35:19: Thread 0 completed. 
INFO  @ Wed, 16 Nov 2022 13:35:19: All threads completed. 
INFO  @ Wed, 16 Nov 2022 13:35:20: Assigning p values... 
INFO  @ Wed, 16 Nov 2022 13:35:20: Permuting groups of gene with 21 sgRNAs per gene. Group progress: 21/41 
INFO  @ Wed, 16 Nov 2022 13:35:20: Start permuting 2 rounds ... 
INFO  @ Wed, 16 Nov 2022 13:35:21: Collecting 25263 sgRNAs from 3506 genes. 
INFO  @ Wed, 16 Nov 2022 13:35:21: Permuting round 0 ... 
INFO  @ Wed, 16 Nov 2022 13:35:21: Thread 0 started. 
INFO  @ Wed, 16 Nov 2022 13:35:21: Thread 0: total 3506 instances. 
INFO  @ Wed, 16 Nov 2022 13:35:21: Thread 0: Calculating ZNF212 (1) ...  
INFO  @ Wed, 16 Nov 2022 13:35:30: Thread 0: Calculating ATG4A (1001) ...  
INFO  @ Wed, 16 Nov 2022 13:35:38: Thread 0: Calculating PYGO1 (2001) ...  
INFO  @ Wed, 16 Nov 2022 13:35:46: Thread 0: Calculating SHOX2 (3001) ...  
INFO  @ Wed, 16 Nov 2022 13:35:50: Thread 0 completed. 
INFO  @ Wed, 16 Nov 2022 13:35:50: All threads completed. 
INFO  @ Wed, 16 Nov 2022 13:35:51: Permuting round 1 ... 
INFO  @ Wed, 16 Nov 2022 13:35:52: Thread 0 started. 
INFO  @ Wed, 16 Nov 2022 13:35:52: Thread 0: total 3506 instances. 
INFO  @ Wed, 16 Nov 2022 13:35:52: Thread 0: Calculating ZNF212 (1) ...  
INFO  @ Wed, 16 Nov 2022 13:36:00: Thread 0: Calculating ATG4A (1001) ...  
INFO  @ Wed, 16 Nov 2022 13:36:09: Thread 0: Calculating PYGO1 (2001) ...  
INFO  @ Wed, 16 Nov 2022 13:36:17: Thread 0: Calculating SHOX2 (3001) ...  
INFO  @ Wed, 16 Nov 2022 13:36:21: Thread 0 completed. 
INFO  @ Wed, 16 Nov 2022 13:36:21: All threads completed. 
INFO  @ Wed, 16 Nov 2022 13:36:23: Assigning p values... 
INFO  @ Wed, 16 Nov 2022 13:36:23: Permuting groups of gene with 22 sgRNAs per gene. Group progress: 22/41 
INFO  @ Wed, 16 Nov 2022 13:36:23: Start permuting 2 rounds ... 
INFO  @ Wed, 16 Nov 2022 13:36:23: Collecting 25263 sgRNAs from 3506 genes. 
INFO  @ Wed, 16 Nov 2022 13:36:23: Permuting round 0 ... 
INFO  @ Wed, 16 Nov 2022 13:36:23: Thread 0 started. 
INFO  @ Wed, 16 Nov 2022 13:36:23: Thread 0: total 3506 instances. 
INFO  @ Wed, 16 Nov 2022 13:36:23: Thread 0: Calculating ZNF212 (1) ...  
INFO  @ Wed, 16 Nov 2022 13:36:32: Thread 0: Calculating ATG4A (1001) ...  
INFO  @ Wed, 16 Nov 2022 13:36:40: Thread 0: Calculating PYGO1 (2001) ...  
INFO  @ Wed, 16 Nov 2022 13:36:49: Thread 0: Calculating SHOX2 (3001) ...  
INFO  @ Wed, 16 Nov 2022 13:36:53: Thread 0 completed. 
INFO  @ Wed, 16 Nov 2022 13:36:53: All threads completed. 
INFO  @ Wed, 16 Nov 2022 13:36:54: Permuting round 1 ... 
INFO  @ Wed, 16 Nov 2022 13:36:54: Thread 0 started. 
INFO  @ Wed, 16 Nov 2022 13:36:54: Thread 0: total 3506 instances. 
INFO  @ Wed, 16 Nov 2022 13:36:54: Thread 0: Calculating ZNF212 (1) ...  
INFO  @ Wed, 16 Nov 2022 13:37:03: Thread 0: Calculating ATG4A (1001) ...  
INFO  @ Wed, 16 Nov 2022 13:37:12: Thread 0: Calculating PYGO1 (2001) ...  
INFO  @ Wed, 16 Nov 2022 13:37:20: Thread 0: Calculating SHOX2 (3001) ...  
INFO  @ Wed, 16 Nov 2022 13:37:25: Thread 0 completed. 
INFO  @ Wed, 16 Nov 2022 13:37:25: All threads completed. 
INFO  @ Wed, 16 Nov 2022 13:37:26: Assigning p values... 
INFO  @ Wed, 16 Nov 2022 13:37:26: Permuting groups of gene with 23 sgRNAs per gene. Group progress: 23/41 
INFO  @ Wed, 16 Nov 2022 13:37:26: Start permuting 2 rounds ... 
INFO  @ Wed, 16 Nov 2022 13:37:26: Collecting 25263 sgRNAs from 3506 genes. 
INFO  @ Wed, 16 Nov 2022 13:37:27: Permuting round 0 ... 
INFO  @ Wed, 16 Nov 2022 13:37:27: Thread 0 started. 
INFO  @ Wed, 16 Nov 2022 13:37:27: Thread 0: total 3506 instances. 
INFO  @ Wed, 16 Nov 2022 13:37:27: Thread 0: Calculating ZNF212 (1) ...  
INFO  @ Wed, 16 Nov 2022 13:37:36: Thread 0: Calculating ATG4A (1001) ...  
INFO  @ Wed, 16 Nov 2022 13:37:45: Thread 0: Calculating PYGO1 (2001) ...  
INFO  @ Wed, 16 Nov 2022 13:37:53: Thread 0: Calculating SHOX2 (3001) ...  
INFO  @ Wed, 16 Nov 2022 13:37:57: Thread 0 completed. 
INFO  @ Wed, 16 Nov 2022 13:37:57: All threads completed. 
INFO  @ Wed, 16 Nov 2022 13:37:59: Permuting round 1 ... 
INFO  @ Wed, 16 Nov 2022 13:37:59: Thread 0 started. 
INFO  @ Wed, 16 Nov 2022 13:37:59: Thread 0: total 3506 instances. 
INFO  @ Wed, 16 Nov 2022 13:37:59: Thread 0: Calculating ZNF212 (1) ...  
INFO  @ Wed, 16 Nov 2022 13:38:08: Thread 0: Calculating ATG4A (1001) ...  
INFO  @ Wed, 16 Nov 2022 13:38:17: Thread 0: Calculating PYGO1 (2001) ...  
INFO  @ Wed, 16 Nov 2022 13:38:25: Thread 0: Calculating SHOX2 (3001) ...  
INFO  @ Wed, 16 Nov 2022 13:38:30: Thread 0 completed. 
INFO  @ Wed, 16 Nov 2022 13:38:30: All threads completed. 
INFO  @ Wed, 16 Nov 2022 13:38:31: Assigning p values... 
INFO  @ Wed, 16 Nov 2022 13:38:31: Permuting groups of gene with 24 sgRNAs per gene. Group progress: 24/41 
INFO  @ Wed, 16 Nov 2022 13:38:31: Start permuting 2 rounds ... 
INFO  @ Wed, 16 Nov 2022 13:38:32: Collecting 25263 sgRNAs from 3506 genes. 
INFO  @ Wed, 16 Nov 2022 13:38:32: Permuting round 0 ... 
INFO  @ Wed, 16 Nov 2022 13:38:32: Thread 0 started. 
INFO  @ Wed, 16 Nov 2022 13:38:32: Thread 0: total 3506 instances. 
INFO  @ Wed, 16 Nov 2022 13:38:32: Thread 0: Calculating ZNF212 (1) ...  
INFO  @ Wed, 16 Nov 2022 13:38:41: Thread 0: Calculating ATG4A (1001) ...  
INFO  @ Wed, 16 Nov 2022 13:38:50: Thread 0: Calculating PYGO1 (2001) ...  
INFO  @ Wed, 16 Nov 2022 13:38:58: Thread 0: Calculating SHOX2 (3001) ...  
INFO  @ Wed, 16 Nov 2022 13:39:03: Thread 0 completed. 
INFO  @ Wed, 16 Nov 2022 13:39:03: All threads completed. 
INFO  @ Wed, 16 Nov 2022 13:39:04: Permuting round 1 ... 
INFO  @ Wed, 16 Nov 2022 13:39:05: Thread 0 started. 
INFO  @ Wed, 16 Nov 2022 13:39:05: Thread 0: total 3506 instances. 
INFO  @ Wed, 16 Nov 2022 13:39:05: Thread 0: Calculating ZNF212 (1) ...  
INFO  @ Wed, 16 Nov 2022 13:39:14: Thread 0: Calculating ATG4A (1001) ...  
INFO  @ Wed, 16 Nov 2022 13:39:23: Thread 0: Calculating PYGO1 (2001) ...  
INFO  @ Wed, 16 Nov 2022 13:39:35: Thread 0: Calculating SHOX2 (3001) ...  
INFO  @ Wed, 16 Nov 2022 13:39:41: Thread 0 completed. 
INFO  @ Wed, 16 Nov 2022 13:39:41: All threads completed. 
INFO  @ Wed, 16 Nov 2022 13:39:43: Assigning p values... 
INFO  @ Wed, 16 Nov 2022 13:39:43: Permuting groups of gene with 25 sgRNAs per gene. Group progress: 25/41 
INFO  @ Wed, 16 Nov 2022 13:39:43: Start permuting 2 rounds ... 
INFO  @ Wed, 16 Nov 2022 13:39:43: Collecting 25263 sgRNAs from 3506 genes. 
INFO  @ Wed, 16 Nov 2022 13:39:44: Permuting round 0 ... 
INFO  @ Wed, 16 Nov 2022 13:39:44: Thread 0 started. 
INFO  @ Wed, 16 Nov 2022 13:39:44: Thread 0: total 3506 instances. 
INFO  @ Wed, 16 Nov 2022 13:39:44: Thread 0: Calculating ZNF212 (1) ...  
INFO  @ Wed, 16 Nov 2022 13:39:55: Thread 0: Calculating ATG4A (1001) ...  
INFO  @ Wed, 16 Nov 2022 13:40:07: Thread 0: Calculating PYGO1 (2001) ...  
INFO  @ Wed, 16 Nov 2022 13:40:19: Thread 0: Calculating SHOX2 (3001) ...  
INFO  @ Wed, 16 Nov 2022 13:40:24: Thread 0 completed. 
INFO  @ Wed, 16 Nov 2022 13:40:24: All threads completed. 
INFO  @ Wed, 16 Nov 2022 13:40:26: Permuting round 1 ... 
INFO  @ Wed, 16 Nov 2022 13:40:26: Thread 0 started. 
INFO  @ Wed, 16 Nov 2022 13:40:26: Thread 0: total 3506 instances. 
INFO  @ Wed, 16 Nov 2022 13:40:26: Thread 0: Calculating ZNF212 (1) ...  
INFO  @ Wed, 16 Nov 2022 13:40:38: Thread 0: Calculating ATG4A (1001) ...  
INFO  @ Wed, 16 Nov 2022 13:40:48: Thread 0: Calculating PYGO1 (2001) ...  
INFO  @ Wed, 16 Nov 2022 13:40:59: Thread 0: Calculating SHOX2 (3001) ...  
INFO  @ Wed, 16 Nov 2022 13:41:05: Thread 0 completed. 
INFO  @ Wed, 16 Nov 2022 13:41:05: All threads completed. 
INFO  @ Wed, 16 Nov 2022 13:41:07: Assigning p values... 
INFO  @ Wed, 16 Nov 2022 13:41:07: Permuting groups of gene with 26 sgRNAs per gene. Group progress: 26/41 
INFO  @ Wed, 16 Nov 2022 13:41:07: Start permuting 2 rounds ... 
INFO  @ Wed, 16 Nov 2022 13:41:07: Collecting 25263 sgRNAs from 3506 genes. 
INFO  @ Wed, 16 Nov 2022 13:41:08: Permuting round 0 ... 
INFO  @ Wed, 16 Nov 2022 13:41:08: Thread 0 started. 
INFO  @ Wed, 16 Nov 2022 13:41:08: Thread 0: total 3506 instances. 
INFO  @ Wed, 16 Nov 2022 13:41:08: Thread 0: Calculating ZNF212 (1) ...  
INFO  @ Wed, 16 Nov 2022 13:41:17: Thread 0: Calculating ATG4A (1001) ...  
INFO  @ Wed, 16 Nov 2022 13:41:27: Thread 0: Calculating PYGO1 (2001) ...  
INFO  @ Wed, 16 Nov 2022 13:41:36: Thread 0: Calculating SHOX2 (3001) ...  
INFO  @ Wed, 16 Nov 2022 13:41:41: Thread 0 completed. 
INFO  @ Wed, 16 Nov 2022 13:41:41: All threads completed. 
INFO  @ Wed, 16 Nov 2022 13:41:43: Permuting round 1 ... 
INFO  @ Wed, 16 Nov 2022 13:41:43: Thread 0 started. 
INFO  @ Wed, 16 Nov 2022 13:41:43: Thread 0: total 3506 instances. 
INFO  @ Wed, 16 Nov 2022 13:41:43: Thread 0: Calculating ZNF212 (1) ...  
INFO  @ Wed, 16 Nov 2022 13:41:53: Thread 0: Calculating ATG4A (1001) ...  
INFO  @ Wed, 16 Nov 2022 13:42:03: Thread 0: Calculating PYGO1 (2001) ...  
INFO  @ Wed, 16 Nov 2022 13:42:13: Thread 0: Calculating SHOX2 (3001) ...  
INFO  @ Wed, 16 Nov 2022 13:42:18: Thread 0 completed. 
INFO  @ Wed, 16 Nov 2022 13:42:18: All threads completed. 
INFO  @ Wed, 16 Nov 2022 13:42:20: Assigning p values... 
INFO  @ Wed, 16 Nov 2022 13:42:20: Permuting groups of gene with 28 sgRNAs per gene. Group progress: 27/41 
INFO  @ Wed, 16 Nov 2022 13:42:20: Start permuting 2 rounds ... 
INFO  @ Wed, 16 Nov 2022 13:42:20: Collecting 25263 sgRNAs from 3506 genes. 
INFO  @ Wed, 16 Nov 2022 13:42:20: Permuting round 0 ... 
INFO  @ Wed, 16 Nov 2022 13:42:21: Thread 0 started. 
INFO  @ Wed, 16 Nov 2022 13:42:21: Thread 0: total 3506 instances. 
INFO  @ Wed, 16 Nov 2022 13:42:21: Thread 0: Calculating ZNF212 (1) ...  
INFO  @ Wed, 16 Nov 2022 13:42:30: Thread 0: Calculating ATG4A (1001) ...  
INFO  @ Wed, 16 Nov 2022 13:42:40: Thread 0: Calculating PYGO1 (2001) ...  
INFO  @ Wed, 16 Nov 2022 13:42:49: Thread 0: Calculating SHOX2 (3001) ...  
INFO  @ Wed, 16 Nov 2022 13:42:55: Thread 0 completed. 
INFO  @ Wed, 16 Nov 2022 13:42:55: All threads completed. 
INFO  @ Wed, 16 Nov 2022 13:42:57: Permuting round 1 ... 
INFO  @ Wed, 16 Nov 2022 13:42:58: Thread 0 started. 
INFO  @ Wed, 16 Nov 2022 13:42:58: Thread 0: total 3506 instances. 
INFO  @ Wed, 16 Nov 2022 13:42:58: Thread 0: Calculating ZNF212 (1) ...  
INFO  @ Wed, 16 Nov 2022 13:43:12: Thread 0: Calculating ATG4A (1001) ...  
INFO  @ Wed, 16 Nov 2022 13:43:28: Thread 0: Calculating PYGO1 (2001) ...  
INFO  @ Wed, 16 Nov 2022 13:43:57: Thread 0: Calculating SHOX2 (3001) ...  
INFO  @ Wed, 16 Nov 2022 13:44:12: Thread 0 completed. 
INFO  @ Wed, 16 Nov 2022 13:44:12: All threads completed. 
INFO  @ Wed, 16 Nov 2022 13:44:16: Assigning p values... 
INFO  @ Wed, 16 Nov 2022 13:44:16: Permuting groups of gene with 30 sgRNAs per gene. Group progress: 28/41 
INFO  @ Wed, 16 Nov 2022 13:44:16: Start permuting 2 rounds ... 
INFO  @ Wed, 16 Nov 2022 13:44:16: Collecting 25263 sgRNAs from 3506 genes. 
INFO  @ Wed, 16 Nov 2022 13:44:18: Permuting round 0 ... 
INFO  @ Wed, 16 Nov 2022 13:44:19: Thread 0 started. 
INFO  @ Wed, 16 Nov 2022 13:44:19: Thread 0: total 3506 instances. 
INFO  @ Wed, 16 Nov 2022 13:44:28: Thread 0: Calculating ZNF212 (1) ...  
INFO  @ Wed, 16 Nov 2022 13:45:03: Thread 0: Calculating ATG4A (1001) ...  
INFO  @ Wed, 16 Nov 2022 13:45:33: Thread 0: Calculating PYGO1 (2001) ...  
INFO  @ Wed, 16 Nov 2022 13:46:05: Thread 0: Calculating SHOX2 (3001) ...  
INFO  @ Wed, 16 Nov 2022 13:46:24: Thread 0 completed. 
INFO  @ Wed, 16 Nov 2022 13:46:24: All threads completed. 
INFO  @ Wed, 16 Nov 2022 13:46:28: Permuting round 1 ... 
INFO  @ Wed, 16 Nov 2022 13:46:29: Thread 0 started. 
INFO  @ Wed, 16 Nov 2022 13:46:29: Thread 0: total 3506 instances. 
INFO  @ Wed, 16 Nov 2022 13:46:30: Thread 0: Calculating ZNF212 (1) ...  
INFO  @ Wed, 16 Nov 2022 13:47:07: Thread 0: Calculating ATG4A (1001) ...  
INFO  @ Wed, 16 Nov 2022 13:47:57: Thread 0: Calculating PYGO1 (2001) ...  
INFO  @ Wed, 16 Nov 2022 13:48:47: Thread 0: Calculating SHOX2 (3001) ...  
INFO  @ Wed, 16 Nov 2022 13:49:13: Thread 0 completed. 
INFO  @ Wed, 16 Nov 2022 13:49:13: All threads completed. 
INFO  @ Wed, 16 Nov 2022 13:49:18: Assigning p values... 
INFO  @ Wed, 16 Nov 2022 13:49:19: Permuting groups of gene with 31 sgRNAs per gene. Group progress: 29/41 
INFO  @ Wed, 16 Nov 2022 13:49:19: Start permuting 2 rounds ... 
INFO  @ Wed, 16 Nov 2022 13:49:20: Collecting 25263 sgRNAs from 3506 genes. 
INFO  @ Wed, 16 Nov 2022 13:49:22: Permuting round 0 ... 
INFO  @ Wed, 16 Nov 2022 13:49:24: Thread 0 started. 
INFO  @ Wed, 16 Nov 2022 13:49:24: Thread 0: total 3506 instances. 
INFO  @ Wed, 16 Nov 2022 13:49:32: Thread 0: Calculating ZNF212 (1) ...  
INFO  @ Wed, 16 Nov 2022 13:50:38: Thread 0: Calculating ATG4A (1001) ...  
INFO  @ Wed, 16 Nov 2022 13:51:49: Thread 0: Calculating PYGO1 (2001) ...  
INFO  @ Wed, 16 Nov 2022 13:53:03: Thread 0: Calculating SHOX2 (3001) ...  
INFO  @ Wed, 16 Nov 2022 13:53:43: Thread 0 completed. 
INFO  @ Wed, 16 Nov 2022 13:53:43: All threads completed. 
INFO  @ Wed, 16 Nov 2022 13:53:50: Permuting round 1 ... 
INFO  @ Wed, 16 Nov 2022 13:53:52: Thread 0 started. 
INFO  @ Wed, 16 Nov 2022 13:53:52: Thread 0: total 3506 instances. 
INFO  @ Wed, 16 Nov 2022 13:53:55: Thread 0: Calculating ZNF212 (1) ...  
INFO  @ Wed, 16 Nov 2022 13:55:12: Thread 0: Calculating ATG4A (1001) ...  
INFO  @ Wed, 16 Nov 2022 13:56:42: Thread 0: Calculating PYGO1 (2001) ...  
INFO  @ Wed, 16 Nov 2022 13:59:05: Thread 0: Calculating SHOX2 (3001) ...  
INFO  @ Wed, 16 Nov 2022 13:59:55: Thread 0 completed. 
INFO  @ Wed, 16 Nov 2022 13:59:57: All threads completed. 
INFO  @ Wed, 16 Nov 2022 14:00:06: Assigning p values... 
INFO  @ Wed, 16 Nov 2022 14:00:07: Permuting groups of gene with 32 sgRNAs per gene. Group progress: 30/41 
INFO  @ Wed, 16 Nov 2022 14:00:07: Start permuting 2 rounds ... 
INFO  @ Wed, 16 Nov 2022 14:00:08: Collecting 25263 sgRNAs from 3506 genes. 
INFO  @ Wed, 16 Nov 2022 14:00:10: Permuting round 0 ... 
INFO  @ Wed, 16 Nov 2022 14:00:14: Thread 0 started. 
INFO  @ Wed, 16 Nov 2022 14:00:14: Thread 0: total 3506 instances. 
INFO  @ Wed, 16 Nov 2022 14:00:14: Thread 0: Calculating ZNF212 (1) ...  
INFO  @ Wed, 16 Nov 2022 14:01:53: Thread 0: Calculating ATG4A (1001) ...  
INFO  @ Wed, 16 Nov 2022 14:03:35: Thread 0: Calculating PYGO1 (2001) ...  
INFO  @ Wed, 16 Nov 2022 14:05:12: Thread 0: Calculating SHOX2 (3001) ...  
INFO  @ Wed, 16 Nov 2022 14:05:55: Thread 0 completed. 
INFO  @ Wed, 16 Nov 2022 14:05:55: All threads completed. 
INFO  @ Wed, 16 Nov 2022 14:06:02: Permuting round 1 ... 
INFO  @ Wed, 16 Nov 2022 14:06:05: Thread 0: total 3506 instances. 
INFO  @ Wed, 16 Nov 2022 14:06:05: Thread 0 started. 
INFO  @ Wed, 16 Nov 2022 14:06:05: Thread 0: Calculating ZNF212 (1) ...  
INFO  @ Wed, 16 Nov 2022 14:07:35: Thread 0: Calculating ATG4A (1001) ...  
INFO  @ Wed, 16 Nov 2022 14:09:21: Thread 0: Calculating PYGO1 (2001) ...  
INFO  @ Wed, 16 Nov 2022 14:11:02: Thread 0: Calculating SHOX2 (3001) ...  
INFO  @ Wed, 16 Nov 2022 14:11:51: Thread 0 completed. 
INFO  @ Wed, 16 Nov 2022 14:11:51: All threads completed. 
INFO  @ Wed, 16 Nov 2022 14:12:00: Assigning p values... 
INFO  @ Wed, 16 Nov 2022 14:12:00: Permuting groups of gene with 33 sgRNAs per gene. Group progress: 31/41 
INFO  @ Wed, 16 Nov 2022 14:12:00: Start permuting 2 rounds ... 
INFO  @ Wed, 16 Nov 2022 14:12:02: Collecting 25263 sgRNAs from 3506 genes. 
INFO  @ Wed, 16 Nov 2022 14:12:05: Permuting round 0 ... 
INFO  @ Wed, 16 Nov 2022 14:12:07: Thread 0 started. 
INFO  @ Wed, 16 Nov 2022 14:12:08: Thread 0: total 3506 instances. 
INFO  @ Wed, 16 Nov 2022 14:12:08: Thread 0: Calculating ZNF212 (1) ...  
INFO  @ Wed, 16 Nov 2022 14:13:52: Thread 0: Calculating ATG4A (1001) ...  
INFO  @ Wed, 16 Nov 2022 14:15:34: Thread 0: Calculating PYGO1 (2001) ...  
INFO  @ Wed, 16 Nov 2022 14:17:25: Thread 0: Calculating SHOX2 (3001) ...  
INFO  @ Wed, 16 Nov 2022 14:18:25: Thread 0 completed. 
INFO  @ Wed, 16 Nov 2022 14:18:25: All threads completed. 
INFO  @ Wed, 16 Nov 2022 14:18:34: Permuting round 1 ... 
INFO  @ Wed, 16 Nov 2022 14:18:37: Thread 0 started. 
INFO  @ Wed, 16 Nov 2022 14:18:38: Thread 0: total 3506 instances. 
INFO  @ Wed, 16 Nov 2022 14:18:38: Thread 0: Calculating ZNF212 (1) ...  
INFO  @ Wed, 16 Nov 2022 14:20:23: Thread 0: Calculating ATG4A (1001) ...  
INFO  @ Wed, 16 Nov 2022 14:22:19: Thread 0: Calculating PYGO1 (2001) ...  
INFO  @ Wed, 16 Nov 2022 14:24:10: Thread 0: Calculating SHOX2 (3001) ...  
INFO  @ Wed, 16 Nov 2022 14:25:10: Thread 0 completed. 
INFO  @ Wed, 16 Nov 2022 14:25:10: All threads completed. 
INFO  @ Wed, 16 Nov 2022 14:25:18: Assigning p values... 
INFO  @ Wed, 16 Nov 2022 14:25:19: Permuting groups of gene with 34 sgRNAs per gene. Group progress: 32/41 
INFO  @ Wed, 16 Nov 2022 14:25:19: Start permuting 2 rounds ... 
INFO  @ Wed, 16 Nov 2022 14:25:20: Collecting 25263 sgRNAs from 3506 genes. 
INFO  @ Wed, 16 Nov 2022 14:25:24: Permuting round 0 ... 
INFO  @ Wed, 16 Nov 2022 14:25:27: Thread 0 started. 
INFO  @ Wed, 16 Nov 2022 14:25:27: Thread 0: total 3506 instances. 
INFO  @ Wed, 16 Nov 2022 14:25:27: Thread 0: Calculating ZNF212 (1) ...  
INFO  @ Wed, 16 Nov 2022 14:27:25: Thread 0: Calculating ATG4A (1001) ...  
INFO  @ Wed, 16 Nov 2022 14:29:28: Thread 0: Calculating PYGO1 (2001) ...  
INFO  @ Wed, 16 Nov 2022 14:31:29: Thread 0: Calculating SHOX2 (3001) ...  
INFO  @ Wed, 16 Nov 2022 14:32:38: Thread 0 completed. 
INFO  @ Wed, 16 Nov 2022 14:32:38: All threads completed. 
INFO  @ Wed, 16 Nov 2022 14:32:46: Permuting round 1 ... 
INFO  @ Wed, 16 Nov 2022 14:32:49: Thread 0 started. 
INFO  @ Wed, 16 Nov 2022 14:32:49: Thread 0: total 3506 instances. 
INFO  @ Wed, 16 Nov 2022 14:32:49: Thread 0: Calculating ZNF212 (1) ...  
INFO  @ Wed, 16 Nov 2022 14:35:00: Thread 0: Calculating ATG4A (1001) ...  
INFO  @ Wed, 16 Nov 2022 14:36:58: Thread 0: Calculating PYGO1 (2001) ...  
INFO  @ Wed, 16 Nov 2022 14:38:54: Thread 0: Calculating SHOX2 (3001) ...  
INFO  @ Wed, 16 Nov 2022 14:39:53: Thread 0 completed. 
INFO  @ Wed, 16 Nov 2022 14:39:53: All threads completed. 
INFO  @ Wed, 16 Nov 2022 14:40:01: Assigning p values... 
INFO  @ Wed, 16 Nov 2022 14:40:01: Permuting groups of gene with 38 sgRNAs per gene. Group progress: 33/41 
INFO  @ Wed, 16 Nov 2022 14:40:01: Start permuting 2 rounds ... 
INFO  @ Wed, 16 Nov 2022 14:40:03: Collecting 25263 sgRNAs from 3506 genes. 
INFO  @ Wed, 16 Nov 2022 14:40:06: Permuting round 0 ... 
INFO  @ Wed, 16 Nov 2022 14:40:10: Thread 0 started. 
INFO  @ Wed, 16 Nov 2022 14:40:10: Thread 0: total 3506 instances. 
INFO  @ Wed, 16 Nov 2022 14:40:10: Thread 0: Calculating ZNF212 (1) ...  
INFO  @ Wed, 16 Nov 2022 14:42:22: Thread 0: Calculating ATG4A (1001) ...  
INFO  @ Wed, 16 Nov 2022 14:44:41: Thread 0: Calculating PYGO1 (2001) ...  
INFO  @ Wed, 16 Nov 2022 14:47:07: Thread 0: Calculating SHOX2 (3001) ...  
INFO  @ Wed, 16 Nov 2022 14:48:17: Thread 0 completed. 
INFO  @ Wed, 16 Nov 2022 14:48:17: All threads completed. 
INFO  @ Wed, 16 Nov 2022 14:48:25: Permuting round 1 ... 
INFO  @ Wed, 16 Nov 2022 14:48:29: Thread 0 started. 
INFO  @ Wed, 16 Nov 2022 14:48:29: Thread 0: total 3506 instances. 
INFO  @ Wed, 16 Nov 2022 14:48:29: Thread 0: Calculating ZNF212 (1) ...  
INFO  @ Wed, 16 Nov 2022 14:50:26: Thread 0: Calculating ATG4A (1001) ...  
INFO  @ Wed, 16 Nov 2022 14:52:15: Thread 0: Calculating PYGO1 (2001) ...  
INFO  @ Wed, 16 Nov 2022 14:53:46: Thread 0: Calculating SHOX2 (3001) ...  
INFO  @ Wed, 16 Nov 2022 14:54:27: Thread 0 completed. 
INFO  @ Wed, 16 Nov 2022 14:54:27: All threads completed. 
INFO  @ Wed, 16 Nov 2022 14:54:31: Assigning p values... 
INFO  @ Wed, 16 Nov 2022 14:54:31: Permuting groups of gene with 39 sgRNAs per gene. Group progress: 34/41 
INFO  @ Wed, 16 Nov 2022 14:54:31: Start permuting 2 rounds ... 
INFO  @ Wed, 16 Nov 2022 14:54:32: Collecting 25263 sgRNAs from 3506 genes. 
INFO  @ Wed, 16 Nov 2022 14:54:33: Permuting round 0 ... 
INFO  @ Wed, 16 Nov 2022 14:54:34: Thread 0: total 3506 instances. 
INFO  @ Wed, 16 Nov 2022 14:54:34: Thread 0 started. 
INFO  @ Wed, 16 Nov 2022 14:54:34: Thread 0: Calculating ZNF212 (1) ...  
INFO  @ Wed, 16 Nov 2022 14:55:34: Thread 0: Calculating ATG4A (1001) ...  
INFO  @ Wed, 16 Nov 2022 14:56:35: Thread 0: Calculating PYGO1 (2001) ...  
INFO  @ Wed, 16 Nov 2022 14:57:26: Thread 0: Calculating SHOX2 (3001) ...  
INFO  @ Wed, 16 Nov 2022 14:57:50: Thread 0 completed. 
INFO  @ Wed, 16 Nov 2022 14:57:50: All threads completed. 
INFO  @ Wed, 16 Nov 2022 14:57:53: Permuting round 1 ... 
INFO  @ Wed, 16 Nov 2022 14:57:54: Thread 0 started. 
INFO  @ Wed, 16 Nov 2022 14:57:54: Thread 0: total 3506 instances. 
INFO  @ Wed, 16 Nov 2022 14:57:54: Thread 0: Calculating ZNF212 (1) ...  
INFO  @ Wed, 16 Nov 2022 14:58:36: Thread 0: Calculating ATG4A (1001) ...  
INFO  @ Wed, 16 Nov 2022 14:59:15: Thread 0: Calculating PYGO1 (2001) ...  
INFO  @ Wed, 16 Nov 2022 14:59:52: Thread 0: Calculating SHOX2 (3001) ...  
INFO  @ Wed, 16 Nov 2022 15:00:10: Thread 0 completed. 
INFO  @ Wed, 16 Nov 2022 15:00:10: All threads completed. 
INFO  @ Wed, 16 Nov 2022 15:00:12: Assigning p values... 
INFO  @ Wed, 16 Nov 2022 15:00:12: Groups of gene with 41 sgRNAs per gene: assigning p values based on previous group results. Group progress: 35/41 
INFO  @ Wed, 16 Nov 2022 15:00:12: Groups of gene with 42 sgRNAs per gene: assigning p values based on previous group results. Group progress: 36/41 
INFO  @ Wed, 16 Nov 2022 15:00:12: Groups of gene with 43 sgRNAs per gene: assigning p values based on previous group results. Group progress: 37/41 
INFO  @ Wed, 16 Nov 2022 15:00:12: Groups of gene with 47 sgRNAs per gene: assigning p values based on previous group results. Group progress: 38/41 
INFO  @ Wed, 16 Nov 2022 15:00:12: Groups of gene with 48 sgRNAs per gene: assigning p values based on previous group results. Group progress: 39/41 
INFO  @ Wed, 16 Nov 2022 15:00:12: Groups of gene with 49 sgRNAs per gene: assigning p values based on previous group results. Group progress: 40/41 
INFO  @ Wed, 16 Nov 2022 15:00:12: Groups of gene with 57 sgRNAs per gene: assigning p values based on previous group results. Group progress: 41/41 
INFO  @ Wed, 16 Nov 2022 15:00:12: Writing gene results to mle_HCT116-Ts13.gene_summary.txt 
INFO  @ Wed, 16 Nov 2022 15:00:12: Writing sgRNA results to mle_HCT116-Ts13.sgrna_summary.txt 
