INFO  @ Wed, 05 Jul 2023 09:23:35: Parameters: /home/ryan/miniconda3/envs/mageck/bin/mageck mle -k count-A2780-Ts8.csv -d matrixTs8.txt -n mle_count-A2780-Ts8 
INFO  @ Wed, 05 Jul 2023 09:23:35: Cannot parse design matrix as a string; try to parse it as a file name ... 
INFO  @ Wed, 05 Jul 2023 09:23:35: Design matrix: 
INFO  @ Wed, 05 Jul 2023 09:23:35: [[1. 0.] 
INFO  @ Wed, 05 Jul 2023 09:23:35:  [1. 1.]] 
INFO  @ Wed, 05 Jul 2023 09:23:35: Beta labels:baseline,Ts8 
INFO  @ Wed, 05 Jul 2023 09:23:35: Included samples:A2780_Ts8_D0,A2780_Ts8_D10 
INFO  @ Wed, 05 Jul 2023 09:23:35: Treating count-A2780-Ts8.csv as csv file ... 
INFO  @ Wed, 05 Jul 2023 09:23:35: Loaded samples:A2780_Ts8_D0;A2780_Ts8_D10 
INFO  @ Wed, 05 Jul 2023 09:23:35: Sample index: 0;1 
INFO  @ Wed, 05 Jul 2023 09:23:35: Loaded 3516 genes. 
DEBUG @ Wed, 05 Jul 2023 09:23:35: Initial (total) size factor: 0.9877766861700871 1.0125296208044379 
DEBUG @ Wed, 05 Jul 2023 09:23:35: Median factor: 0.7159200013282924 1.434925391105034 
INFO  @ Wed, 05 Jul 2023 09:23:35: Final size factor: 0.7159200013282924 1.434925391105034 
INFO  @ Wed, 05 Jul 2023 09:23:35: size factor: 1.396804109599726,0.6969003449230914 
INFO  @ Wed, 05 Jul 2023 09:23:35: Thread 0 started. 
INFO  @ Wed, 05 Jul 2023 09:23:35: Thread 0: total 1 instances. 
INFO  @ Wed, 05 Jul 2023 09:23:35: Thread 0 completed. 
INFO  @ Wed, 05 Jul 2023 09:23:35: All threads completed. 
INFO  @ Wed, 05 Jul 2023 09:23:35: Modeling the mean and variance ... 
INFO  @ Wed, 05 Jul 2023 09:23:35: Run the algorithm for the second time ... 
INFO  @ Wed, 05 Jul 2023 09:23:35: Skipping gene NKX2 from MLE calculation since there are too many sgRNAs. To change, revise the --max-sgrnapergene-permutation option. 
INFO  @ Wed, 05 Jul 2023 09:23:35: Skipping gene PBRM1 from MLE calculation since there are too many sgRNAs. To change, revise the --max-sgrnapergene-permutation option. 
INFO  @ Wed, 05 Jul 2023 09:23:35: Skipping gene KDM2A from MLE calculation since there are too many sgRNAs. To change, revise the --max-sgrnapergene-permutation option. 
INFO  @ Wed, 05 Jul 2023 09:23:35: Skipping gene KDM2B from MLE calculation since there are too many sgRNAs. To change, revise the --max-sgrnapergene-permutation option. 
INFO  @ Wed, 05 Jul 2023 09:23:35: Skipping gene KMT2A from MLE calculation since there are too many sgRNAs. To change, revise the --max-sgrnapergene-permutation option. 
INFO  @ Wed, 05 Jul 2023 09:23:35: Skipping gene KMT2B from MLE calculation since there are too many sgRNAs. To change, revise the --max-sgrnapergene-permutation option. 
INFO  @ Wed, 05 Jul 2023 09:23:35: Skipping gene KMT2C from MLE calculation since there are too many sgRNAs. To change, revise the --max-sgrnapergene-permutation option. 
INFO  @ Wed, 05 Jul 2023 09:23:35: Skipping gene KMT2D from MLE calculation since there are too many sgRNAs. To change, revise the --max-sgrnapergene-permutation option. 
INFO  @ Wed, 05 Jul 2023 09:23:35: Skipping gene NSD1 from MLE calculation since there are too many sgRNAs. To change, revise the --max-sgrnapergene-permutation option. 
INFO  @ Wed, 05 Jul 2023 09:23:35: Skipping gene RNF17 from MLE calculation since there are too many sgRNAs. To change, revise the --max-sgrnapergene-permutation option. 
INFO  @ Wed, 05 Jul 2023 09:23:35: Skipping gene TDRD6 from MLE calculation since there are too many sgRNAs. To change, revise the --max-sgrnapergene-permutation option. 
INFO  @ Wed, 05 Jul 2023 09:23:35: Thread 0 started. 
INFO  @ Wed, 05 Jul 2023 09:23:35: Thread 0: total 3505 instances. 
INFO  @ Wed, 05 Jul 2023 09:23:35: Thread 0: Calculating AATK (1) ...  
INFO  @ Wed, 05 Jul 2023 09:23:45: Thread 0: Calculating NFXL1 (1001) ...  
INFO  @ Wed, 05 Jul 2023 09:23:55: Thread 0: Calculating NO66 (2001) ...  
INFO  @ Wed, 05 Jul 2023 09:24:05: Thread 0: Calculating RNF170 (3001) ...  
INFO  @ Wed, 05 Jul 2023 09:24:11: Thread 0 completed. 
INFO  @ Wed, 05 Jul 2023 09:24:11: All threads completed. 
INFO  @ Wed, 05 Jul 2023 09:24:11: Permuting groups of gene with 1 sgRNAs per gene. Group progress: 1/41 
INFO  @ Wed, 05 Jul 2023 09:24:11: Start permuting 2 rounds ... 
INFO  @ Wed, 05 Jul 2023 09:24:12: Collecting 26156 sgRNAs from 3516 genes. 
INFO  @ Wed, 05 Jul 2023 09:24:12: Permuting round 0 ... 
INFO  @ Wed, 05 Jul 2023 09:24:12: Thread 0 started. 
INFO  @ Wed, 05 Jul 2023 09:24:12: Thread 0: total 3516 instances. 
INFO  @ Wed, 05 Jul 2023 09:24:12: Thread 0: Calculating AATK (1) ...  
INFO  @ Wed, 05 Jul 2023 09:24:14: Thread 0: Calculating NFXL1 (1001) ...  
INFO  @ Wed, 05 Jul 2023 09:24:16: Thread 0: Calculating MLL1 (2001) ...  
INFO  @ Wed, 05 Jul 2023 09:24:18: Thread 0: Calculating RNF146 (3001) ...  
INFO  @ Wed, 05 Jul 2023 09:24:19: Thread 0 completed. 
INFO  @ Wed, 05 Jul 2023 09:24:19: All threads completed. 
INFO  @ Wed, 05 Jul 2023 09:24:20: Permuting round 1 ... 
INFO  @ Wed, 05 Jul 2023 09:24:20: Thread 0 started. 
INFO  @ Wed, 05 Jul 2023 09:24:20: Thread 0: total 3516 instances. 
INFO  @ Wed, 05 Jul 2023 09:24:20: Thread 0: Calculating AATK (1) ...  
INFO  @ Wed, 05 Jul 2023 09:24:22: Thread 0: Calculating NFXL1 (1001) ...  
INFO  @ Wed, 05 Jul 2023 09:24:24: Thread 0: Calculating MLL1 (2001) ...  
INFO  @ Wed, 05 Jul 2023 09:24:26: Thread 0: Calculating RNF146 (3001) ...  
INFO  @ Wed, 05 Jul 2023 09:24:27: Thread 0 completed. 
INFO  @ Wed, 05 Jul 2023 09:24:27: All threads completed. 
INFO  @ Wed, 05 Jul 2023 09:24:28: Assigning p values... 
INFO  @ Wed, 05 Jul 2023 09:24:28: Permuting groups of gene with 2 sgRNAs per gene. Group progress: 2/41 
INFO  @ Wed, 05 Jul 2023 09:24:28: Start permuting 2 rounds ... 
INFO  @ Wed, 05 Jul 2023 09:24:28: Collecting 26156 sgRNAs from 3516 genes. 
INFO  @ Wed, 05 Jul 2023 09:24:28: Permuting round 0 ... 
INFO  @ Wed, 05 Jul 2023 09:24:28: Thread 0 started. 
INFO  @ Wed, 05 Jul 2023 09:24:28: Thread 0: total 3516 instances. 
INFO  @ Wed, 05 Jul 2023 09:24:28: Thread 0: Calculating AATK (1) ...  
INFO  @ Wed, 05 Jul 2023 09:24:38: Thread 0: Calculating NFXL1 (1001) ...  
INFO  @ Wed, 05 Jul 2023 09:24:49: Thread 0: Calculating MLL1 (2001) ...  
INFO  @ Wed, 05 Jul 2023 09:25:01: Thread 0: Calculating RNF146 (3001) ...  
INFO  @ Wed, 05 Jul 2023 09:25:09: Thread 0 completed. 
INFO  @ Wed, 05 Jul 2023 09:25:09: All threads completed. 
INFO  @ Wed, 05 Jul 2023 09:25:10: Permuting round 1 ... 
INFO  @ Wed, 05 Jul 2023 09:25:10: Thread 0 started. 
INFO  @ Wed, 05 Jul 2023 09:25:10: Thread 0: total 3516 instances. 
INFO  @ Wed, 05 Jul 2023 09:25:10: Thread 0: Calculating AATK (1) ...  
INFO  @ Wed, 05 Jul 2023 09:25:24: Thread 0: Calculating NFXL1 (1001) ...  
INFO  @ Wed, 05 Jul 2023 09:25:35: Thread 0: Calculating MLL1 (2001) ...  
INFO  @ Wed, 05 Jul 2023 09:25:44: Thread 0: Calculating RNF146 (3001) ...  
INFO  @ Wed, 05 Jul 2023 09:25:52: Thread 0 completed. 
INFO  @ Wed, 05 Jul 2023 09:25:52: All threads completed. 
INFO  @ Wed, 05 Jul 2023 09:25:53: Assigning p values... 
INFO  @ Wed, 05 Jul 2023 09:25:53: Permuting groups of gene with 3 sgRNAs per gene. Group progress: 3/41 
INFO  @ Wed, 05 Jul 2023 09:25:53: Start permuting 2 rounds ... 
INFO  @ Wed, 05 Jul 2023 09:25:53: Collecting 26156 sgRNAs from 3516 genes. 
INFO  @ Wed, 05 Jul 2023 09:25:53: Permuting round 0 ... 
INFO  @ Wed, 05 Jul 2023 09:25:53: Thread 0 started. 
INFO  @ Wed, 05 Jul 2023 09:25:53: Thread 0: total 3516 instances. 
INFO  @ Wed, 05 Jul 2023 09:25:53: Thread 0: Calculating AATK (1) ...  
INFO  @ Wed, 05 Jul 2023 09:26:04: Thread 0: Calculating NFXL1 (1001) ...  
INFO  @ Wed, 05 Jul 2023 09:26:19: Thread 0: Calculating MLL1 (2001) ...  
INFO  @ Wed, 05 Jul 2023 09:26:29: Thread 0: Calculating RNF146 (3001) ...  
INFO  @ Wed, 05 Jul 2023 09:26:34: Thread 0 completed. 
INFO  @ Wed, 05 Jul 2023 09:26:34: All threads completed. 
INFO  @ Wed, 05 Jul 2023 09:26:35: Permuting round 1 ... 
INFO  @ Wed, 05 Jul 2023 09:26:35: Thread 0 started. 
INFO  @ Wed, 05 Jul 2023 09:26:35: Thread 0: total 3516 instances. 
INFO  @ Wed, 05 Jul 2023 09:26:35: Thread 0: Calculating AATK (1) ...  
INFO  @ Wed, 05 Jul 2023 09:26:49: Thread 0: Calculating NFXL1 (1001) ...  
INFO  @ Wed, 05 Jul 2023 09:27:01: Thread 0: Calculating MLL1 (2001) ...  
INFO  @ Wed, 05 Jul 2023 09:27:09: Thread 0: Calculating RNF146 (3001) ...  
INFO  @ Wed, 05 Jul 2023 09:27:18: Thread 0 completed. 
INFO  @ Wed, 05 Jul 2023 09:27:18: All threads completed. 
INFO  @ Wed, 05 Jul 2023 09:27:20: Assigning p values... 
INFO  @ Wed, 05 Jul 2023 09:27:20: Permuting groups of gene with 4 sgRNAs per gene. Group progress: 4/41 
INFO  @ Wed, 05 Jul 2023 09:27:20: Start permuting 2 rounds ... 
INFO  @ Wed, 05 Jul 2023 09:27:20: Collecting 26156 sgRNAs from 3516 genes. 
INFO  @ Wed, 05 Jul 2023 09:27:20: Permuting round 0 ... 
INFO  @ Wed, 05 Jul 2023 09:27:20: Thread 0 started. 
INFO  @ Wed, 05 Jul 2023 09:27:20: Thread 0: total 3516 instances. 
INFO  @ Wed, 05 Jul 2023 09:27:20: Thread 0: Calculating AATK (1) ...  
INFO  @ Wed, 05 Jul 2023 09:27:32: Thread 0: Calculating NFXL1 (1001) ...  
INFO  @ Wed, 05 Jul 2023 09:27:44: Thread 0: Calculating MLL1 (2001) ...  
INFO  @ Wed, 05 Jul 2023 09:27:55: Thread 0: Calculating RNF146 (3001) ...  
INFO  @ Wed, 05 Jul 2023 09:28:00: Thread 0 completed. 
INFO  @ Wed, 05 Jul 2023 09:28:00: All threads completed. 
INFO  @ Wed, 05 Jul 2023 09:28:01: Permuting round 1 ... 
INFO  @ Wed, 05 Jul 2023 09:28:01: Thread 0 started. 
INFO  @ Wed, 05 Jul 2023 09:28:01: Thread 0: total 3516 instances. 
INFO  @ Wed, 05 Jul 2023 09:28:01: Thread 0: Calculating AATK (1) ...  
INFO  @ Wed, 05 Jul 2023 09:28:10: Thread 0: Calculating NFXL1 (1001) ...  
INFO  @ Wed, 05 Jul 2023 09:28:29: Thread 0: Calculating MLL1 (2001) ...  
INFO  @ Wed, 05 Jul 2023 09:28:42: Thread 0: Calculating RNF146 (3001) ...  
INFO  @ Wed, 05 Jul 2023 09:28:46: Thread 0 completed. 
INFO  @ Wed, 05 Jul 2023 09:28:46: All threads completed. 
INFO  @ Wed, 05 Jul 2023 09:28:47: Assigning p values... 
INFO  @ Wed, 05 Jul 2023 09:28:47: Permuting groups of gene with 5 sgRNAs per gene. Group progress: 5/41 
INFO  @ Wed, 05 Jul 2023 09:28:47: Start permuting 2 rounds ... 
INFO  @ Wed, 05 Jul 2023 09:28:47: Collecting 26156 sgRNAs from 3516 genes. 
INFO  @ Wed, 05 Jul 2023 09:28:47: Permuting round 0 ... 
INFO  @ Wed, 05 Jul 2023 09:28:47: Thread 0 started. 
INFO  @ Wed, 05 Jul 2023 09:28:47: Thread 0: total 3516 instances. 
INFO  @ Wed, 05 Jul 2023 09:28:47: Thread 0: Calculating AATK (1) ...  
INFO  @ Wed, 05 Jul 2023 09:29:01: Thread 0: Calculating NFXL1 (1001) ...  
INFO  @ Wed, 05 Jul 2023 09:29:11: Thread 0: Calculating MLL1 (2001) ...  
INFO  @ Wed, 05 Jul 2023 09:29:25: Thread 0: Calculating RNF146 (3001) ...  
INFO  @ Wed, 05 Jul 2023 09:29:30: Thread 0 completed. 
INFO  @ Wed, 05 Jul 2023 09:29:30: All threads completed. 
INFO  @ Wed, 05 Jul 2023 09:29:31: Permuting round 1 ... 
INFO  @ Wed, 05 Jul 2023 09:29:31: Thread 0 started. 
INFO  @ Wed, 05 Jul 2023 09:29:31: Thread 0: total 3516 instances. 
INFO  @ Wed, 05 Jul 2023 09:29:31: Thread 0: Calculating AATK (1) ...  
INFO  @ Wed, 05 Jul 2023 09:29:43: Thread 0: Calculating NFXL1 (1001) ...  
INFO  @ Wed, 05 Jul 2023 09:29:54: Thread 0: Calculating MLL1 (2001) ...  
INFO  @ Wed, 05 Jul 2023 09:30:06: Thread 0: Calculating RNF146 (3001) ...  
INFO  @ Wed, 05 Jul 2023 09:30:12: Thread 0 completed. 
INFO  @ Wed, 05 Jul 2023 09:30:12: All threads completed. 
INFO  @ Wed, 05 Jul 2023 09:30:13: Assigning p values... 
INFO  @ Wed, 05 Jul 2023 09:30:13: Permuting groups of gene with 6 sgRNAs per gene. Group progress: 6/41 
INFO  @ Wed, 05 Jul 2023 09:30:13: Start permuting 2 rounds ... 
INFO  @ Wed, 05 Jul 2023 09:30:13: Collecting 26156 sgRNAs from 3516 genes. 
INFO  @ Wed, 05 Jul 2023 09:30:14: Permuting round 0 ... 
INFO  @ Wed, 05 Jul 2023 09:30:14: Thread 0 started. 
INFO  @ Wed, 05 Jul 2023 09:30:14: Thread 0: total 3516 instances. 
INFO  @ Wed, 05 Jul 2023 09:30:14: Thread 0: Calculating AATK (1) ...  
INFO  @ Wed, 05 Jul 2023 09:30:26: Thread 0: Calculating NFXL1 (1001) ...  
INFO  @ Wed, 05 Jul 2023 09:30:41: Thread 0: Calculating MLL1 (2001) ...  
INFO  @ Wed, 05 Jul 2023 09:30:54: Thread 0: Calculating RNF146 (3001) ...  
INFO  @ Wed, 05 Jul 2023 09:31:00: Thread 0 completed. 
INFO  @ Wed, 05 Jul 2023 09:31:00: All threads completed. 
INFO  @ Wed, 05 Jul 2023 09:31:01: Permuting round 1 ... 
INFO  @ Wed, 05 Jul 2023 09:31:01: Thread 0 started. 
INFO  @ Wed, 05 Jul 2023 09:31:01: Thread 0: total 3516 instances. 
INFO  @ Wed, 05 Jul 2023 09:31:01: Thread 0: Calculating AATK (1) ...  
INFO  @ Wed, 05 Jul 2023 09:31:14: Thread 0: Calculating NFXL1 (1001) ...  
INFO  @ Wed, 05 Jul 2023 09:31:27: Thread 0: Calculating MLL1 (2001) ...  
INFO  @ Wed, 05 Jul 2023 09:31:41: Thread 0: Calculating RNF146 (3001) ...  
INFO  @ Wed, 05 Jul 2023 09:31:51: Thread 0 completed. 
INFO  @ Wed, 05 Jul 2023 09:31:51: All threads completed. 
INFO  @ Wed, 05 Jul 2023 09:31:52: Assigning p values... 
INFO  @ Wed, 05 Jul 2023 09:31:52: Permuting groups of gene with 7 sgRNAs per gene. Group progress: 7/41 
INFO  @ Wed, 05 Jul 2023 09:31:52: Start permuting 2 rounds ... 
INFO  @ Wed, 05 Jul 2023 09:31:52: Collecting 26156 sgRNAs from 3516 genes. 
INFO  @ Wed, 05 Jul 2023 09:31:52: Permuting round 0 ... 
INFO  @ Wed, 05 Jul 2023 09:31:52: Thread 0 started. 
INFO  @ Wed, 05 Jul 2023 09:31:52: Thread 0: total 3516 instances. 
INFO  @ Wed, 05 Jul 2023 09:31:52: Thread 0: Calculating AATK (1) ...  
INFO  @ Wed, 05 Jul 2023 09:32:05: Thread 0: Calculating NFXL1 (1001) ...  
INFO  @ Wed, 05 Jul 2023 09:32:20: Thread 0: Calculating MLL1 (2001) ...  
INFO  @ Wed, 05 Jul 2023 09:32:31: Thread 0: Calculating RNF146 (3001) ...  
INFO  @ Wed, 05 Jul 2023 09:32:36: Thread 0 completed. 
INFO  @ Wed, 05 Jul 2023 09:32:36: All threads completed. 
INFO  @ Wed, 05 Jul 2023 09:32:37: Permuting round 1 ... 
INFO  @ Wed, 05 Jul 2023 09:32:37: Thread 0 started. 
INFO  @ Wed, 05 Jul 2023 09:32:37: Thread 0: total 3516 instances. 
INFO  @ Wed, 05 Jul 2023 09:32:37: Thread 0: Calculating AATK (1) ...  
INFO  @ Wed, 05 Jul 2023 09:32:53: Thread 0: Calculating NFXL1 (1001) ...  
INFO  @ Wed, 05 Jul 2023 09:33:09: Thread 0: Calculating MLL1 (2001) ...  
INFO  @ Wed, 05 Jul 2023 09:33:21: Thread 0: Calculating RNF146 (3001) ...  
INFO  @ Wed, 05 Jul 2023 09:33:25: Thread 0 completed. 
INFO  @ Wed, 05 Jul 2023 09:33:25: All threads completed. 
INFO  @ Wed, 05 Jul 2023 09:33:26: Assigning p values... 
INFO  @ Wed, 05 Jul 2023 09:33:26: Permuting groups of gene with 8 sgRNAs per gene. Group progress: 8/41 
INFO  @ Wed, 05 Jul 2023 09:33:26: Start permuting 2 rounds ... 
INFO  @ Wed, 05 Jul 2023 09:33:26: Collecting 26156 sgRNAs from 3516 genes. 
INFO  @ Wed, 05 Jul 2023 09:33:26: Permuting round 0 ... 
INFO  @ Wed, 05 Jul 2023 09:33:26: Thread 0 started. 
INFO  @ Wed, 05 Jul 2023 09:33:26: Thread 0: total 3516 instances. 
INFO  @ Wed, 05 Jul 2023 09:33:26: Thread 0: Calculating AATK (1) ...  
INFO  @ Wed, 05 Jul 2023 09:33:42: Thread 0: Calculating NFXL1 (1001) ...  
INFO  @ Wed, 05 Jul 2023 09:33:54: Thread 0: Calculating MLL1 (2001) ...  
INFO  @ Wed, 05 Jul 2023 09:34:07: Thread 0: Calculating RNF146 (3001) ...  
INFO  @ Wed, 05 Jul 2023 09:34:14: Thread 0 completed. 
INFO  @ Wed, 05 Jul 2023 09:34:14: All threads completed. 
INFO  @ Wed, 05 Jul 2023 09:34:15: Permuting round 1 ... 
INFO  @ Wed, 05 Jul 2023 09:34:15: Thread 0 started. 
INFO  @ Wed, 05 Jul 2023 09:34:15: Thread 0: total 3516 instances. 
INFO  @ Wed, 05 Jul 2023 09:34:15: Thread 0: Calculating AATK (1) ...  
INFO  @ Wed, 05 Jul 2023 09:34:26: Thread 0: Calculating NFXL1 (1001) ...  
INFO  @ Wed, 05 Jul 2023 09:34:39: Thread 0: Calculating MLL1 (2001) ...  
INFO  @ Wed, 05 Jul 2023 09:34:53: Thread 0: Calculating RNF146 (3001) ...  
INFO  @ Wed, 05 Jul 2023 09:35:03: Thread 0 completed. 
INFO  @ Wed, 05 Jul 2023 09:35:03: All threads completed. 
INFO  @ Wed, 05 Jul 2023 09:35:04: Assigning p values... 
INFO  @ Wed, 05 Jul 2023 09:35:04: Permuting groups of gene with 9 sgRNAs per gene. Group progress: 9/41 
INFO  @ Wed, 05 Jul 2023 09:35:04: Start permuting 2 rounds ... 
INFO  @ Wed, 05 Jul 2023 09:35:04: Collecting 26156 sgRNAs from 3516 genes. 
INFO  @ Wed, 05 Jul 2023 09:35:04: Permuting round 0 ... 
INFO  @ Wed, 05 Jul 2023 09:35:04: Thread 0 started. 
INFO  @ Wed, 05 Jul 2023 09:35:04: Thread 0: total 3516 instances. 
INFO  @ Wed, 05 Jul 2023 09:35:04: Thread 0: Calculating AATK (1) ...  
INFO  @ Wed, 05 Jul 2023 09:35:24: Thread 0: Calculating NFXL1 (1001) ...  
INFO  @ Wed, 05 Jul 2023 09:35:35: Thread 0: Calculating MLL1 (2001) ...  
INFO  @ Wed, 05 Jul 2023 09:35:50: Thread 0: Calculating RNF146 (3001) ...  
INFO  @ Wed, 05 Jul 2023 09:35:59: Thread 0 completed. 
INFO  @ Wed, 05 Jul 2023 09:35:59: All threads completed. 
INFO  @ Wed, 05 Jul 2023 09:36:00: Permuting round 1 ... 
INFO  @ Wed, 05 Jul 2023 09:36:00: Thread 0 started. 
INFO  @ Wed, 05 Jul 2023 09:36:00: Thread 0: total 3516 instances. 
INFO  @ Wed, 05 Jul 2023 09:36:00: Thread 0: Calculating AATK (1) ...  
INFO  @ Wed, 05 Jul 2023 09:36:12: Thread 0: Calculating NFXL1 (1001) ...  
INFO  @ Wed, 05 Jul 2023 09:36:30: Thread 0: Calculating MLL1 (2001) ...  
INFO  @ Wed, 05 Jul 2023 09:36:44: Thread 0: Calculating RNF146 (3001) ...  
INFO  @ Wed, 05 Jul 2023 09:36:52: Thread 0 completed. 
INFO  @ Wed, 05 Jul 2023 09:36:52: All threads completed. 
INFO  @ Wed, 05 Jul 2023 09:36:53: Assigning p values... 
INFO  @ Wed, 05 Jul 2023 09:36:53: Permuting groups of gene with 10 sgRNAs per gene. Group progress: 10/41 
INFO  @ Wed, 05 Jul 2023 09:36:53: Start permuting 2 rounds ... 
INFO  @ Wed, 05 Jul 2023 09:36:53: Collecting 26156 sgRNAs from 3516 genes. 
INFO  @ Wed, 05 Jul 2023 09:36:53: Permuting round 0 ... 
INFO  @ Wed, 05 Jul 2023 09:36:54: Thread 0 started. 
INFO  @ Wed, 05 Jul 2023 09:36:54: Thread 0: total 3516 instances. 
INFO  @ Wed, 05 Jul 2023 09:36:54: Thread 0: Calculating AATK (1) ...  
INFO  @ Wed, 05 Jul 2023 09:37:05: Thread 0: Calculating NFXL1 (1001) ...  
INFO  @ Wed, 05 Jul 2023 09:37:22: Thread 0: Calculating MLL1 (2001) ...  
INFO  @ Wed, 05 Jul 2023 09:37:37: Thread 0: Calculating RNF146 (3001) ...  
INFO  @ Wed, 05 Jul 2023 09:37:46: Thread 0 completed. 
INFO  @ Wed, 05 Jul 2023 09:37:46: All threads completed. 
INFO  @ Wed, 05 Jul 2023 09:37:47: Permuting round 1 ... 
INFO  @ Wed, 05 Jul 2023 09:37:47: Thread 0 started. 
INFO  @ Wed, 05 Jul 2023 09:37:47: Thread 0: total 3516 instances. 
INFO  @ Wed, 05 Jul 2023 09:37:47: Thread 0: Calculating AATK (1) ...  
INFO  @ Wed, 05 Jul 2023 09:38:01: Thread 0: Calculating NFXL1 (1001) ...  
INFO  @ Wed, 05 Jul 2023 09:38:17: Thread 0: Calculating MLL1 (2001) ...  
INFO  @ Wed, 05 Jul 2023 09:38:35: Thread 0: Calculating RNF146 (3001) ...  
INFO  @ Wed, 05 Jul 2023 09:38:45: Thread 0 completed. 
INFO  @ Wed, 05 Jul 2023 09:38:45: All threads completed. 
INFO  @ Wed, 05 Jul 2023 09:38:46: Assigning p values... 
INFO  @ Wed, 05 Jul 2023 09:38:46: Permuting groups of gene with 11 sgRNAs per gene. Group progress: 11/41 
INFO  @ Wed, 05 Jul 2023 09:38:46: Start permuting 2 rounds ... 
INFO  @ Wed, 05 Jul 2023 09:38:46: Collecting 26156 sgRNAs from 3516 genes. 
INFO  @ Wed, 05 Jul 2023 09:38:46: Permuting round 0 ... 
INFO  @ Wed, 05 Jul 2023 09:38:46: Thread 0 started. 
INFO  @ Wed, 05 Jul 2023 09:38:46: Thread 0: total 3516 instances. 
INFO  @ Wed, 05 Jul 2023 09:38:46: Thread 0: Calculating AATK (1) ...  
INFO  @ Wed, 05 Jul 2023 09:39:05: Thread 0: Calculating NFXL1 (1001) ...  
INFO  @ Wed, 05 Jul 2023 09:39:22: Thread 0: Calculating MLL1 (2001) ...  
INFO  @ Wed, 05 Jul 2023 09:39:33: Thread 0: Calculating RNF146 (3001) ...  
INFO  @ Wed, 05 Jul 2023 09:39:40: Thread 0 completed. 
INFO  @ Wed, 05 Jul 2023 09:39:40: All threads completed. 
INFO  @ Wed, 05 Jul 2023 09:39:41: Permuting round 1 ... 
INFO  @ Wed, 05 Jul 2023 09:39:41: Thread 0 started. 
INFO  @ Wed, 05 Jul 2023 09:39:41: Thread 0: total 3516 instances. 
INFO  @ Wed, 05 Jul 2023 09:39:41: Thread 0: Calculating AATK (1) ...  
INFO  @ Wed, 05 Jul 2023 09:39:58: Thread 0: Calculating NFXL1 (1001) ...  
INFO  @ Wed, 05 Jul 2023 09:40:13: Thread 0: Calculating MLL1 (2001) ...  
INFO  @ Wed, 05 Jul 2023 09:40:26: Thread 0: Calculating RNF146 (3001) ...  
INFO  @ Wed, 05 Jul 2023 09:40:33: Thread 0 completed. 
INFO  @ Wed, 05 Jul 2023 09:40:33: All threads completed. 
INFO  @ Wed, 05 Jul 2023 09:40:34: Assigning p values... 
INFO  @ Wed, 05 Jul 2023 09:40:34: Permuting groups of gene with 12 sgRNAs per gene. Group progress: 12/41 
INFO  @ Wed, 05 Jul 2023 09:40:34: Start permuting 2 rounds ... 
INFO  @ Wed, 05 Jul 2023 09:40:34: Collecting 26156 sgRNAs from 3516 genes. 
INFO  @ Wed, 05 Jul 2023 09:40:34: Permuting round 0 ... 
INFO  @ Wed, 05 Jul 2023 09:40:34: Thread 0 started. 
INFO  @ Wed, 05 Jul 2023 09:40:34: Thread 0: total 3516 instances. 
INFO  @ Wed, 05 Jul 2023 09:40:34: Thread 0: Calculating AATK (1) ...  
INFO  @ Wed, 05 Jul 2023 09:40:48: Thread 0: Calculating NFXL1 (1001) ...  
INFO  @ Wed, 05 Jul 2023 09:41:08: Thread 0: Calculating MLL1 (2001) ...  
INFO  @ Wed, 05 Jul 2023 09:41:26: Thread 0: Calculating RNF146 (3001) ...  
INFO  @ Wed, 05 Jul 2023 09:41:37: Thread 0 completed. 
INFO  @ Wed, 05 Jul 2023 09:41:37: All threads completed. 
INFO  @ Wed, 05 Jul 2023 09:41:38: Permuting round 1 ... 
INFO  @ Wed, 05 Jul 2023 09:41:38: Thread 0 started. 
INFO  @ Wed, 05 Jul 2023 09:41:38: Thread 0: total 3516 instances. 
INFO  @ Wed, 05 Jul 2023 09:41:38: Thread 0: Calculating AATK (1) ...  
INFO  @ Wed, 05 Jul 2023 09:41:55: Thread 0: Calculating NFXL1 (1001) ...  
INFO  @ Wed, 05 Jul 2023 09:42:12: Thread 0: Calculating MLL1 (2001) ...  
INFO  @ Wed, 05 Jul 2023 09:42:25: Thread 0: Calculating RNF146 (3001) ...  
INFO  @ Wed, 05 Jul 2023 09:42:30: Thread 0 completed. 
INFO  @ Wed, 05 Jul 2023 09:42:30: All threads completed. 
INFO  @ Wed, 05 Jul 2023 09:42:31: Assigning p values... 
INFO  @ Wed, 05 Jul 2023 09:42:31: Permuting groups of gene with 13 sgRNAs per gene. Group progress: 13/41 
INFO  @ Wed, 05 Jul 2023 09:42:31: Start permuting 2 rounds ... 
INFO  @ Wed, 05 Jul 2023 09:42:31: Collecting 26156 sgRNAs from 3516 genes. 
INFO  @ Wed, 05 Jul 2023 09:42:32: Permuting round 0 ... 
INFO  @ Wed, 05 Jul 2023 09:42:32: Thread 0 started. 
INFO  @ Wed, 05 Jul 2023 09:42:32: Thread 0: total 3516 instances. 
INFO  @ Wed, 05 Jul 2023 09:42:32: Thread 0: Calculating AATK (1) ...  
INFO  @ Wed, 05 Jul 2023 09:42:50: Thread 0: Calculating NFXL1 (1001) ...  
INFO  @ Wed, 05 Jul 2023 09:43:04: Thread 0: Calculating MLL1 (2001) ...  
INFO  @ Wed, 05 Jul 2023 09:43:17: Thread 0: Calculating RNF146 (3001) ...  
INFO  @ Wed, 05 Jul 2023 09:43:25: Thread 0 completed. 
INFO  @ Wed, 05 Jul 2023 09:43:25: All threads completed. 
INFO  @ Wed, 05 Jul 2023 09:43:26: Permuting round 1 ... 
INFO  @ Wed, 05 Jul 2023 09:43:27: Thread 0 started. 
INFO  @ Wed, 05 Jul 2023 09:43:27: Thread 0: total 3516 instances. 
INFO  @ Wed, 05 Jul 2023 09:43:27: Thread 0: Calculating AATK (1) ...  
INFO  @ Wed, 05 Jul 2023 09:43:42: Thread 0: Calculating NFXL1 (1001) ...  
INFO  @ Wed, 05 Jul 2023 09:43:59: Thread 0: Calculating MLL1 (2001) ...  
INFO  @ Wed, 05 Jul 2023 09:44:18: Thread 0: Calculating RNF146 (3001) ...  
INFO  @ Wed, 05 Jul 2023 09:44:27: Thread 0 completed. 
INFO  @ Wed, 05 Jul 2023 09:44:27: All threads completed. 
INFO  @ Wed, 05 Jul 2023 09:44:27: Assigning p values... 
INFO  @ Wed, 05 Jul 2023 09:44:28: Permuting groups of gene with 14 sgRNAs per gene. Group progress: 14/41 
INFO  @ Wed, 05 Jul 2023 09:44:28: Start permuting 2 rounds ... 
INFO  @ Wed, 05 Jul 2023 09:44:28: Collecting 26156 sgRNAs from 3516 genes. 
INFO  @ Wed, 05 Jul 2023 09:44:28: Permuting round 0 ... 
INFO  @ Wed, 05 Jul 2023 09:44:28: Thread 0 started. 
INFO  @ Wed, 05 Jul 2023 09:44:28: Thread 0: total 3516 instances. 
INFO  @ Wed, 05 Jul 2023 09:44:28: Thread 0: Calculating AATK (1) ...  
INFO  @ Wed, 05 Jul 2023 09:44:45: Thread 0: Calculating NFXL1 (1001) ...  
INFO  @ Wed, 05 Jul 2023 09:45:10: Thread 0: Calculating MLL1 (2001) ...  
INFO  @ Wed, 05 Jul 2023 09:45:25: Thread 0: Calculating RNF146 (3001) ...  
INFO  @ Wed, 05 Jul 2023 09:45:36: Thread 0 completed. 
INFO  @ Wed, 05 Jul 2023 09:45:36: All threads completed. 
INFO  @ Wed, 05 Jul 2023 09:45:37: Permuting round 1 ... 
INFO  @ Wed, 05 Jul 2023 09:45:38: Thread 0 started. 
INFO  @ Wed, 05 Jul 2023 09:45:38: Thread 0: total 3516 instances. 
INFO  @ Wed, 05 Jul 2023 09:45:38: Thread 0: Calculating AATK (1) ...  
INFO  @ Wed, 05 Jul 2023 09:46:05: Thread 0: Calculating NFXL1 (1001) ...  
INFO  @ Wed, 05 Jul 2023 09:46:54: Thread 0: Calculating MLL1 (2001) ...  
INFO  @ Wed, 05 Jul 2023 09:47:50: Thread 0: Calculating RNF146 (3001) ...  
INFO  @ Wed, 05 Jul 2023 09:48:22: Thread 0 completed. 
INFO  @ Wed, 05 Jul 2023 09:48:22: All threads completed. 
INFO  @ Wed, 05 Jul 2023 09:48:24: Assigning p values... 
INFO  @ Wed, 05 Jul 2023 09:48:24: Permuting groups of gene with 15 sgRNAs per gene. Group progress: 15/41 
INFO  @ Wed, 05 Jul 2023 09:48:24: Start permuting 2 rounds ... 
INFO  @ Wed, 05 Jul 2023 09:48:24: Collecting 26156 sgRNAs from 3516 genes. 
INFO  @ Wed, 05 Jul 2023 09:48:25: Permuting round 0 ... 
INFO  @ Wed, 05 Jul 2023 09:48:25: Thread 0: total 3516 instances. 
INFO  @ Wed, 05 Jul 2023 09:48:25: Thread 0 started. 
INFO  @ Wed, 05 Jul 2023 09:48:25: Thread 0: Calculating AATK (1) ...  
INFO  @ Wed, 05 Jul 2023 09:49:03: Thread 0: Calculating NFXL1 (1001) ...  
INFO  @ Wed, 05 Jul 2023 09:50:02: Thread 0: Calculating MLL1 (2001) ...  
INFO  @ Wed, 05 Jul 2023 09:50:53: Thread 0: Calculating RNF146 (3001) ...  
INFO  @ Wed, 05 Jul 2023 09:51:19: Thread 0 completed. 
INFO  @ Wed, 05 Jul 2023 09:51:19: All threads completed. 
INFO  @ Wed, 05 Jul 2023 09:51:20: Permuting round 1 ... 
INFO  @ Wed, 05 Jul 2023 09:51:20: Thread 0 started. 
INFO  @ Wed, 05 Jul 2023 09:51:20: Thread 0: total 3516 instances. 
INFO  @ Wed, 05 Jul 2023 09:51:20: Thread 0: Calculating AATK (1) ...  
INFO  @ Wed, 05 Jul 2023 09:52:18: Thread 0: Calculating NFXL1 (1001) ...  
INFO  @ Wed, 05 Jul 2023 09:53:00: Thread 0: Calculating MLL1 (2001) ...  
INFO  @ Wed, 05 Jul 2023 09:53:52: Thread 0: Calculating RNF146 (3001) ...  
INFO  @ Wed, 05 Jul 2023 09:54:11: Thread 0 completed. 
INFO  @ Wed, 05 Jul 2023 09:54:11: All threads completed. 
INFO  @ Wed, 05 Jul 2023 09:54:13: Assigning p values... 
INFO  @ Wed, 05 Jul 2023 09:54:13: Permuting groups of gene with 16 sgRNAs per gene. Group progress: 16/41 
INFO  @ Wed, 05 Jul 2023 09:54:13: Start permuting 2 rounds ... 
INFO  @ Wed, 05 Jul 2023 09:54:13: Collecting 26156 sgRNAs from 3516 genes. 
INFO  @ Wed, 05 Jul 2023 09:54:14: Permuting round 0 ... 
INFO  @ Wed, 05 Jul 2023 09:54:14: Thread 0 started. 
INFO  @ Wed, 05 Jul 2023 09:54:14: Thread 0: total 3516 instances. 
INFO  @ Wed, 05 Jul 2023 09:54:14: Thread 0: Calculating AATK (1) ...  
INFO  @ Wed, 05 Jul 2023 09:55:03: Thread 0: Calculating NFXL1 (1001) ...  
INFO  @ Wed, 05 Jul 2023 09:56:00: Thread 0: Calculating MLL1 (2001) ...  
INFO  @ Wed, 05 Jul 2023 09:56:57: Thread 0: Calculating RNF146 (3001) ...  
INFO  @ Wed, 05 Jul 2023 09:57:28: Thread 0 completed. 
INFO  @ Wed, 05 Jul 2023 09:57:28: All threads completed. 
INFO  @ Wed, 05 Jul 2023 09:57:30: Permuting round 1 ... 
INFO  @ Wed, 05 Jul 2023 09:57:30: Thread 0 started. 
INFO  @ Wed, 05 Jul 2023 09:57:30: Thread 0: total 3516 instances. 
INFO  @ Wed, 05 Jul 2023 09:57:30: Thread 0: Calculating AATK (1) ...  
INFO  @ Wed, 05 Jul 2023 09:58:34: Thread 0: Calculating NFXL1 (1001) ...  
INFO  @ Wed, 05 Jul 2023 09:59:30: Thread 0: Calculating MLL1 (2001) ...  
INFO  @ Wed, 05 Jul 2023 10:00:21: Thread 0: Calculating RNF146 (3001) ...  
INFO  @ Wed, 05 Jul 2023 10:00:50: Thread 0 completed. 
INFO  @ Wed, 05 Jul 2023 10:00:50: All threads completed. 
INFO  @ Wed, 05 Jul 2023 10:00:52: Assigning p values... 
INFO  @ Wed, 05 Jul 2023 10:00:52: Permuting groups of gene with 17 sgRNAs per gene. Group progress: 17/41 
INFO  @ Wed, 05 Jul 2023 10:00:52: Start permuting 2 rounds ... 
INFO  @ Wed, 05 Jul 2023 10:00:53: Collecting 26156 sgRNAs from 3516 genes. 
INFO  @ Wed, 05 Jul 2023 10:00:54: Permuting round 0 ... 
INFO  @ Wed, 05 Jul 2023 10:00:54: Thread 0 started. 
INFO  @ Wed, 05 Jul 2023 10:00:54: Thread 0: total 3516 instances. 
INFO  @ Wed, 05 Jul 2023 10:00:54: Thread 0: Calculating AATK (1) ...  
INFO  @ Wed, 05 Jul 2023 10:01:52: Thread 0: Calculating NFXL1 (1001) ...  
INFO  @ Wed, 05 Jul 2023 10:02:51: Thread 0: Calculating MLL1 (2001) ...  
INFO  @ Wed, 05 Jul 2023 10:03:50: Thread 0: Calculating RNF146 (3001) ...  
INFO  @ Wed, 05 Jul 2023 10:04:03: Thread 0 completed. 
INFO  @ Wed, 05 Jul 2023 10:04:03: All threads completed. 
INFO  @ Wed, 05 Jul 2023 10:04:04: Permuting round 1 ... 
INFO  @ Wed, 05 Jul 2023 10:04:04: Thread 0 started. 
INFO  @ Wed, 05 Jul 2023 10:04:04: Thread 0: total 3516 instances. 
INFO  @ Wed, 05 Jul 2023 10:04:04: Thread 0: Calculating AATK (1) ...  
INFO  @ Wed, 05 Jul 2023 10:04:22: Thread 0: Calculating NFXL1 (1001) ...  
INFO  @ Wed, 05 Jul 2023 10:04:36: Thread 0: Calculating MLL1 (2001) ...  
INFO  @ Wed, 05 Jul 2023 10:04:53: Thread 0: Calculating RNF146 (3001) ...  
INFO  @ Wed, 05 Jul 2023 10:05:00: Thread 0 completed. 
INFO  @ Wed, 05 Jul 2023 10:05:00: All threads completed. 
INFO  @ Wed, 05 Jul 2023 10:05:01: Assigning p values... 
INFO  @ Wed, 05 Jul 2023 10:05:01: Permuting groups of gene with 18 sgRNAs per gene. Group progress: 18/41 
INFO  @ Wed, 05 Jul 2023 10:05:01: Start permuting 2 rounds ... 
INFO  @ Wed, 05 Jul 2023 10:05:01: Collecting 26156 sgRNAs from 3516 genes. 
INFO  @ Wed, 05 Jul 2023 10:05:02: Permuting round 0 ... 
INFO  @ Wed, 05 Jul 2023 10:05:02: Thread 0 started. 
INFO  @ Wed, 05 Jul 2023 10:05:02: Thread 0: total 3516 instances. 
INFO  @ Wed, 05 Jul 2023 10:05:02: Thread 0: Calculating AATK (1) ...  
INFO  @ Wed, 05 Jul 2023 10:05:16: Thread 0: Calculating NFXL1 (1001) ...  
INFO  @ Wed, 05 Jul 2023 10:05:34: Thread 0: Calculating MLL1 (2001) ...  
INFO  @ Wed, 05 Jul 2023 10:05:50: Thread 0: Calculating RNF146 (3001) ...  
INFO  @ Wed, 05 Jul 2023 10:05:58: Thread 0 completed. 
INFO  @ Wed, 05 Jul 2023 10:05:58: All threads completed. 
INFO  @ Wed, 05 Jul 2023 10:05:59: Permuting round 1 ... 
INFO  @ Wed, 05 Jul 2023 10:06:00: Thread 0 started. 
INFO  @ Wed, 05 Jul 2023 10:06:00: Thread 0: total 3516 instances. 
INFO  @ Wed, 05 Jul 2023 10:06:00: Thread 0: Calculating AATK (1) ...  
INFO  @ Wed, 05 Jul 2023 10:06:17: Thread 0: Calculating NFXL1 (1001) ...  
INFO  @ Wed, 05 Jul 2023 10:06:32: Thread 0: Calculating MLL1 (2001) ...  
INFO  @ Wed, 05 Jul 2023 10:06:51: Thread 0: Calculating RNF146 (3001) ...  
INFO  @ Wed, 05 Jul 2023 10:06:58: Thread 0 completed. 
INFO  @ Wed, 05 Jul 2023 10:06:58: All threads completed. 
INFO  @ Wed, 05 Jul 2023 10:06:59: Assigning p values... 
INFO  @ Wed, 05 Jul 2023 10:06:59: Permuting groups of gene with 19 sgRNAs per gene. Group progress: 19/41 
INFO  @ Wed, 05 Jul 2023 10:06:59: Start permuting 2 rounds ... 
INFO  @ Wed, 05 Jul 2023 10:06:59: Collecting 26156 sgRNAs from 3516 genes. 
INFO  @ Wed, 05 Jul 2023 10:06:59: Permuting round 0 ... 
INFO  @ Wed, 05 Jul 2023 10:06:59: Thread 0 started. 
INFO  @ Wed, 05 Jul 2023 10:06:59: Thread 0: total 3516 instances. 
INFO  @ Wed, 05 Jul 2023 10:06:59: Thread 0: Calculating AATK (1) ...  
INFO  @ Wed, 05 Jul 2023 10:07:16: Thread 0: Calculating NFXL1 (1001) ...  
INFO  @ Wed, 05 Jul 2023 10:07:34: Thread 0: Calculating MLL1 (2001) ...  
INFO  @ Wed, 05 Jul 2023 10:07:54: Thread 0: Calculating RNF146 (3001) ...  
INFO  @ Wed, 05 Jul 2023 10:08:00: Thread 0 completed. 
INFO  @ Wed, 05 Jul 2023 10:08:00: All threads completed. 
INFO  @ Wed, 05 Jul 2023 10:08:02: Permuting round 1 ... 
INFO  @ Wed, 05 Jul 2023 10:08:02: Thread 0 started. 
INFO  @ Wed, 05 Jul 2023 10:08:02: Thread 0: total 3516 instances. 
INFO  @ Wed, 05 Jul 2023 10:08:02: Thread 0: Calculating AATK (1) ...  
INFO  @ Wed, 05 Jul 2023 10:08:22: Thread 0: Calculating NFXL1 (1001) ...  
INFO  @ Wed, 05 Jul 2023 10:08:42: Thread 0: Calculating MLL1 (2001) ...  
INFO  @ Wed, 05 Jul 2023 10:09:05: Thread 0: Calculating RNF146 (3001) ...  
INFO  @ Wed, 05 Jul 2023 10:09:14: Thread 0 completed. 
INFO  @ Wed, 05 Jul 2023 10:09:14: All threads completed. 
INFO  @ Wed, 05 Jul 2023 10:09:15: Assigning p values... 
INFO  @ Wed, 05 Jul 2023 10:09:15: Permuting groups of gene with 20 sgRNAs per gene. Group progress: 20/41 
INFO  @ Wed, 05 Jul 2023 10:09:15: Start permuting 2 rounds ... 
INFO  @ Wed, 05 Jul 2023 10:09:16: Collecting 26156 sgRNAs from 3516 genes. 
INFO  @ Wed, 05 Jul 2023 10:09:16: Permuting round 0 ... 
INFO  @ Wed, 05 Jul 2023 10:09:16: Thread 0 started. 
INFO  @ Wed, 05 Jul 2023 10:09:16: Thread 0: total 3516 instances. 
INFO  @ Wed, 05 Jul 2023 10:09:16: Thread 0: Calculating AATK (1) ...  
INFO  @ Wed, 05 Jul 2023 10:09:36: Thread 0: Calculating NFXL1 (1001) ...  
INFO  @ Wed, 05 Jul 2023 10:09:53: Thread 0: Calculating MLL1 (2001) ...  
INFO  @ Wed, 05 Jul 2023 10:10:18: Thread 0: Calculating RNF146 (3001) ...  
INFO  @ Wed, 05 Jul 2023 10:10:27: Thread 0 completed. 
INFO  @ Wed, 05 Jul 2023 10:10:27: All threads completed. 
INFO  @ Wed, 05 Jul 2023 10:10:28: Permuting round 1 ... 
INFO  @ Wed, 05 Jul 2023 10:10:28: Thread 0 started. 
INFO  @ Wed, 05 Jul 2023 10:10:28: Thread 0: total 3516 instances. 
INFO  @ Wed, 05 Jul 2023 10:10:28: Thread 0: Calculating AATK (1) ...  
INFO  @ Wed, 05 Jul 2023 10:10:50: Thread 0: Calculating NFXL1 (1001) ...  
INFO  @ Wed, 05 Jul 2023 10:11:06: Thread 0: Calculating MLL1 (2001) ...  
INFO  @ Wed, 05 Jul 2023 10:11:26: Thread 0: Calculating RNF146 (3001) ...  
INFO  @ Wed, 05 Jul 2023 10:11:36: Thread 0 completed. 
INFO  @ Wed, 05 Jul 2023 10:11:36: All threads completed. 
INFO  @ Wed, 05 Jul 2023 10:11:37: Assigning p values... 
INFO  @ Wed, 05 Jul 2023 10:11:37: Permuting groups of gene with 21 sgRNAs per gene. Group progress: 21/41 
INFO  @ Wed, 05 Jul 2023 10:11:37: Start permuting 2 rounds ... 
INFO  @ Wed, 05 Jul 2023 10:11:37: Collecting 26156 sgRNAs from 3516 genes. 
INFO  @ Wed, 05 Jul 2023 10:11:38: Permuting round 0 ... 
INFO  @ Wed, 05 Jul 2023 10:11:38: Thread 0 started. 
INFO  @ Wed, 05 Jul 2023 10:11:38: Thread 0: total 3516 instances. 
INFO  @ Wed, 05 Jul 2023 10:11:38: Thread 0: Calculating AATK (1) ...  
INFO  @ Wed, 05 Jul 2023 10:11:58: Thread 0: Calculating NFXL1 (1001) ...  
INFO  @ Wed, 05 Jul 2023 10:12:19: Thread 0: Calculating MLL1 (2001) ...  
INFO  @ Wed, 05 Jul 2023 10:12:35: Thread 0: Calculating RNF146 (3001) ...  
INFO  @ Wed, 05 Jul 2023 10:12:47: Thread 0 completed. 
INFO  @ Wed, 05 Jul 2023 10:12:47: All threads completed. 
INFO  @ Wed, 05 Jul 2023 10:12:48: Permuting round 1 ... 
INFO  @ Wed, 05 Jul 2023 10:12:48: Thread 0 started. 
INFO  @ Wed, 05 Jul 2023 10:12:48: Thread 0: total 3516 instances. 
INFO  @ Wed, 05 Jul 2023 10:12:48: Thread 0: Calculating AATK (1) ...  
INFO  @ Wed, 05 Jul 2023 10:13:07: Thread 0: Calculating NFXL1 (1001) ...  
INFO  @ Wed, 05 Jul 2023 10:13:21: Thread 0: Calculating MLL1 (2001) ...  
INFO  @ Wed, 05 Jul 2023 10:13:46: Thread 0: Calculating RNF146 (3001) ...  
INFO  @ Wed, 05 Jul 2023 10:13:55: Thread 0 completed. 
INFO  @ Wed, 05 Jul 2023 10:13:55: All threads completed. 
INFO  @ Wed, 05 Jul 2023 10:13:56: Assigning p values... 
INFO  @ Wed, 05 Jul 2023 10:13:56: Permuting groups of gene with 22 sgRNAs per gene. Group progress: 22/41 
INFO  @ Wed, 05 Jul 2023 10:13:56: Start permuting 2 rounds ... 
INFO  @ Wed, 05 Jul 2023 10:13:56: Collecting 26156 sgRNAs from 3516 genes. 
INFO  @ Wed, 05 Jul 2023 10:13:56: Permuting round 0 ... 
INFO  @ Wed, 05 Jul 2023 10:13:56: Thread 0 started. 
INFO  @ Wed, 05 Jul 2023 10:13:56: Thread 0: total 3516 instances. 
INFO  @ Wed, 05 Jul 2023 10:13:57: Thread 0: Calculating AATK (1) ...  
INFO  @ Wed, 05 Jul 2023 10:14:13: Thread 0: Calculating NFXL1 (1001) ...  
INFO  @ Wed, 05 Jul 2023 10:14:31: Thread 0: Calculating MLL1 (2001) ...  
INFO  @ Wed, 05 Jul 2023 10:14:49: Thread 0: Calculating RNF146 (3001) ...  
INFO  @ Wed, 05 Jul 2023 10:14:58: Thread 0 completed. 
INFO  @ Wed, 05 Jul 2023 10:14:58: All threads completed. 
INFO  @ Wed, 05 Jul 2023 10:14:59: Permuting round 1 ... 
INFO  @ Wed, 05 Jul 2023 10:14:59: Thread 0 started. 
INFO  @ Wed, 05 Jul 2023 10:14:59: Thread 0: total 3516 instances. 
INFO  @ Wed, 05 Jul 2023 10:14:59: Thread 0: Calculating AATK (1) ...  
INFO  @ Wed, 05 Jul 2023 10:15:19: Thread 0: Calculating NFXL1 (1001) ...  
INFO  @ Wed, 05 Jul 2023 10:15:37: Thread 0: Calculating MLL1 (2001) ...  
INFO  @ Wed, 05 Jul 2023 10:15:55: Thread 0: Calculating RNF146 (3001) ...  
INFO  @ Wed, 05 Jul 2023 10:16:09: Thread 0 completed. 
INFO  @ Wed, 05 Jul 2023 10:16:09: All threads completed. 
INFO  @ Wed, 05 Jul 2023 10:16:10: Assigning p values... 
INFO  @ Wed, 05 Jul 2023 10:16:10: Permuting groups of gene with 23 sgRNAs per gene. Group progress: 23/41 
INFO  @ Wed, 05 Jul 2023 10:16:10: Start permuting 2 rounds ... 
INFO  @ Wed, 05 Jul 2023 10:16:10: Collecting 26156 sgRNAs from 3516 genes. 
INFO  @ Wed, 05 Jul 2023 10:16:10: Permuting round 0 ... 
INFO  @ Wed, 05 Jul 2023 10:16:10: Thread 0 started. 
INFO  @ Wed, 05 Jul 2023 10:16:11: Thread 0: total 3516 instances. 
INFO  @ Wed, 05 Jul 2023 10:16:11: Thread 0: Calculating AATK (1) ...  
INFO  @ Wed, 05 Jul 2023 10:16:30: Thread 0: Calculating NFXL1 (1001) ...  
INFO  @ Wed, 05 Jul 2023 10:16:49: Thread 0: Calculating MLL1 (2001) ...  
INFO  @ Wed, 05 Jul 2023 10:17:08: Thread 0: Calculating RNF146 (3001) ...  
INFO  @ Wed, 05 Jul 2023 10:17:17: Thread 0 completed. 
INFO  @ Wed, 05 Jul 2023 10:17:17: All threads completed. 
INFO  @ Wed, 05 Jul 2023 10:17:18: Permuting round 1 ... 
INFO  @ Wed, 05 Jul 2023 10:17:18: Thread 0 started. 
INFO  @ Wed, 05 Jul 2023 10:17:18: Thread 0: total 3516 instances. 
INFO  @ Wed, 05 Jul 2023 10:17:18: Thread 0: Calculating AATK (1) ...  
INFO  @ Wed, 05 Jul 2023 10:17:37: Thread 0: Calculating NFXL1 (1001) ...  
INFO  @ Wed, 05 Jul 2023 10:17:55: Thread 0: Calculating MLL1 (2001) ...  
INFO  @ Wed, 05 Jul 2023 10:18:18: Thread 0: Calculating RNF146 (3001) ...  
INFO  @ Wed, 05 Jul 2023 10:18:29: Thread 0 completed. 
INFO  @ Wed, 05 Jul 2023 10:18:29: All threads completed. 
INFO  @ Wed, 05 Jul 2023 10:18:30: Assigning p values... 
INFO  @ Wed, 05 Jul 2023 10:18:30: Permuting groups of gene with 24 sgRNAs per gene. Group progress: 24/41 
INFO  @ Wed, 05 Jul 2023 10:18:30: Start permuting 2 rounds ... 
INFO  @ Wed, 05 Jul 2023 10:18:30: Collecting 26156 sgRNAs from 3516 genes. 
INFO  @ Wed, 05 Jul 2023 10:18:30: Permuting round 0 ... 
INFO  @ Wed, 05 Jul 2023 10:18:30: Thread 0 started. 
INFO  @ Wed, 05 Jul 2023 10:18:30: Thread 0: total 3516 instances. 
INFO  @ Wed, 05 Jul 2023 10:18:30: Thread 0: Calculating AATK (1) ...  
INFO  @ Wed, 05 Jul 2023 10:18:49: Thread 0: Calculating NFXL1 (1001) ...  
INFO  @ Wed, 05 Jul 2023 10:19:10: Thread 0: Calculating MLL1 (2001) ...  
INFO  @ Wed, 05 Jul 2023 10:19:31: Thread 0: Calculating RNF146 (3001) ...  
INFO  @ Wed, 05 Jul 2023 10:19:41: Thread 0 completed. 
INFO  @ Wed, 05 Jul 2023 10:19:41: All threads completed. 
INFO  @ Wed, 05 Jul 2023 10:19:42: Permuting round 1 ... 
INFO  @ Wed, 05 Jul 2023 10:19:42: Thread 0 started. 
INFO  @ Wed, 05 Jul 2023 10:19:42: Thread 0: total 3516 instances. 
INFO  @ Wed, 05 Jul 2023 10:19:42: Thread 0: Calculating AATK (1) ...  
INFO  @ Wed, 05 Jul 2023 10:20:05: Thread 0: Calculating NFXL1 (1001) ...  
INFO  @ Wed, 05 Jul 2023 10:20:25: Thread 0: Calculating MLL1 (2001) ...  
INFO  @ Wed, 05 Jul 2023 10:20:45: Thread 0: Calculating RNF146 (3001) ...  
INFO  @ Wed, 05 Jul 2023 10:20:55: Thread 0 completed. 
INFO  @ Wed, 05 Jul 2023 10:20:55: All threads completed. 
INFO  @ Wed, 05 Jul 2023 10:20:56: Assigning p values... 
INFO  @ Wed, 05 Jul 2023 10:20:56: Permuting groups of gene with 25 sgRNAs per gene. Group progress: 25/41 
INFO  @ Wed, 05 Jul 2023 10:20:56: Start permuting 2 rounds ... 
INFO  @ Wed, 05 Jul 2023 10:20:56: Collecting 26156 sgRNAs from 3516 genes. 
INFO  @ Wed, 05 Jul 2023 10:20:56: Permuting round 0 ... 
INFO  @ Wed, 05 Jul 2023 10:20:56: Thread 0 started. 
INFO  @ Wed, 05 Jul 2023 10:20:56: Thread 0: total 3516 instances. 
INFO  @ Wed, 05 Jul 2023 10:20:56: Thread 0: Calculating AATK (1) ...  
INFO  @ Wed, 05 Jul 2023 10:21:15: Thread 0: Calculating NFXL1 (1001) ...  
INFO  @ Wed, 05 Jul 2023 10:21:37: Thread 0: Calculating MLL1 (2001) ...  
INFO  @ Wed, 05 Jul 2023 10:21:58: Thread 0: Calculating RNF146 (3001) ...  
INFO  @ Wed, 05 Jul 2023 10:22:06: Thread 0 completed. 
INFO  @ Wed, 05 Jul 2023 10:22:06: All threads completed. 
INFO  @ Wed, 05 Jul 2023 10:22:07: Permuting round 1 ... 
INFO  @ Wed, 05 Jul 2023 10:22:08: Thread 0 started. 
INFO  @ Wed, 05 Jul 2023 10:22:08: Thread 0: total 3516 instances. 
INFO  @ Wed, 05 Jul 2023 10:22:08: Thread 0: Calculating AATK (1) ...  
INFO  @ Wed, 05 Jul 2023 10:22:31: Thread 0: Calculating NFXL1 (1001) ...  
INFO  @ Wed, 05 Jul 2023 10:22:53: Thread 0: Calculating MLL1 (2001) ...  
INFO  @ Wed, 05 Jul 2023 10:23:09: Thread 0: Calculating RNF146 (3001) ...  
INFO  @ Wed, 05 Jul 2023 10:23:21: Thread 0 completed. 
INFO  @ Wed, 05 Jul 2023 10:23:21: All threads completed. 
INFO  @ Wed, 05 Jul 2023 10:23:22: Assigning p values... 
INFO  @ Wed, 05 Jul 2023 10:23:22: Permuting groups of gene with 27 sgRNAs per gene. Group progress: 26/41 
INFO  @ Wed, 05 Jul 2023 10:23:22: Start permuting 2 rounds ... 
INFO  @ Wed, 05 Jul 2023 10:23:22: Collecting 26156 sgRNAs from 3516 genes. 
INFO  @ Wed, 05 Jul 2023 10:23:22: Permuting round 0 ... 
INFO  @ Wed, 05 Jul 2023 10:23:23: Thread 0 started. 
INFO  @ Wed, 05 Jul 2023 10:23:23: Thread 0: total 3516 instances. 
INFO  @ Wed, 05 Jul 2023 10:23:23: Thread 0: Calculating AATK (1) ...  
INFO  @ Wed, 05 Jul 2023 10:23:45: Thread 0: Calculating NFXL1 (1001) ...  
INFO  @ Wed, 05 Jul 2023 10:24:06: Thread 0: Calculating MLL1 (2001) ...  
INFO  @ Wed, 05 Jul 2023 10:24:25: Thread 0: Calculating RNF146 (3001) ...  
INFO  @ Wed, 05 Jul 2023 10:24:40: Thread 0 completed. 
INFO  @ Wed, 05 Jul 2023 10:24:40: All threads completed. 
INFO  @ Wed, 05 Jul 2023 10:24:41: Permuting round 1 ... 
INFO  @ Wed, 05 Jul 2023 10:24:41: Thread 0 started. 
INFO  @ Wed, 05 Jul 2023 10:24:41: Thread 0: total 3516 instances. 
INFO  @ Wed, 05 Jul 2023 10:24:41: Thread 0: Calculating AATK (1) ...  
INFO  @ Wed, 05 Jul 2023 10:25:07: Thread 0: Calculating NFXL1 (1001) ...  
INFO  @ Wed, 05 Jul 2023 10:25:28: Thread 0: Calculating MLL1 (2001) ...  
INFO  @ Wed, 05 Jul 2023 10:26:00: Thread 0: Calculating RNF146 (3001) ...  
INFO  @ Wed, 05 Jul 2023 10:26:12: Thread 0 completed. 
INFO  @ Wed, 05 Jul 2023 10:26:12: All threads completed. 
INFO  @ Wed, 05 Jul 2023 10:26:13: Assigning p values... 
INFO  @ Wed, 05 Jul 2023 10:26:13: Permuting groups of gene with 28 sgRNAs per gene. Group progress: 27/41 
INFO  @ Wed, 05 Jul 2023 10:26:13: Start permuting 2 rounds ... 
INFO  @ Wed, 05 Jul 2023 10:26:13: Collecting 26156 sgRNAs from 3516 genes. 
INFO  @ Wed, 05 Jul 2023 10:26:13: Permuting round 0 ... 
INFO  @ Wed, 05 Jul 2023 10:26:13: Thread 0 started. 
INFO  @ Wed, 05 Jul 2023 10:26:13: Thread 0: total 3516 instances. 
INFO  @ Wed, 05 Jul 2023 10:26:13: Thread 0: Calculating AATK (1) ...  
INFO  @ Wed, 05 Jul 2023 10:26:35: Thread 0: Calculating NFXL1 (1001) ...  
INFO  @ Wed, 05 Jul 2023 10:26:57: Thread 0: Calculating MLL1 (2001) ...  
INFO  @ Wed, 05 Jul 2023 10:27:22: Thread 0: Calculating RNF146 (3001) ...  
INFO  @ Wed, 05 Jul 2023 10:27:32: Thread 0 completed. 
INFO  @ Wed, 05 Jul 2023 10:27:32: All threads completed. 
INFO  @ Wed, 05 Jul 2023 10:27:33: Permuting round 1 ... 
INFO  @ Wed, 05 Jul 2023 10:27:33: Thread 0 started. 
INFO  @ Wed, 05 Jul 2023 10:27:33: Thread 0: total 3516 instances. 
INFO  @ Wed, 05 Jul 2023 10:27:33: Thread 0: Calculating AATK (1) ...  
INFO  @ Wed, 05 Jul 2023 10:27:57: Thread 0: Calculating NFXL1 (1001) ...  
INFO  @ Wed, 05 Jul 2023 10:28:23: Thread 0: Calculating MLL1 (2001) ...  
INFO  @ Wed, 05 Jul 2023 10:28:48: Thread 0: Calculating RNF146 (3001) ...  
INFO  @ Wed, 05 Jul 2023 10:29:02: Thread 0 completed. 
INFO  @ Wed, 05 Jul 2023 10:29:02: All threads completed. 
INFO  @ Wed, 05 Jul 2023 10:29:03: Assigning p values... 
INFO  @ Wed, 05 Jul 2023 10:29:03: Permuting groups of gene with 29 sgRNAs per gene. Group progress: 28/41 
INFO  @ Wed, 05 Jul 2023 10:29:03: Start permuting 2 rounds ... 
INFO  @ Wed, 05 Jul 2023 10:29:04: Collecting 26156 sgRNAs from 3516 genes. 
INFO  @ Wed, 05 Jul 2023 10:29:04: Permuting round 0 ... 
INFO  @ Wed, 05 Jul 2023 10:29:04: Thread 0 started. 
INFO  @ Wed, 05 Jul 2023 10:29:04: Thread 0: total 3516 instances. 
INFO  @ Wed, 05 Jul 2023 10:29:04: Thread 0: Calculating AATK (1) ...  
INFO  @ Wed, 05 Jul 2023 10:29:29: Thread 0: Calculating NFXL1 (1001) ...  
INFO  @ Wed, 05 Jul 2023 10:29:52: Thread 0: Calculating MLL1 (2001) ...  
INFO  @ Wed, 05 Jul 2023 10:30:12: Thread 0: Calculating RNF146 (3001) ...  
INFO  @ Wed, 05 Jul 2023 10:30:23: Thread 0 completed. 
INFO  @ Wed, 05 Jul 2023 10:30:23: All threads completed. 
INFO  @ Wed, 05 Jul 2023 10:30:24: Permuting round 1 ... 
INFO  @ Wed, 05 Jul 2023 10:30:24: Thread 0 started. 
INFO  @ Wed, 05 Jul 2023 10:30:24: Thread 0: total 3516 instances. 
INFO  @ Wed, 05 Jul 2023 10:30:24: Thread 0: Calculating AATK (1) ...  
INFO  @ Wed, 05 Jul 2023 10:30:43: Thread 0: Calculating NFXL1 (1001) ...  
INFO  @ Wed, 05 Jul 2023 10:31:05: Thread 0: Calculating MLL1 (2001) ...  
INFO  @ Wed, 05 Jul 2023 10:31:28: Thread 0: Calculating RNF146 (3001) ...  
INFO  @ Wed, 05 Jul 2023 10:31:39: Thread 0 completed. 
INFO  @ Wed, 05 Jul 2023 10:31:39: All threads completed. 
INFO  @ Wed, 05 Jul 2023 10:31:40: Assigning p values... 
INFO  @ Wed, 05 Jul 2023 10:31:40: Permuting groups of gene with 30 sgRNAs per gene. Group progress: 29/41 
INFO  @ Wed, 05 Jul 2023 10:31:40: Start permuting 2 rounds ... 
INFO  @ Wed, 05 Jul 2023 10:31:40: Collecting 26156 sgRNAs from 3516 genes. 
INFO  @ Wed, 05 Jul 2023 10:31:40: Permuting round 0 ... 
INFO  @ Wed, 05 Jul 2023 10:31:40: Thread 0 started. 
INFO  @ Wed, 05 Jul 2023 10:31:40: Thread 0: total 3516 instances. 
INFO  @ Wed, 05 Jul 2023 10:31:40: Thread 0: Calculating AATK (1) ...  
INFO  @ Wed, 05 Jul 2023 10:32:04: Thread 0: Calculating NFXL1 (1001) ...  
INFO  @ Wed, 05 Jul 2023 10:32:32: Thread 0: Calculating MLL1 (2001) ...  
INFO  @ Wed, 05 Jul 2023 10:32:51: Thread 0: Calculating RNF146 (3001) ...  
INFO  @ Wed, 05 Jul 2023 10:33:01: Thread 0 completed. 
INFO  @ Wed, 05 Jul 2023 10:33:01: All threads completed. 
INFO  @ Wed, 05 Jul 2023 10:33:02: Permuting round 1 ... 
INFO  @ Wed, 05 Jul 2023 10:33:02: Thread 0 started. 
INFO  @ Wed, 05 Jul 2023 10:33:02: Thread 0: total 3516 instances. 
INFO  @ Wed, 05 Jul 2023 10:33:02: Thread 0: Calculating AATK (1) ...  
INFO  @ Wed, 05 Jul 2023 10:33:26: Thread 0: Calculating NFXL1 (1001) ...  
INFO  @ Wed, 05 Jul 2023 10:33:53: Thread 0: Calculating MLL1 (2001) ...  
INFO  @ Wed, 05 Jul 2023 10:34:13: Thread 0: Calculating RNF146 (3001) ...  
INFO  @ Wed, 05 Jul 2023 10:34:27: Thread 0 completed. 
INFO  @ Wed, 05 Jul 2023 10:34:27: All threads completed. 
INFO  @ Wed, 05 Jul 2023 10:34:28: Assigning p values... 
INFO  @ Wed, 05 Jul 2023 10:34:28: Permuting groups of gene with 31 sgRNAs per gene. Group progress: 30/41 
INFO  @ Wed, 05 Jul 2023 10:34:28: Start permuting 2 rounds ... 
INFO  @ Wed, 05 Jul 2023 10:34:28: Collecting 26156 sgRNAs from 3516 genes. 
INFO  @ Wed, 05 Jul 2023 10:34:28: Permuting round 0 ... 
INFO  @ Wed, 05 Jul 2023 10:34:28: Thread 0 started. 
INFO  @ Wed, 05 Jul 2023 10:34:28: Thread 0: total 3516 instances. 
INFO  @ Wed, 05 Jul 2023 10:34:29: Thread 0: Calculating AATK (1) ...  
INFO  @ Wed, 05 Jul 2023 10:35:01: Thread 0: Calculating NFXL1 (1001) ...  
INFO  @ Wed, 05 Jul 2023 10:35:37: Thread 0: Calculating MLL1 (2001) ...  
INFO  @ Wed, 05 Jul 2023 10:36:11: Thread 0: Calculating RNF146 (3001) ...  
INFO  @ Wed, 05 Jul 2023 10:36:23: Thread 0 completed. 
INFO  @ Wed, 05 Jul 2023 10:36:23: All threads completed. 
INFO  @ Wed, 05 Jul 2023 10:36:24: Permuting round 1 ... 
INFO  @ Wed, 05 Jul 2023 10:36:25: Thread 0 started. 
INFO  @ Wed, 05 Jul 2023 10:36:25: Thread 0: total 3516 instances. 
INFO  @ Wed, 05 Jul 2023 10:36:26: Thread 0: Calculating AATK (1) ...  
INFO  @ Wed, 05 Jul 2023 10:37:00: Thread 0: Calculating NFXL1 (1001) ...  
INFO  @ Wed, 05 Jul 2023 10:37:36: Thread 0: Calculating MLL1 (2001) ...  
INFO  @ Wed, 05 Jul 2023 10:38:18: Thread 0: Calculating RNF146 (3001) ...  
INFO  @ Wed, 05 Jul 2023 10:38:41: Thread 0 completed. 
INFO  @ Wed, 05 Jul 2023 10:38:41: All threads completed. 
INFO  @ Wed, 05 Jul 2023 10:38:43: Assigning p values... 
INFO  @ Wed, 05 Jul 2023 10:38:43: Permuting groups of gene with 32 sgRNAs per gene. Group progress: 31/41 
INFO  @ Wed, 05 Jul 2023 10:38:43: Start permuting 2 rounds ... 
INFO  @ Wed, 05 Jul 2023 10:38:43: Collecting 26156 sgRNAs from 3516 genes. 
INFO  @ Wed, 05 Jul 2023 10:38:43: Permuting round 0 ... 
INFO  @ Wed, 05 Jul 2023 10:38:43: Thread 0 started. 
INFO  @ Wed, 05 Jul 2023 10:38:43: Thread 0: total 3516 instances. 
INFO  @ Wed, 05 Jul 2023 10:38:43: Thread 0: Calculating AATK (1) ...  
INFO  @ Wed, 05 Jul 2023 10:39:20: Thread 0: Calculating NFXL1 (1001) ...  
INFO  @ Wed, 05 Jul 2023 10:39:55: Thread 0: Calculating MLL1 (2001) ...  
INFO  @ Wed, 05 Jul 2023 10:40:32: Thread 0: Calculating RNF146 (3001) ...  
INFO  @ Wed, 05 Jul 2023 10:40:53: Thread 0 completed. 
INFO  @ Wed, 05 Jul 2023 10:40:53: All threads completed. 
INFO  @ Wed, 05 Jul 2023 10:40:54: Permuting round 1 ... 
INFO  @ Wed, 05 Jul 2023 10:40:54: Thread 0 started. 
INFO  @ Wed, 05 Jul 2023 10:40:54: Thread 0: total 3516 instances. 
INFO  @ Wed, 05 Jul 2023 10:40:54: Thread 0: Calculating AATK (1) ...  
INFO  @ Wed, 05 Jul 2023 10:41:30: Thread 0: Calculating NFXL1 (1001) ...  
INFO  @ Wed, 05 Jul 2023 10:42:08: Thread 0: Calculating MLL1 (2001) ...  
INFO  @ Wed, 05 Jul 2023 10:42:47: Thread 0: Calculating RNF146 (3001) ...  
INFO  @ Wed, 05 Jul 2023 10:43:04: Thread 0 completed. 
INFO  @ Wed, 05 Jul 2023 10:43:04: All threads completed. 
INFO  @ Wed, 05 Jul 2023 10:43:05: Assigning p values... 
INFO  @ Wed, 05 Jul 2023 10:43:05: Permuting groups of gene with 33 sgRNAs per gene. Group progress: 32/41 
INFO  @ Wed, 05 Jul 2023 10:43:05: Start permuting 2 rounds ... 
INFO  @ Wed, 05 Jul 2023 10:43:05: Collecting 26156 sgRNAs from 3516 genes. 
INFO  @ Wed, 05 Jul 2023 10:43:05: Permuting round 0 ... 
INFO  @ Wed, 05 Jul 2023 10:43:06: Thread 0 started. 
INFO  @ Wed, 05 Jul 2023 10:43:06: Thread 0: total 3516 instances. 
INFO  @ Wed, 05 Jul 2023 10:43:06: Thread 0: Calculating AATK (1) ...  
INFO  @ Wed, 05 Jul 2023 10:43:44: Thread 0: Calculating NFXL1 (1001) ...  
INFO  @ Wed, 05 Jul 2023 10:44:29: Thread 0: Calculating MLL1 (2001) ...  
INFO  @ Wed, 05 Jul 2023 10:45:06: Thread 0: Calculating RNF146 (3001) ...  
INFO  @ Wed, 05 Jul 2023 10:45:23: Thread 0 completed. 
INFO  @ Wed, 05 Jul 2023 10:45:23: All threads completed. 
INFO  @ Wed, 05 Jul 2023 10:45:24: Permuting round 1 ... 
INFO  @ Wed, 05 Jul 2023 10:45:25: Thread 0 started. 
INFO  @ Wed, 05 Jul 2023 10:45:25: Thread 0: total 3516 instances. 
INFO  @ Wed, 05 Jul 2023 10:45:25: Thread 0: Calculating AATK (1) ...  
INFO  @ Wed, 05 Jul 2023 10:46:02: Thread 0: Calculating NFXL1 (1001) ...  
INFO  @ Wed, 05 Jul 2023 10:46:48: Thread 0: Calculating MLL1 (2001) ...  
INFO  @ Wed, 05 Jul 2023 10:47:25: Thread 0: Calculating RNF146 (3001) ...  
INFO  @ Wed, 05 Jul 2023 10:47:49: Thread 0 completed. 
INFO  @ Wed, 05 Jul 2023 10:47:49: All threads completed. 
INFO  @ Wed, 05 Jul 2023 10:47:50: Assigning p values... 
INFO  @ Wed, 05 Jul 2023 10:47:50: Permuting groups of gene with 34 sgRNAs per gene. Group progress: 33/41 
INFO  @ Wed, 05 Jul 2023 10:47:50: Start permuting 2 rounds ... 
INFO  @ Wed, 05 Jul 2023 10:47:50: Collecting 26156 sgRNAs from 3516 genes. 
INFO  @ Wed, 05 Jul 2023 10:47:50: Permuting round 0 ... 
INFO  @ Wed, 05 Jul 2023 10:47:51: Thread 0 started. 
INFO  @ Wed, 05 Jul 2023 10:47:51: Thread 0: total 3516 instances. 
INFO  @ Wed, 05 Jul 2023 10:47:51: Thread 0: Calculating AATK (1) ...  
INFO  @ Wed, 05 Jul 2023 10:48:33: Thread 0: Calculating NFXL1 (1001) ...  
INFO  @ Wed, 05 Jul 2023 10:49:12: Thread 0: Calculating MLL1 (2001) ...  
INFO  @ Wed, 05 Jul 2023 10:50:00: Thread 0: Calculating RNF146 (3001) ...  
INFO  @ Wed, 05 Jul 2023 10:50:22: Thread 0 completed. 
INFO  @ Wed, 05 Jul 2023 10:50:22: All threads completed. 
INFO  @ Wed, 05 Jul 2023 10:50:23: Permuting round 1 ... 
INFO  @ Wed, 05 Jul 2023 10:50:24: Thread 0 started. 
INFO  @ Wed, 05 Jul 2023 10:50:24: Thread 0: total 3516 instances. 
INFO  @ Wed, 05 Jul 2023 10:50:24: Thread 0: Calculating AATK (1) ...  
INFO  @ Wed, 05 Jul 2023 10:50:59: Thread 0: Calculating NFXL1 (1001) ...  
INFO  @ Wed, 05 Jul 2023 10:51:38: Thread 0: Calculating MLL1 (2001) ...  
INFO  @ Wed, 05 Jul 2023 10:52:15: Thread 0: Calculating RNF146 (3001) ...  
INFO  @ Wed, 05 Jul 2023 10:52:28: Thread 0 completed. 
INFO  @ Wed, 05 Jul 2023 10:52:28: All threads completed. 
INFO  @ Wed, 05 Jul 2023 10:52:30: Assigning p values... 
INFO  @ Wed, 05 Jul 2023 10:52:30: Permuting groups of gene with 37 sgRNAs per gene. Group progress: 34/41 
INFO  @ Wed, 05 Jul 2023 10:52:30: Start permuting 2 rounds ... 
INFO  @ Wed, 05 Jul 2023 10:52:30: Collecting 26156 sgRNAs from 3516 genes. 
INFO  @ Wed, 05 Jul 2023 10:52:30: Permuting round 0 ... 
INFO  @ Wed, 05 Jul 2023 10:52:30: Thread 0 started. 
INFO  @ Wed, 05 Jul 2023 10:52:30: Thread 0: total 3516 instances. 
INFO  @ Wed, 05 Jul 2023 10:52:30: Thread 0: Calculating AATK (1) ...  
INFO  @ Wed, 05 Jul 2023 10:53:06: Thread 0: Calculating NFXL1 (1001) ...  
INFO  @ Wed, 05 Jul 2023 10:53:51: Thread 0: Calculating MLL1 (2001) ...  
INFO  @ Wed, 05 Jul 2023 10:54:32: Thread 0: Calculating RNF146 (3001) ...  
INFO  @ Wed, 05 Jul 2023 10:54:52: Thread 0 completed. 
INFO  @ Wed, 05 Jul 2023 10:54:52: All threads completed. 
INFO  @ Wed, 05 Jul 2023 10:54:54: Permuting round 1 ... 
INFO  @ Wed, 05 Jul 2023 10:54:54: Thread 0 started. 
INFO  @ Wed, 05 Jul 2023 10:54:54: Thread 0: total 3516 instances. 
INFO  @ Wed, 05 Jul 2023 10:54:54: Thread 0: Calculating AATK (1) ...  
INFO  @ Wed, 05 Jul 2023 10:55:36: Thread 0: Calculating NFXL1 (1001) ...  
INFO  @ Wed, 05 Jul 2023 10:56:21: Thread 0: Calculating MLL1 (2001) ...  
INFO  @ Wed, 05 Jul 2023 10:57:03: Thread 0: Calculating RNF146 (3001) ...  
INFO  @ Wed, 05 Jul 2023 10:57:28: Thread 0 completed. 
INFO  @ Wed, 05 Jul 2023 10:57:28: All threads completed. 
INFO  @ Wed, 05 Jul 2023 10:57:29: Assigning p values... 
INFO  @ Wed, 05 Jul 2023 10:57:29: Groups of gene with 42 sgRNAs per gene: assigning p values based on previous group results. Group progress: 35/41 
INFO  @ Wed, 05 Jul 2023 10:57:29: Groups of gene with 46 sgRNAs per gene: assigning p values based on previous group results. Group progress: 36/41 
INFO  @ Wed, 05 Jul 2023 10:57:29: Groups of gene with 47 sgRNAs per gene: assigning p values based on previous group results. Group progress: 37/41 
INFO  @ Wed, 05 Jul 2023 10:57:29: Groups of gene with 48 sgRNAs per gene: assigning p values based on previous group results. Group progress: 38/41 
INFO  @ Wed, 05 Jul 2023 10:57:29: Groups of gene with 49 sgRNAs per gene: assigning p values based on previous group results. Group progress: 39/41 
INFO  @ Wed, 05 Jul 2023 10:57:29: Groups of gene with 56 sgRNAs per gene: assigning p values based on previous group results. Group progress: 40/41 
INFO  @ Wed, 05 Jul 2023 10:57:29: Groups of gene with 67 sgRNAs per gene: assigning p values based on previous group results. Group progress: 41/41 
INFO  @ Wed, 05 Jul 2023 10:57:29: Writing gene results to mle_count-A2780-Ts8.gene_summary.txt 
INFO  @ Wed, 05 Jul 2023 10:57:29: Writing sgRNA results to mle_count-A2780-Ts8.sgrna_summary.txt 
