INFO  @ Tue, 14 Feb 2023 11:06:27: Parameters: /gpfs/ysm/project/sheltzer/rah88/conda_envs/mageck/bin/mageck mle -k count-DLD1-Ts5.15-i.f.csv -d matrixTs5.15.txt -n mle_Ts5.15 
INFO  @ Tue, 14 Feb 2023 11:06:28: Cannot parse design matrix as a string; try to parse it as a file name ... 
INFO  @ Tue, 14 Feb 2023 11:06:28: Design matrix: 
INFO  @ Tue, 14 Feb 2023 11:06:28: [[1. 0.] 
INFO  @ Tue, 14 Feb 2023 11:06:28:  [1. 1.]] 
INFO  @ Tue, 14 Feb 2023 11:06:28: Beta labels:baseline,DLD1-Ts5.15 
INFO  @ Tue, 14 Feb 2023 11:06:28: Included samples:DLD1-Ts5.15.initial,DLD1-Ts5.15.final 
INFO  @ Tue, 14 Feb 2023 11:06:28: Treating count-DLD1-Ts5.15-i.f.csv as csv file ... 
INFO  @ Tue, 14 Feb 2023 11:06:28: Loaded samples:DLD1-Ts5.15.initial;DLD1-Ts5.15.final 
INFO  @ Tue, 14 Feb 2023 11:06:28: Sample index: 0;1 
INFO  @ Tue, 14 Feb 2023 11:06:28: Loaded 3516 genes. 
DEBUG @ Tue, 14 Feb 2023 11:06:28: Initial (total) size factor: 0.942934507944263 1.0644175279101509 
DEBUG @ Tue, 14 Feb 2023 11:06:28: Median factor: 0.9581847170726902 1.0505147764439284 
INFO  @ Tue, 14 Feb 2023 11:06:28: Final size factor: 0.9581847170726902 1.0505147764439284 
INFO  @ Tue, 14 Feb 2023 11:06:28: size factor: 1.043640106320061,0.9519142637717817 
INFO  @ Tue, 14 Feb 2023 11:06:29: Thread 0 started. 
INFO  @ Tue, 14 Feb 2023 11:06:29: Thread 0: total 1 instances. 
INFO  @ Tue, 14 Feb 2023 11:06:29: Thread 0 completed. 
INFO  @ Tue, 14 Feb 2023 11:06:29: All threads completed. 
INFO  @ Tue, 14 Feb 2023 11:06:29: Modeling the mean and variance ... 
INFO  @ Tue, 14 Feb 2023 11:06:29: Run the algorithm for the second time ... 
INFO  @ Tue, 14 Feb 2023 11:06:29: Skipping gene NKX2 from MLE calculation since there are too many sgRNAs. To change, revise the --max-sgrnapergene-permutation option. 
INFO  @ Tue, 14 Feb 2023 11:06:29: Skipping gene PBRM1 from MLE calculation since there are too many sgRNAs. To change, revise the --max-sgrnapergene-permutation option. 
INFO  @ Tue, 14 Feb 2023 11:06:29: Skipping gene KDM2A from MLE calculation since there are too many sgRNAs. To change, revise the --max-sgrnapergene-permutation option. 
INFO  @ Tue, 14 Feb 2023 11:06:29: Skipping gene KDM2B from MLE calculation since there are too many sgRNAs. To change, revise the --max-sgrnapergene-permutation option. 
INFO  @ Tue, 14 Feb 2023 11:06:29: Skipping gene KMT2A from MLE calculation since there are too many sgRNAs. To change, revise the --max-sgrnapergene-permutation option. 
INFO  @ Tue, 14 Feb 2023 11:06:29: Skipping gene KMT2B from MLE calculation since there are too many sgRNAs. To change, revise the --max-sgrnapergene-permutation option. 
INFO  @ Tue, 14 Feb 2023 11:06:29: Skipping gene KMT2C from MLE calculation since there are too many sgRNAs. To change, revise the --max-sgrnapergene-permutation option. 
INFO  @ Tue, 14 Feb 2023 11:06:29: Skipping gene KMT2D from MLE calculation since there are too many sgRNAs. To change, revise the --max-sgrnapergene-permutation option. 
INFO  @ Tue, 14 Feb 2023 11:06:29: Skipping gene NSD1 from MLE calculation since there are too many sgRNAs. To change, revise the --max-sgrnapergene-permutation option. 
INFO  @ Tue, 14 Feb 2023 11:06:29: Skipping gene RNF17 from MLE calculation since there are too many sgRNAs. To change, revise the --max-sgrnapergene-permutation option. 
INFO  @ Tue, 14 Feb 2023 11:06:29: Skipping gene TDRD6 from MLE calculation since there are too many sgRNAs. To change, revise the --max-sgrnapergene-permutation option. 
INFO  @ Tue, 14 Feb 2023 11:06:29: Thread 0 started. 
INFO  @ Tue, 14 Feb 2023 11:06:29: Thread 0: total 3505 instances. 
INFO  @ Tue, 14 Feb 2023 11:06:29: Thread 0: Calculating AATK (1) ...  
INFO  @ Tue, 14 Feb 2023 11:06:43: Thread 0: Calculating NFXL1 (1001) ...  
INFO  @ Tue, 14 Feb 2023 11:06:57: Thread 0: Calculating NO66 (2001) ...  
INFO  @ Tue, 14 Feb 2023 11:07:12: Thread 0: Calculating RNF170 (3001) ...  
INFO  @ Tue, 14 Feb 2023 11:07:19: Thread 0 completed. 
INFO  @ Tue, 14 Feb 2023 11:07:19: All threads completed. 
INFO  @ Tue, 14 Feb 2023 11:07:21: Permuting groups of gene with 1 sgRNAs per gene. Group progress: 1/41 
INFO  @ Tue, 14 Feb 2023 11:07:21: Start permuting 2 rounds ... 
INFO  @ Tue, 14 Feb 2023 11:07:21: Collecting 26156 sgRNAs from 3516 genes. 
INFO  @ Tue, 14 Feb 2023 11:07:22: Permuting round 0 ... 
INFO  @ Tue, 14 Feb 2023 11:07:22: Thread 0 started. 
INFO  @ Tue, 14 Feb 2023 11:07:22: Thread 0: total 3516 instances. 
INFO  @ Tue, 14 Feb 2023 11:07:22: Thread 0: Calculating AATK (1) ...  
INFO  @ Tue, 14 Feb 2023 11:07:29: Thread 0: Calculating NFXL1 (1001) ...  
INFO  @ Tue, 14 Feb 2023 11:07:37: Thread 0: Calculating MLL1 (2001) ...  
INFO  @ Tue, 14 Feb 2023 11:07:45: Thread 0: Calculating RNF146 (3001) ...  
INFO  @ Tue, 14 Feb 2023 11:07:49: Thread 0 completed. 
INFO  @ Tue, 14 Feb 2023 11:07:49: All threads completed. 
INFO  @ Tue, 14 Feb 2023 11:07:51: Permuting round 1 ... 
INFO  @ Tue, 14 Feb 2023 11:07:51: Thread 0 started. 
INFO  @ Tue, 14 Feb 2023 11:07:51: Thread 0: total 3516 instances. 
INFO  @ Tue, 14 Feb 2023 11:07:51: Thread 0: Calculating AATK (1) ...  
INFO  @ Tue, 14 Feb 2023 11:07:58: Thread 0: Calculating NFXL1 (1001) ...  
INFO  @ Tue, 14 Feb 2023 11:08:06: Thread 0: Calculating MLL1 (2001) ...  
INFO  @ Tue, 14 Feb 2023 11:08:13: Thread 0: Calculating RNF146 (3001) ...  
INFO  @ Tue, 14 Feb 2023 11:08:17: Thread 0 completed. 
INFO  @ Tue, 14 Feb 2023 11:08:17: All threads completed. 
INFO  @ Tue, 14 Feb 2023 11:08:19: Assigning p values... 
INFO  @ Tue, 14 Feb 2023 11:08:19: Permuting groups of gene with 2 sgRNAs per gene. Group progress: 2/41 
INFO  @ Tue, 14 Feb 2023 11:08:19: Start permuting 2 rounds ... 
INFO  @ Tue, 14 Feb 2023 11:08:19: Collecting 26156 sgRNAs from 3516 genes. 
INFO  @ Tue, 14 Feb 2023 11:08:20: Permuting round 0 ... 
INFO  @ Tue, 14 Feb 2023 11:08:20: Thread 0 started. 
INFO  @ Tue, 14 Feb 2023 11:08:20: Thread 0: total 3516 instances. 
INFO  @ Tue, 14 Feb 2023 11:08:20: Thread 0: Calculating AATK (1) ...  
INFO  @ Tue, 14 Feb 2023 11:08:39: Thread 0: Calculating NFXL1 (1001) ...  
INFO  @ Tue, 14 Feb 2023 11:08:51: Thread 0: Calculating MLL1 (2001) ...  
INFO  @ Tue, 14 Feb 2023 11:09:04: Thread 0: Calculating RNF146 (3001) ...  
INFO  @ Tue, 14 Feb 2023 11:09:10: Thread 0 completed. 
INFO  @ Tue, 14 Feb 2023 11:09:10: All threads completed. 
INFO  @ Tue, 14 Feb 2023 11:09:12: Permuting round 1 ... 
INFO  @ Tue, 14 Feb 2023 11:09:12: Thread 0 started. 
INFO  @ Tue, 14 Feb 2023 11:09:12: Thread 0: total 3516 instances. 
INFO  @ Tue, 14 Feb 2023 11:09:12: Thread 0: Calculating AATK (1) ...  
INFO  @ Tue, 14 Feb 2023 11:09:25: Thread 0: Calculating NFXL1 (1001) ...  
INFO  @ Tue, 14 Feb 2023 11:09:37: Thread 0: Calculating MLL1 (2001) ...  
INFO  @ Tue, 14 Feb 2023 11:09:50: Thread 0: Calculating RNF146 (3001) ...  
INFO  @ Tue, 14 Feb 2023 11:09:57: Thread 0 completed. 
INFO  @ Tue, 14 Feb 2023 11:09:57: All threads completed. 
INFO  @ Tue, 14 Feb 2023 11:09:58: Assigning p values... 
INFO  @ Tue, 14 Feb 2023 11:09:58: Permuting groups of gene with 3 sgRNAs per gene. Group progress: 3/41 
INFO  @ Tue, 14 Feb 2023 11:09:58: Start permuting 2 rounds ... 
INFO  @ Tue, 14 Feb 2023 11:09:59: Collecting 26156 sgRNAs from 3516 genes. 
INFO  @ Tue, 14 Feb 2023 11:10:00: Permuting round 0 ... 
INFO  @ Tue, 14 Feb 2023 11:10:00: Thread 0 started. 
INFO  @ Tue, 14 Feb 2023 11:10:00: Thread 0: total 3516 instances. 
INFO  @ Tue, 14 Feb 2023 11:10:00: Thread 0: Calculating AATK (1) ...  
INFO  @ Tue, 14 Feb 2023 11:10:14: Thread 0: Calculating NFXL1 (1001) ...  
INFO  @ Tue, 14 Feb 2023 11:10:29: Thread 0: Calculating MLL1 (2001) ...  
INFO  @ Tue, 14 Feb 2023 11:10:43: Thread 0: Calculating RNF146 (3001) ...  
INFO  @ Tue, 14 Feb 2023 11:10:50: Thread 0 completed. 
INFO  @ Tue, 14 Feb 2023 11:10:50: All threads completed. 
INFO  @ Tue, 14 Feb 2023 11:10:52: Permuting round 1 ... 
INFO  @ Tue, 14 Feb 2023 11:10:52: Thread 0 started. 
INFO  @ Tue, 14 Feb 2023 11:10:52: Thread 0: total 3516 instances. 
INFO  @ Tue, 14 Feb 2023 11:10:52: Thread 0: Calculating AATK (1) ...  
INFO  @ Tue, 14 Feb 2023 11:11:07: Thread 0: Calculating NFXL1 (1001) ...  
INFO  @ Tue, 14 Feb 2023 11:11:22: Thread 0: Calculating MLL1 (2001) ...  
INFO  @ Tue, 14 Feb 2023 11:11:36: Thread 0: Calculating RNF146 (3001) ...  
INFO  @ Tue, 14 Feb 2023 11:11:43: Thread 0 completed. 
INFO  @ Tue, 14 Feb 2023 11:11:43: All threads completed. 
INFO  @ Tue, 14 Feb 2023 11:11:45: Assigning p values... 
INFO  @ Tue, 14 Feb 2023 11:11:46: Permuting groups of gene with 4 sgRNAs per gene. Group progress: 4/41 
INFO  @ Tue, 14 Feb 2023 11:11:46: Start permuting 2 rounds ... 
INFO  @ Tue, 14 Feb 2023 11:11:46: Collecting 26156 sgRNAs from 3516 genes. 
INFO  @ Tue, 14 Feb 2023 11:11:47: Permuting round 0 ... 
INFO  @ Tue, 14 Feb 2023 11:11:47: Thread 0 started. 
INFO  @ Tue, 14 Feb 2023 11:11:47: Thread 0: total 3516 instances. 
INFO  @ Tue, 14 Feb 2023 11:11:47: Thread 0: Calculating AATK (1) ...  
INFO  @ Tue, 14 Feb 2023 11:12:02: Thread 0: Calculating NFXL1 (1001) ...  
INFO  @ Tue, 14 Feb 2023 11:12:16: Thread 0: Calculating MLL1 (2001) ...  
INFO  @ Tue, 14 Feb 2023 11:12:32: Thread 0: Calculating RNF146 (3001) ...  
INFO  @ Tue, 14 Feb 2023 11:12:40: Thread 0 completed. 
INFO  @ Tue, 14 Feb 2023 11:12:40: All threads completed. 
INFO  @ Tue, 14 Feb 2023 11:12:41: Permuting round 1 ... 
INFO  @ Tue, 14 Feb 2023 11:12:42: Thread 0 started. 
INFO  @ Tue, 14 Feb 2023 11:12:42: Thread 0: total 3516 instances. 
INFO  @ Tue, 14 Feb 2023 11:12:42: Thread 0: Calculating AATK (1) ...  
INFO  @ Tue, 14 Feb 2023 11:12:57: Thread 0: Calculating NFXL1 (1001) ...  
INFO  @ Tue, 14 Feb 2023 11:13:11: Thread 0: Calculating MLL1 (2001) ...  
INFO  @ Tue, 14 Feb 2023 11:13:27: Thread 0: Calculating RNF146 (3001) ...  
INFO  @ Tue, 14 Feb 2023 11:13:34: Thread 0 completed. 
INFO  @ Tue, 14 Feb 2023 11:13:34: All threads completed. 
INFO  @ Tue, 14 Feb 2023 11:13:36: Assigning p values... 
INFO  @ Tue, 14 Feb 2023 11:13:36: Permuting groups of gene with 5 sgRNAs per gene. Group progress: 5/41 
INFO  @ Tue, 14 Feb 2023 11:13:36: Start permuting 2 rounds ... 
INFO  @ Tue, 14 Feb 2023 11:13:37: Collecting 26156 sgRNAs from 3516 genes. 
INFO  @ Tue, 14 Feb 2023 11:13:37: Permuting round 0 ... 
INFO  @ Tue, 14 Feb 2023 11:13:38: Thread 0 started. 
INFO  @ Tue, 14 Feb 2023 11:13:38: Thread 0: total 3516 instances. 
INFO  @ Tue, 14 Feb 2023 11:13:38: Thread 0: Calculating AATK (1) ...  
INFO  @ Tue, 14 Feb 2023 11:13:54: Thread 0: Calculating NFXL1 (1001) ...  
INFO  @ Tue, 14 Feb 2023 11:14:09: Thread 0: Calculating MLL1 (2001) ...  
INFO  @ Tue, 14 Feb 2023 11:14:24: Thread 0: Calculating RNF146 (3001) ...  
INFO  @ Tue, 14 Feb 2023 11:14:32: Thread 0 completed. 
INFO  @ Tue, 14 Feb 2023 11:14:32: All threads completed. 
INFO  @ Tue, 14 Feb 2023 11:14:34: Permuting round 1 ... 
INFO  @ Tue, 14 Feb 2023 11:14:35: Thread 0 started. 
INFO  @ Tue, 14 Feb 2023 11:14:35: Thread 0: total 3516 instances. 
INFO  @ Tue, 14 Feb 2023 11:14:35: Thread 0: Calculating AATK (1) ...  
INFO  @ Tue, 14 Feb 2023 11:14:50: Thread 0: Calculating NFXL1 (1001) ...  
INFO  @ Tue, 14 Feb 2023 11:15:05: Thread 0: Calculating MLL1 (2001) ...  
INFO  @ Tue, 14 Feb 2023 11:15:21: Thread 0: Calculating RNF146 (3001) ...  
INFO  @ Tue, 14 Feb 2023 11:15:29: Thread 0 completed. 
INFO  @ Tue, 14 Feb 2023 11:15:29: All threads completed. 
INFO  @ Tue, 14 Feb 2023 11:15:31: Assigning p values... 
INFO  @ Tue, 14 Feb 2023 11:15:31: Permuting groups of gene with 6 sgRNAs per gene. Group progress: 6/41 
INFO  @ Tue, 14 Feb 2023 11:15:31: Start permuting 2 rounds ... 
INFO  @ Tue, 14 Feb 2023 11:15:31: Collecting 26156 sgRNAs from 3516 genes. 
INFO  @ Tue, 14 Feb 2023 11:15:32: Permuting round 0 ... 
INFO  @ Tue, 14 Feb 2023 11:15:32: Thread 0 started. 
INFO  @ Tue, 14 Feb 2023 11:15:32: Thread 0: total 3516 instances. 
INFO  @ Tue, 14 Feb 2023 11:15:32: Thread 0: Calculating AATK (1) ...  
INFO  @ Tue, 14 Feb 2023 11:15:49: Thread 0: Calculating NFXL1 (1001) ...  
INFO  @ Tue, 14 Feb 2023 11:16:05: Thread 0: Calculating MLL1 (2001) ...  
INFO  @ Tue, 14 Feb 2023 11:16:21: Thread 0: Calculating RNF146 (3001) ...  
INFO  @ Tue, 14 Feb 2023 11:16:29: Thread 0 completed. 
INFO  @ Tue, 14 Feb 2023 11:16:29: All threads completed. 
INFO  @ Tue, 14 Feb 2023 11:16:31: Permuting round 1 ... 
INFO  @ Tue, 14 Feb 2023 11:16:31: Thread 0 started. 
INFO  @ Tue, 14 Feb 2023 11:16:31: Thread 0: total 3516 instances. 
INFO  @ Tue, 14 Feb 2023 11:16:31: Thread 0: Calculating AATK (1) ...  
INFO  @ Tue, 14 Feb 2023 11:16:48: Thread 0: Calculating NFXL1 (1001) ...  
INFO  @ Tue, 14 Feb 2023 11:17:03: Thread 0: Calculating MLL1 (2001) ...  
INFO  @ Tue, 14 Feb 2023 11:17:19: Thread 0: Calculating RNF146 (3001) ...  
INFO  @ Tue, 14 Feb 2023 11:17:27: Thread 0 completed. 
INFO  @ Tue, 14 Feb 2023 11:17:27: All threads completed. 
INFO  @ Tue, 14 Feb 2023 11:17:29: Assigning p values... 
INFO  @ Tue, 14 Feb 2023 11:17:30: Permuting groups of gene with 7 sgRNAs per gene. Group progress: 7/41 
INFO  @ Tue, 14 Feb 2023 11:17:30: Start permuting 2 rounds ... 
INFO  @ Tue, 14 Feb 2023 11:17:30: Collecting 26156 sgRNAs from 3516 genes. 
INFO  @ Tue, 14 Feb 2023 11:17:31: Permuting round 0 ... 
INFO  @ Tue, 14 Feb 2023 11:17:31: Thread 0 started. 
INFO  @ Tue, 14 Feb 2023 11:17:31: Thread 0: total 3516 instances. 
INFO  @ Tue, 14 Feb 2023 11:17:31: Thread 0: Calculating AATK (1) ...  
INFO  @ Tue, 14 Feb 2023 11:17:48: Thread 0: Calculating NFXL1 (1001) ...  
INFO  @ Tue, 14 Feb 2023 11:18:05: Thread 0: Calculating MLL1 (2001) ...  
INFO  @ Tue, 14 Feb 2023 11:18:20: Thread 0: Calculating RNF146 (3001) ...  
INFO  @ Tue, 14 Feb 2023 11:18:29: Thread 0 completed. 
INFO  @ Tue, 14 Feb 2023 11:18:29: All threads completed. 
INFO  @ Tue, 14 Feb 2023 11:18:31: Permuting round 1 ... 
INFO  @ Tue, 14 Feb 2023 11:18:31: Thread 0 started. 
INFO  @ Tue, 14 Feb 2023 11:18:31: Thread 0: total 3516 instances. 
INFO  @ Tue, 14 Feb 2023 11:18:31: Thread 0: Calculating AATK (1) ...  
INFO  @ Tue, 14 Feb 2023 11:18:49: Thread 0: Calculating NFXL1 (1001) ...  
INFO  @ Tue, 14 Feb 2023 11:19:06: Thread 0: Calculating MLL1 (2001) ...  
INFO  @ Tue, 14 Feb 2023 11:19:23: Thread 0: Calculating RNF146 (3001) ...  
INFO  @ Tue, 14 Feb 2023 11:19:31: Thread 0 completed. 
INFO  @ Tue, 14 Feb 2023 11:19:31: All threads completed. 
INFO  @ Tue, 14 Feb 2023 11:19:33: Assigning p values... 
INFO  @ Tue, 14 Feb 2023 11:19:33: Permuting groups of gene with 8 sgRNAs per gene. Group progress: 8/41 
INFO  @ Tue, 14 Feb 2023 11:19:33: Start permuting 2 rounds ... 
INFO  @ Tue, 14 Feb 2023 11:19:34: Collecting 26156 sgRNAs from 3516 genes. 
INFO  @ Tue, 14 Feb 2023 11:19:34: Permuting round 0 ... 
INFO  @ Tue, 14 Feb 2023 11:19:35: Thread 0 started. 
INFO  @ Tue, 14 Feb 2023 11:19:35: Thread 0: total 3516 instances. 
INFO  @ Tue, 14 Feb 2023 11:19:35: Thread 0: Calculating AATK (1) ...  
INFO  @ Tue, 14 Feb 2023 11:19:52: Thread 0: Calculating NFXL1 (1001) ...  
INFO  @ Tue, 14 Feb 2023 11:20:10: Thread 0: Calculating MLL1 (2001) ...  
INFO  @ Tue, 14 Feb 2023 11:20:27: Thread 0: Calculating RNF146 (3001) ...  
INFO  @ Tue, 14 Feb 2023 11:20:36: Thread 0 completed. 
INFO  @ Tue, 14 Feb 2023 11:20:36: All threads completed. 
INFO  @ Tue, 14 Feb 2023 11:20:38: Permuting round 1 ... 
INFO  @ Tue, 14 Feb 2023 11:20:39: Thread 0 started. 
INFO  @ Tue, 14 Feb 2023 11:20:39: Thread 0: total 3516 instances. 
INFO  @ Tue, 14 Feb 2023 11:20:39: Thread 0: Calculating AATK (1) ...  
INFO  @ Tue, 14 Feb 2023 11:20:57: Thread 0: Calculating NFXL1 (1001) ...  
INFO  @ Tue, 14 Feb 2023 11:21:15: Thread 0: Calculating MLL1 (2001) ...  
INFO  @ Tue, 14 Feb 2023 11:21:32: Thread 0: Calculating RNF146 (3001) ...  
INFO  @ Tue, 14 Feb 2023 11:21:40: Thread 0 completed. 
INFO  @ Tue, 14 Feb 2023 11:21:40: All threads completed. 
INFO  @ Tue, 14 Feb 2023 11:21:42: Assigning p values... 
INFO  @ Tue, 14 Feb 2023 11:21:43: Permuting groups of gene with 9 sgRNAs per gene. Group progress: 9/41 
INFO  @ Tue, 14 Feb 2023 11:21:43: Start permuting 2 rounds ... 
INFO  @ Tue, 14 Feb 2023 11:21:43: Collecting 26156 sgRNAs from 3516 genes. 
INFO  @ Tue, 14 Feb 2023 11:21:44: Permuting round 0 ... 
INFO  @ Tue, 14 Feb 2023 11:21:44: Thread 0 started. 
INFO  @ Tue, 14 Feb 2023 11:21:44: Thread 0: total 3516 instances. 
INFO  @ Tue, 14 Feb 2023 11:21:44: Thread 0: Calculating AATK (1) ...  
INFO  @ Tue, 14 Feb 2023 11:22:02: Thread 0: Calculating NFXL1 (1001) ...  
INFO  @ Tue, 14 Feb 2023 11:22:20: Thread 0: Calculating MLL1 (2001) ...  
INFO  @ Tue, 14 Feb 2023 11:22:39: Thread 0: Calculating RNF146 (3001) ...  
INFO  @ Tue, 14 Feb 2023 11:22:48: Thread 0 completed. 
INFO  @ Tue, 14 Feb 2023 11:22:48: All threads completed. 
INFO  @ Tue, 14 Feb 2023 11:22:50: Permuting round 1 ... 
INFO  @ Tue, 14 Feb 2023 11:22:50: Thread 0 started. 
INFO  @ Tue, 14 Feb 2023 11:22:51: Thread 0: total 3516 instances. 
INFO  @ Tue, 14 Feb 2023 11:22:51: Thread 0: Calculating AATK (1) ...  
INFO  @ Tue, 14 Feb 2023 11:23:09: Thread 0: Calculating NFXL1 (1001) ...  
INFO  @ Tue, 14 Feb 2023 11:23:27: Thread 0: Calculating MLL1 (2001) ...  
INFO  @ Tue, 14 Feb 2023 11:23:46: Thread 0: Calculating RNF146 (3001) ...  
INFO  @ Tue, 14 Feb 2023 11:23:56: Thread 0 completed. 
INFO  @ Tue, 14 Feb 2023 11:23:56: All threads completed. 
INFO  @ Tue, 14 Feb 2023 11:23:58: Assigning p values... 
INFO  @ Tue, 14 Feb 2023 11:23:58: Permuting groups of gene with 10 sgRNAs per gene. Group progress: 10/41 
INFO  @ Tue, 14 Feb 2023 11:23:58: Start permuting 2 rounds ... 
INFO  @ Tue, 14 Feb 2023 11:23:58: Collecting 26156 sgRNAs from 3516 genes. 
INFO  @ Tue, 14 Feb 2023 11:23:59: Permuting round 0 ... 
INFO  @ Tue, 14 Feb 2023 11:23:59: Thread 0 started. 
INFO  @ Tue, 14 Feb 2023 11:23:59: Thread 0: total 3516 instances. 
INFO  @ Tue, 14 Feb 2023 11:23:59: Thread 0: Calculating AATK (1) ...  
INFO  @ Tue, 14 Feb 2023 11:24:18: Thread 0: Calculating NFXL1 (1001) ...  
INFO  @ Tue, 14 Feb 2023 11:24:36: Thread 0: Calculating MLL1 (2001) ...  
INFO  @ Tue, 14 Feb 2023 11:24:55: Thread 0: Calculating RNF146 (3001) ...  
INFO  @ Tue, 14 Feb 2023 11:25:05: Thread 0 completed. 
INFO  @ Tue, 14 Feb 2023 11:25:05: All threads completed. 
INFO  @ Tue, 14 Feb 2023 11:25:07: Permuting round 1 ... 
INFO  @ Tue, 14 Feb 2023 11:25:08: Thread 0 started. 
INFO  @ Tue, 14 Feb 2023 11:25:08: Thread 0: total 3516 instances. 
INFO  @ Tue, 14 Feb 2023 11:25:08: Thread 0: Calculating AATK (1) ...  
INFO  @ Tue, 14 Feb 2023 11:25:27: Thread 0: Calculating NFXL1 (1001) ...  
INFO  @ Tue, 14 Feb 2023 11:25:45: Thread 0: Calculating MLL1 (2001) ...  
INFO  @ Tue, 14 Feb 2023 11:26:05: Thread 0: Calculating RNF146 (3001) ...  
INFO  @ Tue, 14 Feb 2023 11:26:15: Thread 0 completed. 
INFO  @ Tue, 14 Feb 2023 11:26:15: All threads completed. 
INFO  @ Tue, 14 Feb 2023 11:26:17: Assigning p values... 
INFO  @ Tue, 14 Feb 2023 11:26:17: Permuting groups of gene with 11 sgRNAs per gene. Group progress: 11/41 
INFO  @ Tue, 14 Feb 2023 11:26:17: Start permuting 2 rounds ... 
INFO  @ Tue, 14 Feb 2023 11:26:17: Collecting 26156 sgRNAs from 3516 genes. 
INFO  @ Tue, 14 Feb 2023 11:26:18: Permuting round 0 ... 
INFO  @ Tue, 14 Feb 2023 11:26:19: Thread 0 started. 
INFO  @ Tue, 14 Feb 2023 11:26:19: Thread 0: total 3516 instances. 
INFO  @ Tue, 14 Feb 2023 11:26:19: Thread 0: Calculating AATK (1) ...  
INFO  @ Tue, 14 Feb 2023 11:26:37: Thread 0: Calculating NFXL1 (1001) ...  
INFO  @ Tue, 14 Feb 2023 11:26:56: Thread 0: Calculating MLL1 (2001) ...  
INFO  @ Tue, 14 Feb 2023 11:27:15: Thread 0: Calculating RNF146 (3001) ...  
INFO  @ Tue, 14 Feb 2023 11:27:25: Thread 0 completed. 
INFO  @ Tue, 14 Feb 2023 11:27:25: All threads completed. 
INFO  @ Tue, 14 Feb 2023 11:27:27: Permuting round 1 ... 
INFO  @ Tue, 14 Feb 2023 11:27:28: Thread 0 started. 
INFO  @ Tue, 14 Feb 2023 11:27:28: Thread 0: total 3516 instances. 
INFO  @ Tue, 14 Feb 2023 11:27:28: Thread 0: Calculating AATK (1) ...  
INFO  @ Tue, 14 Feb 2023 11:27:48: Thread 0: Calculating NFXL1 (1001) ...  
INFO  @ Tue, 14 Feb 2023 11:28:07: Thread 0: Calculating MLL1 (2001) ...  
INFO  @ Tue, 14 Feb 2023 11:28:26: Thread 0: Calculating RNF146 (3001) ...  
INFO  @ Tue, 14 Feb 2023 11:28:36: Thread 0 completed. 
INFO  @ Tue, 14 Feb 2023 11:28:36: All threads completed. 
INFO  @ Tue, 14 Feb 2023 11:28:38: Assigning p values... 
INFO  @ Tue, 14 Feb 2023 11:28:38: Permuting groups of gene with 12 sgRNAs per gene. Group progress: 12/41 
INFO  @ Tue, 14 Feb 2023 11:28:38: Start permuting 2 rounds ... 
INFO  @ Tue, 14 Feb 2023 11:28:39: Collecting 26156 sgRNAs from 3516 genes. 
INFO  @ Tue, 14 Feb 2023 11:28:40: Permuting round 0 ... 
INFO  @ Tue, 14 Feb 2023 11:28:40: Thread 0 started. 
INFO  @ Tue, 14 Feb 2023 11:28:40: Thread 0: total 3516 instances. 
INFO  @ Tue, 14 Feb 2023 11:28:40: Thread 0: Calculating AATK (1) ...  
INFO  @ Tue, 14 Feb 2023 11:29:00: Thread 0: Calculating NFXL1 (1001) ...  
INFO  @ Tue, 14 Feb 2023 11:29:19: Thread 0: Calculating MLL1 (2001) ...  
INFO  @ Tue, 14 Feb 2023 11:29:38: Thread 0: Calculating RNF146 (3001) ...  
INFO  @ Tue, 14 Feb 2023 11:29:48: Thread 0 completed. 
INFO  @ Tue, 14 Feb 2023 11:29:48: All threads completed. 
INFO  @ Tue, 14 Feb 2023 11:29:51: Permuting round 1 ... 
INFO  @ Tue, 14 Feb 2023 11:29:52: Thread 0 started. 
INFO  @ Tue, 14 Feb 2023 11:29:52: Thread 0: total 3516 instances. 
INFO  @ Tue, 14 Feb 2023 11:29:52: Thread 0: Calculating AATK (1) ...  
INFO  @ Tue, 14 Feb 2023 11:30:12: Thread 0: Calculating NFXL1 (1001) ...  
INFO  @ Tue, 14 Feb 2023 11:30:31: Thread 0: Calculating MLL1 (2001) ...  
INFO  @ Tue, 14 Feb 2023 11:30:51: Thread 0: Calculating RNF146 (3001) ...  
INFO  @ Tue, 14 Feb 2023 11:31:01: Thread 0 completed. 
INFO  @ Tue, 14 Feb 2023 11:31:01: All threads completed. 
INFO  @ Tue, 14 Feb 2023 11:31:03: Assigning p values... 
INFO  @ Tue, 14 Feb 2023 11:31:03: Permuting groups of gene with 13 sgRNAs per gene. Group progress: 13/41 
INFO  @ Tue, 14 Feb 2023 11:31:03: Start permuting 2 rounds ... 
INFO  @ Tue, 14 Feb 2023 11:31:03: Collecting 26156 sgRNAs from 3516 genes. 
INFO  @ Tue, 14 Feb 2023 11:31:04: Permuting round 0 ... 
INFO  @ Tue, 14 Feb 2023 11:31:05: Thread 0 started. 
INFO  @ Tue, 14 Feb 2023 11:31:05: Thread 0: total 3516 instances. 
INFO  @ Tue, 14 Feb 2023 11:31:05: Thread 0: Calculating AATK (1) ...  
INFO  @ Tue, 14 Feb 2023 11:31:25: Thread 0: Calculating NFXL1 (1001) ...  
INFO  @ Tue, 14 Feb 2023 11:31:45: Thread 0: Calculating MLL1 (2001) ...  
INFO  @ Tue, 14 Feb 2023 11:32:04: Thread 0: Calculating RNF146 (3001) ...  
INFO  @ Tue, 14 Feb 2023 11:32:14: Thread 0 completed. 
INFO  @ Tue, 14 Feb 2023 11:32:14: All threads completed. 
INFO  @ Tue, 14 Feb 2023 11:32:16: Permuting round 1 ... 
INFO  @ Tue, 14 Feb 2023 11:32:17: Thread 0 started. 
INFO  @ Tue, 14 Feb 2023 11:32:17: Thread 0: total 3516 instances. 
INFO  @ Tue, 14 Feb 2023 11:32:17: Thread 0: Calculating AATK (1) ...  
INFO  @ Tue, 14 Feb 2023 11:32:38: Thread 0: Calculating NFXL1 (1001) ...  
INFO  @ Tue, 14 Feb 2023 11:32:58: Thread 0: Calculating MLL1 (2001) ...  
INFO  @ Tue, 14 Feb 2023 11:33:18: Thread 0: Calculating RNF146 (3001) ...  
INFO  @ Tue, 14 Feb 2023 11:33:29: Thread 0 completed. 
INFO  @ Tue, 14 Feb 2023 11:33:29: All threads completed. 
INFO  @ Tue, 14 Feb 2023 11:33:31: Assigning p values... 
INFO  @ Tue, 14 Feb 2023 11:33:31: Permuting groups of gene with 14 sgRNAs per gene. Group progress: 14/41 
INFO  @ Tue, 14 Feb 2023 11:33:31: Start permuting 2 rounds ... 
INFO  @ Tue, 14 Feb 2023 11:33:31: Collecting 26156 sgRNAs from 3516 genes. 
INFO  @ Tue, 14 Feb 2023 11:33:32: Permuting round 0 ... 
INFO  @ Tue, 14 Feb 2023 11:33:32: Thread 0 started. 
INFO  @ Tue, 14 Feb 2023 11:33:32: Thread 0: total 3516 instances. 
INFO  @ Tue, 14 Feb 2023 11:33:33: Thread 0: Calculating AATK (1) ...  
INFO  @ Tue, 14 Feb 2023 11:33:54: Thread 0: Calculating NFXL1 (1001) ...  
INFO  @ Tue, 14 Feb 2023 11:34:14: Thread 0: Calculating MLL1 (2001) ...  
INFO  @ Tue, 14 Feb 2023 11:34:34: Thread 0: Calculating RNF146 (3001) ...  
INFO  @ Tue, 14 Feb 2023 11:34:45: Thread 0 completed. 
INFO  @ Tue, 14 Feb 2023 11:34:45: All threads completed. 
INFO  @ Tue, 14 Feb 2023 11:34:47: Permuting round 1 ... 
INFO  @ Tue, 14 Feb 2023 11:34:48: Thread 0 started. 
INFO  @ Tue, 14 Feb 2023 11:34:48: Thread 0: total 3516 instances. 
INFO  @ Tue, 14 Feb 2023 11:34:48: Thread 0: Calculating AATK (1) ...  
INFO  @ Tue, 14 Feb 2023 11:35:09: Thread 0: Calculating NFXL1 (1001) ...  
INFO  @ Tue, 14 Feb 2023 11:35:30: Thread 0: Calculating MLL1 (2001) ...  
INFO  @ Tue, 14 Feb 2023 11:35:50: Thread 0: Calculating RNF146 (3001) ...  
INFO  @ Tue, 14 Feb 2023 11:36:01: Thread 0 completed. 
INFO  @ Tue, 14 Feb 2023 11:36:01: All threads completed. 
INFO  @ Tue, 14 Feb 2023 11:36:03: Assigning p values... 
INFO  @ Tue, 14 Feb 2023 11:36:03: Permuting groups of gene with 15 sgRNAs per gene. Group progress: 15/41 
INFO  @ Tue, 14 Feb 2023 11:36:03: Start permuting 2 rounds ... 
INFO  @ Tue, 14 Feb 2023 11:36:03: Collecting 26156 sgRNAs from 3516 genes. 
INFO  @ Tue, 14 Feb 2023 11:36:04: Permuting round 0 ... 
INFO  @ Tue, 14 Feb 2023 11:36:05: Thread 0 started. 
INFO  @ Tue, 14 Feb 2023 11:36:05: Thread 0: total 3516 instances. 
INFO  @ Tue, 14 Feb 2023 11:36:05: Thread 0: Calculating AATK (1) ...  
INFO  @ Tue, 14 Feb 2023 11:36:26: Thread 0: Calculating NFXL1 (1001) ...  
INFO  @ Tue, 14 Feb 2023 11:36:47: Thread 0: Calculating MLL1 (2001) ...  
INFO  @ Tue, 14 Feb 2023 11:37:07: Thread 0: Calculating RNF146 (3001) ...  
INFO  @ Tue, 14 Feb 2023 11:37:17: Thread 0 completed. 
INFO  @ Tue, 14 Feb 2023 11:37:17: All threads completed. 
INFO  @ Tue, 14 Feb 2023 11:37:20: Permuting round 1 ... 
INFO  @ Tue, 14 Feb 2023 11:37:20: Thread 0 started. 
INFO  @ Tue, 14 Feb 2023 11:37:20: Thread 0: total 3516 instances. 
INFO  @ Tue, 14 Feb 2023 11:37:20: Thread 0: Calculating AATK (1) ...  
INFO  @ Tue, 14 Feb 2023 11:37:41: Thread 0: Calculating NFXL1 (1001) ...  
INFO  @ Tue, 14 Feb 2023 11:38:01: Thread 0: Calculating MLL1 (2001) ...  
INFO  @ Tue, 14 Feb 2023 11:38:22: Thread 0: Calculating RNF146 (3001) ...  
INFO  @ Tue, 14 Feb 2023 11:38:33: Thread 0 completed. 
INFO  @ Tue, 14 Feb 2023 11:38:33: All threads completed. 
INFO  @ Tue, 14 Feb 2023 11:38:35: Assigning p values... 
INFO  @ Tue, 14 Feb 2023 11:38:35: Permuting groups of gene with 16 sgRNAs per gene. Group progress: 16/41 
INFO  @ Tue, 14 Feb 2023 11:38:35: Start permuting 2 rounds ... 
INFO  @ Tue, 14 Feb 2023 11:38:35: Collecting 26156 sgRNAs from 3516 genes. 
INFO  @ Tue, 14 Feb 2023 11:38:36: Permuting round 0 ... 
INFO  @ Tue, 14 Feb 2023 11:38:37: Thread 0 started. 
INFO  @ Tue, 14 Feb 2023 11:38:37: Thread 0: total 3516 instances. 
INFO  @ Tue, 14 Feb 2023 11:38:37: Thread 0: Calculating AATK (1) ...  
INFO  @ Tue, 14 Feb 2023 11:38:57: Thread 0: Calculating NFXL1 (1001) ...  
INFO  @ Tue, 14 Feb 2023 11:39:18: Thread 0: Calculating MLL1 (2001) ...  
INFO  @ Tue, 14 Feb 2023 11:39:39: Thread 0: Calculating RNF146 (3001) ...  
INFO  @ Tue, 14 Feb 2023 11:39:50: Thread 0 completed. 
INFO  @ Tue, 14 Feb 2023 11:39:50: All threads completed. 
INFO  @ Tue, 14 Feb 2023 11:39:52: Permuting round 1 ... 
INFO  @ Tue, 14 Feb 2023 11:39:53: Thread 0 started. 
INFO  @ Tue, 14 Feb 2023 11:39:53: Thread 0: total 3516 instances. 
INFO  @ Tue, 14 Feb 2023 11:39:53: Thread 0: Calculating AATK (1) ...  
INFO  @ Tue, 14 Feb 2023 11:40:14: Thread 0: Calculating NFXL1 (1001) ...  
INFO  @ Tue, 14 Feb 2023 11:40:35: Thread 0: Calculating MLL1 (2001) ...  
INFO  @ Tue, 14 Feb 2023 11:40:56: Thread 0: Calculating RNF146 (3001) ...  
INFO  @ Tue, 14 Feb 2023 11:41:06: Thread 0 completed. 
INFO  @ Tue, 14 Feb 2023 11:41:06: All threads completed. 
INFO  @ Tue, 14 Feb 2023 11:41:09: Assigning p values... 
INFO  @ Tue, 14 Feb 2023 11:41:09: Permuting groups of gene with 17 sgRNAs per gene. Group progress: 17/41 
INFO  @ Tue, 14 Feb 2023 11:41:09: Start permuting 2 rounds ... 
INFO  @ Tue, 14 Feb 2023 11:41:09: Collecting 26156 sgRNAs from 3516 genes. 
INFO  @ Tue, 14 Feb 2023 11:41:10: Permuting round 0 ... 
INFO  @ Tue, 14 Feb 2023 11:41:10: Thread 0 started. 
INFO  @ Tue, 14 Feb 2023 11:41:11: Thread 0: total 3516 instances. 
INFO  @ Tue, 14 Feb 2023 11:41:11: Thread 0: Calculating AATK (1) ...  
INFO  @ Tue, 14 Feb 2023 11:41:31: Thread 0: Calculating NFXL1 (1001) ...  
INFO  @ Tue, 14 Feb 2023 11:41:52: Thread 0: Calculating MLL1 (2001) ...  
INFO  @ Tue, 14 Feb 2023 11:42:13: Thread 0: Calculating RNF146 (3001) ...  
INFO  @ Tue, 14 Feb 2023 11:42:24: Thread 0 completed. 
INFO  @ Tue, 14 Feb 2023 11:42:24: All threads completed. 
INFO  @ Tue, 14 Feb 2023 11:42:26: Permuting round 1 ... 
INFO  @ Tue, 14 Feb 2023 11:42:26: Thread 0 started. 
INFO  @ Tue, 14 Feb 2023 11:42:26: Thread 0: total 3516 instances. 
INFO  @ Tue, 14 Feb 2023 11:42:26: Thread 0: Calculating AATK (1) ...  
INFO  @ Tue, 14 Feb 2023 11:42:48: Thread 0: Calculating NFXL1 (1001) ...  
INFO  @ Tue, 14 Feb 2023 11:43:09: Thread 0: Calculating MLL1 (2001) ...  
INFO  @ Tue, 14 Feb 2023 11:43:30: Thread 0: Calculating RNF146 (3001) ...  
INFO  @ Tue, 14 Feb 2023 11:43:42: Thread 0 completed. 
INFO  @ Tue, 14 Feb 2023 11:43:42: All threads completed. 
INFO  @ Tue, 14 Feb 2023 11:43:44: Assigning p values... 
INFO  @ Tue, 14 Feb 2023 11:43:44: Permuting groups of gene with 18 sgRNAs per gene. Group progress: 18/41 
INFO  @ Tue, 14 Feb 2023 11:43:44: Start permuting 2 rounds ... 
INFO  @ Tue, 14 Feb 2023 11:43:45: Collecting 26156 sgRNAs from 3516 genes. 
INFO  @ Tue, 14 Feb 2023 11:43:45: Permuting round 0 ... 
INFO  @ Tue, 14 Feb 2023 11:43:46: Thread 0 started. 
INFO  @ Tue, 14 Feb 2023 11:43:46: Thread 0: total 3516 instances. 
INFO  @ Tue, 14 Feb 2023 11:43:46: Thread 0: Calculating AATK (1) ...  
INFO  @ Tue, 14 Feb 2023 11:44:08: Thread 0: Calculating NFXL1 (1001) ...  
INFO  @ Tue, 14 Feb 2023 11:44:29: Thread 0: Calculating MLL1 (2001) ...  
INFO  @ Tue, 14 Feb 2023 11:44:50: Thread 0: Calculating RNF146 (3001) ...  
INFO  @ Tue, 14 Feb 2023 11:45:02: Thread 0 completed. 
INFO  @ Tue, 14 Feb 2023 11:45:02: All threads completed. 
INFO  @ Tue, 14 Feb 2023 11:45:04: Permuting round 1 ... 
INFO  @ Tue, 14 Feb 2023 11:45:04: Thread 0 started. 
INFO  @ Tue, 14 Feb 2023 11:45:04: Thread 0: total 3516 instances. 
INFO  @ Tue, 14 Feb 2023 11:45:04: Thread 0: Calculating AATK (1) ...  
INFO  @ Tue, 14 Feb 2023 11:45:26: Thread 0: Calculating NFXL1 (1001) ...  
INFO  @ Tue, 14 Feb 2023 11:45:48: Thread 0: Calculating MLL1 (2001) ...  
INFO  @ Tue, 14 Feb 2023 11:46:09: Thread 0: Calculating RNF146 (3001) ...  
INFO  @ Tue, 14 Feb 2023 11:46:20: Thread 0 completed. 
INFO  @ Tue, 14 Feb 2023 11:46:20: All threads completed. 
INFO  @ Tue, 14 Feb 2023 11:46:23: Assigning p values... 
INFO  @ Tue, 14 Feb 2023 11:46:23: Permuting groups of gene with 19 sgRNAs per gene. Group progress: 19/41 
INFO  @ Tue, 14 Feb 2023 11:46:23: Start permuting 2 rounds ... 
INFO  @ Tue, 14 Feb 2023 11:46:23: Collecting 26156 sgRNAs from 3516 genes. 
INFO  @ Tue, 14 Feb 2023 11:46:24: Permuting round 0 ... 
INFO  @ Tue, 14 Feb 2023 11:46:25: Thread 0 started. 
INFO  @ Tue, 14 Feb 2023 11:46:25: Thread 0: total 3516 instances. 
INFO  @ Tue, 14 Feb 2023 11:46:25: Thread 0: Calculating AATK (1) ...  
INFO  @ Tue, 14 Feb 2023 11:46:47: Thread 0: Calculating NFXL1 (1001) ...  
INFO  @ Tue, 14 Feb 2023 11:47:08: Thread 0: Calculating MLL1 (2001) ...  
INFO  @ Tue, 14 Feb 2023 11:47:29: Thread 0: Calculating RNF146 (3001) ...  
INFO  @ Tue, 14 Feb 2023 11:47:40: Thread 0 completed. 
INFO  @ Tue, 14 Feb 2023 11:47:40: All threads completed. 
INFO  @ Tue, 14 Feb 2023 11:47:43: Permuting round 1 ... 
INFO  @ Tue, 14 Feb 2023 11:47:43: Thread 0 started. 
INFO  @ Tue, 14 Feb 2023 11:47:43: Thread 0: total 3516 instances. 
INFO  @ Tue, 14 Feb 2023 11:47:43: Thread 0: Calculating AATK (1) ...  
INFO  @ Tue, 14 Feb 2023 11:48:05: Thread 0: Calculating NFXL1 (1001) ...  
INFO  @ Tue, 14 Feb 2023 11:48:26: Thread 0: Calculating MLL1 (2001) ...  
INFO  @ Tue, 14 Feb 2023 11:48:49: Thread 0: Calculating RNF146 (3001) ...  
INFO  @ Tue, 14 Feb 2023 11:49:00: Thread 0 completed. 
INFO  @ Tue, 14 Feb 2023 11:49:00: All threads completed. 
INFO  @ Tue, 14 Feb 2023 11:49:02: Assigning p values... 
INFO  @ Tue, 14 Feb 2023 11:49:02: Permuting groups of gene with 20 sgRNAs per gene. Group progress: 20/41 
INFO  @ Tue, 14 Feb 2023 11:49:02: Start permuting 2 rounds ... 
INFO  @ Tue, 14 Feb 2023 11:49:02: Collecting 26156 sgRNAs from 3516 genes. 
INFO  @ Tue, 14 Feb 2023 11:49:03: Permuting round 0 ... 
INFO  @ Tue, 14 Feb 2023 11:49:04: Thread 0 started. 
INFO  @ Tue, 14 Feb 2023 11:49:04: Thread 0: total 3516 instances. 
INFO  @ Tue, 14 Feb 2023 11:49:04: Thread 0: Calculating AATK (1) ...  
INFO  @ Tue, 14 Feb 2023 11:49:26: Thread 0: Calculating NFXL1 (1001) ...  
INFO  @ Tue, 14 Feb 2023 11:49:48: Thread 0: Calculating MLL1 (2001) ...  
INFO  @ Tue, 14 Feb 2023 11:50:09: Thread 0: Calculating RNF146 (3001) ...  
INFO  @ Tue, 14 Feb 2023 11:50:21: Thread 0 completed. 
INFO  @ Tue, 14 Feb 2023 11:50:21: All threads completed. 
INFO  @ Tue, 14 Feb 2023 11:50:24: Permuting round 1 ... 
INFO  @ Tue, 14 Feb 2023 11:50:24: Thread 0 started. 
INFO  @ Tue, 14 Feb 2023 11:50:24: Thread 0: total 3516 instances. 
INFO  @ Tue, 14 Feb 2023 11:50:24: Thread 0: Calculating AATK (1) ...  
INFO  @ Tue, 14 Feb 2023 11:50:47: Thread 0: Calculating NFXL1 (1001) ...  
INFO  @ Tue, 14 Feb 2023 11:51:09: Thread 0: Calculating MLL1 (2001) ...  
INFO  @ Tue, 14 Feb 2023 11:51:30: Thread 0: Calculating RNF146 (3001) ...  
INFO  @ Tue, 14 Feb 2023 11:51:42: Thread 0 completed. 
INFO  @ Tue, 14 Feb 2023 11:51:42: All threads completed. 
INFO  @ Tue, 14 Feb 2023 11:51:45: Assigning p values... 
INFO  @ Tue, 14 Feb 2023 11:51:45: Permuting groups of gene with 21 sgRNAs per gene. Group progress: 21/41 
INFO  @ Tue, 14 Feb 2023 11:51:45: Start permuting 2 rounds ... 
INFO  @ Tue, 14 Feb 2023 11:51:45: Collecting 26156 sgRNAs from 3516 genes. 
INFO  @ Tue, 14 Feb 2023 11:51:46: Permuting round 0 ... 
INFO  @ Tue, 14 Feb 2023 11:51:47: Thread 0 started. 
INFO  @ Tue, 14 Feb 2023 11:51:47: Thread 0: total 3516 instances. 
INFO  @ Tue, 14 Feb 2023 11:51:47: Thread 0: Calculating AATK (1) ...  
INFO  @ Tue, 14 Feb 2023 11:52:09: Thread 0: Calculating NFXL1 (1001) ...  
INFO  @ Tue, 14 Feb 2023 11:52:31: Thread 0: Calculating MLL1 (2001) ...  
INFO  @ Tue, 14 Feb 2023 11:52:53: Thread 0: Calculating RNF146 (3001) ...  
INFO  @ Tue, 14 Feb 2023 11:53:05: Thread 0 completed. 
INFO  @ Tue, 14 Feb 2023 11:53:05: All threads completed. 
INFO  @ Tue, 14 Feb 2023 11:53:07: Permuting round 1 ... 
INFO  @ Tue, 14 Feb 2023 11:53:08: Thread 0 started. 
INFO  @ Tue, 14 Feb 2023 11:53:08: Thread 0: total 3516 instances. 
INFO  @ Tue, 14 Feb 2023 11:53:08: Thread 0: Calculating AATK (1) ...  
INFO  @ Tue, 14 Feb 2023 11:53:31: Thread 0: Calculating NFXL1 (1001) ...  
INFO  @ Tue, 14 Feb 2023 11:53:54: Thread 0: Calculating MLL1 (2001) ...  
INFO  @ Tue, 14 Feb 2023 11:54:16: Thread 0: Calculating RNF146 (3001) ...  
INFO  @ Tue, 14 Feb 2023 11:54:28: Thread 0 completed. 
INFO  @ Tue, 14 Feb 2023 11:54:28: All threads completed. 
INFO  @ Tue, 14 Feb 2023 11:54:31: Assigning p values... 
INFO  @ Tue, 14 Feb 2023 11:54:31: Permuting groups of gene with 22 sgRNAs per gene. Group progress: 22/41 
INFO  @ Tue, 14 Feb 2023 11:54:31: Start permuting 2 rounds ... 
INFO  @ Tue, 14 Feb 2023 11:54:31: Collecting 26156 sgRNAs from 3516 genes. 
INFO  @ Tue, 14 Feb 2023 11:54:32: Permuting round 0 ... 
INFO  @ Tue, 14 Feb 2023 11:54:33: Thread 0 started. 
INFO  @ Tue, 14 Feb 2023 11:54:33: Thread 0: total 3516 instances. 
INFO  @ Tue, 14 Feb 2023 11:54:33: Thread 0: Calculating AATK (1) ...  
INFO  @ Tue, 14 Feb 2023 11:54:56: Thread 0: Calculating NFXL1 (1001) ...  
INFO  @ Tue, 14 Feb 2023 11:55:18: Thread 0: Calculating MLL1 (2001) ...  
INFO  @ Tue, 14 Feb 2023 11:55:41: Thread 0: Calculating RNF146 (3001) ...  
INFO  @ Tue, 14 Feb 2023 11:55:52: Thread 0 completed. 
INFO  @ Tue, 14 Feb 2023 11:55:52: All threads completed. 
INFO  @ Tue, 14 Feb 2023 11:55:55: Permuting round 1 ... 
INFO  @ Tue, 14 Feb 2023 11:55:55: Thread 0 started. 
INFO  @ Tue, 14 Feb 2023 11:55:55: Thread 0: total 3516 instances. 
INFO  @ Tue, 14 Feb 2023 11:55:55: Thread 0: Calculating AATK (1) ...  
INFO  @ Tue, 14 Feb 2023 11:56:19: Thread 0: Calculating NFXL1 (1001) ...  
INFO  @ Tue, 14 Feb 2023 11:56:42: Thread 0: Calculating MLL1 (2001) ...  
INFO  @ Tue, 14 Feb 2023 11:57:04: Thread 0: Calculating RNF146 (3001) ...  
INFO  @ Tue, 14 Feb 2023 11:57:16: Thread 0 completed. 
INFO  @ Tue, 14 Feb 2023 11:57:16: All threads completed. 
INFO  @ Tue, 14 Feb 2023 11:57:18: Assigning p values... 
INFO  @ Tue, 14 Feb 2023 11:57:18: Permuting groups of gene with 23 sgRNAs per gene. Group progress: 23/41 
INFO  @ Tue, 14 Feb 2023 11:57:18: Start permuting 2 rounds ... 
INFO  @ Tue, 14 Feb 2023 11:57:19: Collecting 26156 sgRNAs from 3516 genes. 
INFO  @ Tue, 14 Feb 2023 11:57:19: Permuting round 0 ... 
INFO  @ Tue, 14 Feb 2023 11:57:20: Thread 0 started. 
INFO  @ Tue, 14 Feb 2023 11:57:20: Thread 0: total 3516 instances. 
INFO  @ Tue, 14 Feb 2023 11:57:20: Thread 0: Calculating AATK (1) ...  
INFO  @ Tue, 14 Feb 2023 11:57:43: Thread 0: Calculating NFXL1 (1001) ...  
INFO  @ Tue, 14 Feb 2023 11:58:05: Thread 0: Calculating MLL1 (2001) ...  
INFO  @ Tue, 14 Feb 2023 11:58:27: Thread 0: Calculating RNF146 (3001) ...  
INFO  @ Tue, 14 Feb 2023 11:58:38: Thread 0 completed. 
INFO  @ Tue, 14 Feb 2023 11:58:38: All threads completed. 
INFO  @ Tue, 14 Feb 2023 11:58:40: Permuting round 1 ... 
INFO  @ Tue, 14 Feb 2023 11:58:40: Thread 0 started. 
INFO  @ Tue, 14 Feb 2023 11:58:40: Thread 0: total 3516 instances. 
INFO  @ Tue, 14 Feb 2023 11:58:40: Thread 0: Calculating AATK (1) ...  
INFO  @ Tue, 14 Feb 2023 11:59:03: Thread 0: Calculating NFXL1 (1001) ...  
INFO  @ Tue, 14 Feb 2023 11:59:26: Thread 0: Calculating MLL1 (2001) ...  
INFO  @ Tue, 14 Feb 2023 11:59:49: Thread 0: Calculating RNF146 (3001) ...  
INFO  @ Tue, 14 Feb 2023 12:00:01: Thread 0 completed. 
INFO  @ Tue, 14 Feb 2023 12:00:01: All threads completed. 
INFO  @ Tue, 14 Feb 2023 12:00:03: Assigning p values... 
INFO  @ Tue, 14 Feb 2023 12:00:03: Permuting groups of gene with 24 sgRNAs per gene. Group progress: 24/41 
INFO  @ Tue, 14 Feb 2023 12:00:03: Start permuting 2 rounds ... 
INFO  @ Tue, 14 Feb 2023 12:00:03: Collecting 26156 sgRNAs from 3516 genes. 
INFO  @ Tue, 14 Feb 2023 12:00:04: Permuting round 0 ... 
INFO  @ Tue, 14 Feb 2023 12:00:05: Thread 0 started. 
INFO  @ Tue, 14 Feb 2023 12:00:05: Thread 0: total 3516 instances. 
INFO  @ Tue, 14 Feb 2023 12:00:05: Thread 0: Calculating AATK (1) ...  
INFO  @ Tue, 14 Feb 2023 12:00:27: Thread 0: Calculating NFXL1 (1001) ...  
INFO  @ Tue, 14 Feb 2023 12:00:50: Thread 0: Calculating MLL1 (2001) ...  
INFO  @ Tue, 14 Feb 2023 12:01:13: Thread 0: Calculating RNF146 (3001) ...  
INFO  @ Tue, 14 Feb 2023 12:01:24: Thread 0 completed. 
INFO  @ Tue, 14 Feb 2023 12:01:24: All threads completed. 
INFO  @ Tue, 14 Feb 2023 12:01:27: Permuting round 1 ... 
INFO  @ Tue, 14 Feb 2023 12:01:27: Thread 0 started. 
INFO  @ Tue, 14 Feb 2023 12:01:27: Thread 0: total 3516 instances. 
INFO  @ Tue, 14 Feb 2023 12:01:27: Thread 0: Calculating AATK (1) ...  
INFO  @ Tue, 14 Feb 2023 12:01:50: Thread 0: Calculating NFXL1 (1001) ...  
INFO  @ Tue, 14 Feb 2023 12:02:13: Thread 0: Calculating MLL1 (2001) ...  
INFO  @ Tue, 14 Feb 2023 12:02:37: Thread 0: Calculating RNF146 (3001) ...  
INFO  @ Tue, 14 Feb 2023 12:02:49: Thread 0 completed. 
INFO  @ Tue, 14 Feb 2023 12:02:49: All threads completed. 
INFO  @ Tue, 14 Feb 2023 12:02:52: Assigning p values... 
INFO  @ Tue, 14 Feb 2023 12:02:52: Permuting groups of gene with 25 sgRNAs per gene. Group progress: 25/41 
INFO  @ Tue, 14 Feb 2023 12:02:52: Start permuting 2 rounds ... 
INFO  @ Tue, 14 Feb 2023 12:02:52: Collecting 26156 sgRNAs from 3516 genes. 
INFO  @ Tue, 14 Feb 2023 12:02:53: Permuting round 0 ... 
INFO  @ Tue, 14 Feb 2023 12:02:53: Thread 0 started. 
INFO  @ Tue, 14 Feb 2023 12:02:53: Thread 0: total 3516 instances. 
INFO  @ Tue, 14 Feb 2023 12:02:53: Thread 0: Calculating AATK (1) ...  
INFO  @ Tue, 14 Feb 2023 12:03:17: Thread 0: Calculating NFXL1 (1001) ...  
INFO  @ Tue, 14 Feb 2023 12:03:40: Thread 0: Calculating MLL1 (2001) ...  
INFO  @ Tue, 14 Feb 2023 12:04:04: Thread 0: Calculating RNF146 (3001) ...  
INFO  @ Tue, 14 Feb 2023 12:04:15: Thread 0 completed. 
INFO  @ Tue, 14 Feb 2023 12:04:15: All threads completed. 
INFO  @ Tue, 14 Feb 2023 12:04:18: Permuting round 1 ... 
INFO  @ Tue, 14 Feb 2023 12:04:18: Thread 0 started. 
INFO  @ Tue, 14 Feb 2023 12:04:18: Thread 0: total 3516 instances. 
INFO  @ Tue, 14 Feb 2023 12:04:18: Thread 0: Calculating AATK (1) ...  
INFO  @ Tue, 14 Feb 2023 12:04:42: Thread 0: Calculating NFXL1 (1001) ...  
INFO  @ Tue, 14 Feb 2023 12:05:06: Thread 0: Calculating MLL1 (2001) ...  
INFO  @ Tue, 14 Feb 2023 12:05:29: Thread 0: Calculating RNF146 (3001) ...  
INFO  @ Tue, 14 Feb 2023 12:05:42: Thread 0 completed. 
INFO  @ Tue, 14 Feb 2023 12:05:42: All threads completed. 
INFO  @ Tue, 14 Feb 2023 12:05:44: Assigning p values... 
INFO  @ Tue, 14 Feb 2023 12:05:44: Permuting groups of gene with 27 sgRNAs per gene. Group progress: 26/41 
INFO  @ Tue, 14 Feb 2023 12:05:44: Start permuting 2 rounds ... 
INFO  @ Tue, 14 Feb 2023 12:05:44: Collecting 26156 sgRNAs from 3516 genes. 
INFO  @ Tue, 14 Feb 2023 12:05:45: Permuting round 0 ... 
INFO  @ Tue, 14 Feb 2023 12:05:46: Thread 0 started. 
INFO  @ Tue, 14 Feb 2023 12:05:46: Thread 0: total 3516 instances. 
INFO  @ Tue, 14 Feb 2023 12:05:46: Thread 0: Calculating AATK (1) ...  
INFO  @ Tue, 14 Feb 2023 12:06:10: Thread 0: Calculating NFXL1 (1001) ...  
INFO  @ Tue, 14 Feb 2023 12:06:35: Thread 0: Calculating MLL1 (2001) ...  
INFO  @ Tue, 14 Feb 2023 12:06:58: Thread 0: Calculating RNF146 (3001) ...  
INFO  @ Tue, 14 Feb 2023 12:07:11: Thread 0 completed. 
INFO  @ Tue, 14 Feb 2023 12:07:11: All threads completed. 
INFO  @ Tue, 14 Feb 2023 12:07:14: Permuting round 1 ... 
INFO  @ Tue, 14 Feb 2023 12:07:14: Thread 0 started. 
INFO  @ Tue, 14 Feb 2023 12:07:14: Thread 0: total 3516 instances. 
INFO  @ Tue, 14 Feb 2023 12:07:14: Thread 0: Calculating AATK (1) ...  
INFO  @ Tue, 14 Feb 2023 12:07:39: Thread 0: Calculating NFXL1 (1001) ...  
INFO  @ Tue, 14 Feb 2023 12:08:04: Thread 0: Calculating MLL1 (2001) ...  
INFO  @ Tue, 14 Feb 2023 12:08:28: Thread 0: Calculating RNF146 (3001) ...  
INFO  @ Tue, 14 Feb 2023 12:08:41: Thread 0 completed. 
INFO  @ Tue, 14 Feb 2023 12:08:41: All threads completed. 
INFO  @ Tue, 14 Feb 2023 12:08:43: Assigning p values... 
INFO  @ Tue, 14 Feb 2023 12:08:43: Permuting groups of gene with 28 sgRNAs per gene. Group progress: 27/41 
INFO  @ Tue, 14 Feb 2023 12:08:43: Start permuting 2 rounds ... 
INFO  @ Tue, 14 Feb 2023 12:08:44: Collecting 26156 sgRNAs from 3516 genes. 
INFO  @ Tue, 14 Feb 2023 12:08:45: Permuting round 0 ... 
INFO  @ Tue, 14 Feb 2023 12:08:45: Thread 0 started. 
INFO  @ Tue, 14 Feb 2023 12:08:45: Thread 0: total 3516 instances. 
INFO  @ Tue, 14 Feb 2023 12:08:45: Thread 0: Calculating AATK (1) ...  
INFO  @ Tue, 14 Feb 2023 12:09:10: Thread 0: Calculating NFXL1 (1001) ...  
INFO  @ Tue, 14 Feb 2023 12:09:35: Thread 0: Calculating MLL1 (2001) ...  
INFO  @ Tue, 14 Feb 2023 12:10:00: Thread 0: Calculating RNF146 (3001) ...  
INFO  @ Tue, 14 Feb 2023 12:10:13: Thread 0 completed. 
INFO  @ Tue, 14 Feb 2023 12:10:13: All threads completed. 
INFO  @ Tue, 14 Feb 2023 12:10:16: Permuting round 1 ... 
INFO  @ Tue, 14 Feb 2023 12:10:16: Thread 0 started. 
INFO  @ Tue, 14 Feb 2023 12:10:16: Thread 0: total 3516 instances. 
INFO  @ Tue, 14 Feb 2023 12:10:16: Thread 0: Calculating AATK (1) ...  
INFO  @ Tue, 14 Feb 2023 12:10:42: Thread 0: Calculating NFXL1 (1001) ...  
INFO  @ Tue, 14 Feb 2023 12:11:07: Thread 0: Calculating MLL1 (2001) ...  
INFO  @ Tue, 14 Feb 2023 12:11:32: Thread 0: Calculating RNF146 (3001) ...  
INFO  @ Tue, 14 Feb 2023 12:11:45: Thread 0 completed. 
INFO  @ Tue, 14 Feb 2023 12:11:45: All threads completed. 
INFO  @ Tue, 14 Feb 2023 12:11:49: Assigning p values... 
INFO  @ Tue, 14 Feb 2023 12:11:49: Permuting groups of gene with 29 sgRNAs per gene. Group progress: 28/41 
INFO  @ Tue, 14 Feb 2023 12:11:49: Start permuting 2 rounds ... 
INFO  @ Tue, 14 Feb 2023 12:11:49: Collecting 26156 sgRNAs from 3516 genes. 
INFO  @ Tue, 14 Feb 2023 12:11:50: Permuting round 0 ... 
INFO  @ Tue, 14 Feb 2023 12:11:50: Thread 0 started. 
INFO  @ Tue, 14 Feb 2023 12:11:50: Thread 0: total 3516 instances. 
INFO  @ Tue, 14 Feb 2023 12:11:50: Thread 0: Calculating AATK (1) ...  
INFO  @ Tue, 14 Feb 2023 12:12:17: Thread 0: Calculating NFXL1 (1001) ...  
INFO  @ Tue, 14 Feb 2023 12:12:43: Thread 0: Calculating MLL1 (2001) ...  
INFO  @ Tue, 14 Feb 2023 12:13:08: Thread 0: Calculating RNF146 (3001) ...  
INFO  @ Tue, 14 Feb 2023 12:13:22: Thread 0 completed. 
INFO  @ Tue, 14 Feb 2023 12:13:22: All threads completed. 
INFO  @ Tue, 14 Feb 2023 12:13:24: Permuting round 1 ... 
INFO  @ Tue, 14 Feb 2023 12:13:25: Thread 0 started. 
INFO  @ Tue, 14 Feb 2023 12:13:25: Thread 0: total 3516 instances. 
INFO  @ Tue, 14 Feb 2023 12:13:25: Thread 0: Calculating AATK (1) ...  
INFO  @ Tue, 14 Feb 2023 12:13:51: Thread 0: Calculating NFXL1 (1001) ...  
INFO  @ Tue, 14 Feb 2023 12:14:18: Thread 0: Calculating MLL1 (2001) ...  
INFO  @ Tue, 14 Feb 2023 12:14:44: Thread 0: Calculating RNF146 (3001) ...  
INFO  @ Tue, 14 Feb 2023 12:14:57: Thread 0 completed. 
INFO  @ Tue, 14 Feb 2023 12:14:57: All threads completed. 
INFO  @ Tue, 14 Feb 2023 12:15:00: Assigning p values... 
INFO  @ Tue, 14 Feb 2023 12:15:00: Permuting groups of gene with 30 sgRNAs per gene. Group progress: 29/41 
INFO  @ Tue, 14 Feb 2023 12:15:00: Start permuting 2 rounds ... 
INFO  @ Tue, 14 Feb 2023 12:15:00: Collecting 26156 sgRNAs from 3516 genes. 
INFO  @ Tue, 14 Feb 2023 12:15:01: Permuting round 0 ... 
INFO  @ Tue, 14 Feb 2023 12:15:01: Thread 0 started. 
INFO  @ Tue, 14 Feb 2023 12:15:01: Thread 0: total 3516 instances. 
INFO  @ Tue, 14 Feb 2023 12:15:01: Thread 0: Calculating AATK (1) ...  
INFO  @ Tue, 14 Feb 2023 12:15:28: Thread 0: Calculating NFXL1 (1001) ...  
INFO  @ Tue, 14 Feb 2023 12:15:55: Thread 0: Calculating MLL1 (2001) ...  
INFO  @ Tue, 14 Feb 2023 12:16:21: Thread 0: Calculating RNF146 (3001) ...  
INFO  @ Tue, 14 Feb 2023 12:16:34: Thread 0 completed. 
INFO  @ Tue, 14 Feb 2023 12:16:34: All threads completed. 
INFO  @ Tue, 14 Feb 2023 12:16:37: Permuting round 1 ... 
INFO  @ Tue, 14 Feb 2023 12:16:38: Thread 0 started. 
INFO  @ Tue, 14 Feb 2023 12:16:38: Thread 0: total 3516 instances. 
INFO  @ Tue, 14 Feb 2023 12:16:38: Thread 0: Calculating AATK (1) ...  
INFO  @ Tue, 14 Feb 2023 12:17:05: Thread 0: Calculating NFXL1 (1001) ...  
INFO  @ Tue, 14 Feb 2023 12:17:32: Thread 0: Calculating MLL1 (2001) ...  
INFO  @ Tue, 14 Feb 2023 12:17:59: Thread 0: Calculating RNF146 (3001) ...  
INFO  @ Tue, 14 Feb 2023 12:18:13: Thread 0 completed. 
INFO  @ Tue, 14 Feb 2023 12:18:13: All threads completed. 
INFO  @ Tue, 14 Feb 2023 12:18:15: Assigning p values... 
INFO  @ Tue, 14 Feb 2023 12:18:15: Permuting groups of gene with 31 sgRNAs per gene. Group progress: 30/41 
INFO  @ Tue, 14 Feb 2023 12:18:15: Start permuting 2 rounds ... 
INFO  @ Tue, 14 Feb 2023 12:18:16: Collecting 26156 sgRNAs from 3516 genes. 
INFO  @ Tue, 14 Feb 2023 12:18:17: Permuting round 0 ... 
INFO  @ Tue, 14 Feb 2023 12:18:17: Thread 0 started. 
INFO  @ Tue, 14 Feb 2023 12:18:17: Thread 0: total 3516 instances. 
INFO  @ Tue, 14 Feb 2023 12:18:17: Thread 0: Calculating AATK (1) ...  
INFO  @ Tue, 14 Feb 2023 12:18:44: Thread 0: Calculating NFXL1 (1001) ...  
INFO  @ Tue, 14 Feb 2023 12:19:10: Thread 0: Calculating MLL1 (2001) ...  
INFO  @ Tue, 14 Feb 2023 12:19:37: Thread 0: Calculating RNF146 (3001) ...  
INFO  @ Tue, 14 Feb 2023 12:19:50: Thread 0 completed. 
INFO  @ Tue, 14 Feb 2023 12:19:50: All threads completed. 
INFO  @ Tue, 14 Feb 2023 12:19:52: Permuting round 1 ... 
INFO  @ Tue, 14 Feb 2023 12:19:53: Thread 0 started. 
INFO  @ Tue, 14 Feb 2023 12:19:53: Thread 0: total 3516 instances. 
INFO  @ Tue, 14 Feb 2023 12:19:53: Thread 0: Calculating AATK (1) ...  
INFO  @ Tue, 14 Feb 2023 12:20:20: Thread 0: Calculating NFXL1 (1001) ...  
INFO  @ Tue, 14 Feb 2023 12:20:47: Thread 0: Calculating MLL1 (2001) ...  
INFO  @ Tue, 14 Feb 2023 12:21:13: Thread 0: Calculating RNF146 (3001) ...  
INFO  @ Tue, 14 Feb 2023 12:21:26: Thread 0 completed. 
INFO  @ Tue, 14 Feb 2023 12:21:26: All threads completed. 
INFO  @ Tue, 14 Feb 2023 12:21:29: Assigning p values... 
INFO  @ Tue, 14 Feb 2023 12:21:29: Permuting groups of gene with 32 sgRNAs per gene. Group progress: 31/41 
INFO  @ Tue, 14 Feb 2023 12:21:29: Start permuting 2 rounds ... 
INFO  @ Tue, 14 Feb 2023 12:21:29: Collecting 26156 sgRNAs from 3516 genes. 
INFO  @ Tue, 14 Feb 2023 12:21:30: Permuting round 0 ... 
INFO  @ Tue, 14 Feb 2023 12:21:31: Thread 0 started. 
INFO  @ Tue, 14 Feb 2023 12:21:31: Thread 0: total 3516 instances. 
INFO  @ Tue, 14 Feb 2023 12:21:31: Thread 0: Calculating AATK (1) ...  
INFO  @ Tue, 14 Feb 2023 12:21:58: Thread 0: Calculating NFXL1 (1001) ...  
INFO  @ Tue, 14 Feb 2023 12:22:25: Thread 0: Calculating MLL1 (2001) ...  
INFO  @ Tue, 14 Feb 2023 12:22:52: Thread 0: Calculating RNF146 (3001) ...  
INFO  @ Tue, 14 Feb 2023 12:23:06: Thread 0 completed. 
INFO  @ Tue, 14 Feb 2023 12:23:06: All threads completed. 
INFO  @ Tue, 14 Feb 2023 12:23:08: Permuting round 1 ... 
INFO  @ Tue, 14 Feb 2023 12:23:09: Thread 0 started. 
INFO  @ Tue, 14 Feb 2023 12:23:09: Thread 0: total 3516 instances. 
INFO  @ Tue, 14 Feb 2023 12:23:09: Thread 0: Calculating AATK (1) ...  
INFO  @ Tue, 14 Feb 2023 12:23:36: Thread 0: Calculating NFXL1 (1001) ...  
INFO  @ Tue, 14 Feb 2023 12:24:03: Thread 0: Calculating MLL1 (2001) ...  
INFO  @ Tue, 14 Feb 2023 12:24:31: Thread 0: Calculating RNF146 (3001) ...  
INFO  @ Tue, 14 Feb 2023 12:24:45: Thread 0 completed. 
INFO  @ Tue, 14 Feb 2023 12:24:45: All threads completed. 
INFO  @ Tue, 14 Feb 2023 12:24:47: Assigning p values... 
INFO  @ Tue, 14 Feb 2023 12:24:47: Permuting groups of gene with 33 sgRNAs per gene. Group progress: 32/41 
INFO  @ Tue, 14 Feb 2023 12:24:47: Start permuting 2 rounds ... 
INFO  @ Tue, 14 Feb 2023 12:24:48: Collecting 26156 sgRNAs from 3516 genes. 
INFO  @ Tue, 14 Feb 2023 12:24:49: Permuting round 0 ... 
INFO  @ Tue, 14 Feb 2023 12:24:49: Thread 0 started. 
INFO  @ Tue, 14 Feb 2023 12:24:49: Thread 0: total 3516 instances. 
INFO  @ Tue, 14 Feb 2023 12:24:49: Thread 0: Calculating AATK (1) ...  
INFO  @ Tue, 14 Feb 2023 12:25:17: Thread 0: Calculating NFXL1 (1001) ...  
INFO  @ Tue, 14 Feb 2023 12:25:45: Thread 0: Calculating MLL1 (2001) ...  
INFO  @ Tue, 14 Feb 2023 12:26:13: Thread 0: Calculating RNF146 (3001) ...  
INFO  @ Tue, 14 Feb 2023 12:26:28: Thread 0 completed. 
INFO  @ Tue, 14 Feb 2023 12:26:28: All threads completed. 
INFO  @ Tue, 14 Feb 2023 12:26:30: Permuting round 1 ... 
INFO  @ Tue, 14 Feb 2023 12:26:31: Thread 0 started. 
INFO  @ Tue, 14 Feb 2023 12:26:31: Thread 0: total 3516 instances. 
INFO  @ Tue, 14 Feb 2023 12:26:31: Thread 0: Calculating AATK (1) ...  
INFO  @ Tue, 14 Feb 2023 12:26:59: Thread 0: Calculating NFXL1 (1001) ...  
INFO  @ Tue, 14 Feb 2023 12:27:28: Thread 0: Calculating MLL1 (2001) ...  
INFO  @ Tue, 14 Feb 2023 12:27:57: Thread 0: Calculating RNF146 (3001) ...  
INFO  @ Tue, 14 Feb 2023 12:28:11: Thread 0 completed. 
INFO  @ Tue, 14 Feb 2023 12:28:11: All threads completed. 
INFO  @ Tue, 14 Feb 2023 12:28:14: Assigning p values... 
INFO  @ Tue, 14 Feb 2023 12:28:14: Permuting groups of gene with 34 sgRNAs per gene. Group progress: 33/41 
INFO  @ Tue, 14 Feb 2023 12:28:14: Start permuting 2 rounds ... 
INFO  @ Tue, 14 Feb 2023 12:28:14: Collecting 26156 sgRNAs from 3516 genes. 
INFO  @ Tue, 14 Feb 2023 12:28:15: Permuting round 0 ... 
INFO  @ Tue, 14 Feb 2023 12:28:16: Thread 0 started. 
INFO  @ Tue, 14 Feb 2023 12:28:16: Thread 0: total 3516 instances. 
INFO  @ Tue, 14 Feb 2023 12:28:16: Thread 0: Calculating AATK (1) ...  
INFO  @ Tue, 14 Feb 2023 12:28:45: Thread 0: Calculating NFXL1 (1001) ...  
INFO  @ Tue, 14 Feb 2023 12:29:14: Thread 0: Calculating MLL1 (2001) ...  
INFO  @ Tue, 14 Feb 2023 12:29:43: Thread 0: Calculating RNF146 (3001) ...  
INFO  @ Tue, 14 Feb 2023 12:29:58: Thread 0 completed. 
INFO  @ Tue, 14 Feb 2023 12:29:58: All threads completed. 
INFO  @ Tue, 14 Feb 2023 12:30:01: Permuting round 1 ... 
INFO  @ Tue, 14 Feb 2023 12:30:01: Thread 0 started. 
INFO  @ Tue, 14 Feb 2023 12:30:02: Thread 0: total 3516 instances. 
INFO  @ Tue, 14 Feb 2023 12:30:02: Thread 0: Calculating AATK (1) ...  
INFO  @ Tue, 14 Feb 2023 12:30:31: Thread 0: Calculating NFXL1 (1001) ...  
INFO  @ Tue, 14 Feb 2023 12:31:01: Thread 0: Calculating MLL1 (2001) ...  
INFO  @ Tue, 14 Feb 2023 12:31:31: Thread 0: Calculating RNF146 (3001) ...  
INFO  @ Tue, 14 Feb 2023 12:31:46: Thread 0 completed. 
INFO  @ Tue, 14 Feb 2023 12:31:46: All threads completed. 
INFO  @ Tue, 14 Feb 2023 12:31:48: Assigning p values... 
INFO  @ Tue, 14 Feb 2023 12:31:49: Permuting groups of gene with 37 sgRNAs per gene. Group progress: 34/41 
INFO  @ Tue, 14 Feb 2023 12:31:49: Start permuting 2 rounds ... 
INFO  @ Tue, 14 Feb 2023 12:31:49: Collecting 26156 sgRNAs from 3516 genes. 
INFO  @ Tue, 14 Feb 2023 12:31:50: Permuting round 0 ... 
INFO  @ Tue, 14 Feb 2023 12:31:50: Thread 0 started. 
INFO  @ Tue, 14 Feb 2023 12:31:50: Thread 0: total 3516 instances. 
INFO  @ Tue, 14 Feb 2023 12:31:50: Thread 0: Calculating AATK (1) ...  
INFO  @ Tue, 14 Feb 2023 12:32:22: Thread 0: Calculating NFXL1 (1001) ...  
INFO  @ Tue, 14 Feb 2023 12:32:53: Thread 0: Calculating MLL1 (2001) ...  
INFO  @ Tue, 14 Feb 2023 12:33:25: Thread 0: Calculating RNF146 (3001) ...  
INFO  @ Tue, 14 Feb 2023 12:33:41: Thread 0 completed. 
INFO  @ Tue, 14 Feb 2023 12:33:41: All threads completed. 
INFO  @ Tue, 14 Feb 2023 12:33:44: Permuting round 1 ... 
INFO  @ Tue, 14 Feb 2023 12:33:45: Thread 0 started. 
INFO  @ Tue, 14 Feb 2023 12:33:45: Thread 0: total 3516 instances. 
INFO  @ Tue, 14 Feb 2023 12:33:45: Thread 0: Calculating AATK (1) ...  
INFO  @ Tue, 14 Feb 2023 12:34:16: Thread 0: Calculating NFXL1 (1001) ...  
INFO  @ Tue, 14 Feb 2023 12:34:49: Thread 0: Calculating MLL1 (2001) ...  
INFO  @ Tue, 14 Feb 2023 12:35:21: Thread 0: Calculating RNF146 (3001) ...  
INFO  @ Tue, 14 Feb 2023 12:35:37: Thread 0 completed. 
INFO  @ Tue, 14 Feb 2023 12:35:37: All threads completed. 
INFO  @ Tue, 14 Feb 2023 12:35:40: Assigning p values... 
INFO  @ Tue, 14 Feb 2023 12:35:40: Groups of gene with 42 sgRNAs per gene: assigning p values based on previous group results. Group progress: 35/41 
INFO  @ Tue, 14 Feb 2023 12:35:40: Groups of gene with 46 sgRNAs per gene: assigning p values based on previous group results. Group progress: 36/41 
INFO  @ Tue, 14 Feb 2023 12:35:40: Groups of gene with 47 sgRNAs per gene: assigning p values based on previous group results. Group progress: 37/41 
INFO  @ Tue, 14 Feb 2023 12:35:40: Groups of gene with 48 sgRNAs per gene: assigning p values based on previous group results. Group progress: 38/41 
INFO  @ Tue, 14 Feb 2023 12:35:40: Groups of gene with 49 sgRNAs per gene: assigning p values based on previous group results. Group progress: 39/41 
INFO  @ Tue, 14 Feb 2023 12:35:40: Groups of gene with 56 sgRNAs per gene: assigning p values based on previous group results. Group progress: 40/41 
INFO  @ Tue, 14 Feb 2023 12:35:40: Groups of gene with 67 sgRNAs per gene: assigning p values based on previous group results. Group progress: 41/41 
INFO  @ Tue, 14 Feb 2023 12:35:40: Writing gene results to mle_Ts5.15.gene_summary.txt 
INFO  @ Tue, 14 Feb 2023 12:35:40: Writing sgRNA results to mle_Ts5.15.sgrna_summary.txt 
