INFO  @ Fri, 22 Sep 2023 09:26:33: Parameters: /home/ryan/miniconda3/envs/mageck/bin/mageck mle -k count-Snu-1_clone_23.csv -d matrixSnu1C23.txt -n mle_count-Snu1C23 
INFO  @ Fri, 22 Sep 2023 09:26:34: Cannot parse design matrix as a string; try to parse it as a file name ... 
INFO  @ Fri, 22 Sep 2023 09:26:34: Design matrix: 
INFO  @ Fri, 22 Sep 2023 09:26:34: [[1. 0.] 
INFO  @ Fri, 22 Sep 2023 09:26:34:  [1. 1.]] 
INFO  @ Fri, 22 Sep 2023 09:26:34: Beta labels:baseline,c23 
INFO  @ Fri, 22 Sep 2023 09:26:34: Included samples:Snu-1_clone_23_D=0,Snu-1_clone_23_D=10 
INFO  @ Fri, 22 Sep 2023 09:26:34: Treating count-Snu-1_clone_23.csv as csv file ... 
INFO  @ Fri, 22 Sep 2023 09:26:34: Loaded samples:Snu-1_clone_23_D=0;Snu-1_clone_23_D=10 
INFO  @ Fri, 22 Sep 2023 09:26:34: Sample index: 0;1 
INFO  @ Fri, 22 Sep 2023 09:26:34: Loaded 3516 genes. 
DEBUG @ Fri, 22 Sep 2023 09:26:34: Initial (total) size factor: 0.9796753211646919 1.0211858708781996 
DEBUG @ Fri, 22 Sep 2023 09:26:34: Median factor: 0.9870169852458509 1.0190328441345817 
INFO  @ Fri, 22 Sep 2023 09:26:34: Final size factor: 0.9870169852458509 1.0190328441345817 
INFO  @ Fri, 22 Sep 2023 09:26:34: size factor: 1.0131537906117343,0.9813226391630728 
INFO  @ Fri, 22 Sep 2023 09:26:34: Thread 0 started. 
INFO  @ Fri, 22 Sep 2023 09:26:34: Thread 0: total 1 instances. 
INFO  @ Fri, 22 Sep 2023 09:26:34: Thread 0 completed. 
INFO  @ Fri, 22 Sep 2023 09:26:34: All threads completed. 
INFO  @ Fri, 22 Sep 2023 09:26:34: Modeling the mean and variance ... 
INFO  @ Fri, 22 Sep 2023 09:26:34: Run the algorithm for the second time ... 
INFO  @ Fri, 22 Sep 2023 09:26:34: Skipping gene NKX2 from MLE calculation since there are too many sgRNAs. To change, revise the --max-sgrnapergene-permutation option. 
INFO  @ Fri, 22 Sep 2023 09:26:34: Skipping gene PBRM1 from MLE calculation since there are too many sgRNAs. To change, revise the --max-sgrnapergene-permutation option. 
INFO  @ Fri, 22 Sep 2023 09:26:34: Skipping gene KDM2A from MLE calculation since there are too many sgRNAs. To change, revise the --max-sgrnapergene-permutation option. 
INFO  @ Fri, 22 Sep 2023 09:26:34: Skipping gene KDM2B from MLE calculation since there are too many sgRNAs. To change, revise the --max-sgrnapergene-permutation option. 
INFO  @ Fri, 22 Sep 2023 09:26:34: Skipping gene KMT2A from MLE calculation since there are too many sgRNAs. To change, revise the --max-sgrnapergene-permutation option. 
INFO  @ Fri, 22 Sep 2023 09:26:34: Skipping gene KMT2B from MLE calculation since there are too many sgRNAs. To change, revise the --max-sgrnapergene-permutation option. 
INFO  @ Fri, 22 Sep 2023 09:26:34: Skipping gene KMT2C from MLE calculation since there are too many sgRNAs. To change, revise the --max-sgrnapergene-permutation option. 
INFO  @ Fri, 22 Sep 2023 09:26:34: Skipping gene KMT2D from MLE calculation since there are too many sgRNAs. To change, revise the --max-sgrnapergene-permutation option. 
INFO  @ Fri, 22 Sep 2023 09:26:34: Skipping gene NSD1 from MLE calculation since there are too many sgRNAs. To change, revise the --max-sgrnapergene-permutation option. 
INFO  @ Fri, 22 Sep 2023 09:26:34: Skipping gene RNF17 from MLE calculation since there are too many sgRNAs. To change, revise the --max-sgrnapergene-permutation option. 
INFO  @ Fri, 22 Sep 2023 09:26:34: Skipping gene TDRD6 from MLE calculation since there are too many sgRNAs. To change, revise the --max-sgrnapergene-permutation option. 
INFO  @ Fri, 22 Sep 2023 09:26:34: Thread 0 started. 
INFO  @ Fri, 22 Sep 2023 09:26:34: Thread 0: total 3505 instances. 
INFO  @ Fri, 22 Sep 2023 09:26:34: Thread 0: Calculating AATK (1) ...  
INFO  @ Fri, 22 Sep 2023 09:26:39: Thread 0: Calculating NFXL1 (1001) ...  
INFO  @ Fri, 22 Sep 2023 09:26:44: Thread 0: Calculating NO66 (2001) ...  
INFO  @ Fri, 22 Sep 2023 09:26:49: Thread 0: Calculating RNF170 (3001) ...  
INFO  @ Fri, 22 Sep 2023 09:26:51: Thread 0 completed. 
INFO  @ Fri, 22 Sep 2023 09:26:51: All threads completed. 
INFO  @ Fri, 22 Sep 2023 09:26:52: Permuting groups of gene with 1 sgRNAs per gene. Group progress: 1/41 
INFO  @ Fri, 22 Sep 2023 09:26:52: Start permuting 2 rounds ... 
INFO  @ Fri, 22 Sep 2023 09:26:52: Collecting 26156 sgRNAs from 3516 genes. 
INFO  @ Fri, 22 Sep 2023 09:26:53: Permuting round 0 ... 
INFO  @ Fri, 22 Sep 2023 09:26:53: Thread 0 started. 
INFO  @ Fri, 22 Sep 2023 09:26:53: Thread 0: total 3516 instances. 
INFO  @ Fri, 22 Sep 2023 09:26:53: Thread 0: Calculating AATK (1) ...  
INFO  @ Fri, 22 Sep 2023 09:26:55: Thread 0: Calculating NFXL1 (1001) ...  
INFO  @ Fri, 22 Sep 2023 09:26:58: Thread 0: Calculating MLL1 (2001) ...  
INFO  @ Fri, 22 Sep 2023 09:27:01: Thread 0: Calculating RNF146 (3001) ...  
INFO  @ Fri, 22 Sep 2023 09:27:02: Thread 0 completed. 
INFO  @ Fri, 22 Sep 2023 09:27:02: All threads completed. 
INFO  @ Fri, 22 Sep 2023 09:27:03: Permuting round 1 ... 
INFO  @ Fri, 22 Sep 2023 09:27:03: Thread 0 started. 
INFO  @ Fri, 22 Sep 2023 09:27:03: Thread 0: total 3516 instances. 
INFO  @ Fri, 22 Sep 2023 09:27:03: Thread 0: Calculating AATK (1) ...  
INFO  @ Fri, 22 Sep 2023 09:27:06: Thread 0: Calculating NFXL1 (1001) ...  
INFO  @ Fri, 22 Sep 2023 09:27:09: Thread 0: Calculating MLL1 (2001) ...  
INFO  @ Fri, 22 Sep 2023 09:27:12: Thread 0: Calculating RNF146 (3001) ...  
INFO  @ Fri, 22 Sep 2023 09:27:13: Thread 0 completed. 
INFO  @ Fri, 22 Sep 2023 09:27:13: All threads completed. 
INFO  @ Fri, 22 Sep 2023 09:27:14: Assigning p values... 
INFO  @ Fri, 22 Sep 2023 09:27:14: Permuting groups of gene with 2 sgRNAs per gene. Group progress: 2/41 
INFO  @ Fri, 22 Sep 2023 09:27:14: Start permuting 2 rounds ... 
INFO  @ Fri, 22 Sep 2023 09:27:15: Collecting 26156 sgRNAs from 3516 genes. 
INFO  @ Fri, 22 Sep 2023 09:27:15: Permuting round 0 ... 
INFO  @ Fri, 22 Sep 2023 09:27:15: Thread 0 started. 
INFO  @ Fri, 22 Sep 2023 09:27:15: Thread 0: total 3516 instances. 
INFO  @ Fri, 22 Sep 2023 09:27:15: Thread 0: Calculating AATK (1) ...  
INFO  @ Fri, 22 Sep 2023 09:27:19: Thread 0: Calculating NFXL1 (1001) ...  
INFO  @ Fri, 22 Sep 2023 09:27:23: Thread 0: Calculating MLL1 (2001) ...  
INFO  @ Fri, 22 Sep 2023 09:27:27: Thread 0: Calculating RNF146 (3001) ...  
INFO  @ Fri, 22 Sep 2023 09:27:29: Thread 0 completed. 
INFO  @ Fri, 22 Sep 2023 09:27:29: All threads completed. 
INFO  @ Fri, 22 Sep 2023 09:27:30: Permuting round 1 ... 
INFO  @ Fri, 22 Sep 2023 09:27:30: Thread 0 started. 
INFO  @ Fri, 22 Sep 2023 09:27:30: Thread 0: total 3516 instances. 
INFO  @ Fri, 22 Sep 2023 09:27:30: Thread 0: Calculating AATK (1) ...  
INFO  @ Fri, 22 Sep 2023 09:27:34: Thread 0: Calculating NFXL1 (1001) ...  
INFO  @ Fri, 22 Sep 2023 09:27:38: Thread 0: Calculating MLL1 (2001) ...  
INFO  @ Fri, 22 Sep 2023 09:27:42: Thread 0: Calculating RNF146 (3001) ...  
INFO  @ Fri, 22 Sep 2023 09:27:44: Thread 0 completed. 
INFO  @ Fri, 22 Sep 2023 09:27:44: All threads completed. 
INFO  @ Fri, 22 Sep 2023 09:27:45: Assigning p values... 
INFO  @ Fri, 22 Sep 2023 09:27:45: Permuting groups of gene with 3 sgRNAs per gene. Group progress: 3/41 
INFO  @ Fri, 22 Sep 2023 09:27:45: Start permuting 2 rounds ... 
INFO  @ Fri, 22 Sep 2023 09:27:46: Collecting 26156 sgRNAs from 3516 genes. 
INFO  @ Fri, 22 Sep 2023 09:27:46: Permuting round 0 ... 
INFO  @ Fri, 22 Sep 2023 09:27:46: Thread 0 started. 
INFO  @ Fri, 22 Sep 2023 09:27:46: Thread 0: total 3516 instances. 
INFO  @ Fri, 22 Sep 2023 09:27:46: Thread 0: Calculating AATK (1) ...  
INFO  @ Fri, 22 Sep 2023 09:27:50: Thread 0: Calculating NFXL1 (1001) ...  
INFO  @ Fri, 22 Sep 2023 09:27:55: Thread 0: Calculating MLL1 (2001) ...  
INFO  @ Fri, 22 Sep 2023 09:27:59: Thread 0: Calculating RNF146 (3001) ...  
INFO  @ Fri, 22 Sep 2023 09:28:01: Thread 0 completed. 
INFO  @ Fri, 22 Sep 2023 09:28:01: All threads completed. 
INFO  @ Fri, 22 Sep 2023 09:28:02: Permuting round 1 ... 
INFO  @ Fri, 22 Sep 2023 09:28:03: Thread 0 started. 
INFO  @ Fri, 22 Sep 2023 09:28:03: Thread 0: total 3516 instances. 
INFO  @ Fri, 22 Sep 2023 09:28:03: Thread 0: Calculating AATK (1) ...  
INFO  @ Fri, 22 Sep 2023 09:28:07: Thread 0: Calculating NFXL1 (1001) ...  
INFO  @ Fri, 22 Sep 2023 09:28:11: Thread 0: Calculating MLL1 (2001) ...  
INFO  @ Fri, 22 Sep 2023 09:28:15: Thread 0: Calculating RNF146 (3001) ...  
INFO  @ Fri, 22 Sep 2023 09:28:17: Thread 0 completed. 
INFO  @ Fri, 22 Sep 2023 09:28:17: All threads completed. 
INFO  @ Fri, 22 Sep 2023 09:28:19: Assigning p values... 
INFO  @ Fri, 22 Sep 2023 09:28:19: Permuting groups of gene with 4 sgRNAs per gene. Group progress: 4/41 
INFO  @ Fri, 22 Sep 2023 09:28:19: Start permuting 2 rounds ... 
INFO  @ Fri, 22 Sep 2023 09:28:19: Collecting 26156 sgRNAs from 3516 genes. 
INFO  @ Fri, 22 Sep 2023 09:28:19: Permuting round 0 ... 
INFO  @ Fri, 22 Sep 2023 09:28:19: Thread 0 started. 
INFO  @ Fri, 22 Sep 2023 09:28:19: Thread 0: total 3516 instances. 
INFO  @ Fri, 22 Sep 2023 09:28:19: Thread 0: Calculating AATK (1) ...  
INFO  @ Fri, 22 Sep 2023 09:28:24: Thread 0: Calculating NFXL1 (1001) ...  
INFO  @ Fri, 22 Sep 2023 09:28:28: Thread 0: Calculating MLL1 (2001) ...  
INFO  @ Fri, 22 Sep 2023 09:28:33: Thread 0: Calculating RNF146 (3001) ...  
INFO  @ Fri, 22 Sep 2023 09:28:35: Thread 0 completed. 
INFO  @ Fri, 22 Sep 2023 09:28:35: All threads completed. 
INFO  @ Fri, 22 Sep 2023 09:28:36: Permuting round 1 ... 
INFO  @ Fri, 22 Sep 2023 09:28:36: Thread 0 started. 
INFO  @ Fri, 22 Sep 2023 09:28:36: Thread 0: total 3516 instances. 
INFO  @ Fri, 22 Sep 2023 09:28:36: Thread 0: Calculating AATK (1) ...  
INFO  @ Fri, 22 Sep 2023 09:28:40: Thread 0: Calculating NFXL1 (1001) ...  
INFO  @ Fri, 22 Sep 2023 09:28:45: Thread 0: Calculating MLL1 (2001) ...  
INFO  @ Fri, 22 Sep 2023 09:28:49: Thread 0: Calculating RNF146 (3001) ...  
INFO  @ Fri, 22 Sep 2023 09:28:51: Thread 0 completed. 
INFO  @ Fri, 22 Sep 2023 09:28:51: All threads completed. 
INFO  @ Fri, 22 Sep 2023 09:28:53: Assigning p values... 
INFO  @ Fri, 22 Sep 2023 09:28:53: Permuting groups of gene with 5 sgRNAs per gene. Group progress: 5/41 
INFO  @ Fri, 22 Sep 2023 09:28:53: Start permuting 2 rounds ... 
INFO  @ Fri, 22 Sep 2023 09:28:53: Collecting 26156 sgRNAs from 3516 genes. 
INFO  @ Fri, 22 Sep 2023 09:28:53: Permuting round 0 ... 
INFO  @ Fri, 22 Sep 2023 09:28:53: Thread 0 started. 
INFO  @ Fri, 22 Sep 2023 09:28:53: Thread 0: total 3516 instances. 
INFO  @ Fri, 22 Sep 2023 09:28:53: Thread 0: Calculating AATK (1) ...  
INFO  @ Fri, 22 Sep 2023 09:28:58: Thread 0: Calculating NFXL1 (1001) ...  
INFO  @ Fri, 22 Sep 2023 09:29:03: Thread 0: Calculating MLL1 (2001) ...  
INFO  @ Fri, 22 Sep 2023 09:29:07: Thread 0: Calculating RNF146 (3001) ...  
INFO  @ Fri, 22 Sep 2023 09:29:09: Thread 0 completed. 
INFO  @ Fri, 22 Sep 2023 09:29:09: All threads completed. 
INFO  @ Fri, 22 Sep 2023 09:29:11: Permuting round 1 ... 
INFO  @ Fri, 22 Sep 2023 09:29:11: Thread 0 started. 
INFO  @ Fri, 22 Sep 2023 09:29:11: Thread 0: total 3516 instances. 
INFO  @ Fri, 22 Sep 2023 09:29:11: Thread 0: Calculating AATK (1) ...  
INFO  @ Fri, 22 Sep 2023 09:29:15: Thread 0: Calculating NFXL1 (1001) ...  
INFO  @ Fri, 22 Sep 2023 09:29:20: Thread 0: Calculating MLL1 (2001) ...  
INFO  @ Fri, 22 Sep 2023 09:29:24: Thread 0: Calculating RNF146 (3001) ...  
INFO  @ Fri, 22 Sep 2023 09:29:26: Thread 0 completed. 
INFO  @ Fri, 22 Sep 2023 09:29:26: All threads completed. 
INFO  @ Fri, 22 Sep 2023 09:29:28: Assigning p values... 
INFO  @ Fri, 22 Sep 2023 09:29:28: Permuting groups of gene with 6 sgRNAs per gene. Group progress: 6/41 
INFO  @ Fri, 22 Sep 2023 09:29:28: Start permuting 2 rounds ... 
INFO  @ Fri, 22 Sep 2023 09:29:28: Collecting 26156 sgRNAs from 3516 genes. 
INFO  @ Fri, 22 Sep 2023 09:29:28: Permuting round 0 ... 
INFO  @ Fri, 22 Sep 2023 09:29:28: Thread 0 started. 
INFO  @ Fri, 22 Sep 2023 09:29:28: Thread 0: total 3516 instances. 
INFO  @ Fri, 22 Sep 2023 09:29:28: Thread 0: Calculating AATK (1) ...  
INFO  @ Fri, 22 Sep 2023 09:29:33: Thread 0: Calculating NFXL1 (1001) ...  
INFO  @ Fri, 22 Sep 2023 09:29:37: Thread 0: Calculating MLL1 (2001) ...  
INFO  @ Fri, 22 Sep 2023 09:29:42: Thread 0: Calculating RNF146 (3001) ...  
INFO  @ Fri, 22 Sep 2023 09:29:44: Thread 0 completed. 
INFO  @ Fri, 22 Sep 2023 09:29:44: All threads completed. 
INFO  @ Fri, 22 Sep 2023 09:29:45: Permuting round 1 ... 
INFO  @ Fri, 22 Sep 2023 09:29:46: Thread 0 started. 
INFO  @ Fri, 22 Sep 2023 09:29:46: Thread 0: total 3516 instances. 
INFO  @ Fri, 22 Sep 2023 09:29:46: Thread 0: Calculating AATK (1) ...  
INFO  @ Fri, 22 Sep 2023 09:29:50: Thread 0: Calculating NFXL1 (1001) ...  
INFO  @ Fri, 22 Sep 2023 09:29:55: Thread 0: Calculating MLL1 (2001) ...  
INFO  @ Fri, 22 Sep 2023 09:29:59: Thread 0: Calculating RNF146 (3001) ...  
INFO  @ Fri, 22 Sep 2023 09:30:02: Thread 0 completed. 
INFO  @ Fri, 22 Sep 2023 09:30:02: All threads completed. 
INFO  @ Fri, 22 Sep 2023 09:30:03: Assigning p values... 
INFO  @ Fri, 22 Sep 2023 09:30:03: Permuting groups of gene with 7 sgRNAs per gene. Group progress: 7/41 
INFO  @ Fri, 22 Sep 2023 09:30:03: Start permuting 2 rounds ... 
INFO  @ Fri, 22 Sep 2023 09:30:03: Collecting 26156 sgRNAs from 3516 genes. 
INFO  @ Fri, 22 Sep 2023 09:30:04: Permuting round 0 ... 
INFO  @ Fri, 22 Sep 2023 09:30:04: Thread 0 started. 
INFO  @ Fri, 22 Sep 2023 09:30:04: Thread 0: total 3516 instances. 
INFO  @ Fri, 22 Sep 2023 09:30:04: Thread 0: Calculating AATK (1) ...  
INFO  @ Fri, 22 Sep 2023 09:30:08: Thread 0: Calculating NFXL1 (1001) ...  
INFO  @ Fri, 22 Sep 2023 09:30:13: Thread 0: Calculating MLL1 (2001) ...  
INFO  @ Fri, 22 Sep 2023 09:30:18: Thread 0: Calculating RNF146 (3001) ...  
INFO  @ Fri, 22 Sep 2023 09:30:20: Thread 0 completed. 
INFO  @ Fri, 22 Sep 2023 09:30:20: All threads completed. 
INFO  @ Fri, 22 Sep 2023 09:30:21: Permuting round 1 ... 
INFO  @ Fri, 22 Sep 2023 09:30:21: Thread 0 started. 
INFO  @ Fri, 22 Sep 2023 09:30:21: Thread 0: total 3516 instances. 
INFO  @ Fri, 22 Sep 2023 09:30:21: Thread 0: Calculating AATK (1) ...  
INFO  @ Fri, 22 Sep 2023 09:30:27: Thread 0: Calculating NFXL1 (1001) ...  
INFO  @ Fri, 22 Sep 2023 09:30:32: Thread 0: Calculating MLL1 (2001) ...  
INFO  @ Fri, 22 Sep 2023 09:30:38: Thread 0: Calculating RNF146 (3001) ...  
INFO  @ Fri, 22 Sep 2023 09:30:40: Thread 0 completed. 
INFO  @ Fri, 22 Sep 2023 09:30:40: All threads completed. 
INFO  @ Fri, 22 Sep 2023 09:30:42: Assigning p values... 
INFO  @ Fri, 22 Sep 2023 09:30:42: Permuting groups of gene with 8 sgRNAs per gene. Group progress: 8/41 
INFO  @ Fri, 22 Sep 2023 09:30:42: Start permuting 2 rounds ... 
INFO  @ Fri, 22 Sep 2023 09:30:42: Collecting 26156 sgRNAs from 3516 genes. 
INFO  @ Fri, 22 Sep 2023 09:30:43: Permuting round 0 ... 
INFO  @ Fri, 22 Sep 2023 09:30:43: Thread 0 started. 
INFO  @ Fri, 22 Sep 2023 09:30:43: Thread 0: total 3516 instances. 
INFO  @ Fri, 22 Sep 2023 09:30:43: Thread 0: Calculating AATK (1) ...  
INFO  @ Fri, 22 Sep 2023 09:30:49: Thread 0: Calculating NFXL1 (1001) ...  
INFO  @ Fri, 22 Sep 2023 09:30:54: Thread 0: Calculating MLL1 (2001) ...  
INFO  @ Fri, 22 Sep 2023 09:30:59: Thread 0: Calculating RNF146 (3001) ...  
INFO  @ Fri, 22 Sep 2023 09:31:01: Thread 0 completed. 
INFO  @ Fri, 22 Sep 2023 09:31:01: All threads completed. 
INFO  @ Fri, 22 Sep 2023 09:31:03: Permuting round 1 ... 
INFO  @ Fri, 22 Sep 2023 09:31:03: Thread 0 started. 
INFO  @ Fri, 22 Sep 2023 09:31:03: Thread 0: total 3516 instances. 
INFO  @ Fri, 22 Sep 2023 09:31:03: Thread 0: Calculating AATK (1) ...  
INFO  @ Fri, 22 Sep 2023 09:31:08: Thread 0: Calculating NFXL1 (1001) ...  
INFO  @ Fri, 22 Sep 2023 09:31:12: Thread 0: Calculating MLL1 (2001) ...  
INFO  @ Fri, 22 Sep 2023 09:31:17: Thread 0: Calculating RNF146 (3001) ...  
INFO  @ Fri, 22 Sep 2023 09:31:20: Thread 0 completed. 
INFO  @ Fri, 22 Sep 2023 09:31:20: All threads completed. 
INFO  @ Fri, 22 Sep 2023 09:31:21: Assigning p values... 
INFO  @ Fri, 22 Sep 2023 09:31:21: Permuting groups of gene with 9 sgRNAs per gene. Group progress: 9/41 
INFO  @ Fri, 22 Sep 2023 09:31:21: Start permuting 2 rounds ... 
INFO  @ Fri, 22 Sep 2023 09:31:21: Collecting 26156 sgRNAs from 3516 genes. 
INFO  @ Fri, 22 Sep 2023 09:31:22: Permuting round 0 ... 
INFO  @ Fri, 22 Sep 2023 09:31:22: Thread 0 started. 
INFO  @ Fri, 22 Sep 2023 09:31:22: Thread 0: total 3516 instances. 
INFO  @ Fri, 22 Sep 2023 09:31:22: Thread 0: Calculating AATK (1) ...  
INFO  @ Fri, 22 Sep 2023 09:31:27: Thread 0: Calculating NFXL1 (1001) ...  
INFO  @ Fri, 22 Sep 2023 09:31:32: Thread 0: Calculating MLL1 (2001) ...  
INFO  @ Fri, 22 Sep 2023 09:31:37: Thread 0: Calculating RNF146 (3001) ...  
INFO  @ Fri, 22 Sep 2023 09:31:39: Thread 0 completed. 
INFO  @ Fri, 22 Sep 2023 09:31:39: All threads completed. 
INFO  @ Fri, 22 Sep 2023 09:31:41: Permuting round 1 ... 
INFO  @ Fri, 22 Sep 2023 09:31:41: Thread 0 started. 
INFO  @ Fri, 22 Sep 2023 09:31:41: Thread 0: total 3516 instances. 
INFO  @ Fri, 22 Sep 2023 09:31:41: Thread 0: Calculating AATK (1) ...  
INFO  @ Fri, 22 Sep 2023 09:31:46: Thread 0: Calculating NFXL1 (1001) ...  
INFO  @ Fri, 22 Sep 2023 09:31:50: Thread 0: Calculating MLL1 (2001) ...  
INFO  @ Fri, 22 Sep 2023 09:31:55: Thread 0: Calculating RNF146 (3001) ...  
INFO  @ Fri, 22 Sep 2023 09:31:58: Thread 0 completed. 
INFO  @ Fri, 22 Sep 2023 09:31:58: All threads completed. 
INFO  @ Fri, 22 Sep 2023 09:31:59: Assigning p values... 
INFO  @ Fri, 22 Sep 2023 09:31:59: Permuting groups of gene with 10 sgRNAs per gene. Group progress: 10/41 
INFO  @ Fri, 22 Sep 2023 09:31:59: Start permuting 2 rounds ... 
INFO  @ Fri, 22 Sep 2023 09:31:59: Collecting 26156 sgRNAs from 3516 genes. 
INFO  @ Fri, 22 Sep 2023 09:32:00: Permuting round 0 ... 
INFO  @ Fri, 22 Sep 2023 09:32:00: Thread 0 started. 
INFO  @ Fri, 22 Sep 2023 09:32:00: Thread 0: total 3516 instances. 
INFO  @ Fri, 22 Sep 2023 09:32:00: Thread 0: Calculating AATK (1) ...  
INFO  @ Fri, 22 Sep 2023 09:32:05: Thread 0: Calculating NFXL1 (1001) ...  
INFO  @ Fri, 22 Sep 2023 09:32:10: Thread 0: Calculating MLL1 (2001) ...  
INFO  @ Fri, 22 Sep 2023 09:32:15: Thread 0: Calculating RNF146 (3001) ...  
INFO  @ Fri, 22 Sep 2023 09:32:17: Thread 0 completed. 
INFO  @ Fri, 22 Sep 2023 09:32:17: All threads completed. 
INFO  @ Fri, 22 Sep 2023 09:32:19: Permuting round 1 ... 
INFO  @ Fri, 22 Sep 2023 09:32:19: Thread 0 started. 
INFO  @ Fri, 22 Sep 2023 09:32:19: Thread 0: total 3516 instances. 
INFO  @ Fri, 22 Sep 2023 09:32:19: Thread 0: Calculating AATK (1) ...  
INFO  @ Fri, 22 Sep 2023 09:32:24: Thread 0: Calculating NFXL1 (1001) ...  
INFO  @ Fri, 22 Sep 2023 09:32:29: Thread 0: Calculating MLL1 (2001) ...  
INFO  @ Fri, 22 Sep 2023 09:32:34: Thread 0: Calculating RNF146 (3001) ...  
INFO  @ Fri, 22 Sep 2023 09:32:36: Thread 0 completed. 
INFO  @ Fri, 22 Sep 2023 09:32:36: All threads completed. 
INFO  @ Fri, 22 Sep 2023 09:32:37: Assigning p values... 
INFO  @ Fri, 22 Sep 2023 09:32:37: Permuting groups of gene with 11 sgRNAs per gene. Group progress: 11/41 
INFO  @ Fri, 22 Sep 2023 09:32:37: Start permuting 2 rounds ... 
INFO  @ Fri, 22 Sep 2023 09:32:38: Collecting 26156 sgRNAs from 3516 genes. 
INFO  @ Fri, 22 Sep 2023 09:32:38: Permuting round 0 ... 
INFO  @ Fri, 22 Sep 2023 09:32:38: Thread 0 started. 
INFO  @ Fri, 22 Sep 2023 09:32:38: Thread 0: total 3516 instances. 
INFO  @ Fri, 22 Sep 2023 09:32:38: Thread 0: Calculating AATK (1) ...  
INFO  @ Fri, 22 Sep 2023 09:32:43: Thread 0: Calculating NFXL1 (1001) ...  
INFO  @ Fri, 22 Sep 2023 09:32:48: Thread 0: Calculating MLL1 (2001) ...  
INFO  @ Fri, 22 Sep 2023 09:32:53: Thread 0: Calculating RNF146 (3001) ...  
INFO  @ Fri, 22 Sep 2023 09:32:56: Thread 0 completed. 
INFO  @ Fri, 22 Sep 2023 09:32:56: All threads completed. 
INFO  @ Fri, 22 Sep 2023 09:32:57: Permuting round 1 ... 
INFO  @ Fri, 22 Sep 2023 09:32:57: Thread 0 started. 
INFO  @ Fri, 22 Sep 2023 09:32:57: Thread 0: total 3516 instances. 
INFO  @ Fri, 22 Sep 2023 09:32:57: Thread 0: Calculating AATK (1) ...  
INFO  @ Fri, 22 Sep 2023 09:33:02: Thread 0: Calculating NFXL1 (1001) ...  
INFO  @ Fri, 22 Sep 2023 09:33:07: Thread 0: Calculating MLL1 (2001) ...  
INFO  @ Fri, 22 Sep 2023 09:33:12: Thread 0: Calculating RNF146 (3001) ...  
INFO  @ Fri, 22 Sep 2023 09:33:15: Thread 0 completed. 
INFO  @ Fri, 22 Sep 2023 09:33:15: All threads completed. 
INFO  @ Fri, 22 Sep 2023 09:33:16: Assigning p values... 
INFO  @ Fri, 22 Sep 2023 09:33:16: Permuting groups of gene with 12 sgRNAs per gene. Group progress: 12/41 
INFO  @ Fri, 22 Sep 2023 09:33:16: Start permuting 2 rounds ... 
INFO  @ Fri, 22 Sep 2023 09:33:16: Collecting 26156 sgRNAs from 3516 genes. 
INFO  @ Fri, 22 Sep 2023 09:33:17: Permuting round 0 ... 
INFO  @ Fri, 22 Sep 2023 09:33:17: Thread 0 started. 
INFO  @ Fri, 22 Sep 2023 09:33:17: Thread 0: total 3516 instances. 
INFO  @ Fri, 22 Sep 2023 09:33:17: Thread 0: Calculating AATK (1) ...  
INFO  @ Fri, 22 Sep 2023 09:33:22: Thread 0: Calculating NFXL1 (1001) ...  
INFO  @ Fri, 22 Sep 2023 09:33:27: Thread 0: Calculating MLL1 (2001) ...  
INFO  @ Fri, 22 Sep 2023 09:33:32: Thread 0: Calculating RNF146 (3001) ...  
INFO  @ Fri, 22 Sep 2023 09:33:35: Thread 0 completed. 
INFO  @ Fri, 22 Sep 2023 09:33:35: All threads completed. 
INFO  @ Fri, 22 Sep 2023 09:33:36: Permuting round 1 ... 
INFO  @ Fri, 22 Sep 2023 09:33:36: Thread 0 started. 
INFO  @ Fri, 22 Sep 2023 09:33:36: Thread 0: total 3516 instances. 
INFO  @ Fri, 22 Sep 2023 09:33:36: Thread 0: Calculating AATK (1) ...  
INFO  @ Fri, 22 Sep 2023 09:33:41: Thread 0: Calculating NFXL1 (1001) ...  
INFO  @ Fri, 22 Sep 2023 09:33:46: Thread 0: Calculating MLL1 (2001) ...  
INFO  @ Fri, 22 Sep 2023 09:33:51: Thread 0: Calculating RNF146 (3001) ...  
INFO  @ Fri, 22 Sep 2023 09:33:54: Thread 0 completed. 
INFO  @ Fri, 22 Sep 2023 09:33:54: All threads completed. 
INFO  @ Fri, 22 Sep 2023 09:33:55: Assigning p values... 
INFO  @ Fri, 22 Sep 2023 09:33:56: Permuting groups of gene with 13 sgRNAs per gene. Group progress: 13/41 
INFO  @ Fri, 22 Sep 2023 09:33:56: Start permuting 2 rounds ... 
INFO  @ Fri, 22 Sep 2023 09:33:56: Collecting 26156 sgRNAs from 3516 genes. 
INFO  @ Fri, 22 Sep 2023 09:33:56: Permuting round 0 ... 
INFO  @ Fri, 22 Sep 2023 09:33:56: Thread 0 started. 
INFO  @ Fri, 22 Sep 2023 09:33:56: Thread 0: total 3516 instances. 
INFO  @ Fri, 22 Sep 2023 09:33:56: Thread 0: Calculating AATK (1) ...  
INFO  @ Fri, 22 Sep 2023 09:34:01: Thread 0: Calculating NFXL1 (1001) ...  
INFO  @ Fri, 22 Sep 2023 09:34:06: Thread 0: Calculating MLL1 (2001) ...  
INFO  @ Fri, 22 Sep 2023 09:34:11: Thread 0: Calculating RNF146 (3001) ...  
INFO  @ Fri, 22 Sep 2023 09:34:14: Thread 0 completed. 
INFO  @ Fri, 22 Sep 2023 09:34:14: All threads completed. 
INFO  @ Fri, 22 Sep 2023 09:34:15: Permuting round 1 ... 
INFO  @ Fri, 22 Sep 2023 09:34:15: Thread 0 started. 
INFO  @ Fri, 22 Sep 2023 09:34:15: Thread 0: total 3516 instances. 
INFO  @ Fri, 22 Sep 2023 09:34:16: Thread 0: Calculating AATK (1) ...  
INFO  @ Fri, 22 Sep 2023 09:34:21: Thread 0: Calculating NFXL1 (1001) ...  
INFO  @ Fri, 22 Sep 2023 09:34:26: Thread 0: Calculating MLL1 (2001) ...  
INFO  @ Fri, 22 Sep 2023 09:34:31: Thread 0: Calculating RNF146 (3001) ...  
INFO  @ Fri, 22 Sep 2023 09:34:34: Thread 0 completed. 
INFO  @ Fri, 22 Sep 2023 09:34:34: All threads completed. 
INFO  @ Fri, 22 Sep 2023 09:34:35: Assigning p values... 
INFO  @ Fri, 22 Sep 2023 09:34:35: Permuting groups of gene with 14 sgRNAs per gene. Group progress: 14/41 
INFO  @ Fri, 22 Sep 2023 09:34:35: Start permuting 2 rounds ... 
INFO  @ Fri, 22 Sep 2023 09:34:35: Collecting 26156 sgRNAs from 3516 genes. 
INFO  @ Fri, 22 Sep 2023 09:34:36: Permuting round 0 ... 
INFO  @ Fri, 22 Sep 2023 09:34:36: Thread 0 started. 
INFO  @ Fri, 22 Sep 2023 09:34:36: Thread 0: total 3516 instances. 
INFO  @ Fri, 22 Sep 2023 09:34:36: Thread 0: Calculating AATK (1) ...  
INFO  @ Fri, 22 Sep 2023 09:34:41: Thread 0: Calculating NFXL1 (1001) ...  
INFO  @ Fri, 22 Sep 2023 09:34:46: Thread 0: Calculating MLL1 (2001) ...  
INFO  @ Fri, 22 Sep 2023 09:34:52: Thread 0: Calculating RNF146 (3001) ...  
INFO  @ Fri, 22 Sep 2023 09:34:54: Thread 0 completed. 
INFO  @ Fri, 22 Sep 2023 09:34:54: All threads completed. 
INFO  @ Fri, 22 Sep 2023 09:34:56: Permuting round 1 ... 
INFO  @ Fri, 22 Sep 2023 09:34:56: Thread 0 started. 
INFO  @ Fri, 22 Sep 2023 09:34:56: Thread 0: total 3516 instances. 
INFO  @ Fri, 22 Sep 2023 09:34:56: Thread 0: Calculating AATK (1) ...  
INFO  @ Fri, 22 Sep 2023 09:35:01: Thread 0: Calculating NFXL1 (1001) ...  
INFO  @ Fri, 22 Sep 2023 09:35:07: Thread 0: Calculating MLL1 (2001) ...  
INFO  @ Fri, 22 Sep 2023 09:35:12: Thread 0: Calculating RNF146 (3001) ...  
INFO  @ Fri, 22 Sep 2023 09:35:15: Thread 0 completed. 
INFO  @ Fri, 22 Sep 2023 09:35:15: All threads completed. 
INFO  @ Fri, 22 Sep 2023 09:35:16: Assigning p values... 
INFO  @ Fri, 22 Sep 2023 09:35:16: Permuting groups of gene with 15 sgRNAs per gene. Group progress: 15/41 
INFO  @ Fri, 22 Sep 2023 09:35:16: Start permuting 2 rounds ... 
INFO  @ Fri, 22 Sep 2023 09:35:16: Collecting 26156 sgRNAs from 3516 genes. 
INFO  @ Fri, 22 Sep 2023 09:35:17: Permuting round 0 ... 
INFO  @ Fri, 22 Sep 2023 09:35:17: Thread 0 started. 
INFO  @ Fri, 22 Sep 2023 09:35:17: Thread 0: total 3516 instances. 
INFO  @ Fri, 22 Sep 2023 09:35:17: Thread 0: Calculating AATK (1) ...  
INFO  @ Fri, 22 Sep 2023 09:35:22: Thread 0: Calculating NFXL1 (1001) ...  
INFO  @ Fri, 22 Sep 2023 09:35:28: Thread 0: Calculating MLL1 (2001) ...  
INFO  @ Fri, 22 Sep 2023 09:35:33: Thread 0: Calculating RNF146 (3001) ...  
INFO  @ Fri, 22 Sep 2023 09:35:36: Thread 0 completed. 
INFO  @ Fri, 22 Sep 2023 09:35:36: All threads completed. 
INFO  @ Fri, 22 Sep 2023 09:35:38: Permuting round 1 ... 
INFO  @ Fri, 22 Sep 2023 09:35:38: Thread 0 started. 
INFO  @ Fri, 22 Sep 2023 09:35:38: Thread 0: total 3516 instances. 
INFO  @ Fri, 22 Sep 2023 09:35:38: Thread 0: Calculating AATK (1) ...  
INFO  @ Fri, 22 Sep 2023 09:35:43: Thread 0: Calculating NFXL1 (1001) ...  
INFO  @ Fri, 22 Sep 2023 09:35:48: Thread 0: Calculating MLL1 (2001) ...  
INFO  @ Fri, 22 Sep 2023 09:35:53: Thread 0: Calculating RNF146 (3001) ...  
INFO  @ Fri, 22 Sep 2023 09:35:56: Thread 0 completed. 
INFO  @ Fri, 22 Sep 2023 09:35:56: All threads completed. 
INFO  @ Fri, 22 Sep 2023 09:35:58: Assigning p values... 
INFO  @ Fri, 22 Sep 2023 09:35:58: Permuting groups of gene with 16 sgRNAs per gene. Group progress: 16/41 
INFO  @ Fri, 22 Sep 2023 09:35:58: Start permuting 2 rounds ... 
INFO  @ Fri, 22 Sep 2023 09:35:58: Collecting 26156 sgRNAs from 3516 genes. 
INFO  @ Fri, 22 Sep 2023 09:35:58: Permuting round 0 ... 
INFO  @ Fri, 22 Sep 2023 09:35:58: Thread 0 started. 
INFO  @ Fri, 22 Sep 2023 09:35:58: Thread 0: total 3516 instances. 
INFO  @ Fri, 22 Sep 2023 09:35:58: Thread 0: Calculating AATK (1) ...  
INFO  @ Fri, 22 Sep 2023 09:36:03: Thread 0: Calculating NFXL1 (1001) ...  
INFO  @ Fri, 22 Sep 2023 09:36:09: Thread 0: Calculating MLL1 (2001) ...  
INFO  @ Fri, 22 Sep 2023 09:36:14: Thread 0: Calculating RNF146 (3001) ...  
INFO  @ Fri, 22 Sep 2023 09:36:17: Thread 0 completed. 
INFO  @ Fri, 22 Sep 2023 09:36:17: All threads completed. 
INFO  @ Fri, 22 Sep 2023 09:36:18: Permuting round 1 ... 
INFO  @ Fri, 22 Sep 2023 09:36:18: Thread 0 started. 
INFO  @ Fri, 22 Sep 2023 09:36:18: Thread 0: total 3516 instances. 
INFO  @ Fri, 22 Sep 2023 09:36:18: Thread 0: Calculating AATK (1) ...  
INFO  @ Fri, 22 Sep 2023 09:36:24: Thread 0: Calculating NFXL1 (1001) ...  
INFO  @ Fri, 22 Sep 2023 09:36:30: Thread 0: Calculating MLL1 (2001) ...  
INFO  @ Fri, 22 Sep 2023 09:36:36: Thread 0: Calculating RNF146 (3001) ...  
INFO  @ Fri, 22 Sep 2023 09:36:39: Thread 0 completed. 
INFO  @ Fri, 22 Sep 2023 09:36:39: All threads completed. 
INFO  @ Fri, 22 Sep 2023 09:36:40: Assigning p values... 
INFO  @ Fri, 22 Sep 2023 09:36:40: Permuting groups of gene with 17 sgRNAs per gene. Group progress: 17/41 
INFO  @ Fri, 22 Sep 2023 09:36:40: Start permuting 2 rounds ... 
INFO  @ Fri, 22 Sep 2023 09:36:40: Collecting 26156 sgRNAs from 3516 genes. 
INFO  @ Fri, 22 Sep 2023 09:36:40: Permuting round 0 ... 
INFO  @ Fri, 22 Sep 2023 09:36:41: Thread 0 started. 
INFO  @ Fri, 22 Sep 2023 09:36:41: Thread 0: total 3516 instances. 
INFO  @ Fri, 22 Sep 2023 09:36:41: Thread 0: Calculating AATK (1) ...  
INFO  @ Fri, 22 Sep 2023 09:36:46: Thread 0: Calculating NFXL1 (1001) ...  
INFO  @ Fri, 22 Sep 2023 09:36:51: Thread 0: Calculating MLL1 (2001) ...  
INFO  @ Fri, 22 Sep 2023 09:36:57: Thread 0: Calculating RNF146 (3001) ...  
INFO  @ Fri, 22 Sep 2023 09:36:59: Thread 0 completed. 
INFO  @ Fri, 22 Sep 2023 09:36:59: All threads completed. 
INFO  @ Fri, 22 Sep 2023 09:37:01: Permuting round 1 ... 
INFO  @ Fri, 22 Sep 2023 09:37:01: Thread 0 started. 
INFO  @ Fri, 22 Sep 2023 09:37:01: Thread 0: total 3516 instances. 
INFO  @ Fri, 22 Sep 2023 09:37:01: Thread 0: Calculating AATK (1) ...  
INFO  @ Fri, 22 Sep 2023 09:37:06: Thread 0: Calculating NFXL1 (1001) ...  
INFO  @ Fri, 22 Sep 2023 09:37:12: Thread 0: Calculating MLL1 (2001) ...  
INFO  @ Fri, 22 Sep 2023 09:37:17: Thread 0: Calculating RNF146 (3001) ...  
INFO  @ Fri, 22 Sep 2023 09:37:20: Thread 0 completed. 
INFO  @ Fri, 22 Sep 2023 09:37:20: All threads completed. 
INFO  @ Fri, 22 Sep 2023 09:37:22: Assigning p values... 
INFO  @ Fri, 22 Sep 2023 09:37:22: Permuting groups of gene with 18 sgRNAs per gene. Group progress: 18/41 
INFO  @ Fri, 22 Sep 2023 09:37:22: Start permuting 2 rounds ... 
INFO  @ Fri, 22 Sep 2023 09:37:22: Collecting 26156 sgRNAs from 3516 genes. 
INFO  @ Fri, 22 Sep 2023 09:37:22: Permuting round 0 ... 
INFO  @ Fri, 22 Sep 2023 09:37:22: Thread 0 started. 
INFO  @ Fri, 22 Sep 2023 09:37:22: Thread 0: total 3516 instances. 
INFO  @ Fri, 22 Sep 2023 09:37:22: Thread 0: Calculating AATK (1) ...  
INFO  @ Fri, 22 Sep 2023 09:37:28: Thread 0: Calculating NFXL1 (1001) ...  
INFO  @ Fri, 22 Sep 2023 09:37:33: Thread 0: Calculating MLL1 (2001) ...  
INFO  @ Fri, 22 Sep 2023 09:37:38: Thread 0: Calculating RNF146 (3001) ...  
INFO  @ Fri, 22 Sep 2023 09:37:41: Thread 0 completed. 
INFO  @ Fri, 22 Sep 2023 09:37:41: All threads completed. 
INFO  @ Fri, 22 Sep 2023 09:37:43: Permuting round 1 ... 
INFO  @ Fri, 22 Sep 2023 09:37:43: Thread 0 started. 
INFO  @ Fri, 22 Sep 2023 09:37:43: Thread 0: total 3516 instances. 
INFO  @ Fri, 22 Sep 2023 09:37:43: Thread 0: Calculating AATK (1) ...  
INFO  @ Fri, 22 Sep 2023 09:37:48: Thread 0: Calculating NFXL1 (1001) ...  
INFO  @ Fri, 22 Sep 2023 09:37:53: Thread 0: Calculating MLL1 (2001) ...  
INFO  @ Fri, 22 Sep 2023 09:37:58: Thread 0: Calculating RNF146 (3001) ...  
INFO  @ Fri, 22 Sep 2023 09:38:00: Thread 0 completed. 
INFO  @ Fri, 22 Sep 2023 09:38:00: All threads completed. 
INFO  @ Fri, 22 Sep 2023 09:38:02: Assigning p values... 
INFO  @ Fri, 22 Sep 2023 09:38:02: Permuting groups of gene with 19 sgRNAs per gene. Group progress: 19/41 
INFO  @ Fri, 22 Sep 2023 09:38:02: Start permuting 2 rounds ... 
INFO  @ Fri, 22 Sep 2023 09:38:02: Collecting 26156 sgRNAs from 3516 genes. 
INFO  @ Fri, 22 Sep 2023 09:38:02: Permuting round 0 ... 
INFO  @ Fri, 22 Sep 2023 09:38:02: Thread 0 started. 
INFO  @ Fri, 22 Sep 2023 09:38:02: Thread 0: total 3516 instances. 
INFO  @ Fri, 22 Sep 2023 09:38:03: Thread 0: Calculating AATK (1) ...  
INFO  @ Fri, 22 Sep 2023 09:38:08: Thread 0: Calculating NFXL1 (1001) ...  
INFO  @ Fri, 22 Sep 2023 09:38:13: Thread 0: Calculating MLL1 (2001) ...  
INFO  @ Fri, 22 Sep 2023 09:38:18: Thread 0: Calculating RNF146 (3001) ...  
INFO  @ Fri, 22 Sep 2023 09:38:20: Thread 0 completed. 
INFO  @ Fri, 22 Sep 2023 09:38:20: All threads completed. 
INFO  @ Fri, 22 Sep 2023 09:38:22: Permuting round 1 ... 
INFO  @ Fri, 22 Sep 2023 09:38:22: Thread 0 started. 
INFO  @ Fri, 22 Sep 2023 09:38:22: Thread 0: total 3516 instances. 
INFO  @ Fri, 22 Sep 2023 09:38:22: Thread 0: Calculating AATK (1) ...  
INFO  @ Fri, 22 Sep 2023 09:38:27: Thread 0: Calculating NFXL1 (1001) ...  
INFO  @ Fri, 22 Sep 2023 09:38:32: Thread 0: Calculating MLL1 (2001) ...  
INFO  @ Fri, 22 Sep 2023 09:38:37: Thread 0: Calculating RNF146 (3001) ...  
INFO  @ Fri, 22 Sep 2023 09:38:40: Thread 0 completed. 
INFO  @ Fri, 22 Sep 2023 09:38:40: All threads completed. 
INFO  @ Fri, 22 Sep 2023 09:38:41: Assigning p values... 
INFO  @ Fri, 22 Sep 2023 09:38:41: Permuting groups of gene with 20 sgRNAs per gene. Group progress: 20/41 
INFO  @ Fri, 22 Sep 2023 09:38:41: Start permuting 2 rounds ... 
INFO  @ Fri, 22 Sep 2023 09:38:41: Collecting 26156 sgRNAs from 3516 genes. 
INFO  @ Fri, 22 Sep 2023 09:38:41: Permuting round 0 ... 
INFO  @ Fri, 22 Sep 2023 09:38:42: Thread 0 started. 
INFO  @ Fri, 22 Sep 2023 09:38:42: Thread 0: total 3516 instances. 
INFO  @ Fri, 22 Sep 2023 09:38:42: Thread 0: Calculating AATK (1) ...  
INFO  @ Fri, 22 Sep 2023 09:38:47: Thread 0: Calculating NFXL1 (1001) ...  
INFO  @ Fri, 22 Sep 2023 09:38:51: Thread 0: Calculating MLL1 (2001) ...  
INFO  @ Fri, 22 Sep 2023 09:38:57: Thread 0: Calculating RNF146 (3001) ...  
INFO  @ Fri, 22 Sep 2023 09:38:59: Thread 0 completed. 
INFO  @ Fri, 22 Sep 2023 09:38:59: All threads completed. 
INFO  @ Fri, 22 Sep 2023 09:39:01: Permuting round 1 ... 
INFO  @ Fri, 22 Sep 2023 09:39:01: Thread 0 started. 
INFO  @ Fri, 22 Sep 2023 09:39:01: Thread 0: total 3516 instances. 
INFO  @ Fri, 22 Sep 2023 09:39:01: Thread 0: Calculating AATK (1) ...  
INFO  @ Fri, 22 Sep 2023 09:39:06: Thread 0: Calculating NFXL1 (1001) ...  
INFO  @ Fri, 22 Sep 2023 09:39:11: Thread 0: Calculating MLL1 (2001) ...  
INFO  @ Fri, 22 Sep 2023 09:39:16: Thread 0: Calculating RNF146 (3001) ...  
INFO  @ Fri, 22 Sep 2023 09:39:19: Thread 0 completed. 
INFO  @ Fri, 22 Sep 2023 09:39:19: All threads completed. 
INFO  @ Fri, 22 Sep 2023 09:39:20: Assigning p values... 
INFO  @ Fri, 22 Sep 2023 09:39:20: Permuting groups of gene with 21 sgRNAs per gene. Group progress: 21/41 
INFO  @ Fri, 22 Sep 2023 09:39:20: Start permuting 2 rounds ... 
INFO  @ Fri, 22 Sep 2023 09:39:20: Collecting 26156 sgRNAs from 3516 genes. 
INFO  @ Fri, 22 Sep 2023 09:39:21: Permuting round 0 ... 
INFO  @ Fri, 22 Sep 2023 09:39:21: Thread 0 started. 
INFO  @ Fri, 22 Sep 2023 09:39:21: Thread 0: total 3516 instances. 
INFO  @ Fri, 22 Sep 2023 09:39:21: Thread 0: Calculating AATK (1) ...  
INFO  @ Fri, 22 Sep 2023 09:39:26: Thread 0: Calculating NFXL1 (1001) ...  
INFO  @ Fri, 22 Sep 2023 09:39:31: Thread 0: Calculating MLL1 (2001) ...  
INFO  @ Fri, 22 Sep 2023 09:39:36: Thread 0: Calculating RNF146 (3001) ...  
INFO  @ Fri, 22 Sep 2023 09:39:39: Thread 0 completed. 
INFO  @ Fri, 22 Sep 2023 09:39:39: All threads completed. 
INFO  @ Fri, 22 Sep 2023 09:39:41: Permuting round 1 ... 
INFO  @ Fri, 22 Sep 2023 09:39:41: Thread 0 started. 
INFO  @ Fri, 22 Sep 2023 09:39:41: Thread 0: total 3516 instances. 
INFO  @ Fri, 22 Sep 2023 09:39:41: Thread 0: Calculating AATK (1) ...  
INFO  @ Fri, 22 Sep 2023 09:39:46: Thread 0: Calculating NFXL1 (1001) ...  
INFO  @ Fri, 22 Sep 2023 09:39:51: Thread 0: Calculating MLL1 (2001) ...  
INFO  @ Fri, 22 Sep 2023 09:39:57: Thread 0: Calculating RNF146 (3001) ...  
INFO  @ Fri, 22 Sep 2023 09:39:59: Thread 0 completed. 
INFO  @ Fri, 22 Sep 2023 09:39:59: All threads completed. 
INFO  @ Fri, 22 Sep 2023 09:40:01: Assigning p values... 
INFO  @ Fri, 22 Sep 2023 09:40:01: Permuting groups of gene with 22 sgRNAs per gene. Group progress: 22/41 
INFO  @ Fri, 22 Sep 2023 09:40:01: Start permuting 2 rounds ... 
INFO  @ Fri, 22 Sep 2023 09:40:01: Collecting 26156 sgRNAs from 3516 genes. 
INFO  @ Fri, 22 Sep 2023 09:40:01: Permuting round 0 ... 
INFO  @ Fri, 22 Sep 2023 09:40:01: Thread 0 started. 
INFO  @ Fri, 22 Sep 2023 09:40:01: Thread 0: total 3516 instances. 
INFO  @ Fri, 22 Sep 2023 09:40:01: Thread 0: Calculating AATK (1) ...  
INFO  @ Fri, 22 Sep 2023 09:40:07: Thread 0: Calculating NFXL1 (1001) ...  
INFO  @ Fri, 22 Sep 2023 09:40:12: Thread 0: Calculating MLL1 (2001) ...  
INFO  @ Fri, 22 Sep 2023 09:40:19: Thread 0: Calculating RNF146 (3001) ...  
INFO  @ Fri, 22 Sep 2023 09:40:21: Thread 0 completed. 
INFO  @ Fri, 22 Sep 2023 09:40:21: All threads completed. 
INFO  @ Fri, 22 Sep 2023 09:40:23: Permuting round 1 ... 
INFO  @ Fri, 22 Sep 2023 09:40:23: Thread 0 started. 
INFO  @ Fri, 22 Sep 2023 09:40:23: Thread 0: total 3516 instances. 
INFO  @ Fri, 22 Sep 2023 09:40:23: Thread 0: Calculating AATK (1) ...  
INFO  @ Fri, 22 Sep 2023 09:40:28: Thread 0: Calculating NFXL1 (1001) ...  
INFO  @ Fri, 22 Sep 2023 09:40:34: Thread 0: Calculating MLL1 (2001) ...  
INFO  @ Fri, 22 Sep 2023 09:40:39: Thread 0: Calculating RNF146 (3001) ...  
INFO  @ Fri, 22 Sep 2023 09:40:41: Thread 0 completed. 
INFO  @ Fri, 22 Sep 2023 09:40:41: All threads completed. 
INFO  @ Fri, 22 Sep 2023 09:40:42: Assigning p values... 
INFO  @ Fri, 22 Sep 2023 09:40:43: Permuting groups of gene with 23 sgRNAs per gene. Group progress: 23/41 
INFO  @ Fri, 22 Sep 2023 09:40:43: Start permuting 2 rounds ... 
INFO  @ Fri, 22 Sep 2023 09:40:43: Collecting 26156 sgRNAs from 3516 genes. 
INFO  @ Fri, 22 Sep 2023 09:40:43: Permuting round 0 ... 
INFO  @ Fri, 22 Sep 2023 09:40:43: Thread 0 started. 
INFO  @ Fri, 22 Sep 2023 09:40:43: Thread 0: total 3516 instances. 
INFO  @ Fri, 22 Sep 2023 09:40:43: Thread 0: Calculating AATK (1) ...  
INFO  @ Fri, 22 Sep 2023 09:40:48: Thread 0: Calculating NFXL1 (1001) ...  
INFO  @ Fri, 22 Sep 2023 09:40:53: Thread 0: Calculating MLL1 (2001) ...  
INFO  @ Fri, 22 Sep 2023 09:40:58: Thread 0: Calculating RNF146 (3001) ...  
INFO  @ Fri, 22 Sep 2023 09:41:01: Thread 0 completed. 
INFO  @ Fri, 22 Sep 2023 09:41:01: All threads completed. 
INFO  @ Fri, 22 Sep 2023 09:41:02: Permuting round 1 ... 
INFO  @ Fri, 22 Sep 2023 09:41:02: Thread 0 started. 
INFO  @ Fri, 22 Sep 2023 09:41:02: Thread 0: total 3516 instances. 
INFO  @ Fri, 22 Sep 2023 09:41:02: Thread 0: Calculating AATK (1) ...  
INFO  @ Fri, 22 Sep 2023 09:41:07: Thread 0: Calculating NFXL1 (1001) ...  
INFO  @ Fri, 22 Sep 2023 09:41:12: Thread 0: Calculating MLL1 (2001) ...  
INFO  @ Fri, 22 Sep 2023 09:41:17: Thread 0: Calculating RNF146 (3001) ...  
INFO  @ Fri, 22 Sep 2023 09:41:19: Thread 0 completed. 
INFO  @ Fri, 22 Sep 2023 09:41:19: All threads completed. 
INFO  @ Fri, 22 Sep 2023 09:41:21: Assigning p values... 
INFO  @ Fri, 22 Sep 2023 09:41:21: Permuting groups of gene with 24 sgRNAs per gene. Group progress: 24/41 
INFO  @ Fri, 22 Sep 2023 09:41:21: Start permuting 2 rounds ... 
INFO  @ Fri, 22 Sep 2023 09:41:21: Collecting 26156 sgRNAs from 3516 genes. 
INFO  @ Fri, 22 Sep 2023 09:41:21: Permuting round 0 ... 
INFO  @ Fri, 22 Sep 2023 09:41:21: Thread 0 started. 
INFO  @ Fri, 22 Sep 2023 09:41:22: Thread 0: total 3516 instances. 
INFO  @ Fri, 22 Sep 2023 09:41:22: Thread 0: Calculating AATK (1) ...  
INFO  @ Fri, 22 Sep 2023 09:41:27: Thread 0: Calculating NFXL1 (1001) ...  
INFO  @ Fri, 22 Sep 2023 09:41:32: Thread 0: Calculating MLL1 (2001) ...  
INFO  @ Fri, 22 Sep 2023 09:41:37: Thread 0: Calculating RNF146 (3001) ...  
INFO  @ Fri, 22 Sep 2023 09:41:39: Thread 0 completed. 
INFO  @ Fri, 22 Sep 2023 09:41:39: All threads completed. 
INFO  @ Fri, 22 Sep 2023 09:41:40: Permuting round 1 ... 
INFO  @ Fri, 22 Sep 2023 09:41:40: Thread 0 started. 
INFO  @ Fri, 22 Sep 2023 09:41:40: Thread 0: total 3516 instances. 
INFO  @ Fri, 22 Sep 2023 09:41:40: Thread 0: Calculating AATK (1) ...  
INFO  @ Fri, 22 Sep 2023 09:41:46: Thread 0: Calculating NFXL1 (1001) ...  
INFO  @ Fri, 22 Sep 2023 09:41:51: Thread 0: Calculating MLL1 (2001) ...  
INFO  @ Fri, 22 Sep 2023 09:41:56: Thread 0: Calculating RNF146 (3001) ...  
INFO  @ Fri, 22 Sep 2023 09:41:58: Thread 0 completed. 
INFO  @ Fri, 22 Sep 2023 09:41:58: All threads completed. 
INFO  @ Fri, 22 Sep 2023 09:42:00: Assigning p values... 
INFO  @ Fri, 22 Sep 2023 09:42:00: Permuting groups of gene with 25 sgRNAs per gene. Group progress: 25/41 
INFO  @ Fri, 22 Sep 2023 09:42:00: Start permuting 2 rounds ... 
INFO  @ Fri, 22 Sep 2023 09:42:00: Collecting 26156 sgRNAs from 3516 genes. 
INFO  @ Fri, 22 Sep 2023 09:42:00: Permuting round 0 ... 
INFO  @ Fri, 22 Sep 2023 09:42:00: Thread 0 started. 
INFO  @ Fri, 22 Sep 2023 09:42:00: Thread 0: total 3516 instances. 
INFO  @ Fri, 22 Sep 2023 09:42:00: Thread 0: Calculating AATK (1) ...  
INFO  @ Fri, 22 Sep 2023 09:42:05: Thread 0: Calculating NFXL1 (1001) ...  
INFO  @ Fri, 22 Sep 2023 09:42:10: Thread 0: Calculating MLL1 (2001) ...  
INFO  @ Fri, 22 Sep 2023 09:42:16: Thread 0: Calculating RNF146 (3001) ...  
INFO  @ Fri, 22 Sep 2023 09:42:18: Thread 0 completed. 
INFO  @ Fri, 22 Sep 2023 09:42:18: All threads completed. 
INFO  @ Fri, 22 Sep 2023 09:42:19: Permuting round 1 ... 
INFO  @ Fri, 22 Sep 2023 09:42:20: Thread 0 started. 
INFO  @ Fri, 22 Sep 2023 09:42:20: Thread 0: total 3516 instances. 
INFO  @ Fri, 22 Sep 2023 09:42:20: Thread 0: Calculating AATK (1) ...  
INFO  @ Fri, 22 Sep 2023 09:42:25: Thread 0: Calculating NFXL1 (1001) ...  
INFO  @ Fri, 22 Sep 2023 09:42:30: Thread 0: Calculating MLL1 (2001) ...  
INFO  @ Fri, 22 Sep 2023 09:42:35: Thread 0: Calculating RNF146 (3001) ...  
INFO  @ Fri, 22 Sep 2023 09:42:38: Thread 0 completed. 
INFO  @ Fri, 22 Sep 2023 09:42:38: All threads completed. 
INFO  @ Fri, 22 Sep 2023 09:42:39: Assigning p values... 
INFO  @ Fri, 22 Sep 2023 09:42:39: Permuting groups of gene with 27 sgRNAs per gene. Group progress: 26/41 
INFO  @ Fri, 22 Sep 2023 09:42:39: Start permuting 2 rounds ... 
INFO  @ Fri, 22 Sep 2023 09:42:40: Collecting 26156 sgRNAs from 3516 genes. 
INFO  @ Fri, 22 Sep 2023 09:42:40: Permuting round 0 ... 
INFO  @ Fri, 22 Sep 2023 09:42:40: Thread 0 started. 
INFO  @ Fri, 22 Sep 2023 09:42:40: Thread 0: total 3516 instances. 
INFO  @ Fri, 22 Sep 2023 09:42:40: Thread 0: Calculating AATK (1) ...  
INFO  @ Fri, 22 Sep 2023 09:42:45: Thread 0: Calculating NFXL1 (1001) ...  
INFO  @ Fri, 22 Sep 2023 09:42:50: Thread 0: Calculating MLL1 (2001) ...  
INFO  @ Fri, 22 Sep 2023 09:42:55: Thread 0: Calculating RNF146 (3001) ...  
INFO  @ Fri, 22 Sep 2023 09:42:58: Thread 0 completed. 
INFO  @ Fri, 22 Sep 2023 09:42:58: All threads completed. 
INFO  @ Fri, 22 Sep 2023 09:42:59: Permuting round 1 ... 
INFO  @ Fri, 22 Sep 2023 09:42:59: Thread 0 started. 
INFO  @ Fri, 22 Sep 2023 09:42:59: Thread 0: total 3516 instances. 
INFO  @ Fri, 22 Sep 2023 09:42:59: Thread 0: Calculating AATK (1) ...  
INFO  @ Fri, 22 Sep 2023 09:43:05: Thread 0: Calculating NFXL1 (1001) ...  
INFO  @ Fri, 22 Sep 2023 09:43:10: Thread 0: Calculating MLL1 (2001) ...  
INFO  @ Fri, 22 Sep 2023 09:43:16: Thread 0: Calculating RNF146 (3001) ...  
INFO  @ Fri, 22 Sep 2023 09:43:19: Thread 0 completed. 
INFO  @ Fri, 22 Sep 2023 09:43:19: All threads completed. 
INFO  @ Fri, 22 Sep 2023 09:43:20: Assigning p values... 
INFO  @ Fri, 22 Sep 2023 09:43:20: Permuting groups of gene with 28 sgRNAs per gene. Group progress: 27/41 
INFO  @ Fri, 22 Sep 2023 09:43:20: Start permuting 2 rounds ... 
INFO  @ Fri, 22 Sep 2023 09:43:20: Collecting 26156 sgRNAs from 3516 genes. 
INFO  @ Fri, 22 Sep 2023 09:43:20: Permuting round 0 ... 
INFO  @ Fri, 22 Sep 2023 09:43:21: Thread 0 started. 
INFO  @ Fri, 22 Sep 2023 09:43:21: Thread 0: total 3516 instances. 
INFO  @ Fri, 22 Sep 2023 09:43:21: Thread 0: Calculating AATK (1) ...  
INFO  @ Fri, 22 Sep 2023 09:43:26: Thread 0: Calculating NFXL1 (1001) ...  
INFO  @ Fri, 22 Sep 2023 09:43:31: Thread 0: Calculating MLL1 (2001) ...  
INFO  @ Fri, 22 Sep 2023 09:43:37: Thread 0: Calculating RNF146 (3001) ...  
INFO  @ Fri, 22 Sep 2023 09:43:39: Thread 0 completed. 
INFO  @ Fri, 22 Sep 2023 09:43:39: All threads completed. 
INFO  @ Fri, 22 Sep 2023 09:43:40: Permuting round 1 ... 
INFO  @ Fri, 22 Sep 2023 09:43:41: Thread 0 started. 
INFO  @ Fri, 22 Sep 2023 09:43:41: Thread 0: total 3516 instances. 
INFO  @ Fri, 22 Sep 2023 09:43:41: Thread 0: Calculating AATK (1) ...  
INFO  @ Fri, 22 Sep 2023 09:43:46: Thread 0: Calculating NFXL1 (1001) ...  
INFO  @ Fri, 22 Sep 2023 09:43:52: Thread 0: Calculating MLL1 (2001) ...  
INFO  @ Fri, 22 Sep 2023 09:43:57: Thread 0: Calculating RNF146 (3001) ...  
INFO  @ Fri, 22 Sep 2023 09:44:00: Thread 0 completed. 
INFO  @ Fri, 22 Sep 2023 09:44:00: All threads completed. 
INFO  @ Fri, 22 Sep 2023 09:44:01: Assigning p values... 
INFO  @ Fri, 22 Sep 2023 09:44:01: Permuting groups of gene with 29 sgRNAs per gene. Group progress: 28/41 
INFO  @ Fri, 22 Sep 2023 09:44:01: Start permuting 2 rounds ... 
INFO  @ Fri, 22 Sep 2023 09:44:01: Collecting 26156 sgRNAs from 3516 genes. 
INFO  @ Fri, 22 Sep 2023 09:44:02: Permuting round 0 ... 
INFO  @ Fri, 22 Sep 2023 09:44:02: Thread 0 started. 
INFO  @ Fri, 22 Sep 2023 09:44:02: Thread 0: total 3516 instances. 
INFO  @ Fri, 22 Sep 2023 09:44:02: Thread 0: Calculating AATK (1) ...  
INFO  @ Fri, 22 Sep 2023 09:44:07: Thread 0: Calculating NFXL1 (1001) ...  
INFO  @ Fri, 22 Sep 2023 09:44:13: Thread 0: Calculating MLL1 (2001) ...  
INFO  @ Fri, 22 Sep 2023 09:44:18: Thread 0: Calculating RNF146 (3001) ...  
INFO  @ Fri, 22 Sep 2023 09:44:21: Thread 0 completed. 
INFO  @ Fri, 22 Sep 2023 09:44:21: All threads completed. 
INFO  @ Fri, 22 Sep 2023 09:44:22: Permuting round 1 ... 
INFO  @ Fri, 22 Sep 2023 09:44:22: Thread 0 started. 
INFO  @ Fri, 22 Sep 2023 09:44:22: Thread 0: total 3516 instances. 
INFO  @ Fri, 22 Sep 2023 09:44:22: Thread 0: Calculating AATK (1) ...  
INFO  @ Fri, 22 Sep 2023 09:44:28: Thread 0: Calculating NFXL1 (1001) ...  
INFO  @ Fri, 22 Sep 2023 09:44:33: Thread 0: Calculating MLL1 (2001) ...  
INFO  @ Fri, 22 Sep 2023 09:44:39: Thread 0: Calculating RNF146 (3001) ...  
INFO  @ Fri, 22 Sep 2023 09:44:42: Thread 0 completed. 
INFO  @ Fri, 22 Sep 2023 09:44:42: All threads completed. 
INFO  @ Fri, 22 Sep 2023 09:44:43: Assigning p values... 
INFO  @ Fri, 22 Sep 2023 09:44:43: Permuting groups of gene with 30 sgRNAs per gene. Group progress: 29/41 
INFO  @ Fri, 22 Sep 2023 09:44:43: Start permuting 2 rounds ... 
INFO  @ Fri, 22 Sep 2023 09:44:43: Collecting 26156 sgRNAs from 3516 genes. 
INFO  @ Fri, 22 Sep 2023 09:44:44: Permuting round 0 ... 
INFO  @ Fri, 22 Sep 2023 09:44:44: Thread 0 started. 
INFO  @ Fri, 22 Sep 2023 09:44:44: Thread 0: total 3516 instances. 
INFO  @ Fri, 22 Sep 2023 09:44:44: Thread 0: Calculating AATK (1) ...  
INFO  @ Fri, 22 Sep 2023 09:44:49: Thread 0: Calculating NFXL1 (1001) ...  
INFO  @ Fri, 22 Sep 2023 09:44:55: Thread 0: Calculating MLL1 (2001) ...  
INFO  @ Fri, 22 Sep 2023 09:45:01: Thread 0: Calculating RNF146 (3001) ...  
INFO  @ Fri, 22 Sep 2023 09:45:03: Thread 0 completed. 
INFO  @ Fri, 22 Sep 2023 09:45:03: All threads completed. 
INFO  @ Fri, 22 Sep 2023 09:45:05: Permuting round 1 ... 
INFO  @ Fri, 22 Sep 2023 09:45:05: Thread 0 started. 
INFO  @ Fri, 22 Sep 2023 09:45:05: Thread 0: total 3516 instances. 
INFO  @ Fri, 22 Sep 2023 09:45:05: Thread 0: Calculating AATK (1) ...  
INFO  @ Fri, 22 Sep 2023 09:45:11: Thread 0: Calculating NFXL1 (1001) ...  
INFO  @ Fri, 22 Sep 2023 09:45:16: Thread 0: Calculating MLL1 (2001) ...  
INFO  @ Fri, 22 Sep 2023 09:45:22: Thread 0: Calculating RNF146 (3001) ...  
INFO  @ Fri, 22 Sep 2023 09:45:25: Thread 0 completed. 
INFO  @ Fri, 22 Sep 2023 09:45:25: All threads completed. 
INFO  @ Fri, 22 Sep 2023 09:45:26: Assigning p values... 
INFO  @ Fri, 22 Sep 2023 09:45:26: Permuting groups of gene with 31 sgRNAs per gene. Group progress: 30/41 
INFO  @ Fri, 22 Sep 2023 09:45:26: Start permuting 2 rounds ... 
INFO  @ Fri, 22 Sep 2023 09:45:27: Collecting 26156 sgRNAs from 3516 genes. 
INFO  @ Fri, 22 Sep 2023 09:45:27: Permuting round 0 ... 
INFO  @ Fri, 22 Sep 2023 09:45:27: Thread 0 started. 
INFO  @ Fri, 22 Sep 2023 09:45:27: Thread 0: total 3516 instances. 
INFO  @ Fri, 22 Sep 2023 09:45:27: Thread 0: Calculating AATK (1) ...  
INFO  @ Fri, 22 Sep 2023 09:45:43: Thread 0: Calculating NFXL1 (1001) ...  
INFO  @ Fri, 22 Sep 2023 09:46:02: Thread 0: Calculating MLL1 (2001) ...  
INFO  @ Fri, 22 Sep 2023 09:46:23: Thread 0: Calculating RNF146 (3001) ...  
INFO  @ Fri, 22 Sep 2023 09:46:35: Thread 0 completed. 
INFO  @ Fri, 22 Sep 2023 09:46:35: All threads completed. 
INFO  @ Fri, 22 Sep 2023 09:46:36: Permuting round 1 ... 
INFO  @ Fri, 22 Sep 2023 09:46:37: Thread 0 started. 
INFO  @ Fri, 22 Sep 2023 09:46:37: Thread 0: total 3516 instances. 
INFO  @ Fri, 22 Sep 2023 09:46:37: Thread 0: Calculating AATK (1) ...  
INFO  @ Fri, 22 Sep 2023 09:47:01: Thread 0: Calculating NFXL1 (1001) ...  
INFO  @ Fri, 22 Sep 2023 09:47:22: Thread 0: Calculating MLL1 (2001) ...  
INFO  @ Fri, 22 Sep 2023 09:47:46: Thread 0: Calculating RNF146 (3001) ...  
INFO  @ Fri, 22 Sep 2023 09:47:57: Thread 0 completed. 
INFO  @ Fri, 22 Sep 2023 09:47:57: All threads completed. 
INFO  @ Fri, 22 Sep 2023 09:47:59: Assigning p values... 
INFO  @ Fri, 22 Sep 2023 09:47:59: Permuting groups of gene with 32 sgRNAs per gene. Group progress: 31/41 
INFO  @ Fri, 22 Sep 2023 09:47:59: Start permuting 2 rounds ... 
INFO  @ Fri, 22 Sep 2023 09:47:59: Collecting 26156 sgRNAs from 3516 genes. 
INFO  @ Fri, 22 Sep 2023 09:48:00: Permuting round 0 ... 
INFO  @ Fri, 22 Sep 2023 09:48:00: Thread 0 started. 
INFO  @ Fri, 22 Sep 2023 09:48:00: Thread 0: total 3516 instances. 
INFO  @ Fri, 22 Sep 2023 09:48:00: Thread 0: Calculating AATK (1) ...  
INFO  @ Fri, 22 Sep 2023 09:48:30: Thread 0: Calculating NFXL1 (1001) ...  
INFO  @ Fri, 22 Sep 2023 09:49:00: Thread 0: Calculating MLL1 (2001) ...  
INFO  @ Fri, 22 Sep 2023 09:49:31: Thread 0: Calculating RNF146 (3001) ...  
INFO  @ Fri, 22 Sep 2023 09:49:48: Thread 0 completed. 
INFO  @ Fri, 22 Sep 2023 09:49:48: All threads completed. 
INFO  @ Fri, 22 Sep 2023 09:49:50: Permuting round 1 ... 
INFO  @ Fri, 22 Sep 2023 09:49:51: Thread 0 started. 
INFO  @ Fri, 22 Sep 2023 09:49:51: Thread 0: total 3516 instances. 
INFO  @ Fri, 22 Sep 2023 09:49:51: Thread 0: Calculating AATK (1) ...  
INFO  @ Fri, 22 Sep 2023 09:50:29: Thread 0: Calculating NFXL1 (1001) ...  
INFO  @ Fri, 22 Sep 2023 09:51:05: Thread 0: Calculating MLL1 (2001) ...  
INFO  @ Fri, 22 Sep 2023 09:51:37: Thread 0: Calculating RNF146 (3001) ...  
INFO  @ Fri, 22 Sep 2023 09:51:54: Thread 0 completed. 
INFO  @ Fri, 22 Sep 2023 09:51:54: All threads completed. 
INFO  @ Fri, 22 Sep 2023 09:51:57: Assigning p values... 
INFO  @ Fri, 22 Sep 2023 09:51:57: Permuting groups of gene with 33 sgRNAs per gene. Group progress: 32/41 
INFO  @ Fri, 22 Sep 2023 09:51:57: Start permuting 2 rounds ... 
INFO  @ Fri, 22 Sep 2023 09:51:57: Collecting 26156 sgRNAs from 3516 genes. 
INFO  @ Fri, 22 Sep 2023 09:51:58: Permuting round 0 ... 
INFO  @ Fri, 22 Sep 2023 09:52:00: Thread 0 started. 
INFO  @ Fri, 22 Sep 2023 09:52:00: Thread 0: total 3516 instances. 
INFO  @ Fri, 22 Sep 2023 09:52:00: Thread 0: Calculating AATK (1) ...  
INFO  @ Fri, 22 Sep 2023 09:52:33: Thread 0: Calculating NFXL1 (1001) ...  
INFO  @ Fri, 22 Sep 2023 09:53:06: Thread 0: Calculating MLL1 (2001) ...  
INFO  @ Fri, 22 Sep 2023 09:53:50: Thread 0: Calculating RNF146 (3001) ...  
INFO  @ Fri, 22 Sep 2023 09:54:10: Thread 0 completed. 
INFO  @ Fri, 22 Sep 2023 09:54:10: All threads completed. 
INFO  @ Fri, 22 Sep 2023 09:54:12: Permuting round 1 ... 
INFO  @ Fri, 22 Sep 2023 09:54:13: Thread 0 started. 
INFO  @ Fri, 22 Sep 2023 09:54:13: Thread 0: total 3516 instances. 
INFO  @ Fri, 22 Sep 2023 09:54:13: Thread 0: Calculating AATK (1) ...  
INFO  @ Fri, 22 Sep 2023 09:54:52: Thread 0: Calculating NFXL1 (1001) ...  
INFO  @ Fri, 22 Sep 2023 09:55:29: Thread 0: Calculating MLL1 (2001) ...  
INFO  @ Fri, 22 Sep 2023 09:56:02: Thread 0: Calculating RNF146 (3001) ...  
INFO  @ Fri, 22 Sep 2023 09:56:19: Thread 0 completed. 
INFO  @ Fri, 22 Sep 2023 09:56:19: All threads completed. 
INFO  @ Fri, 22 Sep 2023 09:56:22: Assigning p values... 
INFO  @ Fri, 22 Sep 2023 09:56:23: Permuting groups of gene with 34 sgRNAs per gene. Group progress: 33/41 
INFO  @ Fri, 22 Sep 2023 09:56:23: Start permuting 2 rounds ... 
INFO  @ Fri, 22 Sep 2023 09:56:23: Collecting 26156 sgRNAs from 3516 genes. 
INFO  @ Fri, 22 Sep 2023 09:56:25: Permuting round 0 ... 
INFO  @ Fri, 22 Sep 2023 09:56:26: Thread 0 started. 
INFO  @ Fri, 22 Sep 2023 09:56:26: Thread 0: total 3516 instances. 
INFO  @ Fri, 22 Sep 2023 09:56:26: Thread 0: Calculating AATK (1) ...  
INFO  @ Fri, 22 Sep 2023 09:57:17: Thread 0: Calculating NFXL1 (1001) ...  
INFO  @ Fri, 22 Sep 2023 09:57:54: Thread 0: Calculating MLL1 (2001) ...  
INFO  @ Fri, 22 Sep 2023 09:58:34: Thread 0: Calculating RNF146 (3001) ...  
INFO  @ Fri, 22 Sep 2023 09:58:55: Thread 0 completed. 
INFO  @ Fri, 22 Sep 2023 09:58:55: All threads completed. 
INFO  @ Fri, 22 Sep 2023 09:58:59: Permuting round 1 ... 
INFO  @ Fri, 22 Sep 2023 09:59:00: Thread 0 started. 
INFO  @ Fri, 22 Sep 2023 09:59:00: Thread 0: total 3516 instances. 
INFO  @ Fri, 22 Sep 2023 09:59:00: Thread 0: Calculating AATK (1) ...  
INFO  @ Fri, 22 Sep 2023 09:59:47: Thread 0: Calculating NFXL1 (1001) ...  
INFO  @ Fri, 22 Sep 2023 10:00:33: Thread 0: Calculating MLL1 (2001) ...  
INFO  @ Fri, 22 Sep 2023 10:01:18: Thread 0: Calculating RNF146 (3001) ...  
INFO  @ Fri, 22 Sep 2023 10:01:41: Thread 0 completed. 
INFO  @ Fri, 22 Sep 2023 10:01:41: All threads completed. 
INFO  @ Fri, 22 Sep 2023 10:01:45: Assigning p values... 
INFO  @ Fri, 22 Sep 2023 10:01:45: Permuting groups of gene with 37 sgRNAs per gene. Group progress: 34/41 
INFO  @ Fri, 22 Sep 2023 10:01:45: Start permuting 2 rounds ... 
INFO  @ Fri, 22 Sep 2023 10:01:46: Collecting 26156 sgRNAs from 3516 genes. 
INFO  @ Fri, 22 Sep 2023 10:01:47: Permuting round 0 ... 
INFO  @ Fri, 22 Sep 2023 10:01:48: Thread 0 started. 
INFO  @ Fri, 22 Sep 2023 10:01:48: Thread 0: total 3516 instances. 
INFO  @ Fri, 22 Sep 2023 10:01:48: Thread 0: Calculating AATK (1) ...  
INFO  @ Fri, 22 Sep 2023 10:02:34: Thread 0: Calculating NFXL1 (1001) ...  
INFO  @ Fri, 22 Sep 2023 10:03:26: Thread 0: Calculating MLL1 (2001) ...  
INFO  @ Fri, 22 Sep 2023 10:04:22: Thread 0: Calculating RNF146 (3001) ...  
INFO  @ Fri, 22 Sep 2023 10:04:50: Thread 0 completed. 
INFO  @ Fri, 22 Sep 2023 10:04:50: All threads completed. 
INFO  @ Fri, 22 Sep 2023 10:04:54: Permuting round 1 ... 
INFO  @ Fri, 22 Sep 2023 10:04:56: Thread 0 started. 
INFO  @ Fri, 22 Sep 2023 10:04:56: Thread 0: total 3516 instances. 
INFO  @ Fri, 22 Sep 2023 10:04:56: Thread 0: Calculating AATK (1) ...  
INFO  @ Fri, 22 Sep 2023 10:05:55: Thread 0: Calculating NFXL1 (1001) ...  
INFO  @ Fri, 22 Sep 2023 10:06:50: Thread 0: Calculating MLL1 (2001) ...  
INFO  @ Fri, 22 Sep 2023 10:07:47: Thread 0: Calculating RNF146 (3001) ...  
INFO  @ Fri, 22 Sep 2023 10:08:17: Thread 0 completed. 
INFO  @ Fri, 22 Sep 2023 10:08:17: All threads completed. 
INFO  @ Fri, 22 Sep 2023 10:08:21: Assigning p values... 
INFO  @ Fri, 22 Sep 2023 10:08:21: Groups of gene with 42 sgRNAs per gene: assigning p values based on previous group results. Group progress: 35/41 
INFO  @ Fri, 22 Sep 2023 10:08:21: Groups of gene with 46 sgRNAs per gene: assigning p values based on previous group results. Group progress: 36/41 
INFO  @ Fri, 22 Sep 2023 10:08:21: Groups of gene with 47 sgRNAs per gene: assigning p values based on previous group results. Group progress: 37/41 
INFO  @ Fri, 22 Sep 2023 10:08:21: Groups of gene with 48 sgRNAs per gene: assigning p values based on previous group results. Group progress: 38/41 
INFO  @ Fri, 22 Sep 2023 10:08:21: Groups of gene with 49 sgRNAs per gene: assigning p values based on previous group results. Group progress: 39/41 
INFO  @ Fri, 22 Sep 2023 10:08:21: Groups of gene with 56 sgRNAs per gene: assigning p values based on previous group results. Group progress: 40/41 
INFO  @ Fri, 22 Sep 2023 10:08:21: Groups of gene with 67 sgRNAs per gene: assigning p values based on previous group results. Group progress: 41/41 
INFO  @ Fri, 22 Sep 2023 10:08:22: Writing gene results to mle_count-Snu1C23.gene_summary.txt 
INFO  @ Fri, 22 Sep 2023 10:08:23: Writing sgRNA results to mle_count-Snu1C23.sgrna_summary.txt 
