INFO  @ Fri, 09 Feb 2024 11:00:29: Parameters: /home/ryan/miniconda3/envs/mageck/bin/mageck mle -k count-DLD1__Ts2.8.csv -d matrixDLD1__Ts2.8.txt -n mle_count-DLD1__Ts2.8 
INFO  @ Fri, 09 Feb 2024 11:00:29: Cannot parse design matrix as a string; try to parse it as a file name ... 
INFO  @ Fri, 09 Feb 2024 11:00:29: Design matrix: 
INFO  @ Fri, 09 Feb 2024 11:00:29: [[1. 0.] 
INFO  @ Fri, 09 Feb 2024 11:00:29:  [1. 1.]] 
INFO  @ Fri, 09 Feb 2024 11:00:29: Beta labels:baseline,Ts2.8 
INFO  @ Fri, 09 Feb 2024 11:00:29: Included samples:DLD1__Ts2.8_D0,DLD1__Ts2.8_D10 
INFO  @ Fri, 09 Feb 2024 11:00:29: Treating count-DLD1__Ts2.8.csv as csv file ... 
INFO  @ Fri, 09 Feb 2024 11:00:29: Loaded samples:DLD1__Ts2.8_D0;DLD1__Ts2.8_D10 
INFO  @ Fri, 09 Feb 2024 11:00:29: Sample index: 0;1 
INFO  @ Fri, 09 Feb 2024 11:00:29: Loaded 3516 genes. 
DEBUG @ Fri, 09 Feb 2024 11:00:29: Initial (total) size factor: 1.047505029564509 0.9566168098927832 
DEBUG @ Fri, 09 Feb 2024 11:00:30: Median factor: 1.0782966963837455 0.9328872174457427 
INFO  @ Fri, 09 Feb 2024 11:00:30: Final size factor: 1.0782966963837455 0.9328872174457427 
INFO  @ Fri, 09 Feb 2024 11:00:30: size factor: 0.927388540977333,1.0719409391609127 
INFO  @ Fri, 09 Feb 2024 11:00:30: Thread 0 started. 
INFO  @ Fri, 09 Feb 2024 11:00:30: Thread 0: total 1 instances. 
INFO  @ Fri, 09 Feb 2024 11:00:30: Thread 0 completed. 
INFO  @ Fri, 09 Feb 2024 11:00:30: All threads completed. 
INFO  @ Fri, 09 Feb 2024 11:00:30: Modeling the mean and variance ... 
INFO  @ Fri, 09 Feb 2024 11:00:30: Run the algorithm for the second time ... 
INFO  @ Fri, 09 Feb 2024 11:00:30: Skipping gene NKX2 from MLE calculation since there are too many sgRNAs. To change, revise the --max-sgrnapergene-permutation option. 
INFO  @ Fri, 09 Feb 2024 11:00:30: Skipping gene PBRM1 from MLE calculation since there are too many sgRNAs. To change, revise the --max-sgrnapergene-permutation option. 
INFO  @ Fri, 09 Feb 2024 11:00:30: Skipping gene KDM2A from MLE calculation since there are too many sgRNAs. To change, revise the --max-sgrnapergene-permutation option. 
INFO  @ Fri, 09 Feb 2024 11:00:30: Skipping gene KDM2B from MLE calculation since there are too many sgRNAs. To change, revise the --max-sgrnapergene-permutation option. 
INFO  @ Fri, 09 Feb 2024 11:00:30: Skipping gene KMT2A from MLE calculation since there are too many sgRNAs. To change, revise the --max-sgrnapergene-permutation option. 
INFO  @ Fri, 09 Feb 2024 11:00:30: Skipping gene KMT2B from MLE calculation since there are too many sgRNAs. To change, revise the --max-sgrnapergene-permutation option. 
INFO  @ Fri, 09 Feb 2024 11:00:30: Skipping gene KMT2C from MLE calculation since there are too many sgRNAs. To change, revise the --max-sgrnapergene-permutation option. 
INFO  @ Fri, 09 Feb 2024 11:00:30: Skipping gene KMT2D from MLE calculation since there are too many sgRNAs. To change, revise the --max-sgrnapergene-permutation option. 
INFO  @ Fri, 09 Feb 2024 11:00:30: Skipping gene NSD1 from MLE calculation since there are too many sgRNAs. To change, revise the --max-sgrnapergene-permutation option. 
INFO  @ Fri, 09 Feb 2024 11:00:30: Skipping gene RNF17 from MLE calculation since there are too many sgRNAs. To change, revise the --max-sgrnapergene-permutation option. 
INFO  @ Fri, 09 Feb 2024 11:00:30: Skipping gene TDRD6 from MLE calculation since there are too many sgRNAs. To change, revise the --max-sgrnapergene-permutation option. 
INFO  @ Fri, 09 Feb 2024 11:00:30: Thread 0 started. 
INFO  @ Fri, 09 Feb 2024 11:00:30: Thread 0: total 3505 instances. 
INFO  @ Fri, 09 Feb 2024 11:00:30: Thread 0: Calculating AATK (1) ...  
INFO  @ Fri, 09 Feb 2024 11:00:33: Thread 0: Calculating NFXL1 (1001) ...  
INFO  @ Fri, 09 Feb 2024 11:00:36: Thread 0: Calculating NO66 (2001) ...  
INFO  @ Fri, 09 Feb 2024 11:00:40: Thread 0: Calculating RNF170 (3001) ...  
INFO  @ Fri, 09 Feb 2024 11:00:42: Thread 0 completed. 
INFO  @ Fri, 09 Feb 2024 11:00:42: All threads completed. 
INFO  @ Fri, 09 Feb 2024 11:00:43: Permuting groups of gene with 1 sgRNAs per gene. Group progress: 1/41 
INFO  @ Fri, 09 Feb 2024 11:00:43: Start permuting 2 rounds ... 
INFO  @ Fri, 09 Feb 2024 11:00:43: Collecting 26156 sgRNAs from 3516 genes. 
INFO  @ Fri, 09 Feb 2024 11:00:43: Permuting round 0 ... 
INFO  @ Fri, 09 Feb 2024 11:00:43: Thread 0 started. 
INFO  @ Fri, 09 Feb 2024 11:00:43: Thread 0: total 3516 instances. 
INFO  @ Fri, 09 Feb 2024 11:00:43: Thread 0: Calculating AATK (1) ...  
INFO  @ Fri, 09 Feb 2024 11:00:45: Thread 0: Calculating NFXL1 (1001) ...  
INFO  @ Fri, 09 Feb 2024 11:00:47: Thread 0: Calculating MLL1 (2001) ...  
INFO  @ Fri, 09 Feb 2024 11:00:49: Thread 0: Calculating RNF146 (3001) ...  
INFO  @ Fri, 09 Feb 2024 11:00:50: Thread 0 completed. 
INFO  @ Fri, 09 Feb 2024 11:00:50: All threads completed. 
INFO  @ Fri, 09 Feb 2024 11:00:51: Permuting round 1 ... 
INFO  @ Fri, 09 Feb 2024 11:00:51: Thread 0 started. 
INFO  @ Fri, 09 Feb 2024 11:00:51: Thread 0: total 3516 instances. 
INFO  @ Fri, 09 Feb 2024 11:00:51: Thread 0: Calculating AATK (1) ...  
INFO  @ Fri, 09 Feb 2024 11:00:53: Thread 0: Calculating NFXL1 (1001) ...  
INFO  @ Fri, 09 Feb 2024 11:00:55: Thread 0: Calculating MLL1 (2001) ...  
INFO  @ Fri, 09 Feb 2024 11:00:57: Thread 0: Calculating RNF146 (3001) ...  
INFO  @ Fri, 09 Feb 2024 11:00:58: Thread 0 completed. 
INFO  @ Fri, 09 Feb 2024 11:00:58: All threads completed. 
INFO  @ Fri, 09 Feb 2024 11:00:59: Assigning p values... 
INFO  @ Fri, 09 Feb 2024 11:00:59: Permuting groups of gene with 2 sgRNAs per gene. Group progress: 2/41 
INFO  @ Fri, 09 Feb 2024 11:00:59: Start permuting 2 rounds ... 
INFO  @ Fri, 09 Feb 2024 11:00:59: Collecting 26156 sgRNAs from 3516 genes. 
INFO  @ Fri, 09 Feb 2024 11:01:00: Permuting round 0 ... 
INFO  @ Fri, 09 Feb 2024 11:01:00: Thread 0 started. 
INFO  @ Fri, 09 Feb 2024 11:01:00: Thread 0: total 3516 instances. 
INFO  @ Fri, 09 Feb 2024 11:01:00: Thread 0: Calculating AATK (1) ...  
INFO  @ Fri, 09 Feb 2024 11:01:04: Thread 0: Calculating NFXL1 (1001) ...  
INFO  @ Fri, 09 Feb 2024 11:01:07: Thread 0: Calculating MLL1 (2001) ...  
INFO  @ Fri, 09 Feb 2024 11:01:10: Thread 0: Calculating RNF146 (3001) ...  
INFO  @ Fri, 09 Feb 2024 11:01:12: Thread 0 completed. 
INFO  @ Fri, 09 Feb 2024 11:01:12: All threads completed. 
INFO  @ Fri, 09 Feb 2024 11:01:13: Permuting round 1 ... 
INFO  @ Fri, 09 Feb 2024 11:01:13: Thread 0 started. 
INFO  @ Fri, 09 Feb 2024 11:01:13: Thread 0: total 3516 instances. 
INFO  @ Fri, 09 Feb 2024 11:01:13: Thread 0: Calculating AATK (1) ...  
INFO  @ Fri, 09 Feb 2024 11:01:17: Thread 0: Calculating NFXL1 (1001) ...  
INFO  @ Fri, 09 Feb 2024 11:01:19: Thread 0: Calculating MLL1 (2001) ...  
INFO  @ Fri, 09 Feb 2024 11:01:22: Thread 0: Calculating RNF146 (3001) ...  
INFO  @ Fri, 09 Feb 2024 11:01:24: Thread 0 completed. 
INFO  @ Fri, 09 Feb 2024 11:01:24: All threads completed. 
INFO  @ Fri, 09 Feb 2024 11:01:25: Assigning p values... 
INFO  @ Fri, 09 Feb 2024 11:01:25: Permuting groups of gene with 3 sgRNAs per gene. Group progress: 3/41 
INFO  @ Fri, 09 Feb 2024 11:01:25: Start permuting 2 rounds ... 
INFO  @ Fri, 09 Feb 2024 11:01:25: Collecting 26156 sgRNAs from 3516 genes. 
INFO  @ Fri, 09 Feb 2024 11:01:25: Permuting round 0 ... 
INFO  @ Fri, 09 Feb 2024 11:01:25: Thread 0 started. 
INFO  @ Fri, 09 Feb 2024 11:01:25: Thread 0: total 3516 instances. 
INFO  @ Fri, 09 Feb 2024 11:01:25: Thread 0: Calculating AATK (1) ...  
INFO  @ Fri, 09 Feb 2024 11:01:28: Thread 0: Calculating NFXL1 (1001) ...  
INFO  @ Fri, 09 Feb 2024 11:01:32: Thread 0: Calculating MLL1 (2001) ...  
INFO  @ Fri, 09 Feb 2024 11:01:35: Thread 0: Calculating RNF146 (3001) ...  
INFO  @ Fri, 09 Feb 2024 11:01:36: Thread 0 completed. 
INFO  @ Fri, 09 Feb 2024 11:01:36: All threads completed. 
INFO  @ Fri, 09 Feb 2024 11:01:38: Permuting round 1 ... 
INFO  @ Fri, 09 Feb 2024 11:01:38: Thread 0 started. 
INFO  @ Fri, 09 Feb 2024 11:01:38: Thread 0: total 3516 instances. 
INFO  @ Fri, 09 Feb 2024 11:01:38: Thread 0: Calculating AATK (1) ...  
INFO  @ Fri, 09 Feb 2024 11:01:41: Thread 0: Calculating NFXL1 (1001) ...  
INFO  @ Fri, 09 Feb 2024 11:01:44: Thread 0: Calculating MLL1 (2001) ...  
INFO  @ Fri, 09 Feb 2024 11:01:48: Thread 0: Calculating RNF146 (3001) ...  
INFO  @ Fri, 09 Feb 2024 11:01:49: Thread 0 completed. 
INFO  @ Fri, 09 Feb 2024 11:01:49: All threads completed. 
INFO  @ Fri, 09 Feb 2024 11:01:51: Assigning p values... 
INFO  @ Fri, 09 Feb 2024 11:01:51: Permuting groups of gene with 4 sgRNAs per gene. Group progress: 4/41 
INFO  @ Fri, 09 Feb 2024 11:01:51: Start permuting 2 rounds ... 
INFO  @ Fri, 09 Feb 2024 11:01:51: Collecting 26156 sgRNAs from 3516 genes. 
INFO  @ Fri, 09 Feb 2024 11:01:51: Permuting round 0 ... 
INFO  @ Fri, 09 Feb 2024 11:01:51: Thread 0 started. 
INFO  @ Fri, 09 Feb 2024 11:01:51: Thread 0: total 3516 instances. 
INFO  @ Fri, 09 Feb 2024 11:01:51: Thread 0: Calculating AATK (1) ...  
INFO  @ Fri, 09 Feb 2024 11:01:55: Thread 0: Calculating NFXL1 (1001) ...  
INFO  @ Fri, 09 Feb 2024 11:01:59: Thread 0: Calculating MLL1 (2001) ...  
INFO  @ Fri, 09 Feb 2024 11:02:03: Thread 0: Calculating RNF146 (3001) ...  
INFO  @ Fri, 09 Feb 2024 11:02:05: Thread 0 completed. 
INFO  @ Fri, 09 Feb 2024 11:02:05: All threads completed. 
INFO  @ Fri, 09 Feb 2024 11:02:06: Permuting round 1 ... 
INFO  @ Fri, 09 Feb 2024 11:02:06: Thread 0 started. 
INFO  @ Fri, 09 Feb 2024 11:02:06: Thread 0: total 3516 instances. 
INFO  @ Fri, 09 Feb 2024 11:02:06: Thread 0: Calculating AATK (1) ...  
INFO  @ Fri, 09 Feb 2024 11:02:10: Thread 0: Calculating NFXL1 (1001) ...  
INFO  @ Fri, 09 Feb 2024 11:02:13: Thread 0: Calculating MLL1 (2001) ...  
INFO  @ Fri, 09 Feb 2024 11:02:16: Thread 0: Calculating RNF146 (3001) ...  
INFO  @ Fri, 09 Feb 2024 11:02:18: Thread 0 completed. 
INFO  @ Fri, 09 Feb 2024 11:02:18: All threads completed. 
INFO  @ Fri, 09 Feb 2024 11:02:19: Assigning p values... 
INFO  @ Fri, 09 Feb 2024 11:02:19: Permuting groups of gene with 5 sgRNAs per gene. Group progress: 5/41 
INFO  @ Fri, 09 Feb 2024 11:02:19: Start permuting 2 rounds ... 
INFO  @ Fri, 09 Feb 2024 11:02:19: Collecting 26156 sgRNAs from 3516 genes. 
INFO  @ Fri, 09 Feb 2024 11:02:20: Permuting round 0 ... 
INFO  @ Fri, 09 Feb 2024 11:02:20: Thread 0 started. 
INFO  @ Fri, 09 Feb 2024 11:02:20: Thread 0: total 3516 instances. 
INFO  @ Fri, 09 Feb 2024 11:02:20: Thread 0: Calculating AATK (1) ...  
INFO  @ Fri, 09 Feb 2024 11:02:23: Thread 0: Calculating NFXL1 (1001) ...  
INFO  @ Fri, 09 Feb 2024 11:02:27: Thread 0: Calculating MLL1 (2001) ...  
INFO  @ Fri, 09 Feb 2024 11:02:32: Thread 0: Calculating RNF146 (3001) ...  
INFO  @ Fri, 09 Feb 2024 11:02:33: Thread 0 completed. 
INFO  @ Fri, 09 Feb 2024 11:02:33: All threads completed. 
INFO  @ Fri, 09 Feb 2024 11:02:34: Permuting round 1 ... 
INFO  @ Fri, 09 Feb 2024 11:02:35: Thread 0 started. 
INFO  @ Fri, 09 Feb 2024 11:02:35: Thread 0: total 3516 instances. 
INFO  @ Fri, 09 Feb 2024 11:02:35: Thread 0: Calculating AATK (1) ...  
INFO  @ Fri, 09 Feb 2024 11:02:38: Thread 0: Calculating NFXL1 (1001) ...  
INFO  @ Fri, 09 Feb 2024 11:02:42: Thread 0: Calculating MLL1 (2001) ...  
INFO  @ Fri, 09 Feb 2024 11:02:45: Thread 0: Calculating RNF146 (3001) ...  
INFO  @ Fri, 09 Feb 2024 11:02:47: Thread 0 completed. 
INFO  @ Fri, 09 Feb 2024 11:02:47: All threads completed. 
INFO  @ Fri, 09 Feb 2024 11:02:48: Assigning p values... 
INFO  @ Fri, 09 Feb 2024 11:02:48: Permuting groups of gene with 6 sgRNAs per gene. Group progress: 6/41 
INFO  @ Fri, 09 Feb 2024 11:02:48: Start permuting 2 rounds ... 
INFO  @ Fri, 09 Feb 2024 11:02:48: Collecting 26156 sgRNAs from 3516 genes. 
INFO  @ Fri, 09 Feb 2024 11:02:49: Permuting round 0 ... 
INFO  @ Fri, 09 Feb 2024 11:02:49: Thread 0 started. 
INFO  @ Fri, 09 Feb 2024 11:02:49: Thread 0: total 3516 instances. 
INFO  @ Fri, 09 Feb 2024 11:02:49: Thread 0: Calculating AATK (1) ...  
INFO  @ Fri, 09 Feb 2024 11:02:52: Thread 0: Calculating NFXL1 (1001) ...  
INFO  @ Fri, 09 Feb 2024 11:02:56: Thread 0: Calculating MLL1 (2001) ...  
INFO  @ Fri, 09 Feb 2024 11:02:59: Thread 0: Calculating RNF146 (3001) ...  
INFO  @ Fri, 09 Feb 2024 11:03:01: Thread 0 completed. 
INFO  @ Fri, 09 Feb 2024 11:03:01: All threads completed. 
INFO  @ Fri, 09 Feb 2024 11:03:03: Permuting round 1 ... 
INFO  @ Fri, 09 Feb 2024 11:03:03: Thread 0 started. 
INFO  @ Fri, 09 Feb 2024 11:03:03: Thread 0: total 3516 instances. 
INFO  @ Fri, 09 Feb 2024 11:03:03: Thread 0: Calculating AATK (1) ...  
INFO  @ Fri, 09 Feb 2024 11:03:06: Thread 0: Calculating NFXL1 (1001) ...  
INFO  @ Fri, 09 Feb 2024 11:03:10: Thread 0: Calculating MLL1 (2001) ...  
INFO  @ Fri, 09 Feb 2024 11:03:14: Thread 0: Calculating RNF146 (3001) ...  
INFO  @ Fri, 09 Feb 2024 11:03:16: Thread 0 completed. 
INFO  @ Fri, 09 Feb 2024 11:03:16: All threads completed. 
INFO  @ Fri, 09 Feb 2024 11:03:17: Assigning p values... 
INFO  @ Fri, 09 Feb 2024 11:03:17: Permuting groups of gene with 7 sgRNAs per gene. Group progress: 7/41 
INFO  @ Fri, 09 Feb 2024 11:03:17: Start permuting 2 rounds ... 
INFO  @ Fri, 09 Feb 2024 11:03:17: Collecting 26156 sgRNAs from 3516 genes. 
INFO  @ Fri, 09 Feb 2024 11:03:17: Permuting round 0 ... 
INFO  @ Fri, 09 Feb 2024 11:03:17: Thread 0 started. 
INFO  @ Fri, 09 Feb 2024 11:03:17: Thread 0: total 3516 instances. 
INFO  @ Fri, 09 Feb 2024 11:03:17: Thread 0: Calculating AATK (1) ...  
INFO  @ Fri, 09 Feb 2024 11:03:21: Thread 0: Calculating NFXL1 (1001) ...  
INFO  @ Fri, 09 Feb 2024 11:03:24: Thread 0: Calculating MLL1 (2001) ...  
INFO  @ Fri, 09 Feb 2024 11:03:28: Thread 0: Calculating RNF146 (3001) ...  
INFO  @ Fri, 09 Feb 2024 11:03:30: Thread 0 completed. 
INFO  @ Fri, 09 Feb 2024 11:03:30: All threads completed. 
INFO  @ Fri, 09 Feb 2024 11:03:31: Permuting round 1 ... 
INFO  @ Fri, 09 Feb 2024 11:03:31: Thread 0 started. 
INFO  @ Fri, 09 Feb 2024 11:03:31: Thread 0: total 3516 instances. 
INFO  @ Fri, 09 Feb 2024 11:03:31: Thread 0: Calculating AATK (1) ...  
INFO  @ Fri, 09 Feb 2024 11:03:35: Thread 0: Calculating NFXL1 (1001) ...  
INFO  @ Fri, 09 Feb 2024 11:03:39: Thread 0: Calculating MLL1 (2001) ...  
INFO  @ Fri, 09 Feb 2024 11:03:42: Thread 0: Calculating RNF146 (3001) ...  
INFO  @ Fri, 09 Feb 2024 11:03:44: Thread 0 completed. 
INFO  @ Fri, 09 Feb 2024 11:03:44: All threads completed. 
INFO  @ Fri, 09 Feb 2024 11:03:45: Assigning p values... 
INFO  @ Fri, 09 Feb 2024 11:03:45: Permuting groups of gene with 8 sgRNAs per gene. Group progress: 8/41 
INFO  @ Fri, 09 Feb 2024 11:03:45: Start permuting 2 rounds ... 
INFO  @ Fri, 09 Feb 2024 11:03:46: Collecting 26156 sgRNAs from 3516 genes. 
INFO  @ Fri, 09 Feb 2024 11:03:46: Permuting round 0 ... 
INFO  @ Fri, 09 Feb 2024 11:03:46: Thread 0 started. 
INFO  @ Fri, 09 Feb 2024 11:03:46: Thread 0: total 3516 instances. 
INFO  @ Fri, 09 Feb 2024 11:03:46: Thread 0: Calculating AATK (1) ...  
INFO  @ Fri, 09 Feb 2024 11:03:50: Thread 0: Calculating NFXL1 (1001) ...  
INFO  @ Fri, 09 Feb 2024 11:03:54: Thread 0: Calculating MLL1 (2001) ...  
INFO  @ Fri, 09 Feb 2024 11:03:57: Thread 0: Calculating RNF146 (3001) ...  
INFO  @ Fri, 09 Feb 2024 11:03:59: Thread 0 completed. 
INFO  @ Fri, 09 Feb 2024 11:03:59: All threads completed. 
INFO  @ Fri, 09 Feb 2024 11:04:00: Permuting round 1 ... 
INFO  @ Fri, 09 Feb 2024 11:04:00: Thread 0 started. 
INFO  @ Fri, 09 Feb 2024 11:04:00: Thread 0: total 3516 instances. 
INFO  @ Fri, 09 Feb 2024 11:04:00: Thread 0: Calculating AATK (1) ...  
INFO  @ Fri, 09 Feb 2024 11:04:04: Thread 0: Calculating NFXL1 (1001) ...  
INFO  @ Fri, 09 Feb 2024 11:04:08: Thread 0: Calculating MLL1 (2001) ...  
INFO  @ Fri, 09 Feb 2024 11:04:12: Thread 0: Calculating RNF146 (3001) ...  
INFO  @ Fri, 09 Feb 2024 11:04:14: Thread 0 completed. 
INFO  @ Fri, 09 Feb 2024 11:04:14: All threads completed. 
INFO  @ Fri, 09 Feb 2024 11:04:15: Assigning p values... 
INFO  @ Fri, 09 Feb 2024 11:04:15: Permuting groups of gene with 9 sgRNAs per gene. Group progress: 9/41 
INFO  @ Fri, 09 Feb 2024 11:04:15: Start permuting 2 rounds ... 
INFO  @ Fri, 09 Feb 2024 11:04:15: Collecting 26156 sgRNAs from 3516 genes. 
INFO  @ Fri, 09 Feb 2024 11:04:15: Permuting round 0 ... 
INFO  @ Fri, 09 Feb 2024 11:04:15: Thread 0 started. 
INFO  @ Fri, 09 Feb 2024 11:04:15: Thread 0: total 3516 instances. 
INFO  @ Fri, 09 Feb 2024 11:04:15: Thread 0: Calculating AATK (1) ...  
INFO  @ Fri, 09 Feb 2024 11:04:20: Thread 0: Calculating NFXL1 (1001) ...  
INFO  @ Fri, 09 Feb 2024 11:04:24: Thread 0: Calculating MLL1 (2001) ...  
INFO  @ Fri, 09 Feb 2024 11:04:28: Thread 0: Calculating RNF146 (3001) ...  
INFO  @ Fri, 09 Feb 2024 11:04:30: Thread 0 completed. 
INFO  @ Fri, 09 Feb 2024 11:04:30: All threads completed. 
INFO  @ Fri, 09 Feb 2024 11:04:31: Permuting round 1 ... 
INFO  @ Fri, 09 Feb 2024 11:04:31: Thread 0 started. 
INFO  @ Fri, 09 Feb 2024 11:04:31: Thread 0: total 3516 instances. 
INFO  @ Fri, 09 Feb 2024 11:04:31: Thread 0: Calculating AATK (1) ...  
INFO  @ Fri, 09 Feb 2024 11:04:35: Thread 0: Calculating NFXL1 (1001) ...  
INFO  @ Fri, 09 Feb 2024 11:04:39: Thread 0: Calculating MLL1 (2001) ...  
INFO  @ Fri, 09 Feb 2024 11:04:43: Thread 0: Calculating RNF146 (3001) ...  
INFO  @ Fri, 09 Feb 2024 11:04:45: Thread 0 completed. 
INFO  @ Fri, 09 Feb 2024 11:04:45: All threads completed. 
INFO  @ Fri, 09 Feb 2024 11:04:46: Assigning p values... 
INFO  @ Fri, 09 Feb 2024 11:04:46: Permuting groups of gene with 10 sgRNAs per gene. Group progress: 10/41 
INFO  @ Fri, 09 Feb 2024 11:04:46: Start permuting 2 rounds ... 
INFO  @ Fri, 09 Feb 2024 11:04:46: Collecting 26156 sgRNAs from 3516 genes. 
INFO  @ Fri, 09 Feb 2024 11:04:46: Permuting round 0 ... 
INFO  @ Fri, 09 Feb 2024 11:04:46: Thread 0 started. 
INFO  @ Fri, 09 Feb 2024 11:04:46: Thread 0: total 3516 instances. 
INFO  @ Fri, 09 Feb 2024 11:04:46: Thread 0: Calculating AATK (1) ...  
INFO  @ Fri, 09 Feb 2024 11:04:51: Thread 0: Calculating NFXL1 (1001) ...  
INFO  @ Fri, 09 Feb 2024 11:04:55: Thread 0: Calculating MLL1 (2001) ...  
INFO  @ Fri, 09 Feb 2024 11:04:58: Thread 0: Calculating RNF146 (3001) ...  
INFO  @ Fri, 09 Feb 2024 11:05:00: Thread 0 completed. 
INFO  @ Fri, 09 Feb 2024 11:05:00: All threads completed. 
INFO  @ Fri, 09 Feb 2024 11:05:02: Permuting round 1 ... 
INFO  @ Fri, 09 Feb 2024 11:05:02: Thread 0 started. 
INFO  @ Fri, 09 Feb 2024 11:05:02: Thread 0: total 3516 instances. 
INFO  @ Fri, 09 Feb 2024 11:05:02: Thread 0: Calculating AATK (1) ...  
INFO  @ Fri, 09 Feb 2024 11:05:06: Thread 0: Calculating NFXL1 (1001) ...  
INFO  @ Fri, 09 Feb 2024 11:05:10: Thread 0: Calculating MLL1 (2001) ...  
INFO  @ Fri, 09 Feb 2024 11:05:14: Thread 0: Calculating RNF146 (3001) ...  
INFO  @ Fri, 09 Feb 2024 11:05:16: Thread 0 completed. 
INFO  @ Fri, 09 Feb 2024 11:05:16: All threads completed. 
INFO  @ Fri, 09 Feb 2024 11:05:17: Assigning p values... 
INFO  @ Fri, 09 Feb 2024 11:05:17: Permuting groups of gene with 11 sgRNAs per gene. Group progress: 11/41 
INFO  @ Fri, 09 Feb 2024 11:05:17: Start permuting 2 rounds ... 
INFO  @ Fri, 09 Feb 2024 11:05:17: Collecting 26156 sgRNAs from 3516 genes. 
INFO  @ Fri, 09 Feb 2024 11:05:17: Permuting round 0 ... 
INFO  @ Fri, 09 Feb 2024 11:05:18: Thread 0 started. 
INFO  @ Fri, 09 Feb 2024 11:05:18: Thread 0: total 3516 instances. 
INFO  @ Fri, 09 Feb 2024 11:05:18: Thread 0: Calculating AATK (1) ...  
INFO  @ Fri, 09 Feb 2024 11:05:22: Thread 0: Calculating NFXL1 (1001) ...  
INFO  @ Fri, 09 Feb 2024 11:05:26: Thread 0: Calculating MLL1 (2001) ...  
INFO  @ Fri, 09 Feb 2024 11:05:30: Thread 0: Calculating RNF146 (3001) ...  
INFO  @ Fri, 09 Feb 2024 11:05:33: Thread 0 completed. 
INFO  @ Fri, 09 Feb 2024 11:05:33: All threads completed. 
INFO  @ Fri, 09 Feb 2024 11:05:34: Permuting round 1 ... 
INFO  @ Fri, 09 Feb 2024 11:05:34: Thread 0 started. 
INFO  @ Fri, 09 Feb 2024 11:05:34: Thread 0: total 3516 instances. 
INFO  @ Fri, 09 Feb 2024 11:05:34: Thread 0: Calculating AATK (1) ...  
INFO  @ Fri, 09 Feb 2024 11:05:39: Thread 0: Calculating NFXL1 (1001) ...  
INFO  @ Fri, 09 Feb 2024 11:05:44: Thread 0: Calculating MLL1 (2001) ...  
INFO  @ Fri, 09 Feb 2024 11:05:48: Thread 0: Calculating RNF146 (3001) ...  
INFO  @ Fri, 09 Feb 2024 11:05:50: Thread 0 completed. 
INFO  @ Fri, 09 Feb 2024 11:05:50: All threads completed. 
INFO  @ Fri, 09 Feb 2024 11:05:51: Assigning p values... 
INFO  @ Fri, 09 Feb 2024 11:05:51: Permuting groups of gene with 12 sgRNAs per gene. Group progress: 12/41 
INFO  @ Fri, 09 Feb 2024 11:05:51: Start permuting 2 rounds ... 
INFO  @ Fri, 09 Feb 2024 11:05:51: Collecting 26156 sgRNAs from 3516 genes. 
INFO  @ Fri, 09 Feb 2024 11:05:52: Permuting round 0 ... 
INFO  @ Fri, 09 Feb 2024 11:05:52: Thread 0 started. 
INFO  @ Fri, 09 Feb 2024 11:05:52: Thread 0: total 3516 instances. 
INFO  @ Fri, 09 Feb 2024 11:05:52: Thread 0: Calculating AATK (1) ...  
INFO  @ Fri, 09 Feb 2024 11:05:56: Thread 0: Calculating NFXL1 (1001) ...  
INFO  @ Fri, 09 Feb 2024 11:06:00: Thread 0: Calculating MLL1 (2001) ...  
INFO  @ Fri, 09 Feb 2024 11:06:05: Thread 0: Calculating RNF146 (3001) ...  
INFO  @ Fri, 09 Feb 2024 11:06:07: Thread 0 completed. 
INFO  @ Fri, 09 Feb 2024 11:06:07: All threads completed. 
INFO  @ Fri, 09 Feb 2024 11:06:08: Permuting round 1 ... 
INFO  @ Fri, 09 Feb 2024 11:06:08: Thread 0 started. 
INFO  @ Fri, 09 Feb 2024 11:06:08: Thread 0: total 3516 instances. 
INFO  @ Fri, 09 Feb 2024 11:06:08: Thread 0: Calculating AATK (1) ...  
INFO  @ Fri, 09 Feb 2024 11:06:12: Thread 0: Calculating NFXL1 (1001) ...  
INFO  @ Fri, 09 Feb 2024 11:06:16: Thread 0: Calculating MLL1 (2001) ...  
INFO  @ Fri, 09 Feb 2024 11:06:21: Thread 0: Calculating RNF146 (3001) ...  
INFO  @ Fri, 09 Feb 2024 11:06:23: Thread 0 completed. 
INFO  @ Fri, 09 Feb 2024 11:06:23: All threads completed. 
INFO  @ Fri, 09 Feb 2024 11:06:24: Assigning p values... 
INFO  @ Fri, 09 Feb 2024 11:06:24: Permuting groups of gene with 13 sgRNAs per gene. Group progress: 13/41 
INFO  @ Fri, 09 Feb 2024 11:06:24: Start permuting 2 rounds ... 
INFO  @ Fri, 09 Feb 2024 11:06:24: Collecting 26156 sgRNAs from 3516 genes. 
INFO  @ Fri, 09 Feb 2024 11:06:24: Permuting round 0 ... 
INFO  @ Fri, 09 Feb 2024 11:06:24: Thread 0 started. 
INFO  @ Fri, 09 Feb 2024 11:06:24: Thread 0: total 3516 instances. 
INFO  @ Fri, 09 Feb 2024 11:06:24: Thread 0: Calculating AATK (1) ...  
INFO  @ Fri, 09 Feb 2024 11:06:29: Thread 0: Calculating NFXL1 (1001) ...  
INFO  @ Fri, 09 Feb 2024 11:06:33: Thread 0: Calculating MLL1 (2001) ...  
INFO  @ Fri, 09 Feb 2024 11:06:37: Thread 0: Calculating RNF146 (3001) ...  
INFO  @ Fri, 09 Feb 2024 11:06:40: Thread 0 completed. 
INFO  @ Fri, 09 Feb 2024 11:06:40: All threads completed. 
INFO  @ Fri, 09 Feb 2024 11:06:41: Permuting round 1 ... 
INFO  @ Fri, 09 Feb 2024 11:06:41: Thread 0 started. 
INFO  @ Fri, 09 Feb 2024 11:06:41: Thread 0: total 3516 instances. 
INFO  @ Fri, 09 Feb 2024 11:06:41: Thread 0: Calculating AATK (1) ...  
INFO  @ Fri, 09 Feb 2024 11:06:45: Thread 0: Calculating NFXL1 (1001) ...  
INFO  @ Fri, 09 Feb 2024 11:06:50: Thread 0: Calculating MLL1 (2001) ...  
INFO  @ Fri, 09 Feb 2024 11:06:54: Thread 0: Calculating RNF146 (3001) ...  
INFO  @ Fri, 09 Feb 2024 11:06:56: Thread 0 completed. 
INFO  @ Fri, 09 Feb 2024 11:06:56: All threads completed. 
INFO  @ Fri, 09 Feb 2024 11:06:57: Assigning p values... 
INFO  @ Fri, 09 Feb 2024 11:06:57: Permuting groups of gene with 14 sgRNAs per gene. Group progress: 14/41 
INFO  @ Fri, 09 Feb 2024 11:06:57: Start permuting 2 rounds ... 
INFO  @ Fri, 09 Feb 2024 11:06:58: Collecting 26156 sgRNAs from 3516 genes. 
INFO  @ Fri, 09 Feb 2024 11:06:58: Permuting round 0 ... 
INFO  @ Fri, 09 Feb 2024 11:06:58: Thread 0 started. 
INFO  @ Fri, 09 Feb 2024 11:06:58: Thread 0: total 3516 instances. 
INFO  @ Fri, 09 Feb 2024 11:06:58: Thread 0: Calculating AATK (1) ...  
INFO  @ Fri, 09 Feb 2024 11:07:02: Thread 0: Calculating NFXL1 (1001) ...  
INFO  @ Fri, 09 Feb 2024 11:07:07: Thread 0: Calculating MLL1 (2001) ...  
INFO  @ Fri, 09 Feb 2024 11:07:12: Thread 0: Calculating RNF146 (3001) ...  
INFO  @ Fri, 09 Feb 2024 11:07:14: Thread 0 completed. 
INFO  @ Fri, 09 Feb 2024 11:07:14: All threads completed. 
INFO  @ Fri, 09 Feb 2024 11:07:15: Permuting round 1 ... 
INFO  @ Fri, 09 Feb 2024 11:07:15: Thread 0 started. 
INFO  @ Fri, 09 Feb 2024 11:07:15: Thread 0: total 3516 instances. 
INFO  @ Fri, 09 Feb 2024 11:07:15: Thread 0: Calculating AATK (1) ...  
INFO  @ Fri, 09 Feb 2024 11:07:19: Thread 0: Calculating NFXL1 (1001) ...  
INFO  @ Fri, 09 Feb 2024 11:07:24: Thread 0: Calculating MLL1 (2001) ...  
INFO  @ Fri, 09 Feb 2024 11:07:28: Thread 0: Calculating RNF146 (3001) ...  
INFO  @ Fri, 09 Feb 2024 11:07:30: Thread 0 completed. 
INFO  @ Fri, 09 Feb 2024 11:07:30: All threads completed. 
INFO  @ Fri, 09 Feb 2024 11:07:31: Assigning p values... 
INFO  @ Fri, 09 Feb 2024 11:07:31: Permuting groups of gene with 15 sgRNAs per gene. Group progress: 15/41 
INFO  @ Fri, 09 Feb 2024 11:07:31: Start permuting 2 rounds ... 
INFO  @ Fri, 09 Feb 2024 11:07:31: Collecting 26156 sgRNAs from 3516 genes. 
INFO  @ Fri, 09 Feb 2024 11:07:32: Permuting round 0 ... 
INFO  @ Fri, 09 Feb 2024 11:07:32: Thread 0 started. 
INFO  @ Fri, 09 Feb 2024 11:07:32: Thread 0: total 3516 instances. 
INFO  @ Fri, 09 Feb 2024 11:07:32: Thread 0: Calculating AATK (1) ...  
INFO  @ Fri, 09 Feb 2024 11:07:36: Thread 0: Calculating NFXL1 (1001) ...  
INFO  @ Fri, 09 Feb 2024 11:07:41: Thread 0: Calculating MLL1 (2001) ...  
INFO  @ Fri, 09 Feb 2024 11:07:45: Thread 0: Calculating RNF146 (3001) ...  
INFO  @ Fri, 09 Feb 2024 11:07:48: Thread 0 completed. 
INFO  @ Fri, 09 Feb 2024 11:07:48: All threads completed. 
INFO  @ Fri, 09 Feb 2024 11:07:49: Permuting round 1 ... 
INFO  @ Fri, 09 Feb 2024 11:07:49: Thread 0 started. 
INFO  @ Fri, 09 Feb 2024 11:07:49: Thread 0: total 3516 instances. 
INFO  @ Fri, 09 Feb 2024 11:07:49: Thread 0: Calculating AATK (1) ...  
INFO  @ Fri, 09 Feb 2024 11:07:54: Thread 0: Calculating NFXL1 (1001) ...  
INFO  @ Fri, 09 Feb 2024 11:07:58: Thread 0: Calculating MLL1 (2001) ...  
INFO  @ Fri, 09 Feb 2024 11:08:02: Thread 0: Calculating RNF146 (3001) ...  
INFO  @ Fri, 09 Feb 2024 11:08:04: Thread 0 completed. 
INFO  @ Fri, 09 Feb 2024 11:08:04: All threads completed. 
INFO  @ Fri, 09 Feb 2024 11:08:06: Assigning p values... 
INFO  @ Fri, 09 Feb 2024 11:08:06: Permuting groups of gene with 16 sgRNAs per gene. Group progress: 16/41 
INFO  @ Fri, 09 Feb 2024 11:08:06: Start permuting 2 rounds ... 
INFO  @ Fri, 09 Feb 2024 11:08:06: Collecting 26156 sgRNAs from 3516 genes. 
INFO  @ Fri, 09 Feb 2024 11:08:06: Permuting round 0 ... 
INFO  @ Fri, 09 Feb 2024 11:08:06: Thread 0 started. 
INFO  @ Fri, 09 Feb 2024 11:08:06: Thread 0: total 3516 instances. 
INFO  @ Fri, 09 Feb 2024 11:08:06: Thread 0: Calculating AATK (1) ...  
INFO  @ Fri, 09 Feb 2024 11:08:10: Thread 0: Calculating NFXL1 (1001) ...  
INFO  @ Fri, 09 Feb 2024 11:08:15: Thread 0: Calculating MLL1 (2001) ...  
INFO  @ Fri, 09 Feb 2024 11:08:20: Thread 0: Calculating RNF146 (3001) ...  
INFO  @ Fri, 09 Feb 2024 11:08:22: Thread 0 completed. 
INFO  @ Fri, 09 Feb 2024 11:08:22: All threads completed. 
INFO  @ Fri, 09 Feb 2024 11:08:23: Permuting round 1 ... 
INFO  @ Fri, 09 Feb 2024 11:08:23: Thread 0 started. 
INFO  @ Fri, 09 Feb 2024 11:08:23: Thread 0: total 3516 instances. 
INFO  @ Fri, 09 Feb 2024 11:08:23: Thread 0: Calculating AATK (1) ...  
INFO  @ Fri, 09 Feb 2024 11:08:27: Thread 0: Calculating NFXL1 (1001) ...  
INFO  @ Fri, 09 Feb 2024 11:08:31: Thread 0: Calculating MLL1 (2001) ...  
INFO  @ Fri, 09 Feb 2024 11:08:35: Thread 0: Calculating RNF146 (3001) ...  
INFO  @ Fri, 09 Feb 2024 11:08:37: Thread 0 completed. 
INFO  @ Fri, 09 Feb 2024 11:08:37: All threads completed. 
INFO  @ Fri, 09 Feb 2024 11:08:38: Assigning p values... 
INFO  @ Fri, 09 Feb 2024 11:08:38: Permuting groups of gene with 17 sgRNAs per gene. Group progress: 17/41 
INFO  @ Fri, 09 Feb 2024 11:08:38: Start permuting 2 rounds ... 
INFO  @ Fri, 09 Feb 2024 11:08:38: Collecting 26156 sgRNAs from 3516 genes. 
INFO  @ Fri, 09 Feb 2024 11:08:38: Permuting round 0 ... 
INFO  @ Fri, 09 Feb 2024 11:08:39: Thread 0 started. 
INFO  @ Fri, 09 Feb 2024 11:08:39: Thread 0: total 3516 instances. 
INFO  @ Fri, 09 Feb 2024 11:08:39: Thread 0: Calculating AATK (1) ...  
INFO  @ Fri, 09 Feb 2024 11:08:43: Thread 0: Calculating NFXL1 (1001) ...  
INFO  @ Fri, 09 Feb 2024 11:08:47: Thread 0: Calculating MLL1 (2001) ...  
INFO  @ Fri, 09 Feb 2024 11:08:51: Thread 0: Calculating RNF146 (3001) ...  
INFO  @ Fri, 09 Feb 2024 11:08:53: Thread 0 completed. 
INFO  @ Fri, 09 Feb 2024 11:08:53: All threads completed. 
INFO  @ Fri, 09 Feb 2024 11:08:53: Permuting round 1 ... 
INFO  @ Fri, 09 Feb 2024 11:08:54: Thread 0 started. 
INFO  @ Fri, 09 Feb 2024 11:08:54: Thread 0: total 3516 instances. 
INFO  @ Fri, 09 Feb 2024 11:08:54: Thread 0: Calculating AATK (1) ...  
INFO  @ Fri, 09 Feb 2024 11:08:58: Thread 0: Calculating NFXL1 (1001) ...  
INFO  @ Fri, 09 Feb 2024 11:09:02: Thread 0: Calculating MLL1 (2001) ...  
INFO  @ Fri, 09 Feb 2024 11:09:06: Thread 0: Calculating RNF146 (3001) ...  
INFO  @ Fri, 09 Feb 2024 11:09:08: Thread 0 completed. 
INFO  @ Fri, 09 Feb 2024 11:09:08: All threads completed. 
INFO  @ Fri, 09 Feb 2024 11:09:09: Assigning p values... 
INFO  @ Fri, 09 Feb 2024 11:09:09: Permuting groups of gene with 18 sgRNAs per gene. Group progress: 18/41 
INFO  @ Fri, 09 Feb 2024 11:09:09: Start permuting 2 rounds ... 
INFO  @ Fri, 09 Feb 2024 11:09:09: Collecting 26156 sgRNAs from 3516 genes. 
INFO  @ Fri, 09 Feb 2024 11:09:09: Permuting round 0 ... 
INFO  @ Fri, 09 Feb 2024 11:09:09: Thread 0 started. 
INFO  @ Fri, 09 Feb 2024 11:09:09: Thread 0: total 3516 instances. 
INFO  @ Fri, 09 Feb 2024 11:09:09: Thread 0: Calculating AATK (1) ...  
INFO  @ Fri, 09 Feb 2024 11:09:14: Thread 0: Calculating NFXL1 (1001) ...  
INFO  @ Fri, 09 Feb 2024 11:09:18: Thread 0: Calculating MLL1 (2001) ...  
INFO  @ Fri, 09 Feb 2024 11:09:22: Thread 0: Calculating RNF146 (3001) ...  
INFO  @ Fri, 09 Feb 2024 11:09:24: Thread 0 completed. 
INFO  @ Fri, 09 Feb 2024 11:09:24: All threads completed. 
INFO  @ Fri, 09 Feb 2024 11:09:25: Permuting round 1 ... 
INFO  @ Fri, 09 Feb 2024 11:09:25: Thread 0 started. 
INFO  @ Fri, 09 Feb 2024 11:09:25: Thread 0: total 3516 instances. 
INFO  @ Fri, 09 Feb 2024 11:09:25: Thread 0: Calculating AATK (1) ...  
INFO  @ Fri, 09 Feb 2024 11:09:29: Thread 0: Calculating NFXL1 (1001) ...  
INFO  @ Fri, 09 Feb 2024 11:09:33: Thread 0: Calculating MLL1 (2001) ...  
INFO  @ Fri, 09 Feb 2024 11:09:37: Thread 0: Calculating RNF146 (3001) ...  
INFO  @ Fri, 09 Feb 2024 11:09:39: Thread 0 completed. 
INFO  @ Fri, 09 Feb 2024 11:09:39: All threads completed. 
INFO  @ Fri, 09 Feb 2024 11:09:40: Assigning p values... 
INFO  @ Fri, 09 Feb 2024 11:09:40: Permuting groups of gene with 19 sgRNAs per gene. Group progress: 19/41 
INFO  @ Fri, 09 Feb 2024 11:09:40: Start permuting 2 rounds ... 
INFO  @ Fri, 09 Feb 2024 11:09:40: Collecting 26156 sgRNAs from 3516 genes. 
INFO  @ Fri, 09 Feb 2024 11:09:41: Permuting round 0 ... 
INFO  @ Fri, 09 Feb 2024 11:09:41: Thread 0 started. 
INFO  @ Fri, 09 Feb 2024 11:09:41: Thread 0: total 3516 instances. 
INFO  @ Fri, 09 Feb 2024 11:09:41: Thread 0: Calculating AATK (1) ...  
INFO  @ Fri, 09 Feb 2024 11:09:45: Thread 0: Calculating NFXL1 (1001) ...  
INFO  @ Fri, 09 Feb 2024 11:09:49: Thread 0: Calculating MLL1 (2001) ...  
INFO  @ Fri, 09 Feb 2024 11:09:53: Thread 0: Calculating RNF146 (3001) ...  
INFO  @ Fri, 09 Feb 2024 11:09:55: Thread 0 completed. 
INFO  @ Fri, 09 Feb 2024 11:09:55: All threads completed. 
INFO  @ Fri, 09 Feb 2024 11:09:56: Permuting round 1 ... 
INFO  @ Fri, 09 Feb 2024 11:09:56: Thread 0 started. 
INFO  @ Fri, 09 Feb 2024 11:09:56: Thread 0: total 3516 instances. 
INFO  @ Fri, 09 Feb 2024 11:09:56: Thread 0: Calculating AATK (1) ...  
INFO  @ Fri, 09 Feb 2024 11:10:00: Thread 0: Calculating NFXL1 (1001) ...  
INFO  @ Fri, 09 Feb 2024 11:10:05: Thread 0: Calculating MLL1 (2001) ...  
INFO  @ Fri, 09 Feb 2024 11:10:09: Thread 0: Calculating RNF146 (3001) ...  
INFO  @ Fri, 09 Feb 2024 11:10:11: Thread 0 completed. 
INFO  @ Fri, 09 Feb 2024 11:10:11: All threads completed. 
INFO  @ Fri, 09 Feb 2024 11:10:12: Assigning p values... 
INFO  @ Fri, 09 Feb 2024 11:10:12: Permuting groups of gene with 20 sgRNAs per gene. Group progress: 20/41 
INFO  @ Fri, 09 Feb 2024 11:10:12: Start permuting 2 rounds ... 
INFO  @ Fri, 09 Feb 2024 11:10:12: Collecting 26156 sgRNAs from 3516 genes. 
INFO  @ Fri, 09 Feb 2024 11:10:12: Permuting round 0 ... 
INFO  @ Fri, 09 Feb 2024 11:10:12: Thread 0 started. 
INFO  @ Fri, 09 Feb 2024 11:10:12: Thread 0: total 3516 instances. 
INFO  @ Fri, 09 Feb 2024 11:10:12: Thread 0: Calculating AATK (1) ...  
INFO  @ Fri, 09 Feb 2024 11:10:17: Thread 0: Calculating NFXL1 (1001) ...  
INFO  @ Fri, 09 Feb 2024 11:10:21: Thread 0: Calculating MLL1 (2001) ...  
INFO  @ Fri, 09 Feb 2024 11:10:25: Thread 0: Calculating RNF146 (3001) ...  
INFO  @ Fri, 09 Feb 2024 11:10:27: Thread 0 completed. 
INFO  @ Fri, 09 Feb 2024 11:10:27: All threads completed. 
INFO  @ Fri, 09 Feb 2024 11:10:28: Permuting round 1 ... 
INFO  @ Fri, 09 Feb 2024 11:10:28: Thread 0 started. 
INFO  @ Fri, 09 Feb 2024 11:10:28: Thread 0: total 3516 instances. 
INFO  @ Fri, 09 Feb 2024 11:10:28: Thread 0: Calculating AATK (1) ...  
INFO  @ Fri, 09 Feb 2024 11:10:32: Thread 0: Calculating NFXL1 (1001) ...  
INFO  @ Fri, 09 Feb 2024 11:10:37: Thread 0: Calculating MLL1 (2001) ...  
INFO  @ Fri, 09 Feb 2024 11:10:41: Thread 0: Calculating RNF146 (3001) ...  
INFO  @ Fri, 09 Feb 2024 11:10:43: Thread 0 completed. 
INFO  @ Fri, 09 Feb 2024 11:10:43: All threads completed. 
INFO  @ Fri, 09 Feb 2024 11:10:44: Assigning p values... 
INFO  @ Fri, 09 Feb 2024 11:10:44: Permuting groups of gene with 21 sgRNAs per gene. Group progress: 21/41 
INFO  @ Fri, 09 Feb 2024 11:10:44: Start permuting 2 rounds ... 
INFO  @ Fri, 09 Feb 2024 11:10:44: Collecting 26156 sgRNAs from 3516 genes. 
INFO  @ Fri, 09 Feb 2024 11:10:44: Permuting round 0 ... 
INFO  @ Fri, 09 Feb 2024 11:10:45: Thread 0 started. 
INFO  @ Fri, 09 Feb 2024 11:10:45: Thread 0: total 3516 instances. 
INFO  @ Fri, 09 Feb 2024 11:10:45: Thread 0: Calculating AATK (1) ...  
INFO  @ Fri, 09 Feb 2024 11:10:49: Thread 0: Calculating NFXL1 (1001) ...  
INFO  @ Fri, 09 Feb 2024 11:10:53: Thread 0: Calculating MLL1 (2001) ...  
INFO  @ Fri, 09 Feb 2024 11:10:57: Thread 0: Calculating RNF146 (3001) ...  
INFO  @ Fri, 09 Feb 2024 11:10:59: Thread 0 completed. 
INFO  @ Fri, 09 Feb 2024 11:10:59: All threads completed. 
INFO  @ Fri, 09 Feb 2024 11:11:00: Permuting round 1 ... 
INFO  @ Fri, 09 Feb 2024 11:11:01: Thread 0 started. 
INFO  @ Fri, 09 Feb 2024 11:11:01: Thread 0: total 3516 instances. 
INFO  @ Fri, 09 Feb 2024 11:11:01: Thread 0: Calculating AATK (1) ...  
INFO  @ Fri, 09 Feb 2024 11:11:05: Thread 0: Calculating NFXL1 (1001) ...  
INFO  @ Fri, 09 Feb 2024 11:11:09: Thread 0: Calculating MLL1 (2001) ...  
INFO  @ Fri, 09 Feb 2024 11:11:14: Thread 0: Calculating RNF146 (3001) ...  
INFO  @ Fri, 09 Feb 2024 11:11:16: Thread 0 completed. 
INFO  @ Fri, 09 Feb 2024 11:11:16: All threads completed. 
INFO  @ Fri, 09 Feb 2024 11:11:17: Assigning p values... 
INFO  @ Fri, 09 Feb 2024 11:11:17: Permuting groups of gene with 22 sgRNAs per gene. Group progress: 22/41 
INFO  @ Fri, 09 Feb 2024 11:11:17: Start permuting 2 rounds ... 
INFO  @ Fri, 09 Feb 2024 11:11:17: Collecting 26156 sgRNAs from 3516 genes. 
INFO  @ Fri, 09 Feb 2024 11:11:17: Permuting round 0 ... 
INFO  @ Fri, 09 Feb 2024 11:11:18: Thread 0 started. 
INFO  @ Fri, 09 Feb 2024 11:11:18: Thread 0: total 3516 instances. 
INFO  @ Fri, 09 Feb 2024 11:11:18: Thread 0: Calculating AATK (1) ...  
INFO  @ Fri, 09 Feb 2024 11:11:22: Thread 0: Calculating NFXL1 (1001) ...  
INFO  @ Fri, 09 Feb 2024 11:11:26: Thread 0: Calculating MLL1 (2001) ...  
INFO  @ Fri, 09 Feb 2024 11:11:30: Thread 0: Calculating RNF146 (3001) ...  
INFO  @ Fri, 09 Feb 2024 11:11:33: Thread 0 completed. 
INFO  @ Fri, 09 Feb 2024 11:11:33: All threads completed. 
INFO  @ Fri, 09 Feb 2024 11:11:33: Permuting round 1 ... 
INFO  @ Fri, 09 Feb 2024 11:11:34: Thread 0 started. 
INFO  @ Fri, 09 Feb 2024 11:11:34: Thread 0: total 3516 instances. 
INFO  @ Fri, 09 Feb 2024 11:11:34: Thread 0: Calculating AATK (1) ...  
INFO  @ Fri, 09 Feb 2024 11:11:38: Thread 0: Calculating NFXL1 (1001) ...  
INFO  @ Fri, 09 Feb 2024 11:11:43: Thread 0: Calculating MLL1 (2001) ...  
INFO  @ Fri, 09 Feb 2024 11:11:47: Thread 0: Calculating RNF146 (3001) ...  
INFO  @ Fri, 09 Feb 2024 11:11:49: Thread 0 completed. 
INFO  @ Fri, 09 Feb 2024 11:11:49: All threads completed. 
INFO  @ Fri, 09 Feb 2024 11:11:50: Assigning p values... 
INFO  @ Fri, 09 Feb 2024 11:11:50: Permuting groups of gene with 23 sgRNAs per gene. Group progress: 23/41 
INFO  @ Fri, 09 Feb 2024 11:11:50: Start permuting 2 rounds ... 
INFO  @ Fri, 09 Feb 2024 11:11:50: Collecting 26156 sgRNAs from 3516 genes. 
INFO  @ Fri, 09 Feb 2024 11:11:51: Permuting round 0 ... 
INFO  @ Fri, 09 Feb 2024 11:11:51: Thread 0 started. 
INFO  @ Fri, 09 Feb 2024 11:11:51: Thread 0: total 3516 instances. 
INFO  @ Fri, 09 Feb 2024 11:11:51: Thread 0: Calculating AATK (1) ...  
INFO  @ Fri, 09 Feb 2024 11:11:55: Thread 0: Calculating NFXL1 (1001) ...  
INFO  @ Fri, 09 Feb 2024 11:11:59: Thread 0: Calculating MLL1 (2001) ...  
INFO  @ Fri, 09 Feb 2024 11:12:04: Thread 0: Calculating RNF146 (3001) ...  
INFO  @ Fri, 09 Feb 2024 11:12:06: Thread 0 completed. 
INFO  @ Fri, 09 Feb 2024 11:12:06: All threads completed. 
INFO  @ Fri, 09 Feb 2024 11:12:07: Permuting round 1 ... 
INFO  @ Fri, 09 Feb 2024 11:12:07: Thread 0 started. 
INFO  @ Fri, 09 Feb 2024 11:12:07: Thread 0: total 3516 instances. 
INFO  @ Fri, 09 Feb 2024 11:12:07: Thread 0: Calculating AATK (1) ...  
INFO  @ Fri, 09 Feb 2024 11:12:12: Thread 0: Calculating NFXL1 (1001) ...  
INFO  @ Fri, 09 Feb 2024 11:12:16: Thread 0: Calculating MLL1 (2001) ...  
INFO  @ Fri, 09 Feb 2024 11:12:20: Thread 0: Calculating RNF146 (3001) ...  
INFO  @ Fri, 09 Feb 2024 11:12:23: Thread 0 completed. 
INFO  @ Fri, 09 Feb 2024 11:12:23: All threads completed. 
INFO  @ Fri, 09 Feb 2024 11:12:24: Assigning p values... 
INFO  @ Fri, 09 Feb 2024 11:12:24: Permuting groups of gene with 24 sgRNAs per gene. Group progress: 24/41 
INFO  @ Fri, 09 Feb 2024 11:12:24: Start permuting 2 rounds ... 
INFO  @ Fri, 09 Feb 2024 11:12:24: Collecting 26156 sgRNAs from 3516 genes. 
INFO  @ Fri, 09 Feb 2024 11:12:24: Permuting round 0 ... 
INFO  @ Fri, 09 Feb 2024 11:12:24: Thread 0 started. 
INFO  @ Fri, 09 Feb 2024 11:12:24: Thread 0: total 3516 instances. 
INFO  @ Fri, 09 Feb 2024 11:12:24: Thread 0: Calculating AATK (1) ...  
INFO  @ Fri, 09 Feb 2024 11:12:29: Thread 0: Calculating NFXL1 (1001) ...  
INFO  @ Fri, 09 Feb 2024 11:12:33: Thread 0: Calculating MLL1 (2001) ...  
INFO  @ Fri, 09 Feb 2024 11:12:38: Thread 0: Calculating RNF146 (3001) ...  
INFO  @ Fri, 09 Feb 2024 11:12:40: Thread 0 completed. 
INFO  @ Fri, 09 Feb 2024 11:12:40: All threads completed. 
INFO  @ Fri, 09 Feb 2024 11:12:41: Permuting round 1 ... 
INFO  @ Fri, 09 Feb 2024 11:12:41: Thread 0 started. 
INFO  @ Fri, 09 Feb 2024 11:12:41: Thread 0: total 3516 instances. 
INFO  @ Fri, 09 Feb 2024 11:12:41: Thread 0: Calculating AATK (1) ...  
INFO  @ Fri, 09 Feb 2024 11:12:46: Thread 0: Calculating NFXL1 (1001) ...  
INFO  @ Fri, 09 Feb 2024 11:12:50: Thread 0: Calculating MLL1 (2001) ...  
INFO  @ Fri, 09 Feb 2024 11:12:55: Thread 0: Calculating RNF146 (3001) ...  
INFO  @ Fri, 09 Feb 2024 11:12:57: Thread 0 completed. 
INFO  @ Fri, 09 Feb 2024 11:12:57: All threads completed. 
INFO  @ Fri, 09 Feb 2024 11:12:58: Assigning p values... 
INFO  @ Fri, 09 Feb 2024 11:12:58: Permuting groups of gene with 25 sgRNAs per gene. Group progress: 25/41 
INFO  @ Fri, 09 Feb 2024 11:12:58: Start permuting 2 rounds ... 
INFO  @ Fri, 09 Feb 2024 11:12:58: Collecting 26156 sgRNAs from 3516 genes. 
INFO  @ Fri, 09 Feb 2024 11:12:58: Permuting round 0 ... 
INFO  @ Fri, 09 Feb 2024 11:12:58: Thread 0 started. 
INFO  @ Fri, 09 Feb 2024 11:12:58: Thread 0: total 3516 instances. 
INFO  @ Fri, 09 Feb 2024 11:12:58: Thread 0: Calculating AATK (1) ...  
INFO  @ Fri, 09 Feb 2024 11:13:03: Thread 0: Calculating NFXL1 (1001) ...  
INFO  @ Fri, 09 Feb 2024 11:13:07: Thread 0: Calculating MLL1 (2001) ...  
INFO  @ Fri, 09 Feb 2024 11:13:12: Thread 0: Calculating RNF146 (3001) ...  
INFO  @ Fri, 09 Feb 2024 11:13:14: Thread 0 completed. 
INFO  @ Fri, 09 Feb 2024 11:13:14: All threads completed. 
INFO  @ Fri, 09 Feb 2024 11:13:15: Permuting round 1 ... 
INFO  @ Fri, 09 Feb 2024 11:13:15: Thread 0 started. 
INFO  @ Fri, 09 Feb 2024 11:13:15: Thread 0: total 3516 instances. 
INFO  @ Fri, 09 Feb 2024 11:13:15: Thread 0: Calculating AATK (1) ...  
INFO  @ Fri, 09 Feb 2024 11:13:20: Thread 0: Calculating NFXL1 (1001) ...  
INFO  @ Fri, 09 Feb 2024 11:13:25: Thread 0: Calculating MLL1 (2001) ...  
INFO  @ Fri, 09 Feb 2024 11:13:30: Thread 0: Calculating RNF146 (3001) ...  
INFO  @ Fri, 09 Feb 2024 11:13:32: Thread 0 completed. 
INFO  @ Fri, 09 Feb 2024 11:13:32: All threads completed. 
INFO  @ Fri, 09 Feb 2024 11:13:33: Assigning p values... 
INFO  @ Fri, 09 Feb 2024 11:13:33: Permuting groups of gene with 27 sgRNAs per gene. Group progress: 26/41 
INFO  @ Fri, 09 Feb 2024 11:13:33: Start permuting 2 rounds ... 
INFO  @ Fri, 09 Feb 2024 11:13:33: Collecting 26156 sgRNAs from 3516 genes. 
INFO  @ Fri, 09 Feb 2024 11:13:33: Permuting round 0 ... 
INFO  @ Fri, 09 Feb 2024 11:13:33: Thread 0 started. 
INFO  @ Fri, 09 Feb 2024 11:13:33: Thread 0: total 3516 instances. 
INFO  @ Fri, 09 Feb 2024 11:13:33: Thread 0: Calculating AATK (1) ...  
INFO  @ Fri, 09 Feb 2024 11:13:38: Thread 0: Calculating NFXL1 (1001) ...  
INFO  @ Fri, 09 Feb 2024 11:13:43: Thread 0: Calculating MLL1 (2001) ...  
INFO  @ Fri, 09 Feb 2024 11:13:47: Thread 0: Calculating RNF146 (3001) ...  
INFO  @ Fri, 09 Feb 2024 11:13:50: Thread 0 completed. 
INFO  @ Fri, 09 Feb 2024 11:13:50: All threads completed. 
INFO  @ Fri, 09 Feb 2024 11:13:51: Permuting round 1 ... 
INFO  @ Fri, 09 Feb 2024 11:13:51: Thread 0 started. 
INFO  @ Fri, 09 Feb 2024 11:13:51: Thread 0: total 3516 instances. 
INFO  @ Fri, 09 Feb 2024 11:13:51: Thread 0: Calculating AATK (1) ...  
INFO  @ Fri, 09 Feb 2024 11:13:56: Thread 0: Calculating NFXL1 (1001) ...  
INFO  @ Fri, 09 Feb 2024 11:14:01: Thread 0: Calculating MLL1 (2001) ...  
INFO  @ Fri, 09 Feb 2024 11:14:05: Thread 0: Calculating RNF146 (3001) ...  
INFO  @ Fri, 09 Feb 2024 11:14:08: Thread 0 completed. 
INFO  @ Fri, 09 Feb 2024 11:14:08: All threads completed. 
INFO  @ Fri, 09 Feb 2024 11:14:09: Assigning p values... 
INFO  @ Fri, 09 Feb 2024 11:14:09: Permuting groups of gene with 28 sgRNAs per gene. Group progress: 27/41 
INFO  @ Fri, 09 Feb 2024 11:14:09: Start permuting 2 rounds ... 
INFO  @ Fri, 09 Feb 2024 11:14:09: Collecting 26156 sgRNAs from 3516 genes. 
INFO  @ Fri, 09 Feb 2024 11:14:10: Permuting round 0 ... 
INFO  @ Fri, 09 Feb 2024 11:14:10: Thread 0 started. 
INFO  @ Fri, 09 Feb 2024 11:14:10: Thread 0: total 3516 instances. 
INFO  @ Fri, 09 Feb 2024 11:14:10: Thread 0: Calculating AATK (1) ...  
INFO  @ Fri, 09 Feb 2024 11:14:18: Thread 0: Calculating NFXL1 (1001) ...  
INFO  @ Fri, 09 Feb 2024 11:14:25: Thread 0: Calculating MLL1 (2001) ...  
INFO  @ Fri, 09 Feb 2024 11:14:32: Thread 0: Calculating RNF146 (3001) ...  
INFO  @ Fri, 09 Feb 2024 11:14:36: Thread 0 completed. 
INFO  @ Fri, 09 Feb 2024 11:14:36: All threads completed. 
INFO  @ Fri, 09 Feb 2024 11:14:37: Permuting round 1 ... 
INFO  @ Fri, 09 Feb 2024 11:14:37: Thread 0 started. 
INFO  @ Fri, 09 Feb 2024 11:14:37: Thread 0: total 3516 instances. 
INFO  @ Fri, 09 Feb 2024 11:14:37: Thread 0: Calculating AATK (1) ...  
INFO  @ Fri, 09 Feb 2024 11:14:45: Thread 0: Calculating NFXL1 (1001) ...  
INFO  @ Fri, 09 Feb 2024 11:14:52: Thread 0: Calculating MLL1 (2001) ...  
INFO  @ Fri, 09 Feb 2024 11:15:00: Thread 0: Calculating RNF146 (3001) ...  
INFO  @ Fri, 09 Feb 2024 11:15:04: Thread 0 completed. 
INFO  @ Fri, 09 Feb 2024 11:15:04: All threads completed. 
INFO  @ Fri, 09 Feb 2024 11:15:06: Assigning p values... 
INFO  @ Fri, 09 Feb 2024 11:15:06: Permuting groups of gene with 29 sgRNAs per gene. Group progress: 28/41 
INFO  @ Fri, 09 Feb 2024 11:15:06: Start permuting 2 rounds ... 
INFO  @ Fri, 09 Feb 2024 11:15:06: Collecting 26156 sgRNAs from 3516 genes. 
INFO  @ Fri, 09 Feb 2024 11:15:06: Permuting round 0 ... 
INFO  @ Fri, 09 Feb 2024 11:15:07: Thread 0 started. 
INFO  @ Fri, 09 Feb 2024 11:15:07: Thread 0: total 3516 instances. 
INFO  @ Fri, 09 Feb 2024 11:15:07: Thread 0: Calculating AATK (1) ...  
INFO  @ Fri, 09 Feb 2024 11:15:14: Thread 0: Calculating NFXL1 (1001) ...  
INFO  @ Fri, 09 Feb 2024 11:15:21: Thread 0: Calculating MLL1 (2001) ...  
INFO  @ Fri, 09 Feb 2024 11:15:29: Thread 0: Calculating RNF146 (3001) ...  
INFO  @ Fri, 09 Feb 2024 11:15:33: Thread 0 completed. 
INFO  @ Fri, 09 Feb 2024 11:15:33: All threads completed. 
INFO  @ Fri, 09 Feb 2024 11:15:34: Permuting round 1 ... 
INFO  @ Fri, 09 Feb 2024 11:15:34: Thread 0 started. 
INFO  @ Fri, 09 Feb 2024 11:15:34: Thread 0: total 3516 instances. 
INFO  @ Fri, 09 Feb 2024 11:15:34: Thread 0: Calculating AATK (1) ...  
INFO  @ Fri, 09 Feb 2024 11:15:42: Thread 0: Calculating NFXL1 (1001) ...  
INFO  @ Fri, 09 Feb 2024 11:15:49: Thread 0: Calculating MLL1 (2001) ...  
INFO  @ Fri, 09 Feb 2024 11:15:57: Thread 0: Calculating RNF146 (3001) ...  
INFO  @ Fri, 09 Feb 2024 11:16:01: Thread 0 completed. 
INFO  @ Fri, 09 Feb 2024 11:16:01: All threads completed. 
INFO  @ Fri, 09 Feb 2024 11:16:02: Assigning p values... 
INFO  @ Fri, 09 Feb 2024 11:16:02: Permuting groups of gene with 30 sgRNAs per gene. Group progress: 29/41 
INFO  @ Fri, 09 Feb 2024 11:16:02: Start permuting 2 rounds ... 
INFO  @ Fri, 09 Feb 2024 11:16:02: Collecting 26156 sgRNAs from 3516 genes. 
INFO  @ Fri, 09 Feb 2024 11:16:03: Permuting round 0 ... 
INFO  @ Fri, 09 Feb 2024 11:16:03: Thread 0 started. 
INFO  @ Fri, 09 Feb 2024 11:16:03: Thread 0: total 3516 instances. 
INFO  @ Fri, 09 Feb 2024 11:16:03: Thread 0: Calculating AATK (1) ...  
INFO  @ Fri, 09 Feb 2024 11:16:10: Thread 0: Calculating NFXL1 (1001) ...  
INFO  @ Fri, 09 Feb 2024 11:16:18: Thread 0: Calculating MLL1 (2001) ...  
INFO  @ Fri, 09 Feb 2024 11:16:26: Thread 0: Calculating RNF146 (3001) ...  
INFO  @ Fri, 09 Feb 2024 11:16:30: Thread 0 completed. 
INFO  @ Fri, 09 Feb 2024 11:16:30: All threads completed. 
INFO  @ Fri, 09 Feb 2024 11:16:31: Permuting round 1 ... 
INFO  @ Fri, 09 Feb 2024 11:16:31: Thread 0 started. 
INFO  @ Fri, 09 Feb 2024 11:16:31: Thread 0: total 3516 instances. 
INFO  @ Fri, 09 Feb 2024 11:16:31: Thread 0: Calculating AATK (1) ...  
INFO  @ Fri, 09 Feb 2024 11:16:40: Thread 0: Calculating NFXL1 (1001) ...  
INFO  @ Fri, 09 Feb 2024 11:16:47: Thread 0: Calculating MLL1 (2001) ...  
INFO  @ Fri, 09 Feb 2024 11:16:55: Thread 0: Calculating RNF146 (3001) ...  
INFO  @ Fri, 09 Feb 2024 11:16:59: Thread 0 completed. 
INFO  @ Fri, 09 Feb 2024 11:16:59: All threads completed. 
INFO  @ Fri, 09 Feb 2024 11:17:01: Assigning p values... 
INFO  @ Fri, 09 Feb 2024 11:17:01: Permuting groups of gene with 31 sgRNAs per gene. Group progress: 30/41 
INFO  @ Fri, 09 Feb 2024 11:17:01: Start permuting 2 rounds ... 
INFO  @ Fri, 09 Feb 2024 11:17:02: Collecting 26156 sgRNAs from 3516 genes. 
INFO  @ Fri, 09 Feb 2024 11:17:02: Permuting round 0 ... 
INFO  @ Fri, 09 Feb 2024 11:17:03: Thread 0 started. 
INFO  @ Fri, 09 Feb 2024 11:17:03: Thread 0: total 3516 instances. 
INFO  @ Fri, 09 Feb 2024 11:17:03: Thread 0: Calculating AATK (1) ...  
INFO  @ Fri, 09 Feb 2024 11:17:25: Thread 0: Calculating NFXL1 (1001) ...  
INFO  @ Fri, 09 Feb 2024 11:17:48: Thread 0: Calculating MLL1 (2001) ...  
INFO  @ Fri, 09 Feb 2024 11:18:10: Thread 0: Calculating RNF146 (3001) ...  
INFO  @ Fri, 09 Feb 2024 11:18:21: Thread 0 completed. 
INFO  @ Fri, 09 Feb 2024 11:18:21: All threads completed. 
INFO  @ Fri, 09 Feb 2024 11:18:22: Permuting round 1 ... 
INFO  @ Fri, 09 Feb 2024 11:18:23: Thread 0 started. 
INFO  @ Fri, 09 Feb 2024 11:18:23: Thread 0: total 3516 instances. 
INFO  @ Fri, 09 Feb 2024 11:18:23: Thread 0: Calculating AATK (1) ...  
INFO  @ Fri, 09 Feb 2024 11:18:46: Thread 0: Calculating NFXL1 (1001) ...  
INFO  @ Fri, 09 Feb 2024 11:19:09: Thread 0: Calculating MLL1 (2001) ...  
INFO  @ Fri, 09 Feb 2024 11:19:35: Thread 0: Calculating RNF146 (3001) ...  
INFO  @ Fri, 09 Feb 2024 11:19:45: Thread 0 completed. 
INFO  @ Fri, 09 Feb 2024 11:19:45: All threads completed. 
INFO  @ Fri, 09 Feb 2024 11:19:47: Assigning p values... 
INFO  @ Fri, 09 Feb 2024 11:19:47: Permuting groups of gene with 32 sgRNAs per gene. Group progress: 31/41 
INFO  @ Fri, 09 Feb 2024 11:19:47: Start permuting 2 rounds ... 
INFO  @ Fri, 09 Feb 2024 11:19:47: Collecting 26156 sgRNAs from 3516 genes. 
INFO  @ Fri, 09 Feb 2024 11:19:48: Permuting round 0 ... 
INFO  @ Fri, 09 Feb 2024 11:19:49: Thread 0 started. 
INFO  @ Fri, 09 Feb 2024 11:19:49: Thread 0: total 3516 instances. 
INFO  @ Fri, 09 Feb 2024 11:19:49: Thread 0: Calculating AATK (1) ...  
INFO  @ Fri, 09 Feb 2024 11:20:13: Thread 0: Calculating NFXL1 (1001) ...  
INFO  @ Fri, 09 Feb 2024 11:20:37: Thread 0: Calculating MLL1 (2001) ...  
INFO  @ Fri, 09 Feb 2024 11:21:03: Thread 0: Calculating RNF146 (3001) ...  
INFO  @ Fri, 09 Feb 2024 11:21:16: Thread 0 completed. 
INFO  @ Fri, 09 Feb 2024 11:21:16: All threads completed. 
INFO  @ Fri, 09 Feb 2024 11:21:17: Permuting round 1 ... 
INFO  @ Fri, 09 Feb 2024 11:21:18: Thread 0 started. 
INFO  @ Fri, 09 Feb 2024 11:21:18: Thread 0: total 3516 instances. 
INFO  @ Fri, 09 Feb 2024 11:21:18: Thread 0: Calculating AATK (1) ...  
INFO  @ Fri, 09 Feb 2024 11:21:43: Thread 0: Calculating NFXL1 (1001) ...  
INFO  @ Fri, 09 Feb 2024 11:22:08: Thread 0: Calculating MLL1 (2001) ...  
INFO  @ Fri, 09 Feb 2024 11:22:32: Thread 0: Calculating RNF146 (3001) ...  
INFO  @ Fri, 09 Feb 2024 11:22:48: Thread 0 completed. 
INFO  @ Fri, 09 Feb 2024 11:22:48: All threads completed. 
INFO  @ Fri, 09 Feb 2024 11:22:50: Assigning p values... 
INFO  @ Fri, 09 Feb 2024 11:22:50: Permuting groups of gene with 33 sgRNAs per gene. Group progress: 32/41 
INFO  @ Fri, 09 Feb 2024 11:22:50: Start permuting 2 rounds ... 
INFO  @ Fri, 09 Feb 2024 11:22:51: Collecting 26156 sgRNAs from 3516 genes. 
INFO  @ Fri, 09 Feb 2024 11:22:51: Permuting round 0 ... 
INFO  @ Fri, 09 Feb 2024 11:22:52: Thread 0 started. 
INFO  @ Fri, 09 Feb 2024 11:22:52: Thread 0: total 3516 instances. 
INFO  @ Fri, 09 Feb 2024 11:22:52: Thread 0: Calculating AATK (1) ...  
INFO  @ Fri, 09 Feb 2024 11:23:23: Thread 0: Calculating NFXL1 (1001) ...  
INFO  @ Fri, 09 Feb 2024 11:23:38: Thread 0: Calculating MLL1 (2001) ...  
INFO  @ Fri, 09 Feb 2024 11:23:53: Thread 0: Calculating RNF146 (3001) ...  
INFO  @ Fri, 09 Feb 2024 11:24:02: Thread 0 completed. 
INFO  @ Fri, 09 Feb 2024 11:24:02: All threads completed. 
INFO  @ Fri, 09 Feb 2024 11:24:03: Permuting round 1 ... 
INFO  @ Fri, 09 Feb 2024 11:24:03: Thread 0 started. 
INFO  @ Fri, 09 Feb 2024 11:24:03: Thread 0: total 3516 instances. 
INFO  @ Fri, 09 Feb 2024 11:24:04: Thread 0: Calculating AATK (1) ...  
INFO  @ Fri, 09 Feb 2024 11:24:26: Thread 0: Calculating NFXL1 (1001) ...  
INFO  @ Fri, 09 Feb 2024 11:24:47: Thread 0: Calculating MLL1 (2001) ...  
INFO  @ Fri, 09 Feb 2024 11:25:10: Thread 0: Calculating RNF146 (3001) ...  
INFO  @ Fri, 09 Feb 2024 11:25:21: Thread 0 completed. 
INFO  @ Fri, 09 Feb 2024 11:25:21: All threads completed. 
INFO  @ Fri, 09 Feb 2024 11:25:23: Assigning p values... 
INFO  @ Fri, 09 Feb 2024 11:25:23: Permuting groups of gene with 34 sgRNAs per gene. Group progress: 33/41 
INFO  @ Fri, 09 Feb 2024 11:25:23: Start permuting 2 rounds ... 
INFO  @ Fri, 09 Feb 2024 11:25:23: Collecting 26156 sgRNAs from 3516 genes. 
INFO  @ Fri, 09 Feb 2024 11:25:24: Permuting round 0 ... 
INFO  @ Fri, 09 Feb 2024 11:25:24: Thread 0 started. 
INFO  @ Fri, 09 Feb 2024 11:25:24: Thread 0: total 3516 instances. 
INFO  @ Fri, 09 Feb 2024 11:25:24: Thread 0: Calculating AATK (1) ...  
INFO  @ Fri, 09 Feb 2024 11:25:53: Thread 0: Calculating NFXL1 (1001) ...  
INFO  @ Fri, 09 Feb 2024 11:26:20: Thread 0: Calculating MLL1 (2001) ...  
INFO  @ Fri, 09 Feb 2024 11:26:44: Thread 0: Calculating RNF146 (3001) ...  
INFO  @ Fri, 09 Feb 2024 11:26:55: Thread 0 completed. 
INFO  @ Fri, 09 Feb 2024 11:26:55: All threads completed. 
INFO  @ Fri, 09 Feb 2024 11:26:57: Permuting round 1 ... 
INFO  @ Fri, 09 Feb 2024 11:26:58: Thread 0 started. 
INFO  @ Fri, 09 Feb 2024 11:26:58: Thread 0: total 3516 instances. 
INFO  @ Fri, 09 Feb 2024 11:26:58: Thread 0: Calculating AATK (1) ...  
INFO  @ Fri, 09 Feb 2024 11:27:27: Thread 0: Calculating NFXL1 (1001) ...  
INFO  @ Fri, 09 Feb 2024 11:27:49: Thread 0: Calculating MLL1 (2001) ...  
INFO  @ Fri, 09 Feb 2024 11:28:10: Thread 0: Calculating RNF146 (3001) ...  
INFO  @ Fri, 09 Feb 2024 11:28:21: Thread 0 completed. 
INFO  @ Fri, 09 Feb 2024 11:28:21: All threads completed. 
INFO  @ Fri, 09 Feb 2024 11:28:23: Assigning p values... 
INFO  @ Fri, 09 Feb 2024 11:28:23: Permuting groups of gene with 37 sgRNAs per gene. Group progress: 34/41 
INFO  @ Fri, 09 Feb 2024 11:28:23: Start permuting 2 rounds ... 
INFO  @ Fri, 09 Feb 2024 11:28:23: Collecting 26156 sgRNAs from 3516 genes. 
INFO  @ Fri, 09 Feb 2024 11:28:23: Permuting round 0 ... 
INFO  @ Fri, 09 Feb 2024 11:28:24: Thread 0 started. 
INFO  @ Fri, 09 Feb 2024 11:28:24: Thread 0: total 3516 instances. 
INFO  @ Fri, 09 Feb 2024 11:28:24: Thread 0: Calculating AATK (1) ...  
INFO  @ Fri, 09 Feb 2024 11:28:44: Thread 0: Calculating NFXL1 (1001) ...  
INFO  @ Fri, 09 Feb 2024 11:29:03: Thread 0: Calculating MLL1 (2001) ...  
INFO  @ Fri, 09 Feb 2024 11:29:26: Thread 0: Calculating RNF146 (3001) ...  
INFO  @ Fri, 09 Feb 2024 11:29:39: Thread 0 completed. 
INFO  @ Fri, 09 Feb 2024 11:29:39: All threads completed. 
INFO  @ Fri, 09 Feb 2024 11:29:40: Permuting round 1 ... 
INFO  @ Fri, 09 Feb 2024 11:29:40: Thread 0 started. 
INFO  @ Fri, 09 Feb 2024 11:29:41: Thread 0: total 3516 instances. 
INFO  @ Fri, 09 Feb 2024 11:29:41: Thread 0: Calculating AATK (1) ...  
INFO  @ Fri, 09 Feb 2024 11:29:59: Thread 0: Calculating NFXL1 (1001) ...  
INFO  @ Fri, 09 Feb 2024 11:30:19: Thread 0: Calculating MLL1 (2001) ...  
INFO  @ Fri, 09 Feb 2024 11:30:29: Thread 0: Calculating RNF146 (3001) ...  
INFO  @ Fri, 09 Feb 2024 11:30:35: Thread 0 completed. 
INFO  @ Fri, 09 Feb 2024 11:30:35: All threads completed. 
INFO  @ Fri, 09 Feb 2024 11:30:36: Assigning p values... 
INFO  @ Fri, 09 Feb 2024 11:30:36: Groups of gene with 42 sgRNAs per gene: assigning p values based on previous group results. Group progress: 35/41 
INFO  @ Fri, 09 Feb 2024 11:30:36: Groups of gene with 46 sgRNAs per gene: assigning p values based on previous group results. Group progress: 36/41 
INFO  @ Fri, 09 Feb 2024 11:30:36: Groups of gene with 47 sgRNAs per gene: assigning p values based on previous group results. Group progress: 37/41 
INFO  @ Fri, 09 Feb 2024 11:30:36: Groups of gene with 48 sgRNAs per gene: assigning p values based on previous group results. Group progress: 38/41 
INFO  @ Fri, 09 Feb 2024 11:30:36: Groups of gene with 49 sgRNAs per gene: assigning p values based on previous group results. Group progress: 39/41 
INFO  @ Fri, 09 Feb 2024 11:30:36: Groups of gene with 56 sgRNAs per gene: assigning p values based on previous group results. Group progress: 40/41 
INFO  @ Fri, 09 Feb 2024 11:30:36: Groups of gene with 67 sgRNAs per gene: assigning p values based on previous group results. Group progress: 41/41 
INFO  @ Fri, 09 Feb 2024 11:30:36: Writing gene results to mle_count-DLD1__Ts2.8.gene_summary.txt 
INFO  @ Fri, 09 Feb 2024 11:30:36: Writing sgRNA results to mle_count-DLD1__Ts2.8.sgrna_summary.txt 
