INFO  @ Thu, 09 Mar 2023 17:58:52: Parameters: /home/ryan/miniconda3/envs/mageck/bin/mageck mle -k count-DLD1-Ts2.18-i.f-wo-cdk12.csv -d matrixDLD1-Ts2.18.txt -n mle_DLD1-Ts2.18 
INFO  @ Thu, 09 Mar 2023 17:58:52: Cannot parse design matrix as a string; try to parse it as a file name ... 
INFO  @ Thu, 09 Mar 2023 17:58:52: Design matrix: 
INFO  @ Thu, 09 Mar 2023 17:58:52: [[1. 0.] 
INFO  @ Thu, 09 Mar 2023 17:58:52:  [1. 1.]] 
INFO  @ Thu, 09 Mar 2023 17:58:52: Beta labels:baseline,DLD1-Ts2.18 
INFO  @ Thu, 09 Mar 2023 17:58:52: Included samples:DLD1-Ts2.18.initial,DLD1-Ts2.18.final 
INFO  @ Thu, 09 Mar 2023 17:58:52: Treating count-DLD1-Ts2.18-i.f-wo-cdk12.csv as csv file ... 
INFO  @ Thu, 09 Mar 2023 17:58:52: Loaded samples:DLD1-Ts2.18.initial;DLD1-Ts2.18.final 
INFO  @ Thu, 09 Mar 2023 17:58:52: Sample index: 0;1 
INFO  @ Thu, 09 Mar 2023 17:58:53: Loaded 3514 genes. 
DEBUG @ Thu, 09 Mar 2023 17:58:53: Initial (total) size factor: 1.7063369885644397 0.7072389410006436 
DEBUG @ Thu, 09 Mar 2023 17:58:53: Median factor: 1.559058175404613 0.6426021377453698 
INFO  @ Thu, 09 Mar 2023 17:58:53: Final size factor: 1.559058175404613 0.6426021377453698 
INFO  @ Thu, 09 Mar 2023 17:58:53: size factor: 0.6414128836087056,1.5561728498267906 
INFO  @ Thu, 09 Mar 2023 17:58:53: Thread 0 started. 
INFO  @ Thu, 09 Mar 2023 17:58:53: Thread 0: total 1 instances. 
INFO  @ Thu, 09 Mar 2023 17:58:53: Thread 0 completed. 
INFO  @ Thu, 09 Mar 2023 17:58:53: All threads completed. 
INFO  @ Thu, 09 Mar 2023 17:58:53: Modeling the mean and variance ... 
INFO  @ Thu, 09 Mar 2023 17:58:53: Run the algorithm for the second time ... 
INFO  @ Thu, 09 Mar 2023 17:58:53: Skipping gene KMT2C from MLE calculation since there are too many sgRNAs. To change, revise the --max-sgrnapergene-permutation option. 
INFO  @ Thu, 09 Mar 2023 17:58:53: Skipping gene KMT2A from MLE calculation since there are too many sgRNAs. To change, revise the --max-sgrnapergene-permutation option. 
INFO  @ Thu, 09 Mar 2023 17:58:53: Skipping gene KMT2B from MLE calculation since there are too many sgRNAs. To change, revise the --max-sgrnapergene-permutation option. 
INFO  @ Thu, 09 Mar 2023 17:58:53: Skipping gene KMT2D from MLE calculation since there are too many sgRNAs. To change, revise the --max-sgrnapergene-permutation option. 
INFO  @ Thu, 09 Mar 2023 17:58:53: Skipping gene NSD1 from MLE calculation since there are too many sgRNAs. To change, revise the --max-sgrnapergene-permutation option. 
INFO  @ Thu, 09 Mar 2023 17:58:53: Skipping gene KDM2B from MLE calculation since there are too many sgRNAs. To change, revise the --max-sgrnapergene-permutation option. 
INFO  @ Thu, 09 Mar 2023 17:58:53: Skipping gene TDRD6 from MLE calculation since there are too many sgRNAs. To change, revise the --max-sgrnapergene-permutation option. 
INFO  @ Thu, 09 Mar 2023 17:58:53: Skipping gene PBRM1 from MLE calculation since there are too many sgRNAs. To change, revise the --max-sgrnapergene-permutation option. 
INFO  @ Thu, 09 Mar 2023 17:58:53: Skipping gene NKX2 from MLE calculation since there are too many sgRNAs. To change, revise the --max-sgrnapergene-permutation option. 
INFO  @ Thu, 09 Mar 2023 17:58:53: Skipping gene RNF17 from MLE calculation since there are too many sgRNAs. To change, revise the --max-sgrnapergene-permutation option. 
INFO  @ Thu, 09 Mar 2023 17:58:53: Skipping gene KDM2A from MLE calculation since there are too many sgRNAs. To change, revise the --max-sgrnapergene-permutation option. 
INFO  @ Thu, 09 Mar 2023 17:58:53: Thread 0 started. 
INFO  @ Thu, 09 Mar 2023 17:58:53: Thread 0: total 3503 instances. 
INFO  @ Thu, 09 Mar 2023 17:58:53: Thread 0: Calculating SETD1B (1) ...  
INFO  @ Thu, 09 Mar 2023 17:58:56: Thread 0: Calculating CUL2 (1001) ...  
INFO  @ Thu, 09 Mar 2023 17:58:59: Thread 0: Calculating RNF11 (2001) ...  
INFO  @ Thu, 09 Mar 2023 17:59:02: Thread 0: Calculating ZNF598 (3001) ...  
INFO  @ Thu, 09 Mar 2023 17:59:04: Thread 0 completed. 
INFO  @ Thu, 09 Mar 2023 17:59:04: All threads completed. 
INFO  @ Thu, 09 Mar 2023 17:59:04: Permuting groups of gene with 1 sgRNAs per gene. Group progress: 1/41 
INFO  @ Thu, 09 Mar 2023 17:59:04: Start permuting 2 rounds ... 
INFO  @ Thu, 09 Mar 2023 17:59:04: Collecting 25893 sgRNAs from 3514 genes. 
INFO  @ Thu, 09 Mar 2023 17:59:05: Permuting round 0 ... 
INFO  @ Thu, 09 Mar 2023 17:59:05: Thread 0 started. 
INFO  @ Thu, 09 Mar 2023 17:59:05: Thread 0: total 3514 instances. 
INFO  @ Thu, 09 Mar 2023 17:59:05: Thread 0: Calculating SETD1B (1) ...  
INFO  @ Thu, 09 Mar 2023 17:59:07: Thread 0: Calculating PLK4 (1001) ...  
INFO  @ Thu, 09 Mar 2023 17:59:08: Thread 0: Calculating KCNA1 (2001) ...  
INFO  @ Thu, 09 Mar 2023 17:59:10: Thread 0: Calculating ZNF781 (3001) ...  
INFO  @ Thu, 09 Mar 2023 17:59:11: Thread 0 completed. 
INFO  @ Thu, 09 Mar 2023 17:59:11: All threads completed. 
INFO  @ Thu, 09 Mar 2023 17:59:12: Permuting round 1 ... 
INFO  @ Thu, 09 Mar 2023 17:59:12: Thread 0 started. 
INFO  @ Thu, 09 Mar 2023 17:59:12: Thread 0: total 3514 instances. 
INFO  @ Thu, 09 Mar 2023 17:59:12: Thread 0: Calculating SETD1B (1) ...  
INFO  @ Thu, 09 Mar 2023 17:59:14: Thread 0: Calculating PLK4 (1001) ...  
INFO  @ Thu, 09 Mar 2023 17:59:16: Thread 0: Calculating KCNA1 (2001) ...  
INFO  @ Thu, 09 Mar 2023 17:59:18: Thread 0: Calculating ZNF781 (3001) ...  
INFO  @ Thu, 09 Mar 2023 17:59:19: Thread 0 completed. 
INFO  @ Thu, 09 Mar 2023 17:59:19: All threads completed. 
INFO  @ Thu, 09 Mar 2023 17:59:20: Assigning p values... 
INFO  @ Thu, 09 Mar 2023 17:59:20: Permuting groups of gene with 2 sgRNAs per gene. Group progress: 2/41 
INFO  @ Thu, 09 Mar 2023 17:59:20: Start permuting 2 rounds ... 
INFO  @ Thu, 09 Mar 2023 17:59:20: Collecting 25893 sgRNAs from 3514 genes. 
INFO  @ Thu, 09 Mar 2023 17:59:20: Permuting round 0 ... 
INFO  @ Thu, 09 Mar 2023 17:59:20: Thread 0 started. 
INFO  @ Thu, 09 Mar 2023 17:59:20: Thread 0: total 3514 instances. 
INFO  @ Thu, 09 Mar 2023 17:59:20: Thread 0: Calculating SETD1B (1) ...  
INFO  @ Thu, 09 Mar 2023 17:59:22: Thread 0: Calculating PLK4 (1001) ...  
INFO  @ Thu, 09 Mar 2023 17:59:25: Thread 0: Calculating KCNA1 (2001) ...  
INFO  @ Thu, 09 Mar 2023 17:59:27: Thread 0: Calculating ZNF781 (3001) ...  
INFO  @ Thu, 09 Mar 2023 17:59:28: Thread 0 completed. 
INFO  @ Thu, 09 Mar 2023 17:59:28: All threads completed. 
INFO  @ Thu, 09 Mar 2023 17:59:29: Permuting round 1 ... 
INFO  @ Thu, 09 Mar 2023 17:59:29: Thread 0 started. 
INFO  @ Thu, 09 Mar 2023 17:59:29: Thread 0: total 3514 instances. 
INFO  @ Thu, 09 Mar 2023 17:59:29: Thread 0: Calculating SETD1B (1) ...  
INFO  @ Thu, 09 Mar 2023 17:59:32: Thread 0: Calculating PLK4 (1001) ...  
INFO  @ Thu, 09 Mar 2023 17:59:34: Thread 0: Calculating KCNA1 (2001) ...  
INFO  @ Thu, 09 Mar 2023 17:59:36: Thread 0: Calculating ZNF781 (3001) ...  
INFO  @ Thu, 09 Mar 2023 17:59:38: Thread 0 completed. 
INFO  @ Thu, 09 Mar 2023 17:59:38: All threads completed. 
INFO  @ Thu, 09 Mar 2023 17:59:38: Assigning p values... 
INFO  @ Thu, 09 Mar 2023 17:59:38: Permuting groups of gene with 3 sgRNAs per gene. Group progress: 3/41 
INFO  @ Thu, 09 Mar 2023 17:59:38: Start permuting 2 rounds ... 
INFO  @ Thu, 09 Mar 2023 17:59:39: Collecting 25893 sgRNAs from 3514 genes. 
INFO  @ Thu, 09 Mar 2023 17:59:39: Permuting round 0 ... 
INFO  @ Thu, 09 Mar 2023 17:59:39: Thread 0 started. 
INFO  @ Thu, 09 Mar 2023 17:59:39: Thread 0: total 3514 instances. 
INFO  @ Thu, 09 Mar 2023 17:59:39: Thread 0: Calculating SETD1B (1) ...  
INFO  @ Thu, 09 Mar 2023 17:59:41: Thread 0: Calculating PLK4 (1001) ...  
INFO  @ Thu, 09 Mar 2023 17:59:44: Thread 0: Calculating KCNA1 (2001) ...  
INFO  @ Thu, 09 Mar 2023 17:59:47: Thread 0: Calculating ZNF781 (3001) ...  
INFO  @ Thu, 09 Mar 2023 17:59:48: Thread 0 completed. 
INFO  @ Thu, 09 Mar 2023 17:59:48: All threads completed. 
INFO  @ Thu, 09 Mar 2023 17:59:49: Permuting round 1 ... 
INFO  @ Thu, 09 Mar 2023 17:59:49: Thread 0 started. 
INFO  @ Thu, 09 Mar 2023 17:59:49: Thread 0: total 3514 instances. 
INFO  @ Thu, 09 Mar 2023 17:59:49: Thread 0: Calculating SETD1B (1) ...  
INFO  @ Thu, 09 Mar 2023 17:59:51: Thread 0: Calculating PLK4 (1001) ...  
INFO  @ Thu, 09 Mar 2023 17:59:54: Thread 0: Calculating KCNA1 (2001) ...  
INFO  @ Thu, 09 Mar 2023 17:59:57: Thread 0: Calculating ZNF781 (3001) ...  
INFO  @ Thu, 09 Mar 2023 17:59:59: Thread 0 completed. 
INFO  @ Thu, 09 Mar 2023 17:59:59: All threads completed. 
INFO  @ Thu, 09 Mar 2023 18:00:00: Assigning p values... 
INFO  @ Thu, 09 Mar 2023 18:00:00: Permuting groups of gene with 4 sgRNAs per gene. Group progress: 4/41 
INFO  @ Thu, 09 Mar 2023 18:00:00: Start permuting 2 rounds ... 
INFO  @ Thu, 09 Mar 2023 18:00:00: Collecting 25893 sgRNAs from 3514 genes. 
INFO  @ Thu, 09 Mar 2023 18:00:00: Permuting round 0 ... 
INFO  @ Thu, 09 Mar 2023 18:00:00: Thread 0 started. 
INFO  @ Thu, 09 Mar 2023 18:00:00: Thread 0: total 3514 instances. 
INFO  @ Thu, 09 Mar 2023 18:00:00: Thread 0: Calculating SETD1B (1) ...  
INFO  @ Thu, 09 Mar 2023 18:00:03: Thread 0: Calculating PLK4 (1001) ...  
INFO  @ Thu, 09 Mar 2023 18:00:06: Thread 0: Calculating KCNA1 (2001) ...  
INFO  @ Thu, 09 Mar 2023 18:00:09: Thread 0: Calculating ZNF781 (3001) ...  
INFO  @ Thu, 09 Mar 2023 18:00:10: Thread 0 completed. 
INFO  @ Thu, 09 Mar 2023 18:00:10: All threads completed. 
INFO  @ Thu, 09 Mar 2023 18:00:11: Permuting round 1 ... 
INFO  @ Thu, 09 Mar 2023 18:00:11: Thread 0 started. 
INFO  @ Thu, 09 Mar 2023 18:00:11: Thread 0: total 3514 instances. 
INFO  @ Thu, 09 Mar 2023 18:00:11: Thread 0: Calculating SETD1B (1) ...  
INFO  @ Thu, 09 Mar 2023 18:00:14: Thread 0: Calculating PLK4 (1001) ...  
INFO  @ Thu, 09 Mar 2023 18:00:17: Thread 0: Calculating KCNA1 (2001) ...  
INFO  @ Thu, 09 Mar 2023 18:00:19: Thread 0: Calculating ZNF781 (3001) ...  
INFO  @ Thu, 09 Mar 2023 18:00:21: Thread 0 completed. 
INFO  @ Thu, 09 Mar 2023 18:00:21: All threads completed. 
INFO  @ Thu, 09 Mar 2023 18:00:22: Assigning p values... 
INFO  @ Thu, 09 Mar 2023 18:00:22: Permuting groups of gene with 5 sgRNAs per gene. Group progress: 5/41 
INFO  @ Thu, 09 Mar 2023 18:00:22: Start permuting 2 rounds ... 
INFO  @ Thu, 09 Mar 2023 18:00:22: Collecting 25893 sgRNAs from 3514 genes. 
INFO  @ Thu, 09 Mar 2023 18:00:22: Permuting round 0 ... 
INFO  @ Thu, 09 Mar 2023 18:00:22: Thread 0 started. 
INFO  @ Thu, 09 Mar 2023 18:00:22: Thread 0: total 3514 instances. 
INFO  @ Thu, 09 Mar 2023 18:00:22: Thread 0: Calculating SETD1B (1) ...  
INFO  @ Thu, 09 Mar 2023 18:00:25: Thread 0: Calculating PLK4 (1001) ...  
INFO  @ Thu, 09 Mar 2023 18:00:28: Thread 0: Calculating KCNA1 (2001) ...  
INFO  @ Thu, 09 Mar 2023 18:00:31: Thread 0: Calculating ZNF781 (3001) ...  
INFO  @ Thu, 09 Mar 2023 18:00:32: Thread 0 completed. 
INFO  @ Thu, 09 Mar 2023 18:00:32: All threads completed. 
INFO  @ Thu, 09 Mar 2023 18:00:33: Permuting round 1 ... 
INFO  @ Thu, 09 Mar 2023 18:00:33: Thread 0 started. 
INFO  @ Thu, 09 Mar 2023 18:00:33: Thread 0: total 3514 instances. 
INFO  @ Thu, 09 Mar 2023 18:00:33: Thread 0: Calculating SETD1B (1) ...  
INFO  @ Thu, 09 Mar 2023 18:00:36: Thread 0: Calculating PLK4 (1001) ...  
INFO  @ Thu, 09 Mar 2023 18:00:39: Thread 0: Calculating KCNA1 (2001) ...  
INFO  @ Thu, 09 Mar 2023 18:00:41: Thread 0: Calculating ZNF781 (3001) ...  
INFO  @ Thu, 09 Mar 2023 18:00:43: Thread 0 completed. 
INFO  @ Thu, 09 Mar 2023 18:00:43: All threads completed. 
INFO  @ Thu, 09 Mar 2023 18:00:44: Assigning p values... 
INFO  @ Thu, 09 Mar 2023 18:00:44: Permuting groups of gene with 6 sgRNAs per gene. Group progress: 6/41 
INFO  @ Thu, 09 Mar 2023 18:00:44: Start permuting 2 rounds ... 
INFO  @ Thu, 09 Mar 2023 18:00:44: Collecting 25893 sgRNAs from 3514 genes. 
INFO  @ Thu, 09 Mar 2023 18:00:44: Permuting round 0 ... 
INFO  @ Thu, 09 Mar 2023 18:00:44: Thread 0 started. 
INFO  @ Thu, 09 Mar 2023 18:00:44: Thread 0: total 3514 instances. 
INFO  @ Thu, 09 Mar 2023 18:00:44: Thread 0: Calculating SETD1B (1) ...  
INFO  @ Thu, 09 Mar 2023 18:00:47: Thread 0: Calculating PLK4 (1001) ...  
INFO  @ Thu, 09 Mar 2023 18:00:50: Thread 0: Calculating KCNA1 (2001) ...  
INFO  @ Thu, 09 Mar 2023 18:00:53: Thread 0: Calculating ZNF781 (3001) ...  
INFO  @ Thu, 09 Mar 2023 18:00:54: Thread 0 completed. 
INFO  @ Thu, 09 Mar 2023 18:00:54: All threads completed. 
INFO  @ Thu, 09 Mar 2023 18:00:55: Permuting round 1 ... 
INFO  @ Thu, 09 Mar 2023 18:00:55: Thread 0 started. 
INFO  @ Thu, 09 Mar 2023 18:00:55: Thread 0: total 3514 instances. 
INFO  @ Thu, 09 Mar 2023 18:00:55: Thread 0: Calculating SETD1B (1) ...  
INFO  @ Thu, 09 Mar 2023 18:00:58: Thread 0: Calculating PLK4 (1001) ...  
INFO  @ Thu, 09 Mar 2023 18:01:01: Thread 0: Calculating KCNA1 (2001) ...  
INFO  @ Thu, 09 Mar 2023 18:01:04: Thread 0: Calculating ZNF781 (3001) ...  
INFO  @ Thu, 09 Mar 2023 18:01:05: Thread 0 completed. 
INFO  @ Thu, 09 Mar 2023 18:01:05: All threads completed. 
INFO  @ Thu, 09 Mar 2023 18:01:06: Assigning p values... 
INFO  @ Thu, 09 Mar 2023 18:01:06: Permuting groups of gene with 7 sgRNAs per gene. Group progress: 7/41 
INFO  @ Thu, 09 Mar 2023 18:01:06: Start permuting 2 rounds ... 
INFO  @ Thu, 09 Mar 2023 18:01:06: Collecting 25893 sgRNAs from 3514 genes. 
INFO  @ Thu, 09 Mar 2023 18:01:07: Permuting round 0 ... 
INFO  @ Thu, 09 Mar 2023 18:01:07: Thread 0 started. 
INFO  @ Thu, 09 Mar 2023 18:01:07: Thread 0: total 3514 instances. 
INFO  @ Thu, 09 Mar 2023 18:01:07: Thread 0: Calculating SETD1B (1) ...  
INFO  @ Thu, 09 Mar 2023 18:01:10: Thread 0: Calculating PLK4 (1001) ...  
INFO  @ Thu, 09 Mar 2023 18:01:13: Thread 0: Calculating KCNA1 (2001) ...  
INFO  @ Thu, 09 Mar 2023 18:01:15: Thread 0: Calculating ZNF781 (3001) ...  
INFO  @ Thu, 09 Mar 2023 18:01:17: Thread 0 completed. 
INFO  @ Thu, 09 Mar 2023 18:01:17: All threads completed. 
INFO  @ Thu, 09 Mar 2023 18:01:18: Permuting round 1 ... 
INFO  @ Thu, 09 Mar 2023 18:01:18: Thread 0 started. 
INFO  @ Thu, 09 Mar 2023 18:01:18: Thread 0: total 3514 instances. 
INFO  @ Thu, 09 Mar 2023 18:01:18: Thread 0: Calculating SETD1B (1) ...  
INFO  @ Thu, 09 Mar 2023 18:01:21: Thread 0: Calculating PLK4 (1001) ...  
INFO  @ Thu, 09 Mar 2023 18:01:24: Thread 0: Calculating KCNA1 (2001) ...  
INFO  @ Thu, 09 Mar 2023 18:01:27: Thread 0: Calculating ZNF781 (3001) ...  
INFO  @ Thu, 09 Mar 2023 18:01:28: Thread 0 completed. 
INFO  @ Thu, 09 Mar 2023 18:01:28: All threads completed. 
INFO  @ Thu, 09 Mar 2023 18:01:29: Assigning p values... 
INFO  @ Thu, 09 Mar 2023 18:01:29: Permuting groups of gene with 8 sgRNAs per gene. Group progress: 8/41 
INFO  @ Thu, 09 Mar 2023 18:01:29: Start permuting 2 rounds ... 
INFO  @ Thu, 09 Mar 2023 18:01:29: Collecting 25893 sgRNAs from 3514 genes. 
INFO  @ Thu, 09 Mar 2023 18:01:29: Permuting round 0 ... 
INFO  @ Thu, 09 Mar 2023 18:01:29: Thread 0 started. 
INFO  @ Thu, 09 Mar 2023 18:01:29: Thread 0: total 3514 instances. 
INFO  @ Thu, 09 Mar 2023 18:01:29: Thread 0: Calculating SETD1B (1) ...  
INFO  @ Thu, 09 Mar 2023 18:01:32: Thread 0: Calculating PLK4 (1001) ...  
INFO  @ Thu, 09 Mar 2023 18:01:35: Thread 0: Calculating KCNA1 (2001) ...  
INFO  @ Thu, 09 Mar 2023 18:01:38: Thread 0: Calculating ZNF781 (3001) ...  
INFO  @ Thu, 09 Mar 2023 18:01:40: Thread 0 completed. 
INFO  @ Thu, 09 Mar 2023 18:01:40: All threads completed. 
INFO  @ Thu, 09 Mar 2023 18:01:41: Permuting round 1 ... 
INFO  @ Thu, 09 Mar 2023 18:01:41: Thread 0 started. 
INFO  @ Thu, 09 Mar 2023 18:01:41: Thread 0: total 3514 instances. 
INFO  @ Thu, 09 Mar 2023 18:01:41: Thread 0: Calculating SETD1B (1) ...  
INFO  @ Thu, 09 Mar 2023 18:01:44: Thread 0: Calculating PLK4 (1001) ...  
INFO  @ Thu, 09 Mar 2023 18:01:47: Thread 0: Calculating KCNA1 (2001) ...  
INFO  @ Thu, 09 Mar 2023 18:01:50: Thread 0: Calculating ZNF781 (3001) ...  
INFO  @ Thu, 09 Mar 2023 18:01:51: Thread 0 completed. 
INFO  @ Thu, 09 Mar 2023 18:01:51: All threads completed. 
INFO  @ Thu, 09 Mar 2023 18:01:52: Assigning p values... 
INFO  @ Thu, 09 Mar 2023 18:01:52: Permuting groups of gene with 9 sgRNAs per gene. Group progress: 9/41 
INFO  @ Thu, 09 Mar 2023 18:01:52: Start permuting 2 rounds ... 
INFO  @ Thu, 09 Mar 2023 18:01:52: Collecting 25893 sgRNAs from 3514 genes. 
INFO  @ Thu, 09 Mar 2023 18:01:53: Permuting round 0 ... 
INFO  @ Thu, 09 Mar 2023 18:01:53: Thread 0 started. 
INFO  @ Thu, 09 Mar 2023 18:01:53: Thread 0: total 3514 instances. 
INFO  @ Thu, 09 Mar 2023 18:01:53: Thread 0: Calculating SETD1B (1) ...  
INFO  @ Thu, 09 Mar 2023 18:01:56: Thread 0: Calculating PLK4 (1001) ...  
INFO  @ Thu, 09 Mar 2023 18:01:59: Thread 0: Calculating KCNA1 (2001) ...  
INFO  @ Thu, 09 Mar 2023 18:02:02: Thread 0: Calculating ZNF781 (3001) ...  
INFO  @ Thu, 09 Mar 2023 18:02:04: Thread 0 completed. 
INFO  @ Thu, 09 Mar 2023 18:02:04: All threads completed. 
INFO  @ Thu, 09 Mar 2023 18:02:05: Permuting round 1 ... 
INFO  @ Thu, 09 Mar 2023 18:02:05: Thread 0 started. 
INFO  @ Thu, 09 Mar 2023 18:02:05: Thread 0: total 3514 instances. 
INFO  @ Thu, 09 Mar 2023 18:02:05: Thread 0: Calculating SETD1B (1) ...  
INFO  @ Thu, 09 Mar 2023 18:02:08: Thread 0: Calculating PLK4 (1001) ...  
INFO  @ Thu, 09 Mar 2023 18:02:11: Thread 0: Calculating KCNA1 (2001) ...  
INFO  @ Thu, 09 Mar 2023 18:02:14: Thread 0: Calculating ZNF781 (3001) ...  
INFO  @ Thu, 09 Mar 2023 18:02:15: Thread 0 completed. 
INFO  @ Thu, 09 Mar 2023 18:02:15: All threads completed. 
INFO  @ Thu, 09 Mar 2023 18:02:17: Assigning p values... 
INFO  @ Thu, 09 Mar 2023 18:02:17: Permuting groups of gene with 10 sgRNAs per gene. Group progress: 10/41 
INFO  @ Thu, 09 Mar 2023 18:02:17: Start permuting 2 rounds ... 
INFO  @ Thu, 09 Mar 2023 18:02:17: Collecting 25893 sgRNAs from 3514 genes. 
INFO  @ Thu, 09 Mar 2023 18:02:17: Permuting round 0 ... 
INFO  @ Thu, 09 Mar 2023 18:02:17: Thread 0 started. 
INFO  @ Thu, 09 Mar 2023 18:02:17: Thread 0: total 3514 instances. 
INFO  @ Thu, 09 Mar 2023 18:02:17: Thread 0: Calculating SETD1B (1) ...  
INFO  @ Thu, 09 Mar 2023 18:02:20: Thread 0: Calculating PLK4 (1001) ...  
INFO  @ Thu, 09 Mar 2023 18:02:23: Thread 0: Calculating KCNA1 (2001) ...  
INFO  @ Thu, 09 Mar 2023 18:02:26: Thread 0: Calculating ZNF781 (3001) ...  
INFO  @ Thu, 09 Mar 2023 18:02:28: Thread 0 completed. 
INFO  @ Thu, 09 Mar 2023 18:02:28: All threads completed. 
INFO  @ Thu, 09 Mar 2023 18:02:29: Permuting round 1 ... 
INFO  @ Thu, 09 Mar 2023 18:02:29: Thread 0 started. 
INFO  @ Thu, 09 Mar 2023 18:02:29: Thread 0: total 3514 instances. 
INFO  @ Thu, 09 Mar 2023 18:02:29: Thread 0: Calculating SETD1B (1) ...  
INFO  @ Thu, 09 Mar 2023 18:02:32: Thread 0: Calculating PLK4 (1001) ...  
INFO  @ Thu, 09 Mar 2023 18:02:35: Thread 0: Calculating KCNA1 (2001) ...  
INFO  @ Thu, 09 Mar 2023 18:02:38: Thread 0: Calculating ZNF781 (3001) ...  
INFO  @ Thu, 09 Mar 2023 18:02:40: Thread 0 completed. 
INFO  @ Thu, 09 Mar 2023 18:02:40: All threads completed. 
INFO  @ Thu, 09 Mar 2023 18:02:41: Assigning p values... 
INFO  @ Thu, 09 Mar 2023 18:02:41: Permuting groups of gene with 11 sgRNAs per gene. Group progress: 11/41 
INFO  @ Thu, 09 Mar 2023 18:02:41: Start permuting 2 rounds ... 
INFO  @ Thu, 09 Mar 2023 18:02:41: Collecting 25893 sgRNAs from 3514 genes. 
INFO  @ Thu, 09 Mar 2023 18:02:41: Permuting round 0 ... 
INFO  @ Thu, 09 Mar 2023 18:02:41: Thread 0 started. 
INFO  @ Thu, 09 Mar 2023 18:02:41: Thread 0: total 3514 instances. 
INFO  @ Thu, 09 Mar 2023 18:02:41: Thread 0: Calculating SETD1B (1) ...  
INFO  @ Thu, 09 Mar 2023 18:02:45: Thread 0: Calculating PLK4 (1001) ...  
INFO  @ Thu, 09 Mar 2023 18:02:48: Thread 0: Calculating KCNA1 (2001) ...  
INFO  @ Thu, 09 Mar 2023 18:02:51: Thread 0: Calculating ZNF781 (3001) ...  
INFO  @ Thu, 09 Mar 2023 18:02:52: Thread 0 completed. 
INFO  @ Thu, 09 Mar 2023 18:02:52: All threads completed. 
INFO  @ Thu, 09 Mar 2023 18:02:53: Permuting round 1 ... 
INFO  @ Thu, 09 Mar 2023 18:02:54: Thread 0 started. 
INFO  @ Thu, 09 Mar 2023 18:02:54: Thread 0: total 3514 instances. 
INFO  @ Thu, 09 Mar 2023 18:02:54: Thread 0: Calculating SETD1B (1) ...  
INFO  @ Thu, 09 Mar 2023 18:02:57: Thread 0: Calculating PLK4 (1001) ...  
INFO  @ Thu, 09 Mar 2023 18:03:00: Thread 0: Calculating KCNA1 (2001) ...  
INFO  @ Thu, 09 Mar 2023 18:03:03: Thread 0: Calculating ZNF781 (3001) ...  
INFO  @ Thu, 09 Mar 2023 18:03:05: Thread 0 completed. 
INFO  @ Thu, 09 Mar 2023 18:03:05: All threads completed. 
INFO  @ Thu, 09 Mar 2023 18:03:06: Assigning p values... 
INFO  @ Thu, 09 Mar 2023 18:03:06: Permuting groups of gene with 12 sgRNAs per gene. Group progress: 12/41 
INFO  @ Thu, 09 Mar 2023 18:03:06: Start permuting 2 rounds ... 
INFO  @ Thu, 09 Mar 2023 18:03:06: Collecting 25893 sgRNAs from 3514 genes. 
INFO  @ Thu, 09 Mar 2023 18:03:06: Permuting round 0 ... 
INFO  @ Thu, 09 Mar 2023 18:03:06: Thread 0 started. 
INFO  @ Thu, 09 Mar 2023 18:03:06: Thread 0: total 3514 instances. 
INFO  @ Thu, 09 Mar 2023 18:03:06: Thread 0: Calculating SETD1B (1) ...  
INFO  @ Thu, 09 Mar 2023 18:03:09: Thread 0: Calculating PLK4 (1001) ...  
INFO  @ Thu, 09 Mar 2023 18:03:12: Thread 0: Calculating KCNA1 (2001) ...  
INFO  @ Thu, 09 Mar 2023 18:03:16: Thread 0: Calculating ZNF781 (3001) ...  
INFO  @ Thu, 09 Mar 2023 18:03:17: Thread 0 completed. 
INFO  @ Thu, 09 Mar 2023 18:03:17: All threads completed. 
INFO  @ Thu, 09 Mar 2023 18:03:18: Permuting round 1 ... 
INFO  @ Thu, 09 Mar 2023 18:03:18: Thread 0 started. 
INFO  @ Thu, 09 Mar 2023 18:03:18: Thread 0: total 3514 instances. 
INFO  @ Thu, 09 Mar 2023 18:03:18: Thread 0: Calculating SETD1B (1) ...  
INFO  @ Thu, 09 Mar 2023 18:03:22: Thread 0: Calculating PLK4 (1001) ...  
INFO  @ Thu, 09 Mar 2023 18:03:25: Thread 0: Calculating KCNA1 (2001) ...  
INFO  @ Thu, 09 Mar 2023 18:03:28: Thread 0: Calculating ZNF781 (3001) ...  
INFO  @ Thu, 09 Mar 2023 18:03:30: Thread 0 completed. 
INFO  @ Thu, 09 Mar 2023 18:03:30: All threads completed. 
INFO  @ Thu, 09 Mar 2023 18:03:30: Assigning p values... 
INFO  @ Thu, 09 Mar 2023 18:03:30: Permuting groups of gene with 13 sgRNAs per gene. Group progress: 13/41 
INFO  @ Thu, 09 Mar 2023 18:03:30: Start permuting 2 rounds ... 
INFO  @ Thu, 09 Mar 2023 18:03:31: Collecting 25893 sgRNAs from 3514 genes. 
INFO  @ Thu, 09 Mar 2023 18:03:31: Permuting round 0 ... 
INFO  @ Thu, 09 Mar 2023 18:03:31: Thread 0 started. 
INFO  @ Thu, 09 Mar 2023 18:03:31: Thread 0: total 3514 instances. 
INFO  @ Thu, 09 Mar 2023 18:03:31: Thread 0: Calculating SETD1B (1) ...  
INFO  @ Thu, 09 Mar 2023 18:03:34: Thread 0: Calculating PLK4 (1001) ...  
INFO  @ Thu, 09 Mar 2023 18:03:37: Thread 0: Calculating KCNA1 (2001) ...  
INFO  @ Thu, 09 Mar 2023 18:03:41: Thread 0: Calculating ZNF781 (3001) ...  
INFO  @ Thu, 09 Mar 2023 18:03:42: Thread 0 completed. 
INFO  @ Thu, 09 Mar 2023 18:03:42: All threads completed. 
INFO  @ Thu, 09 Mar 2023 18:03:43: Permuting round 1 ... 
INFO  @ Thu, 09 Mar 2023 18:03:43: Thread 0 started. 
INFO  @ Thu, 09 Mar 2023 18:03:43: Thread 0: total 3514 instances. 
INFO  @ Thu, 09 Mar 2023 18:03:43: Thread 0: Calculating SETD1B (1) ...  
INFO  @ Thu, 09 Mar 2023 18:03:47: Thread 0: Calculating PLK4 (1001) ...  
INFO  @ Thu, 09 Mar 2023 18:03:50: Thread 0: Calculating KCNA1 (2001) ...  
INFO  @ Thu, 09 Mar 2023 18:03:53: Thread 0: Calculating ZNF781 (3001) ...  
INFO  @ Thu, 09 Mar 2023 18:03:55: Thread 0 completed. 
INFO  @ Thu, 09 Mar 2023 18:03:55: All threads completed. 
INFO  @ Thu, 09 Mar 2023 18:03:56: Assigning p values... 
INFO  @ Thu, 09 Mar 2023 18:03:56: Permuting groups of gene with 14 sgRNAs per gene. Group progress: 14/41 
INFO  @ Thu, 09 Mar 2023 18:03:56: Start permuting 2 rounds ... 
INFO  @ Thu, 09 Mar 2023 18:03:56: Collecting 25893 sgRNAs from 3514 genes. 
INFO  @ Thu, 09 Mar 2023 18:03:56: Permuting round 0 ... 
INFO  @ Thu, 09 Mar 2023 18:03:56: Thread 0 started. 
INFO  @ Thu, 09 Mar 2023 18:03:56: Thread 0: total 3514 instances. 
INFO  @ Thu, 09 Mar 2023 18:03:56: Thread 0: Calculating SETD1B (1) ...  
INFO  @ Thu, 09 Mar 2023 18:04:00: Thread 0: Calculating PLK4 (1001) ...  
INFO  @ Thu, 09 Mar 2023 18:04:03: Thread 0: Calculating KCNA1 (2001) ...  
INFO  @ Thu, 09 Mar 2023 18:04:07: Thread 0: Calculating ZNF781 (3001) ...  
INFO  @ Thu, 09 Mar 2023 18:04:09: Thread 0 completed. 
INFO  @ Thu, 09 Mar 2023 18:04:09: All threads completed. 
INFO  @ Thu, 09 Mar 2023 18:04:09: Permuting round 1 ... 
INFO  @ Thu, 09 Mar 2023 18:04:10: Thread 0 started. 
INFO  @ Thu, 09 Mar 2023 18:04:10: Thread 0: total 3514 instances. 
INFO  @ Thu, 09 Mar 2023 18:04:10: Thread 0: Calculating SETD1B (1) ...  
INFO  @ Thu, 09 Mar 2023 18:04:13: Thread 0: Calculating PLK4 (1001) ...  
INFO  @ Thu, 09 Mar 2023 18:04:16: Thread 0: Calculating KCNA1 (2001) ...  
INFO  @ Thu, 09 Mar 2023 18:04:20: Thread 0: Calculating ZNF781 (3001) ...  
INFO  @ Thu, 09 Mar 2023 18:04:21: Thread 0 completed. 
INFO  @ Thu, 09 Mar 2023 18:04:21: All threads completed. 
INFO  @ Thu, 09 Mar 2023 18:04:22: Assigning p values... 
INFO  @ Thu, 09 Mar 2023 18:04:22: Permuting groups of gene with 15 sgRNAs per gene. Group progress: 15/41 
INFO  @ Thu, 09 Mar 2023 18:04:22: Start permuting 2 rounds ... 
INFO  @ Thu, 09 Mar 2023 18:04:23: Collecting 25893 sgRNAs from 3514 genes. 
INFO  @ Thu, 09 Mar 2023 18:04:23: Permuting round 0 ... 
INFO  @ Thu, 09 Mar 2023 18:04:23: Thread 0 started. 
INFO  @ Thu, 09 Mar 2023 18:04:23: Thread 0: total 3514 instances. 
INFO  @ Thu, 09 Mar 2023 18:04:23: Thread 0: Calculating SETD1B (1) ...  
INFO  @ Thu, 09 Mar 2023 18:04:26: Thread 0: Calculating PLK4 (1001) ...  
INFO  @ Thu, 09 Mar 2023 18:04:30: Thread 0: Calculating KCNA1 (2001) ...  
INFO  @ Thu, 09 Mar 2023 18:04:33: Thread 0: Calculating ZNF781 (3001) ...  
INFO  @ Thu, 09 Mar 2023 18:04:35: Thread 0 completed. 
INFO  @ Thu, 09 Mar 2023 18:04:35: All threads completed. 
INFO  @ Thu, 09 Mar 2023 18:04:36: Permuting round 1 ... 
INFO  @ Thu, 09 Mar 2023 18:04:36: Thread 0 started. 
INFO  @ Thu, 09 Mar 2023 18:04:36: Thread 0: total 3514 instances. 
INFO  @ Thu, 09 Mar 2023 18:04:36: Thread 0: Calculating SETD1B (1) ...  
INFO  @ Thu, 09 Mar 2023 18:04:39: Thread 0: Calculating PLK4 (1001) ...  
INFO  @ Thu, 09 Mar 2023 18:04:42: Thread 0: Calculating KCNA1 (2001) ...  
INFO  @ Thu, 09 Mar 2023 18:04:46: Thread 0: Calculating ZNF781 (3001) ...  
INFO  @ Thu, 09 Mar 2023 18:04:47: Thread 0 completed. 
INFO  @ Thu, 09 Mar 2023 18:04:47: All threads completed. 
INFO  @ Thu, 09 Mar 2023 18:04:48: Assigning p values... 
INFO  @ Thu, 09 Mar 2023 18:04:48: Permuting groups of gene with 16 sgRNAs per gene. Group progress: 16/41 
INFO  @ Thu, 09 Mar 2023 18:04:48: Start permuting 2 rounds ... 
INFO  @ Thu, 09 Mar 2023 18:04:48: Collecting 25893 sgRNAs from 3514 genes. 
INFO  @ Thu, 09 Mar 2023 18:04:49: Permuting round 0 ... 
INFO  @ Thu, 09 Mar 2023 18:04:49: Thread 0 started. 
INFO  @ Thu, 09 Mar 2023 18:04:49: Thread 0: total 3514 instances. 
INFO  @ Thu, 09 Mar 2023 18:04:49: Thread 0: Calculating SETD1B (1) ...  
INFO  @ Thu, 09 Mar 2023 18:04:52: Thread 0: Calculating PLK4 (1001) ...  
INFO  @ Thu, 09 Mar 2023 18:04:55: Thread 0: Calculating KCNA1 (2001) ...  
INFO  @ Thu, 09 Mar 2023 18:04:59: Thread 0: Calculating ZNF781 (3001) ...  
INFO  @ Thu, 09 Mar 2023 18:05:01: Thread 0 completed. 
INFO  @ Thu, 09 Mar 2023 18:05:01: All threads completed. 
INFO  @ Thu, 09 Mar 2023 18:05:02: Permuting round 1 ... 
INFO  @ Thu, 09 Mar 2023 18:05:02: Thread 0 started. 
INFO  @ Thu, 09 Mar 2023 18:05:02: Thread 0: total 3514 instances. 
INFO  @ Thu, 09 Mar 2023 18:05:02: Thread 0: Calculating SETD1B (1) ...  
INFO  @ Thu, 09 Mar 2023 18:05:05: Thread 0: Calculating PLK4 (1001) ...  
INFO  @ Thu, 09 Mar 2023 18:05:09: Thread 0: Calculating KCNA1 (2001) ...  
INFO  @ Thu, 09 Mar 2023 18:05:13: Thread 0: Calculating ZNF781 (3001) ...  
INFO  @ Thu, 09 Mar 2023 18:05:15: Thread 0 completed. 
INFO  @ Thu, 09 Mar 2023 18:05:15: All threads completed. 
INFO  @ Thu, 09 Mar 2023 18:05:16: Assigning p values... 
INFO  @ Thu, 09 Mar 2023 18:05:16: Permuting groups of gene with 17 sgRNAs per gene. Group progress: 17/41 
INFO  @ Thu, 09 Mar 2023 18:05:16: Start permuting 2 rounds ... 
INFO  @ Thu, 09 Mar 2023 18:05:16: Collecting 25893 sgRNAs from 3514 genes. 
INFO  @ Thu, 09 Mar 2023 18:05:16: Permuting round 0 ... 
INFO  @ Thu, 09 Mar 2023 18:05:17: Thread 0 started. 
INFO  @ Thu, 09 Mar 2023 18:05:17: Thread 0: total 3514 instances. 
INFO  @ Thu, 09 Mar 2023 18:05:17: Thread 0: Calculating SETD1B (1) ...  
INFO  @ Thu, 09 Mar 2023 18:05:20: Thread 0: Calculating PLK4 (1001) ...  
INFO  @ Thu, 09 Mar 2023 18:05:24: Thread 0: Calculating KCNA1 (2001) ...  
INFO  @ Thu, 09 Mar 2023 18:05:27: Thread 0: Calculating ZNF781 (3001) ...  
INFO  @ Thu, 09 Mar 2023 18:05:29: Thread 0 completed. 
INFO  @ Thu, 09 Mar 2023 18:05:29: All threads completed. 
INFO  @ Thu, 09 Mar 2023 18:05:30: Permuting round 1 ... 
INFO  @ Thu, 09 Mar 2023 18:05:30: Thread 0 started. 
INFO  @ Thu, 09 Mar 2023 18:05:30: Thread 0: total 3514 instances. 
INFO  @ Thu, 09 Mar 2023 18:05:30: Thread 0: Calculating SETD1B (1) ...  
INFO  @ Thu, 09 Mar 2023 18:05:34: Thread 0: Calculating PLK4 (1001) ...  
INFO  @ Thu, 09 Mar 2023 18:05:37: Thread 0: Calculating KCNA1 (2001) ...  
INFO  @ Thu, 09 Mar 2023 18:05:40: Thread 0: Calculating ZNF781 (3001) ...  
INFO  @ Thu, 09 Mar 2023 18:05:42: Thread 0 completed. 
INFO  @ Thu, 09 Mar 2023 18:05:42: All threads completed. 
INFO  @ Thu, 09 Mar 2023 18:05:43: Assigning p values... 
INFO  @ Thu, 09 Mar 2023 18:05:43: Permuting groups of gene with 18 sgRNAs per gene. Group progress: 18/41 
INFO  @ Thu, 09 Mar 2023 18:05:43: Start permuting 2 rounds ... 
INFO  @ Thu, 09 Mar 2023 18:05:43: Collecting 25893 sgRNAs from 3514 genes. 
INFO  @ Thu, 09 Mar 2023 18:05:44: Permuting round 0 ... 
INFO  @ Thu, 09 Mar 2023 18:05:44: Thread 0 started. 
INFO  @ Thu, 09 Mar 2023 18:05:44: Thread 0: total 3514 instances. 
INFO  @ Thu, 09 Mar 2023 18:05:44: Thread 0: Calculating SETD1B (1) ...  
INFO  @ Thu, 09 Mar 2023 18:05:47: Thread 0: Calculating PLK4 (1001) ...  
INFO  @ Thu, 09 Mar 2023 18:05:51: Thread 0: Calculating KCNA1 (2001) ...  
INFO  @ Thu, 09 Mar 2023 18:05:54: Thread 0: Calculating ZNF781 (3001) ...  
INFO  @ Thu, 09 Mar 2023 18:05:56: Thread 0 completed. 
INFO  @ Thu, 09 Mar 2023 18:05:56: All threads completed. 
INFO  @ Thu, 09 Mar 2023 18:05:57: Permuting round 1 ... 
INFO  @ Thu, 09 Mar 2023 18:05:57: Thread 0 started. 
INFO  @ Thu, 09 Mar 2023 18:05:57: Thread 0: total 3514 instances. 
INFO  @ Thu, 09 Mar 2023 18:05:57: Thread 0: Calculating SETD1B (1) ...  
INFO  @ Thu, 09 Mar 2023 18:06:01: Thread 0: Calculating PLK4 (1001) ...  
INFO  @ Thu, 09 Mar 2023 18:06:04: Thread 0: Calculating KCNA1 (2001) ...  
INFO  @ Thu, 09 Mar 2023 18:06:08: Thread 0: Calculating ZNF781 (3001) ...  
INFO  @ Thu, 09 Mar 2023 18:06:10: Thread 0 completed. 
INFO  @ Thu, 09 Mar 2023 18:06:10: All threads completed. 
INFO  @ Thu, 09 Mar 2023 18:06:11: Assigning p values... 
INFO  @ Thu, 09 Mar 2023 18:06:11: Permuting groups of gene with 19 sgRNAs per gene. Group progress: 19/41 
INFO  @ Thu, 09 Mar 2023 18:06:11: Start permuting 2 rounds ... 
INFO  @ Thu, 09 Mar 2023 18:06:11: Collecting 25893 sgRNAs from 3514 genes. 
INFO  @ Thu, 09 Mar 2023 18:06:11: Permuting round 0 ... 
INFO  @ Thu, 09 Mar 2023 18:06:12: Thread 0 started. 
INFO  @ Thu, 09 Mar 2023 18:06:12: Thread 0: total 3514 instances. 
INFO  @ Thu, 09 Mar 2023 18:06:12: Thread 0: Calculating SETD1B (1) ...  
INFO  @ Thu, 09 Mar 2023 18:06:15: Thread 0: Calculating PLK4 (1001) ...  
INFO  @ Thu, 09 Mar 2023 18:06:19: Thread 0: Calculating KCNA1 (2001) ...  
INFO  @ Thu, 09 Mar 2023 18:06:22: Thread 0: Calculating ZNF781 (3001) ...  
INFO  @ Thu, 09 Mar 2023 18:06:24: Thread 0 completed. 
INFO  @ Thu, 09 Mar 2023 18:06:24: All threads completed. 
INFO  @ Thu, 09 Mar 2023 18:06:25: Permuting round 1 ... 
INFO  @ Thu, 09 Mar 2023 18:06:26: Thread 0 started. 
INFO  @ Thu, 09 Mar 2023 18:06:26: Thread 0: total 3514 instances. 
INFO  @ Thu, 09 Mar 2023 18:06:26: Thread 0: Calculating SETD1B (1) ...  
INFO  @ Thu, 09 Mar 2023 18:06:29: Thread 0: Calculating PLK4 (1001) ...  
INFO  @ Thu, 09 Mar 2023 18:06:33: Thread 0: Calculating KCNA1 (2001) ...  
INFO  @ Thu, 09 Mar 2023 18:06:36: Thread 0: Calculating ZNF781 (3001) ...  
INFO  @ Thu, 09 Mar 2023 18:06:38: Thread 0 completed. 
INFO  @ Thu, 09 Mar 2023 18:06:38: All threads completed. 
INFO  @ Thu, 09 Mar 2023 18:06:39: Assigning p values... 
INFO  @ Thu, 09 Mar 2023 18:06:39: Permuting groups of gene with 20 sgRNAs per gene. Group progress: 20/41 
INFO  @ Thu, 09 Mar 2023 18:06:39: Start permuting 2 rounds ... 
INFO  @ Thu, 09 Mar 2023 18:06:39: Collecting 25893 sgRNAs from 3514 genes. 
INFO  @ Thu, 09 Mar 2023 18:06:39: Permuting round 0 ... 
INFO  @ Thu, 09 Mar 2023 18:06:39: Thread 0 started. 
INFO  @ Thu, 09 Mar 2023 18:06:39: Thread 0: total 3514 instances. 
INFO  @ Thu, 09 Mar 2023 18:06:39: Thread 0: Calculating SETD1B (1) ...  
INFO  @ Thu, 09 Mar 2023 18:06:43: Thread 0: Calculating PLK4 (1001) ...  
INFO  @ Thu, 09 Mar 2023 18:06:47: Thread 0: Calculating KCNA1 (2001) ...  
INFO  @ Thu, 09 Mar 2023 18:06:50: Thread 0: Calculating ZNF781 (3001) ...  
INFO  @ Thu, 09 Mar 2023 18:06:52: Thread 0 completed. 
INFO  @ Thu, 09 Mar 2023 18:06:52: All threads completed. 
INFO  @ Thu, 09 Mar 2023 18:06:53: Permuting round 1 ... 
INFO  @ Thu, 09 Mar 2023 18:06:53: Thread 0 started. 
INFO  @ Thu, 09 Mar 2023 18:06:53: Thread 0: total 3514 instances. 
INFO  @ Thu, 09 Mar 2023 18:06:53: Thread 0: Calculating SETD1B (1) ...  
INFO  @ Thu, 09 Mar 2023 18:06:57: Thread 0: Calculating PLK4 (1001) ...  
INFO  @ Thu, 09 Mar 2023 18:07:01: Thread 0: Calculating KCNA1 (2001) ...  
INFO  @ Thu, 09 Mar 2023 18:07:04: Thread 0: Calculating ZNF781 (3001) ...  
INFO  @ Thu, 09 Mar 2023 18:07:06: Thread 0 completed. 
INFO  @ Thu, 09 Mar 2023 18:07:06: All threads completed. 
INFO  @ Thu, 09 Mar 2023 18:07:07: Assigning p values... 
INFO  @ Thu, 09 Mar 2023 18:07:07: Permuting groups of gene with 21 sgRNAs per gene. Group progress: 21/41 
INFO  @ Thu, 09 Mar 2023 18:07:07: Start permuting 2 rounds ... 
INFO  @ Thu, 09 Mar 2023 18:07:07: Collecting 25893 sgRNAs from 3514 genes. 
INFO  @ Thu, 09 Mar 2023 18:07:07: Permuting round 0 ... 
INFO  @ Thu, 09 Mar 2023 18:07:07: Thread 0 started. 
INFO  @ Thu, 09 Mar 2023 18:07:07: Thread 0: total 3514 instances. 
INFO  @ Thu, 09 Mar 2023 18:07:07: Thread 0: Calculating SETD1B (1) ...  
INFO  @ Thu, 09 Mar 2023 18:07:11: Thread 0: Calculating PLK4 (1001) ...  
INFO  @ Thu, 09 Mar 2023 18:07:15: Thread 0: Calculating KCNA1 (2001) ...  
INFO  @ Thu, 09 Mar 2023 18:07:18: Thread 0: Calculating ZNF781 (3001) ...  
INFO  @ Thu, 09 Mar 2023 18:07:20: Thread 0 completed. 
INFO  @ Thu, 09 Mar 2023 18:07:20: All threads completed. 
INFO  @ Thu, 09 Mar 2023 18:07:22: Permuting round 1 ... 
INFO  @ Thu, 09 Mar 2023 18:07:22: Thread 0 started. 
INFO  @ Thu, 09 Mar 2023 18:07:22: Thread 0: total 3514 instances. 
INFO  @ Thu, 09 Mar 2023 18:07:22: Thread 0: Calculating SETD1B (1) ...  
INFO  @ Thu, 09 Mar 2023 18:07:26: Thread 0: Calculating PLK4 (1001) ...  
INFO  @ Thu, 09 Mar 2023 18:07:30: Thread 0: Calculating KCNA1 (2001) ...  
INFO  @ Thu, 09 Mar 2023 18:07:34: Thread 0: Calculating ZNF781 (3001) ...  
INFO  @ Thu, 09 Mar 2023 18:07:36: Thread 0 completed. 
INFO  @ Thu, 09 Mar 2023 18:07:36: All threads completed. 
INFO  @ Thu, 09 Mar 2023 18:07:37: Assigning p values... 
INFO  @ Thu, 09 Mar 2023 18:07:37: Permuting groups of gene with 22 sgRNAs per gene. Group progress: 22/41 
INFO  @ Thu, 09 Mar 2023 18:07:37: Start permuting 2 rounds ... 
INFO  @ Thu, 09 Mar 2023 18:07:37: Collecting 25893 sgRNAs from 3514 genes. 
INFO  @ Thu, 09 Mar 2023 18:07:37: Permuting round 0 ... 
INFO  @ Thu, 09 Mar 2023 18:07:37: Thread 0 started. 
INFO  @ Thu, 09 Mar 2023 18:07:37: Thread 0: total 3514 instances. 
INFO  @ Thu, 09 Mar 2023 18:07:37: Thread 0: Calculating SETD1B (1) ...  
INFO  @ Thu, 09 Mar 2023 18:07:41: Thread 0: Calculating PLK4 (1001) ...  
INFO  @ Thu, 09 Mar 2023 18:07:45: Thread 0: Calculating KCNA1 (2001) ...  
INFO  @ Thu, 09 Mar 2023 18:07:48: Thread 0: Calculating ZNF781 (3001) ...  
INFO  @ Thu, 09 Mar 2023 18:07:50: Thread 0 completed. 
INFO  @ Thu, 09 Mar 2023 18:07:50: All threads completed. 
INFO  @ Thu, 09 Mar 2023 18:07:51: Permuting round 1 ... 
INFO  @ Thu, 09 Mar 2023 18:07:51: Thread 0 started. 
INFO  @ Thu, 09 Mar 2023 18:07:51: Thread 0: total 3514 instances. 
INFO  @ Thu, 09 Mar 2023 18:07:51: Thread 0: Calculating SETD1B (1) ...  
INFO  @ Thu, 09 Mar 2023 18:07:55: Thread 0: Calculating PLK4 (1001) ...  
INFO  @ Thu, 09 Mar 2023 18:07:59: Thread 0: Calculating KCNA1 (2001) ...  
INFO  @ Thu, 09 Mar 2023 18:08:02: Thread 0: Calculating ZNF781 (3001) ...  
INFO  @ Thu, 09 Mar 2023 18:08:04: Thread 0 completed. 
INFO  @ Thu, 09 Mar 2023 18:08:04: All threads completed. 
INFO  @ Thu, 09 Mar 2023 18:08:05: Assigning p values... 
INFO  @ Thu, 09 Mar 2023 18:08:05: Permuting groups of gene with 23 sgRNAs per gene. Group progress: 23/41 
INFO  @ Thu, 09 Mar 2023 18:08:05: Start permuting 2 rounds ... 
INFO  @ Thu, 09 Mar 2023 18:08:05: Collecting 25893 sgRNAs from 3514 genes. 
INFO  @ Thu, 09 Mar 2023 18:08:06: Permuting round 0 ... 
INFO  @ Thu, 09 Mar 2023 18:08:06: Thread 0 started. 
INFO  @ Thu, 09 Mar 2023 18:08:06: Thread 0: total 3514 instances. 
INFO  @ Thu, 09 Mar 2023 18:08:06: Thread 0: Calculating SETD1B (1) ...  
INFO  @ Thu, 09 Mar 2023 18:08:09: Thread 0: Calculating PLK4 (1001) ...  
INFO  @ Thu, 09 Mar 2023 18:08:13: Thread 0: Calculating KCNA1 (2001) ...  
INFO  @ Thu, 09 Mar 2023 18:08:17: Thread 0: Calculating ZNF781 (3001) ...  
INFO  @ Thu, 09 Mar 2023 18:08:18: Thread 0 completed. 
INFO  @ Thu, 09 Mar 2023 18:08:18: All threads completed. 
INFO  @ Thu, 09 Mar 2023 18:08:19: Permuting round 1 ... 
INFO  @ Thu, 09 Mar 2023 18:08:20: Thread 0 started. 
INFO  @ Thu, 09 Mar 2023 18:08:20: Thread 0: total 3514 instances. 
INFO  @ Thu, 09 Mar 2023 18:08:20: Thread 0: Calculating SETD1B (1) ...  
INFO  @ Thu, 09 Mar 2023 18:08:23: Thread 0: Calculating PLK4 (1001) ...  
INFO  @ Thu, 09 Mar 2023 18:08:27: Thread 0: Calculating KCNA1 (2001) ...  
INFO  @ Thu, 09 Mar 2023 18:08:31: Thread 0: Calculating ZNF781 (3001) ...  
INFO  @ Thu, 09 Mar 2023 18:08:33: Thread 0 completed. 
INFO  @ Thu, 09 Mar 2023 18:08:33: All threads completed. 
INFO  @ Thu, 09 Mar 2023 18:08:34: Assigning p values... 
INFO  @ Thu, 09 Mar 2023 18:08:34: Permuting groups of gene with 24 sgRNAs per gene. Group progress: 24/41 
INFO  @ Thu, 09 Mar 2023 18:08:34: Start permuting 2 rounds ... 
INFO  @ Thu, 09 Mar 2023 18:08:34: Collecting 25893 sgRNAs from 3514 genes. 
INFO  @ Thu, 09 Mar 2023 18:08:34: Permuting round 0 ... 
INFO  @ Thu, 09 Mar 2023 18:08:34: Thread 0 started. 
INFO  @ Thu, 09 Mar 2023 18:08:34: Thread 0: total 3514 instances. 
INFO  @ Thu, 09 Mar 2023 18:08:34: Thread 0: Calculating SETD1B (1) ...  
INFO  @ Thu, 09 Mar 2023 18:08:38: Thread 0: Calculating PLK4 (1001) ...  
INFO  @ Thu, 09 Mar 2023 18:08:42: Thread 0: Calculating KCNA1 (2001) ...  
INFO  @ Thu, 09 Mar 2023 18:08:46: Thread 0: Calculating ZNF781 (3001) ...  
INFO  @ Thu, 09 Mar 2023 18:08:48: Thread 0 completed. 
INFO  @ Thu, 09 Mar 2023 18:08:48: All threads completed. 
INFO  @ Thu, 09 Mar 2023 18:08:49: Permuting round 1 ... 
INFO  @ Thu, 09 Mar 2023 18:08:49: Thread 0 started. 
INFO  @ Thu, 09 Mar 2023 18:08:49: Thread 0: total 3514 instances. 
INFO  @ Thu, 09 Mar 2023 18:08:49: Thread 0: Calculating SETD1B (1) ...  
INFO  @ Thu, 09 Mar 2023 18:08:53: Thread 0: Calculating PLK4 (1001) ...  
INFO  @ Thu, 09 Mar 2023 18:08:56: Thread 0: Calculating KCNA1 (2001) ...  
INFO  @ Thu, 09 Mar 2023 18:09:00: Thread 0: Calculating ZNF781 (3001) ...  
INFO  @ Thu, 09 Mar 2023 18:09:02: Thread 0 completed. 
INFO  @ Thu, 09 Mar 2023 18:09:02: All threads completed. 
INFO  @ Thu, 09 Mar 2023 18:09:04: Assigning p values... 
INFO  @ Thu, 09 Mar 2023 18:09:04: Permuting groups of gene with 25 sgRNAs per gene. Group progress: 25/41 
INFO  @ Thu, 09 Mar 2023 18:09:04: Start permuting 2 rounds ... 
INFO  @ Thu, 09 Mar 2023 18:09:04: Collecting 25893 sgRNAs from 3514 genes. 
INFO  @ Thu, 09 Mar 2023 18:09:04: Permuting round 0 ... 
INFO  @ Thu, 09 Mar 2023 18:09:04: Thread 0 started. 
INFO  @ Thu, 09 Mar 2023 18:09:04: Thread 0: total 3514 instances. 
INFO  @ Thu, 09 Mar 2023 18:09:04: Thread 0: Calculating SETD1B (1) ...  
INFO  @ Thu, 09 Mar 2023 18:09:08: Thread 0: Calculating PLK4 (1001) ...  
INFO  @ Thu, 09 Mar 2023 18:09:12: Thread 0: Calculating KCNA1 (2001) ...  
INFO  @ Thu, 09 Mar 2023 18:09:16: Thread 0: Calculating ZNF781 (3001) ...  
INFO  @ Thu, 09 Mar 2023 18:09:18: Thread 0 completed. 
INFO  @ Thu, 09 Mar 2023 18:09:18: All threads completed. 
INFO  @ Thu, 09 Mar 2023 18:09:19: Permuting round 1 ... 
INFO  @ Thu, 09 Mar 2023 18:09:19: Thread 0 started. 
INFO  @ Thu, 09 Mar 2023 18:09:19: Thread 0: total 3514 instances. 
INFO  @ Thu, 09 Mar 2023 18:09:19: Thread 0: Calculating SETD1B (1) ...  
INFO  @ Thu, 09 Mar 2023 18:09:23: Thread 0: Calculating PLK4 (1001) ...  
INFO  @ Thu, 09 Mar 2023 18:09:26: Thread 0: Calculating KCNA1 (2001) ...  
INFO  @ Thu, 09 Mar 2023 18:09:30: Thread 0: Calculating ZNF781 (3001) ...  
INFO  @ Thu, 09 Mar 2023 18:09:32: Thread 0 completed. 
INFO  @ Thu, 09 Mar 2023 18:09:32: All threads completed. 
INFO  @ Thu, 09 Mar 2023 18:09:33: Assigning p values... 
INFO  @ Thu, 09 Mar 2023 18:09:33: Permuting groups of gene with 27 sgRNAs per gene. Group progress: 26/41 
INFO  @ Thu, 09 Mar 2023 18:09:33: Start permuting 2 rounds ... 
INFO  @ Thu, 09 Mar 2023 18:09:34: Collecting 25893 sgRNAs from 3514 genes. 
INFO  @ Thu, 09 Mar 2023 18:09:34: Permuting round 0 ... 
INFO  @ Thu, 09 Mar 2023 18:09:34: Thread 0 started. 
INFO  @ Thu, 09 Mar 2023 18:09:34: Thread 0: total 3514 instances. 
INFO  @ Thu, 09 Mar 2023 18:09:34: Thread 0: Calculating SETD1B (1) ...  
INFO  @ Thu, 09 Mar 2023 18:09:38: Thread 0: Calculating PLK4 (1001) ...  
INFO  @ Thu, 09 Mar 2023 18:09:42: Thread 0: Calculating KCNA1 (2001) ...  
INFO  @ Thu, 09 Mar 2023 18:09:46: Thread 0: Calculating ZNF781 (3001) ...  
INFO  @ Thu, 09 Mar 2023 18:09:48: Thread 0 completed. 
INFO  @ Thu, 09 Mar 2023 18:09:48: All threads completed. 
INFO  @ Thu, 09 Mar 2023 18:09:49: Permuting round 1 ... 
INFO  @ Thu, 09 Mar 2023 18:09:49: Thread 0 started. 
INFO  @ Thu, 09 Mar 2023 18:09:49: Thread 0: total 3514 instances. 
INFO  @ Thu, 09 Mar 2023 18:09:49: Thread 0: Calculating SETD1B (1) ...  
INFO  @ Thu, 09 Mar 2023 18:09:53: Thread 0: Calculating PLK4 (1001) ...  
INFO  @ Thu, 09 Mar 2023 18:09:57: Thread 0: Calculating KCNA1 (2001) ...  
INFO  @ Thu, 09 Mar 2023 18:10:01: Thread 0: Calculating ZNF781 (3001) ...  
INFO  @ Thu, 09 Mar 2023 18:10:03: Thread 0 completed. 
INFO  @ Thu, 09 Mar 2023 18:10:03: All threads completed. 
INFO  @ Thu, 09 Mar 2023 18:10:04: Assigning p values... 
INFO  @ Thu, 09 Mar 2023 18:10:04: Permuting groups of gene with 28 sgRNAs per gene. Group progress: 27/41 
INFO  @ Thu, 09 Mar 2023 18:10:04: Start permuting 2 rounds ... 
INFO  @ Thu, 09 Mar 2023 18:10:05: Collecting 25893 sgRNAs from 3514 genes. 
INFO  @ Thu, 09 Mar 2023 18:10:05: Permuting round 0 ... 
INFO  @ Thu, 09 Mar 2023 18:10:05: Thread 0 started. 
INFO  @ Thu, 09 Mar 2023 18:10:05: Thread 0: total 3514 instances. 
INFO  @ Thu, 09 Mar 2023 18:10:05: Thread 0: Calculating SETD1B (1) ...  
INFO  @ Thu, 09 Mar 2023 18:10:09: Thread 0: Calculating PLK4 (1001) ...  
INFO  @ Thu, 09 Mar 2023 18:10:13: Thread 0: Calculating KCNA1 (2001) ...  
INFO  @ Thu, 09 Mar 2023 18:10:17: Thread 0: Calculating ZNF781 (3001) ...  
INFO  @ Thu, 09 Mar 2023 18:10:19: Thread 0 completed. 
INFO  @ Thu, 09 Mar 2023 18:10:19: All threads completed. 
INFO  @ Thu, 09 Mar 2023 18:10:20: Permuting round 1 ... 
INFO  @ Thu, 09 Mar 2023 18:10:20: Thread 0 started. 
INFO  @ Thu, 09 Mar 2023 18:10:20: Thread 0: total 3514 instances. 
INFO  @ Thu, 09 Mar 2023 18:10:20: Thread 0: Calculating SETD1B (1) ...  
INFO  @ Thu, 09 Mar 2023 18:10:25: Thread 0: Calculating PLK4 (1001) ...  
INFO  @ Thu, 09 Mar 2023 18:10:29: Thread 0: Calculating KCNA1 (2001) ...  
INFO  @ Thu, 09 Mar 2023 18:10:33: Thread 0: Calculating ZNF781 (3001) ...  
INFO  @ Thu, 09 Mar 2023 18:10:35: Thread 0 completed. 
INFO  @ Thu, 09 Mar 2023 18:10:35: All threads completed. 
INFO  @ Thu, 09 Mar 2023 18:10:36: Assigning p values... 
INFO  @ Thu, 09 Mar 2023 18:10:36: Permuting groups of gene with 30 sgRNAs per gene. Group progress: 28/41 
INFO  @ Thu, 09 Mar 2023 18:10:36: Start permuting 2 rounds ... 
INFO  @ Thu, 09 Mar 2023 18:10:36: Collecting 25893 sgRNAs from 3514 genes. 
INFO  @ Thu, 09 Mar 2023 18:10:36: Permuting round 0 ... 
INFO  @ Thu, 09 Mar 2023 18:10:36: Thread 0 started. 
INFO  @ Thu, 09 Mar 2023 18:10:36: Thread 0: total 3514 instances. 
INFO  @ Thu, 09 Mar 2023 18:10:36: Thread 0: Calculating SETD1B (1) ...  
INFO  @ Thu, 09 Mar 2023 18:10:41: Thread 0: Calculating PLK4 (1001) ...  
INFO  @ Thu, 09 Mar 2023 18:10:45: Thread 0: Calculating KCNA1 (2001) ...  
INFO  @ Thu, 09 Mar 2023 18:10:49: Thread 0: Calculating ZNF781 (3001) ...  
INFO  @ Thu, 09 Mar 2023 18:10:51: Thread 0 completed. 
INFO  @ Thu, 09 Mar 2023 18:10:51: All threads completed. 
INFO  @ Thu, 09 Mar 2023 18:10:52: Permuting round 1 ... 
INFO  @ Thu, 09 Mar 2023 18:10:52: Thread 0 started. 
INFO  @ Thu, 09 Mar 2023 18:10:52: Thread 0: total 3514 instances. 
INFO  @ Thu, 09 Mar 2023 18:10:52: Thread 0: Calculating SETD1B (1) ...  
INFO  @ Thu, 09 Mar 2023 18:10:56: Thread 0: Calculating PLK4 (1001) ...  
INFO  @ Thu, 09 Mar 2023 18:11:01: Thread 0: Calculating KCNA1 (2001) ...  
INFO  @ Thu, 09 Mar 2023 18:11:05: Thread 0: Calculating ZNF781 (3001) ...  
INFO  @ Thu, 09 Mar 2023 18:11:08: Thread 0 completed. 
INFO  @ Thu, 09 Mar 2023 18:11:08: All threads completed. 
INFO  @ Thu, 09 Mar 2023 18:11:09: Assigning p values... 
INFO  @ Thu, 09 Mar 2023 18:11:09: Permuting groups of gene with 31 sgRNAs per gene. Group progress: 29/41 
INFO  @ Thu, 09 Mar 2023 18:11:09: Start permuting 2 rounds ... 
INFO  @ Thu, 09 Mar 2023 18:11:09: Collecting 25893 sgRNAs from 3514 genes. 
INFO  @ Thu, 09 Mar 2023 18:11:09: Permuting round 0 ... 
INFO  @ Thu, 09 Mar 2023 18:11:10: Thread 0 started. 
INFO  @ Thu, 09 Mar 2023 18:11:10: Thread 0: total 3514 instances. 
INFO  @ Thu, 09 Mar 2023 18:11:10: Thread 0: Calculating SETD1B (1) ...  
INFO  @ Thu, 09 Mar 2023 18:11:22: Thread 0: Calculating PLK4 (1001) ...  
INFO  @ Thu, 09 Mar 2023 18:11:32: Thread 0: Calculating KCNA1 (2001) ...  
INFO  @ Thu, 09 Mar 2023 18:11:42: Thread 0: Calculating ZNF781 (3001) ...  
INFO  @ Thu, 09 Mar 2023 18:11:47: Thread 0 completed. 
INFO  @ Thu, 09 Mar 2023 18:11:47: All threads completed. 
INFO  @ Thu, 09 Mar 2023 18:11:48: Permuting round 1 ... 
INFO  @ Thu, 09 Mar 2023 18:11:48: Thread 0 started. 
INFO  @ Thu, 09 Mar 2023 18:11:48: Thread 0: total 3514 instances. 
INFO  @ Thu, 09 Mar 2023 18:11:48: Thread 0: Calculating SETD1B (1) ...  
INFO  @ Thu, 09 Mar 2023 18:11:59: Thread 0: Calculating PLK4 (1001) ...  
INFO  @ Thu, 09 Mar 2023 18:12:14: Thread 0: Calculating KCNA1 (2001) ...  
INFO  @ Thu, 09 Mar 2023 18:12:31: Thread 0: Calculating ZNF781 (3001) ...  
INFO  @ Thu, 09 Mar 2023 18:12:39: Thread 0 completed. 
INFO  @ Thu, 09 Mar 2023 18:12:39: All threads completed. 
INFO  @ Thu, 09 Mar 2023 18:12:40: Assigning p values... 
INFO  @ Thu, 09 Mar 2023 18:12:40: Permuting groups of gene with 32 sgRNAs per gene. Group progress: 30/41 
INFO  @ Thu, 09 Mar 2023 18:12:40: Start permuting 2 rounds ... 
INFO  @ Thu, 09 Mar 2023 18:12:40: Collecting 25893 sgRNAs from 3514 genes. 
INFO  @ Thu, 09 Mar 2023 18:12:41: Permuting round 0 ... 
INFO  @ Thu, 09 Mar 2023 18:12:41: Thread 0 started. 
INFO  @ Thu, 09 Mar 2023 18:12:42: Thread 0: total 3514 instances. 
INFO  @ Thu, 09 Mar 2023 18:12:42: Thread 0: Calculating SETD1B (1) ...  
INFO  @ Thu, 09 Mar 2023 18:12:57: Thread 0: Calculating PLK4 (1001) ...  
INFO  @ Thu, 09 Mar 2023 18:13:21: Thread 0: Calculating KCNA1 (2001) ...  
INFO  @ Thu, 09 Mar 2023 18:13:51: Thread 0: Calculating ZNF781 (3001) ...  
INFO  @ Thu, 09 Mar 2023 18:14:08: Thread 0 completed. 
INFO  @ Thu, 09 Mar 2023 18:14:08: All threads completed. 
INFO  @ Thu, 09 Mar 2023 18:14:11: Permuting round 1 ... 
INFO  @ Thu, 09 Mar 2023 18:14:12: Thread 0 started. 
INFO  @ Thu, 09 Mar 2023 18:14:12: Thread 0: total 3514 instances. 
INFO  @ Thu, 09 Mar 2023 18:14:12: Thread 0: Calculating SETD1B (1) ...  
INFO  @ Thu, 09 Mar 2023 18:14:43: Thread 0: Calculating PLK4 (1001) ...  
INFO  @ Thu, 09 Mar 2023 18:15:12: Thread 0: Calculating KCNA1 (2001) ...  
INFO  @ Thu, 09 Mar 2023 18:15:43: Thread 0: Calculating ZNF781 (3001) ...  
INFO  @ Thu, 09 Mar 2023 18:15:59: Thread 0 completed. 
INFO  @ Thu, 09 Mar 2023 18:15:59: All threads completed. 
INFO  @ Thu, 09 Mar 2023 18:16:02: Assigning p values... 
INFO  @ Thu, 09 Mar 2023 18:16:02: Permuting groups of gene with 33 sgRNAs per gene. Group progress: 31/41 
INFO  @ Thu, 09 Mar 2023 18:16:02: Start permuting 2 rounds ... 
INFO  @ Thu, 09 Mar 2023 18:16:03: Collecting 25893 sgRNAs from 3514 genes. 
INFO  @ Thu, 09 Mar 2023 18:16:04: Permuting round 0 ... 
INFO  @ Thu, 09 Mar 2023 18:16:05: Thread 0 started. 
INFO  @ Thu, 09 Mar 2023 18:16:05: Thread 0: total 3514 instances. 
INFO  @ Thu, 09 Mar 2023 18:16:05: Thread 0: Calculating SETD1B (1) ...  
INFO  @ Thu, 09 Mar 2023 18:16:36: Thread 0: Calculating PLK4 (1001) ...  
INFO  @ Thu, 09 Mar 2023 18:17:05: Thread 0: Calculating KCNA1 (2001) ...  
INFO  @ Thu, 09 Mar 2023 18:17:37: Thread 0: Calculating ZNF781 (3001) ...  
INFO  @ Thu, 09 Mar 2023 18:17:54: Thread 0 completed. 
INFO  @ Thu, 09 Mar 2023 18:17:54: All threads completed. 
INFO  @ Thu, 09 Mar 2023 18:17:57: Permuting round 1 ... 
INFO  @ Thu, 09 Mar 2023 18:17:58: Thread 0 started. 
INFO  @ Thu, 09 Mar 2023 18:17:58: Thread 0: total 3514 instances. 
INFO  @ Thu, 09 Mar 2023 18:17:58: Thread 0: Calculating SETD1B (1) ...  
INFO  @ Thu, 09 Mar 2023 18:18:30: Thread 0: Calculating PLK4 (1001) ...  
INFO  @ Thu, 09 Mar 2023 18:18:58: Thread 0: Calculating KCNA1 (2001) ...  
INFO  @ Thu, 09 Mar 2023 18:19:29: Thread 0: Calculating ZNF781 (3001) ...  
INFO  @ Thu, 09 Mar 2023 18:19:44: Thread 0 completed. 
INFO  @ Thu, 09 Mar 2023 18:19:44: All threads completed. 
INFO  @ Thu, 09 Mar 2023 18:19:47: Assigning p values... 
INFO  @ Thu, 09 Mar 2023 18:19:47: Permuting groups of gene with 34 sgRNAs per gene. Group progress: 32/41 
INFO  @ Thu, 09 Mar 2023 18:19:48: Start permuting 2 rounds ... 
INFO  @ Thu, 09 Mar 2023 18:19:48: Collecting 25893 sgRNAs from 3514 genes. 
INFO  @ Thu, 09 Mar 2023 18:19:49: Permuting round 0 ... 
INFO  @ Thu, 09 Mar 2023 18:19:50: Thread 0 started. 
INFO  @ Thu, 09 Mar 2023 18:19:51: Thread 0: total 3514 instances. 
INFO  @ Thu, 09 Mar 2023 18:19:51: Thread 0: Calculating SETD1B (1) ...  
INFO  @ Thu, 09 Mar 2023 18:20:24: Thread 0: Calculating PLK4 (1001) ...  
INFO  @ Thu, 09 Mar 2023 18:20:52: Thread 0: Calculating KCNA1 (2001) ...  
INFO  @ Thu, 09 Mar 2023 18:21:24: Thread 0: Calculating ZNF781 (3001) ...  
INFO  @ Thu, 09 Mar 2023 18:21:40: Thread 0 completed. 
INFO  @ Thu, 09 Mar 2023 18:21:40: All threads completed. 
INFO  @ Thu, 09 Mar 2023 18:21:43: Permuting round 1 ... 
INFO  @ Thu, 09 Mar 2023 18:21:45: Thread 0 started. 
INFO  @ Thu, 09 Mar 2023 18:21:45: Thread 0: total 3514 instances. 
INFO  @ Thu, 09 Mar 2023 18:21:45: Thread 0: Calculating SETD1B (1) ...  
INFO  @ Thu, 09 Mar 2023 18:22:19: Thread 0: Calculating PLK4 (1001) ...  
INFO  @ Thu, 09 Mar 2023 18:22:48: Thread 0: Calculating KCNA1 (2001) ...  
INFO  @ Thu, 09 Mar 2023 18:23:21: Thread 0: Calculating ZNF781 (3001) ...  
INFO  @ Thu, 09 Mar 2023 18:23:39: Thread 0 completed. 
INFO  @ Thu, 09 Mar 2023 18:23:39: All threads completed. 
INFO  @ Thu, 09 Mar 2023 18:23:42: Assigning p values... 
INFO  @ Thu, 09 Mar 2023 18:23:42: Permuting groups of gene with 37 sgRNAs per gene. Group progress: 33/41 
INFO  @ Thu, 09 Mar 2023 18:23:42: Start permuting 2 rounds ... 
INFO  @ Thu, 09 Mar 2023 18:23:43: Collecting 25893 sgRNAs from 3514 genes. 
INFO  @ Thu, 09 Mar 2023 18:23:44: Permuting round 0 ... 
INFO  @ Thu, 09 Mar 2023 18:23:45: Thread 0 started. 
INFO  @ Thu, 09 Mar 2023 18:23:45: Thread 0: total 3514 instances. 
INFO  @ Thu, 09 Mar 2023 18:23:45: Thread 0: Calculating SETD1B (1) ...  
INFO  @ Thu, 09 Mar 2023 18:24:21: Thread 0: Calculating PLK4 (1001) ...  
INFO  @ Thu, 09 Mar 2023 18:24:52: Thread 0: Calculating KCNA1 (2001) ...  
INFO  @ Thu, 09 Mar 2023 18:25:24: Thread 0: Calculating ZNF781 (3001) ...  
INFO  @ Thu, 09 Mar 2023 18:25:43: Thread 0 completed. 
INFO  @ Thu, 09 Mar 2023 18:25:43: All threads completed. 
INFO  @ Thu, 09 Mar 2023 18:25:46: Permuting round 1 ... 
INFO  @ Thu, 09 Mar 2023 18:25:47: Thread 0 started. 
INFO  @ Thu, 09 Mar 2023 18:25:47: Thread 0: total 3514 instances. 
INFO  @ Thu, 09 Mar 2023 18:25:47: Thread 0: Calculating SETD1B (1) ...  
INFO  @ Thu, 09 Mar 2023 18:26:23: Thread 0: Calculating PLK4 (1001) ...  
INFO  @ Thu, 09 Mar 2023 18:26:57: Thread 0: Calculating KCNA1 (2001) ...  
INFO  @ Thu, 09 Mar 2023 18:27:31: Thread 0: Calculating ZNF781 (3001) ...  
INFO  @ Thu, 09 Mar 2023 18:28:00: Thread 0 completed. 
INFO  @ Thu, 09 Mar 2023 18:28:00: All threads completed. 
INFO  @ Thu, 09 Mar 2023 18:28:04: Assigning p values... 
INFO  @ Thu, 09 Mar 2023 18:28:04: Groups of gene with 41 sgRNAs per gene: assigning p values based on previous group results. Group progress: 34/41 
INFO  @ Thu, 09 Mar 2023 18:28:04: Groups of gene with 42 sgRNAs per gene: assigning p values based on previous group results. Group progress: 35/41 
INFO  @ Thu, 09 Mar 2023 18:28:04: Groups of gene with 45 sgRNAs per gene: assigning p values based on previous group results. Group progress: 36/41 
INFO  @ Thu, 09 Mar 2023 18:28:04: Groups of gene with 47 sgRNAs per gene: assigning p values based on previous group results. Group progress: 37/41 
INFO  @ Thu, 09 Mar 2023 18:28:04: Groups of gene with 48 sgRNAs per gene: assigning p values based on previous group results. Group progress: 38/41 
INFO  @ Thu, 09 Mar 2023 18:28:04: Groups of gene with 49 sgRNAs per gene: assigning p values based on previous group results. Group progress: 39/41 
INFO  @ Thu, 09 Mar 2023 18:28:04: Groups of gene with 56 sgRNAs per gene: assigning p values based on previous group results. Group progress: 40/41 
INFO  @ Thu, 09 Mar 2023 18:28:04: Groups of gene with 67 sgRNAs per gene: assigning p values based on previous group results. Group progress: 41/41 
INFO  @ Thu, 09 Mar 2023 18:28:05: Writing gene results to mle_DLD1-Ts2.18.gene_summary.txt 
INFO  @ Thu, 09 Mar 2023 18:28:05: Writing sgRNA results to mle_DLD1-Ts2.18.sgrna_summary.txt 
