INFO  @ Mon, 22 May 2023 12:48:15: Parameters: /home/ryan/miniconda3/envs/mageck/bin/mageck mle -k count-A2780-Ts10-i.f.csv -d matrixTs10.txt -n mle_count-A2780-Ts10 
INFO  @ Mon, 22 May 2023 12:48:15: Cannot parse design matrix as a string; try to parse it as a file name ... 
INFO  @ Mon, 22 May 2023 12:48:15: Design matrix: 
INFO  @ Mon, 22 May 2023 12:48:15: [[1. 0.] 
INFO  @ Mon, 22 May 2023 12:48:15:  [1. 1.]] 
INFO  @ Mon, 22 May 2023 12:48:15: Beta labels:baseline,Ts10 
INFO  @ Mon, 22 May 2023 12:48:15: Included samples:A2780_Ts10_D0,A2780_Ts10_D10 
INFO  @ Mon, 22 May 2023 12:48:15: Treating count-A2780-Ts10-i.f.csv as csv file ... 
INFO  @ Mon, 22 May 2023 12:48:15: Loaded samples:A2780_Ts10_D0;A2780_Ts10_D10 
INFO  @ Mon, 22 May 2023 12:48:15: Sample index: 0;1 
INFO  @ Mon, 22 May 2023 12:48:15: Loaded 3516 genes. 
DEBUG @ Mon, 22 May 2023 12:48:15: Initial (total) size factor: 0.8718289709971162 1.172352128263666 
DEBUG @ Mon, 22 May 2023 12:48:15: Median factor: 0.6648135469263141 1.5093886188455965 
INFO  @ Mon, 22 May 2023 12:48:15: Final size factor: 0.6648135469263141 1.5093886188455965 
INFO  @ Mon, 22 May 2023 12:48:15: size factor: 1.5041811416499864,0.6625199021076595 
INFO  @ Mon, 22 May 2023 12:48:15: Thread 0 started. 
INFO  @ Mon, 22 May 2023 12:48:15: Thread 0: total 1 instances. 
INFO  @ Mon, 22 May 2023 12:48:15: Thread 0 completed. 
INFO  @ Mon, 22 May 2023 12:48:15: All threads completed. 
INFO  @ Mon, 22 May 2023 12:48:15: Modeling the mean and variance ... 
INFO  @ Mon, 22 May 2023 12:48:15: Run the algorithm for the second time ... 
INFO  @ Mon, 22 May 2023 12:48:15: Skipping gene NKX2 from MLE calculation since there are too many sgRNAs. To change, revise the --max-sgrnapergene-permutation option. 
INFO  @ Mon, 22 May 2023 12:48:15: Skipping gene PBRM1 from MLE calculation since there are too many sgRNAs. To change, revise the --max-sgrnapergene-permutation option. 
INFO  @ Mon, 22 May 2023 12:48:15: Skipping gene KDM2A from MLE calculation since there are too many sgRNAs. To change, revise the --max-sgrnapergene-permutation option. 
INFO  @ Mon, 22 May 2023 12:48:15: Skipping gene KDM2B from MLE calculation since there are too many sgRNAs. To change, revise the --max-sgrnapergene-permutation option. 
INFO  @ Mon, 22 May 2023 12:48:15: Skipping gene KMT2A from MLE calculation since there are too many sgRNAs. To change, revise the --max-sgrnapergene-permutation option. 
INFO  @ Mon, 22 May 2023 12:48:15: Skipping gene KMT2B from MLE calculation since there are too many sgRNAs. To change, revise the --max-sgrnapergene-permutation option. 
INFO  @ Mon, 22 May 2023 12:48:15: Skipping gene KMT2C from MLE calculation since there are too many sgRNAs. To change, revise the --max-sgrnapergene-permutation option. 
INFO  @ Mon, 22 May 2023 12:48:15: Skipping gene KMT2D from MLE calculation since there are too many sgRNAs. To change, revise the --max-sgrnapergene-permutation option. 
INFO  @ Mon, 22 May 2023 12:48:15: Skipping gene NSD1 from MLE calculation since there are too many sgRNAs. To change, revise the --max-sgrnapergene-permutation option. 
INFO  @ Mon, 22 May 2023 12:48:15: Skipping gene RNF17 from MLE calculation since there are too many sgRNAs. To change, revise the --max-sgrnapergene-permutation option. 
INFO  @ Mon, 22 May 2023 12:48:15: Skipping gene TDRD6 from MLE calculation since there are too many sgRNAs. To change, revise the --max-sgrnapergene-permutation option. 
INFO  @ Mon, 22 May 2023 12:48:15: Thread 0 started. 
INFO  @ Mon, 22 May 2023 12:48:15: Thread 0: total 3505 instances. 
INFO  @ Mon, 22 May 2023 12:48:15: Thread 0: Calculating AATK (1) ...  
INFO  @ Mon, 22 May 2023 12:48:21: Thread 0: Calculating NFXL1 (1001) ...  
INFO  @ Mon, 22 May 2023 12:48:27: Thread 0: Calculating NO66 (2001) ...  
INFO  @ Mon, 22 May 2023 12:48:32: Thread 0: Calculating RNF170 (3001) ...  
INFO  @ Mon, 22 May 2023 12:48:35: Thread 0 completed. 
INFO  @ Mon, 22 May 2023 12:48:35: All threads completed. 
INFO  @ Mon, 22 May 2023 12:48:35: Permuting groups of gene with 1 sgRNAs per gene. Group progress: 1/41 
INFO  @ Mon, 22 May 2023 12:48:35: Start permuting 2 rounds ... 
INFO  @ Mon, 22 May 2023 12:48:35: Collecting 26156 sgRNAs from 3516 genes. 
INFO  @ Mon, 22 May 2023 12:48:36: Permuting round 0 ... 
INFO  @ Mon, 22 May 2023 12:48:36: Thread 0 started. 
INFO  @ Mon, 22 May 2023 12:48:36: Thread 0: total 3516 instances. 
INFO  @ Mon, 22 May 2023 12:48:36: Thread 0: Calculating AATK (1) ...  
INFO  @ Mon, 22 May 2023 12:48:37: Thread 0: Calculating NFXL1 (1001) ...  
INFO  @ Mon, 22 May 2023 12:48:39: Thread 0: Calculating MLL1 (2001) ...  
INFO  @ Mon, 22 May 2023 12:48:41: Thread 0: Calculating RNF146 (3001) ...  
INFO  @ Mon, 22 May 2023 12:48:42: Thread 0 completed. 
INFO  @ Mon, 22 May 2023 12:48:42: All threads completed. 
INFO  @ Mon, 22 May 2023 12:48:42: Permuting round 1 ... 
INFO  @ Mon, 22 May 2023 12:48:43: Thread 0 started. 
INFO  @ Mon, 22 May 2023 12:48:43: Thread 0: total 3516 instances. 
INFO  @ Mon, 22 May 2023 12:48:43: Thread 0: Calculating AATK (1) ...  
INFO  @ Mon, 22 May 2023 12:48:44: Thread 0: Calculating NFXL1 (1001) ...  
INFO  @ Mon, 22 May 2023 12:48:46: Thread 0: Calculating MLL1 (2001) ...  
INFO  @ Mon, 22 May 2023 12:48:47: Thread 0: Calculating RNF146 (3001) ...  
INFO  @ Mon, 22 May 2023 12:48:48: Thread 0 completed. 
INFO  @ Mon, 22 May 2023 12:48:48: All threads completed. 
INFO  @ Mon, 22 May 2023 12:48:49: Assigning p values... 
INFO  @ Mon, 22 May 2023 12:48:49: Permuting groups of gene with 2 sgRNAs per gene. Group progress: 2/41 
INFO  @ Mon, 22 May 2023 12:48:49: Start permuting 2 rounds ... 
INFO  @ Mon, 22 May 2023 12:48:49: Collecting 26156 sgRNAs from 3516 genes. 
INFO  @ Mon, 22 May 2023 12:48:49: Permuting round 0 ... 
INFO  @ Mon, 22 May 2023 12:48:49: Thread 0 started. 
INFO  @ Mon, 22 May 2023 12:48:49: Thread 0: total 3516 instances. 
INFO  @ Mon, 22 May 2023 12:48:49: Thread 0: Calculating AATK (1) ...  
INFO  @ Mon, 22 May 2023 12:48:54: Thread 0: Calculating NFXL1 (1001) ...  
INFO  @ Mon, 22 May 2023 12:49:01: Thread 0: Calculating MLL1 (2001) ...  
INFO  @ Mon, 22 May 2023 12:49:06: Thread 0: Calculating RNF146 (3001) ...  
INFO  @ Mon, 22 May 2023 12:49:09: Thread 0 completed. 
INFO  @ Mon, 22 May 2023 12:49:09: All threads completed. 
INFO  @ Mon, 22 May 2023 12:49:10: Permuting round 1 ... 
INFO  @ Mon, 22 May 2023 12:49:10: Thread 0 started. 
INFO  @ Mon, 22 May 2023 12:49:10: Thread 0: total 3516 instances. 
INFO  @ Mon, 22 May 2023 12:49:10: Thread 0: Calculating AATK (1) ...  
INFO  @ Mon, 22 May 2023 12:49:15: Thread 0: Calculating NFXL1 (1001) ...  
INFO  @ Mon, 22 May 2023 12:49:21: Thread 0: Calculating MLL1 (2001) ...  
INFO  @ Mon, 22 May 2023 12:49:27: Thread 0: Calculating RNF146 (3001) ...  
INFO  @ Mon, 22 May 2023 12:49:30: Thread 0 completed. 
INFO  @ Mon, 22 May 2023 12:49:30: All threads completed. 
INFO  @ Mon, 22 May 2023 12:49:31: Assigning p values... 
INFO  @ Mon, 22 May 2023 12:49:31: Permuting groups of gene with 3 sgRNAs per gene. Group progress: 3/41 
INFO  @ Mon, 22 May 2023 12:49:31: Start permuting 2 rounds ... 
INFO  @ Mon, 22 May 2023 12:49:31: Collecting 26156 sgRNAs from 3516 genes. 
INFO  @ Mon, 22 May 2023 12:49:31: Permuting round 0 ... 
INFO  @ Mon, 22 May 2023 12:49:31: Thread 0 started. 
INFO  @ Mon, 22 May 2023 12:49:31: Thread 0: total 3516 instances. 
INFO  @ Mon, 22 May 2023 12:49:31: Thread 0: Calculating AATK (1) ...  
INFO  @ Mon, 22 May 2023 12:49:36: Thread 0: Calculating NFXL1 (1001) ...  
INFO  @ Mon, 22 May 2023 12:49:42: Thread 0: Calculating MLL1 (2001) ...  
INFO  @ Mon, 22 May 2023 12:49:48: Thread 0: Calculating RNF146 (3001) ...  
INFO  @ Mon, 22 May 2023 12:49:50: Thread 0 completed. 
INFO  @ Mon, 22 May 2023 12:49:50: All threads completed. 
INFO  @ Mon, 22 May 2023 12:49:51: Permuting round 1 ... 
INFO  @ Mon, 22 May 2023 12:49:51: Thread 0 started. 
INFO  @ Mon, 22 May 2023 12:49:51: Thread 0: total 3516 instances. 
INFO  @ Mon, 22 May 2023 12:49:51: Thread 0: Calculating AATK (1) ...  
INFO  @ Mon, 22 May 2023 12:49:56: Thread 0: Calculating NFXL1 (1001) ...  
INFO  @ Mon, 22 May 2023 12:50:00: Thread 0: Calculating MLL1 (2001) ...  
INFO  @ Mon, 22 May 2023 12:50:05: Thread 0: Calculating RNF146 (3001) ...  
INFO  @ Mon, 22 May 2023 12:50:07: Thread 0 completed. 
INFO  @ Mon, 22 May 2023 12:50:07: All threads completed. 
INFO  @ Mon, 22 May 2023 12:50:08: Assigning p values... 
INFO  @ Mon, 22 May 2023 12:50:08: Permuting groups of gene with 4 sgRNAs per gene. Group progress: 4/41 
INFO  @ Mon, 22 May 2023 12:50:08: Start permuting 2 rounds ... 
INFO  @ Mon, 22 May 2023 12:50:08: Collecting 26156 sgRNAs from 3516 genes. 
INFO  @ Mon, 22 May 2023 12:50:08: Permuting round 0 ... 
INFO  @ Mon, 22 May 2023 12:50:08: Thread 0 started. 
INFO  @ Mon, 22 May 2023 12:50:08: Thread 0: total 3516 instances. 
INFO  @ Mon, 22 May 2023 12:50:08: Thread 0: Calculating AATK (1) ...  
INFO  @ Mon, 22 May 2023 12:50:13: Thread 0: Calculating NFXL1 (1001) ...  
INFO  @ Mon, 22 May 2023 12:50:18: Thread 0: Calculating MLL1 (2001) ...  
INFO  @ Mon, 22 May 2023 12:50:23: Thread 0: Calculating RNF146 (3001) ...  
INFO  @ Mon, 22 May 2023 12:50:26: Thread 0 completed. 
INFO  @ Mon, 22 May 2023 12:50:26: All threads completed. 
INFO  @ Mon, 22 May 2023 12:50:27: Permuting round 1 ... 
INFO  @ Mon, 22 May 2023 12:50:27: Thread 0 started. 
INFO  @ Mon, 22 May 2023 12:50:27: Thread 0: total 3516 instances. 
INFO  @ Mon, 22 May 2023 12:50:27: Thread 0: Calculating AATK (1) ...  
INFO  @ Mon, 22 May 2023 12:50:32: Thread 0: Calculating NFXL1 (1001) ...  
INFO  @ Mon, 22 May 2023 12:50:37: Thread 0: Calculating MLL1 (2001) ...  
INFO  @ Mon, 22 May 2023 12:50:42: Thread 0: Calculating RNF146 (3001) ...  
INFO  @ Mon, 22 May 2023 12:50:46: Thread 0 completed. 
INFO  @ Mon, 22 May 2023 12:50:46: All threads completed. 
INFO  @ Mon, 22 May 2023 12:50:47: Assigning p values... 
INFO  @ Mon, 22 May 2023 12:50:47: Permuting groups of gene with 5 sgRNAs per gene. Group progress: 5/41 
INFO  @ Mon, 22 May 2023 12:50:47: Start permuting 2 rounds ... 
INFO  @ Mon, 22 May 2023 12:50:47: Collecting 26156 sgRNAs from 3516 genes. 
INFO  @ Mon, 22 May 2023 12:50:47: Permuting round 0 ... 
INFO  @ Mon, 22 May 2023 12:50:48: Thread 0 started. 
INFO  @ Mon, 22 May 2023 12:50:48: Thread 0: total 3516 instances. 
INFO  @ Mon, 22 May 2023 12:50:48: Thread 0: Calculating AATK (1) ...  
INFO  @ Mon, 22 May 2023 12:50:53: Thread 0: Calculating NFXL1 (1001) ...  
INFO  @ Mon, 22 May 2023 12:50:58: Thread 0: Calculating MLL1 (2001) ...  
INFO  @ Mon, 22 May 2023 12:51:04: Thread 0: Calculating RNF146 (3001) ...  
INFO  @ Mon, 22 May 2023 12:51:07: Thread 0 completed. 
INFO  @ Mon, 22 May 2023 12:51:07: All threads completed. 
INFO  @ Mon, 22 May 2023 12:51:08: Permuting round 1 ... 
INFO  @ Mon, 22 May 2023 12:51:08: Thread 0 started. 
INFO  @ Mon, 22 May 2023 12:51:08: Thread 0: total 3516 instances. 
INFO  @ Mon, 22 May 2023 12:51:08: Thread 0: Calculating AATK (1) ...  
INFO  @ Mon, 22 May 2023 12:51:14: Thread 0: Calculating NFXL1 (1001) ...  
INFO  @ Mon, 22 May 2023 12:51:19: Thread 0: Calculating MLL1 (2001) ...  
INFO  @ Mon, 22 May 2023 12:51:25: Thread 0: Calculating RNF146 (3001) ...  
INFO  @ Mon, 22 May 2023 12:51:28: Thread 0 completed. 
INFO  @ Mon, 22 May 2023 12:51:28: All threads completed. 
INFO  @ Mon, 22 May 2023 12:51:29: Assigning p values... 
INFO  @ Mon, 22 May 2023 12:51:29: Permuting groups of gene with 6 sgRNAs per gene. Group progress: 6/41 
INFO  @ Mon, 22 May 2023 12:51:29: Start permuting 2 rounds ... 
INFO  @ Mon, 22 May 2023 12:51:29: Collecting 26156 sgRNAs from 3516 genes. 
INFO  @ Mon, 22 May 2023 12:51:29: Permuting round 0 ... 
INFO  @ Mon, 22 May 2023 12:51:29: Thread 0 started. 
INFO  @ Mon, 22 May 2023 12:51:29: Thread 0: total 3516 instances. 
INFO  @ Mon, 22 May 2023 12:51:29: Thread 0: Calculating AATK (1) ...  
INFO  @ Mon, 22 May 2023 12:51:35: Thread 0: Calculating NFXL1 (1001) ...  
INFO  @ Mon, 22 May 2023 12:51:40: Thread 0: Calculating MLL1 (2001) ...  
INFO  @ Mon, 22 May 2023 12:51:46: Thread 0: Calculating RNF146 (3001) ...  
INFO  @ Mon, 22 May 2023 12:51:49: Thread 0 completed. 
INFO  @ Mon, 22 May 2023 12:51:49: All threads completed. 
INFO  @ Mon, 22 May 2023 12:51:50: Permuting round 1 ... 
INFO  @ Mon, 22 May 2023 12:51:50: Thread 0 started. 
INFO  @ Mon, 22 May 2023 12:51:50: Thread 0: total 3516 instances. 
INFO  @ Mon, 22 May 2023 12:51:50: Thread 0: Calculating AATK (1) ...  
INFO  @ Mon, 22 May 2023 12:51:55: Thread 0: Calculating NFXL1 (1001) ...  
INFO  @ Mon, 22 May 2023 12:52:01: Thread 0: Calculating MLL1 (2001) ...  
INFO  @ Mon, 22 May 2023 12:52:07: Thread 0: Calculating RNF146 (3001) ...  
INFO  @ Mon, 22 May 2023 12:52:10: Thread 0 completed. 
INFO  @ Mon, 22 May 2023 12:52:10: All threads completed. 
INFO  @ Mon, 22 May 2023 12:52:11: Assigning p values... 
INFO  @ Mon, 22 May 2023 12:52:11: Permuting groups of gene with 7 sgRNAs per gene. Group progress: 7/41 
INFO  @ Mon, 22 May 2023 12:52:11: Start permuting 2 rounds ... 
INFO  @ Mon, 22 May 2023 12:52:11: Collecting 26156 sgRNAs from 3516 genes. 
INFO  @ Mon, 22 May 2023 12:52:11: Permuting round 0 ... 
INFO  @ Mon, 22 May 2023 12:52:11: Thread 0 started. 
INFO  @ Mon, 22 May 2023 12:52:11: Thread 0: total 3516 instances. 
INFO  @ Mon, 22 May 2023 12:52:11: Thread 0: Calculating AATK (1) ...  
INFO  @ Mon, 22 May 2023 12:52:17: Thread 0: Calculating NFXL1 (1001) ...  
INFO  @ Mon, 22 May 2023 12:52:23: Thread 0: Calculating MLL1 (2001) ...  
INFO  @ Mon, 22 May 2023 12:52:29: Thread 0: Calculating RNF146 (3001) ...  
INFO  @ Mon, 22 May 2023 12:52:32: Thread 0 completed. 
INFO  @ Mon, 22 May 2023 12:52:32: All threads completed. 
INFO  @ Mon, 22 May 2023 12:52:32: Permuting round 1 ... 
INFO  @ Mon, 22 May 2023 12:52:32: Thread 0 started. 
INFO  @ Mon, 22 May 2023 12:52:32: Thread 0: total 3516 instances. 
INFO  @ Mon, 22 May 2023 12:52:32: Thread 0: Calculating AATK (1) ...  
INFO  @ Mon, 22 May 2023 12:52:38: Thread 0: Calculating NFXL1 (1001) ...  
INFO  @ Mon, 22 May 2023 12:52:44: Thread 0: Calculating MLL1 (2001) ...  
INFO  @ Mon, 22 May 2023 12:52:50: Thread 0: Calculating RNF146 (3001) ...  
INFO  @ Mon, 22 May 2023 12:52:53: Thread 0 completed. 
INFO  @ Mon, 22 May 2023 12:52:53: All threads completed. 
INFO  @ Mon, 22 May 2023 12:52:54: Assigning p values... 
INFO  @ Mon, 22 May 2023 12:52:54: Permuting groups of gene with 8 sgRNAs per gene. Group progress: 8/41 
INFO  @ Mon, 22 May 2023 12:52:54: Start permuting 2 rounds ... 
INFO  @ Mon, 22 May 2023 12:52:54: Collecting 26156 sgRNAs from 3516 genes. 
INFO  @ Mon, 22 May 2023 12:52:54: Permuting round 0 ... 
INFO  @ Mon, 22 May 2023 12:52:54: Thread 0 started. 
INFO  @ Mon, 22 May 2023 12:52:54: Thread 0: total 3516 instances. 
INFO  @ Mon, 22 May 2023 12:52:54: Thread 0: Calculating AATK (1) ...  
INFO  @ Mon, 22 May 2023 12:53:00: Thread 0: Calculating NFXL1 (1001) ...  
INFO  @ Mon, 22 May 2023 12:53:05: Thread 0: Calculating MLL1 (2001) ...  
INFO  @ Mon, 22 May 2023 12:53:11: Thread 0: Calculating RNF146 (3001) ...  
INFO  @ Mon, 22 May 2023 12:53:14: Thread 0 completed. 
INFO  @ Mon, 22 May 2023 12:53:14: All threads completed. 
INFO  @ Mon, 22 May 2023 12:53:15: Permuting round 1 ... 
INFO  @ Mon, 22 May 2023 12:53:15: Thread 0 started. 
INFO  @ Mon, 22 May 2023 12:53:15: Thread 0: total 3516 instances. 
INFO  @ Mon, 22 May 2023 12:53:15: Thread 0: Calculating AATK (1) ...  
INFO  @ Mon, 22 May 2023 12:53:21: Thread 0: Calculating NFXL1 (1001) ...  
INFO  @ Mon, 22 May 2023 12:53:26: Thread 0: Calculating MLL1 (2001) ...  
INFO  @ Mon, 22 May 2023 12:53:32: Thread 0: Calculating RNF146 (3001) ...  
INFO  @ Mon, 22 May 2023 12:53:35: Thread 0 completed. 
INFO  @ Mon, 22 May 2023 12:53:35: All threads completed. 
INFO  @ Mon, 22 May 2023 12:53:35: Assigning p values... 
INFO  @ Mon, 22 May 2023 12:53:36: Permuting groups of gene with 9 sgRNAs per gene. Group progress: 9/41 
INFO  @ Mon, 22 May 2023 12:53:36: Start permuting 2 rounds ... 
INFO  @ Mon, 22 May 2023 12:53:36: Collecting 26156 sgRNAs from 3516 genes. 
INFO  @ Mon, 22 May 2023 12:53:36: Permuting round 0 ... 
INFO  @ Mon, 22 May 2023 12:53:36: Thread 0 started. 
INFO  @ Mon, 22 May 2023 12:53:36: Thread 0: total 3516 instances. 
INFO  @ Mon, 22 May 2023 12:53:36: Thread 0: Calculating AATK (1) ...  
INFO  @ Mon, 22 May 2023 12:53:42: Thread 0: Calculating NFXL1 (1001) ...  
INFO  @ Mon, 22 May 2023 12:53:48: Thread 0: Calculating MLL1 (2001) ...  
INFO  @ Mon, 22 May 2023 12:53:54: Thread 0: Calculating RNF146 (3001) ...  
INFO  @ Mon, 22 May 2023 12:53:58: Thread 0 completed. 
INFO  @ Mon, 22 May 2023 12:53:58: All threads completed. 
INFO  @ Mon, 22 May 2023 12:53:58: Permuting round 1 ... 
INFO  @ Mon, 22 May 2023 12:53:58: Thread 0 started. 
INFO  @ Mon, 22 May 2023 12:53:58: Thread 0: total 3516 instances. 
INFO  @ Mon, 22 May 2023 12:53:58: Thread 0: Calculating AATK (1) ...  
INFO  @ Mon, 22 May 2023 12:54:04: Thread 0: Calculating NFXL1 (1001) ...  
INFO  @ Mon, 22 May 2023 12:54:10: Thread 0: Calculating MLL1 (2001) ...  
INFO  @ Mon, 22 May 2023 12:54:17: Thread 0: Calculating RNF146 (3001) ...  
INFO  @ Mon, 22 May 2023 12:54:20: Thread 0 completed. 
INFO  @ Mon, 22 May 2023 12:54:20: All threads completed. 
INFO  @ Mon, 22 May 2023 12:54:21: Assigning p values... 
INFO  @ Mon, 22 May 2023 12:54:21: Permuting groups of gene with 10 sgRNAs per gene. Group progress: 10/41 
INFO  @ Mon, 22 May 2023 12:54:21: Start permuting 2 rounds ... 
INFO  @ Mon, 22 May 2023 12:54:21: Collecting 26156 sgRNAs from 3516 genes. 
INFO  @ Mon, 22 May 2023 12:54:21: Permuting round 0 ... 
INFO  @ Mon, 22 May 2023 12:54:21: Thread 0 started. 
INFO  @ Mon, 22 May 2023 12:54:21: Thread 0: total 3516 instances. 
INFO  @ Mon, 22 May 2023 12:54:21: Thread 0: Calculating AATK (1) ...  
INFO  @ Mon, 22 May 2023 12:54:28: Thread 0: Calculating NFXL1 (1001) ...  
INFO  @ Mon, 22 May 2023 12:54:35: Thread 0: Calculating MLL1 (2001) ...  
INFO  @ Mon, 22 May 2023 12:54:41: Thread 0: Calculating RNF146 (3001) ...  
INFO  @ Mon, 22 May 2023 12:54:44: Thread 0 completed. 
INFO  @ Mon, 22 May 2023 12:54:44: All threads completed. 
INFO  @ Mon, 22 May 2023 12:54:45: Permuting round 1 ... 
INFO  @ Mon, 22 May 2023 12:54:45: Thread 0 started. 
INFO  @ Mon, 22 May 2023 12:54:45: Thread 0: total 3516 instances. 
INFO  @ Mon, 22 May 2023 12:54:45: Thread 0: Calculating AATK (1) ...  
INFO  @ Mon, 22 May 2023 12:54:51: Thread 0: Calculating NFXL1 (1001) ...  
INFO  @ Mon, 22 May 2023 12:54:58: Thread 0: Calculating MLL1 (2001) ...  
INFO  @ Mon, 22 May 2023 12:55:04: Thread 0: Calculating RNF146 (3001) ...  
INFO  @ Mon, 22 May 2023 12:55:07: Thread 0 completed. 
INFO  @ Mon, 22 May 2023 12:55:07: All threads completed. 
INFO  @ Mon, 22 May 2023 12:55:08: Assigning p values... 
INFO  @ Mon, 22 May 2023 12:55:08: Permuting groups of gene with 11 sgRNAs per gene. Group progress: 11/41 
INFO  @ Mon, 22 May 2023 12:55:08: Start permuting 2 rounds ... 
INFO  @ Mon, 22 May 2023 12:55:08: Collecting 26156 sgRNAs from 3516 genes. 
INFO  @ Mon, 22 May 2023 12:55:09: Permuting round 0 ... 
INFO  @ Mon, 22 May 2023 12:55:09: Thread 0 started. 
INFO  @ Mon, 22 May 2023 12:55:09: Thread 0: total 3516 instances. 
INFO  @ Mon, 22 May 2023 12:55:09: Thread 0: Calculating AATK (1) ...  
INFO  @ Mon, 22 May 2023 12:55:15: Thread 0: Calculating NFXL1 (1001) ...  
INFO  @ Mon, 22 May 2023 12:55:21: Thread 0: Calculating MLL1 (2001) ...  
INFO  @ Mon, 22 May 2023 12:55:28: Thread 0: Calculating RNF146 (3001) ...  
INFO  @ Mon, 22 May 2023 12:55:31: Thread 0 completed. 
INFO  @ Mon, 22 May 2023 12:55:31: All threads completed. 
INFO  @ Mon, 22 May 2023 12:55:32: Permuting round 1 ... 
INFO  @ Mon, 22 May 2023 12:55:32: Thread 0 started. 
INFO  @ Mon, 22 May 2023 12:55:32: Thread 0: total 3516 instances. 
INFO  @ Mon, 22 May 2023 12:55:32: Thread 0: Calculating AATK (1) ...  
INFO  @ Mon, 22 May 2023 12:55:38: Thread 0: Calculating NFXL1 (1001) ...  
INFO  @ Mon, 22 May 2023 12:55:44: Thread 0: Calculating MLL1 (2001) ...  
INFO  @ Mon, 22 May 2023 12:55:50: Thread 0: Calculating RNF146 (3001) ...  
INFO  @ Mon, 22 May 2023 12:55:53: Thread 0 completed. 
INFO  @ Mon, 22 May 2023 12:55:53: All threads completed. 
INFO  @ Mon, 22 May 2023 12:55:54: Assigning p values... 
INFO  @ Mon, 22 May 2023 12:55:54: Permuting groups of gene with 12 sgRNAs per gene. Group progress: 12/41 
INFO  @ Mon, 22 May 2023 12:55:54: Start permuting 2 rounds ... 
INFO  @ Mon, 22 May 2023 12:55:54: Collecting 26156 sgRNAs from 3516 genes. 
INFO  @ Mon, 22 May 2023 12:55:54: Permuting round 0 ... 
INFO  @ Mon, 22 May 2023 12:55:55: Thread 0 started. 
INFO  @ Mon, 22 May 2023 12:55:55: Thread 0: total 3516 instances. 
INFO  @ Mon, 22 May 2023 12:55:55: Thread 0: Calculating AATK (1) ...  
INFO  @ Mon, 22 May 2023 12:56:01: Thread 0: Calculating NFXL1 (1001) ...  
INFO  @ Mon, 22 May 2023 12:56:07: Thread 0: Calculating MLL1 (2001) ...  
INFO  @ Mon, 22 May 2023 12:56:14: Thread 0: Calculating RNF146 (3001) ...  
INFO  @ Mon, 22 May 2023 12:56:17: Thread 0 completed. 
INFO  @ Mon, 22 May 2023 12:56:17: All threads completed. 
INFO  @ Mon, 22 May 2023 12:56:18: Permuting round 1 ... 
INFO  @ Mon, 22 May 2023 12:56:18: Thread 0 started. 
INFO  @ Mon, 22 May 2023 12:56:18: Thread 0: total 3516 instances. 
INFO  @ Mon, 22 May 2023 12:56:18: Thread 0: Calculating AATK (1) ...  
INFO  @ Mon, 22 May 2023 12:56:24: Thread 0: Calculating NFXL1 (1001) ...  
INFO  @ Mon, 22 May 2023 12:56:30: Thread 0: Calculating MLL1 (2001) ...  
INFO  @ Mon, 22 May 2023 12:56:37: Thread 0: Calculating RNF146 (3001) ...  
INFO  @ Mon, 22 May 2023 12:56:40: Thread 0 completed. 
INFO  @ Mon, 22 May 2023 12:56:40: All threads completed. 
INFO  @ Mon, 22 May 2023 12:56:41: Assigning p values... 
INFO  @ Mon, 22 May 2023 12:56:41: Permuting groups of gene with 13 sgRNAs per gene. Group progress: 13/41 
INFO  @ Mon, 22 May 2023 12:56:41: Start permuting 2 rounds ... 
INFO  @ Mon, 22 May 2023 12:56:41: Collecting 26156 sgRNAs from 3516 genes. 
INFO  @ Mon, 22 May 2023 12:56:41: Permuting round 0 ... 
INFO  @ Mon, 22 May 2023 12:56:41: Thread 0 started. 
INFO  @ Mon, 22 May 2023 12:56:41: Thread 0: total 3516 instances. 
INFO  @ Mon, 22 May 2023 12:56:41: Thread 0: Calculating AATK (1) ...  
INFO  @ Mon, 22 May 2023 12:56:48: Thread 0: Calculating NFXL1 (1001) ...  
INFO  @ Mon, 22 May 2023 12:56:54: Thread 0: Calculating MLL1 (2001) ...  
INFO  @ Mon, 22 May 2023 12:57:00: Thread 0: Calculating RNF146 (3001) ...  
INFO  @ Mon, 22 May 2023 12:57:03: Thread 0 completed. 
INFO  @ Mon, 22 May 2023 12:57:03: All threads completed. 
INFO  @ Mon, 22 May 2023 12:57:04: Permuting round 1 ... 
INFO  @ Mon, 22 May 2023 12:57:04: Thread 0 started. 
INFO  @ Mon, 22 May 2023 12:57:04: Thread 0: total 3516 instances. 
INFO  @ Mon, 22 May 2023 12:57:04: Thread 0: Calculating AATK (1) ...  
INFO  @ Mon, 22 May 2023 12:57:11: Thread 0: Calculating NFXL1 (1001) ...  
INFO  @ Mon, 22 May 2023 12:57:18: Thread 0: Calculating MLL1 (2001) ...  
INFO  @ Mon, 22 May 2023 12:57:24: Thread 0: Calculating RNF146 (3001) ...  
INFO  @ Mon, 22 May 2023 12:57:28: Thread 0 completed. 
INFO  @ Mon, 22 May 2023 12:57:28: All threads completed. 
INFO  @ Mon, 22 May 2023 12:57:29: Assigning p values... 
INFO  @ Mon, 22 May 2023 12:57:29: Permuting groups of gene with 14 sgRNAs per gene. Group progress: 14/41 
INFO  @ Mon, 22 May 2023 12:57:29: Start permuting 2 rounds ... 
INFO  @ Mon, 22 May 2023 12:57:29: Collecting 26156 sgRNAs from 3516 genes. 
INFO  @ Mon, 22 May 2023 12:57:29: Permuting round 0 ... 
INFO  @ Mon, 22 May 2023 12:57:29: Thread 0 started. 
INFO  @ Mon, 22 May 2023 12:57:29: Thread 0: total 3516 instances. 
INFO  @ Mon, 22 May 2023 12:57:29: Thread 0: Calculating AATK (1) ...  
INFO  @ Mon, 22 May 2023 12:57:36: Thread 0: Calculating NFXL1 (1001) ...  
INFO  @ Mon, 22 May 2023 12:57:42: Thread 0: Calculating MLL1 (2001) ...  
INFO  @ Mon, 22 May 2023 12:57:49: Thread 0: Calculating RNF146 (3001) ...  
INFO  @ Mon, 22 May 2023 12:57:52: Thread 0 completed. 
INFO  @ Mon, 22 May 2023 12:57:52: All threads completed. 
INFO  @ Mon, 22 May 2023 12:57:53: Permuting round 1 ... 
INFO  @ Mon, 22 May 2023 12:57:53: Thread 0 started. 
INFO  @ Mon, 22 May 2023 12:57:53: Thread 0: total 3516 instances. 
INFO  @ Mon, 22 May 2023 12:57:53: Thread 0: Calculating AATK (1) ...  
INFO  @ Mon, 22 May 2023 12:58:00: Thread 0: Calculating NFXL1 (1001) ...  
INFO  @ Mon, 22 May 2023 12:58:06: Thread 0: Calculating MLL1 (2001) ...  
INFO  @ Mon, 22 May 2023 12:58:13: Thread 0: Calculating RNF146 (3001) ...  
INFO  @ Mon, 22 May 2023 12:58:16: Thread 0 completed. 
INFO  @ Mon, 22 May 2023 12:58:16: All threads completed. 
INFO  @ Mon, 22 May 2023 12:58:17: Assigning p values... 
INFO  @ Mon, 22 May 2023 12:58:17: Permuting groups of gene with 15 sgRNAs per gene. Group progress: 15/41 
INFO  @ Mon, 22 May 2023 12:58:17: Start permuting 2 rounds ... 
INFO  @ Mon, 22 May 2023 12:58:17: Collecting 26156 sgRNAs from 3516 genes. 
INFO  @ Mon, 22 May 2023 12:58:18: Permuting round 0 ... 
INFO  @ Mon, 22 May 2023 12:58:18: Thread 0 started. 
INFO  @ Mon, 22 May 2023 12:58:18: Thread 0: total 3516 instances. 
INFO  @ Mon, 22 May 2023 12:58:18: Thread 0: Calculating AATK (1) ...  
INFO  @ Mon, 22 May 2023 12:58:24: Thread 0: Calculating NFXL1 (1001) ...  
INFO  @ Mon, 22 May 2023 12:58:31: Thread 0: Calculating MLL1 (2001) ...  
INFO  @ Mon, 22 May 2023 12:58:37: Thread 0: Calculating RNF146 (3001) ...  
INFO  @ Mon, 22 May 2023 12:58:41: Thread 0 completed. 
INFO  @ Mon, 22 May 2023 12:58:41: All threads completed. 
INFO  @ Mon, 22 May 2023 12:58:42: Permuting round 1 ... 
INFO  @ Mon, 22 May 2023 12:58:42: Thread 0 started. 
INFO  @ Mon, 22 May 2023 12:58:42: Thread 0: total 3516 instances. 
INFO  @ Mon, 22 May 2023 12:58:42: Thread 0: Calculating AATK (1) ...  
INFO  @ Mon, 22 May 2023 12:58:49: Thread 0: Calculating NFXL1 (1001) ...  
INFO  @ Mon, 22 May 2023 12:58:55: Thread 0: Calculating MLL1 (2001) ...  
INFO  @ Mon, 22 May 2023 12:59:02: Thread 0: Calculating RNF146 (3001) ...  
INFO  @ Mon, 22 May 2023 12:59:05: Thread 0 completed. 
INFO  @ Mon, 22 May 2023 12:59:05: All threads completed. 
INFO  @ Mon, 22 May 2023 12:59:06: Assigning p values... 
INFO  @ Mon, 22 May 2023 12:59:06: Permuting groups of gene with 16 sgRNAs per gene. Group progress: 16/41 
INFO  @ Mon, 22 May 2023 12:59:06: Start permuting 2 rounds ... 
INFO  @ Mon, 22 May 2023 12:59:06: Collecting 26156 sgRNAs from 3516 genes. 
INFO  @ Mon, 22 May 2023 12:59:07: Permuting round 0 ... 
INFO  @ Mon, 22 May 2023 12:59:07: Thread 0 started. 
INFO  @ Mon, 22 May 2023 12:59:07: Thread 0: total 3516 instances. 
INFO  @ Mon, 22 May 2023 12:59:07: Thread 0: Calculating AATK (1) ...  
INFO  @ Mon, 22 May 2023 12:59:14: Thread 0: Calculating NFXL1 (1001) ...  
INFO  @ Mon, 22 May 2023 12:59:20: Thread 0: Calculating MLL1 (2001) ...  
INFO  @ Mon, 22 May 2023 12:59:27: Thread 0: Calculating RNF146 (3001) ...  
INFO  @ Mon, 22 May 2023 12:59:31: Thread 0 completed. 
INFO  @ Mon, 22 May 2023 12:59:31: All threads completed. 
INFO  @ Mon, 22 May 2023 12:59:31: Permuting round 1 ... 
INFO  @ Mon, 22 May 2023 12:59:32: Thread 0 started. 
INFO  @ Mon, 22 May 2023 12:59:32: Thread 0: total 3516 instances. 
INFO  @ Mon, 22 May 2023 12:59:32: Thread 0: Calculating AATK (1) ...  
INFO  @ Mon, 22 May 2023 12:59:38: Thread 0: Calculating NFXL1 (1001) ...  
INFO  @ Mon, 22 May 2023 12:59:46: Thread 0: Calculating MLL1 (2001) ...  
INFO  @ Mon, 22 May 2023 12:59:53: Thread 0: Calculating RNF146 (3001) ...  
INFO  @ Mon, 22 May 2023 12:59:56: Thread 0 completed. 
INFO  @ Mon, 22 May 2023 12:59:56: All threads completed. 
INFO  @ Mon, 22 May 2023 12:59:57: Assigning p values... 
INFO  @ Mon, 22 May 2023 12:59:57: Permuting groups of gene with 17 sgRNAs per gene. Group progress: 17/41 
INFO  @ Mon, 22 May 2023 12:59:57: Start permuting 2 rounds ... 
INFO  @ Mon, 22 May 2023 12:59:57: Collecting 26156 sgRNAs from 3516 genes. 
INFO  @ Mon, 22 May 2023 12:59:57: Permuting round 0 ... 
INFO  @ Mon, 22 May 2023 12:59:58: Thread 0 started. 
INFO  @ Mon, 22 May 2023 12:59:58: Thread 0: total 3516 instances. 
INFO  @ Mon, 22 May 2023 12:59:58: Thread 0: Calculating AATK (1) ...  
INFO  @ Mon, 22 May 2023 13:00:05: Thread 0: Calculating NFXL1 (1001) ...  
INFO  @ Mon, 22 May 2023 13:00:12: Thread 0: Calculating MLL1 (2001) ...  
INFO  @ Mon, 22 May 2023 13:00:19: Thread 0: Calculating RNF146 (3001) ...  
INFO  @ Mon, 22 May 2023 13:00:22: Thread 0 completed. 
INFO  @ Mon, 22 May 2023 13:00:22: All threads completed. 
INFO  @ Mon, 22 May 2023 13:00:23: Permuting round 1 ... 
INFO  @ Mon, 22 May 2023 13:00:23: Thread 0 started. 
INFO  @ Mon, 22 May 2023 13:00:23: Thread 0: total 3516 instances. 
INFO  @ Mon, 22 May 2023 13:00:23: Thread 0: Calculating AATK (1) ...  
INFO  @ Mon, 22 May 2023 13:00:30: Thread 0: Calculating NFXL1 (1001) ...  
INFO  @ Mon, 22 May 2023 13:00:37: Thread 0: Calculating MLL1 (2001) ...  
INFO  @ Mon, 22 May 2023 13:00:44: Thread 0: Calculating RNF146 (3001) ...  
INFO  @ Mon, 22 May 2023 13:00:48: Thread 0 completed. 
INFO  @ Mon, 22 May 2023 13:00:48: All threads completed. 
INFO  @ Mon, 22 May 2023 13:00:49: Assigning p values... 
INFO  @ Mon, 22 May 2023 13:00:49: Permuting groups of gene with 18 sgRNAs per gene. Group progress: 18/41 
INFO  @ Mon, 22 May 2023 13:00:49: Start permuting 2 rounds ... 
INFO  @ Mon, 22 May 2023 13:00:49: Collecting 26156 sgRNAs from 3516 genes. 
INFO  @ Mon, 22 May 2023 13:00:49: Permuting round 0 ... 
INFO  @ Mon, 22 May 2023 13:00:49: Thread 0 started. 
INFO  @ Mon, 22 May 2023 13:00:49: Thread 0: total 3516 instances. 
INFO  @ Mon, 22 May 2023 13:00:49: Thread 0: Calculating AATK (1) ...  
INFO  @ Mon, 22 May 2023 13:00:56: Thread 0: Calculating NFXL1 (1001) ...  
INFO  @ Mon, 22 May 2023 13:01:04: Thread 0: Calculating MLL1 (2001) ...  
INFO  @ Mon, 22 May 2023 13:01:11: Thread 0: Calculating RNF146 (3001) ...  
INFO  @ Mon, 22 May 2023 13:01:14: Thread 0 completed. 
INFO  @ Mon, 22 May 2023 13:01:14: All threads completed. 
INFO  @ Mon, 22 May 2023 13:01:15: Permuting round 1 ... 
INFO  @ Mon, 22 May 2023 13:01:15: Thread 0 started. 
INFO  @ Mon, 22 May 2023 13:01:15: Thread 0: total 3516 instances. 
INFO  @ Mon, 22 May 2023 13:01:15: Thread 0: Calculating AATK (1) ...  
INFO  @ Mon, 22 May 2023 13:01:22: Thread 0: Calculating NFXL1 (1001) ...  
INFO  @ Mon, 22 May 2023 13:01:29: Thread 0: Calculating MLL1 (2001) ...  
INFO  @ Mon, 22 May 2023 13:01:36: Thread 0: Calculating RNF146 (3001) ...  
INFO  @ Mon, 22 May 2023 13:01:40: Thread 0 completed. 
INFO  @ Mon, 22 May 2023 13:01:40: All threads completed. 
INFO  @ Mon, 22 May 2023 13:01:41: Assigning p values... 
INFO  @ Mon, 22 May 2023 13:01:41: Permuting groups of gene with 19 sgRNAs per gene. Group progress: 19/41 
INFO  @ Mon, 22 May 2023 13:01:41: Start permuting 2 rounds ... 
INFO  @ Mon, 22 May 2023 13:01:41: Collecting 26156 sgRNAs from 3516 genes. 
INFO  @ Mon, 22 May 2023 13:01:41: Permuting round 0 ... 
INFO  @ Mon, 22 May 2023 13:01:41: Thread 0 started. 
INFO  @ Mon, 22 May 2023 13:01:41: Thread 0: total 3516 instances. 
INFO  @ Mon, 22 May 2023 13:01:41: Thread 0: Calculating AATK (1) ...  
INFO  @ Mon, 22 May 2023 13:01:49: Thread 0: Calculating NFXL1 (1001) ...  
INFO  @ Mon, 22 May 2023 13:01:56: Thread 0: Calculating MLL1 (2001) ...  
INFO  @ Mon, 22 May 2023 13:02:03: Thread 0: Calculating RNF146 (3001) ...  
INFO  @ Mon, 22 May 2023 13:02:06: Thread 0 completed. 
INFO  @ Mon, 22 May 2023 13:02:06: All threads completed. 
INFO  @ Mon, 22 May 2023 13:02:07: Permuting round 1 ... 
INFO  @ Mon, 22 May 2023 13:02:07: Thread 0 started. 
INFO  @ Mon, 22 May 2023 13:02:07: Thread 0: total 3516 instances. 
INFO  @ Mon, 22 May 2023 13:02:07: Thread 0: Calculating AATK (1) ...  
INFO  @ Mon, 22 May 2023 13:02:14: Thread 0: Calculating NFXL1 (1001) ...  
INFO  @ Mon, 22 May 2023 13:02:21: Thread 0: Calculating MLL1 (2001) ...  
INFO  @ Mon, 22 May 2023 13:02:29: Thread 0: Calculating RNF146 (3001) ...  
INFO  @ Mon, 22 May 2023 13:02:32: Thread 0 completed. 
INFO  @ Mon, 22 May 2023 13:02:32: All threads completed. 
INFO  @ Mon, 22 May 2023 13:02:33: Assigning p values... 
INFO  @ Mon, 22 May 2023 13:02:33: Permuting groups of gene with 20 sgRNAs per gene. Group progress: 20/41 
INFO  @ Mon, 22 May 2023 13:02:33: Start permuting 2 rounds ... 
INFO  @ Mon, 22 May 2023 13:02:33: Collecting 26156 sgRNAs from 3516 genes. 
INFO  @ Mon, 22 May 2023 13:02:33: Permuting round 0 ... 
INFO  @ Mon, 22 May 2023 13:02:34: Thread 0 started. 
INFO  @ Mon, 22 May 2023 13:02:34: Thread 0: total 3516 instances. 
INFO  @ Mon, 22 May 2023 13:02:34: Thread 0: Calculating AATK (1) ...  
INFO  @ Mon, 22 May 2023 13:02:41: Thread 0: Calculating NFXL1 (1001) ...  
INFO  @ Mon, 22 May 2023 13:02:48: Thread 0: Calculating MLL1 (2001) ...  
INFO  @ Mon, 22 May 2023 13:02:55: Thread 0: Calculating RNF146 (3001) ...  
INFO  @ Mon, 22 May 2023 13:02:59: Thread 0 completed. 
INFO  @ Mon, 22 May 2023 13:02:59: All threads completed. 
INFO  @ Mon, 22 May 2023 13:03:00: Permuting round 1 ... 
INFO  @ Mon, 22 May 2023 13:03:00: Thread 0 started. 
INFO  @ Mon, 22 May 2023 13:03:00: Thread 0: total 3516 instances. 
INFO  @ Mon, 22 May 2023 13:03:00: Thread 0: Calculating AATK (1) ...  
INFO  @ Mon, 22 May 2023 13:03:07: Thread 0: Calculating NFXL1 (1001) ...  
INFO  @ Mon, 22 May 2023 13:03:14: Thread 0: Calculating MLL1 (2001) ...  
INFO  @ Mon, 22 May 2023 13:03:21: Thread 0: Calculating RNF146 (3001) ...  
INFO  @ Mon, 22 May 2023 13:03:25: Thread 0 completed. 
INFO  @ Mon, 22 May 2023 13:03:25: All threads completed. 
INFO  @ Mon, 22 May 2023 13:03:26: Assigning p values... 
INFO  @ Mon, 22 May 2023 13:03:26: Permuting groups of gene with 21 sgRNAs per gene. Group progress: 21/41 
INFO  @ Mon, 22 May 2023 13:03:26: Start permuting 2 rounds ... 
INFO  @ Mon, 22 May 2023 13:03:26: Collecting 26156 sgRNAs from 3516 genes. 
INFO  @ Mon, 22 May 2023 13:03:26: Permuting round 0 ... 
INFO  @ Mon, 22 May 2023 13:03:26: Thread 0 started. 
INFO  @ Mon, 22 May 2023 13:03:26: Thread 0: total 3516 instances. 
INFO  @ Mon, 22 May 2023 13:03:26: Thread 0: Calculating AATK (1) ...  
INFO  @ Mon, 22 May 2023 13:03:34: Thread 0: Calculating NFXL1 (1001) ...  
INFO  @ Mon, 22 May 2023 13:03:41: Thread 0: Calculating MLL1 (2001) ...  
INFO  @ Mon, 22 May 2023 13:03:48: Thread 0: Calculating RNF146 (3001) ...  
INFO  @ Mon, 22 May 2023 13:03:52: Thread 0 completed. 
INFO  @ Mon, 22 May 2023 13:03:52: All threads completed. 
INFO  @ Mon, 22 May 2023 13:03:53: Permuting round 1 ... 
INFO  @ Mon, 22 May 2023 13:03:53: Thread 0 started. 
INFO  @ Mon, 22 May 2023 13:03:53: Thread 0: total 3516 instances. 
INFO  @ Mon, 22 May 2023 13:03:53: Thread 0: Calculating AATK (1) ...  
INFO  @ Mon, 22 May 2023 13:04:00: Thread 0: Calculating NFXL1 (1001) ...  
INFO  @ Mon, 22 May 2023 13:04:07: Thread 0: Calculating MLL1 (2001) ...  
INFO  @ Mon, 22 May 2023 13:04:15: Thread 0: Calculating RNF146 (3001) ...  
INFO  @ Mon, 22 May 2023 13:04:19: Thread 0 completed. 
INFO  @ Mon, 22 May 2023 13:04:19: All threads completed. 
INFO  @ Mon, 22 May 2023 13:04:19: Assigning p values... 
INFO  @ Mon, 22 May 2023 13:04:19: Permuting groups of gene with 22 sgRNAs per gene. Group progress: 22/41 
INFO  @ Mon, 22 May 2023 13:04:19: Start permuting 2 rounds ... 
INFO  @ Mon, 22 May 2023 13:04:20: Collecting 26156 sgRNAs from 3516 genes. 
INFO  @ Mon, 22 May 2023 13:04:20: Permuting round 0 ... 
INFO  @ Mon, 22 May 2023 13:04:20: Thread 0 started. 
INFO  @ Mon, 22 May 2023 13:04:20: Thread 0: total 3516 instances. 
INFO  @ Mon, 22 May 2023 13:04:20: Thread 0: Calculating AATK (1) ...  
INFO  @ Mon, 22 May 2023 13:04:28: Thread 0: Calculating NFXL1 (1001) ...  
INFO  @ Mon, 22 May 2023 13:04:36: Thread 0: Calculating MLL1 (2001) ...  
INFO  @ Mon, 22 May 2023 13:04:43: Thread 0: Calculating RNF146 (3001) ...  
INFO  @ Mon, 22 May 2023 13:04:47: Thread 0 completed. 
INFO  @ Mon, 22 May 2023 13:04:47: All threads completed. 
INFO  @ Mon, 22 May 2023 13:04:48: Permuting round 1 ... 
INFO  @ Mon, 22 May 2023 13:04:48: Thread 0 started. 
INFO  @ Mon, 22 May 2023 13:04:48: Thread 0: total 3516 instances. 
INFO  @ Mon, 22 May 2023 13:04:48: Thread 0: Calculating AATK (1) ...  
INFO  @ Mon, 22 May 2023 13:04:57: Thread 0: Calculating NFXL1 (1001) ...  
INFO  @ Mon, 22 May 2023 13:05:05: Thread 0: Calculating MLL1 (2001) ...  
INFO  @ Mon, 22 May 2023 13:05:13: Thread 0: Calculating RNF146 (3001) ...  
INFO  @ Mon, 22 May 2023 13:05:17: Thread 0 completed. 
INFO  @ Mon, 22 May 2023 13:05:17: All threads completed. 
INFO  @ Mon, 22 May 2023 13:05:18: Assigning p values... 
INFO  @ Mon, 22 May 2023 13:05:18: Permuting groups of gene with 23 sgRNAs per gene. Group progress: 23/41 
INFO  @ Mon, 22 May 2023 13:05:18: Start permuting 2 rounds ... 
INFO  @ Mon, 22 May 2023 13:05:18: Collecting 26156 sgRNAs from 3516 genes. 
INFO  @ Mon, 22 May 2023 13:05:19: Permuting round 0 ... 
INFO  @ Mon, 22 May 2023 13:05:19: Thread 0 started. 
INFO  @ Mon, 22 May 2023 13:05:19: Thread 0: total 3516 instances. 
INFO  @ Mon, 22 May 2023 13:05:19: Thread 0: Calculating AATK (1) ...  
INFO  @ Mon, 22 May 2023 13:05:27: Thread 0: Calculating NFXL1 (1001) ...  
INFO  @ Mon, 22 May 2023 13:05:34: Thread 0: Calculating MLL1 (2001) ...  
INFO  @ Mon, 22 May 2023 13:05:42: Thread 0: Calculating RNF146 (3001) ...  
INFO  @ Mon, 22 May 2023 13:05:46: Thread 0 completed. 
INFO  @ Mon, 22 May 2023 13:05:46: All threads completed. 
INFO  @ Mon, 22 May 2023 13:05:47: Permuting round 1 ... 
INFO  @ Mon, 22 May 2023 13:05:47: Thread 0 started. 
INFO  @ Mon, 22 May 2023 13:05:47: Thread 0: total 3516 instances. 
INFO  @ Mon, 22 May 2023 13:05:47: Thread 0: Calculating AATK (1) ...  
INFO  @ Mon, 22 May 2023 13:05:55: Thread 0: Calculating NFXL1 (1001) ...  
INFO  @ Mon, 22 May 2023 13:06:02: Thread 0: Calculating MLL1 (2001) ...  
INFO  @ Mon, 22 May 2023 13:06:10: Thread 0: Calculating RNF146 (3001) ...  
INFO  @ Mon, 22 May 2023 13:06:14: Thread 0 completed. 
INFO  @ Mon, 22 May 2023 13:06:14: All threads completed. 
INFO  @ Mon, 22 May 2023 13:06:15: Assigning p values... 
INFO  @ Mon, 22 May 2023 13:06:15: Permuting groups of gene with 24 sgRNAs per gene. Group progress: 24/41 
INFO  @ Mon, 22 May 2023 13:06:15: Start permuting 2 rounds ... 
INFO  @ Mon, 22 May 2023 13:06:15: Collecting 26156 sgRNAs from 3516 genes. 
INFO  @ Mon, 22 May 2023 13:06:16: Permuting round 0 ... 
INFO  @ Mon, 22 May 2023 13:06:16: Thread 0 started. 
INFO  @ Mon, 22 May 2023 13:06:16: Thread 0: total 3516 instances. 
INFO  @ Mon, 22 May 2023 13:06:16: Thread 0: Calculating AATK (1) ...  
INFO  @ Mon, 22 May 2023 13:06:24: Thread 0: Calculating NFXL1 (1001) ...  
INFO  @ Mon, 22 May 2023 13:06:31: Thread 0: Calculating MLL1 (2001) ...  
INFO  @ Mon, 22 May 2023 13:06:39: Thread 0: Calculating RNF146 (3001) ...  
INFO  @ Mon, 22 May 2023 13:06:43: Thread 0 completed. 
INFO  @ Mon, 22 May 2023 13:06:43: All threads completed. 
INFO  @ Mon, 22 May 2023 13:06:44: Permuting round 1 ... 
INFO  @ Mon, 22 May 2023 13:06:44: Thread 0 started. 
INFO  @ Mon, 22 May 2023 13:06:44: Thread 0: total 3516 instances. 
INFO  @ Mon, 22 May 2023 13:06:44: Thread 0: Calculating AATK (1) ...  
INFO  @ Mon, 22 May 2023 13:06:52: Thread 0: Calculating NFXL1 (1001) ...  
INFO  @ Mon, 22 May 2023 13:07:00: Thread 0: Calculating MLL1 (2001) ...  
INFO  @ Mon, 22 May 2023 13:07:08: Thread 0: Calculating RNF146 (3001) ...  
INFO  @ Mon, 22 May 2023 13:07:12: Thread 0 completed. 
INFO  @ Mon, 22 May 2023 13:07:12: All threads completed. 
INFO  @ Mon, 22 May 2023 13:07:13: Assigning p values... 
INFO  @ Mon, 22 May 2023 13:07:13: Permuting groups of gene with 25 sgRNAs per gene. Group progress: 25/41 
INFO  @ Mon, 22 May 2023 13:07:13: Start permuting 2 rounds ... 
INFO  @ Mon, 22 May 2023 13:07:13: Collecting 26156 sgRNAs from 3516 genes. 
INFO  @ Mon, 22 May 2023 13:07:14: Permuting round 0 ... 
INFO  @ Mon, 22 May 2023 13:07:14: Thread 0 started. 
INFO  @ Mon, 22 May 2023 13:07:14: Thread 0: total 3516 instances. 
INFO  @ Mon, 22 May 2023 13:07:14: Thread 0: Calculating AATK (1) ...  
INFO  @ Mon, 22 May 2023 13:07:22: Thread 0: Calculating NFXL1 (1001) ...  
INFO  @ Mon, 22 May 2023 13:07:30: Thread 0: Calculating MLL1 (2001) ...  
INFO  @ Mon, 22 May 2023 13:07:38: Thread 0: Calculating RNF146 (3001) ...  
INFO  @ Mon, 22 May 2023 13:07:42: Thread 0 completed. 
INFO  @ Mon, 22 May 2023 13:07:42: All threads completed. 
INFO  @ Mon, 22 May 2023 13:07:43: Permuting round 1 ... 
INFO  @ Mon, 22 May 2023 13:07:43: Thread 0 started. 
INFO  @ Mon, 22 May 2023 13:07:43: Thread 0: total 3516 instances. 
INFO  @ Mon, 22 May 2023 13:07:43: Thread 0: Calculating AATK (1) ...  
INFO  @ Mon, 22 May 2023 13:07:51: Thread 0: Calculating NFXL1 (1001) ...  
INFO  @ Mon, 22 May 2023 13:07:59: Thread 0: Calculating MLL1 (2001) ...  
INFO  @ Mon, 22 May 2023 13:08:07: Thread 0: Calculating RNF146 (3001) ...  
INFO  @ Mon, 22 May 2023 13:08:12: Thread 0 completed. 
INFO  @ Mon, 22 May 2023 13:08:12: All threads completed. 
INFO  @ Mon, 22 May 2023 13:08:13: Assigning p values... 
INFO  @ Mon, 22 May 2023 13:08:13: Permuting groups of gene with 27 sgRNAs per gene. Group progress: 26/41 
INFO  @ Mon, 22 May 2023 13:08:13: Start permuting 2 rounds ... 
INFO  @ Mon, 22 May 2023 13:08:13: Collecting 26156 sgRNAs from 3516 genes. 
INFO  @ Mon, 22 May 2023 13:08:13: Permuting round 0 ... 
INFO  @ Mon, 22 May 2023 13:08:13: Thread 0 started. 
INFO  @ Mon, 22 May 2023 13:08:13: Thread 0: total 3516 instances. 
INFO  @ Mon, 22 May 2023 13:08:13: Thread 0: Calculating AATK (1) ...  
INFO  @ Mon, 22 May 2023 13:08:21: Thread 0: Calculating NFXL1 (1001) ...  
INFO  @ Mon, 22 May 2023 13:08:29: Thread 0: Calculating MLL1 (2001) ...  
INFO  @ Mon, 22 May 2023 13:08:38: Thread 0: Calculating RNF146 (3001) ...  
INFO  @ Mon, 22 May 2023 13:08:42: Thread 0 completed. 
INFO  @ Mon, 22 May 2023 13:08:42: All threads completed. 
INFO  @ Mon, 22 May 2023 13:08:43: Permuting round 1 ... 
INFO  @ Mon, 22 May 2023 13:08:43: Thread 0 started. 
INFO  @ Mon, 22 May 2023 13:08:43: Thread 0: total 3516 instances. 
INFO  @ Mon, 22 May 2023 13:08:43: Thread 0: Calculating AATK (1) ...  
INFO  @ Mon, 22 May 2023 13:08:52: Thread 0: Calculating NFXL1 (1001) ...  
INFO  @ Mon, 22 May 2023 13:09:00: Thread 0: Calculating MLL1 (2001) ...  
INFO  @ Mon, 22 May 2023 13:09:08: Thread 0: Calculating RNF146 (3001) ...  
INFO  @ Mon, 22 May 2023 13:09:13: Thread 0 completed. 
INFO  @ Mon, 22 May 2023 13:09:13: All threads completed. 
INFO  @ Mon, 22 May 2023 13:09:14: Assigning p values... 
INFO  @ Mon, 22 May 2023 13:09:14: Permuting groups of gene with 28 sgRNAs per gene. Group progress: 27/41 
INFO  @ Mon, 22 May 2023 13:09:14: Start permuting 2 rounds ... 
INFO  @ Mon, 22 May 2023 13:09:14: Collecting 26156 sgRNAs from 3516 genes. 
INFO  @ Mon, 22 May 2023 13:09:14: Permuting round 0 ... 
INFO  @ Mon, 22 May 2023 13:09:14: Thread 0 started. 
INFO  @ Mon, 22 May 2023 13:09:14: Thread 0: total 3516 instances. 
INFO  @ Mon, 22 May 2023 13:09:14: Thread 0: Calculating AATK (1) ...  
INFO  @ Mon, 22 May 2023 13:09:23: Thread 0: Calculating NFXL1 (1001) ...  
INFO  @ Mon, 22 May 2023 13:09:31: Thread 0: Calculating MLL1 (2001) ...  
INFO  @ Mon, 22 May 2023 13:09:40: Thread 0: Calculating RNF146 (3001) ...  
INFO  @ Mon, 22 May 2023 13:09:44: Thread 0 completed. 
INFO  @ Mon, 22 May 2023 13:09:44: All threads completed. 
INFO  @ Mon, 22 May 2023 13:09:45: Permuting round 1 ... 
INFO  @ Mon, 22 May 2023 13:09:45: Thread 0 started. 
INFO  @ Mon, 22 May 2023 13:09:45: Thread 0: total 3516 instances. 
INFO  @ Mon, 22 May 2023 13:09:45: Thread 0: Calculating AATK (1) ...  
INFO  @ Mon, 22 May 2023 13:09:53: Thread 0: Calculating NFXL1 (1001) ...  
INFO  @ Mon, 22 May 2023 13:10:02: Thread 0: Calculating MLL1 (2001) ...  
INFO  @ Mon, 22 May 2023 13:10:10: Thread 0: Calculating RNF146 (3001) ...  
INFO  @ Mon, 22 May 2023 13:10:15: Thread 0 completed. 
INFO  @ Mon, 22 May 2023 13:10:15: All threads completed. 
INFO  @ Mon, 22 May 2023 13:10:16: Assigning p values... 
INFO  @ Mon, 22 May 2023 13:10:16: Permuting groups of gene with 29 sgRNAs per gene. Group progress: 28/41 
INFO  @ Mon, 22 May 2023 13:10:16: Start permuting 2 rounds ... 
INFO  @ Mon, 22 May 2023 13:10:16: Collecting 26156 sgRNAs from 3516 genes. 
INFO  @ Mon, 22 May 2023 13:10:16: Permuting round 0 ... 
INFO  @ Mon, 22 May 2023 13:10:16: Thread 0 started. 
INFO  @ Mon, 22 May 2023 13:10:16: Thread 0: total 3516 instances. 
INFO  @ Mon, 22 May 2023 13:10:16: Thread 0: Calculating AATK (1) ...  
INFO  @ Mon, 22 May 2023 13:10:25: Thread 0: Calculating NFXL1 (1001) ...  
INFO  @ Mon, 22 May 2023 13:10:34: Thread 0: Calculating MLL1 (2001) ...  
INFO  @ Mon, 22 May 2023 13:10:43: Thread 0: Calculating RNF146 (3001) ...  
INFO  @ Mon, 22 May 2023 13:10:48: Thread 0 completed. 
INFO  @ Mon, 22 May 2023 13:10:48: All threads completed. 
INFO  @ Mon, 22 May 2023 13:10:49: Permuting round 1 ... 
INFO  @ Mon, 22 May 2023 13:10:49: Thread 0 started. 
INFO  @ Mon, 22 May 2023 13:10:49: Thread 0: total 3516 instances. 
INFO  @ Mon, 22 May 2023 13:10:49: Thread 0: Calculating AATK (1) ...  
INFO  @ Mon, 22 May 2023 13:10:58: Thread 0: Calculating NFXL1 (1001) ...  
INFO  @ Mon, 22 May 2023 13:11:08: Thread 0: Calculating MLL1 (2001) ...  
INFO  @ Mon, 22 May 2023 13:11:17: Thread 0: Calculating RNF146 (3001) ...  
INFO  @ Mon, 22 May 2023 13:11:22: Thread 0 completed. 
INFO  @ Mon, 22 May 2023 13:11:22: All threads completed. 
INFO  @ Mon, 22 May 2023 13:11:23: Assigning p values... 
INFO  @ Mon, 22 May 2023 13:11:23: Permuting groups of gene with 30 sgRNAs per gene. Group progress: 29/41 
INFO  @ Mon, 22 May 2023 13:11:23: Start permuting 2 rounds ... 
INFO  @ Mon, 22 May 2023 13:11:23: Collecting 26156 sgRNAs from 3516 genes. 
INFO  @ Mon, 22 May 2023 13:11:24: Permuting round 0 ... 
INFO  @ Mon, 22 May 2023 13:11:24: Thread 0 started. 
INFO  @ Mon, 22 May 2023 13:11:24: Thread 0: total 3516 instances. 
INFO  @ Mon, 22 May 2023 13:11:24: Thread 0: Calculating AATK (1) ...  
INFO  @ Mon, 22 May 2023 13:11:33: Thread 0: Calculating NFXL1 (1001) ...  
INFO  @ Mon, 22 May 2023 13:11:42: Thread 0: Calculating MLL1 (2001) ...  
INFO  @ Mon, 22 May 2023 13:11:51: Thread 0: Calculating RNF146 (3001) ...  
INFO  @ Mon, 22 May 2023 13:11:56: Thread 0 completed. 
INFO  @ Mon, 22 May 2023 13:11:56: All threads completed. 
INFO  @ Mon, 22 May 2023 13:11:57: Permuting round 1 ... 
INFO  @ Mon, 22 May 2023 13:11:57: Thread 0 started. 
INFO  @ Mon, 22 May 2023 13:11:57: Thread 0: total 3516 instances. 
INFO  @ Mon, 22 May 2023 13:11:57: Thread 0: Calculating AATK (1) ...  
INFO  @ Mon, 22 May 2023 13:12:06: Thread 0: Calculating NFXL1 (1001) ...  
INFO  @ Mon, 22 May 2023 13:12:16: Thread 0: Calculating MLL1 (2001) ...  
INFO  @ Mon, 22 May 2023 13:12:25: Thread 0: Calculating RNF146 (3001) ...  
INFO  @ Mon, 22 May 2023 13:12:30: Thread 0 completed. 
INFO  @ Mon, 22 May 2023 13:12:30: All threads completed. 
INFO  @ Mon, 22 May 2023 13:12:31: Assigning p values... 
INFO  @ Mon, 22 May 2023 13:12:31: Permuting groups of gene with 31 sgRNAs per gene. Group progress: 30/41 
INFO  @ Mon, 22 May 2023 13:12:31: Start permuting 2 rounds ... 
INFO  @ Mon, 22 May 2023 13:12:31: Collecting 26156 sgRNAs from 3516 genes. 
INFO  @ Mon, 22 May 2023 13:12:31: Permuting round 0 ... 
INFO  @ Mon, 22 May 2023 13:12:31: Thread 0 started. 
INFO  @ Mon, 22 May 2023 13:12:31: Thread 0: total 3516 instances. 
INFO  @ Mon, 22 May 2023 13:12:31: Thread 0: Calculating AATK (1) ...  
INFO  @ Mon, 22 May 2023 13:12:53: Thread 0: Calculating NFXL1 (1001) ...  
INFO  @ Mon, 22 May 2023 13:13:13: Thread 0: Calculating MLL1 (2001) ...  
INFO  @ Mon, 22 May 2023 13:13:31: Thread 0: Calculating RNF146 (3001) ...  
INFO  @ Mon, 22 May 2023 13:13:41: Thread 0 completed. 
INFO  @ Mon, 22 May 2023 13:13:41: All threads completed. 
INFO  @ Mon, 22 May 2023 13:13:42: Permuting round 1 ... 
INFO  @ Mon, 22 May 2023 13:13:42: Thread 0 started. 
INFO  @ Mon, 22 May 2023 13:13:42: Thread 0: total 3516 instances. 
INFO  @ Mon, 22 May 2023 13:13:42: Thread 0: Calculating AATK (1) ...  
INFO  @ Mon, 22 May 2023 13:14:00: Thread 0: Calculating NFXL1 (1001) ...  
INFO  @ Mon, 22 May 2023 13:14:18: Thread 0: Calculating MLL1 (2001) ...  
INFO  @ Mon, 22 May 2023 13:14:36: Thread 0: Calculating RNF146 (3001) ...  
INFO  @ Mon, 22 May 2023 13:14:45: Thread 0 completed. 
INFO  @ Mon, 22 May 2023 13:14:45: All threads completed. 
INFO  @ Mon, 22 May 2023 13:14:46: Assigning p values... 
INFO  @ Mon, 22 May 2023 13:14:46: Permuting groups of gene with 32 sgRNAs per gene. Group progress: 31/41 
INFO  @ Mon, 22 May 2023 13:14:46: Start permuting 2 rounds ... 
INFO  @ Mon, 22 May 2023 13:14:46: Collecting 26156 sgRNAs from 3516 genes. 
INFO  @ Mon, 22 May 2023 13:14:46: Permuting round 0 ... 
INFO  @ Mon, 22 May 2023 13:14:46: Thread 0 started. 
INFO  @ Mon, 22 May 2023 13:14:46: Thread 0: total 3516 instances. 
INFO  @ Mon, 22 May 2023 13:14:46: Thread 0: Calculating AATK (1) ...  
INFO  @ Mon, 22 May 2023 13:15:05: Thread 0: Calculating NFXL1 (1001) ...  
INFO  @ Mon, 22 May 2023 13:15:23: Thread 0: Calculating MLL1 (2001) ...  
INFO  @ Mon, 22 May 2023 13:15:42: Thread 0: Calculating RNF146 (3001) ...  
INFO  @ Mon, 22 May 2023 13:15:51: Thread 0 completed. 
INFO  @ Mon, 22 May 2023 13:15:51: All threads completed. 
INFO  @ Mon, 22 May 2023 13:15:52: Permuting round 1 ... 
INFO  @ Mon, 22 May 2023 13:15:52: Thread 0 started. 
INFO  @ Mon, 22 May 2023 13:15:52: Thread 0: total 3516 instances. 
INFO  @ Mon, 22 May 2023 13:15:52: Thread 0: Calculating AATK (1) ...  
INFO  @ Mon, 22 May 2023 13:16:10: Thread 0: Calculating NFXL1 (1001) ...  
INFO  @ Mon, 22 May 2023 13:16:28: Thread 0: Calculating MLL1 (2001) ...  
INFO  @ Mon, 22 May 2023 13:16:46: Thread 0: Calculating RNF146 (3001) ...  
INFO  @ Mon, 22 May 2023 13:16:55: Thread 0 completed. 
INFO  @ Mon, 22 May 2023 13:16:55: All threads completed. 
INFO  @ Mon, 22 May 2023 13:16:56: Assigning p values... 
INFO  @ Mon, 22 May 2023 13:16:56: Permuting groups of gene with 33 sgRNAs per gene. Group progress: 32/41 
INFO  @ Mon, 22 May 2023 13:16:56: Start permuting 2 rounds ... 
INFO  @ Mon, 22 May 2023 13:16:56: Collecting 26156 sgRNAs from 3516 genes. 
INFO  @ Mon, 22 May 2023 13:16:57: Permuting round 0 ... 
INFO  @ Mon, 22 May 2023 13:16:57: Thread 0 started. 
INFO  @ Mon, 22 May 2023 13:16:57: Thread 0: total 3516 instances. 
INFO  @ Mon, 22 May 2023 13:16:57: Thread 0: Calculating AATK (1) ...  
INFO  @ Mon, 22 May 2023 13:17:17: Thread 0: Calculating NFXL1 (1001) ...  
INFO  @ Mon, 22 May 2023 13:17:35: Thread 0: Calculating MLL1 (2001) ...  
INFO  @ Mon, 22 May 2023 13:17:55: Thread 0: Calculating RNF146 (3001) ...  
INFO  @ Mon, 22 May 2023 13:18:05: Thread 0 completed. 
INFO  @ Mon, 22 May 2023 13:18:05: All threads completed. 
INFO  @ Mon, 22 May 2023 13:18:06: Permuting round 1 ... 
INFO  @ Mon, 22 May 2023 13:18:06: Thread 0 started. 
INFO  @ Mon, 22 May 2023 13:18:06: Thread 0: total 3516 instances. 
INFO  @ Mon, 22 May 2023 13:18:06: Thread 0: Calculating AATK (1) ...  
INFO  @ Mon, 22 May 2023 13:18:26: Thread 0: Calculating NFXL1 (1001) ...  
INFO  @ Mon, 22 May 2023 13:18:44: Thread 0: Calculating MLL1 (2001) ...  
INFO  @ Mon, 22 May 2023 13:19:02: Thread 0: Calculating RNF146 (3001) ...  
INFO  @ Mon, 22 May 2023 13:19:12: Thread 0 completed. 
INFO  @ Mon, 22 May 2023 13:19:12: All threads completed. 
INFO  @ Mon, 22 May 2023 13:19:13: Assigning p values... 
INFO  @ Mon, 22 May 2023 13:19:13: Permuting groups of gene with 34 sgRNAs per gene. Group progress: 33/41 
INFO  @ Mon, 22 May 2023 13:19:13: Start permuting 2 rounds ... 
INFO  @ Mon, 22 May 2023 13:19:13: Collecting 26156 sgRNAs from 3516 genes. 
INFO  @ Mon, 22 May 2023 13:19:13: Permuting round 0 ... 
INFO  @ Mon, 22 May 2023 13:19:13: Thread 0 started. 
INFO  @ Mon, 22 May 2023 13:19:13: Thread 0: total 3516 instances. 
INFO  @ Mon, 22 May 2023 13:19:13: Thread 0: Calculating AATK (1) ...  
INFO  @ Mon, 22 May 2023 13:19:36: Thread 0: Calculating NFXL1 (1001) ...  
INFO  @ Mon, 22 May 2023 13:19:58: Thread 0: Calculating MLL1 (2001) ...  
INFO  @ Mon, 22 May 2023 13:20:17: Thread 0: Calculating RNF146 (3001) ...  
INFO  @ Mon, 22 May 2023 13:20:28: Thread 0 completed. 
INFO  @ Mon, 22 May 2023 13:20:28: All threads completed. 
INFO  @ Mon, 22 May 2023 13:20:29: Permuting round 1 ... 
INFO  @ Mon, 22 May 2023 13:20:29: Thread 0 started. 
INFO  @ Mon, 22 May 2023 13:20:29: Thread 0: total 3516 instances. 
INFO  @ Mon, 22 May 2023 13:20:29: Thread 0: Calculating AATK (1) ...  
INFO  @ Mon, 22 May 2023 13:20:52: Thread 0: Calculating NFXL1 (1001) ...  
INFO  @ Mon, 22 May 2023 13:21:13: Thread 0: Calculating MLL1 (2001) ...  
INFO  @ Mon, 22 May 2023 13:21:35: Thread 0: Calculating RNF146 (3001) ...  
INFO  @ Mon, 22 May 2023 13:21:47: Thread 0 completed. 
INFO  @ Mon, 22 May 2023 13:21:47: All threads completed. 
INFO  @ Mon, 22 May 2023 13:21:48: Assigning p values... 
INFO  @ Mon, 22 May 2023 13:21:48: Permuting groups of gene with 37 sgRNAs per gene. Group progress: 34/41 
INFO  @ Mon, 22 May 2023 13:21:48: Start permuting 2 rounds ... 
INFO  @ Mon, 22 May 2023 13:21:48: Collecting 26156 sgRNAs from 3516 genes. 
INFO  @ Mon, 22 May 2023 13:21:48: Permuting round 0 ... 
INFO  @ Mon, 22 May 2023 13:21:48: Thread 0 started. 
INFO  @ Mon, 22 May 2023 13:21:48: Thread 0: total 3516 instances. 
INFO  @ Mon, 22 May 2023 13:21:49: Thread 0: Calculating AATK (1) ...  
INFO  @ Mon, 22 May 2023 13:22:10: Thread 0: Calculating NFXL1 (1001) ...  
INFO  @ Mon, 22 May 2023 13:22:31: Thread 0: Calculating MLL1 (2001) ...  
INFO  @ Mon, 22 May 2023 13:22:56: Thread 0: Calculating RNF146 (3001) ...  
INFO  @ Mon, 22 May 2023 13:23:07: Thread 0 completed. 
INFO  @ Mon, 22 May 2023 13:23:07: All threads completed. 
INFO  @ Mon, 22 May 2023 13:23:08: Permuting round 1 ... 
INFO  @ Mon, 22 May 2023 13:23:08: Thread 0 started. 
INFO  @ Mon, 22 May 2023 13:23:08: Thread 0: total 3516 instances. 
INFO  @ Mon, 22 May 2023 13:23:08: Thread 0: Calculating AATK (1) ...  
INFO  @ Mon, 22 May 2023 13:23:31: Thread 0: Calculating NFXL1 (1001) ...  
INFO  @ Mon, 22 May 2023 13:23:53: Thread 0: Calculating MLL1 (2001) ...  
INFO  @ Mon, 22 May 2023 13:24:15: Thread 0: Calculating RNF146 (3001) ...  
INFO  @ Mon, 22 May 2023 13:24:27: Thread 0 completed. 
INFO  @ Mon, 22 May 2023 13:24:27: All threads completed. 
INFO  @ Mon, 22 May 2023 13:24:28: Assigning p values... 
INFO  @ Mon, 22 May 2023 13:24:28: Groups of gene with 42 sgRNAs per gene: assigning p values based on previous group results. Group progress: 35/41 
INFO  @ Mon, 22 May 2023 13:24:28: Groups of gene with 46 sgRNAs per gene: assigning p values based on previous group results. Group progress: 36/41 
INFO  @ Mon, 22 May 2023 13:24:28: Groups of gene with 47 sgRNAs per gene: assigning p values based on previous group results. Group progress: 37/41 
INFO  @ Mon, 22 May 2023 13:24:28: Groups of gene with 48 sgRNAs per gene: assigning p values based on previous group results. Group progress: 38/41 
INFO  @ Mon, 22 May 2023 13:24:28: Groups of gene with 49 sgRNAs per gene: assigning p values based on previous group results. Group progress: 39/41 
INFO  @ Mon, 22 May 2023 13:24:28: Groups of gene with 56 sgRNAs per gene: assigning p values based on previous group results. Group progress: 40/41 
INFO  @ Mon, 22 May 2023 13:24:28: Groups of gene with 67 sgRNAs per gene: assigning p values based on previous group results. Group progress: 41/41 
INFO  @ Mon, 22 May 2023 13:24:28: Writing gene results to mle_count-A2780-Ts10.gene_summary.txt 
INFO  @ Mon, 22 May 2023 13:24:28: Writing sgRNA results to mle_count-A2780-Ts10.sgrna_summary.txt 
