INFO  @ Wed, 05 Jul 2023 09:23:35: Parameters: /home/ryan/miniconda3/envs/mageck/bin/mageck mle -k count-A2780-Cont2.csv -d matrixCont2.txt -n mle_count-A2780-Cont2 
INFO  @ Wed, 05 Jul 2023 09:23:35: Cannot parse design matrix as a string; try to parse it as a file name ... 
INFO  @ Wed, 05 Jul 2023 09:23:35: Design matrix: 
INFO  @ Wed, 05 Jul 2023 09:23:35: [[1. 0.] 
INFO  @ Wed, 05 Jul 2023 09:23:35:  [1. 1.]] 
INFO  @ Wed, 05 Jul 2023 09:23:35: Beta labels:baseline,Cont2 
INFO  @ Wed, 05 Jul 2023 09:23:35: Included samples:A2780_Cont2_D0,A2780_Cont2_D10 
INFO  @ Wed, 05 Jul 2023 09:23:35: Treating count-A2780-Cont2.csv as csv file ... 
INFO  @ Wed, 05 Jul 2023 09:23:35: Loaded samples:A2780_Cont2_D0;A2780_Cont2_D10 
INFO  @ Wed, 05 Jul 2023 09:23:35: Sample index: 0;1 
INFO  @ Wed, 05 Jul 2023 09:23:35: Loaded 3516 genes. 
DEBUG @ Wed, 05 Jul 2023 09:23:35: Initial (total) size factor: 0.8612339419105577 1.192072286113968 
DEBUG @ Wed, 05 Jul 2023 09:23:35: Median factor: 0.7980102018872328 1.2653076350181818 
INFO  @ Wed, 05 Jul 2023 09:23:35: Final size factor: 0.7980102018872328 1.2653076350181818 
INFO  @ Wed, 05 Jul 2023 09:23:35: size factor: 1.2531168118340803,0.7903216358807719 
INFO  @ Wed, 05 Jul 2023 09:23:35: Thread 0 started. 
INFO  @ Wed, 05 Jul 2023 09:23:35: Thread 0: total 1 instances. 
INFO  @ Wed, 05 Jul 2023 09:23:35: Thread 0 completed. 
INFO  @ Wed, 05 Jul 2023 09:23:35: All threads completed. 
INFO  @ Wed, 05 Jul 2023 09:23:35: Modeling the mean and variance ... 
INFO  @ Wed, 05 Jul 2023 09:23:35: Run the algorithm for the second time ... 
INFO  @ Wed, 05 Jul 2023 09:23:35: Skipping gene NKX2 from MLE calculation since there are too many sgRNAs. To change, revise the --max-sgrnapergene-permutation option. 
INFO  @ Wed, 05 Jul 2023 09:23:35: Skipping gene PBRM1 from MLE calculation since there are too many sgRNAs. To change, revise the --max-sgrnapergene-permutation option. 
INFO  @ Wed, 05 Jul 2023 09:23:35: Skipping gene KDM2A from MLE calculation since there are too many sgRNAs. To change, revise the --max-sgrnapergene-permutation option. 
INFO  @ Wed, 05 Jul 2023 09:23:35: Skipping gene KDM2B from MLE calculation since there are too many sgRNAs. To change, revise the --max-sgrnapergene-permutation option. 
INFO  @ Wed, 05 Jul 2023 09:23:35: Skipping gene KMT2A from MLE calculation since there are too many sgRNAs. To change, revise the --max-sgrnapergene-permutation option. 
INFO  @ Wed, 05 Jul 2023 09:23:35: Skipping gene KMT2B from MLE calculation since there are too many sgRNAs. To change, revise the --max-sgrnapergene-permutation option. 
INFO  @ Wed, 05 Jul 2023 09:23:35: Skipping gene KMT2C from MLE calculation since there are too many sgRNAs. To change, revise the --max-sgrnapergene-permutation option. 
INFO  @ Wed, 05 Jul 2023 09:23:35: Skipping gene KMT2D from MLE calculation since there are too many sgRNAs. To change, revise the --max-sgrnapergene-permutation option. 
INFO  @ Wed, 05 Jul 2023 09:23:35: Skipping gene NSD1 from MLE calculation since there are too many sgRNAs. To change, revise the --max-sgrnapergene-permutation option. 
INFO  @ Wed, 05 Jul 2023 09:23:35: Skipping gene RNF17 from MLE calculation since there are too many sgRNAs. To change, revise the --max-sgrnapergene-permutation option. 
INFO  @ Wed, 05 Jul 2023 09:23:35: Skipping gene TDRD6 from MLE calculation since there are too many sgRNAs. To change, revise the --max-sgrnapergene-permutation option. 
INFO  @ Wed, 05 Jul 2023 09:23:35: Thread 0 started. 
INFO  @ Wed, 05 Jul 2023 09:23:35: Thread 0: total 3505 instances. 
INFO  @ Wed, 05 Jul 2023 09:23:35: Thread 0: Calculating AATK (1) ...  
INFO  @ Wed, 05 Jul 2023 09:23:40: Thread 0: Calculating NFXL1 (1001) ...  
INFO  @ Wed, 05 Jul 2023 09:23:44: Thread 0: Calculating NO66 (2001) ...  
INFO  @ Wed, 05 Jul 2023 09:23:49: Thread 0: Calculating RNF170 (3001) ...  
INFO  @ Wed, 05 Jul 2023 09:23:51: Thread 0 completed. 
INFO  @ Wed, 05 Jul 2023 09:23:51: All threads completed. 
INFO  @ Wed, 05 Jul 2023 09:23:52: Permuting groups of gene with 1 sgRNAs per gene. Group progress: 1/41 
INFO  @ Wed, 05 Jul 2023 09:23:52: Start permuting 2 rounds ... 
INFO  @ Wed, 05 Jul 2023 09:23:52: Collecting 26156 sgRNAs from 3516 genes. 
INFO  @ Wed, 05 Jul 2023 09:23:52: Permuting round 0 ... 
INFO  @ Wed, 05 Jul 2023 09:23:52: Thread 0 started. 
INFO  @ Wed, 05 Jul 2023 09:23:52: Thread 0: total 3516 instances. 
INFO  @ Wed, 05 Jul 2023 09:23:52: Thread 0: Calculating AATK (1) ...  
INFO  @ Wed, 05 Jul 2023 09:23:54: Thread 0: Calculating NFXL1 (1001) ...  
INFO  @ Wed, 05 Jul 2023 09:23:56: Thread 0: Calculating MLL1 (2001) ...  
INFO  @ Wed, 05 Jul 2023 09:23:58: Thread 0: Calculating RNF146 (3001) ...  
INFO  @ Wed, 05 Jul 2023 09:23:59: Thread 0 completed. 
INFO  @ Wed, 05 Jul 2023 09:23:59: All threads completed. 
INFO  @ Wed, 05 Jul 2023 09:24:00: Permuting round 1 ... 
INFO  @ Wed, 05 Jul 2023 09:24:00: Thread 0 started. 
INFO  @ Wed, 05 Jul 2023 09:24:00: Thread 0: total 3516 instances. 
INFO  @ Wed, 05 Jul 2023 09:24:00: Thread 0: Calculating AATK (1) ...  
INFO  @ Wed, 05 Jul 2023 09:24:02: Thread 0: Calculating NFXL1 (1001) ...  
INFO  @ Wed, 05 Jul 2023 09:24:04: Thread 0: Calculating MLL1 (2001) ...  
INFO  @ Wed, 05 Jul 2023 09:24:06: Thread 0: Calculating RNF146 (3001) ...  
INFO  @ Wed, 05 Jul 2023 09:24:07: Thread 0 completed. 
INFO  @ Wed, 05 Jul 2023 09:24:07: All threads completed. 
INFO  @ Wed, 05 Jul 2023 09:24:08: Assigning p values... 
INFO  @ Wed, 05 Jul 2023 09:24:08: Permuting groups of gene with 2 sgRNAs per gene. Group progress: 2/41 
INFO  @ Wed, 05 Jul 2023 09:24:08: Start permuting 2 rounds ... 
INFO  @ Wed, 05 Jul 2023 09:24:08: Collecting 26156 sgRNAs from 3516 genes. 
INFO  @ Wed, 05 Jul 2023 09:24:08: Permuting round 0 ... 
INFO  @ Wed, 05 Jul 2023 09:24:08: Thread 0 started. 
INFO  @ Wed, 05 Jul 2023 09:24:08: Thread 0: total 3516 instances. 
INFO  @ Wed, 05 Jul 2023 09:24:08: Thread 0: Calculating AATK (1) ...  
INFO  @ Wed, 05 Jul 2023 09:24:12: Thread 0: Calculating NFXL1 (1001) ...  
INFO  @ Wed, 05 Jul 2023 09:24:16: Thread 0: Calculating MLL1 (2001) ...  
INFO  @ Wed, 05 Jul 2023 09:24:20: Thread 0: Calculating RNF146 (3001) ...  
INFO  @ Wed, 05 Jul 2023 09:24:22: Thread 0 completed. 
INFO  @ Wed, 05 Jul 2023 09:24:22: All threads completed. 
INFO  @ Wed, 05 Jul 2023 09:24:23: Permuting round 1 ... 
INFO  @ Wed, 05 Jul 2023 09:24:23: Thread 0 started. 
INFO  @ Wed, 05 Jul 2023 09:24:23: Thread 0: total 3516 instances. 
INFO  @ Wed, 05 Jul 2023 09:24:23: Thread 0: Calculating AATK (1) ...  
INFO  @ Wed, 05 Jul 2023 09:24:26: Thread 0: Calculating NFXL1 (1001) ...  
INFO  @ Wed, 05 Jul 2023 09:24:29: Thread 0: Calculating MLL1 (2001) ...  
INFO  @ Wed, 05 Jul 2023 09:24:34: Thread 0: Calculating RNF146 (3001) ...  
INFO  @ Wed, 05 Jul 2023 09:24:36: Thread 0 completed. 
INFO  @ Wed, 05 Jul 2023 09:24:36: All threads completed. 
INFO  @ Wed, 05 Jul 2023 09:24:37: Assigning p values... 
INFO  @ Wed, 05 Jul 2023 09:24:37: Permuting groups of gene with 3 sgRNAs per gene. Group progress: 3/41 
INFO  @ Wed, 05 Jul 2023 09:24:37: Start permuting 2 rounds ... 
INFO  @ Wed, 05 Jul 2023 09:24:37: Collecting 26156 sgRNAs from 3516 genes. 
INFO  @ Wed, 05 Jul 2023 09:24:37: Permuting round 0 ... 
INFO  @ Wed, 05 Jul 2023 09:24:37: Thread 0 started. 
INFO  @ Wed, 05 Jul 2023 09:24:37: Thread 0: total 3516 instances. 
INFO  @ Wed, 05 Jul 2023 09:24:37: Thread 0: Calculating AATK (1) ...  
INFO  @ Wed, 05 Jul 2023 09:24:41: Thread 0: Calculating NFXL1 (1001) ...  
INFO  @ Wed, 05 Jul 2023 09:24:45: Thread 0: Calculating MLL1 (2001) ...  
INFO  @ Wed, 05 Jul 2023 09:24:49: Thread 0: Calculating RNF146 (3001) ...  
INFO  @ Wed, 05 Jul 2023 09:24:51: Thread 0 completed. 
INFO  @ Wed, 05 Jul 2023 09:24:51: All threads completed. 
INFO  @ Wed, 05 Jul 2023 09:24:52: Permuting round 1 ... 
INFO  @ Wed, 05 Jul 2023 09:24:52: Thread 0 started. 
INFO  @ Wed, 05 Jul 2023 09:24:52: Thread 0: total 3516 instances. 
INFO  @ Wed, 05 Jul 2023 09:24:52: Thread 0: Calculating AATK (1) ...  
INFO  @ Wed, 05 Jul 2023 09:24:56: Thread 0: Calculating NFXL1 (1001) ...  
INFO  @ Wed, 05 Jul 2023 09:24:59: Thread 0: Calculating MLL1 (2001) ...  
INFO  @ Wed, 05 Jul 2023 09:25:03: Thread 0: Calculating RNF146 (3001) ...  
INFO  @ Wed, 05 Jul 2023 09:25:06: Thread 0 completed. 
INFO  @ Wed, 05 Jul 2023 09:25:06: All threads completed. 
INFO  @ Wed, 05 Jul 2023 09:25:07: Assigning p values... 
INFO  @ Wed, 05 Jul 2023 09:25:07: Permuting groups of gene with 4 sgRNAs per gene. Group progress: 4/41 
INFO  @ Wed, 05 Jul 2023 09:25:07: Start permuting 2 rounds ... 
INFO  @ Wed, 05 Jul 2023 09:25:07: Collecting 26156 sgRNAs from 3516 genes. 
INFO  @ Wed, 05 Jul 2023 09:25:07: Permuting round 0 ... 
INFO  @ Wed, 05 Jul 2023 09:25:07: Thread 0 started. 
INFO  @ Wed, 05 Jul 2023 09:25:07: Thread 0: total 3516 instances. 
INFO  @ Wed, 05 Jul 2023 09:25:07: Thread 0: Calculating AATK (1) ...  
INFO  @ Wed, 05 Jul 2023 09:25:12: Thread 0: Calculating NFXL1 (1001) ...  
INFO  @ Wed, 05 Jul 2023 09:25:16: Thread 0: Calculating MLL1 (2001) ...  
INFO  @ Wed, 05 Jul 2023 09:25:21: Thread 0: Calculating RNF146 (3001) ...  
INFO  @ Wed, 05 Jul 2023 09:25:23: Thread 0 completed. 
INFO  @ Wed, 05 Jul 2023 09:25:23: All threads completed. 
INFO  @ Wed, 05 Jul 2023 09:25:24: Permuting round 1 ... 
INFO  @ Wed, 05 Jul 2023 09:25:24: Thread 0 started. 
INFO  @ Wed, 05 Jul 2023 09:25:24: Thread 0: total 3516 instances. 
INFO  @ Wed, 05 Jul 2023 09:25:24: Thread 0: Calculating AATK (1) ...  
INFO  @ Wed, 05 Jul 2023 09:25:29: Thread 0: Calculating NFXL1 (1001) ...  
INFO  @ Wed, 05 Jul 2023 09:25:34: Thread 0: Calculating MLL1 (2001) ...  
INFO  @ Wed, 05 Jul 2023 09:25:38: Thread 0: Calculating RNF146 (3001) ...  
INFO  @ Wed, 05 Jul 2023 09:25:41: Thread 0 completed. 
INFO  @ Wed, 05 Jul 2023 09:25:41: All threads completed. 
INFO  @ Wed, 05 Jul 2023 09:25:42: Assigning p values... 
INFO  @ Wed, 05 Jul 2023 09:25:42: Permuting groups of gene with 5 sgRNAs per gene. Group progress: 5/41 
INFO  @ Wed, 05 Jul 2023 09:25:42: Start permuting 2 rounds ... 
INFO  @ Wed, 05 Jul 2023 09:25:42: Collecting 26156 sgRNAs from 3516 genes. 
INFO  @ Wed, 05 Jul 2023 09:25:42: Permuting round 0 ... 
INFO  @ Wed, 05 Jul 2023 09:25:42: Thread 0 started. 
INFO  @ Wed, 05 Jul 2023 09:25:42: Thread 0: total 3516 instances. 
INFO  @ Wed, 05 Jul 2023 09:25:42: Thread 0: Calculating AATK (1) ...  
INFO  @ Wed, 05 Jul 2023 09:25:46: Thread 0: Calculating NFXL1 (1001) ...  
INFO  @ Wed, 05 Jul 2023 09:25:50: Thread 0: Calculating MLL1 (2001) ...  
INFO  @ Wed, 05 Jul 2023 09:25:56: Thread 0: Calculating RNF146 (3001) ...  
INFO  @ Wed, 05 Jul 2023 09:25:58: Thread 0 completed. 
INFO  @ Wed, 05 Jul 2023 09:25:58: All threads completed. 
INFO  @ Wed, 05 Jul 2023 09:25:59: Permuting round 1 ... 
INFO  @ Wed, 05 Jul 2023 09:25:59: Thread 0 started. 
INFO  @ Wed, 05 Jul 2023 09:25:59: Thread 0: total 3516 instances. 
INFO  @ Wed, 05 Jul 2023 09:25:59: Thread 0: Calculating AATK (1) ...  
INFO  @ Wed, 05 Jul 2023 09:26:03: Thread 0: Calculating NFXL1 (1001) ...  
INFO  @ Wed, 05 Jul 2023 09:26:08: Thread 0: Calculating MLL1 (2001) ...  
INFO  @ Wed, 05 Jul 2023 09:26:13: Thread 0: Calculating RNF146 (3001) ...  
INFO  @ Wed, 05 Jul 2023 09:26:15: Thread 0 completed. 
INFO  @ Wed, 05 Jul 2023 09:26:15: All threads completed. 
INFO  @ Wed, 05 Jul 2023 09:26:16: Assigning p values... 
INFO  @ Wed, 05 Jul 2023 09:26:16: Permuting groups of gene with 6 sgRNAs per gene. Group progress: 6/41 
INFO  @ Wed, 05 Jul 2023 09:26:16: Start permuting 2 rounds ... 
INFO  @ Wed, 05 Jul 2023 09:26:16: Collecting 26156 sgRNAs from 3516 genes. 
INFO  @ Wed, 05 Jul 2023 09:26:16: Permuting round 0 ... 
INFO  @ Wed, 05 Jul 2023 09:26:17: Thread 0 started. 
INFO  @ Wed, 05 Jul 2023 09:26:17: Thread 0: total 3516 instances. 
INFO  @ Wed, 05 Jul 2023 09:26:17: Thread 0: Calculating AATK (1) ...  
INFO  @ Wed, 05 Jul 2023 09:26:21: Thread 0: Calculating NFXL1 (1001) ...  
INFO  @ Wed, 05 Jul 2023 09:26:26: Thread 0: Calculating MLL1 (2001) ...  
INFO  @ Wed, 05 Jul 2023 09:26:31: Thread 0: Calculating RNF146 (3001) ...  
INFO  @ Wed, 05 Jul 2023 09:26:33: Thread 0 completed. 
INFO  @ Wed, 05 Jul 2023 09:26:33: All threads completed. 
INFO  @ Wed, 05 Jul 2023 09:26:34: Permuting round 1 ... 
INFO  @ Wed, 05 Jul 2023 09:26:34: Thread 0 started. 
INFO  @ Wed, 05 Jul 2023 09:26:34: Thread 0: total 3516 instances. 
INFO  @ Wed, 05 Jul 2023 09:26:34: Thread 0: Calculating AATK (1) ...  
INFO  @ Wed, 05 Jul 2023 09:26:39: Thread 0: Calculating NFXL1 (1001) ...  
INFO  @ Wed, 05 Jul 2023 09:26:45: Thread 0: Calculating MLL1 (2001) ...  
INFO  @ Wed, 05 Jul 2023 09:26:49: Thread 0: Calculating RNF146 (3001) ...  
INFO  @ Wed, 05 Jul 2023 09:26:53: Thread 0 completed. 
INFO  @ Wed, 05 Jul 2023 09:26:53: All threads completed. 
INFO  @ Wed, 05 Jul 2023 09:26:54: Assigning p values... 
INFO  @ Wed, 05 Jul 2023 09:26:54: Permuting groups of gene with 7 sgRNAs per gene. Group progress: 7/41 
INFO  @ Wed, 05 Jul 2023 09:26:54: Start permuting 2 rounds ... 
INFO  @ Wed, 05 Jul 2023 09:26:54: Collecting 26156 sgRNAs from 3516 genes. 
INFO  @ Wed, 05 Jul 2023 09:26:54: Permuting round 0 ... 
INFO  @ Wed, 05 Jul 2023 09:26:54: Thread 0 started. 
INFO  @ Wed, 05 Jul 2023 09:26:54: Thread 0: total 3516 instances. 
INFO  @ Wed, 05 Jul 2023 09:26:54: Thread 0: Calculating AATK (1) ...  
INFO  @ Wed, 05 Jul 2023 09:27:01: Thread 0: Calculating NFXL1 (1001) ...  
INFO  @ Wed, 05 Jul 2023 09:27:06: Thread 0: Calculating MLL1 (2001) ...  
INFO  @ Wed, 05 Jul 2023 09:27:11: Thread 0: Calculating RNF146 (3001) ...  
INFO  @ Wed, 05 Jul 2023 09:27:14: Thread 0 completed. 
INFO  @ Wed, 05 Jul 2023 09:27:14: All threads completed. 
INFO  @ Wed, 05 Jul 2023 09:27:15: Permuting round 1 ... 
INFO  @ Wed, 05 Jul 2023 09:27:15: Thread 0 started. 
INFO  @ Wed, 05 Jul 2023 09:27:15: Thread 0: total 3516 instances. 
INFO  @ Wed, 05 Jul 2023 09:27:15: Thread 0: Calculating AATK (1) ...  
INFO  @ Wed, 05 Jul 2023 09:27:21: Thread 0: Calculating NFXL1 (1001) ...  
INFO  @ Wed, 05 Jul 2023 09:27:26: Thread 0: Calculating MLL1 (2001) ...  
INFO  @ Wed, 05 Jul 2023 09:27:31: Thread 0: Calculating RNF146 (3001) ...  
INFO  @ Wed, 05 Jul 2023 09:27:33: Thread 0 completed. 
INFO  @ Wed, 05 Jul 2023 09:27:33: All threads completed. 
INFO  @ Wed, 05 Jul 2023 09:27:34: Assigning p values... 
INFO  @ Wed, 05 Jul 2023 09:27:34: Permuting groups of gene with 8 sgRNAs per gene. Group progress: 8/41 
INFO  @ Wed, 05 Jul 2023 09:27:34: Start permuting 2 rounds ... 
INFO  @ Wed, 05 Jul 2023 09:27:34: Collecting 26156 sgRNAs from 3516 genes. 
INFO  @ Wed, 05 Jul 2023 09:27:35: Permuting round 0 ... 
INFO  @ Wed, 05 Jul 2023 09:27:35: Thread 0 started. 
INFO  @ Wed, 05 Jul 2023 09:27:35: Thread 0: total 3516 instances. 
INFO  @ Wed, 05 Jul 2023 09:27:35: Thread 0: Calculating AATK (1) ...  
INFO  @ Wed, 05 Jul 2023 09:27:40: Thread 0: Calculating NFXL1 (1001) ...  
INFO  @ Wed, 05 Jul 2023 09:27:46: Thread 0: Calculating MLL1 (2001) ...  
INFO  @ Wed, 05 Jul 2023 09:27:51: Thread 0: Calculating RNF146 (3001) ...  
INFO  @ Wed, 05 Jul 2023 09:27:53: Thread 0 completed. 
INFO  @ Wed, 05 Jul 2023 09:27:53: All threads completed. 
INFO  @ Wed, 05 Jul 2023 09:27:54: Permuting round 1 ... 
INFO  @ Wed, 05 Jul 2023 09:27:54: Thread 0 started. 
INFO  @ Wed, 05 Jul 2023 09:27:54: Thread 0: total 3516 instances. 
INFO  @ Wed, 05 Jul 2023 09:27:54: Thread 0: Calculating AATK (1) ...  
INFO  @ Wed, 05 Jul 2023 09:27:59: Thread 0: Calculating NFXL1 (1001) ...  
INFO  @ Wed, 05 Jul 2023 09:28:05: Thread 0: Calculating MLL1 (2001) ...  
INFO  @ Wed, 05 Jul 2023 09:28:10: Thread 0: Calculating RNF146 (3001) ...  
INFO  @ Wed, 05 Jul 2023 09:28:13: Thread 0 completed. 
INFO  @ Wed, 05 Jul 2023 09:28:13: All threads completed. 
INFO  @ Wed, 05 Jul 2023 09:28:14: Assigning p values... 
INFO  @ Wed, 05 Jul 2023 09:28:14: Permuting groups of gene with 9 sgRNAs per gene. Group progress: 9/41 
INFO  @ Wed, 05 Jul 2023 09:28:14: Start permuting 2 rounds ... 
INFO  @ Wed, 05 Jul 2023 09:28:14: Collecting 26156 sgRNAs from 3516 genes. 
INFO  @ Wed, 05 Jul 2023 09:28:14: Permuting round 0 ... 
INFO  @ Wed, 05 Jul 2023 09:28:14: Thread 0 started. 
INFO  @ Wed, 05 Jul 2023 09:28:14: Thread 0: total 3516 instances. 
INFO  @ Wed, 05 Jul 2023 09:28:14: Thread 0: Calculating AATK (1) ...  
INFO  @ Wed, 05 Jul 2023 09:28:19: Thread 0: Calculating NFXL1 (1001) ...  
INFO  @ Wed, 05 Jul 2023 09:28:25: Thread 0: Calculating MLL1 (2001) ...  
INFO  @ Wed, 05 Jul 2023 09:28:30: Thread 0: Calculating RNF146 (3001) ...  
INFO  @ Wed, 05 Jul 2023 09:28:33: Thread 0 completed. 
INFO  @ Wed, 05 Jul 2023 09:28:33: All threads completed. 
INFO  @ Wed, 05 Jul 2023 09:28:34: Permuting round 1 ... 
INFO  @ Wed, 05 Jul 2023 09:28:34: Thread 0 started. 
INFO  @ Wed, 05 Jul 2023 09:28:34: Thread 0: total 3516 instances. 
INFO  @ Wed, 05 Jul 2023 09:28:34: Thread 0: Calculating AATK (1) ...  
INFO  @ Wed, 05 Jul 2023 09:28:39: Thread 0: Calculating NFXL1 (1001) ...  
INFO  @ Wed, 05 Jul 2023 09:28:44: Thread 0: Calculating MLL1 (2001) ...  
INFO  @ Wed, 05 Jul 2023 09:28:48: Thread 0: Calculating RNF146 (3001) ...  
INFO  @ Wed, 05 Jul 2023 09:28:50: Thread 0 completed. 
INFO  @ Wed, 05 Jul 2023 09:28:50: All threads completed. 
INFO  @ Wed, 05 Jul 2023 09:28:52: Assigning p values... 
INFO  @ Wed, 05 Jul 2023 09:28:52: Permuting groups of gene with 10 sgRNAs per gene. Group progress: 10/41 
INFO  @ Wed, 05 Jul 2023 09:28:52: Start permuting 2 rounds ... 
INFO  @ Wed, 05 Jul 2023 09:28:52: Collecting 26156 sgRNAs from 3516 genes. 
INFO  @ Wed, 05 Jul 2023 09:28:52: Permuting round 0 ... 
INFO  @ Wed, 05 Jul 2023 09:28:52: Thread 0 started. 
INFO  @ Wed, 05 Jul 2023 09:28:52: Thread 0: total 3516 instances. 
INFO  @ Wed, 05 Jul 2023 09:28:52: Thread 0: Calculating AATK (1) ...  
INFO  @ Wed, 05 Jul 2023 09:28:58: Thread 0: Calculating NFXL1 (1001) ...  
INFO  @ Wed, 05 Jul 2023 09:29:04: Thread 0: Calculating MLL1 (2001) ...  
INFO  @ Wed, 05 Jul 2023 09:29:10: Thread 0: Calculating RNF146 (3001) ...  
INFO  @ Wed, 05 Jul 2023 09:29:13: Thread 0 completed. 
INFO  @ Wed, 05 Jul 2023 09:29:13: All threads completed. 
INFO  @ Wed, 05 Jul 2023 09:29:14: Permuting round 1 ... 
INFO  @ Wed, 05 Jul 2023 09:29:14: Thread 0 started. 
INFO  @ Wed, 05 Jul 2023 09:29:14: Thread 0: total 3516 instances. 
INFO  @ Wed, 05 Jul 2023 09:29:14: Thread 0: Calculating AATK (1) ...  
INFO  @ Wed, 05 Jul 2023 09:29:19: Thread 0: Calculating NFXL1 (1001) ...  
INFO  @ Wed, 05 Jul 2023 09:29:25: Thread 0: Calculating MLL1 (2001) ...  
INFO  @ Wed, 05 Jul 2023 09:29:30: Thread 0: Calculating RNF146 (3001) ...  
INFO  @ Wed, 05 Jul 2023 09:29:32: Thread 0 completed. 
INFO  @ Wed, 05 Jul 2023 09:29:32: All threads completed. 
INFO  @ Wed, 05 Jul 2023 09:29:33: Assigning p values... 
INFO  @ Wed, 05 Jul 2023 09:29:33: Permuting groups of gene with 11 sgRNAs per gene. Group progress: 11/41 
INFO  @ Wed, 05 Jul 2023 09:29:33: Start permuting 2 rounds ... 
INFO  @ Wed, 05 Jul 2023 09:29:33: Collecting 26156 sgRNAs from 3516 genes. 
INFO  @ Wed, 05 Jul 2023 09:29:34: Permuting round 0 ... 
INFO  @ Wed, 05 Jul 2023 09:29:34: Thread 0 started. 
INFO  @ Wed, 05 Jul 2023 09:29:34: Thread 0: total 3516 instances. 
INFO  @ Wed, 05 Jul 2023 09:29:34: Thread 0: Calculating AATK (1) ...  
INFO  @ Wed, 05 Jul 2023 09:29:39: Thread 0: Calculating NFXL1 (1001) ...  
INFO  @ Wed, 05 Jul 2023 09:29:45: Thread 0: Calculating MLL1 (2001) ...  
INFO  @ Wed, 05 Jul 2023 09:29:50: Thread 0: Calculating RNF146 (3001) ...  
INFO  @ Wed, 05 Jul 2023 09:29:53: Thread 0 completed. 
INFO  @ Wed, 05 Jul 2023 09:29:53: All threads completed. 
INFO  @ Wed, 05 Jul 2023 09:29:54: Permuting round 1 ... 
INFO  @ Wed, 05 Jul 2023 09:29:54: Thread 0 started. 
INFO  @ Wed, 05 Jul 2023 09:29:54: Thread 0: total 3516 instances. 
INFO  @ Wed, 05 Jul 2023 09:29:54: Thread 0: Calculating AATK (1) ...  
INFO  @ Wed, 05 Jul 2023 09:30:00: Thread 0: Calculating NFXL1 (1001) ...  
INFO  @ Wed, 05 Jul 2023 09:30:06: Thread 0: Calculating MLL1 (2001) ...  
INFO  @ Wed, 05 Jul 2023 09:30:12: Thread 0: Calculating RNF146 (3001) ...  
INFO  @ Wed, 05 Jul 2023 09:30:15: Thread 0 completed. 
INFO  @ Wed, 05 Jul 2023 09:30:15: All threads completed. 
INFO  @ Wed, 05 Jul 2023 09:30:16: Assigning p values... 
INFO  @ Wed, 05 Jul 2023 09:30:16: Permuting groups of gene with 12 sgRNAs per gene. Group progress: 12/41 
INFO  @ Wed, 05 Jul 2023 09:30:16: Start permuting 2 rounds ... 
INFO  @ Wed, 05 Jul 2023 09:30:16: Collecting 26156 sgRNAs from 3516 genes. 
INFO  @ Wed, 05 Jul 2023 09:30:16: Permuting round 0 ... 
INFO  @ Wed, 05 Jul 2023 09:30:16: Thread 0 started. 
INFO  @ Wed, 05 Jul 2023 09:30:16: Thread 0: total 3516 instances. 
INFO  @ Wed, 05 Jul 2023 09:30:16: Thread 0: Calculating AATK (1) ...  
INFO  @ Wed, 05 Jul 2023 09:30:21: Thread 0: Calculating NFXL1 (1001) ...  
INFO  @ Wed, 05 Jul 2023 09:30:28: Thread 0: Calculating MLL1 (2001) ...  
INFO  @ Wed, 05 Jul 2023 09:30:33: Thread 0: Calculating RNF146 (3001) ...  
INFO  @ Wed, 05 Jul 2023 09:30:37: Thread 0 completed. 
INFO  @ Wed, 05 Jul 2023 09:30:37: All threads completed. 
INFO  @ Wed, 05 Jul 2023 09:30:38: Permuting round 1 ... 
INFO  @ Wed, 05 Jul 2023 09:30:38: Thread 0 started. 
INFO  @ Wed, 05 Jul 2023 09:30:38: Thread 0: total 3516 instances. 
INFO  @ Wed, 05 Jul 2023 09:30:38: Thread 0: Calculating AATK (1) ...  
INFO  @ Wed, 05 Jul 2023 09:30:44: Thread 0: Calculating NFXL1 (1001) ...  
INFO  @ Wed, 05 Jul 2023 09:30:50: Thread 0: Calculating MLL1 (2001) ...  
INFO  @ Wed, 05 Jul 2023 09:30:56: Thread 0: Calculating RNF146 (3001) ...  
INFO  @ Wed, 05 Jul 2023 09:30:59: Thread 0 completed. 
INFO  @ Wed, 05 Jul 2023 09:30:59: All threads completed. 
INFO  @ Wed, 05 Jul 2023 09:31:00: Assigning p values... 
INFO  @ Wed, 05 Jul 2023 09:31:00: Permuting groups of gene with 13 sgRNAs per gene. Group progress: 13/41 
INFO  @ Wed, 05 Jul 2023 09:31:00: Start permuting 2 rounds ... 
INFO  @ Wed, 05 Jul 2023 09:31:00: Collecting 26156 sgRNAs from 3516 genes. 
INFO  @ Wed, 05 Jul 2023 09:31:00: Permuting round 0 ... 
INFO  @ Wed, 05 Jul 2023 09:31:00: Thread 0 started. 
INFO  @ Wed, 05 Jul 2023 09:31:00: Thread 0: total 3516 instances. 
INFO  @ Wed, 05 Jul 2023 09:31:00: Thread 0: Calculating AATK (1) ...  
INFO  @ Wed, 05 Jul 2023 09:31:06: Thread 0: Calculating NFXL1 (1001) ...  
INFO  @ Wed, 05 Jul 2023 09:31:12: Thread 0: Calculating MLL1 (2001) ...  
INFO  @ Wed, 05 Jul 2023 09:31:17: Thread 0: Calculating RNF146 (3001) ...  
INFO  @ Wed, 05 Jul 2023 09:31:20: Thread 0 completed. 
INFO  @ Wed, 05 Jul 2023 09:31:20: All threads completed. 
INFO  @ Wed, 05 Jul 2023 09:31:21: Permuting round 1 ... 
INFO  @ Wed, 05 Jul 2023 09:31:21: Thread 0 started. 
INFO  @ Wed, 05 Jul 2023 09:31:21: Thread 0: total 3516 instances. 
INFO  @ Wed, 05 Jul 2023 09:31:21: Thread 0: Calculating AATK (1) ...  
INFO  @ Wed, 05 Jul 2023 09:31:26: Thread 0: Calculating NFXL1 (1001) ...  
INFO  @ Wed, 05 Jul 2023 09:31:32: Thread 0: Calculating MLL1 (2001) ...  
INFO  @ Wed, 05 Jul 2023 09:31:38: Thread 0: Calculating RNF146 (3001) ...  
INFO  @ Wed, 05 Jul 2023 09:31:41: Thread 0 completed. 
INFO  @ Wed, 05 Jul 2023 09:31:41: All threads completed. 
INFO  @ Wed, 05 Jul 2023 09:31:42: Assigning p values... 
INFO  @ Wed, 05 Jul 2023 09:31:42: Permuting groups of gene with 14 sgRNAs per gene. Group progress: 14/41 
INFO  @ Wed, 05 Jul 2023 09:31:42: Start permuting 2 rounds ... 
INFO  @ Wed, 05 Jul 2023 09:31:42: Collecting 26156 sgRNAs from 3516 genes. 
INFO  @ Wed, 05 Jul 2023 09:31:42: Permuting round 0 ... 
INFO  @ Wed, 05 Jul 2023 09:31:42: Thread 0 started. 
INFO  @ Wed, 05 Jul 2023 09:31:42: Thread 0: total 3516 instances. 
INFO  @ Wed, 05 Jul 2023 09:31:42: Thread 0: Calculating AATK (1) ...  
INFO  @ Wed, 05 Jul 2023 09:31:49: Thread 0: Calculating NFXL1 (1001) ...  
INFO  @ Wed, 05 Jul 2023 09:31:55: Thread 0: Calculating MLL1 (2001) ...  
INFO  @ Wed, 05 Jul 2023 09:32:01: Thread 0: Calculating RNF146 (3001) ...  
INFO  @ Wed, 05 Jul 2023 09:32:04: Thread 0 completed. 
INFO  @ Wed, 05 Jul 2023 09:32:04: All threads completed. 
INFO  @ Wed, 05 Jul 2023 09:32:05: Permuting round 1 ... 
INFO  @ Wed, 05 Jul 2023 09:32:05: Thread 0 started. 
INFO  @ Wed, 05 Jul 2023 09:32:05: Thread 0: total 3516 instances. 
INFO  @ Wed, 05 Jul 2023 09:32:05: Thread 0: Calculating AATK (1) ...  
INFO  @ Wed, 05 Jul 2023 09:32:11: Thread 0: Calculating NFXL1 (1001) ...  
INFO  @ Wed, 05 Jul 2023 09:32:18: Thread 0: Calculating MLL1 (2001) ...  
INFO  @ Wed, 05 Jul 2023 09:32:23: Thread 0: Calculating RNF146 (3001) ...  
INFO  @ Wed, 05 Jul 2023 09:32:26: Thread 0 completed. 
INFO  @ Wed, 05 Jul 2023 09:32:26: All threads completed. 
INFO  @ Wed, 05 Jul 2023 09:32:27: Assigning p values... 
INFO  @ Wed, 05 Jul 2023 09:32:27: Permuting groups of gene with 15 sgRNAs per gene. Group progress: 15/41 
INFO  @ Wed, 05 Jul 2023 09:32:27: Start permuting 2 rounds ... 
INFO  @ Wed, 05 Jul 2023 09:32:27: Collecting 26156 sgRNAs from 3516 genes. 
INFO  @ Wed, 05 Jul 2023 09:32:27: Permuting round 0 ... 
INFO  @ Wed, 05 Jul 2023 09:32:28: Thread 0 started. 
INFO  @ Wed, 05 Jul 2023 09:32:28: Thread 0: total 3516 instances. 
INFO  @ Wed, 05 Jul 2023 09:32:28: Thread 0: Calculating AATK (1) ...  
INFO  @ Wed, 05 Jul 2023 09:32:33: Thread 0: Calculating NFXL1 (1001) ...  
INFO  @ Wed, 05 Jul 2023 09:32:39: Thread 0: Calculating MLL1 (2001) ...  
INFO  @ Wed, 05 Jul 2023 09:32:45: Thread 0: Calculating RNF146 (3001) ...  
INFO  @ Wed, 05 Jul 2023 09:32:48: Thread 0 completed. 
INFO  @ Wed, 05 Jul 2023 09:32:48: All threads completed. 
INFO  @ Wed, 05 Jul 2023 09:32:50: Permuting round 1 ... 
INFO  @ Wed, 05 Jul 2023 09:32:50: Thread 0 started. 
INFO  @ Wed, 05 Jul 2023 09:32:50: Thread 0: total 3516 instances. 
INFO  @ Wed, 05 Jul 2023 09:32:50: Thread 0: Calculating AATK (1) ...  
INFO  @ Wed, 05 Jul 2023 09:32:57: Thread 0: Calculating NFXL1 (1001) ...  
INFO  @ Wed, 05 Jul 2023 09:33:03: Thread 0: Calculating MLL1 (2001) ...  
INFO  @ Wed, 05 Jul 2023 09:33:09: Thread 0: Calculating RNF146 (3001) ...  
INFO  @ Wed, 05 Jul 2023 09:33:11: Thread 0 completed. 
INFO  @ Wed, 05 Jul 2023 09:33:11: All threads completed. 
INFO  @ Wed, 05 Jul 2023 09:33:13: Assigning p values... 
INFO  @ Wed, 05 Jul 2023 09:33:13: Permuting groups of gene with 16 sgRNAs per gene. Group progress: 16/41 
INFO  @ Wed, 05 Jul 2023 09:33:13: Start permuting 2 rounds ... 
INFO  @ Wed, 05 Jul 2023 09:33:13: Collecting 26156 sgRNAs from 3516 genes. 
INFO  @ Wed, 05 Jul 2023 09:33:13: Permuting round 0 ... 
INFO  @ Wed, 05 Jul 2023 09:33:13: Thread 0 started. 
INFO  @ Wed, 05 Jul 2023 09:33:13: Thread 0: total 3516 instances. 
INFO  @ Wed, 05 Jul 2023 09:33:13: Thread 0: Calculating AATK (1) ...  
INFO  @ Wed, 05 Jul 2023 09:33:19: Thread 0: Calculating NFXL1 (1001) ...  
INFO  @ Wed, 05 Jul 2023 09:33:27: Thread 0: Calculating MLL1 (2001) ...  
INFO  @ Wed, 05 Jul 2023 09:33:33: Thread 0: Calculating RNF146 (3001) ...  
INFO  @ Wed, 05 Jul 2023 09:33:36: Thread 0 completed. 
INFO  @ Wed, 05 Jul 2023 09:33:36: All threads completed. 
INFO  @ Wed, 05 Jul 2023 09:33:37: Permuting round 1 ... 
INFO  @ Wed, 05 Jul 2023 09:33:37: Thread 0 started. 
INFO  @ Wed, 05 Jul 2023 09:33:37: Thread 0: total 3516 instances. 
INFO  @ Wed, 05 Jul 2023 09:33:37: Thread 0: Calculating AATK (1) ...  
INFO  @ Wed, 05 Jul 2023 09:33:44: Thread 0: Calculating NFXL1 (1001) ...  
INFO  @ Wed, 05 Jul 2023 09:33:51: Thread 0: Calculating MLL1 (2001) ...  
INFO  @ Wed, 05 Jul 2023 09:33:57: Thread 0: Calculating RNF146 (3001) ...  
INFO  @ Wed, 05 Jul 2023 09:34:00: Thread 0 completed. 
INFO  @ Wed, 05 Jul 2023 09:34:00: All threads completed. 
INFO  @ Wed, 05 Jul 2023 09:34:01: Assigning p values... 
INFO  @ Wed, 05 Jul 2023 09:34:01: Permuting groups of gene with 17 sgRNAs per gene. Group progress: 17/41 
INFO  @ Wed, 05 Jul 2023 09:34:01: Start permuting 2 rounds ... 
INFO  @ Wed, 05 Jul 2023 09:34:01: Collecting 26156 sgRNAs from 3516 genes. 
INFO  @ Wed, 05 Jul 2023 09:34:02: Permuting round 0 ... 
INFO  @ Wed, 05 Jul 2023 09:34:02: Thread 0 started. 
INFO  @ Wed, 05 Jul 2023 09:34:02: Thread 0: total 3516 instances. 
INFO  @ Wed, 05 Jul 2023 09:34:02: Thread 0: Calculating AATK (1) ...  
INFO  @ Wed, 05 Jul 2023 09:34:08: Thread 0: Calculating NFXL1 (1001) ...  
INFO  @ Wed, 05 Jul 2023 09:34:13: Thread 0: Calculating MLL1 (2001) ...  
INFO  @ Wed, 05 Jul 2023 09:34:20: Thread 0: Calculating RNF146 (3001) ...  
INFO  @ Wed, 05 Jul 2023 09:34:23: Thread 0 completed. 
INFO  @ Wed, 05 Jul 2023 09:34:23: All threads completed. 
INFO  @ Wed, 05 Jul 2023 09:34:24: Permuting round 1 ... 
INFO  @ Wed, 05 Jul 2023 09:34:24: Thread 0: total 3516 instances. 
INFO  @ Wed, 05 Jul 2023 09:34:24: Thread 0 started. 
INFO  @ Wed, 05 Jul 2023 09:34:24: Thread 0: Calculating AATK (1) ...  
INFO  @ Wed, 05 Jul 2023 09:34:30: Thread 0: Calculating NFXL1 (1001) ...  
INFO  @ Wed, 05 Jul 2023 09:34:37: Thread 0: Calculating MLL1 (2001) ...  
INFO  @ Wed, 05 Jul 2023 09:34:43: Thread 0: Calculating RNF146 (3001) ...  
INFO  @ Wed, 05 Jul 2023 09:34:45: Thread 0 completed. 
INFO  @ Wed, 05 Jul 2023 09:34:45: All threads completed. 
INFO  @ Wed, 05 Jul 2023 09:34:47: Assigning p values... 
INFO  @ Wed, 05 Jul 2023 09:34:47: Permuting groups of gene with 18 sgRNAs per gene. Group progress: 18/41 
INFO  @ Wed, 05 Jul 2023 09:34:47: Start permuting 2 rounds ... 
INFO  @ Wed, 05 Jul 2023 09:34:47: Collecting 26156 sgRNAs from 3516 genes. 
INFO  @ Wed, 05 Jul 2023 09:34:47: Permuting round 0 ... 
INFO  @ Wed, 05 Jul 2023 09:34:47: Thread 0 started. 
INFO  @ Wed, 05 Jul 2023 09:34:47: Thread 0: total 3516 instances. 
INFO  @ Wed, 05 Jul 2023 09:34:47: Thread 0: Calculating AATK (1) ...  
INFO  @ Wed, 05 Jul 2023 09:34:53: Thread 0: Calculating NFXL1 (1001) ...  
INFO  @ Wed, 05 Jul 2023 09:35:00: Thread 0: Calculating MLL1 (2001) ...  
INFO  @ Wed, 05 Jul 2023 09:35:07: Thread 0: Calculating RNF146 (3001) ...  
INFO  @ Wed, 05 Jul 2023 09:35:10: Thread 0 completed. 
INFO  @ Wed, 05 Jul 2023 09:35:10: All threads completed. 
INFO  @ Wed, 05 Jul 2023 09:35:11: Permuting round 1 ... 
INFO  @ Wed, 05 Jul 2023 09:35:11: Thread 0 started. 
INFO  @ Wed, 05 Jul 2023 09:35:11: Thread 0: total 3516 instances. 
INFO  @ Wed, 05 Jul 2023 09:35:11: Thread 0: Calculating AATK (1) ...  
INFO  @ Wed, 05 Jul 2023 09:35:18: Thread 0: Calculating NFXL1 (1001) ...  
INFO  @ Wed, 05 Jul 2023 09:35:24: Thread 0: Calculating MLL1 (2001) ...  
INFO  @ Wed, 05 Jul 2023 09:35:30: Thread 0: Calculating RNF146 (3001) ...  
INFO  @ Wed, 05 Jul 2023 09:35:33: Thread 0 completed. 
INFO  @ Wed, 05 Jul 2023 09:35:33: All threads completed. 
INFO  @ Wed, 05 Jul 2023 09:35:34: Assigning p values... 
INFO  @ Wed, 05 Jul 2023 09:35:34: Permuting groups of gene with 19 sgRNAs per gene. Group progress: 19/41 
INFO  @ Wed, 05 Jul 2023 09:35:34: Start permuting 2 rounds ... 
INFO  @ Wed, 05 Jul 2023 09:35:35: Collecting 26156 sgRNAs from 3516 genes. 
INFO  @ Wed, 05 Jul 2023 09:35:35: Permuting round 0 ... 
INFO  @ Wed, 05 Jul 2023 09:35:35: Thread 0 started. 
INFO  @ Wed, 05 Jul 2023 09:35:35: Thread 0: total 3516 instances. 
INFO  @ Wed, 05 Jul 2023 09:35:35: Thread 0: Calculating AATK (1) ...  
INFO  @ Wed, 05 Jul 2023 09:35:42: Thread 0: Calculating NFXL1 (1001) ...  
INFO  @ Wed, 05 Jul 2023 09:35:48: Thread 0: Calculating MLL1 (2001) ...  
INFO  @ Wed, 05 Jul 2023 09:35:53: Thread 0: Calculating RNF146 (3001) ...  
INFO  @ Wed, 05 Jul 2023 09:35:57: Thread 0 completed. 
INFO  @ Wed, 05 Jul 2023 09:35:57: All threads completed. 
INFO  @ Wed, 05 Jul 2023 09:35:58: Permuting round 1 ... 
INFO  @ Wed, 05 Jul 2023 09:35:59: Thread 0 started. 
INFO  @ Wed, 05 Jul 2023 09:35:59: Thread 0: total 3516 instances. 
INFO  @ Wed, 05 Jul 2023 09:35:59: Thread 0: Calculating AATK (1) ...  
INFO  @ Wed, 05 Jul 2023 09:36:05: Thread 0: Calculating NFXL1 (1001) ...  
INFO  @ Wed, 05 Jul 2023 09:36:12: Thread 0: Calculating MLL1 (2001) ...  
INFO  @ Wed, 05 Jul 2023 09:36:18: Thread 0: Calculating RNF146 (3001) ...  
INFO  @ Wed, 05 Jul 2023 09:36:22: Thread 0 completed. 
INFO  @ Wed, 05 Jul 2023 09:36:22: All threads completed. 
INFO  @ Wed, 05 Jul 2023 09:36:23: Assigning p values... 
INFO  @ Wed, 05 Jul 2023 09:36:23: Permuting groups of gene with 20 sgRNAs per gene. Group progress: 20/41 
INFO  @ Wed, 05 Jul 2023 09:36:23: Start permuting 2 rounds ... 
INFO  @ Wed, 05 Jul 2023 09:36:24: Collecting 26156 sgRNAs from 3516 genes. 
INFO  @ Wed, 05 Jul 2023 09:36:24: Permuting round 0 ... 
INFO  @ Wed, 05 Jul 2023 09:36:24: Thread 0 started. 
INFO  @ Wed, 05 Jul 2023 09:36:24: Thread 0: total 3516 instances. 
INFO  @ Wed, 05 Jul 2023 09:36:24: Thread 0: Calculating AATK (1) ...  
INFO  @ Wed, 05 Jul 2023 09:36:30: Thread 0: Calculating NFXL1 (1001) ...  
INFO  @ Wed, 05 Jul 2023 09:36:37: Thread 0: Calculating MLL1 (2001) ...  
INFO  @ Wed, 05 Jul 2023 09:36:43: Thread 0: Calculating RNF146 (3001) ...  
INFO  @ Wed, 05 Jul 2023 09:36:45: Thread 0 completed. 
INFO  @ Wed, 05 Jul 2023 09:36:45: All threads completed. 
INFO  @ Wed, 05 Jul 2023 09:36:46: Permuting round 1 ... 
INFO  @ Wed, 05 Jul 2023 09:36:47: Thread 0 started. 
INFO  @ Wed, 05 Jul 2023 09:36:47: Thread 0: total 3516 instances. 
INFO  @ Wed, 05 Jul 2023 09:36:47: Thread 0: Calculating AATK (1) ...  
INFO  @ Wed, 05 Jul 2023 09:36:54: Thread 0: Calculating NFXL1 (1001) ...  
INFO  @ Wed, 05 Jul 2023 09:37:00: Thread 0: Calculating MLL1 (2001) ...  
INFO  @ Wed, 05 Jul 2023 09:37:07: Thread 0: Calculating RNF146 (3001) ...  
INFO  @ Wed, 05 Jul 2023 09:37:11: Thread 0 completed. 
INFO  @ Wed, 05 Jul 2023 09:37:11: All threads completed. 
INFO  @ Wed, 05 Jul 2023 09:37:12: Assigning p values... 
INFO  @ Wed, 05 Jul 2023 09:37:12: Permuting groups of gene with 21 sgRNAs per gene. Group progress: 21/41 
INFO  @ Wed, 05 Jul 2023 09:37:12: Start permuting 2 rounds ... 
INFO  @ Wed, 05 Jul 2023 09:37:12: Collecting 26156 sgRNAs from 3516 genes. 
INFO  @ Wed, 05 Jul 2023 09:37:12: Permuting round 0 ... 
INFO  @ Wed, 05 Jul 2023 09:37:12: Thread 0 started. 
INFO  @ Wed, 05 Jul 2023 09:37:12: Thread 0: total 3516 instances. 
INFO  @ Wed, 05 Jul 2023 09:37:12: Thread 0: Calculating AATK (1) ...  
INFO  @ Wed, 05 Jul 2023 09:37:18: Thread 0: Calculating NFXL1 (1001) ...  
INFO  @ Wed, 05 Jul 2023 09:37:26: Thread 0: Calculating MLL1 (2001) ...  
INFO  @ Wed, 05 Jul 2023 09:37:32: Thread 0: Calculating RNF146 (3001) ...  
INFO  @ Wed, 05 Jul 2023 09:37:35: Thread 0 completed. 
INFO  @ Wed, 05 Jul 2023 09:37:35: All threads completed. 
INFO  @ Wed, 05 Jul 2023 09:37:36: Permuting round 1 ... 
INFO  @ Wed, 05 Jul 2023 09:37:37: Thread 0 started. 
INFO  @ Wed, 05 Jul 2023 09:37:37: Thread 0: total 3516 instances. 
INFO  @ Wed, 05 Jul 2023 09:37:37: Thread 0: Calculating AATK (1) ...  
INFO  @ Wed, 05 Jul 2023 09:37:44: Thread 0: Calculating NFXL1 (1001) ...  
INFO  @ Wed, 05 Jul 2023 09:37:51: Thread 0: Calculating MLL1 (2001) ...  
INFO  @ Wed, 05 Jul 2023 09:37:58: Thread 0: Calculating RNF146 (3001) ...  
INFO  @ Wed, 05 Jul 2023 09:38:01: Thread 0 completed. 
INFO  @ Wed, 05 Jul 2023 09:38:01: All threads completed. 
INFO  @ Wed, 05 Jul 2023 09:38:02: Assigning p values... 
INFO  @ Wed, 05 Jul 2023 09:38:02: Permuting groups of gene with 22 sgRNAs per gene. Group progress: 22/41 
INFO  @ Wed, 05 Jul 2023 09:38:02: Start permuting 2 rounds ... 
INFO  @ Wed, 05 Jul 2023 09:38:03: Collecting 26156 sgRNAs from 3516 genes. 
INFO  @ Wed, 05 Jul 2023 09:38:03: Permuting round 0 ... 
INFO  @ Wed, 05 Jul 2023 09:38:03: Thread 0 started. 
INFO  @ Wed, 05 Jul 2023 09:38:03: Thread 0: total 3516 instances. 
INFO  @ Wed, 05 Jul 2023 09:38:03: Thread 0: Calculating AATK (1) ...  
INFO  @ Wed, 05 Jul 2023 09:38:10: Thread 0: Calculating NFXL1 (1001) ...  
INFO  @ Wed, 05 Jul 2023 09:38:15: Thread 0: Calculating MLL1 (2001) ...  
INFO  @ Wed, 05 Jul 2023 09:38:22: Thread 0: Calculating RNF146 (3001) ...  
INFO  @ Wed, 05 Jul 2023 09:38:26: Thread 0 completed. 
INFO  @ Wed, 05 Jul 2023 09:38:26: All threads completed. 
INFO  @ Wed, 05 Jul 2023 09:38:27: Permuting round 1 ... 
INFO  @ Wed, 05 Jul 2023 09:38:27: Thread 0 started. 
INFO  @ Wed, 05 Jul 2023 09:38:27: Thread 0: total 3516 instances. 
INFO  @ Wed, 05 Jul 2023 09:38:27: Thread 0: Calculating AATK (1) ...  
INFO  @ Wed, 05 Jul 2023 09:38:34: Thread 0: Calculating NFXL1 (1001) ...  
INFO  @ Wed, 05 Jul 2023 09:38:41: Thread 0: Calculating MLL1 (2001) ...  
INFO  @ Wed, 05 Jul 2023 09:38:49: Thread 0: Calculating RNF146 (3001) ...  
INFO  @ Wed, 05 Jul 2023 09:38:53: Thread 0 completed. 
INFO  @ Wed, 05 Jul 2023 09:38:53: All threads completed. 
INFO  @ Wed, 05 Jul 2023 09:38:54: Assigning p values... 
INFO  @ Wed, 05 Jul 2023 09:38:54: Permuting groups of gene with 23 sgRNAs per gene. Group progress: 23/41 
INFO  @ Wed, 05 Jul 2023 09:38:54: Start permuting 2 rounds ... 
INFO  @ Wed, 05 Jul 2023 09:38:54: Collecting 26156 sgRNAs from 3516 genes. 
INFO  @ Wed, 05 Jul 2023 09:38:54: Permuting round 0 ... 
INFO  @ Wed, 05 Jul 2023 09:38:54: Thread 0 started. 
INFO  @ Wed, 05 Jul 2023 09:38:54: Thread 0: total 3516 instances. 
INFO  @ Wed, 05 Jul 2023 09:38:54: Thread 0: Calculating AATK (1) ...  
INFO  @ Wed, 05 Jul 2023 09:39:02: Thread 0: Calculating NFXL1 (1001) ...  
INFO  @ Wed, 05 Jul 2023 09:39:08: Thread 0: Calculating MLL1 (2001) ...  
INFO  @ Wed, 05 Jul 2023 09:39:16: Thread 0: Calculating RNF146 (3001) ...  
INFO  @ Wed, 05 Jul 2023 09:39:19: Thread 0 completed. 
INFO  @ Wed, 05 Jul 2023 09:39:19: All threads completed. 
INFO  @ Wed, 05 Jul 2023 09:39:20: Permuting round 1 ... 
INFO  @ Wed, 05 Jul 2023 09:39:20: Thread 0 started. 
INFO  @ Wed, 05 Jul 2023 09:39:20: Thread 0: total 3516 instances. 
INFO  @ Wed, 05 Jul 2023 09:39:20: Thread 0: Calculating AATK (1) ...  
INFO  @ Wed, 05 Jul 2023 09:39:27: Thread 0: Calculating NFXL1 (1001) ...  
INFO  @ Wed, 05 Jul 2023 09:39:34: Thread 0: Calculating MLL1 (2001) ...  
INFO  @ Wed, 05 Jul 2023 09:39:41: Thread 0: Calculating RNF146 (3001) ...  
INFO  @ Wed, 05 Jul 2023 09:39:44: Thread 0 completed. 
INFO  @ Wed, 05 Jul 2023 09:39:44: All threads completed. 
INFO  @ Wed, 05 Jul 2023 09:39:45: Assigning p values... 
INFO  @ Wed, 05 Jul 2023 09:39:45: Permuting groups of gene with 24 sgRNAs per gene. Group progress: 24/41 
INFO  @ Wed, 05 Jul 2023 09:39:45: Start permuting 2 rounds ... 
INFO  @ Wed, 05 Jul 2023 09:39:45: Collecting 26156 sgRNAs from 3516 genes. 
INFO  @ Wed, 05 Jul 2023 09:39:45: Permuting round 0 ... 
INFO  @ Wed, 05 Jul 2023 09:39:46: Thread 0 started. 
INFO  @ Wed, 05 Jul 2023 09:39:46: Thread 0: total 3516 instances. 
INFO  @ Wed, 05 Jul 2023 09:39:46: Thread 0: Calculating AATK (1) ...  
INFO  @ Wed, 05 Jul 2023 09:39:52: Thread 0: Calculating NFXL1 (1001) ...  
INFO  @ Wed, 05 Jul 2023 09:40:00: Thread 0: Calculating MLL1 (2001) ...  
INFO  @ Wed, 05 Jul 2023 09:40:07: Thread 0: Calculating RNF146 (3001) ...  
INFO  @ Wed, 05 Jul 2023 09:40:12: Thread 0 completed. 
INFO  @ Wed, 05 Jul 2023 09:40:12: All threads completed. 
INFO  @ Wed, 05 Jul 2023 09:40:13: Permuting round 1 ... 
INFO  @ Wed, 05 Jul 2023 09:40:13: Thread 0 started. 
INFO  @ Wed, 05 Jul 2023 09:40:13: Thread 0: total 3516 instances. 
INFO  @ Wed, 05 Jul 2023 09:40:13: Thread 0: Calculating AATK (1) ...  
INFO  @ Wed, 05 Jul 2023 09:40:21: Thread 0: Calculating NFXL1 (1001) ...  
INFO  @ Wed, 05 Jul 2023 09:40:27: Thread 0: Calculating MLL1 (2001) ...  
INFO  @ Wed, 05 Jul 2023 09:40:35: Thread 0: Calculating RNF146 (3001) ...  
INFO  @ Wed, 05 Jul 2023 09:40:38: Thread 0 completed. 
INFO  @ Wed, 05 Jul 2023 09:40:38: All threads completed. 
INFO  @ Wed, 05 Jul 2023 09:40:39: Assigning p values... 
INFO  @ Wed, 05 Jul 2023 09:40:39: Permuting groups of gene with 25 sgRNAs per gene. Group progress: 25/41 
INFO  @ Wed, 05 Jul 2023 09:40:39: Start permuting 2 rounds ... 
INFO  @ Wed, 05 Jul 2023 09:40:39: Collecting 26156 sgRNAs from 3516 genes. 
INFO  @ Wed, 05 Jul 2023 09:40:39: Permuting round 0 ... 
INFO  @ Wed, 05 Jul 2023 09:40:39: Thread 0 started. 
INFO  @ Wed, 05 Jul 2023 09:40:39: Thread 0: total 3516 instances. 
INFO  @ Wed, 05 Jul 2023 09:40:39: Thread 0: Calculating AATK (1) ...  
INFO  @ Wed, 05 Jul 2023 09:40:47: Thread 0: Calculating NFXL1 (1001) ...  
INFO  @ Wed, 05 Jul 2023 09:40:55: Thread 0: Calculating MLL1 (2001) ...  
INFO  @ Wed, 05 Jul 2023 09:41:02: Thread 0: Calculating RNF146 (3001) ...  
INFO  @ Wed, 05 Jul 2023 09:41:05: Thread 0 completed. 
INFO  @ Wed, 05 Jul 2023 09:41:05: All threads completed. 
INFO  @ Wed, 05 Jul 2023 09:41:07: Permuting round 1 ... 
INFO  @ Wed, 05 Jul 2023 09:41:07: Thread 0 started. 
INFO  @ Wed, 05 Jul 2023 09:41:07: Thread 0: total 3516 instances. 
INFO  @ Wed, 05 Jul 2023 09:41:07: Thread 0: Calculating AATK (1) ...  
INFO  @ Wed, 05 Jul 2023 09:41:15: Thread 0: Calculating NFXL1 (1001) ...  
INFO  @ Wed, 05 Jul 2023 09:41:22: Thread 0: Calculating MLL1 (2001) ...  
INFO  @ Wed, 05 Jul 2023 09:41:29: Thread 0: Calculating RNF146 (3001) ...  
INFO  @ Wed, 05 Jul 2023 09:41:33: Thread 0 completed. 
INFO  @ Wed, 05 Jul 2023 09:41:33: All threads completed. 
INFO  @ Wed, 05 Jul 2023 09:41:34: Assigning p values... 
INFO  @ Wed, 05 Jul 2023 09:41:34: Permuting groups of gene with 27 sgRNAs per gene. Group progress: 26/41 
INFO  @ Wed, 05 Jul 2023 09:41:34: Start permuting 2 rounds ... 
INFO  @ Wed, 05 Jul 2023 09:41:34: Collecting 26156 sgRNAs from 3516 genes. 
INFO  @ Wed, 05 Jul 2023 09:41:34: Permuting round 0 ... 
INFO  @ Wed, 05 Jul 2023 09:41:35: Thread 0 started. 
INFO  @ Wed, 05 Jul 2023 09:41:35: Thread 0: total 3516 instances. 
INFO  @ Wed, 05 Jul 2023 09:41:35: Thread 0: Calculating AATK (1) ...  
INFO  @ Wed, 05 Jul 2023 09:41:42: Thread 0: Calculating NFXL1 (1001) ...  
INFO  @ Wed, 05 Jul 2023 09:41:49: Thread 0: Calculating MLL1 (2001) ...  
INFO  @ Wed, 05 Jul 2023 09:41:56: Thread 0: Calculating RNF146 (3001) ...  
INFO  @ Wed, 05 Jul 2023 09:42:00: Thread 0 completed. 
INFO  @ Wed, 05 Jul 2023 09:42:00: All threads completed. 
INFO  @ Wed, 05 Jul 2023 09:42:01: Permuting round 1 ... 
INFO  @ Wed, 05 Jul 2023 09:42:02: Thread 0 started. 
INFO  @ Wed, 05 Jul 2023 09:42:02: Thread 0: total 3516 instances. 
INFO  @ Wed, 05 Jul 2023 09:42:02: Thread 0: Calculating AATK (1) ...  
INFO  @ Wed, 05 Jul 2023 09:42:10: Thread 0: Calculating NFXL1 (1001) ...  
INFO  @ Wed, 05 Jul 2023 09:42:18: Thread 0: Calculating MLL1 (2001) ...  
INFO  @ Wed, 05 Jul 2023 09:42:25: Thread 0: Calculating RNF146 (3001) ...  
INFO  @ Wed, 05 Jul 2023 09:42:29: Thread 0 completed. 
INFO  @ Wed, 05 Jul 2023 09:42:29: All threads completed. 
INFO  @ Wed, 05 Jul 2023 09:42:31: Assigning p values... 
INFO  @ Wed, 05 Jul 2023 09:42:31: Permuting groups of gene with 28 sgRNAs per gene. Group progress: 27/41 
INFO  @ Wed, 05 Jul 2023 09:42:31: Start permuting 2 rounds ... 
INFO  @ Wed, 05 Jul 2023 09:42:31: Collecting 26156 sgRNAs from 3516 genes. 
INFO  @ Wed, 05 Jul 2023 09:42:31: Permuting round 0 ... 
INFO  @ Wed, 05 Jul 2023 09:42:31: Thread 0 started. 
INFO  @ Wed, 05 Jul 2023 09:42:31: Thread 0: total 3516 instances. 
INFO  @ Wed, 05 Jul 2023 09:42:31: Thread 0: Calculating AATK (1) ...  
INFO  @ Wed, 05 Jul 2023 09:42:39: Thread 0: Calculating NFXL1 (1001) ...  
INFO  @ Wed, 05 Jul 2023 09:42:46: Thread 0: Calculating MLL1 (2001) ...  
INFO  @ Wed, 05 Jul 2023 09:42:54: Thread 0: Calculating RNF146 (3001) ...  
INFO  @ Wed, 05 Jul 2023 09:42:58: Thread 0 completed. 
INFO  @ Wed, 05 Jul 2023 09:42:58: All threads completed. 
INFO  @ Wed, 05 Jul 2023 09:42:59: Permuting round 1 ... 
INFO  @ Wed, 05 Jul 2023 09:42:59: Thread 0 started. 
INFO  @ Wed, 05 Jul 2023 09:42:59: Thread 0: total 3516 instances. 
INFO  @ Wed, 05 Jul 2023 09:42:59: Thread 0: Calculating AATK (1) ...  
INFO  @ Wed, 05 Jul 2023 09:43:07: Thread 0: Calculating NFXL1 (1001) ...  
INFO  @ Wed, 05 Jul 2023 09:43:16: Thread 0: Calculating MLL1 (2001) ...  
INFO  @ Wed, 05 Jul 2023 09:43:22: Thread 0: Calculating RNF146 (3001) ...  
INFO  @ Wed, 05 Jul 2023 09:43:26: Thread 0 completed. 
INFO  @ Wed, 05 Jul 2023 09:43:26: All threads completed. 
INFO  @ Wed, 05 Jul 2023 09:43:27: Assigning p values... 
INFO  @ Wed, 05 Jul 2023 09:43:27: Permuting groups of gene with 29 sgRNAs per gene. Group progress: 28/41 
INFO  @ Wed, 05 Jul 2023 09:43:27: Start permuting 2 rounds ... 
INFO  @ Wed, 05 Jul 2023 09:43:28: Collecting 26156 sgRNAs from 3516 genes. 
INFO  @ Wed, 05 Jul 2023 09:43:28: Permuting round 0 ... 
INFO  @ Wed, 05 Jul 2023 09:43:28: Thread 0 started. 
INFO  @ Wed, 05 Jul 2023 09:43:28: Thread 0: total 3516 instances. 
INFO  @ Wed, 05 Jul 2023 09:43:28: Thread 0: Calculating AATK (1) ...  
INFO  @ Wed, 05 Jul 2023 09:43:37: Thread 0: Calculating NFXL1 (1001) ...  
INFO  @ Wed, 05 Jul 2023 09:43:47: Thread 0: Calculating MLL1 (2001) ...  
INFO  @ Wed, 05 Jul 2023 09:43:54: Thread 0: Calculating RNF146 (3001) ...  
INFO  @ Wed, 05 Jul 2023 09:43:58: Thread 0 completed. 
INFO  @ Wed, 05 Jul 2023 09:43:58: All threads completed. 
INFO  @ Wed, 05 Jul 2023 09:44:00: Permuting round 1 ... 
INFO  @ Wed, 05 Jul 2023 09:44:00: Thread 0 started. 
INFO  @ Wed, 05 Jul 2023 09:44:00: Thread 0: total 3516 instances. 
INFO  @ Wed, 05 Jul 2023 09:44:00: Thread 0: Calculating AATK (1) ...  
INFO  @ Wed, 05 Jul 2023 09:44:08: Thread 0: Calculating NFXL1 (1001) ...  
INFO  @ Wed, 05 Jul 2023 09:44:18: Thread 0: Calculating MLL1 (2001) ...  
INFO  @ Wed, 05 Jul 2023 09:44:24: Thread 0: Calculating RNF146 (3001) ...  
INFO  @ Wed, 05 Jul 2023 09:44:29: Thread 0 completed. 
INFO  @ Wed, 05 Jul 2023 09:44:29: All threads completed. 
INFO  @ Wed, 05 Jul 2023 09:44:30: Assigning p values... 
INFO  @ Wed, 05 Jul 2023 09:44:30: Permuting groups of gene with 30 sgRNAs per gene. Group progress: 29/41 
INFO  @ Wed, 05 Jul 2023 09:44:30: Start permuting 2 rounds ... 
INFO  @ Wed, 05 Jul 2023 09:44:30: Collecting 26156 sgRNAs from 3516 genes. 
INFO  @ Wed, 05 Jul 2023 09:44:30: Permuting round 0 ... 
INFO  @ Wed, 05 Jul 2023 09:44:31: Thread 0 started. 
INFO  @ Wed, 05 Jul 2023 09:44:31: Thread 0: total 3516 instances. 
INFO  @ Wed, 05 Jul 2023 09:44:31: Thread 0: Calculating AATK (1) ...  
INFO  @ Wed, 05 Jul 2023 09:44:39: Thread 0: Calculating NFXL1 (1001) ...  
INFO  @ Wed, 05 Jul 2023 09:44:47: Thread 0: Calculating MLL1 (2001) ...  
INFO  @ Wed, 05 Jul 2023 09:44:54: Thread 0: Calculating RNF146 (3001) ...  
INFO  @ Wed, 05 Jul 2023 09:44:58: Thread 0 completed. 
INFO  @ Wed, 05 Jul 2023 09:44:58: All threads completed. 
INFO  @ Wed, 05 Jul 2023 09:44:59: Permuting round 1 ... 
INFO  @ Wed, 05 Jul 2023 09:45:00: Thread 0 started. 
INFO  @ Wed, 05 Jul 2023 09:45:00: Thread 0: total 3516 instances. 
INFO  @ Wed, 05 Jul 2023 09:45:00: Thread 0: Calculating AATK (1) ...  
INFO  @ Wed, 05 Jul 2023 09:45:08: Thread 0: Calculating NFXL1 (1001) ...  
INFO  @ Wed, 05 Jul 2023 09:45:16: Thread 0: Calculating MLL1 (2001) ...  
INFO  @ Wed, 05 Jul 2023 09:45:25: Thread 0: Calculating RNF146 (3001) ...  
INFO  @ Wed, 05 Jul 2023 09:45:28: Thread 0 completed. 
INFO  @ Wed, 05 Jul 2023 09:45:28: All threads completed. 
INFO  @ Wed, 05 Jul 2023 09:45:30: Assigning p values... 
INFO  @ Wed, 05 Jul 2023 09:45:30: Permuting groups of gene with 31 sgRNAs per gene. Group progress: 30/41 
INFO  @ Wed, 05 Jul 2023 09:45:30: Start permuting 2 rounds ... 
INFO  @ Wed, 05 Jul 2023 09:45:30: Collecting 26156 sgRNAs from 3516 genes. 
INFO  @ Wed, 05 Jul 2023 09:45:30: Permuting round 0 ... 
INFO  @ Wed, 05 Jul 2023 09:45:30: Thread 0 started. 
INFO  @ Wed, 05 Jul 2023 09:45:30: Thread 0: total 3516 instances. 
INFO  @ Wed, 05 Jul 2023 09:45:30: Thread 0: Calculating AATK (1) ...  
INFO  @ Wed, 05 Jul 2023 09:45:47: Thread 0: Calculating NFXL1 (1001) ...  
INFO  @ Wed, 05 Jul 2023 09:46:05: Thread 0: Calculating MLL1 (2001) ...  
INFO  @ Wed, 05 Jul 2023 09:46:23: Thread 0: Calculating RNF146 (3001) ...  
INFO  @ Wed, 05 Jul 2023 09:46:37: Thread 0 completed. 
INFO  @ Wed, 05 Jul 2023 09:46:37: All threads completed. 
INFO  @ Wed, 05 Jul 2023 09:46:39: Permuting round 1 ... 
INFO  @ Wed, 05 Jul 2023 09:46:40: Thread 0 started. 
INFO  @ Wed, 05 Jul 2023 09:46:40: Thread 0: total 3516 instances. 
INFO  @ Wed, 05 Jul 2023 09:46:40: Thread 0: Calculating AATK (1) ...  
INFO  @ Wed, 05 Jul 2023 09:47:11: Thread 0: Calculating NFXL1 (1001) ...  
INFO  @ Wed, 05 Jul 2023 09:47:42: Thread 0: Calculating MLL1 (2001) ...  
INFO  @ Wed, 05 Jul 2023 09:48:07: Thread 0: Calculating RNF146 (3001) ...  
INFO  @ Wed, 05 Jul 2023 09:48:26: Thread 0 completed. 
INFO  @ Wed, 05 Jul 2023 09:48:26: All threads completed. 
INFO  @ Wed, 05 Jul 2023 09:48:27: Assigning p values... 
INFO  @ Wed, 05 Jul 2023 09:48:27: Permuting groups of gene with 32 sgRNAs per gene. Group progress: 31/41 
INFO  @ Wed, 05 Jul 2023 09:48:27: Start permuting 2 rounds ... 
INFO  @ Wed, 05 Jul 2023 09:48:27: Collecting 26156 sgRNAs from 3516 genes. 
INFO  @ Wed, 05 Jul 2023 09:48:28: Permuting round 0 ... 
INFO  @ Wed, 05 Jul 2023 09:48:28: Thread 0 started. 
INFO  @ Wed, 05 Jul 2023 09:48:28: Thread 0: total 3516 instances. 
INFO  @ Wed, 05 Jul 2023 09:48:28: Thread 0: Calculating AATK (1) ...  
INFO  @ Wed, 05 Jul 2023 09:48:57: Thread 0: Calculating NFXL1 (1001) ...  
INFO  @ Wed, 05 Jul 2023 09:49:25: Thread 0: Calculating MLL1 (2001) ...  
INFO  @ Wed, 05 Jul 2023 09:49:55: Thread 0: Calculating RNF146 (3001) ...  
INFO  @ Wed, 05 Jul 2023 09:50:07: Thread 0 completed. 
INFO  @ Wed, 05 Jul 2023 09:50:07: All threads completed. 
INFO  @ Wed, 05 Jul 2023 09:50:09: Permuting round 1 ... 
INFO  @ Wed, 05 Jul 2023 09:50:09: Thread 0 started. 
INFO  @ Wed, 05 Jul 2023 09:50:09: Thread 0: total 3516 instances. 
INFO  @ Wed, 05 Jul 2023 09:50:09: Thread 0: Calculating AATK (1) ...  
INFO  @ Wed, 05 Jul 2023 09:50:40: Thread 0: Calculating NFXL1 (1001) ...  
INFO  @ Wed, 05 Jul 2023 09:51:06: Thread 0: Calculating MLL1 (2001) ...  
INFO  @ Wed, 05 Jul 2023 09:51:37: Thread 0: Calculating RNF146 (3001) ...  
INFO  @ Wed, 05 Jul 2023 09:51:54: Thread 0 completed. 
INFO  @ Wed, 05 Jul 2023 09:51:54: All threads completed. 
INFO  @ Wed, 05 Jul 2023 09:51:55: Assigning p values... 
INFO  @ Wed, 05 Jul 2023 09:51:55: Permuting groups of gene with 33 sgRNAs per gene. Group progress: 32/41 
INFO  @ Wed, 05 Jul 2023 09:51:55: Start permuting 2 rounds ... 
INFO  @ Wed, 05 Jul 2023 09:51:56: Collecting 26156 sgRNAs from 3516 genes. 
INFO  @ Wed, 05 Jul 2023 09:51:56: Permuting round 0 ... 
INFO  @ Wed, 05 Jul 2023 09:51:57: Thread 0 started. 
INFO  @ Wed, 05 Jul 2023 09:51:57: Thread 0: total 3516 instances. 
INFO  @ Wed, 05 Jul 2023 09:51:57: Thread 0: Calculating AATK (1) ...  
INFO  @ Wed, 05 Jul 2023 09:52:29: Thread 0: Calculating NFXL1 (1001) ...  
INFO  @ Wed, 05 Jul 2023 09:53:00: Thread 0: Calculating MLL1 (2001) ...  
INFO  @ Wed, 05 Jul 2023 09:53:31: Thread 0: Calculating RNF146 (3001) ...  
INFO  @ Wed, 05 Jul 2023 09:53:45: Thread 0 completed. 
INFO  @ Wed, 05 Jul 2023 09:53:45: All threads completed. 
INFO  @ Wed, 05 Jul 2023 09:53:47: Permuting round 1 ... 
INFO  @ Wed, 05 Jul 2023 09:53:47: Thread 0 started. 
INFO  @ Wed, 05 Jul 2023 09:53:47: Thread 0: total 3516 instances. 
INFO  @ Wed, 05 Jul 2023 09:53:47: Thread 0: Calculating AATK (1) ...  
INFO  @ Wed, 05 Jul 2023 09:54:18: Thread 0: Calculating NFXL1 (1001) ...  
INFO  @ Wed, 05 Jul 2023 09:54:42: Thread 0: Calculating MLL1 (2001) ...  
INFO  @ Wed, 05 Jul 2023 09:55:14: Thread 0: Calculating RNF146 (3001) ...  
INFO  @ Wed, 05 Jul 2023 09:55:27: Thread 0 completed. 
INFO  @ Wed, 05 Jul 2023 09:55:27: All threads completed. 
INFO  @ Wed, 05 Jul 2023 09:55:29: Assigning p values... 
INFO  @ Wed, 05 Jul 2023 09:55:29: Permuting groups of gene with 34 sgRNAs per gene. Group progress: 33/41 
INFO  @ Wed, 05 Jul 2023 09:55:29: Start permuting 2 rounds ... 
INFO  @ Wed, 05 Jul 2023 09:55:29: Collecting 26156 sgRNAs from 3516 genes. 
INFO  @ Wed, 05 Jul 2023 09:55:30: Permuting round 0 ... 
INFO  @ Wed, 05 Jul 2023 09:55:30: Thread 0 started. 
INFO  @ Wed, 05 Jul 2023 09:55:30: Thread 0: total 3516 instances. 
INFO  @ Wed, 05 Jul 2023 09:55:30: Thread 0: Calculating AATK (1) ...  
INFO  @ Wed, 05 Jul 2023 09:56:04: Thread 0: Calculating NFXL1 (1001) ...  
INFO  @ Wed, 05 Jul 2023 09:56:33: Thread 0: Calculating MLL1 (2001) ...  
INFO  @ Wed, 05 Jul 2023 09:57:08: Thread 0: Calculating RNF146 (3001) ...  
INFO  @ Wed, 05 Jul 2023 09:57:23: Thread 0 completed. 
INFO  @ Wed, 05 Jul 2023 09:57:23: All threads completed. 
INFO  @ Wed, 05 Jul 2023 09:57:25: Permuting round 1 ... 
INFO  @ Wed, 05 Jul 2023 09:57:25: Thread 0 started. 
INFO  @ Wed, 05 Jul 2023 09:57:25: Thread 0: total 3516 instances. 
INFO  @ Wed, 05 Jul 2023 09:57:25: Thread 0: Calculating AATK (1) ...  
INFO  @ Wed, 05 Jul 2023 09:58:00: Thread 0: Calculating NFXL1 (1001) ...  
INFO  @ Wed, 05 Jul 2023 09:58:34: Thread 0: Calculating MLL1 (2001) ...  
INFO  @ Wed, 05 Jul 2023 09:59:07: Thread 0: Calculating RNF146 (3001) ...  
INFO  @ Wed, 05 Jul 2023 09:59:21: Thread 0 completed. 
INFO  @ Wed, 05 Jul 2023 09:59:21: All threads completed. 
INFO  @ Wed, 05 Jul 2023 09:59:23: Assigning p values... 
INFO  @ Wed, 05 Jul 2023 09:59:23: Permuting groups of gene with 37 sgRNAs per gene. Group progress: 34/41 
INFO  @ Wed, 05 Jul 2023 09:59:23: Start permuting 2 rounds ... 
INFO  @ Wed, 05 Jul 2023 09:59:23: Collecting 26156 sgRNAs from 3516 genes. 
INFO  @ Wed, 05 Jul 2023 09:59:23: Permuting round 0 ... 
INFO  @ Wed, 05 Jul 2023 09:59:24: Thread 0 started. 
INFO  @ Wed, 05 Jul 2023 09:59:24: Thread 0: total 3516 instances. 
INFO  @ Wed, 05 Jul 2023 09:59:24: Thread 0: Calculating AATK (1) ...  
INFO  @ Wed, 05 Jul 2023 10:00:06: Thread 0: Calculating NFXL1 (1001) ...  
INFO  @ Wed, 05 Jul 2023 10:00:38: Thread 0: Calculating MLL1 (2001) ...  
INFO  @ Wed, 05 Jul 2023 10:01:15: Thread 0: Calculating RNF146 (3001) ...  
INFO  @ Wed, 05 Jul 2023 10:01:36: Thread 0 completed. 
INFO  @ Wed, 05 Jul 2023 10:01:36: All threads completed. 
INFO  @ Wed, 05 Jul 2023 10:01:38: Permuting round 1 ... 
INFO  @ Wed, 05 Jul 2023 10:01:38: Thread 0 started. 
INFO  @ Wed, 05 Jul 2023 10:01:38: Thread 0: total 3516 instances. 
INFO  @ Wed, 05 Jul 2023 10:01:38: Thread 0: Calculating AATK (1) ...  
INFO  @ Wed, 05 Jul 2023 10:02:13: Thread 0: Calculating NFXL1 (1001) ...  
INFO  @ Wed, 05 Jul 2023 10:02:50: Thread 0: Calculating MLL1 (2001) ...  
INFO  @ Wed, 05 Jul 2023 10:03:30: Thread 0: Calculating RNF146 (3001) ...  
INFO  @ Wed, 05 Jul 2023 10:03:48: Thread 0 completed. 
INFO  @ Wed, 05 Jul 2023 10:03:48: All threads completed. 
INFO  @ Wed, 05 Jul 2023 10:03:50: Assigning p values... 
INFO  @ Wed, 05 Jul 2023 10:03:50: Groups of gene with 42 sgRNAs per gene: assigning p values based on previous group results. Group progress: 35/41 
INFO  @ Wed, 05 Jul 2023 10:03:50: Groups of gene with 46 sgRNAs per gene: assigning p values based on previous group results. Group progress: 36/41 
INFO  @ Wed, 05 Jul 2023 10:03:50: Groups of gene with 47 sgRNAs per gene: assigning p values based on previous group results. Group progress: 37/41 
INFO  @ Wed, 05 Jul 2023 10:03:50: Groups of gene with 48 sgRNAs per gene: assigning p values based on previous group results. Group progress: 38/41 
INFO  @ Wed, 05 Jul 2023 10:03:50: Groups of gene with 49 sgRNAs per gene: assigning p values based on previous group results. Group progress: 39/41 
INFO  @ Wed, 05 Jul 2023 10:03:50: Groups of gene with 56 sgRNAs per gene: assigning p values based on previous group results. Group progress: 40/41 
INFO  @ Wed, 05 Jul 2023 10:03:50: Groups of gene with 67 sgRNAs per gene: assigning p values based on previous group results. Group progress: 41/41 
INFO  @ Wed, 05 Jul 2023 10:03:50: Writing gene results to mle_count-A2780-Cont2.gene_summary.txt 
INFO  @ Wed, 05 Jul 2023 10:03:50: Writing sgRNA results to mle_count-A2780-Cont2.sgrna_summary.txt 
