INFO  @ Fri, 10 Mar 2023 16:05:47: Parameters: /home/ryan/miniconda3/envs/mageck/bin/mageck mle -k count-DLD1-Cont2_P10.13-i.f-wo-cdk12.csv -d matrixDLD1-Cont2_P10.13.txt -n mle_DLD1-Cont2_P10.13-stratified 
INFO  @ Fri, 10 Mar 2023 16:05:47: Cannot parse design matrix as a string; try to parse it as a file name ... 
INFO  @ Fri, 10 Mar 2023 16:05:47: Design matrix: 
INFO  @ Fri, 10 Mar 2023 16:05:47: [[1. 0.] 
INFO  @ Fri, 10 Mar 2023 16:05:47:  [1. 1.]] 
INFO  @ Fri, 10 Mar 2023 16:05:47: Beta labels:baseline,Cont2_P10.13 
INFO  @ Fri, 10 Mar 2023 16:05:47: Included samples:DLD1-Cont2_P10.13.initial,DLD1-Cont2_P10.13.final 
INFO  @ Fri, 10 Mar 2023 16:05:47: Treating count-DLD1-Cont2_P10.13-i.f-wo-cdk12.csv as csv file ... 
INFO  @ Fri, 10 Mar 2023 16:05:47: Loaded samples:DLD1-Cont2_P10.13.initial;DLD1-Cont2_P10.13.final 
INFO  @ Fri, 10 Mar 2023 16:05:47: Sample index: 0;1 
INFO  @ Fri, 10 Mar 2023 16:05:47: Loaded 3514 genes. 
DEBUG @ Fri, 10 Mar 2023 16:05:47: Initial (total) size factor: 0.8431600133366446 1.2285231095813796 
DEBUG @ Fri, 10 Mar 2023 16:05:47: Median factor: 0.8151397496812564 1.2290265343932725 
INFO  @ Fri, 10 Mar 2023 16:05:47: Final size factor: 0.8151397496812564 1.2290265343932725 
INFO  @ Fri, 10 Mar 2023 16:05:47: size factor: 1.2267835060074417,0.8136520831860357 
INFO  @ Fri, 10 Mar 2023 16:05:47: Thread 0 started. 
INFO  @ Fri, 10 Mar 2023 16:05:47: Thread 0: total 1 instances. 
INFO  @ Fri, 10 Mar 2023 16:05:47: Thread 0 completed. 
INFO  @ Fri, 10 Mar 2023 16:05:47: All threads completed. 
INFO  @ Fri, 10 Mar 2023 16:05:47: Modeling the mean and variance ... 
INFO  @ Fri, 10 Mar 2023 16:05:47: Run the algorithm for the second time ... 
INFO  @ Fri, 10 Mar 2023 16:05:47: Skipping gene KMT2C from MLE calculation since there are too many sgRNAs. To change, revise the --max-sgrnapergene-permutation option. 
INFO  @ Fri, 10 Mar 2023 16:05:47: Skipping gene KMT2A from MLE calculation since there are too many sgRNAs. To change, revise the --max-sgrnapergene-permutation option. 
INFO  @ Fri, 10 Mar 2023 16:05:47: Skipping gene KMT2B from MLE calculation since there are too many sgRNAs. To change, revise the --max-sgrnapergene-permutation option. 
INFO  @ Fri, 10 Mar 2023 16:05:47: Skipping gene KMT2D from MLE calculation since there are too many sgRNAs. To change, revise the --max-sgrnapergene-permutation option. 
INFO  @ Fri, 10 Mar 2023 16:05:47: Skipping gene NSD1 from MLE calculation since there are too many sgRNAs. To change, revise the --max-sgrnapergene-permutation option. 
INFO  @ Fri, 10 Mar 2023 16:05:47: Skipping gene KDM2B from MLE calculation since there are too many sgRNAs. To change, revise the --max-sgrnapergene-permutation option. 
INFO  @ Fri, 10 Mar 2023 16:05:47: Skipping gene TDRD6 from MLE calculation since there are too many sgRNAs. To change, revise the --max-sgrnapergene-permutation option. 
INFO  @ Fri, 10 Mar 2023 16:05:47: Skipping gene PBRM1 from MLE calculation since there are too many sgRNAs. To change, revise the --max-sgrnapergene-permutation option. 
INFO  @ Fri, 10 Mar 2023 16:05:47: Skipping gene NKX2 from MLE calculation since there are too many sgRNAs. To change, revise the --max-sgrnapergene-permutation option. 
INFO  @ Fri, 10 Mar 2023 16:05:47: Skipping gene RNF17 from MLE calculation since there are too many sgRNAs. To change, revise the --max-sgrnapergene-permutation option. 
INFO  @ Fri, 10 Mar 2023 16:05:47: Skipping gene KDM2A from MLE calculation since there are too many sgRNAs. To change, revise the --max-sgrnapergene-permutation option. 
INFO  @ Fri, 10 Mar 2023 16:05:47: Thread 0 started. 
INFO  @ Fri, 10 Mar 2023 16:05:47: Thread 0: total 3503 instances. 
INFO  @ Fri, 10 Mar 2023 16:05:47: Thread 0: Calculating SETD1B (1) ...  
INFO  @ Fri, 10 Mar 2023 16:05:50: Thread 0: Calculating SFMBT2 (1001) ...  
INFO  @ Fri, 10 Mar 2023 16:05:53: Thread 0: Calculating ZNF433 (2001) ...  
INFO  @ Fri, 10 Mar 2023 16:05:55: Thread 0: Calculating MMP12 (3001) ...  
INFO  @ Fri, 10 Mar 2023 16:05:57: Thread 0 completed. 
INFO  @ Fri, 10 Mar 2023 16:05:57: All threads completed. 
INFO  @ Fri, 10 Mar 2023 16:05:57: Permuting groups of gene with 1 sgRNAs per gene. Group progress: 1/41 
INFO  @ Fri, 10 Mar 2023 16:05:57: Start permuting 2 rounds ... 
INFO  @ Fri, 10 Mar 2023 16:05:57: Collecting 25857 sgRNAs from 3514 genes. 
INFO  @ Fri, 10 Mar 2023 16:05:58: Permuting round 0 ... 
INFO  @ Fri, 10 Mar 2023 16:05:58: Thread 0 started. 
INFO  @ Fri, 10 Mar 2023 16:05:58: Thread 0: total 3514 instances. 
INFO  @ Fri, 10 Mar 2023 16:05:58: Thread 0: Calculating SETD1B (1) ...  
INFO  @ Fri, 10 Mar 2023 16:05:59: Thread 0: Calculating ZNF384 (1001) ...  
INFO  @ Fri, 10 Mar 2023 16:06:01: Thread 0: Calculating ZBTB22 (2001) ...  
INFO  @ Fri, 10 Mar 2023 16:06:03: Thread 0: Calculating NHLH1 (3001) ...  
INFO  @ Fri, 10 Mar 2023 16:06:03: Thread 0 completed. 
INFO  @ Fri, 10 Mar 2023 16:06:03: All threads completed. 
INFO  @ Fri, 10 Mar 2023 16:06:04: Permuting round 1 ... 
INFO  @ Fri, 10 Mar 2023 16:06:04: Thread 0 started. 
INFO  @ Fri, 10 Mar 2023 16:06:04: Thread 0: total 3514 instances. 
INFO  @ Fri, 10 Mar 2023 16:06:04: Thread 0: Calculating SETD1B (1) ...  
INFO  @ Fri, 10 Mar 2023 16:06:06: Thread 0: Calculating ZNF384 (1001) ...  
INFO  @ Fri, 10 Mar 2023 16:06:07: Thread 0: Calculating ZBTB22 (2001) ...  
INFO  @ Fri, 10 Mar 2023 16:06:09: Thread 0: Calculating NHLH1 (3001) ...  
INFO  @ Fri, 10 Mar 2023 16:06:10: Thread 0 completed. 
INFO  @ Fri, 10 Mar 2023 16:06:10: All threads completed. 
INFO  @ Fri, 10 Mar 2023 16:06:10: Assigning p values... 
INFO  @ Fri, 10 Mar 2023 16:06:10: Permuting groups of gene with 2 sgRNAs per gene. Group progress: 2/41 
INFO  @ Fri, 10 Mar 2023 16:06:10: Start permuting 2 rounds ... 
INFO  @ Fri, 10 Mar 2023 16:06:11: Collecting 25857 sgRNAs from 3514 genes. 
INFO  @ Fri, 10 Mar 2023 16:06:11: Permuting round 0 ... 
INFO  @ Fri, 10 Mar 2023 16:06:11: Thread 0 started. 
INFO  @ Fri, 10 Mar 2023 16:06:11: Thread 0: total 3514 instances. 
INFO  @ Fri, 10 Mar 2023 16:06:11: Thread 0: Calculating SETD1B (1) ...  
INFO  @ Fri, 10 Mar 2023 16:06:13: Thread 0: Calculating ZNF384 (1001) ...  
INFO  @ Fri, 10 Mar 2023 16:06:15: Thread 0: Calculating ZBTB22 (2001) ...  
INFO  @ Fri, 10 Mar 2023 16:06:18: Thread 0: Calculating NHLH1 (3001) ...  
INFO  @ Fri, 10 Mar 2023 16:06:19: Thread 0 completed. 
INFO  @ Fri, 10 Mar 2023 16:06:19: All threads completed. 
INFO  @ Fri, 10 Mar 2023 16:06:20: Permuting round 1 ... 
INFO  @ Fri, 10 Mar 2023 16:06:20: Thread 0 started. 
INFO  @ Fri, 10 Mar 2023 16:06:20: Thread 0: total 3514 instances. 
INFO  @ Fri, 10 Mar 2023 16:06:20: Thread 0: Calculating SETD1B (1) ...  
INFO  @ Fri, 10 Mar 2023 16:06:22: Thread 0: Calculating ZNF384 (1001) ...  
INFO  @ Fri, 10 Mar 2023 16:06:24: Thread 0: Calculating ZBTB22 (2001) ...  
INFO  @ Fri, 10 Mar 2023 16:06:26: Thread 0: Calculating NHLH1 (3001) ...  
INFO  @ Fri, 10 Mar 2023 16:06:27: Thread 0 completed. 
INFO  @ Fri, 10 Mar 2023 16:06:27: All threads completed. 
INFO  @ Fri, 10 Mar 2023 16:06:28: Assigning p values... 
INFO  @ Fri, 10 Mar 2023 16:06:28: Permuting groups of gene with 3 sgRNAs per gene. Group progress: 3/41 
INFO  @ Fri, 10 Mar 2023 16:06:28: Start permuting 2 rounds ... 
INFO  @ Fri, 10 Mar 2023 16:06:28: Collecting 25857 sgRNAs from 3514 genes. 
INFO  @ Fri, 10 Mar 2023 16:06:28: Permuting round 0 ... 
INFO  @ Fri, 10 Mar 2023 16:06:28: Thread 0 started. 
INFO  @ Fri, 10 Mar 2023 16:06:28: Thread 0: total 3514 instances. 
INFO  @ Fri, 10 Mar 2023 16:06:28: Thread 0: Calculating SETD1B (1) ...  
INFO  @ Fri, 10 Mar 2023 16:06:31: Thread 0: Calculating ZNF384 (1001) ...  
INFO  @ Fri, 10 Mar 2023 16:06:34: Thread 0: Calculating ZBTB22 (2001) ...  
INFO  @ Fri, 10 Mar 2023 16:06:36: Thread 0: Calculating NHLH1 (3001) ...  
INFO  @ Fri, 10 Mar 2023 16:06:37: Thread 0 completed. 
INFO  @ Fri, 10 Mar 2023 16:06:37: All threads completed. 
INFO  @ Fri, 10 Mar 2023 16:06:38: Permuting round 1 ... 
INFO  @ Fri, 10 Mar 2023 16:06:38: Thread 0 started. 
INFO  @ Fri, 10 Mar 2023 16:06:38: Thread 0: total 3514 instances. 
INFO  @ Fri, 10 Mar 2023 16:06:38: Thread 0: Calculating SETD1B (1) ...  
INFO  @ Fri, 10 Mar 2023 16:06:41: Thread 0: Calculating ZNF384 (1001) ...  
INFO  @ Fri, 10 Mar 2023 16:06:43: Thread 0: Calculating ZBTB22 (2001) ...  
INFO  @ Fri, 10 Mar 2023 16:06:46: Thread 0: Calculating NHLH1 (3001) ...  
INFO  @ Fri, 10 Mar 2023 16:06:47: Thread 0 completed. 
INFO  @ Fri, 10 Mar 2023 16:06:47: All threads completed. 
INFO  @ Fri, 10 Mar 2023 16:06:48: Assigning p values... 
INFO  @ Fri, 10 Mar 2023 16:06:48: Permuting groups of gene with 4 sgRNAs per gene. Group progress: 4/41 
INFO  @ Fri, 10 Mar 2023 16:06:48: Start permuting 2 rounds ... 
INFO  @ Fri, 10 Mar 2023 16:06:48: Collecting 25857 sgRNAs from 3514 genes. 
INFO  @ Fri, 10 Mar 2023 16:06:48: Permuting round 0 ... 
INFO  @ Fri, 10 Mar 2023 16:06:48: Thread 0 started. 
INFO  @ Fri, 10 Mar 2023 16:06:48: Thread 0: total 3514 instances. 
INFO  @ Fri, 10 Mar 2023 16:06:48: Thread 0: Calculating SETD1B (1) ...  
INFO  @ Fri, 10 Mar 2023 16:06:51: Thread 0: Calculating ZNF384 (1001) ...  
INFO  @ Fri, 10 Mar 2023 16:06:54: Thread 0: Calculating ZBTB22 (2001) ...  
INFO  @ Fri, 10 Mar 2023 16:06:56: Thread 0: Calculating NHLH1 (3001) ...  
INFO  @ Fri, 10 Mar 2023 16:06:58: Thread 0 completed. 
INFO  @ Fri, 10 Mar 2023 16:06:58: All threads completed. 
INFO  @ Fri, 10 Mar 2023 16:06:58: Permuting round 1 ... 
INFO  @ Fri, 10 Mar 2023 16:06:58: Thread 0 started. 
INFO  @ Fri, 10 Mar 2023 16:06:58: Thread 0: total 3514 instances. 
INFO  @ Fri, 10 Mar 2023 16:06:58: Thread 0: Calculating SETD1B (1) ...  
INFO  @ Fri, 10 Mar 2023 16:07:01: Thread 0: Calculating ZNF384 (1001) ...  
INFO  @ Fri, 10 Mar 2023 16:07:04: Thread 0: Calculating ZBTB22 (2001) ...  
INFO  @ Fri, 10 Mar 2023 16:07:07: Thread 0: Calculating NHLH1 (3001) ...  
INFO  @ Fri, 10 Mar 2023 16:07:08: Thread 0 completed. 
INFO  @ Fri, 10 Mar 2023 16:07:08: All threads completed. 
INFO  @ Fri, 10 Mar 2023 16:07:09: Assigning p values... 
INFO  @ Fri, 10 Mar 2023 16:07:09: Permuting groups of gene with 5 sgRNAs per gene. Group progress: 5/41 
INFO  @ Fri, 10 Mar 2023 16:07:09: Start permuting 2 rounds ... 
INFO  @ Fri, 10 Mar 2023 16:07:09: Collecting 25857 sgRNAs from 3514 genes. 
INFO  @ Fri, 10 Mar 2023 16:07:09: Permuting round 0 ... 
INFO  @ Fri, 10 Mar 2023 16:07:09: Thread 0 started. 
INFO  @ Fri, 10 Mar 2023 16:07:09: Thread 0: total 3514 instances. 
INFO  @ Fri, 10 Mar 2023 16:07:09: Thread 0: Calculating SETD1B (1) ...  
INFO  @ Fri, 10 Mar 2023 16:07:12: Thread 0: Calculating ZNF384 (1001) ...  
INFO  @ Fri, 10 Mar 2023 16:07:15: Thread 0: Calculating ZBTB22 (2001) ...  
INFO  @ Fri, 10 Mar 2023 16:07:17: Thread 0: Calculating NHLH1 (3001) ...  
INFO  @ Fri, 10 Mar 2023 16:07:19: Thread 0 completed. 
INFO  @ Fri, 10 Mar 2023 16:07:19: All threads completed. 
INFO  @ Fri, 10 Mar 2023 16:07:19: Permuting round 1 ... 
INFO  @ Fri, 10 Mar 2023 16:07:19: Thread 0 started. 
INFO  @ Fri, 10 Mar 2023 16:07:19: Thread 0: total 3514 instances. 
INFO  @ Fri, 10 Mar 2023 16:07:19: Thread 0: Calculating SETD1B (1) ...  
INFO  @ Fri, 10 Mar 2023 16:07:22: Thread 0: Calculating ZNF384 (1001) ...  
INFO  @ Fri, 10 Mar 2023 16:07:25: Thread 0: Calculating ZBTB22 (2001) ...  
INFO  @ Fri, 10 Mar 2023 16:07:28: Thread 0: Calculating NHLH1 (3001) ...  
INFO  @ Fri, 10 Mar 2023 16:07:29: Thread 0 completed. 
INFO  @ Fri, 10 Mar 2023 16:07:29: All threads completed. 
INFO  @ Fri, 10 Mar 2023 16:07:30: Assigning p values... 
INFO  @ Fri, 10 Mar 2023 16:07:30: Permuting groups of gene with 6 sgRNAs per gene. Group progress: 6/41 
INFO  @ Fri, 10 Mar 2023 16:07:30: Start permuting 2 rounds ... 
INFO  @ Fri, 10 Mar 2023 16:07:30: Collecting 25857 sgRNAs from 3514 genes. 
INFO  @ Fri, 10 Mar 2023 16:07:30: Permuting round 0 ... 
INFO  @ Fri, 10 Mar 2023 16:07:30: Thread 0 started. 
INFO  @ Fri, 10 Mar 2023 16:07:30: Thread 0: total 3514 instances. 
INFO  @ Fri, 10 Mar 2023 16:07:30: Thread 0: Calculating SETD1B (1) ...  
INFO  @ Fri, 10 Mar 2023 16:07:33: Thread 0: Calculating ZNF384 (1001) ...  
INFO  @ Fri, 10 Mar 2023 16:07:36: Thread 0: Calculating ZBTB22 (2001) ...  
INFO  @ Fri, 10 Mar 2023 16:07:39: Thread 0: Calculating NHLH1 (3001) ...  
INFO  @ Fri, 10 Mar 2023 16:07:40: Thread 0 completed. 
INFO  @ Fri, 10 Mar 2023 16:07:40: All threads completed. 
INFO  @ Fri, 10 Mar 2023 16:07:41: Permuting round 1 ... 
INFO  @ Fri, 10 Mar 2023 16:07:41: Thread 0 started. 
INFO  @ Fri, 10 Mar 2023 16:07:41: Thread 0: total 3514 instances. 
INFO  @ Fri, 10 Mar 2023 16:07:41: Thread 0: Calculating SETD1B (1) ...  
INFO  @ Fri, 10 Mar 2023 16:07:44: Thread 0: Calculating ZNF384 (1001) ...  
INFO  @ Fri, 10 Mar 2023 16:07:46: Thread 0: Calculating ZBTB22 (2001) ...  
INFO  @ Fri, 10 Mar 2023 16:07:49: Thread 0: Calculating NHLH1 (3001) ...  
INFO  @ Fri, 10 Mar 2023 16:07:51: Thread 0 completed. 
INFO  @ Fri, 10 Mar 2023 16:07:51: All threads completed. 
INFO  @ Fri, 10 Mar 2023 16:07:51: Assigning p values... 
INFO  @ Fri, 10 Mar 2023 16:07:51: Permuting groups of gene with 7 sgRNAs per gene. Group progress: 7/41 
INFO  @ Fri, 10 Mar 2023 16:07:51: Start permuting 2 rounds ... 
INFO  @ Fri, 10 Mar 2023 16:07:51: Collecting 25857 sgRNAs from 3514 genes. 
INFO  @ Fri, 10 Mar 2023 16:07:52: Permuting round 0 ... 
INFO  @ Fri, 10 Mar 2023 16:07:52: Thread 0 started. 
INFO  @ Fri, 10 Mar 2023 16:07:52: Thread 0: total 3514 instances. 
INFO  @ Fri, 10 Mar 2023 16:07:52: Thread 0: Calculating SETD1B (1) ...  
INFO  @ Fri, 10 Mar 2023 16:07:54: Thread 0: Calculating ZNF384 (1001) ...  
INFO  @ Fri, 10 Mar 2023 16:07:57: Thread 0: Calculating ZBTB22 (2001) ...  
INFO  @ Fri, 10 Mar 2023 16:08:00: Thread 0: Calculating NHLH1 (3001) ...  
INFO  @ Fri, 10 Mar 2023 16:08:02: Thread 0 completed. 
INFO  @ Fri, 10 Mar 2023 16:08:02: All threads completed. 
INFO  @ Fri, 10 Mar 2023 16:08:02: Permuting round 1 ... 
INFO  @ Fri, 10 Mar 2023 16:08:03: Thread 0 started. 
INFO  @ Fri, 10 Mar 2023 16:08:03: Thread 0: total 3514 instances. 
INFO  @ Fri, 10 Mar 2023 16:08:03: Thread 0: Calculating SETD1B (1) ...  
INFO  @ Fri, 10 Mar 2023 16:08:05: Thread 0: Calculating ZNF384 (1001) ...  
INFO  @ Fri, 10 Mar 2023 16:08:08: Thread 0: Calculating ZBTB22 (2001) ...  
INFO  @ Fri, 10 Mar 2023 16:08:11: Thread 0: Calculating NHLH1 (3001) ...  
INFO  @ Fri, 10 Mar 2023 16:08:12: Thread 0 completed. 
INFO  @ Fri, 10 Mar 2023 16:08:12: All threads completed. 
INFO  @ Fri, 10 Mar 2023 16:08:13: Assigning p values... 
INFO  @ Fri, 10 Mar 2023 16:08:13: Permuting groups of gene with 8 sgRNAs per gene. Group progress: 8/41 
INFO  @ Fri, 10 Mar 2023 16:08:13: Start permuting 2 rounds ... 
INFO  @ Fri, 10 Mar 2023 16:08:13: Collecting 25857 sgRNAs from 3514 genes. 
INFO  @ Fri, 10 Mar 2023 16:08:13: Permuting round 0 ... 
INFO  @ Fri, 10 Mar 2023 16:08:13: Thread 0 started. 
INFO  @ Fri, 10 Mar 2023 16:08:13: Thread 0: total 3514 instances. 
INFO  @ Fri, 10 Mar 2023 16:08:13: Thread 0: Calculating SETD1B (1) ...  
INFO  @ Fri, 10 Mar 2023 16:08:16: Thread 0: Calculating ZNF384 (1001) ...  
INFO  @ Fri, 10 Mar 2023 16:08:19: Thread 0: Calculating ZBTB22 (2001) ...  
INFO  @ Fri, 10 Mar 2023 16:08:22: Thread 0: Calculating NHLH1 (3001) ...  
INFO  @ Fri, 10 Mar 2023 16:08:23: Thread 0 completed. 
INFO  @ Fri, 10 Mar 2023 16:08:23: All threads completed. 
INFO  @ Fri, 10 Mar 2023 16:08:24: Permuting round 1 ... 
INFO  @ Fri, 10 Mar 2023 16:08:24: Thread 0 started. 
INFO  @ Fri, 10 Mar 2023 16:08:24: Thread 0: total 3514 instances. 
INFO  @ Fri, 10 Mar 2023 16:08:24: Thread 0: Calculating SETD1B (1) ...  
INFO  @ Fri, 10 Mar 2023 16:08:27: Thread 0: Calculating ZNF384 (1001) ...  
INFO  @ Fri, 10 Mar 2023 16:08:30: Thread 0: Calculating ZBTB22 (2001) ...  
INFO  @ Fri, 10 Mar 2023 16:08:33: Thread 0: Calculating NHLH1 (3001) ...  
INFO  @ Fri, 10 Mar 2023 16:08:35: Thread 0 completed. 
INFO  @ Fri, 10 Mar 2023 16:08:35: All threads completed. 
INFO  @ Fri, 10 Mar 2023 16:08:36: Assigning p values... 
INFO  @ Fri, 10 Mar 2023 16:08:36: Permuting groups of gene with 9 sgRNAs per gene. Group progress: 9/41 
INFO  @ Fri, 10 Mar 2023 16:08:36: Start permuting 2 rounds ... 
INFO  @ Fri, 10 Mar 2023 16:08:36: Collecting 25857 sgRNAs from 3514 genes. 
INFO  @ Fri, 10 Mar 2023 16:08:36: Permuting round 0 ... 
INFO  @ Fri, 10 Mar 2023 16:08:36: Thread 0 started. 
INFO  @ Fri, 10 Mar 2023 16:08:36: Thread 0: total 3514 instances. 
INFO  @ Fri, 10 Mar 2023 16:08:36: Thread 0: Calculating SETD1B (1) ...  
INFO  @ Fri, 10 Mar 2023 16:08:40: Thread 0: Calculating ZNF384 (1001) ...  
INFO  @ Fri, 10 Mar 2023 16:08:43: Thread 0: Calculating ZBTB22 (2001) ...  
INFO  @ Fri, 10 Mar 2023 16:08:46: Thread 0: Calculating NHLH1 (3001) ...  
INFO  @ Fri, 10 Mar 2023 16:08:47: Thread 0 completed. 
INFO  @ Fri, 10 Mar 2023 16:08:47: All threads completed. 
INFO  @ Fri, 10 Mar 2023 16:08:48: Permuting round 1 ... 
INFO  @ Fri, 10 Mar 2023 16:08:48: Thread 0 started. 
INFO  @ Fri, 10 Mar 2023 16:08:48: Thread 0: total 3514 instances. 
INFO  @ Fri, 10 Mar 2023 16:08:48: Thread 0: Calculating SETD1B (1) ...  
INFO  @ Fri, 10 Mar 2023 16:08:51: Thread 0: Calculating ZNF384 (1001) ...  
INFO  @ Fri, 10 Mar 2023 16:08:54: Thread 0: Calculating ZBTB22 (2001) ...  
INFO  @ Fri, 10 Mar 2023 16:08:57: Thread 0: Calculating NHLH1 (3001) ...  
INFO  @ Fri, 10 Mar 2023 16:08:58: Thread 0 completed. 
INFO  @ Fri, 10 Mar 2023 16:08:58: All threads completed. 
INFO  @ Fri, 10 Mar 2023 16:08:59: Assigning p values... 
INFO  @ Fri, 10 Mar 2023 16:08:59: Permuting groups of gene with 10 sgRNAs per gene. Group progress: 10/41 
INFO  @ Fri, 10 Mar 2023 16:08:59: Start permuting 2 rounds ... 
INFO  @ Fri, 10 Mar 2023 16:08:59: Collecting 25857 sgRNAs from 3514 genes. 
INFO  @ Fri, 10 Mar 2023 16:09:00: Permuting round 0 ... 
INFO  @ Fri, 10 Mar 2023 16:09:00: Thread 0 started. 
INFO  @ Fri, 10 Mar 2023 16:09:00: Thread 0: total 3514 instances. 
INFO  @ Fri, 10 Mar 2023 16:09:00: Thread 0: Calculating SETD1B (1) ...  
INFO  @ Fri, 10 Mar 2023 16:09:03: Thread 0: Calculating ZNF384 (1001) ...  
INFO  @ Fri, 10 Mar 2023 16:09:06: Thread 0: Calculating ZBTB22 (2001) ...  
INFO  @ Fri, 10 Mar 2023 16:09:09: Thread 0: Calculating NHLH1 (3001) ...  
INFO  @ Fri, 10 Mar 2023 16:09:10: Thread 0 completed. 
INFO  @ Fri, 10 Mar 2023 16:09:10: All threads completed. 
INFO  @ Fri, 10 Mar 2023 16:09:11: Permuting round 1 ... 
INFO  @ Fri, 10 Mar 2023 16:09:11: Thread 0 started. 
INFO  @ Fri, 10 Mar 2023 16:09:11: Thread 0: total 3514 instances. 
INFO  @ Fri, 10 Mar 2023 16:09:11: Thread 0: Calculating SETD1B (1) ...  
INFO  @ Fri, 10 Mar 2023 16:09:14: Thread 0: Calculating ZNF384 (1001) ...  
INFO  @ Fri, 10 Mar 2023 16:09:17: Thread 0: Calculating ZBTB22 (2001) ...  
INFO  @ Fri, 10 Mar 2023 16:09:20: Thread 0: Calculating NHLH1 (3001) ...  
INFO  @ Fri, 10 Mar 2023 16:09:22: Thread 0 completed. 
INFO  @ Fri, 10 Mar 2023 16:09:22: All threads completed. 
INFO  @ Fri, 10 Mar 2023 16:09:22: Assigning p values... 
INFO  @ Fri, 10 Mar 2023 16:09:22: Permuting groups of gene with 11 sgRNAs per gene. Group progress: 11/41 
INFO  @ Fri, 10 Mar 2023 16:09:22: Start permuting 2 rounds ... 
INFO  @ Fri, 10 Mar 2023 16:09:22: Collecting 25857 sgRNAs from 3514 genes. 
INFO  @ Fri, 10 Mar 2023 16:09:23: Permuting round 0 ... 
INFO  @ Fri, 10 Mar 2023 16:09:23: Thread 0 started. 
INFO  @ Fri, 10 Mar 2023 16:09:23: Thread 0: total 3514 instances. 
INFO  @ Fri, 10 Mar 2023 16:09:23: Thread 0: Calculating SETD1B (1) ...  
INFO  @ Fri, 10 Mar 2023 16:09:26: Thread 0: Calculating ZNF384 (1001) ...  
INFO  @ Fri, 10 Mar 2023 16:09:29: Thread 0: Calculating ZBTB22 (2001) ...  
INFO  @ Fri, 10 Mar 2023 16:09:32: Thread 0: Calculating NHLH1 (3001) ...  
INFO  @ Fri, 10 Mar 2023 16:09:33: Thread 0 completed. 
INFO  @ Fri, 10 Mar 2023 16:09:33: All threads completed. 
INFO  @ Fri, 10 Mar 2023 16:09:34: Permuting round 1 ... 
INFO  @ Fri, 10 Mar 2023 16:09:34: Thread 0 started. 
INFO  @ Fri, 10 Mar 2023 16:09:34: Thread 0: total 3514 instances. 
INFO  @ Fri, 10 Mar 2023 16:09:34: Thread 0: Calculating SETD1B (1) ...  
INFO  @ Fri, 10 Mar 2023 16:09:37: Thread 0: Calculating ZNF384 (1001) ...  
INFO  @ Fri, 10 Mar 2023 16:09:40: Thread 0: Calculating ZBTB22 (2001) ...  
INFO  @ Fri, 10 Mar 2023 16:09:43: Thread 0: Calculating NHLH1 (3001) ...  
INFO  @ Fri, 10 Mar 2023 16:09:45: Thread 0 completed. 
INFO  @ Fri, 10 Mar 2023 16:09:45: All threads completed. 
INFO  @ Fri, 10 Mar 2023 16:09:46: Assigning p values... 
INFO  @ Fri, 10 Mar 2023 16:09:46: Permuting groups of gene with 12 sgRNAs per gene. Group progress: 12/41 
INFO  @ Fri, 10 Mar 2023 16:09:46: Start permuting 2 rounds ... 
INFO  @ Fri, 10 Mar 2023 16:09:46: Collecting 25857 sgRNAs from 3514 genes. 
INFO  @ Fri, 10 Mar 2023 16:09:46: Permuting round 0 ... 
INFO  @ Fri, 10 Mar 2023 16:09:46: Thread 0 started. 
INFO  @ Fri, 10 Mar 2023 16:09:46: Thread 0: total 3514 instances. 
INFO  @ Fri, 10 Mar 2023 16:09:46: Thread 0: Calculating SETD1B (1) ...  
INFO  @ Fri, 10 Mar 2023 16:09:49: Thread 0: Calculating ZNF384 (1001) ...  
INFO  @ Fri, 10 Mar 2023 16:09:52: Thread 0: Calculating ZBTB22 (2001) ...  
INFO  @ Fri, 10 Mar 2023 16:09:55: Thread 0: Calculating NHLH1 (3001) ...  
INFO  @ Fri, 10 Mar 2023 16:09:57: Thread 0 completed. 
INFO  @ Fri, 10 Mar 2023 16:09:57: All threads completed. 
INFO  @ Fri, 10 Mar 2023 16:09:57: Permuting round 1 ... 
INFO  @ Fri, 10 Mar 2023 16:09:57: Thread 0 started. 
INFO  @ Fri, 10 Mar 2023 16:09:57: Thread 0: total 3514 instances. 
INFO  @ Fri, 10 Mar 2023 16:09:57: Thread 0: Calculating SETD1B (1) ...  
INFO  @ Fri, 10 Mar 2023 16:10:01: Thread 0: Calculating ZNF384 (1001) ...  
INFO  @ Fri, 10 Mar 2023 16:10:04: Thread 0: Calculating ZBTB22 (2001) ...  
INFO  @ Fri, 10 Mar 2023 16:10:07: Thread 0: Calculating NHLH1 (3001) ...  
INFO  @ Fri, 10 Mar 2023 16:10:08: Thread 0 completed. 
INFO  @ Fri, 10 Mar 2023 16:10:08: All threads completed. 
INFO  @ Fri, 10 Mar 2023 16:10:09: Assigning p values... 
INFO  @ Fri, 10 Mar 2023 16:10:09: Permuting groups of gene with 13 sgRNAs per gene. Group progress: 13/41 
INFO  @ Fri, 10 Mar 2023 16:10:09: Start permuting 2 rounds ... 
INFO  @ Fri, 10 Mar 2023 16:10:09: Collecting 25857 sgRNAs from 3514 genes. 
INFO  @ Fri, 10 Mar 2023 16:10:10: Permuting round 0 ... 
INFO  @ Fri, 10 Mar 2023 16:10:10: Thread 0 started. 
INFO  @ Fri, 10 Mar 2023 16:10:10: Thread 0: total 3514 instances. 
INFO  @ Fri, 10 Mar 2023 16:10:10: Thread 0: Calculating SETD1B (1) ...  
INFO  @ Fri, 10 Mar 2023 16:10:13: Thread 0: Calculating ZNF384 (1001) ...  
INFO  @ Fri, 10 Mar 2023 16:10:16: Thread 0: Calculating ZBTB22 (2001) ...  
INFO  @ Fri, 10 Mar 2023 16:10:19: Thread 0: Calculating NHLH1 (3001) ...  
INFO  @ Fri, 10 Mar 2023 16:10:21: Thread 0 completed. 
INFO  @ Fri, 10 Mar 2023 16:10:21: All threads completed. 
INFO  @ Fri, 10 Mar 2023 16:10:21: Permuting round 1 ... 
INFO  @ Fri, 10 Mar 2023 16:10:21: Thread 0 started. 
INFO  @ Fri, 10 Mar 2023 16:10:21: Thread 0: total 3514 instances. 
INFO  @ Fri, 10 Mar 2023 16:10:21: Thread 0: Calculating SETD1B (1) ...  
INFO  @ Fri, 10 Mar 2023 16:10:25: Thread 0: Calculating ZNF384 (1001) ...  
INFO  @ Fri, 10 Mar 2023 16:10:28: Thread 0: Calculating ZBTB22 (2001) ...  
INFO  @ Fri, 10 Mar 2023 16:10:31: Thread 0: Calculating NHLH1 (3001) ...  
INFO  @ Fri, 10 Mar 2023 16:10:33: Thread 0 completed. 
INFO  @ Fri, 10 Mar 2023 16:10:33: All threads completed. 
INFO  @ Fri, 10 Mar 2023 16:10:33: Assigning p values... 
INFO  @ Fri, 10 Mar 2023 16:10:33: Permuting groups of gene with 14 sgRNAs per gene. Group progress: 14/41 
INFO  @ Fri, 10 Mar 2023 16:10:33: Start permuting 2 rounds ... 
INFO  @ Fri, 10 Mar 2023 16:10:34: Collecting 25857 sgRNAs from 3514 genes. 
INFO  @ Fri, 10 Mar 2023 16:10:34: Permuting round 0 ... 
INFO  @ Fri, 10 Mar 2023 16:10:34: Thread 0 started. 
INFO  @ Fri, 10 Mar 2023 16:10:34: Thread 0: total 3514 instances. 
INFO  @ Fri, 10 Mar 2023 16:10:34: Thread 0: Calculating SETD1B (1) ...  
INFO  @ Fri, 10 Mar 2023 16:10:37: Thread 0: Calculating ZNF384 (1001) ...  
INFO  @ Fri, 10 Mar 2023 16:10:41: Thread 0: Calculating ZBTB22 (2001) ...  
INFO  @ Fri, 10 Mar 2023 16:10:44: Thread 0: Calculating NHLH1 (3001) ...  
INFO  @ Fri, 10 Mar 2023 16:10:45: Thread 0 completed. 
INFO  @ Fri, 10 Mar 2023 16:10:45: All threads completed. 
INFO  @ Fri, 10 Mar 2023 16:10:46: Permuting round 1 ... 
INFO  @ Fri, 10 Mar 2023 16:10:46: Thread 0 started. 
INFO  @ Fri, 10 Mar 2023 16:10:46: Thread 0: total 3514 instances. 
INFO  @ Fri, 10 Mar 2023 16:10:46: Thread 0: Calculating SETD1B (1) ...  
INFO  @ Fri, 10 Mar 2023 16:10:50: Thread 0: Calculating ZNF384 (1001) ...  
INFO  @ Fri, 10 Mar 2023 16:10:53: Thread 0: Calculating ZBTB22 (2001) ...  
INFO  @ Fri, 10 Mar 2023 16:10:57: Thread 0: Calculating NHLH1 (3001) ...  
INFO  @ Fri, 10 Mar 2023 16:10:58: Thread 0 completed. 
INFO  @ Fri, 10 Mar 2023 16:10:58: All threads completed. 
INFO  @ Fri, 10 Mar 2023 16:10:59: Assigning p values... 
INFO  @ Fri, 10 Mar 2023 16:10:59: Permuting groups of gene with 15 sgRNAs per gene. Group progress: 15/41 
INFO  @ Fri, 10 Mar 2023 16:10:59: Start permuting 2 rounds ... 
INFO  @ Fri, 10 Mar 2023 16:10:59: Collecting 25857 sgRNAs from 3514 genes. 
INFO  @ Fri, 10 Mar 2023 16:10:59: Permuting round 0 ... 
INFO  @ Fri, 10 Mar 2023 16:11:00: Thread 0 started. 
INFO  @ Fri, 10 Mar 2023 16:11:00: Thread 0: total 3514 instances. 
INFO  @ Fri, 10 Mar 2023 16:11:00: Thread 0: Calculating SETD1B (1) ...  
INFO  @ Fri, 10 Mar 2023 16:11:03: Thread 0: Calculating ZNF384 (1001) ...  
INFO  @ Fri, 10 Mar 2023 16:11:06: Thread 0: Calculating ZBTB22 (2001) ...  
INFO  @ Fri, 10 Mar 2023 16:11:10: Thread 0: Calculating NHLH1 (3001) ...  
INFO  @ Fri, 10 Mar 2023 16:11:11: Thread 0 completed. 
INFO  @ Fri, 10 Mar 2023 16:11:11: All threads completed. 
INFO  @ Fri, 10 Mar 2023 16:11:12: Permuting round 1 ... 
INFO  @ Fri, 10 Mar 2023 16:11:12: Thread 0 started. 
INFO  @ Fri, 10 Mar 2023 16:11:12: Thread 0: total 3514 instances. 
INFO  @ Fri, 10 Mar 2023 16:11:12: Thread 0: Calculating SETD1B (1) ...  
INFO  @ Fri, 10 Mar 2023 16:11:16: Thread 0: Calculating ZNF384 (1001) ...  
INFO  @ Fri, 10 Mar 2023 16:11:19: Thread 0: Calculating ZBTB22 (2001) ...  
INFO  @ Fri, 10 Mar 2023 16:11:22: Thread 0: Calculating NHLH1 (3001) ...  
INFO  @ Fri, 10 Mar 2023 16:11:24: Thread 0 completed. 
INFO  @ Fri, 10 Mar 2023 16:11:24: All threads completed. 
INFO  @ Fri, 10 Mar 2023 16:11:24: Assigning p values... 
INFO  @ Fri, 10 Mar 2023 16:11:24: Permuting groups of gene with 16 sgRNAs per gene. Group progress: 16/41 
INFO  @ Fri, 10 Mar 2023 16:11:24: Start permuting 2 rounds ... 
INFO  @ Fri, 10 Mar 2023 16:11:25: Collecting 25857 sgRNAs from 3514 genes. 
INFO  @ Fri, 10 Mar 2023 16:11:25: Permuting round 0 ... 
INFO  @ Fri, 10 Mar 2023 16:11:25: Thread 0 started. 
INFO  @ Fri, 10 Mar 2023 16:11:25: Thread 0: total 3514 instances. 
INFO  @ Fri, 10 Mar 2023 16:11:25: Thread 0: Calculating SETD1B (1) ...  
INFO  @ Fri, 10 Mar 2023 16:11:28: Thread 0: Calculating ZNF384 (1001) ...  
INFO  @ Fri, 10 Mar 2023 16:11:31: Thread 0: Calculating ZBTB22 (2001) ...  
INFO  @ Fri, 10 Mar 2023 16:11:35: Thread 0: Calculating NHLH1 (3001) ...  
INFO  @ Fri, 10 Mar 2023 16:11:36: Thread 0 completed. 
INFO  @ Fri, 10 Mar 2023 16:11:36: All threads completed. 
INFO  @ Fri, 10 Mar 2023 16:11:37: Permuting round 1 ... 
INFO  @ Fri, 10 Mar 2023 16:11:37: Thread 0 started. 
INFO  @ Fri, 10 Mar 2023 16:11:37: Thread 0: total 3514 instances. 
INFO  @ Fri, 10 Mar 2023 16:11:37: Thread 0: Calculating SETD1B (1) ...  
INFO  @ Fri, 10 Mar 2023 16:11:40: Thread 0: Calculating ZNF384 (1001) ...  
INFO  @ Fri, 10 Mar 2023 16:11:44: Thread 0: Calculating ZBTB22 (2001) ...  
INFO  @ Fri, 10 Mar 2023 16:11:47: Thread 0: Calculating NHLH1 (3001) ...  
INFO  @ Fri, 10 Mar 2023 16:11:48: Thread 0 completed. 
INFO  @ Fri, 10 Mar 2023 16:11:48: All threads completed. 
INFO  @ Fri, 10 Mar 2023 16:11:49: Assigning p values... 
INFO  @ Fri, 10 Mar 2023 16:11:49: Permuting groups of gene with 17 sgRNAs per gene. Group progress: 17/41 
INFO  @ Fri, 10 Mar 2023 16:11:49: Start permuting 2 rounds ... 
INFO  @ Fri, 10 Mar 2023 16:11:49: Collecting 25857 sgRNAs from 3514 genes. 
INFO  @ Fri, 10 Mar 2023 16:11:50: Permuting round 0 ... 
INFO  @ Fri, 10 Mar 2023 16:11:50: Thread 0 started. 
INFO  @ Fri, 10 Mar 2023 16:11:50: Thread 0: total 3514 instances. 
INFO  @ Fri, 10 Mar 2023 16:11:50: Thread 0: Calculating SETD1B (1) ...  
INFO  @ Fri, 10 Mar 2023 16:11:53: Thread 0: Calculating ZNF384 (1001) ...  
INFO  @ Fri, 10 Mar 2023 16:11:57: Thread 0: Calculating ZBTB22 (2001) ...  
INFO  @ Fri, 10 Mar 2023 16:12:00: Thread 0: Calculating NHLH1 (3001) ...  
INFO  @ Fri, 10 Mar 2023 16:12:02: Thread 0 completed. 
INFO  @ Fri, 10 Mar 2023 16:12:02: All threads completed. 
INFO  @ Fri, 10 Mar 2023 16:12:02: Permuting round 1 ... 
INFO  @ Fri, 10 Mar 2023 16:12:03: Thread 0 started. 
INFO  @ Fri, 10 Mar 2023 16:12:03: Thread 0: total 3514 instances. 
INFO  @ Fri, 10 Mar 2023 16:12:03: Thread 0: Calculating SETD1B (1) ...  
INFO  @ Fri, 10 Mar 2023 16:12:06: Thread 0: Calculating ZNF384 (1001) ...  
INFO  @ Fri, 10 Mar 2023 16:12:09: Thread 0: Calculating ZBTB22 (2001) ...  
INFO  @ Fri, 10 Mar 2023 16:12:13: Thread 0: Calculating NHLH1 (3001) ...  
INFO  @ Fri, 10 Mar 2023 16:12:14: Thread 0 completed. 
INFO  @ Fri, 10 Mar 2023 16:12:14: All threads completed. 
INFO  @ Fri, 10 Mar 2023 16:12:15: Assigning p values... 
INFO  @ Fri, 10 Mar 2023 16:12:15: Permuting groups of gene with 18 sgRNAs per gene. Group progress: 18/41 
INFO  @ Fri, 10 Mar 2023 16:12:15: Start permuting 2 rounds ... 
INFO  @ Fri, 10 Mar 2023 16:12:15: Collecting 25857 sgRNAs from 3514 genes. 
INFO  @ Fri, 10 Mar 2023 16:12:16: Permuting round 0 ... 
INFO  @ Fri, 10 Mar 2023 16:12:16: Thread 0 started. 
INFO  @ Fri, 10 Mar 2023 16:12:16: Thread 0: total 3514 instances. 
INFO  @ Fri, 10 Mar 2023 16:12:16: Thread 0: Calculating SETD1B (1) ...  
INFO  @ Fri, 10 Mar 2023 16:12:19: Thread 0: Calculating ZNF384 (1001) ...  
INFO  @ Fri, 10 Mar 2023 16:12:22: Thread 0: Calculating ZBTB22 (2001) ...  
INFO  @ Fri, 10 Mar 2023 16:12:26: Thread 0: Calculating NHLH1 (3001) ...  
INFO  @ Fri, 10 Mar 2023 16:12:27: Thread 0 completed. 
INFO  @ Fri, 10 Mar 2023 16:12:27: All threads completed. 
INFO  @ Fri, 10 Mar 2023 16:12:28: Permuting round 1 ... 
INFO  @ Fri, 10 Mar 2023 16:12:28: Thread 0 started. 
INFO  @ Fri, 10 Mar 2023 16:12:28: Thread 0: total 3514 instances. 
INFO  @ Fri, 10 Mar 2023 16:12:28: Thread 0: Calculating SETD1B (1) ...  
INFO  @ Fri, 10 Mar 2023 16:12:32: Thread 0: Calculating ZNF384 (1001) ...  
INFO  @ Fri, 10 Mar 2023 16:12:35: Thread 0: Calculating ZBTB22 (2001) ...  
INFO  @ Fri, 10 Mar 2023 16:12:38: Thread 0: Calculating NHLH1 (3001) ...  
INFO  @ Fri, 10 Mar 2023 16:12:40: Thread 0 completed. 
INFO  @ Fri, 10 Mar 2023 16:12:40: All threads completed. 
INFO  @ Fri, 10 Mar 2023 16:12:41: Assigning p values... 
INFO  @ Fri, 10 Mar 2023 16:12:41: Permuting groups of gene with 19 sgRNAs per gene. Group progress: 19/41 
INFO  @ Fri, 10 Mar 2023 16:12:41: Start permuting 2 rounds ... 
INFO  @ Fri, 10 Mar 2023 16:12:41: Collecting 25857 sgRNAs from 3514 genes. 
INFO  @ Fri, 10 Mar 2023 16:12:41: Permuting round 0 ... 
INFO  @ Fri, 10 Mar 2023 16:12:41: Thread 0 started. 
INFO  @ Fri, 10 Mar 2023 16:12:41: Thread 0: total 3514 instances. 
INFO  @ Fri, 10 Mar 2023 16:12:41: Thread 0: Calculating SETD1B (1) ...  
INFO  @ Fri, 10 Mar 2023 16:12:45: Thread 0: Calculating ZNF384 (1001) ...  
INFO  @ Fri, 10 Mar 2023 16:12:49: Thread 0: Calculating ZBTB22 (2001) ...  
INFO  @ Fri, 10 Mar 2023 16:12:52: Thread 0: Calculating NHLH1 (3001) ...  
INFO  @ Fri, 10 Mar 2023 16:12:54: Thread 0 completed. 
INFO  @ Fri, 10 Mar 2023 16:12:54: All threads completed. 
INFO  @ Fri, 10 Mar 2023 16:12:55: Permuting round 1 ... 
INFO  @ Fri, 10 Mar 2023 16:12:55: Thread 0 started. 
INFO  @ Fri, 10 Mar 2023 16:12:55: Thread 0: total 3514 instances. 
INFO  @ Fri, 10 Mar 2023 16:12:55: Thread 0: Calculating SETD1B (1) ...  
INFO  @ Fri, 10 Mar 2023 16:12:58: Thread 0: Calculating ZNF384 (1001) ...  
INFO  @ Fri, 10 Mar 2023 16:13:01: Thread 0: Calculating ZBTB22 (2001) ...  
INFO  @ Fri, 10 Mar 2023 16:13:05: Thread 0: Calculating NHLH1 (3001) ...  
INFO  @ Fri, 10 Mar 2023 16:13:07: Thread 0 completed. 
INFO  @ Fri, 10 Mar 2023 16:13:07: All threads completed. 
INFO  @ Fri, 10 Mar 2023 16:13:08: Assigning p values... 
INFO  @ Fri, 10 Mar 2023 16:13:08: Permuting groups of gene with 20 sgRNAs per gene. Group progress: 20/41 
INFO  @ Fri, 10 Mar 2023 16:13:08: Start permuting 2 rounds ... 
INFO  @ Fri, 10 Mar 2023 16:13:08: Collecting 25857 sgRNAs from 3514 genes. 
INFO  @ Fri, 10 Mar 2023 16:13:08: Permuting round 0 ... 
INFO  @ Fri, 10 Mar 2023 16:13:08: Thread 0 started. 
INFO  @ Fri, 10 Mar 2023 16:13:08: Thread 0: total 3514 instances. 
INFO  @ Fri, 10 Mar 2023 16:13:08: Thread 0: Calculating SETD1B (1) ...  
INFO  @ Fri, 10 Mar 2023 16:13:11: Thread 0: Calculating ZNF384 (1001) ...  
INFO  @ Fri, 10 Mar 2023 16:13:15: Thread 0: Calculating ZBTB22 (2001) ...  
INFO  @ Fri, 10 Mar 2023 16:13:18: Thread 0: Calculating NHLH1 (3001) ...  
INFO  @ Fri, 10 Mar 2023 16:13:20: Thread 0 completed. 
INFO  @ Fri, 10 Mar 2023 16:13:20: All threads completed. 
INFO  @ Fri, 10 Mar 2023 16:13:21: Permuting round 1 ... 
INFO  @ Fri, 10 Mar 2023 16:13:21: Thread 0 started. 
INFO  @ Fri, 10 Mar 2023 16:13:21: Thread 0: total 3514 instances. 
INFO  @ Fri, 10 Mar 2023 16:13:21: Thread 0: Calculating SETD1B (1) ...  
INFO  @ Fri, 10 Mar 2023 16:13:25: Thread 0: Calculating ZNF384 (1001) ...  
INFO  @ Fri, 10 Mar 2023 16:13:28: Thread 0: Calculating ZBTB22 (2001) ...  
INFO  @ Fri, 10 Mar 2023 16:13:32: Thread 0: Calculating NHLH1 (3001) ...  
INFO  @ Fri, 10 Mar 2023 16:13:33: Thread 0 completed. 
INFO  @ Fri, 10 Mar 2023 16:13:33: All threads completed. 
INFO  @ Fri, 10 Mar 2023 16:13:34: Assigning p values... 
INFO  @ Fri, 10 Mar 2023 16:13:34: Permuting groups of gene with 21 sgRNAs per gene. Group progress: 21/41 
INFO  @ Fri, 10 Mar 2023 16:13:34: Start permuting 2 rounds ... 
INFO  @ Fri, 10 Mar 2023 16:13:34: Collecting 25857 sgRNAs from 3514 genes. 
INFO  @ Fri, 10 Mar 2023 16:13:34: Permuting round 0 ... 
INFO  @ Fri, 10 Mar 2023 16:13:35: Thread 0 started. 
INFO  @ Fri, 10 Mar 2023 16:13:35: Thread 0: total 3514 instances. 
INFO  @ Fri, 10 Mar 2023 16:13:35: Thread 0: Calculating SETD1B (1) ...  
INFO  @ Fri, 10 Mar 2023 16:13:38: Thread 0: Calculating ZNF384 (1001) ...  
INFO  @ Fri, 10 Mar 2023 16:13:42: Thread 0: Calculating ZBTB22 (2001) ...  
INFO  @ Fri, 10 Mar 2023 16:13:45: Thread 0: Calculating NHLH1 (3001) ...  
INFO  @ Fri, 10 Mar 2023 16:13:47: Thread 0 completed. 
INFO  @ Fri, 10 Mar 2023 16:13:47: All threads completed. 
INFO  @ Fri, 10 Mar 2023 16:13:48: Permuting round 1 ... 
INFO  @ Fri, 10 Mar 2023 16:13:48: Thread 0 started. 
INFO  @ Fri, 10 Mar 2023 16:13:48: Thread 0: total 3514 instances. 
INFO  @ Fri, 10 Mar 2023 16:13:48: Thread 0: Calculating SETD1B (1) ...  
INFO  @ Fri, 10 Mar 2023 16:13:51: Thread 0: Calculating ZNF384 (1001) ...  
INFO  @ Fri, 10 Mar 2023 16:13:55: Thread 0: Calculating ZBTB22 (2001) ...  
INFO  @ Fri, 10 Mar 2023 16:13:59: Thread 0: Calculating NHLH1 (3001) ...  
INFO  @ Fri, 10 Mar 2023 16:14:00: Thread 0 completed. 
INFO  @ Fri, 10 Mar 2023 16:14:00: All threads completed. 
INFO  @ Fri, 10 Mar 2023 16:14:01: Assigning p values... 
INFO  @ Fri, 10 Mar 2023 16:14:01: Permuting groups of gene with 22 sgRNAs per gene. Group progress: 22/41 
INFO  @ Fri, 10 Mar 2023 16:14:01: Start permuting 2 rounds ... 
INFO  @ Fri, 10 Mar 2023 16:14:01: Collecting 25857 sgRNAs from 3514 genes. 
INFO  @ Fri, 10 Mar 2023 16:14:02: Permuting round 0 ... 
INFO  @ Fri, 10 Mar 2023 16:14:02: Thread 0 started. 
INFO  @ Fri, 10 Mar 2023 16:14:02: Thread 0: total 3514 instances. 
INFO  @ Fri, 10 Mar 2023 16:14:02: Thread 0: Calculating SETD1B (1) ...  
INFO  @ Fri, 10 Mar 2023 16:14:05: Thread 0: Calculating ZNF384 (1001) ...  
INFO  @ Fri, 10 Mar 2023 16:14:09: Thread 0: Calculating ZBTB22 (2001) ...  
INFO  @ Fri, 10 Mar 2023 16:14:12: Thread 0: Calculating NHLH1 (3001) ...  
INFO  @ Fri, 10 Mar 2023 16:14:14: Thread 0 completed. 
INFO  @ Fri, 10 Mar 2023 16:14:14: All threads completed. 
INFO  @ Fri, 10 Mar 2023 16:14:15: Permuting round 1 ... 
INFO  @ Fri, 10 Mar 2023 16:14:15: Thread 0 started. 
INFO  @ Fri, 10 Mar 2023 16:14:15: Thread 0: total 3514 instances. 
INFO  @ Fri, 10 Mar 2023 16:14:15: Thread 0: Calculating SETD1B (1) ...  
INFO  @ Fri, 10 Mar 2023 16:14:19: Thread 0: Calculating ZNF384 (1001) ...  
INFO  @ Fri, 10 Mar 2023 16:14:22: Thread 0: Calculating ZBTB22 (2001) ...  
INFO  @ Fri, 10 Mar 2023 16:14:26: Thread 0: Calculating NHLH1 (3001) ...  
INFO  @ Fri, 10 Mar 2023 16:14:28: Thread 0 completed. 
INFO  @ Fri, 10 Mar 2023 16:14:28: All threads completed. 
INFO  @ Fri, 10 Mar 2023 16:14:29: Assigning p values... 
INFO  @ Fri, 10 Mar 2023 16:14:29: Permuting groups of gene with 23 sgRNAs per gene. Group progress: 23/41 
INFO  @ Fri, 10 Mar 2023 16:14:29: Start permuting 2 rounds ... 
INFO  @ Fri, 10 Mar 2023 16:14:29: Collecting 25857 sgRNAs from 3514 genes. 
INFO  @ Fri, 10 Mar 2023 16:14:29: Permuting round 0 ... 
INFO  @ Fri, 10 Mar 2023 16:14:29: Thread 0 started. 
INFO  @ Fri, 10 Mar 2023 16:14:29: Thread 0: total 3514 instances. 
INFO  @ Fri, 10 Mar 2023 16:14:29: Thread 0: Calculating SETD1B (1) ...  
INFO  @ Fri, 10 Mar 2023 16:14:33: Thread 0: Calculating ZNF384 (1001) ...  
INFO  @ Fri, 10 Mar 2023 16:14:37: Thread 0: Calculating ZBTB22 (2001) ...  
INFO  @ Fri, 10 Mar 2023 16:14:40: Thread 0: Calculating NHLH1 (3001) ...  
INFO  @ Fri, 10 Mar 2023 16:14:42: Thread 0 completed. 
INFO  @ Fri, 10 Mar 2023 16:14:42: All threads completed. 
INFO  @ Fri, 10 Mar 2023 16:14:43: Permuting round 1 ... 
INFO  @ Fri, 10 Mar 2023 16:14:43: Thread 0 started. 
INFO  @ Fri, 10 Mar 2023 16:14:43: Thread 0: total 3514 instances. 
INFO  @ Fri, 10 Mar 2023 16:14:43: Thread 0: Calculating SETD1B (1) ...  
INFO  @ Fri, 10 Mar 2023 16:14:47: Thread 0: Calculating ZNF384 (1001) ...  
INFO  @ Fri, 10 Mar 2023 16:14:50: Thread 0: Calculating ZBTB22 (2001) ...  
INFO  @ Fri, 10 Mar 2023 16:14:54: Thread 0: Calculating NHLH1 (3001) ...  
INFO  @ Fri, 10 Mar 2023 16:14:56: Thread 0 completed. 
INFO  @ Fri, 10 Mar 2023 16:14:56: All threads completed. 
INFO  @ Fri, 10 Mar 2023 16:14:57: Assigning p values... 
INFO  @ Fri, 10 Mar 2023 16:14:57: Permuting groups of gene with 24 sgRNAs per gene. Group progress: 24/41 
INFO  @ Fri, 10 Mar 2023 16:14:57: Start permuting 2 rounds ... 
INFO  @ Fri, 10 Mar 2023 16:14:57: Collecting 25857 sgRNAs from 3514 genes. 
INFO  @ Fri, 10 Mar 2023 16:14:57: Permuting round 0 ... 
INFO  @ Fri, 10 Mar 2023 16:14:57: Thread 0 started. 
INFO  @ Fri, 10 Mar 2023 16:14:57: Thread 0: total 3514 instances. 
INFO  @ Fri, 10 Mar 2023 16:14:57: Thread 0: Calculating SETD1B (1) ...  
INFO  @ Fri, 10 Mar 2023 16:15:01: Thread 0: Calculating ZNF384 (1001) ...  
INFO  @ Fri, 10 Mar 2023 16:15:05: Thread 0: Calculating ZBTB22 (2001) ...  
INFO  @ Fri, 10 Mar 2023 16:15:08: Thread 0: Calculating NHLH1 (3001) ...  
INFO  @ Fri, 10 Mar 2023 16:15:10: Thread 0 completed. 
INFO  @ Fri, 10 Mar 2023 16:15:10: All threads completed. 
INFO  @ Fri, 10 Mar 2023 16:15:11: Permuting round 1 ... 
INFO  @ Fri, 10 Mar 2023 16:15:11: Thread 0 started. 
INFO  @ Fri, 10 Mar 2023 16:15:11: Thread 0: total 3514 instances. 
INFO  @ Fri, 10 Mar 2023 16:15:11: Thread 0: Calculating SETD1B (1) ...  
INFO  @ Fri, 10 Mar 2023 16:15:15: Thread 0: Calculating ZNF384 (1001) ...  
INFO  @ Fri, 10 Mar 2023 16:15:18: Thread 0: Calculating ZBTB22 (2001) ...  
INFO  @ Fri, 10 Mar 2023 16:15:22: Thread 0: Calculating NHLH1 (3001) ...  
INFO  @ Fri, 10 Mar 2023 16:15:24: Thread 0 completed. 
INFO  @ Fri, 10 Mar 2023 16:15:24: All threads completed. 
INFO  @ Fri, 10 Mar 2023 16:15:25: Assigning p values... 
INFO  @ Fri, 10 Mar 2023 16:15:25: Permuting groups of gene with 25 sgRNAs per gene. Group progress: 25/41 
INFO  @ Fri, 10 Mar 2023 16:15:25: Start permuting 2 rounds ... 
INFO  @ Fri, 10 Mar 2023 16:15:25: Collecting 25857 sgRNAs from 3514 genes. 
INFO  @ Fri, 10 Mar 2023 16:15:26: Permuting round 0 ... 
INFO  @ Fri, 10 Mar 2023 16:15:26: Thread 0 started. 
INFO  @ Fri, 10 Mar 2023 16:15:26: Thread 0: total 3514 instances. 
INFO  @ Fri, 10 Mar 2023 16:15:26: Thread 0: Calculating SETD1B (1) ...  
INFO  @ Fri, 10 Mar 2023 16:15:30: Thread 0: Calculating ZNF384 (1001) ...  
INFO  @ Fri, 10 Mar 2023 16:15:33: Thread 0: Calculating ZBTB22 (2001) ...  
INFO  @ Fri, 10 Mar 2023 16:15:37: Thread 0: Calculating NHLH1 (3001) ...  
INFO  @ Fri, 10 Mar 2023 16:15:39: Thread 0 completed. 
INFO  @ Fri, 10 Mar 2023 16:15:39: All threads completed. 
INFO  @ Fri, 10 Mar 2023 16:15:40: Permuting round 1 ... 
INFO  @ Fri, 10 Mar 2023 16:15:40: Thread 0 started. 
INFO  @ Fri, 10 Mar 2023 16:15:40: Thread 0: total 3514 instances. 
INFO  @ Fri, 10 Mar 2023 16:15:40: Thread 0: Calculating SETD1B (1) ...  
INFO  @ Fri, 10 Mar 2023 16:15:44: Thread 0: Calculating ZNF384 (1001) ...  
INFO  @ Fri, 10 Mar 2023 16:15:48: Thread 0: Calculating ZBTB22 (2001) ...  
INFO  @ Fri, 10 Mar 2023 16:15:51: Thread 0: Calculating NHLH1 (3001) ...  
INFO  @ Fri, 10 Mar 2023 16:15:53: Thread 0 completed. 
INFO  @ Fri, 10 Mar 2023 16:15:53: All threads completed. 
INFO  @ Fri, 10 Mar 2023 16:15:54: Assigning p values... 
INFO  @ Fri, 10 Mar 2023 16:15:54: Permuting groups of gene with 27 sgRNAs per gene. Group progress: 26/41 
INFO  @ Fri, 10 Mar 2023 16:15:54: Start permuting 2 rounds ... 
INFO  @ Fri, 10 Mar 2023 16:15:54: Collecting 25857 sgRNAs from 3514 genes. 
INFO  @ Fri, 10 Mar 2023 16:15:55: Permuting round 0 ... 
INFO  @ Fri, 10 Mar 2023 16:15:55: Thread 0 started. 
INFO  @ Fri, 10 Mar 2023 16:15:55: Thread 0: total 3514 instances. 
INFO  @ Fri, 10 Mar 2023 16:15:55: Thread 0: Calculating SETD1B (1) ...  
INFO  @ Fri, 10 Mar 2023 16:15:59: Thread 0: Calculating ZNF384 (1001) ...  
INFO  @ Fri, 10 Mar 2023 16:16:02: Thread 0: Calculating ZBTB22 (2001) ...  
INFO  @ Fri, 10 Mar 2023 16:16:06: Thread 0: Calculating NHLH1 (3001) ...  
INFO  @ Fri, 10 Mar 2023 16:16:08: Thread 0 completed. 
INFO  @ Fri, 10 Mar 2023 16:16:08: All threads completed. 
INFO  @ Fri, 10 Mar 2023 16:16:09: Permuting round 1 ... 
INFO  @ Fri, 10 Mar 2023 16:16:09: Thread 0 started. 
INFO  @ Fri, 10 Mar 2023 16:16:09: Thread 0: total 3514 instances. 
INFO  @ Fri, 10 Mar 2023 16:16:09: Thread 0: Calculating SETD1B (1) ...  
INFO  @ Fri, 10 Mar 2023 16:16:13: Thread 0: Calculating ZNF384 (1001) ...  
INFO  @ Fri, 10 Mar 2023 16:16:17: Thread 0: Calculating ZBTB22 (2001) ...  
INFO  @ Fri, 10 Mar 2023 16:16:21: Thread 0: Calculating NHLH1 (3001) ...  
INFO  @ Fri, 10 Mar 2023 16:16:23: Thread 0 completed. 
INFO  @ Fri, 10 Mar 2023 16:16:23: All threads completed. 
INFO  @ Fri, 10 Mar 2023 16:16:24: Assigning p values... 
INFO  @ Fri, 10 Mar 2023 16:16:24: Permuting groups of gene with 28 sgRNAs per gene. Group progress: 27/41 
INFO  @ Fri, 10 Mar 2023 16:16:24: Start permuting 2 rounds ... 
INFO  @ Fri, 10 Mar 2023 16:16:25: Collecting 25857 sgRNAs from 3514 genes. 
INFO  @ Fri, 10 Mar 2023 16:16:25: Permuting round 0 ... 
INFO  @ Fri, 10 Mar 2023 16:16:25: Thread 0 started. 
INFO  @ Fri, 10 Mar 2023 16:16:25: Thread 0: total 3514 instances. 
INFO  @ Fri, 10 Mar 2023 16:16:25: Thread 0: Calculating SETD1B (1) ...  
INFO  @ Fri, 10 Mar 2023 16:16:29: Thread 0: Calculating ZNF384 (1001) ...  
INFO  @ Fri, 10 Mar 2023 16:16:33: Thread 0: Calculating ZBTB22 (2001) ...  
INFO  @ Fri, 10 Mar 2023 16:16:37: Thread 0: Calculating NHLH1 (3001) ...  
INFO  @ Fri, 10 Mar 2023 16:16:39: Thread 0 completed. 
INFO  @ Fri, 10 Mar 2023 16:16:39: All threads completed. 
INFO  @ Fri, 10 Mar 2023 16:16:40: Permuting round 1 ... 
INFO  @ Fri, 10 Mar 2023 16:16:40: Thread 0 started. 
INFO  @ Fri, 10 Mar 2023 16:16:40: Thread 0: total 3514 instances. 
INFO  @ Fri, 10 Mar 2023 16:16:40: Thread 0: Calculating SETD1B (1) ...  
INFO  @ Fri, 10 Mar 2023 16:16:44: Thread 0: Calculating ZNF384 (1001) ...  
INFO  @ Fri, 10 Mar 2023 16:16:48: Thread 0: Calculating ZBTB22 (2001) ...  
INFO  @ Fri, 10 Mar 2023 16:16:52: Thread 0: Calculating NHLH1 (3001) ...  
INFO  @ Fri, 10 Mar 2023 16:16:55: Thread 0 completed. 
INFO  @ Fri, 10 Mar 2023 16:16:55: All threads completed. 
INFO  @ Fri, 10 Mar 2023 16:16:56: Assigning p values... 
INFO  @ Fri, 10 Mar 2023 16:16:56: Permuting groups of gene with 30 sgRNAs per gene. Group progress: 28/41 
INFO  @ Fri, 10 Mar 2023 16:16:56: Start permuting 2 rounds ... 
INFO  @ Fri, 10 Mar 2023 16:16:56: Collecting 25857 sgRNAs from 3514 genes. 
INFO  @ Fri, 10 Mar 2023 16:16:56: Permuting round 0 ... 
INFO  @ Fri, 10 Mar 2023 16:16:56: Thread 0 started. 
INFO  @ Fri, 10 Mar 2023 16:16:56: Thread 0: total 3514 instances. 
INFO  @ Fri, 10 Mar 2023 16:16:56: Thread 0: Calculating SETD1B (1) ...  
INFO  @ Fri, 10 Mar 2023 16:17:00: Thread 0: Calculating ZNF384 (1001) ...  
INFO  @ Fri, 10 Mar 2023 16:17:04: Thread 0: Calculating ZBTB22 (2001) ...  
INFO  @ Fri, 10 Mar 2023 16:17:09: Thread 0: Calculating NHLH1 (3001) ...  
INFO  @ Fri, 10 Mar 2023 16:17:11: Thread 0 completed. 
INFO  @ Fri, 10 Mar 2023 16:17:11: All threads completed. 
INFO  @ Fri, 10 Mar 2023 16:17:12: Permuting round 1 ... 
INFO  @ Fri, 10 Mar 2023 16:17:12: Thread 0 started. 
INFO  @ Fri, 10 Mar 2023 16:17:12: Thread 0: total 3514 instances. 
INFO  @ Fri, 10 Mar 2023 16:17:12: Thread 0: Calculating SETD1B (1) ...  
INFO  @ Fri, 10 Mar 2023 16:17:16: Thread 0: Calculating ZNF384 (1001) ...  
INFO  @ Fri, 10 Mar 2023 16:17:20: Thread 0: Calculating ZBTB22 (2001) ...  
INFO  @ Fri, 10 Mar 2023 16:17:25: Thread 0: Calculating NHLH1 (3001) ...  
INFO  @ Fri, 10 Mar 2023 16:17:27: Thread 0 completed. 
INFO  @ Fri, 10 Mar 2023 16:17:27: All threads completed. 
INFO  @ Fri, 10 Mar 2023 16:17:28: Assigning p values... 
INFO  @ Fri, 10 Mar 2023 16:17:28: Permuting groups of gene with 31 sgRNAs per gene. Group progress: 29/41 
INFO  @ Fri, 10 Mar 2023 16:17:28: Start permuting 2 rounds ... 
INFO  @ Fri, 10 Mar 2023 16:17:28: Collecting 25857 sgRNAs from 3514 genes. 
INFO  @ Fri, 10 Mar 2023 16:17:28: Permuting round 0 ... 
INFO  @ Fri, 10 Mar 2023 16:17:28: Thread 0 started. 
INFO  @ Fri, 10 Mar 2023 16:17:28: Thread 0: total 3514 instances. 
INFO  @ Fri, 10 Mar 2023 16:17:28: Thread 0: Calculating SETD1B (1) ...  
INFO  @ Fri, 10 Mar 2023 16:17:36: Thread 0: Calculating ZNF384 (1001) ...  
INFO  @ Fri, 10 Mar 2023 16:17:43: Thread 0: Calculating ZBTB22 (2001) ...  
INFO  @ Fri, 10 Mar 2023 16:17:50: Thread 0: Calculating NHLH1 (3001) ...  
INFO  @ Fri, 10 Mar 2023 16:17:54: Thread 0 completed. 
INFO  @ Fri, 10 Mar 2023 16:17:54: All threads completed. 
INFO  @ Fri, 10 Mar 2023 16:17:55: Permuting round 1 ... 
INFO  @ Fri, 10 Mar 2023 16:17:55: Thread 0 started. 
INFO  @ Fri, 10 Mar 2023 16:17:55: Thread 0: total 3514 instances. 
INFO  @ Fri, 10 Mar 2023 16:17:55: Thread 0: Calculating SETD1B (1) ...  
INFO  @ Fri, 10 Mar 2023 16:18:02: Thread 0: Calculating ZNF384 (1001) ...  
INFO  @ Fri, 10 Mar 2023 16:18:10: Thread 0: Calculating ZBTB22 (2001) ...  
INFO  @ Fri, 10 Mar 2023 16:18:17: Thread 0: Calculating NHLH1 (3001) ...  
INFO  @ Fri, 10 Mar 2023 16:18:21: Thread 0 completed. 
INFO  @ Fri, 10 Mar 2023 16:18:21: All threads completed. 
INFO  @ Fri, 10 Mar 2023 16:18:22: Assigning p values... 
INFO  @ Fri, 10 Mar 2023 16:18:22: Permuting groups of gene with 32 sgRNAs per gene. Group progress: 30/41 
INFO  @ Fri, 10 Mar 2023 16:18:22: Start permuting 2 rounds ... 
INFO  @ Fri, 10 Mar 2023 16:18:22: Collecting 25857 sgRNAs from 3514 genes. 
INFO  @ Fri, 10 Mar 2023 16:18:22: Permuting round 0 ... 
INFO  @ Fri, 10 Mar 2023 16:18:22: Thread 0 started. 
INFO  @ Fri, 10 Mar 2023 16:18:22: Thread 0: total 3514 instances. 
INFO  @ Fri, 10 Mar 2023 16:18:22: Thread 0: Calculating SETD1B (1) ...  
INFO  @ Fri, 10 Mar 2023 16:18:29: Thread 0: Calculating ZNF384 (1001) ...  
INFO  @ Fri, 10 Mar 2023 16:18:37: Thread 0: Calculating ZBTB22 (2001) ...  
INFO  @ Fri, 10 Mar 2023 16:18:44: Thread 0: Calculating NHLH1 (3001) ...  
INFO  @ Fri, 10 Mar 2023 16:18:47: Thread 0 completed. 
INFO  @ Fri, 10 Mar 2023 16:18:47: All threads completed. 
INFO  @ Fri, 10 Mar 2023 16:18:48: Permuting round 1 ... 
INFO  @ Fri, 10 Mar 2023 16:18:48: Thread 0 started. 
INFO  @ Fri, 10 Mar 2023 16:18:48: Thread 0: total 3514 instances. 
INFO  @ Fri, 10 Mar 2023 16:18:48: Thread 0: Calculating SETD1B (1) ...  
INFO  @ Fri, 10 Mar 2023 16:18:55: Thread 0: Calculating ZNF384 (1001) ...  
INFO  @ Fri, 10 Mar 2023 16:19:03: Thread 0: Calculating ZBTB22 (2001) ...  
INFO  @ Fri, 10 Mar 2023 16:19:10: Thread 0: Calculating NHLH1 (3001) ...  
INFO  @ Fri, 10 Mar 2023 16:19:14: Thread 0 completed. 
INFO  @ Fri, 10 Mar 2023 16:19:14: All threads completed. 
INFO  @ Fri, 10 Mar 2023 16:19:15: Assigning p values... 
INFO  @ Fri, 10 Mar 2023 16:19:15: Permuting groups of gene with 33 sgRNAs per gene. Group progress: 31/41 
INFO  @ Fri, 10 Mar 2023 16:19:15: Start permuting 2 rounds ... 
INFO  @ Fri, 10 Mar 2023 16:19:15: Collecting 25857 sgRNAs from 3514 genes. 
INFO  @ Fri, 10 Mar 2023 16:19:15: Permuting round 0 ... 
INFO  @ Fri, 10 Mar 2023 16:19:15: Thread 0 started. 
INFO  @ Fri, 10 Mar 2023 16:19:15: Thread 0: total 3514 instances. 
INFO  @ Fri, 10 Mar 2023 16:19:15: Thread 0: Calculating SETD1B (1) ...  
INFO  @ Fri, 10 Mar 2023 16:19:22: Thread 0: Calculating ZNF384 (1001) ...  
INFO  @ Fri, 10 Mar 2023 16:19:29: Thread 0: Calculating ZBTB22 (2001) ...  
INFO  @ Fri, 10 Mar 2023 16:19:36: Thread 0: Calculating NHLH1 (3001) ...  
INFO  @ Fri, 10 Mar 2023 16:19:40: Thread 0 completed. 
INFO  @ Fri, 10 Mar 2023 16:19:40: All threads completed. 
INFO  @ Fri, 10 Mar 2023 16:19:41: Permuting round 1 ... 
INFO  @ Fri, 10 Mar 2023 16:19:41: Thread 0 started. 
INFO  @ Fri, 10 Mar 2023 16:19:41: Thread 0: total 3514 instances. 
INFO  @ Fri, 10 Mar 2023 16:19:41: Thread 0: Calculating SETD1B (1) ...  
INFO  @ Fri, 10 Mar 2023 16:19:48: Thread 0: Calculating ZNF384 (1001) ...  
INFO  @ Fri, 10 Mar 2023 16:19:54: Thread 0: Calculating ZBTB22 (2001) ...  
INFO  @ Fri, 10 Mar 2023 16:20:01: Thread 0: Calculating NHLH1 (3001) ...  
INFO  @ Fri, 10 Mar 2023 16:20:05: Thread 0 completed. 
INFO  @ Fri, 10 Mar 2023 16:20:05: All threads completed. 
INFO  @ Fri, 10 Mar 2023 16:20:06: Assigning p values... 
INFO  @ Fri, 10 Mar 2023 16:20:06: Permuting groups of gene with 34 sgRNAs per gene. Group progress: 32/41 
INFO  @ Fri, 10 Mar 2023 16:20:06: Start permuting 2 rounds ... 
INFO  @ Fri, 10 Mar 2023 16:20:06: Collecting 25857 sgRNAs from 3514 genes. 
INFO  @ Fri, 10 Mar 2023 16:20:06: Permuting round 0 ... 
INFO  @ Fri, 10 Mar 2023 16:20:06: Thread 0 started. 
INFO  @ Fri, 10 Mar 2023 16:20:06: Thread 0: total 3514 instances. 
INFO  @ Fri, 10 Mar 2023 16:20:06: Thread 0: Calculating SETD1B (1) ...  
INFO  @ Fri, 10 Mar 2023 16:20:14: Thread 0: Calculating ZNF384 (1001) ...  
INFO  @ Fri, 10 Mar 2023 16:20:22: Thread 0: Calculating ZBTB22 (2001) ...  
INFO  @ Fri, 10 Mar 2023 16:20:29: Thread 0: Calculating NHLH1 (3001) ...  
INFO  @ Fri, 10 Mar 2023 16:20:33: Thread 0 completed. 
INFO  @ Fri, 10 Mar 2023 16:20:33: All threads completed. 
INFO  @ Fri, 10 Mar 2023 16:20:34: Permuting round 1 ... 
INFO  @ Fri, 10 Mar 2023 16:20:34: Thread 0 started. 
INFO  @ Fri, 10 Mar 2023 16:20:34: Thread 0: total 3514 instances. 
INFO  @ Fri, 10 Mar 2023 16:20:34: Thread 0: Calculating SETD1B (1) ...  
INFO  @ Fri, 10 Mar 2023 16:20:42: Thread 0: Calculating ZNF384 (1001) ...  
INFO  @ Fri, 10 Mar 2023 16:20:52: Thread 0: Calculating ZBTB22 (2001) ...  
INFO  @ Fri, 10 Mar 2023 16:21:00: Thread 0: Calculating NHLH1 (3001) ...  
INFO  @ Fri, 10 Mar 2023 16:21:05: Thread 0 completed. 
INFO  @ Fri, 10 Mar 2023 16:21:05: All threads completed. 
INFO  @ Fri, 10 Mar 2023 16:21:06: Assigning p values... 
INFO  @ Fri, 10 Mar 2023 16:21:06: Permuting groups of gene with 37 sgRNAs per gene. Group progress: 33/41 
INFO  @ Fri, 10 Mar 2023 16:21:06: Start permuting 2 rounds ... 
INFO  @ Fri, 10 Mar 2023 16:21:06: Collecting 25857 sgRNAs from 3514 genes. 
INFO  @ Fri, 10 Mar 2023 16:21:06: Permuting round 0 ... 
INFO  @ Fri, 10 Mar 2023 16:21:06: Thread 0 started. 
INFO  @ Fri, 10 Mar 2023 16:21:06: Thread 0: total 3514 instances. 
INFO  @ Fri, 10 Mar 2023 16:21:06: Thread 0: Calculating SETD1B (1) ...  
INFO  @ Fri, 10 Mar 2023 16:21:15: Thread 0: Calculating ZNF384 (1001) ...  
INFO  @ Fri, 10 Mar 2023 16:21:24: Thread 0: Calculating ZBTB22 (2001) ...  
INFO  @ Fri, 10 Mar 2023 16:21:33: Thread 0: Calculating NHLH1 (3001) ...  
INFO  @ Fri, 10 Mar 2023 16:21:38: Thread 0 completed. 
INFO  @ Fri, 10 Mar 2023 16:21:38: All threads completed. 
INFO  @ Fri, 10 Mar 2023 16:21:39: Permuting round 1 ... 
INFO  @ Fri, 10 Mar 2023 16:21:39: Thread 0 started. 
INFO  @ Fri, 10 Mar 2023 16:21:39: Thread 0: total 3514 instances. 
INFO  @ Fri, 10 Mar 2023 16:21:39: Thread 0: Calculating SETD1B (1) ...  
INFO  @ Fri, 10 Mar 2023 16:21:47: Thread 0: Calculating ZNF384 (1001) ...  
INFO  @ Fri, 10 Mar 2023 16:21:56: Thread 0: Calculating ZBTB22 (2001) ...  
INFO  @ Fri, 10 Mar 2023 16:22:04: Thread 0: Calculating NHLH1 (3001) ...  
INFO  @ Fri, 10 Mar 2023 16:22:09: Thread 0 completed. 
INFO  @ Fri, 10 Mar 2023 16:22:09: All threads completed. 
INFO  @ Fri, 10 Mar 2023 16:22:10: Assigning p values... 
INFO  @ Fri, 10 Mar 2023 16:22:10: Groups of gene with 41 sgRNAs per gene: assigning p values based on previous group results. Group progress: 34/41 
INFO  @ Fri, 10 Mar 2023 16:22:10: Groups of gene with 42 sgRNAs per gene: assigning p values based on previous group results. Group progress: 35/41 
INFO  @ Fri, 10 Mar 2023 16:22:10: Groups of gene with 45 sgRNAs per gene: assigning p values based on previous group results. Group progress: 36/41 
INFO  @ Fri, 10 Mar 2023 16:22:10: Groups of gene with 47 sgRNAs per gene: assigning p values based on previous group results. Group progress: 37/41 
INFO  @ Fri, 10 Mar 2023 16:22:10: Groups of gene with 48 sgRNAs per gene: assigning p values based on previous group results. Group progress: 38/41 
INFO  @ Fri, 10 Mar 2023 16:22:10: Groups of gene with 49 sgRNAs per gene: assigning p values based on previous group results. Group progress: 39/41 
INFO  @ Fri, 10 Mar 2023 16:22:10: Groups of gene with 56 sgRNAs per gene: assigning p values based on previous group results. Group progress: 40/41 
INFO  @ Fri, 10 Mar 2023 16:22:10: Groups of gene with 67 sgRNAs per gene: assigning p values based on previous group results. Group progress: 41/41 
INFO  @ Fri, 10 Mar 2023 16:22:10: Writing gene results to mle_DLD1-Cont2_P10.13-stratified.gene_summary.txt 
INFO  @ Fri, 10 Mar 2023 16:22:10: Writing sgRNA results to mle_DLD1-Cont2_P10.13-stratified.sgrna_summary.txt 
