INFO  @ Fri, 22 Sep 2023 09:26:33: Parameters: /home/ryan/miniconda3/envs/mageck/bin/mageck mle -k count-Snu-1_clone_12.csv -d matrixSnu1C12.txt -n mle_count-Snu1C12 
INFO  @ Fri, 22 Sep 2023 09:26:34: Cannot parse design matrix as a string; try to parse it as a file name ... 
INFO  @ Fri, 22 Sep 2023 09:26:34: Design matrix: 
INFO  @ Fri, 22 Sep 2023 09:26:34: [[1. 0.] 
INFO  @ Fri, 22 Sep 2023 09:26:34:  [1. 1.]] 
INFO  @ Fri, 22 Sep 2023 09:26:34: Beta labels:baseline,c12 
INFO  @ Fri, 22 Sep 2023 09:26:34: Included samples:Snu-1_clone_12_D=0,Snu-1_clone_12_D=10 
INFO  @ Fri, 22 Sep 2023 09:26:34: Treating count-Snu-1_clone_12.csv as csv file ... 
INFO  @ Fri, 22 Sep 2023 09:26:34: Loaded samples:Snu-1_clone_12_D=0;Snu-1_clone_12_D=10 
INFO  @ Fri, 22 Sep 2023 09:26:34: Sample index: 0;1 
INFO  @ Fri, 22 Sep 2023 09:26:34: Loaded 3516 genes. 
DEBUG @ Fri, 22 Sep 2023 09:26:34: Initial (total) size factor: 0.9556136129063673 1.0487105585042678 
DEBUG @ Fri, 22 Sep 2023 09:26:34: Median factor: 0.9657005771253945 1.0419756397951285 
INFO  @ Fri, 22 Sep 2023 09:26:34: Final size factor: 0.9657005771253945 1.0419756397951285 
INFO  @ Fri, 22 Sep 2023 09:26:34: size factor: 1.035517658047492,0.9597153348005509 
INFO  @ Fri, 22 Sep 2023 09:26:34: Thread 0 started. 
INFO  @ Fri, 22 Sep 2023 09:26:34: Thread 0: total 1 instances. 
INFO  @ Fri, 22 Sep 2023 09:26:34: Thread 0 completed. 
INFO  @ Fri, 22 Sep 2023 09:26:34: All threads completed. 
INFO  @ Fri, 22 Sep 2023 09:26:34: Modeling the mean and variance ... 
INFO  @ Fri, 22 Sep 2023 09:26:34: Run the algorithm for the second time ... 
INFO  @ Fri, 22 Sep 2023 09:26:34: Skipping gene NKX2 from MLE calculation since there are too many sgRNAs. To change, revise the --max-sgrnapergene-permutation option. 
INFO  @ Fri, 22 Sep 2023 09:26:34: Skipping gene PBRM1 from MLE calculation since there are too many sgRNAs. To change, revise the --max-sgrnapergene-permutation option. 
INFO  @ Fri, 22 Sep 2023 09:26:34: Skipping gene KDM2A from MLE calculation since there are too many sgRNAs. To change, revise the --max-sgrnapergene-permutation option. 
INFO  @ Fri, 22 Sep 2023 09:26:34: Skipping gene KDM2B from MLE calculation since there are too many sgRNAs. To change, revise the --max-sgrnapergene-permutation option. 
INFO  @ Fri, 22 Sep 2023 09:26:34: Skipping gene KMT2A from MLE calculation since there are too many sgRNAs. To change, revise the --max-sgrnapergene-permutation option. 
INFO  @ Fri, 22 Sep 2023 09:26:34: Skipping gene KMT2B from MLE calculation since there are too many sgRNAs. To change, revise the --max-sgrnapergene-permutation option. 
INFO  @ Fri, 22 Sep 2023 09:26:34: Skipping gene KMT2C from MLE calculation since there are too many sgRNAs. To change, revise the --max-sgrnapergene-permutation option. 
INFO  @ Fri, 22 Sep 2023 09:26:34: Skipping gene KMT2D from MLE calculation since there are too many sgRNAs. To change, revise the --max-sgrnapergene-permutation option. 
INFO  @ Fri, 22 Sep 2023 09:26:34: Skipping gene NSD1 from MLE calculation since there are too many sgRNAs. To change, revise the --max-sgrnapergene-permutation option. 
INFO  @ Fri, 22 Sep 2023 09:26:34: Skipping gene RNF17 from MLE calculation since there are too many sgRNAs. To change, revise the --max-sgrnapergene-permutation option. 
INFO  @ Fri, 22 Sep 2023 09:26:34: Skipping gene TDRD6 from MLE calculation since there are too many sgRNAs. To change, revise the --max-sgrnapergene-permutation option. 
INFO  @ Fri, 22 Sep 2023 09:26:34: Thread 0 started. 
INFO  @ Fri, 22 Sep 2023 09:26:34: Thread 0: total 3505 instances. 
INFO  @ Fri, 22 Sep 2023 09:26:34: Thread 0: Calculating AATK (1) ...  
INFO  @ Fri, 22 Sep 2023 09:26:39: Thread 0: Calculating NFXL1 (1001) ...  
INFO  @ Fri, 22 Sep 2023 09:26:44: Thread 0: Calculating NO66 (2001) ...  
INFO  @ Fri, 22 Sep 2023 09:26:49: Thread 0: Calculating RNF170 (3001) ...  
INFO  @ Fri, 22 Sep 2023 09:26:51: Thread 0 completed. 
INFO  @ Fri, 22 Sep 2023 09:26:51: All threads completed. 
INFO  @ Fri, 22 Sep 2023 09:26:52: Permuting groups of gene with 1 sgRNAs per gene. Group progress: 1/41 
INFO  @ Fri, 22 Sep 2023 09:26:52: Start permuting 2 rounds ... 
INFO  @ Fri, 22 Sep 2023 09:26:52: Collecting 26156 sgRNAs from 3516 genes. 
INFO  @ Fri, 22 Sep 2023 09:26:53: Permuting round 0 ... 
INFO  @ Fri, 22 Sep 2023 09:26:53: Thread 0 started. 
INFO  @ Fri, 22 Sep 2023 09:26:53: Thread 0: total 3516 instances. 
INFO  @ Fri, 22 Sep 2023 09:26:53: Thread 0: Calculating AATK (1) ...  
INFO  @ Fri, 22 Sep 2023 09:26:56: Thread 0: Calculating NFXL1 (1001) ...  
INFO  @ Fri, 22 Sep 2023 09:26:58: Thread 0: Calculating MLL1 (2001) ...  
INFO  @ Fri, 22 Sep 2023 09:27:01: Thread 0: Calculating RNF146 (3001) ...  
INFO  @ Fri, 22 Sep 2023 09:27:02: Thread 0 completed. 
INFO  @ Fri, 22 Sep 2023 09:27:02: All threads completed. 
INFO  @ Fri, 22 Sep 2023 09:27:03: Permuting round 1 ... 
INFO  @ Fri, 22 Sep 2023 09:27:03: Thread 0 started. 
INFO  @ Fri, 22 Sep 2023 09:27:03: Thread 0: total 3516 instances. 
INFO  @ Fri, 22 Sep 2023 09:27:03: Thread 0: Calculating AATK (1) ...  
INFO  @ Fri, 22 Sep 2023 09:27:06: Thread 0: Calculating NFXL1 (1001) ...  
INFO  @ Fri, 22 Sep 2023 09:27:09: Thread 0: Calculating MLL1 (2001) ...  
INFO  @ Fri, 22 Sep 2023 09:27:12: Thread 0: Calculating RNF146 (3001) ...  
INFO  @ Fri, 22 Sep 2023 09:27:13: Thread 0 completed. 
INFO  @ Fri, 22 Sep 2023 09:27:13: All threads completed. 
INFO  @ Fri, 22 Sep 2023 09:27:14: Assigning p values... 
INFO  @ Fri, 22 Sep 2023 09:27:14: Permuting groups of gene with 2 sgRNAs per gene. Group progress: 2/41 
INFO  @ Fri, 22 Sep 2023 09:27:14: Start permuting 2 rounds ... 
INFO  @ Fri, 22 Sep 2023 09:27:14: Collecting 26156 sgRNAs from 3516 genes. 
INFO  @ Fri, 22 Sep 2023 09:27:15: Permuting round 0 ... 
INFO  @ Fri, 22 Sep 2023 09:27:15: Thread 0 started. 
INFO  @ Fri, 22 Sep 2023 09:27:15: Thread 0: total 3516 instances. 
INFO  @ Fri, 22 Sep 2023 09:27:15: Thread 0: Calculating AATK (1) ...  
INFO  @ Fri, 22 Sep 2023 09:27:19: Thread 0: Calculating NFXL1 (1001) ...  
INFO  @ Fri, 22 Sep 2023 09:27:23: Thread 0: Calculating MLL1 (2001) ...  
INFO  @ Fri, 22 Sep 2023 09:27:26: Thread 0: Calculating RNF146 (3001) ...  
INFO  @ Fri, 22 Sep 2023 09:27:29: Thread 0 completed. 
INFO  @ Fri, 22 Sep 2023 09:27:29: All threads completed. 
INFO  @ Fri, 22 Sep 2023 09:27:30: Permuting round 1 ... 
INFO  @ Fri, 22 Sep 2023 09:27:30: Thread 0 started. 
INFO  @ Fri, 22 Sep 2023 09:27:30: Thread 0: total 3516 instances. 
INFO  @ Fri, 22 Sep 2023 09:27:30: Thread 0: Calculating AATK (1) ...  
INFO  @ Fri, 22 Sep 2023 09:27:34: Thread 0: Calculating NFXL1 (1001) ...  
INFO  @ Fri, 22 Sep 2023 09:27:38: Thread 0: Calculating MLL1 (2001) ...  
INFO  @ Fri, 22 Sep 2023 09:27:42: Thread 0: Calculating RNF146 (3001) ...  
INFO  @ Fri, 22 Sep 2023 09:27:44: Thread 0 completed. 
INFO  @ Fri, 22 Sep 2023 09:27:44: All threads completed. 
INFO  @ Fri, 22 Sep 2023 09:27:45: Assigning p values... 
INFO  @ Fri, 22 Sep 2023 09:27:45: Permuting groups of gene with 3 sgRNAs per gene. Group progress: 3/41 
INFO  @ Fri, 22 Sep 2023 09:27:45: Start permuting 2 rounds ... 
INFO  @ Fri, 22 Sep 2023 09:27:45: Collecting 26156 sgRNAs from 3516 genes. 
INFO  @ Fri, 22 Sep 2023 09:27:46: Permuting round 0 ... 
INFO  @ Fri, 22 Sep 2023 09:27:46: Thread 0 started. 
INFO  @ Fri, 22 Sep 2023 09:27:46: Thread 0: total 3516 instances. 
INFO  @ Fri, 22 Sep 2023 09:27:46: Thread 0: Calculating AATK (1) ...  
INFO  @ Fri, 22 Sep 2023 09:27:51: Thread 0: Calculating NFXL1 (1001) ...  
INFO  @ Fri, 22 Sep 2023 09:27:55: Thread 0: Calculating MLL1 (2001) ...  
INFO  @ Fri, 22 Sep 2023 09:27:59: Thread 0: Calculating RNF146 (3001) ...  
INFO  @ Fri, 22 Sep 2023 09:28:01: Thread 0 completed. 
INFO  @ Fri, 22 Sep 2023 09:28:01: All threads completed. 
INFO  @ Fri, 22 Sep 2023 09:28:03: Permuting round 1 ... 
INFO  @ Fri, 22 Sep 2023 09:28:03: Thread 0 started. 
INFO  @ Fri, 22 Sep 2023 09:28:03: Thread 0: total 3516 instances. 
INFO  @ Fri, 22 Sep 2023 09:28:03: Thread 0: Calculating AATK (1) ...  
INFO  @ Fri, 22 Sep 2023 09:28:07: Thread 0: Calculating NFXL1 (1001) ...  
INFO  @ Fri, 22 Sep 2023 09:28:12: Thread 0: Calculating MLL1 (2001) ...  
INFO  @ Fri, 22 Sep 2023 09:28:16: Thread 0: Calculating RNF146 (3001) ...  
INFO  @ Fri, 22 Sep 2023 09:28:18: Thread 0 completed. 
INFO  @ Fri, 22 Sep 2023 09:28:18: All threads completed. 
INFO  @ Fri, 22 Sep 2023 09:28:19: Assigning p values... 
INFO  @ Fri, 22 Sep 2023 09:28:19: Permuting groups of gene with 4 sgRNAs per gene. Group progress: 4/41 
INFO  @ Fri, 22 Sep 2023 09:28:19: Start permuting 2 rounds ... 
INFO  @ Fri, 22 Sep 2023 09:28:20: Collecting 26156 sgRNAs from 3516 genes. 
INFO  @ Fri, 22 Sep 2023 09:28:20: Permuting round 0 ... 
INFO  @ Fri, 22 Sep 2023 09:28:20: Thread 0 started. 
INFO  @ Fri, 22 Sep 2023 09:28:20: Thread 0: total 3516 instances. 
INFO  @ Fri, 22 Sep 2023 09:28:20: Thread 0: Calculating AATK (1) ...  
INFO  @ Fri, 22 Sep 2023 09:28:25: Thread 0: Calculating NFXL1 (1001) ...  
INFO  @ Fri, 22 Sep 2023 09:28:29: Thread 0: Calculating MLL1 (2001) ...  
INFO  @ Fri, 22 Sep 2023 09:28:33: Thread 0: Calculating RNF146 (3001) ...  
INFO  @ Fri, 22 Sep 2023 09:28:35: Thread 0 completed. 
INFO  @ Fri, 22 Sep 2023 09:28:35: All threads completed. 
INFO  @ Fri, 22 Sep 2023 09:28:37: Permuting round 1 ... 
INFO  @ Fri, 22 Sep 2023 09:28:37: Thread 0 started. 
INFO  @ Fri, 22 Sep 2023 09:28:37: Thread 0: total 3516 instances. 
INFO  @ Fri, 22 Sep 2023 09:28:37: Thread 0: Calculating AATK (1) ...  
INFO  @ Fri, 22 Sep 2023 09:28:41: Thread 0: Calculating NFXL1 (1001) ...  
INFO  @ Fri, 22 Sep 2023 09:28:46: Thread 0: Calculating MLL1 (2001) ...  
INFO  @ Fri, 22 Sep 2023 09:28:50: Thread 0: Calculating RNF146 (3001) ...  
INFO  @ Fri, 22 Sep 2023 09:28:53: Thread 0 completed. 
INFO  @ Fri, 22 Sep 2023 09:28:53: All threads completed. 
INFO  @ Fri, 22 Sep 2023 09:28:54: Assigning p values... 
INFO  @ Fri, 22 Sep 2023 09:28:54: Permuting groups of gene with 5 sgRNAs per gene. Group progress: 5/41 
INFO  @ Fri, 22 Sep 2023 09:28:54: Start permuting 2 rounds ... 
INFO  @ Fri, 22 Sep 2023 09:28:54: Collecting 26156 sgRNAs from 3516 genes. 
INFO  @ Fri, 22 Sep 2023 09:28:55: Permuting round 0 ... 
INFO  @ Fri, 22 Sep 2023 09:28:55: Thread 0 started. 
INFO  @ Fri, 22 Sep 2023 09:28:55: Thread 0: total 3516 instances. 
INFO  @ Fri, 22 Sep 2023 09:28:55: Thread 0: Calculating AATK (1) ...  
INFO  @ Fri, 22 Sep 2023 09:28:59: Thread 0: Calculating NFXL1 (1001) ...  
INFO  @ Fri, 22 Sep 2023 09:29:04: Thread 0: Calculating MLL1 (2001) ...  
INFO  @ Fri, 22 Sep 2023 09:29:08: Thread 0: Calculating RNF146 (3001) ...  
INFO  @ Fri, 22 Sep 2023 09:29:11: Thread 0 completed. 
INFO  @ Fri, 22 Sep 2023 09:29:11: All threads completed. 
INFO  @ Fri, 22 Sep 2023 09:29:12: Permuting round 1 ... 
INFO  @ Fri, 22 Sep 2023 09:29:12: Thread 0 started. 
INFO  @ Fri, 22 Sep 2023 09:29:12: Thread 0: total 3516 instances. 
INFO  @ Fri, 22 Sep 2023 09:29:12: Thread 0: Calculating AATK (1) ...  
INFO  @ Fri, 22 Sep 2023 09:29:17: Thread 0: Calculating NFXL1 (1001) ...  
INFO  @ Fri, 22 Sep 2023 09:29:21: Thread 0: Calculating MLL1 (2001) ...  
INFO  @ Fri, 22 Sep 2023 09:29:25: Thread 0: Calculating RNF146 (3001) ...  
INFO  @ Fri, 22 Sep 2023 09:29:28: Thread 0 completed. 
INFO  @ Fri, 22 Sep 2023 09:29:28: All threads completed. 
INFO  @ Fri, 22 Sep 2023 09:29:29: Assigning p values... 
INFO  @ Fri, 22 Sep 2023 09:29:29: Permuting groups of gene with 6 sgRNAs per gene. Group progress: 6/41 
INFO  @ Fri, 22 Sep 2023 09:29:29: Start permuting 2 rounds ... 
INFO  @ Fri, 22 Sep 2023 09:29:29: Collecting 26156 sgRNAs from 3516 genes. 
INFO  @ Fri, 22 Sep 2023 09:29:29: Permuting round 0 ... 
INFO  @ Fri, 22 Sep 2023 09:29:30: Thread 0 started. 
INFO  @ Fri, 22 Sep 2023 09:29:30: Thread 0: total 3516 instances. 
INFO  @ Fri, 22 Sep 2023 09:29:30: Thread 0: Calculating AATK (1) ...  
INFO  @ Fri, 22 Sep 2023 09:29:34: Thread 0: Calculating NFXL1 (1001) ...  
INFO  @ Fri, 22 Sep 2023 09:29:39: Thread 0: Calculating MLL1 (2001) ...  
INFO  @ Fri, 22 Sep 2023 09:29:43: Thread 0: Calculating RNF146 (3001) ...  
INFO  @ Fri, 22 Sep 2023 09:29:46: Thread 0 completed. 
INFO  @ Fri, 22 Sep 2023 09:29:46: All threads completed. 
INFO  @ Fri, 22 Sep 2023 09:29:47: Permuting round 1 ... 
INFO  @ Fri, 22 Sep 2023 09:29:47: Thread 0 started. 
INFO  @ Fri, 22 Sep 2023 09:29:47: Thread 0: total 3516 instances. 
INFO  @ Fri, 22 Sep 2023 09:29:47: Thread 0: Calculating AATK (1) ...  
INFO  @ Fri, 22 Sep 2023 09:29:52: Thread 0: Calculating NFXL1 (1001) ...  
INFO  @ Fri, 22 Sep 2023 09:29:56: Thread 0: Calculating MLL1 (2001) ...  
INFO  @ Fri, 22 Sep 2023 09:30:01: Thread 0: Calculating RNF146 (3001) ...  
INFO  @ Fri, 22 Sep 2023 09:30:04: Thread 0 completed. 
INFO  @ Fri, 22 Sep 2023 09:30:04: All threads completed. 
INFO  @ Fri, 22 Sep 2023 09:30:05: Assigning p values... 
INFO  @ Fri, 22 Sep 2023 09:30:05: Permuting groups of gene with 7 sgRNAs per gene. Group progress: 7/41 
INFO  @ Fri, 22 Sep 2023 09:30:05: Start permuting 2 rounds ... 
INFO  @ Fri, 22 Sep 2023 09:30:05: Collecting 26156 sgRNAs from 3516 genes. 
INFO  @ Fri, 22 Sep 2023 09:30:06: Permuting round 0 ... 
INFO  @ Fri, 22 Sep 2023 09:30:06: Thread 0 started. 
INFO  @ Fri, 22 Sep 2023 09:30:06: Thread 0: total 3516 instances. 
INFO  @ Fri, 22 Sep 2023 09:30:06: Thread 0: Calculating AATK (1) ...  
INFO  @ Fri, 22 Sep 2023 09:30:10: Thread 0: Calculating NFXL1 (1001) ...  
INFO  @ Fri, 22 Sep 2023 09:30:15: Thread 0: Calculating MLL1 (2001) ...  
INFO  @ Fri, 22 Sep 2023 09:30:20: Thread 0: Calculating RNF146 (3001) ...  
INFO  @ Fri, 22 Sep 2023 09:30:22: Thread 0 completed. 
INFO  @ Fri, 22 Sep 2023 09:30:22: All threads completed. 
INFO  @ Fri, 22 Sep 2023 09:30:24: Permuting round 1 ... 
INFO  @ Fri, 22 Sep 2023 09:30:24: Thread 0 started. 
INFO  @ Fri, 22 Sep 2023 09:30:24: Thread 0: total 3516 instances. 
INFO  @ Fri, 22 Sep 2023 09:30:24: Thread 0: Calculating AATK (1) ...  
INFO  @ Fri, 22 Sep 2023 09:30:29: Thread 0: Calculating NFXL1 (1001) ...  
INFO  @ Fri, 22 Sep 2023 09:30:35: Thread 0: Calculating MLL1 (2001) ...  
INFO  @ Fri, 22 Sep 2023 09:30:40: Thread 0: Calculating RNF146 (3001) ...  
INFO  @ Fri, 22 Sep 2023 09:30:43: Thread 0 completed. 
INFO  @ Fri, 22 Sep 2023 09:30:43: All threads completed. 
INFO  @ Fri, 22 Sep 2023 09:30:45: Assigning p values... 
INFO  @ Fri, 22 Sep 2023 09:30:45: Permuting groups of gene with 8 sgRNAs per gene. Group progress: 8/41 
INFO  @ Fri, 22 Sep 2023 09:30:45: Start permuting 2 rounds ... 
INFO  @ Fri, 22 Sep 2023 09:30:45: Collecting 26156 sgRNAs from 3516 genes. 
INFO  @ Fri, 22 Sep 2023 09:30:46: Permuting round 0 ... 
INFO  @ Fri, 22 Sep 2023 09:30:46: Thread 0 started. 
INFO  @ Fri, 22 Sep 2023 09:30:46: Thread 0: total 3516 instances. 
INFO  @ Fri, 22 Sep 2023 09:30:46: Thread 0: Calculating AATK (1) ...  
INFO  @ Fri, 22 Sep 2023 09:30:51: Thread 0: Calculating NFXL1 (1001) ...  
INFO  @ Fri, 22 Sep 2023 09:30:56: Thread 0: Calculating MLL1 (2001) ...  
INFO  @ Fri, 22 Sep 2023 09:31:01: Thread 0: Calculating RNF146 (3001) ...  
INFO  @ Fri, 22 Sep 2023 09:31:04: Thread 0 completed. 
INFO  @ Fri, 22 Sep 2023 09:31:04: All threads completed. 
INFO  @ Fri, 22 Sep 2023 09:31:05: Permuting round 1 ... 
INFO  @ Fri, 22 Sep 2023 09:31:05: Thread 0 started. 
INFO  @ Fri, 22 Sep 2023 09:31:05: Thread 0: total 3516 instances. 
INFO  @ Fri, 22 Sep 2023 09:31:05: Thread 0: Calculating AATK (1) ...  
INFO  @ Fri, 22 Sep 2023 09:31:10: Thread 0: Calculating NFXL1 (1001) ...  
INFO  @ Fri, 22 Sep 2023 09:31:15: Thread 0: Calculating MLL1 (2001) ...  
INFO  @ Fri, 22 Sep 2023 09:31:20: Thread 0: Calculating RNF146 (3001) ...  
INFO  @ Fri, 22 Sep 2023 09:31:23: Thread 0 completed. 
INFO  @ Fri, 22 Sep 2023 09:31:23: All threads completed. 
INFO  @ Fri, 22 Sep 2023 09:31:24: Assigning p values... 
INFO  @ Fri, 22 Sep 2023 09:31:24: Permuting groups of gene with 9 sgRNAs per gene. Group progress: 9/41 
INFO  @ Fri, 22 Sep 2023 09:31:24: Start permuting 2 rounds ... 
INFO  @ Fri, 22 Sep 2023 09:31:24: Collecting 26156 sgRNAs from 3516 genes. 
INFO  @ Fri, 22 Sep 2023 09:31:25: Permuting round 0 ... 
INFO  @ Fri, 22 Sep 2023 09:31:25: Thread 0 started. 
INFO  @ Fri, 22 Sep 2023 09:31:25: Thread 0: total 3516 instances. 
INFO  @ Fri, 22 Sep 2023 09:31:25: Thread 0: Calculating AATK (1) ...  
INFO  @ Fri, 22 Sep 2023 09:31:30: Thread 0: Calculating NFXL1 (1001) ...  
INFO  @ Fri, 22 Sep 2023 09:31:35: Thread 0: Calculating MLL1 (2001) ...  
INFO  @ Fri, 22 Sep 2023 09:31:40: Thread 0: Calculating RNF146 (3001) ...  
INFO  @ Fri, 22 Sep 2023 09:31:42: Thread 0 completed. 
INFO  @ Fri, 22 Sep 2023 09:31:42: All threads completed. 
INFO  @ Fri, 22 Sep 2023 09:31:44: Permuting round 1 ... 
INFO  @ Fri, 22 Sep 2023 09:31:44: Thread 0 started. 
INFO  @ Fri, 22 Sep 2023 09:31:44: Thread 0: total 3516 instances. 
INFO  @ Fri, 22 Sep 2023 09:31:44: Thread 0: Calculating AATK (1) ...  
INFO  @ Fri, 22 Sep 2023 09:31:49: Thread 0: Calculating NFXL1 (1001) ...  
INFO  @ Fri, 22 Sep 2023 09:31:54: Thread 0: Calculating MLL1 (2001) ...  
INFO  @ Fri, 22 Sep 2023 09:31:59: Thread 0: Calculating RNF146 (3001) ...  
INFO  @ Fri, 22 Sep 2023 09:32:01: Thread 0 completed. 
INFO  @ Fri, 22 Sep 2023 09:32:01: All threads completed. 
INFO  @ Fri, 22 Sep 2023 09:32:03: Assigning p values... 
INFO  @ Fri, 22 Sep 2023 09:32:03: Permuting groups of gene with 10 sgRNAs per gene. Group progress: 10/41 
INFO  @ Fri, 22 Sep 2023 09:32:03: Start permuting 2 rounds ... 
INFO  @ Fri, 22 Sep 2023 09:32:03: Collecting 26156 sgRNAs from 3516 genes. 
INFO  @ Fri, 22 Sep 2023 09:32:03: Permuting round 0 ... 
INFO  @ Fri, 22 Sep 2023 09:32:03: Thread 0 started. 
INFO  @ Fri, 22 Sep 2023 09:32:03: Thread 0: total 3516 instances. 
INFO  @ Fri, 22 Sep 2023 09:32:03: Thread 0: Calculating AATK (1) ...  
INFO  @ Fri, 22 Sep 2023 09:32:08: Thread 0: Calculating NFXL1 (1001) ...  
INFO  @ Fri, 22 Sep 2023 09:32:13: Thread 0: Calculating MLL1 (2001) ...  
INFO  @ Fri, 22 Sep 2023 09:32:18: Thread 0: Calculating RNF146 (3001) ...  
INFO  @ Fri, 22 Sep 2023 09:32:21: Thread 0 completed. 
INFO  @ Fri, 22 Sep 2023 09:32:21: All threads completed. 
INFO  @ Fri, 22 Sep 2023 09:32:22: Permuting round 1 ... 
INFO  @ Fri, 22 Sep 2023 09:32:22: Thread 0 started. 
INFO  @ Fri, 22 Sep 2023 09:32:22: Thread 0: total 3516 instances. 
INFO  @ Fri, 22 Sep 2023 09:32:22: Thread 0: Calculating AATK (1) ...  
INFO  @ Fri, 22 Sep 2023 09:32:27: Thread 0: Calculating NFXL1 (1001) ...  
INFO  @ Fri, 22 Sep 2023 09:32:32: Thread 0: Calculating MLL1 (2001) ...  
INFO  @ Fri, 22 Sep 2023 09:32:37: Thread 0: Calculating RNF146 (3001) ...  
INFO  @ Fri, 22 Sep 2023 09:32:40: Thread 0 completed. 
INFO  @ Fri, 22 Sep 2023 09:32:40: All threads completed. 
INFO  @ Fri, 22 Sep 2023 09:32:41: Assigning p values... 
INFO  @ Fri, 22 Sep 2023 09:32:42: Permuting groups of gene with 11 sgRNAs per gene. Group progress: 11/41 
INFO  @ Fri, 22 Sep 2023 09:32:42: Start permuting 2 rounds ... 
INFO  @ Fri, 22 Sep 2023 09:32:42: Collecting 26156 sgRNAs from 3516 genes. 
INFO  @ Fri, 22 Sep 2023 09:32:42: Permuting round 0 ... 
INFO  @ Fri, 22 Sep 2023 09:32:42: Thread 0 started. 
INFO  @ Fri, 22 Sep 2023 09:32:42: Thread 0: total 3516 instances. 
INFO  @ Fri, 22 Sep 2023 09:32:42: Thread 0: Calculating AATK (1) ...  
INFO  @ Fri, 22 Sep 2023 09:32:47: Thread 0: Calculating NFXL1 (1001) ...  
INFO  @ Fri, 22 Sep 2023 09:32:52: Thread 0: Calculating MLL1 (2001) ...  
INFO  @ Fri, 22 Sep 2023 09:32:57: Thread 0: Calculating RNF146 (3001) ...  
INFO  @ Fri, 22 Sep 2023 09:33:00: Thread 0 completed. 
INFO  @ Fri, 22 Sep 2023 09:33:00: All threads completed. 
INFO  @ Fri, 22 Sep 2023 09:33:01: Permuting round 1 ... 
INFO  @ Fri, 22 Sep 2023 09:33:02: Thread 0 started. 
INFO  @ Fri, 22 Sep 2023 09:33:02: Thread 0: total 3516 instances. 
INFO  @ Fri, 22 Sep 2023 09:33:02: Thread 0: Calculating AATK (1) ...  
INFO  @ Fri, 22 Sep 2023 09:33:07: Thread 0: Calculating NFXL1 (1001) ...  
INFO  @ Fri, 22 Sep 2023 09:33:12: Thread 0: Calculating MLL1 (2001) ...  
INFO  @ Fri, 22 Sep 2023 09:33:17: Thread 0: Calculating RNF146 (3001) ...  
INFO  @ Fri, 22 Sep 2023 09:33:19: Thread 0 completed. 
INFO  @ Fri, 22 Sep 2023 09:33:19: All threads completed. 
INFO  @ Fri, 22 Sep 2023 09:33:21: Assigning p values... 
INFO  @ Fri, 22 Sep 2023 09:33:21: Permuting groups of gene with 12 sgRNAs per gene. Group progress: 12/41 
INFO  @ Fri, 22 Sep 2023 09:33:21: Start permuting 2 rounds ... 
INFO  @ Fri, 22 Sep 2023 09:33:21: Collecting 26156 sgRNAs from 3516 genes. 
INFO  @ Fri, 22 Sep 2023 09:33:21: Permuting round 0 ... 
INFO  @ Fri, 22 Sep 2023 09:33:21: Thread 0 started. 
INFO  @ Fri, 22 Sep 2023 09:33:21: Thread 0: total 3516 instances. 
INFO  @ Fri, 22 Sep 2023 09:33:21: Thread 0: Calculating AATK (1) ...  
INFO  @ Fri, 22 Sep 2023 09:33:27: Thread 0: Calculating NFXL1 (1001) ...  
INFO  @ Fri, 22 Sep 2023 09:33:32: Thread 0: Calculating MLL1 (2001) ...  
INFO  @ Fri, 22 Sep 2023 09:33:37: Thread 0: Calculating RNF146 (3001) ...  
INFO  @ Fri, 22 Sep 2023 09:33:40: Thread 0 completed. 
INFO  @ Fri, 22 Sep 2023 09:33:40: All threads completed. 
INFO  @ Fri, 22 Sep 2023 09:33:41: Permuting round 1 ... 
INFO  @ Fri, 22 Sep 2023 09:33:41: Thread 0 started. 
INFO  @ Fri, 22 Sep 2023 09:33:41: Thread 0: total 3516 instances. 
INFO  @ Fri, 22 Sep 2023 09:33:41: Thread 0: Calculating AATK (1) ...  
INFO  @ Fri, 22 Sep 2023 09:33:46: Thread 0: Calculating NFXL1 (1001) ...  
INFO  @ Fri, 22 Sep 2023 09:33:51: Thread 0: Calculating MLL1 (2001) ...  
INFO  @ Fri, 22 Sep 2023 09:33:57: Thread 0: Calculating RNF146 (3001) ...  
INFO  @ Fri, 22 Sep 2023 09:33:59: Thread 0 completed. 
INFO  @ Fri, 22 Sep 2023 09:33:59: All threads completed. 
INFO  @ Fri, 22 Sep 2023 09:34:01: Assigning p values... 
INFO  @ Fri, 22 Sep 2023 09:34:01: Permuting groups of gene with 13 sgRNAs per gene. Group progress: 13/41 
INFO  @ Fri, 22 Sep 2023 09:34:01: Start permuting 2 rounds ... 
INFO  @ Fri, 22 Sep 2023 09:34:01: Collecting 26156 sgRNAs from 3516 genes. 
INFO  @ Fri, 22 Sep 2023 09:34:01: Permuting round 0 ... 
INFO  @ Fri, 22 Sep 2023 09:34:01: Thread 0 started. 
INFO  @ Fri, 22 Sep 2023 09:34:01: Thread 0: total 3516 instances. 
INFO  @ Fri, 22 Sep 2023 09:34:01: Thread 0: Calculating AATK (1) ...  
INFO  @ Fri, 22 Sep 2023 09:34:07: Thread 0: Calculating NFXL1 (1001) ...  
INFO  @ Fri, 22 Sep 2023 09:34:12: Thread 0: Calculating MLL1 (2001) ...  
INFO  @ Fri, 22 Sep 2023 09:34:17: Thread 0: Calculating RNF146 (3001) ...  
INFO  @ Fri, 22 Sep 2023 09:34:20: Thread 0 completed. 
INFO  @ Fri, 22 Sep 2023 09:34:20: All threads completed. 
INFO  @ Fri, 22 Sep 2023 09:34:21: Permuting round 1 ... 
INFO  @ Fri, 22 Sep 2023 09:34:21: Thread 0 started. 
INFO  @ Fri, 22 Sep 2023 09:34:21: Thread 0: total 3516 instances. 
INFO  @ Fri, 22 Sep 2023 09:34:21: Thread 0: Calculating AATK (1) ...  
INFO  @ Fri, 22 Sep 2023 09:34:27: Thread 0: Calculating NFXL1 (1001) ...  
INFO  @ Fri, 22 Sep 2023 09:34:32: Thread 0: Calculating MLL1 (2001) ...  
INFO  @ Fri, 22 Sep 2023 09:34:37: Thread 0: Calculating RNF146 (3001) ...  
INFO  @ Fri, 22 Sep 2023 09:34:40: Thread 0 completed. 
INFO  @ Fri, 22 Sep 2023 09:34:40: All threads completed. 
INFO  @ Fri, 22 Sep 2023 09:34:41: Assigning p values... 
INFO  @ Fri, 22 Sep 2023 09:34:41: Permuting groups of gene with 14 sgRNAs per gene. Group progress: 14/41 
INFO  @ Fri, 22 Sep 2023 09:34:41: Start permuting 2 rounds ... 
INFO  @ Fri, 22 Sep 2023 09:34:41: Collecting 26156 sgRNAs from 3516 genes. 
INFO  @ Fri, 22 Sep 2023 09:34:42: Permuting round 0 ... 
INFO  @ Fri, 22 Sep 2023 09:34:42: Thread 0 started. 
INFO  @ Fri, 22 Sep 2023 09:34:42: Thread 0: total 3516 instances. 
INFO  @ Fri, 22 Sep 2023 09:34:42: Thread 0: Calculating AATK (1) ...  
INFO  @ Fri, 22 Sep 2023 09:34:47: Thread 0: Calculating NFXL1 (1001) ...  
INFO  @ Fri, 22 Sep 2023 09:34:53: Thread 0: Calculating MLL1 (2001) ...  
INFO  @ Fri, 22 Sep 2023 09:34:58: Thread 0: Calculating RNF146 (3001) ...  
INFO  @ Fri, 22 Sep 2023 09:35:01: Thread 0 completed. 
INFO  @ Fri, 22 Sep 2023 09:35:01: All threads completed. 
INFO  @ Fri, 22 Sep 2023 09:35:02: Permuting round 1 ... 
INFO  @ Fri, 22 Sep 2023 09:35:02: Thread 0 started. 
INFO  @ Fri, 22 Sep 2023 09:35:02: Thread 0: total 3516 instances. 
INFO  @ Fri, 22 Sep 2023 09:35:02: Thread 0: Calculating AATK (1) ...  
INFO  @ Fri, 22 Sep 2023 09:35:08: Thread 0: Calculating NFXL1 (1001) ...  
INFO  @ Fri, 22 Sep 2023 09:35:13: Thread 0: Calculating MLL1 (2001) ...  
INFO  @ Fri, 22 Sep 2023 09:35:18: Thread 0: Calculating RNF146 (3001) ...  
INFO  @ Fri, 22 Sep 2023 09:35:21: Thread 0 completed. 
INFO  @ Fri, 22 Sep 2023 09:35:21: All threads completed. 
INFO  @ Fri, 22 Sep 2023 09:35:23: Assigning p values... 
INFO  @ Fri, 22 Sep 2023 09:35:23: Permuting groups of gene with 15 sgRNAs per gene. Group progress: 15/41 
INFO  @ Fri, 22 Sep 2023 09:35:23: Start permuting 2 rounds ... 
INFO  @ Fri, 22 Sep 2023 09:35:23: Collecting 26156 sgRNAs from 3516 genes. 
INFO  @ Fri, 22 Sep 2023 09:35:23: Permuting round 0 ... 
INFO  @ Fri, 22 Sep 2023 09:35:23: Thread 0 started. 
INFO  @ Fri, 22 Sep 2023 09:35:23: Thread 0: total 3516 instances. 
INFO  @ Fri, 22 Sep 2023 09:35:23: Thread 0: Calculating AATK (1) ...  
INFO  @ Fri, 22 Sep 2023 09:35:30: Thread 0: Calculating NFXL1 (1001) ...  
INFO  @ Fri, 22 Sep 2023 09:35:35: Thread 0: Calculating MLL1 (2001) ...  
INFO  @ Fri, 22 Sep 2023 09:35:40: Thread 0: Calculating RNF146 (3001) ...  
INFO  @ Fri, 22 Sep 2023 09:35:43: Thread 0 completed. 
INFO  @ Fri, 22 Sep 2023 09:35:43: All threads completed. 
INFO  @ Fri, 22 Sep 2023 09:35:45: Permuting round 1 ... 
INFO  @ Fri, 22 Sep 2023 09:35:45: Thread 0 started. 
INFO  @ Fri, 22 Sep 2023 09:35:45: Thread 0: total 3516 instances. 
INFO  @ Fri, 22 Sep 2023 09:35:45: Thread 0: Calculating AATK (1) ...  
INFO  @ Fri, 22 Sep 2023 09:35:50: Thread 0: Calculating NFXL1 (1001) ...  
INFO  @ Fri, 22 Sep 2023 09:35:55: Thread 0: Calculating MLL1 (2001) ...  
INFO  @ Fri, 22 Sep 2023 09:36:01: Thread 0: Calculating RNF146 (3001) ...  
INFO  @ Fri, 22 Sep 2023 09:36:04: Thread 0 completed. 
INFO  @ Fri, 22 Sep 2023 09:36:04: All threads completed. 
INFO  @ Fri, 22 Sep 2023 09:36:05: Assigning p values... 
INFO  @ Fri, 22 Sep 2023 09:36:05: Permuting groups of gene with 16 sgRNAs per gene. Group progress: 16/41 
INFO  @ Fri, 22 Sep 2023 09:36:05: Start permuting 2 rounds ... 
INFO  @ Fri, 22 Sep 2023 09:36:05: Collecting 26156 sgRNAs from 3516 genes. 
INFO  @ Fri, 22 Sep 2023 09:36:06: Permuting round 0 ... 
INFO  @ Fri, 22 Sep 2023 09:36:06: Thread 0 started. 
INFO  @ Fri, 22 Sep 2023 09:36:06: Thread 0: total 3516 instances. 
INFO  @ Fri, 22 Sep 2023 09:36:06: Thread 0: Calculating AATK (1) ...  
INFO  @ Fri, 22 Sep 2023 09:36:11: Thread 0: Calculating NFXL1 (1001) ...  
INFO  @ Fri, 22 Sep 2023 09:36:16: Thread 0: Calculating MLL1 (2001) ...  
INFO  @ Fri, 22 Sep 2023 09:36:22: Thread 0: Calculating RNF146 (3001) ...  
INFO  @ Fri, 22 Sep 2023 09:36:25: Thread 0 completed. 
INFO  @ Fri, 22 Sep 2023 09:36:25: All threads completed. 
INFO  @ Fri, 22 Sep 2023 09:36:26: Permuting round 1 ... 
INFO  @ Fri, 22 Sep 2023 09:36:26: Thread 0 started. 
INFO  @ Fri, 22 Sep 2023 09:36:26: Thread 0: total 3516 instances. 
INFO  @ Fri, 22 Sep 2023 09:36:26: Thread 0: Calculating AATK (1) ...  
INFO  @ Fri, 22 Sep 2023 09:36:33: Thread 0: Calculating NFXL1 (1001) ...  
INFO  @ Fri, 22 Sep 2023 09:36:38: Thread 0: Calculating MLL1 (2001) ...  
INFO  @ Fri, 22 Sep 2023 09:36:44: Thread 0: Calculating RNF146 (3001) ...  
INFO  @ Fri, 22 Sep 2023 09:36:46: Thread 0 completed. 
INFO  @ Fri, 22 Sep 2023 09:36:46: All threads completed. 
INFO  @ Fri, 22 Sep 2023 09:36:48: Assigning p values... 
INFO  @ Fri, 22 Sep 2023 09:36:48: Permuting groups of gene with 17 sgRNAs per gene. Group progress: 17/41 
INFO  @ Fri, 22 Sep 2023 09:36:48: Start permuting 2 rounds ... 
INFO  @ Fri, 22 Sep 2023 09:36:48: Collecting 26156 sgRNAs from 3516 genes. 
INFO  @ Fri, 22 Sep 2023 09:36:48: Permuting round 0 ... 
INFO  @ Fri, 22 Sep 2023 09:36:49: Thread 0 started. 
INFO  @ Fri, 22 Sep 2023 09:36:49: Thread 0: total 3516 instances. 
INFO  @ Fri, 22 Sep 2023 09:36:49: Thread 0: Calculating AATK (1) ...  
INFO  @ Fri, 22 Sep 2023 09:36:54: Thread 0: Calculating NFXL1 (1001) ...  
INFO  @ Fri, 22 Sep 2023 09:36:59: Thread 0: Calculating MLL1 (2001) ...  
INFO  @ Fri, 22 Sep 2023 09:37:04: Thread 0: Calculating RNF146 (3001) ...  
INFO  @ Fri, 22 Sep 2023 09:37:07: Thread 0 completed. 
INFO  @ Fri, 22 Sep 2023 09:37:07: All threads completed. 
INFO  @ Fri, 22 Sep 2023 09:37:09: Permuting round 1 ... 
INFO  @ Fri, 22 Sep 2023 09:37:09: Thread 0 started. 
INFO  @ Fri, 22 Sep 2023 09:37:09: Thread 0: total 3516 instances. 
INFO  @ Fri, 22 Sep 2023 09:37:09: Thread 0: Calculating AATK (1) ...  
INFO  @ Fri, 22 Sep 2023 09:37:14: Thread 0: Calculating NFXL1 (1001) ...  
INFO  @ Fri, 22 Sep 2023 09:37:20: Thread 0: Calculating MLL1 (2001) ...  
INFO  @ Fri, 22 Sep 2023 09:37:25: Thread 0: Calculating RNF146 (3001) ...  
INFO  @ Fri, 22 Sep 2023 09:37:28: Thread 0 completed. 
INFO  @ Fri, 22 Sep 2023 09:37:28: All threads completed. 
INFO  @ Fri, 22 Sep 2023 09:37:30: Assigning p values... 
INFO  @ Fri, 22 Sep 2023 09:37:30: Permuting groups of gene with 18 sgRNAs per gene. Group progress: 18/41 
INFO  @ Fri, 22 Sep 2023 09:37:30: Start permuting 2 rounds ... 
INFO  @ Fri, 22 Sep 2023 09:37:30: Collecting 26156 sgRNAs from 3516 genes. 
INFO  @ Fri, 22 Sep 2023 09:37:30: Permuting round 0 ... 
INFO  @ Fri, 22 Sep 2023 09:37:31: Thread 0 started. 
INFO  @ Fri, 22 Sep 2023 09:37:31: Thread 0: total 3516 instances. 
INFO  @ Fri, 22 Sep 2023 09:37:31: Thread 0: Calculating AATK (1) ...  
INFO  @ Fri, 22 Sep 2023 09:37:36: Thread 0: Calculating NFXL1 (1001) ...  
INFO  @ Fri, 22 Sep 2023 09:37:42: Thread 0: Calculating MLL1 (2001) ...  
INFO  @ Fri, 22 Sep 2023 09:37:47: Thread 0: Calculating RNF146 (3001) ...  
INFO  @ Fri, 22 Sep 2023 09:37:49: Thread 0 completed. 
INFO  @ Fri, 22 Sep 2023 09:37:49: All threads completed. 
INFO  @ Fri, 22 Sep 2023 09:37:51: Permuting round 1 ... 
INFO  @ Fri, 22 Sep 2023 09:37:51: Thread 0 started. 
INFO  @ Fri, 22 Sep 2023 09:37:51: Thread 0: total 3516 instances. 
INFO  @ Fri, 22 Sep 2023 09:37:51: Thread 0: Calculating AATK (1) ...  
INFO  @ Fri, 22 Sep 2023 09:37:56: Thread 0: Calculating NFXL1 (1001) ...  
INFO  @ Fri, 22 Sep 2023 09:38:01: Thread 0: Calculating MLL1 (2001) ...  
INFO  @ Fri, 22 Sep 2023 09:38:06: Thread 0: Calculating RNF146 (3001) ...  
INFO  @ Fri, 22 Sep 2023 09:38:09: Thread 0 completed. 
INFO  @ Fri, 22 Sep 2023 09:38:09: All threads completed. 
INFO  @ Fri, 22 Sep 2023 09:38:10: Assigning p values... 
INFO  @ Fri, 22 Sep 2023 09:38:10: Permuting groups of gene with 19 sgRNAs per gene. Group progress: 19/41 
INFO  @ Fri, 22 Sep 2023 09:38:10: Start permuting 2 rounds ... 
INFO  @ Fri, 22 Sep 2023 09:38:11: Collecting 26156 sgRNAs from 3516 genes. 
INFO  @ Fri, 22 Sep 2023 09:38:11: Permuting round 0 ... 
INFO  @ Fri, 22 Sep 2023 09:38:11: Thread 0 started. 
INFO  @ Fri, 22 Sep 2023 09:38:11: Thread 0: total 3516 instances. 
INFO  @ Fri, 22 Sep 2023 09:38:11: Thread 0: Calculating AATK (1) ...  
INFO  @ Fri, 22 Sep 2023 09:38:16: Thread 0: Calculating NFXL1 (1001) ...  
INFO  @ Fri, 22 Sep 2023 09:38:21: Thread 0: Calculating MLL1 (2001) ...  
INFO  @ Fri, 22 Sep 2023 09:38:26: Thread 0: Calculating RNF146 (3001) ...  
INFO  @ Fri, 22 Sep 2023 09:38:29: Thread 0 completed. 
INFO  @ Fri, 22 Sep 2023 09:38:29: All threads completed. 
INFO  @ Fri, 22 Sep 2023 09:38:30: Permuting round 1 ... 
INFO  @ Fri, 22 Sep 2023 09:38:30: Thread 0 started. 
INFO  @ Fri, 22 Sep 2023 09:38:30: Thread 0: total 3516 instances. 
INFO  @ Fri, 22 Sep 2023 09:38:30: Thread 0: Calculating AATK (1) ...  
INFO  @ Fri, 22 Sep 2023 09:38:35: Thread 0: Calculating NFXL1 (1001) ...  
INFO  @ Fri, 22 Sep 2023 09:38:40: Thread 0: Calculating MLL1 (2001) ...  
INFO  @ Fri, 22 Sep 2023 09:38:46: Thread 0: Calculating RNF146 (3001) ...  
INFO  @ Fri, 22 Sep 2023 09:38:48: Thread 0 completed. 
INFO  @ Fri, 22 Sep 2023 09:38:48: All threads completed. 
INFO  @ Fri, 22 Sep 2023 09:38:50: Assigning p values... 
INFO  @ Fri, 22 Sep 2023 09:38:50: Permuting groups of gene with 20 sgRNAs per gene. Group progress: 20/41 
INFO  @ Fri, 22 Sep 2023 09:38:50: Start permuting 2 rounds ... 
INFO  @ Fri, 22 Sep 2023 09:38:50: Collecting 26156 sgRNAs from 3516 genes. 
INFO  @ Fri, 22 Sep 2023 09:38:50: Permuting round 0 ... 
INFO  @ Fri, 22 Sep 2023 09:38:50: Thread 0 started. 
INFO  @ Fri, 22 Sep 2023 09:38:50: Thread 0: total 3516 instances. 
INFO  @ Fri, 22 Sep 2023 09:38:50: Thread 0: Calculating AATK (1) ...  
INFO  @ Fri, 22 Sep 2023 09:38:55: Thread 0: Calculating NFXL1 (1001) ...  
INFO  @ Fri, 22 Sep 2023 09:39:01: Thread 0: Calculating MLL1 (2001) ...  
INFO  @ Fri, 22 Sep 2023 09:39:06: Thread 0: Calculating RNF146 (3001) ...  
INFO  @ Fri, 22 Sep 2023 09:39:08: Thread 0 completed. 
INFO  @ Fri, 22 Sep 2023 09:39:08: All threads completed. 
INFO  @ Fri, 22 Sep 2023 09:39:10: Permuting round 1 ... 
INFO  @ Fri, 22 Sep 2023 09:39:10: Thread 0 started. 
INFO  @ Fri, 22 Sep 2023 09:39:10: Thread 0: total 3516 instances. 
INFO  @ Fri, 22 Sep 2023 09:39:10: Thread 0: Calculating AATK (1) ...  
INFO  @ Fri, 22 Sep 2023 09:39:15: Thread 0: Calculating NFXL1 (1001) ...  
INFO  @ Fri, 22 Sep 2023 09:39:21: Thread 0: Calculating MLL1 (2001) ...  
INFO  @ Fri, 22 Sep 2023 09:39:26: Thread 0: Calculating RNF146 (3001) ...  
INFO  @ Fri, 22 Sep 2023 09:39:29: Thread 0 completed. 
INFO  @ Fri, 22 Sep 2023 09:39:29: All threads completed. 
INFO  @ Fri, 22 Sep 2023 09:39:30: Assigning p values... 
INFO  @ Fri, 22 Sep 2023 09:39:30: Permuting groups of gene with 21 sgRNAs per gene. Group progress: 21/41 
INFO  @ Fri, 22 Sep 2023 09:39:30: Start permuting 2 rounds ... 
INFO  @ Fri, 22 Sep 2023 09:39:30: Collecting 26156 sgRNAs from 3516 genes. 
INFO  @ Fri, 22 Sep 2023 09:39:30: Permuting round 0 ... 
INFO  @ Fri, 22 Sep 2023 09:39:31: Thread 0 started. 
INFO  @ Fri, 22 Sep 2023 09:39:31: Thread 0: total 3516 instances. 
INFO  @ Fri, 22 Sep 2023 09:39:31: Thread 0: Calculating AATK (1) ...  
INFO  @ Fri, 22 Sep 2023 09:39:36: Thread 0: Calculating NFXL1 (1001) ...  
INFO  @ Fri, 22 Sep 2023 09:39:41: Thread 0: Calculating MLL1 (2001) ...  
INFO  @ Fri, 22 Sep 2023 09:39:46: Thread 0: Calculating RNF146 (3001) ...  
INFO  @ Fri, 22 Sep 2023 09:39:49: Thread 0 completed. 
INFO  @ Fri, 22 Sep 2023 09:39:49: All threads completed. 
INFO  @ Fri, 22 Sep 2023 09:39:51: Permuting round 1 ... 
INFO  @ Fri, 22 Sep 2023 09:39:51: Thread 0 started. 
INFO  @ Fri, 22 Sep 2023 09:39:51: Thread 0: total 3516 instances. 
INFO  @ Fri, 22 Sep 2023 09:39:51: Thread 0: Calculating AATK (1) ...  
INFO  @ Fri, 22 Sep 2023 09:39:56: Thread 0: Calculating NFXL1 (1001) ...  
INFO  @ Fri, 22 Sep 2023 09:40:01: Thread 0: Calculating MLL1 (2001) ...  
INFO  @ Fri, 22 Sep 2023 09:40:07: Thread 0: Calculating RNF146 (3001) ...  
INFO  @ Fri, 22 Sep 2023 09:40:10: Thread 0 completed. 
INFO  @ Fri, 22 Sep 2023 09:40:10: All threads completed. 
INFO  @ Fri, 22 Sep 2023 09:40:12: Assigning p values... 
INFO  @ Fri, 22 Sep 2023 09:40:12: Permuting groups of gene with 22 sgRNAs per gene. Group progress: 22/41 
INFO  @ Fri, 22 Sep 2023 09:40:12: Start permuting 2 rounds ... 
INFO  @ Fri, 22 Sep 2023 09:40:12: Collecting 26156 sgRNAs from 3516 genes. 
INFO  @ Fri, 22 Sep 2023 09:40:12: Permuting round 0 ... 
INFO  @ Fri, 22 Sep 2023 09:40:12: Thread 0 started. 
INFO  @ Fri, 22 Sep 2023 09:40:12: Thread 0: total 3516 instances. 
INFO  @ Fri, 22 Sep 2023 09:40:12: Thread 0: Calculating AATK (1) ...  
INFO  @ Fri, 22 Sep 2023 09:40:19: Thread 0: Calculating NFXL1 (1001) ...  
INFO  @ Fri, 22 Sep 2023 09:40:24: Thread 0: Calculating MLL1 (2001) ...  
INFO  @ Fri, 22 Sep 2023 09:40:29: Thread 0: Calculating RNF146 (3001) ...  
INFO  @ Fri, 22 Sep 2023 09:40:32: Thread 0 completed. 
INFO  @ Fri, 22 Sep 2023 09:40:32: All threads completed. 
INFO  @ Fri, 22 Sep 2023 09:40:34: Permuting round 1 ... 
INFO  @ Fri, 22 Sep 2023 09:40:34: Thread 0 started. 
INFO  @ Fri, 22 Sep 2023 09:40:34: Thread 0: total 3516 instances. 
INFO  @ Fri, 22 Sep 2023 09:40:34: Thread 0: Calculating AATK (1) ...  
INFO  @ Fri, 22 Sep 2023 09:40:39: Thread 0: Calculating NFXL1 (1001) ...  
INFO  @ Fri, 22 Sep 2023 09:40:44: Thread 0: Calculating MLL1 (2001) ...  
INFO  @ Fri, 22 Sep 2023 09:40:49: Thread 0: Calculating RNF146 (3001) ...  
INFO  @ Fri, 22 Sep 2023 09:40:51: Thread 0 completed. 
INFO  @ Fri, 22 Sep 2023 09:40:51: All threads completed. 
INFO  @ Fri, 22 Sep 2023 09:40:53: Assigning p values... 
INFO  @ Fri, 22 Sep 2023 09:40:53: Permuting groups of gene with 23 sgRNAs per gene. Group progress: 23/41 
INFO  @ Fri, 22 Sep 2023 09:40:53: Start permuting 2 rounds ... 
INFO  @ Fri, 22 Sep 2023 09:40:53: Collecting 26156 sgRNAs from 3516 genes. 
INFO  @ Fri, 22 Sep 2023 09:40:53: Permuting round 0 ... 
INFO  @ Fri, 22 Sep 2023 09:40:53: Thread 0 started. 
INFO  @ Fri, 22 Sep 2023 09:40:53: Thread 0: total 3516 instances. 
INFO  @ Fri, 22 Sep 2023 09:40:53: Thread 0: Calculating AATK (1) ...  
INFO  @ Fri, 22 Sep 2023 09:40:59: Thread 0: Calculating NFXL1 (1001) ...  
INFO  @ Fri, 22 Sep 2023 09:41:04: Thread 0: Calculating MLL1 (2001) ...  
INFO  @ Fri, 22 Sep 2023 09:41:08: Thread 0: Calculating RNF146 (3001) ...  
INFO  @ Fri, 22 Sep 2023 09:41:11: Thread 0 completed. 
INFO  @ Fri, 22 Sep 2023 09:41:11: All threads completed. 
INFO  @ Fri, 22 Sep 2023 09:41:12: Permuting round 1 ... 
INFO  @ Fri, 22 Sep 2023 09:41:12: Thread 0 started. 
INFO  @ Fri, 22 Sep 2023 09:41:12: Thread 0: total 3516 instances. 
INFO  @ Fri, 22 Sep 2023 09:41:12: Thread 0: Calculating AATK (1) ...  
INFO  @ Fri, 22 Sep 2023 09:41:17: Thread 0: Calculating NFXL1 (1001) ...  
INFO  @ Fri, 22 Sep 2023 09:41:22: Thread 0: Calculating MLL1 (2001) ...  
INFO  @ Fri, 22 Sep 2023 09:41:27: Thread 0: Calculating RNF146 (3001) ...  
INFO  @ Fri, 22 Sep 2023 09:41:30: Thread 0 completed. 
INFO  @ Fri, 22 Sep 2023 09:41:30: All threads completed. 
INFO  @ Fri, 22 Sep 2023 09:41:31: Assigning p values... 
INFO  @ Fri, 22 Sep 2023 09:41:32: Permuting groups of gene with 24 sgRNAs per gene. Group progress: 24/41 
INFO  @ Fri, 22 Sep 2023 09:41:32: Start permuting 2 rounds ... 
INFO  @ Fri, 22 Sep 2023 09:41:32: Collecting 26156 sgRNAs from 3516 genes. 
INFO  @ Fri, 22 Sep 2023 09:41:32: Permuting round 0 ... 
INFO  @ Fri, 22 Sep 2023 09:41:32: Thread 0 started. 
INFO  @ Fri, 22 Sep 2023 09:41:32: Thread 0: total 3516 instances. 
INFO  @ Fri, 22 Sep 2023 09:41:32: Thread 0: Calculating AATK (1) ...  
INFO  @ Fri, 22 Sep 2023 09:41:37: Thread 0: Calculating NFXL1 (1001) ...  
INFO  @ Fri, 22 Sep 2023 09:41:42: Thread 0: Calculating MLL1 (2001) ...  
INFO  @ Fri, 22 Sep 2023 09:41:47: Thread 0: Calculating RNF146 (3001) ...  
INFO  @ Fri, 22 Sep 2023 09:41:50: Thread 0 completed. 
INFO  @ Fri, 22 Sep 2023 09:41:50: All threads completed. 
INFO  @ Fri, 22 Sep 2023 09:41:51: Permuting round 1 ... 
INFO  @ Fri, 22 Sep 2023 09:41:51: Thread 0 started. 
INFO  @ Fri, 22 Sep 2023 09:41:51: Thread 0: total 3516 instances. 
INFO  @ Fri, 22 Sep 2023 09:41:51: Thread 0: Calculating AATK (1) ...  
INFO  @ Fri, 22 Sep 2023 09:41:56: Thread 0: Calculating NFXL1 (1001) ...  
INFO  @ Fri, 22 Sep 2023 09:42:01: Thread 0: Calculating MLL1 (2001) ...  
INFO  @ Fri, 22 Sep 2023 09:42:07: Thread 0: Calculating RNF146 (3001) ...  
INFO  @ Fri, 22 Sep 2023 09:42:09: Thread 0 completed. 
INFO  @ Fri, 22 Sep 2023 09:42:09: All threads completed. 
INFO  @ Fri, 22 Sep 2023 09:42:10: Assigning p values... 
INFO  @ Fri, 22 Sep 2023 09:42:11: Permuting groups of gene with 25 sgRNAs per gene. Group progress: 25/41 
INFO  @ Fri, 22 Sep 2023 09:42:11: Start permuting 2 rounds ... 
INFO  @ Fri, 22 Sep 2023 09:42:11: Collecting 26156 sgRNAs from 3516 genes. 
INFO  @ Fri, 22 Sep 2023 09:42:11: Permuting round 0 ... 
INFO  @ Fri, 22 Sep 2023 09:42:11: Thread 0 started. 
INFO  @ Fri, 22 Sep 2023 09:42:11: Thread 0: total 3516 instances. 
INFO  @ Fri, 22 Sep 2023 09:42:11: Thread 0: Calculating AATK (1) ...  
INFO  @ Fri, 22 Sep 2023 09:42:16: Thread 0: Calculating NFXL1 (1001) ...  
INFO  @ Fri, 22 Sep 2023 09:42:21: Thread 0: Calculating MLL1 (2001) ...  
INFO  @ Fri, 22 Sep 2023 09:42:27: Thread 0: Calculating RNF146 (3001) ...  
INFO  @ Fri, 22 Sep 2023 09:42:29: Thread 0 completed. 
INFO  @ Fri, 22 Sep 2023 09:42:29: All threads completed. 
INFO  @ Fri, 22 Sep 2023 09:42:31: Permuting round 1 ... 
INFO  @ Fri, 22 Sep 2023 09:42:31: Thread 0 started. 
INFO  @ Fri, 22 Sep 2023 09:42:31: Thread 0: total 3516 instances. 
INFO  @ Fri, 22 Sep 2023 09:42:31: Thread 0: Calculating AATK (1) ...  
INFO  @ Fri, 22 Sep 2023 09:42:36: Thread 0: Calculating NFXL1 (1001) ...  
INFO  @ Fri, 22 Sep 2023 09:42:41: Thread 0: Calculating MLL1 (2001) ...  
INFO  @ Fri, 22 Sep 2023 09:42:47: Thread 0: Calculating RNF146 (3001) ...  
INFO  @ Fri, 22 Sep 2023 09:42:49: Thread 0 completed. 
INFO  @ Fri, 22 Sep 2023 09:42:49: All threads completed. 
INFO  @ Fri, 22 Sep 2023 09:42:51: Assigning p values... 
INFO  @ Fri, 22 Sep 2023 09:42:51: Permuting groups of gene with 27 sgRNAs per gene. Group progress: 26/41 
INFO  @ Fri, 22 Sep 2023 09:42:51: Start permuting 2 rounds ... 
INFO  @ Fri, 22 Sep 2023 09:42:51: Collecting 26156 sgRNAs from 3516 genes. 
INFO  @ Fri, 22 Sep 2023 09:42:51: Permuting round 0 ... 
INFO  @ Fri, 22 Sep 2023 09:42:51: Thread 0 started. 
INFO  @ Fri, 22 Sep 2023 09:42:51: Thread 0: total 3516 instances. 
INFO  @ Fri, 22 Sep 2023 09:42:51: Thread 0: Calculating AATK (1) ...  
INFO  @ Fri, 22 Sep 2023 09:42:57: Thread 0: Calculating NFXL1 (1001) ...  
INFO  @ Fri, 22 Sep 2023 09:43:02: Thread 0: Calculating MLL1 (2001) ...  
INFO  @ Fri, 22 Sep 2023 09:43:07: Thread 0: Calculating RNF146 (3001) ...  
INFO  @ Fri, 22 Sep 2023 09:43:10: Thread 0 completed. 
INFO  @ Fri, 22 Sep 2023 09:43:10: All threads completed. 
INFO  @ Fri, 22 Sep 2023 09:43:11: Permuting round 1 ... 
INFO  @ Fri, 22 Sep 2023 09:43:11: Thread 0 started. 
INFO  @ Fri, 22 Sep 2023 09:43:11: Thread 0: total 3516 instances. 
INFO  @ Fri, 22 Sep 2023 09:43:11: Thread 0: Calculating AATK (1) ...  
INFO  @ Fri, 22 Sep 2023 09:43:17: Thread 0: Calculating NFXL1 (1001) ...  
INFO  @ Fri, 22 Sep 2023 09:43:22: Thread 0: Calculating MLL1 (2001) ...  
INFO  @ Fri, 22 Sep 2023 09:43:28: Thread 0: Calculating RNF146 (3001) ...  
INFO  @ Fri, 22 Sep 2023 09:43:31: Thread 0 completed. 
INFO  @ Fri, 22 Sep 2023 09:43:31: All threads completed. 
INFO  @ Fri, 22 Sep 2023 09:43:32: Assigning p values... 
INFO  @ Fri, 22 Sep 2023 09:43:32: Permuting groups of gene with 28 sgRNAs per gene. Group progress: 27/41 
INFO  @ Fri, 22 Sep 2023 09:43:32: Start permuting 2 rounds ... 
INFO  @ Fri, 22 Sep 2023 09:43:32: Collecting 26156 sgRNAs from 3516 genes. 
INFO  @ Fri, 22 Sep 2023 09:43:32: Permuting round 0 ... 
INFO  @ Fri, 22 Sep 2023 09:43:33: Thread 0 started. 
INFO  @ Fri, 22 Sep 2023 09:43:33: Thread 0: total 3516 instances. 
INFO  @ Fri, 22 Sep 2023 09:43:33: Thread 0: Calculating AATK (1) ...  
INFO  @ Fri, 22 Sep 2023 09:43:38: Thread 0: Calculating NFXL1 (1001) ...  
INFO  @ Fri, 22 Sep 2023 09:43:43: Thread 0: Calculating MLL1 (2001) ...  
INFO  @ Fri, 22 Sep 2023 09:43:49: Thread 0: Calculating RNF146 (3001) ...  
INFO  @ Fri, 22 Sep 2023 09:43:52: Thread 0 completed. 
INFO  @ Fri, 22 Sep 2023 09:43:52: All threads completed. 
INFO  @ Fri, 22 Sep 2023 09:43:53: Permuting round 1 ... 
INFO  @ Fri, 22 Sep 2023 09:43:53: Thread 0 started. 
INFO  @ Fri, 22 Sep 2023 09:43:53: Thread 0: total 3516 instances. 
INFO  @ Fri, 22 Sep 2023 09:43:53: Thread 0: Calculating AATK (1) ...  
INFO  @ Fri, 22 Sep 2023 09:43:58: Thread 0: Calculating NFXL1 (1001) ...  
INFO  @ Fri, 22 Sep 2023 09:44:04: Thread 0: Calculating MLL1 (2001) ...  
INFO  @ Fri, 22 Sep 2023 09:44:09: Thread 0: Calculating RNF146 (3001) ...  
INFO  @ Fri, 22 Sep 2023 09:44:12: Thread 0 completed. 
INFO  @ Fri, 22 Sep 2023 09:44:12: All threads completed. 
INFO  @ Fri, 22 Sep 2023 09:44:14: Assigning p values... 
INFO  @ Fri, 22 Sep 2023 09:44:14: Permuting groups of gene with 29 sgRNAs per gene. Group progress: 28/41 
INFO  @ Fri, 22 Sep 2023 09:44:14: Start permuting 2 rounds ... 
INFO  @ Fri, 22 Sep 2023 09:44:14: Collecting 26156 sgRNAs from 3516 genes. 
INFO  @ Fri, 22 Sep 2023 09:44:14: Permuting round 0 ... 
INFO  @ Fri, 22 Sep 2023 09:44:14: Thread 0 started. 
INFO  @ Fri, 22 Sep 2023 09:44:14: Thread 0: total 3516 instances. 
INFO  @ Fri, 22 Sep 2023 09:44:14: Thread 0: Calculating AATK (1) ...  
INFO  @ Fri, 22 Sep 2023 09:44:20: Thread 0: Calculating NFXL1 (1001) ...  
INFO  @ Fri, 22 Sep 2023 09:44:25: Thread 0: Calculating MLL1 (2001) ...  
INFO  @ Fri, 22 Sep 2023 09:44:31: Thread 0: Calculating RNF146 (3001) ...  
INFO  @ Fri, 22 Sep 2023 09:44:34: Thread 0 completed. 
INFO  @ Fri, 22 Sep 2023 09:44:34: All threads completed. 
INFO  @ Fri, 22 Sep 2023 09:44:35: Permuting round 1 ... 
INFO  @ Fri, 22 Sep 2023 09:44:35: Thread 0 started. 
INFO  @ Fri, 22 Sep 2023 09:44:35: Thread 0: total 3516 instances. 
INFO  @ Fri, 22 Sep 2023 09:44:35: Thread 0: Calculating AATK (1) ...  
INFO  @ Fri, 22 Sep 2023 09:44:41: Thread 0: Calculating NFXL1 (1001) ...  
INFO  @ Fri, 22 Sep 2023 09:44:46: Thread 0: Calculating MLL1 (2001) ...  
INFO  @ Fri, 22 Sep 2023 09:44:52: Thread 0: Calculating RNF146 (3001) ...  
INFO  @ Fri, 22 Sep 2023 09:44:55: Thread 0 completed. 
INFO  @ Fri, 22 Sep 2023 09:44:55: All threads completed. 
INFO  @ Fri, 22 Sep 2023 09:44:56: Assigning p values... 
INFO  @ Fri, 22 Sep 2023 09:44:57: Permuting groups of gene with 30 sgRNAs per gene. Group progress: 29/41 
INFO  @ Fri, 22 Sep 2023 09:44:57: Start permuting 2 rounds ... 
INFO  @ Fri, 22 Sep 2023 09:44:57: Collecting 26156 sgRNAs from 3516 genes. 
INFO  @ Fri, 22 Sep 2023 09:44:57: Permuting round 0 ... 
INFO  @ Fri, 22 Sep 2023 09:44:57: Thread 0 started. 
INFO  @ Fri, 22 Sep 2023 09:44:57: Thread 0: total 3516 instances. 
INFO  @ Fri, 22 Sep 2023 09:44:57: Thread 0: Calculating AATK (1) ...  
INFO  @ Fri, 22 Sep 2023 09:45:03: Thread 0: Calculating NFXL1 (1001) ...  
INFO  @ Fri, 22 Sep 2023 09:45:08: Thread 0: Calculating MLL1 (2001) ...  
INFO  @ Fri, 22 Sep 2023 09:45:14: Thread 0: Calculating RNF146 (3001) ...  
INFO  @ Fri, 22 Sep 2023 09:45:17: Thread 0 completed. 
INFO  @ Fri, 22 Sep 2023 09:45:17: All threads completed. 
INFO  @ Fri, 22 Sep 2023 09:45:18: Permuting round 1 ... 
INFO  @ Fri, 22 Sep 2023 09:45:19: Thread 0 started. 
INFO  @ Fri, 22 Sep 2023 09:45:19: Thread 0: total 3516 instances. 
INFO  @ Fri, 22 Sep 2023 09:45:19: Thread 0: Calculating AATK (1) ...  
INFO  @ Fri, 22 Sep 2023 09:45:24: Thread 0: Calculating NFXL1 (1001) ...  
INFO  @ Fri, 22 Sep 2023 09:45:32: Thread 0: Calculating MLL1 (2001) ...  
INFO  @ Fri, 22 Sep 2023 09:45:41: Thread 0: Calculating RNF146 (3001) ...  
INFO  @ Fri, 22 Sep 2023 09:45:46: Thread 0 completed. 
INFO  @ Fri, 22 Sep 2023 09:45:46: All threads completed. 
INFO  @ Fri, 22 Sep 2023 09:45:47: Assigning p values... 
INFO  @ Fri, 22 Sep 2023 09:45:48: Permuting groups of gene with 31 sgRNAs per gene. Group progress: 30/41 
INFO  @ Fri, 22 Sep 2023 09:45:48: Start permuting 2 rounds ... 
INFO  @ Fri, 22 Sep 2023 09:45:48: Collecting 26156 sgRNAs from 3516 genes. 
INFO  @ Fri, 22 Sep 2023 09:45:48: Permuting round 0 ... 
INFO  @ Fri, 22 Sep 2023 09:45:49: Thread 0 started. 
INFO  @ Fri, 22 Sep 2023 09:45:49: Thread 0: total 3516 instances. 
INFO  @ Fri, 22 Sep 2023 09:45:49: Thread 0: Calculating AATK (1) ...  
INFO  @ Fri, 22 Sep 2023 09:46:12: Thread 0: Calculating NFXL1 (1001) ...  
INFO  @ Fri, 22 Sep 2023 09:46:34: Thread 0: Calculating MLL1 (2001) ...  
INFO  @ Fri, 22 Sep 2023 09:46:58: Thread 0: Calculating RNF146 (3001) ...  
INFO  @ Fri, 22 Sep 2023 09:47:10: Thread 0 completed. 
INFO  @ Fri, 22 Sep 2023 09:47:10: All threads completed. 
INFO  @ Fri, 22 Sep 2023 09:47:11: Permuting round 1 ... 
INFO  @ Fri, 22 Sep 2023 09:47:12: Thread 0 started. 
INFO  @ Fri, 22 Sep 2023 09:47:12: Thread 0: total 3516 instances. 
INFO  @ Fri, 22 Sep 2023 09:47:12: Thread 0: Calculating AATK (1) ...  
INFO  @ Fri, 22 Sep 2023 09:47:34: Thread 0: Calculating NFXL1 (1001) ...  
INFO  @ Fri, 22 Sep 2023 09:47:55: Thread 0: Calculating MLL1 (2001) ...  
INFO  @ Fri, 22 Sep 2023 09:48:22: Thread 0: Calculating RNF146 (3001) ...  
INFO  @ Fri, 22 Sep 2023 09:48:37: Thread 0 completed. 
INFO  @ Fri, 22 Sep 2023 09:48:37: All threads completed. 
INFO  @ Fri, 22 Sep 2023 09:48:38: Assigning p values... 
INFO  @ Fri, 22 Sep 2023 09:48:39: Permuting groups of gene with 32 sgRNAs per gene. Group progress: 31/41 
INFO  @ Fri, 22 Sep 2023 09:48:39: Start permuting 2 rounds ... 
INFO  @ Fri, 22 Sep 2023 09:48:39: Collecting 26156 sgRNAs from 3516 genes. 
INFO  @ Fri, 22 Sep 2023 09:48:40: Permuting round 0 ... 
INFO  @ Fri, 22 Sep 2023 09:48:41: Thread 0 started. 
INFO  @ Fri, 22 Sep 2023 09:48:41: Thread 0: total 3516 instances. 
INFO  @ Fri, 22 Sep 2023 09:48:42: Thread 0: Calculating AATK (1) ...  
INFO  @ Fri, 22 Sep 2023 09:49:23: Thread 0: Calculating NFXL1 (1001) ...  
INFO  @ Fri, 22 Sep 2023 09:50:02: Thread 0: Calculating MLL1 (2001) ...  
INFO  @ Fri, 22 Sep 2023 09:50:45: Thread 0: Calculating RNF146 (3001) ...  
INFO  @ Fri, 22 Sep 2023 09:51:05: Thread 0 completed. 
INFO  @ Fri, 22 Sep 2023 09:51:05: All threads completed. 
INFO  @ Fri, 22 Sep 2023 09:51:08: Permuting round 1 ... 
INFO  @ Fri, 22 Sep 2023 09:51:09: Thread 0 started. 
INFO  @ Fri, 22 Sep 2023 09:51:09: Thread 0: total 3516 instances. 
INFO  @ Fri, 22 Sep 2023 09:51:09: Thread 0: Calculating AATK (1) ...  
INFO  @ Fri, 22 Sep 2023 09:51:52: Thread 0: Calculating NFXL1 (1001) ...  
INFO  @ Fri, 22 Sep 2023 09:52:30: Thread 0: Calculating MLL1 (2001) ...  
INFO  @ Fri, 22 Sep 2023 09:53:05: Thread 0: Calculating RNF146 (3001) ...  
INFO  @ Fri, 22 Sep 2023 09:53:25: Thread 0 completed. 
INFO  @ Fri, 22 Sep 2023 09:53:25: All threads completed. 
INFO  @ Fri, 22 Sep 2023 09:53:29: Assigning p values... 
INFO  @ Fri, 22 Sep 2023 09:53:29: Permuting groups of gene with 33 sgRNAs per gene. Group progress: 32/41 
INFO  @ Fri, 22 Sep 2023 09:53:29: Start permuting 2 rounds ... 
INFO  @ Fri, 22 Sep 2023 09:53:30: Collecting 26156 sgRNAs from 3516 genes. 
INFO  @ Fri, 22 Sep 2023 09:53:31: Permuting round 0 ... 
INFO  @ Fri, 22 Sep 2023 09:53:32: Thread 0 started. 
INFO  @ Fri, 22 Sep 2023 09:53:32: Thread 0: total 3516 instances. 
INFO  @ Fri, 22 Sep 2023 09:53:33: Thread 0: Calculating AATK (1) ...  
INFO  @ Fri, 22 Sep 2023 09:54:20: Thread 0: Calculating NFXL1 (1001) ...  
INFO  @ Fri, 22 Sep 2023 09:55:04: Thread 0: Calculating MLL1 (2001) ...  
INFO  @ Fri, 22 Sep 2023 09:55:48: Thread 0: Calculating RNF146 (3001) ...  
INFO  @ Fri, 22 Sep 2023 09:56:13: Thread 0 completed. 
INFO  @ Fri, 22 Sep 2023 09:56:13: All threads completed. 
INFO  @ Fri, 22 Sep 2023 09:56:16: Permuting round 1 ... 
INFO  @ Fri, 22 Sep 2023 09:56:17: Thread 0 started. 
INFO  @ Fri, 22 Sep 2023 09:56:17: Thread 0: total 3516 instances. 
INFO  @ Fri, 22 Sep 2023 09:56:17: Thread 0: Calculating AATK (1) ...  
INFO  @ Fri, 22 Sep 2023 09:56:56: Thread 0: Calculating NFXL1 (1001) ...  
INFO  @ Fri, 22 Sep 2023 09:57:36: Thread 0: Calculating MLL1 (2001) ...  
INFO  @ Fri, 22 Sep 2023 09:58:20: Thread 0: Calculating RNF146 (3001) ...  
INFO  @ Fri, 22 Sep 2023 09:58:45: Thread 0 completed. 
INFO  @ Fri, 22 Sep 2023 09:58:45: All threads completed. 
INFO  @ Fri, 22 Sep 2023 09:58:50: Assigning p values... 
INFO  @ Fri, 22 Sep 2023 09:58:50: Permuting groups of gene with 34 sgRNAs per gene. Group progress: 33/41 
INFO  @ Fri, 22 Sep 2023 09:58:50: Start permuting 2 rounds ... 
INFO  @ Fri, 22 Sep 2023 09:58:51: Collecting 26156 sgRNAs from 3516 genes. 
INFO  @ Fri, 22 Sep 2023 09:58:52: Permuting round 0 ... 
INFO  @ Fri, 22 Sep 2023 09:58:53: Thread 0 started. 
INFO  @ Fri, 22 Sep 2023 09:58:53: Thread 0: total 3516 instances. 
INFO  @ Fri, 22 Sep 2023 09:58:54: Thread 0: Calculating AATK (1) ...  
INFO  @ Fri, 22 Sep 2023 09:59:44: Thread 0: Calculating NFXL1 (1001) ...  
INFO  @ Fri, 22 Sep 2023 10:00:35: Thread 0: Calculating MLL1 (2001) ...  
INFO  @ Fri, 22 Sep 2023 10:01:25: Thread 0: Calculating RNF146 (3001) ...  
INFO  @ Fri, 22 Sep 2023 10:01:51: Thread 0 completed. 
INFO  @ Fri, 22 Sep 2023 10:01:51: All threads completed. 
INFO  @ Fri, 22 Sep 2023 10:01:54: Permuting round 1 ... 
INFO  @ Fri, 22 Sep 2023 10:01:55: Thread 0 started. 
INFO  @ Fri, 22 Sep 2023 10:01:55: Thread 0: total 3516 instances. 
INFO  @ Fri, 22 Sep 2023 10:01:56: Thread 0: Calculating AATK (1) ...  
INFO  @ Fri, 22 Sep 2023 10:02:50: Thread 0: Calculating NFXL1 (1001) ...  
INFO  @ Fri, 22 Sep 2023 10:03:48: Thread 0: Calculating MLL1 (2001) ...  
INFO  @ Fri, 22 Sep 2023 10:04:47: Thread 0: Calculating RNF146 (3001) ...  
INFO  @ Fri, 22 Sep 2023 10:05:14: Thread 0 completed. 
INFO  @ Fri, 22 Sep 2023 10:05:14: All threads completed. 
INFO  @ Fri, 22 Sep 2023 10:05:19: Assigning p values... 
INFO  @ Fri, 22 Sep 2023 10:05:19: Permuting groups of gene with 37 sgRNAs per gene. Group progress: 34/41 
INFO  @ Fri, 22 Sep 2023 10:05:19: Start permuting 2 rounds ... 
INFO  @ Fri, 22 Sep 2023 10:05:20: Collecting 26156 sgRNAs from 3516 genes. 
INFO  @ Fri, 22 Sep 2023 10:05:21: Permuting round 0 ... 
INFO  @ Fri, 22 Sep 2023 10:05:23: Thread 0 started. 
INFO  @ Fri, 22 Sep 2023 10:05:23: Thread 0: total 3516 instances. 
INFO  @ Fri, 22 Sep 2023 10:05:24: Thread 0: Calculating AATK (1) ...  
INFO  @ Fri, 22 Sep 2023 10:06:19: Thread 0: Calculating NFXL1 (1001) ...  
INFO  @ Fri, 22 Sep 2023 10:07:14: Thread 0: Calculating MLL1 (2001) ...  
INFO  @ Fri, 22 Sep 2023 10:08:11: Thread 0: Calculating RNF146 (3001) ...  
INFO  @ Fri, 22 Sep 2023 10:08:34: Thread 0 completed. 
INFO  @ Fri, 22 Sep 2023 10:08:34: All threads completed. 
INFO  @ Fri, 22 Sep 2023 10:08:38: Permuting round 1 ... 
INFO  @ Fri, 22 Sep 2023 10:08:39: Thread 0 started. 
INFO  @ Fri, 22 Sep 2023 10:08:39: Thread 0: total 3516 instances. 
INFO  @ Fri, 22 Sep 2023 10:08:39: Thread 0: Calculating AATK (1) ...  
INFO  @ Fri, 22 Sep 2023 10:09:26: Thread 0: Calculating NFXL1 (1001) ...  
INFO  @ Fri, 22 Sep 2023 10:10:11: Thread 0: Calculating MLL1 (2001) ...  
INFO  @ Fri, 22 Sep 2023 10:10:56: Thread 0: Calculating RNF146 (3001) ...  
INFO  @ Fri, 22 Sep 2023 10:11:17: Thread 0 completed. 
INFO  @ Fri, 22 Sep 2023 10:11:17: All threads completed. 
INFO  @ Fri, 22 Sep 2023 10:11:20: Assigning p values... 
INFO  @ Fri, 22 Sep 2023 10:11:20: Groups of gene with 42 sgRNAs per gene: assigning p values based on previous group results. Group progress: 35/41 
INFO  @ Fri, 22 Sep 2023 10:11:20: Groups of gene with 46 sgRNAs per gene: assigning p values based on previous group results. Group progress: 36/41 
INFO  @ Fri, 22 Sep 2023 10:11:20: Groups of gene with 47 sgRNAs per gene: assigning p values based on previous group results. Group progress: 37/41 
INFO  @ Fri, 22 Sep 2023 10:11:20: Groups of gene with 48 sgRNAs per gene: assigning p values based on previous group results. Group progress: 38/41 
INFO  @ Fri, 22 Sep 2023 10:11:20: Groups of gene with 49 sgRNAs per gene: assigning p values based on previous group results. Group progress: 39/41 
INFO  @ Fri, 22 Sep 2023 10:11:20: Groups of gene with 56 sgRNAs per gene: assigning p values based on previous group results. Group progress: 40/41 
INFO  @ Fri, 22 Sep 2023 10:11:20: Groups of gene with 67 sgRNAs per gene: assigning p values based on previous group results. Group progress: 41/41 
INFO  @ Fri, 22 Sep 2023 10:11:21: Writing gene results to mle_count-Snu1C12.gene_summary.txt 
INFO  @ Fri, 22 Sep 2023 10:11:21: Writing sgRNA results to mle_count-Snu1C12.sgrna_summary.txt 
