INFO  @ Fri, 22 Sep 2023 09:26:33: Parameters: /home/ryan/miniconda3/envs/mageck/bin/mageck mle -k count-Snu-1_clone_111.csv -d matrixSnu1C111.txt -n mle_count-Snu1C111 
INFO  @ Fri, 22 Sep 2023 09:26:34: Cannot parse design matrix as a string; try to parse it as a file name ... 
INFO  @ Fri, 22 Sep 2023 09:26:34: Design matrix: 
INFO  @ Fri, 22 Sep 2023 09:26:34: [[1. 0.] 
INFO  @ Fri, 22 Sep 2023 09:26:34:  [1. 1.]] 
INFO  @ Fri, 22 Sep 2023 09:26:34: Beta labels:baseline,c111 
INFO  @ Fri, 22 Sep 2023 09:26:34: Included samples:Snu-1_clone_111_D=0,Snu-1_clone_111_D=10 
INFO  @ Fri, 22 Sep 2023 09:26:34: Treating count-Snu-1_clone_111.csv as csv file ... 
INFO  @ Fri, 22 Sep 2023 09:26:34: Loaded samples:Snu-1_clone_111_D=0;Snu-1_clone_111_D=10 
INFO  @ Fri, 22 Sep 2023 09:26:34: Sample index: 0;1 
INFO  @ Fri, 22 Sep 2023 09:26:34: Loaded 3516 genes. 
DEBUG @ Fri, 22 Sep 2023 09:26:34: Initial (total) size factor: 0.7942611939797208 1.3495853517716268 
DEBUG @ Fri, 22 Sep 2023 09:26:34: Median factor: 0.7764294585415599 1.2972503036965415 
INFO  @ Fri, 22 Sep 2023 09:26:34: Final size factor: 0.7764294585415599 1.2972503036965415 
INFO  @ Fri, 22 Sep 2023 09:26:34: size factor: 1.287947010509356,0.7708612571918306 
INFO  @ Fri, 22 Sep 2023 09:26:34: Thread 0 started. 
INFO  @ Fri, 22 Sep 2023 09:26:34: Thread 0: total 1 instances. 
INFO  @ Fri, 22 Sep 2023 09:26:34: Thread 0 completed. 
INFO  @ Fri, 22 Sep 2023 09:26:34: All threads completed. 
INFO  @ Fri, 22 Sep 2023 09:26:34: Modeling the mean and variance ... 
INFO  @ Fri, 22 Sep 2023 09:26:34: Run the algorithm for the second time ... 
INFO  @ Fri, 22 Sep 2023 09:26:34: Skipping gene NKX2 from MLE calculation since there are too many sgRNAs. To change, revise the --max-sgrnapergene-permutation option. 
INFO  @ Fri, 22 Sep 2023 09:26:34: Skipping gene PBRM1 from MLE calculation since there are too many sgRNAs. To change, revise the --max-sgrnapergene-permutation option. 
INFO  @ Fri, 22 Sep 2023 09:26:34: Skipping gene KDM2A from MLE calculation since there are too many sgRNAs. To change, revise the --max-sgrnapergene-permutation option. 
INFO  @ Fri, 22 Sep 2023 09:26:34: Skipping gene KDM2B from MLE calculation since there are too many sgRNAs. To change, revise the --max-sgrnapergene-permutation option. 
INFO  @ Fri, 22 Sep 2023 09:26:34: Skipping gene KMT2A from MLE calculation since there are too many sgRNAs. To change, revise the --max-sgrnapergene-permutation option. 
INFO  @ Fri, 22 Sep 2023 09:26:34: Skipping gene KMT2B from MLE calculation since there are too many sgRNAs. To change, revise the --max-sgrnapergene-permutation option. 
INFO  @ Fri, 22 Sep 2023 09:26:34: Skipping gene KMT2C from MLE calculation since there are too many sgRNAs. To change, revise the --max-sgrnapergene-permutation option. 
INFO  @ Fri, 22 Sep 2023 09:26:34: Skipping gene KMT2D from MLE calculation since there are too many sgRNAs. To change, revise the --max-sgrnapergene-permutation option. 
INFO  @ Fri, 22 Sep 2023 09:26:34: Skipping gene NSD1 from MLE calculation since there are too many sgRNAs. To change, revise the --max-sgrnapergene-permutation option. 
INFO  @ Fri, 22 Sep 2023 09:26:34: Skipping gene RNF17 from MLE calculation since there are too many sgRNAs. To change, revise the --max-sgrnapergene-permutation option. 
INFO  @ Fri, 22 Sep 2023 09:26:34: Skipping gene TDRD6 from MLE calculation since there are too many sgRNAs. To change, revise the --max-sgrnapergene-permutation option. 
INFO  @ Fri, 22 Sep 2023 09:26:34: Thread 0 started. 
INFO  @ Fri, 22 Sep 2023 09:26:34: Thread 0: total 3505 instances. 
INFO  @ Fri, 22 Sep 2023 09:26:34: Thread 0: Calculating AATK (1) ...  
INFO  @ Fri, 22 Sep 2023 09:26:39: Thread 0: Calculating NFXL1 (1001) ...  
INFO  @ Fri, 22 Sep 2023 09:26:44: Thread 0: Calculating NO66 (2001) ...  
INFO  @ Fri, 22 Sep 2023 09:26:49: Thread 0: Calculating RNF170 (3001) ...  
INFO  @ Fri, 22 Sep 2023 09:26:51: Thread 0 completed. 
INFO  @ Fri, 22 Sep 2023 09:26:51: All threads completed. 
INFO  @ Fri, 22 Sep 2023 09:26:53: Permuting groups of gene with 1 sgRNAs per gene. Group progress: 1/41 
INFO  @ Fri, 22 Sep 2023 09:26:53: Start permuting 2 rounds ... 
INFO  @ Fri, 22 Sep 2023 09:26:53: Collecting 26156 sgRNAs from 3516 genes. 
INFO  @ Fri, 22 Sep 2023 09:26:53: Permuting round 0 ... 
INFO  @ Fri, 22 Sep 2023 09:26:53: Thread 0 started. 
INFO  @ Fri, 22 Sep 2023 09:26:53: Thread 0: total 3516 instances. 
INFO  @ Fri, 22 Sep 2023 09:26:53: Thread 0: Calculating AATK (1) ...  
INFO  @ Fri, 22 Sep 2023 09:26:56: Thread 0: Calculating NFXL1 (1001) ...  
INFO  @ Fri, 22 Sep 2023 09:26:58: Thread 0: Calculating MLL1 (2001) ...  
INFO  @ Fri, 22 Sep 2023 09:27:01: Thread 0: Calculating RNF146 (3001) ...  
INFO  @ Fri, 22 Sep 2023 09:27:02: Thread 0 completed. 
INFO  @ Fri, 22 Sep 2023 09:27:02: All threads completed. 
INFO  @ Fri, 22 Sep 2023 09:27:04: Permuting round 1 ... 
INFO  @ Fri, 22 Sep 2023 09:27:04: Thread 0 started. 
INFO  @ Fri, 22 Sep 2023 09:27:04: Thread 0: total 3516 instances. 
INFO  @ Fri, 22 Sep 2023 09:27:04: Thread 0: Calculating AATK (1) ...  
INFO  @ Fri, 22 Sep 2023 09:27:07: Thread 0: Calculating NFXL1 (1001) ...  
INFO  @ Fri, 22 Sep 2023 09:27:09: Thread 0: Calculating MLL1 (2001) ...  
INFO  @ Fri, 22 Sep 2023 09:27:12: Thread 0: Calculating RNF146 (3001) ...  
INFO  @ Fri, 22 Sep 2023 09:27:13: Thread 0 completed. 
INFO  @ Fri, 22 Sep 2023 09:27:13: All threads completed. 
INFO  @ Fri, 22 Sep 2023 09:27:14: Assigning p values... 
INFO  @ Fri, 22 Sep 2023 09:27:14: Permuting groups of gene with 2 sgRNAs per gene. Group progress: 2/41 
INFO  @ Fri, 22 Sep 2023 09:27:14: Start permuting 2 rounds ... 
INFO  @ Fri, 22 Sep 2023 09:27:15: Collecting 26156 sgRNAs from 3516 genes. 
INFO  @ Fri, 22 Sep 2023 09:27:15: Permuting round 0 ... 
INFO  @ Fri, 22 Sep 2023 09:27:15: Thread 0 started. 
INFO  @ Fri, 22 Sep 2023 09:27:15: Thread 0: total 3516 instances. 
INFO  @ Fri, 22 Sep 2023 09:27:15: Thread 0: Calculating AATK (1) ...  
INFO  @ Fri, 22 Sep 2023 09:27:21: Thread 0: Calculating NFXL1 (1001) ...  
INFO  @ Fri, 22 Sep 2023 09:27:25: Thread 0: Calculating MLL1 (2001) ...  
INFO  @ Fri, 22 Sep 2023 09:27:29: Thread 0: Calculating RNF146 (3001) ...  
INFO  @ Fri, 22 Sep 2023 09:27:31: Thread 0 completed. 
INFO  @ Fri, 22 Sep 2023 09:27:31: All threads completed. 
INFO  @ Fri, 22 Sep 2023 09:27:32: Permuting round 1 ... 
INFO  @ Fri, 22 Sep 2023 09:27:32: Thread 0 started. 
INFO  @ Fri, 22 Sep 2023 09:27:32: Thread 0: total 3516 instances. 
INFO  @ Fri, 22 Sep 2023 09:27:32: Thread 0: Calculating AATK (1) ...  
INFO  @ Fri, 22 Sep 2023 09:27:37: Thread 0: Calculating NFXL1 (1001) ...  
INFO  @ Fri, 22 Sep 2023 09:27:41: Thread 0: Calculating MLL1 (2001) ...  
INFO  @ Fri, 22 Sep 2023 09:27:45: Thread 0: Calculating RNF146 (3001) ...  
INFO  @ Fri, 22 Sep 2023 09:27:47: Thread 0 completed. 
INFO  @ Fri, 22 Sep 2023 09:27:47: All threads completed. 
INFO  @ Fri, 22 Sep 2023 09:27:48: Assigning p values... 
INFO  @ Fri, 22 Sep 2023 09:27:48: Permuting groups of gene with 3 sgRNAs per gene. Group progress: 3/41 
INFO  @ Fri, 22 Sep 2023 09:27:48: Start permuting 2 rounds ... 
INFO  @ Fri, 22 Sep 2023 09:27:49: Collecting 26156 sgRNAs from 3516 genes. 
INFO  @ Fri, 22 Sep 2023 09:27:49: Permuting round 0 ... 
INFO  @ Fri, 22 Sep 2023 09:27:49: Thread 0 started. 
INFO  @ Fri, 22 Sep 2023 09:27:49: Thread 0: total 3516 instances. 
INFO  @ Fri, 22 Sep 2023 09:27:49: Thread 0: Calculating AATK (1) ...  
INFO  @ Fri, 22 Sep 2023 09:27:54: Thread 0: Calculating NFXL1 (1001) ...  
INFO  @ Fri, 22 Sep 2023 09:27:58: Thread 0: Calculating MLL1 (2001) ...  
INFO  @ Fri, 22 Sep 2023 09:28:03: Thread 0: Calculating RNF146 (3001) ...  
INFO  @ Fri, 22 Sep 2023 09:28:05: Thread 0 completed. 
INFO  @ Fri, 22 Sep 2023 09:28:05: All threads completed. 
INFO  @ Fri, 22 Sep 2023 09:28:06: Permuting round 1 ... 
INFO  @ Fri, 22 Sep 2023 09:28:06: Thread 0 started. 
INFO  @ Fri, 22 Sep 2023 09:28:06: Thread 0: total 3516 instances. 
INFO  @ Fri, 22 Sep 2023 09:28:06: Thread 0: Calculating AATK (1) ...  
INFO  @ Fri, 22 Sep 2023 09:28:11: Thread 0: Calculating NFXL1 (1001) ...  
INFO  @ Fri, 22 Sep 2023 09:28:15: Thread 0: Calculating MLL1 (2001) ...  
INFO  @ Fri, 22 Sep 2023 09:28:20: Thread 0: Calculating RNF146 (3001) ...  
INFO  @ Fri, 22 Sep 2023 09:28:22: Thread 0 completed. 
INFO  @ Fri, 22 Sep 2023 09:28:22: All threads completed. 
INFO  @ Fri, 22 Sep 2023 09:28:23: Assigning p values... 
INFO  @ Fri, 22 Sep 2023 09:28:24: Permuting groups of gene with 4 sgRNAs per gene. Group progress: 4/41 
INFO  @ Fri, 22 Sep 2023 09:28:24: Start permuting 2 rounds ... 
INFO  @ Fri, 22 Sep 2023 09:28:24: Collecting 26156 sgRNAs from 3516 genes. 
INFO  @ Fri, 22 Sep 2023 09:28:24: Permuting round 0 ... 
INFO  @ Fri, 22 Sep 2023 09:28:24: Thread 0 started. 
INFO  @ Fri, 22 Sep 2023 09:28:24: Thread 0: total 3516 instances. 
INFO  @ Fri, 22 Sep 2023 09:28:24: Thread 0: Calculating AATK (1) ...  
INFO  @ Fri, 22 Sep 2023 09:28:29: Thread 0: Calculating NFXL1 (1001) ...  
INFO  @ Fri, 22 Sep 2023 09:28:33: Thread 0: Calculating MLL1 (2001) ...  
INFO  @ Fri, 22 Sep 2023 09:28:38: Thread 0: Calculating RNF146 (3001) ...  
INFO  @ Fri, 22 Sep 2023 09:28:40: Thread 0 completed. 
INFO  @ Fri, 22 Sep 2023 09:28:40: All threads completed. 
INFO  @ Fri, 22 Sep 2023 09:28:42: Permuting round 1 ... 
INFO  @ Fri, 22 Sep 2023 09:28:42: Thread 0 started. 
INFO  @ Fri, 22 Sep 2023 09:28:42: Thread 0: total 3516 instances. 
INFO  @ Fri, 22 Sep 2023 09:28:42: Thread 0: Calculating AATK (1) ...  
INFO  @ Fri, 22 Sep 2023 09:28:46: Thread 0: Calculating NFXL1 (1001) ...  
INFO  @ Fri, 22 Sep 2023 09:28:51: Thread 0: Calculating MLL1 (2001) ...  
INFO  @ Fri, 22 Sep 2023 09:28:56: Thread 0: Calculating RNF146 (3001) ...  
INFO  @ Fri, 22 Sep 2023 09:28:58: Thread 0 completed. 
INFO  @ Fri, 22 Sep 2023 09:28:58: All threads completed. 
INFO  @ Fri, 22 Sep 2023 09:29:00: Assigning p values... 
INFO  @ Fri, 22 Sep 2023 09:29:00: Permuting groups of gene with 5 sgRNAs per gene. Group progress: 5/41 
INFO  @ Fri, 22 Sep 2023 09:29:00: Start permuting 2 rounds ... 
INFO  @ Fri, 22 Sep 2023 09:29:00: Collecting 26156 sgRNAs from 3516 genes. 
INFO  @ Fri, 22 Sep 2023 09:29:00: Permuting round 0 ... 
INFO  @ Fri, 22 Sep 2023 09:29:00: Thread 0 started. 
INFO  @ Fri, 22 Sep 2023 09:29:00: Thread 0: total 3516 instances. 
INFO  @ Fri, 22 Sep 2023 09:29:00: Thread 0: Calculating AATK (1) ...  
INFO  @ Fri, 22 Sep 2023 09:29:05: Thread 0: Calculating NFXL1 (1001) ...  
INFO  @ Fri, 22 Sep 2023 09:29:10: Thread 0: Calculating MLL1 (2001) ...  
INFO  @ Fri, 22 Sep 2023 09:29:15: Thread 0: Calculating RNF146 (3001) ...  
INFO  @ Fri, 22 Sep 2023 09:29:17: Thread 0 completed. 
INFO  @ Fri, 22 Sep 2023 09:29:17: All threads completed. 
INFO  @ Fri, 22 Sep 2023 09:29:18: Permuting round 1 ... 
INFO  @ Fri, 22 Sep 2023 09:29:18: Thread 0 started. 
INFO  @ Fri, 22 Sep 2023 09:29:18: Thread 0: total 3516 instances. 
INFO  @ Fri, 22 Sep 2023 09:29:18: Thread 0: Calculating AATK (1) ...  
INFO  @ Fri, 22 Sep 2023 09:29:23: Thread 0: Calculating NFXL1 (1001) ...  
INFO  @ Fri, 22 Sep 2023 09:29:28: Thread 0: Calculating MLL1 (2001) ...  
INFO  @ Fri, 22 Sep 2023 09:29:33: Thread 0: Calculating RNF146 (3001) ...  
INFO  @ Fri, 22 Sep 2023 09:29:35: Thread 0 completed. 
INFO  @ Fri, 22 Sep 2023 09:29:35: All threads completed. 
INFO  @ Fri, 22 Sep 2023 09:29:36: Assigning p values... 
INFO  @ Fri, 22 Sep 2023 09:29:36: Permuting groups of gene with 6 sgRNAs per gene. Group progress: 6/41 
INFO  @ Fri, 22 Sep 2023 09:29:36: Start permuting 2 rounds ... 
INFO  @ Fri, 22 Sep 2023 09:29:37: Collecting 26156 sgRNAs from 3516 genes. 
INFO  @ Fri, 22 Sep 2023 09:29:37: Permuting round 0 ... 
INFO  @ Fri, 22 Sep 2023 09:29:37: Thread 0 started. 
INFO  @ Fri, 22 Sep 2023 09:29:37: Thread 0: total 3516 instances. 
INFO  @ Fri, 22 Sep 2023 09:29:37: Thread 0: Calculating AATK (1) ...  
INFO  @ Fri, 22 Sep 2023 09:29:42: Thread 0: Calculating NFXL1 (1001) ...  
INFO  @ Fri, 22 Sep 2023 09:29:47: Thread 0: Calculating MLL1 (2001) ...  
INFO  @ Fri, 22 Sep 2023 09:29:51: Thread 0: Calculating RNF146 (3001) ...  
INFO  @ Fri, 22 Sep 2023 09:29:54: Thread 0 completed. 
INFO  @ Fri, 22 Sep 2023 09:29:54: All threads completed. 
INFO  @ Fri, 22 Sep 2023 09:29:55: Permuting round 1 ... 
INFO  @ Fri, 22 Sep 2023 09:29:55: Thread 0 started. 
INFO  @ Fri, 22 Sep 2023 09:29:55: Thread 0: total 3516 instances. 
INFO  @ Fri, 22 Sep 2023 09:29:55: Thread 0: Calculating AATK (1) ...  
INFO  @ Fri, 22 Sep 2023 09:30:00: Thread 0: Calculating NFXL1 (1001) ...  
INFO  @ Fri, 22 Sep 2023 09:30:06: Thread 0: Calculating MLL1 (2001) ...  
INFO  @ Fri, 22 Sep 2023 09:30:10: Thread 0: Calculating RNF146 (3001) ...  
INFO  @ Fri, 22 Sep 2023 09:30:13: Thread 0 completed. 
INFO  @ Fri, 22 Sep 2023 09:30:13: All threads completed. 
INFO  @ Fri, 22 Sep 2023 09:30:14: Assigning p values... 
INFO  @ Fri, 22 Sep 2023 09:30:14: Permuting groups of gene with 7 sgRNAs per gene. Group progress: 7/41 
INFO  @ Fri, 22 Sep 2023 09:30:14: Start permuting 2 rounds ... 
INFO  @ Fri, 22 Sep 2023 09:30:14: Collecting 26156 sgRNAs from 3516 genes. 
INFO  @ Fri, 22 Sep 2023 09:30:15: Permuting round 0 ... 
INFO  @ Fri, 22 Sep 2023 09:30:15: Thread 0 started. 
INFO  @ Fri, 22 Sep 2023 09:30:15: Thread 0: total 3516 instances. 
INFO  @ Fri, 22 Sep 2023 09:30:15: Thread 0: Calculating AATK (1) ...  
INFO  @ Fri, 22 Sep 2023 09:30:20: Thread 0: Calculating NFXL1 (1001) ...  
INFO  @ Fri, 22 Sep 2023 09:30:25: Thread 0: Calculating MLL1 (2001) ...  
INFO  @ Fri, 22 Sep 2023 09:30:31: Thread 0: Calculating RNF146 (3001) ...  
INFO  @ Fri, 22 Sep 2023 09:30:34: Thread 0 completed. 
INFO  @ Fri, 22 Sep 2023 09:30:34: All threads completed. 
INFO  @ Fri, 22 Sep 2023 09:30:35: Permuting round 1 ... 
INFO  @ Fri, 22 Sep 2023 09:30:35: Thread 0 started. 
INFO  @ Fri, 22 Sep 2023 09:30:35: Thread 0: total 3516 instances. 
INFO  @ Fri, 22 Sep 2023 09:30:35: Thread 0: Calculating AATK (1) ...  
INFO  @ Fri, 22 Sep 2023 09:30:42: Thread 0: Calculating NFXL1 (1001) ...  
INFO  @ Fri, 22 Sep 2023 09:30:48: Thread 0: Calculating MLL1 (2001) ...  
INFO  @ Fri, 22 Sep 2023 09:30:53: Thread 0: Calculating RNF146 (3001) ...  
INFO  @ Fri, 22 Sep 2023 09:30:56: Thread 0 completed. 
INFO  @ Fri, 22 Sep 2023 09:30:56: All threads completed. 
INFO  @ Fri, 22 Sep 2023 09:30:57: Assigning p values... 
INFO  @ Fri, 22 Sep 2023 09:30:57: Permuting groups of gene with 8 sgRNAs per gene. Group progress: 8/41 
INFO  @ Fri, 22 Sep 2023 09:30:57: Start permuting 2 rounds ... 
INFO  @ Fri, 22 Sep 2023 09:30:58: Collecting 26156 sgRNAs from 3516 genes. 
INFO  @ Fri, 22 Sep 2023 09:30:58: Permuting round 0 ... 
INFO  @ Fri, 22 Sep 2023 09:30:58: Thread 0 started. 
INFO  @ Fri, 22 Sep 2023 09:30:58: Thread 0: total 3516 instances. 
INFO  @ Fri, 22 Sep 2023 09:30:58: Thread 0: Calculating AATK (1) ...  
INFO  @ Fri, 22 Sep 2023 09:31:03: Thread 0: Calculating NFXL1 (1001) ...  
INFO  @ Fri, 22 Sep 2023 09:31:09: Thread 0: Calculating MLL1 (2001) ...  
INFO  @ Fri, 22 Sep 2023 09:31:14: Thread 0: Calculating RNF146 (3001) ...  
INFO  @ Fri, 22 Sep 2023 09:31:16: Thread 0 completed. 
INFO  @ Fri, 22 Sep 2023 09:31:16: All threads completed. 
INFO  @ Fri, 22 Sep 2023 09:31:18: Permuting round 1 ... 
INFO  @ Fri, 22 Sep 2023 09:31:18: Thread 0 started. 
INFO  @ Fri, 22 Sep 2023 09:31:18: Thread 0: total 3516 instances. 
INFO  @ Fri, 22 Sep 2023 09:31:18: Thread 0: Calculating AATK (1) ...  
INFO  @ Fri, 22 Sep 2023 09:31:23: Thread 0: Calculating NFXL1 (1001) ...  
INFO  @ Fri, 22 Sep 2023 09:31:28: Thread 0: Calculating MLL1 (2001) ...  
INFO  @ Fri, 22 Sep 2023 09:31:34: Thread 0: Calculating RNF146 (3001) ...  
INFO  @ Fri, 22 Sep 2023 09:31:36: Thread 0 completed. 
INFO  @ Fri, 22 Sep 2023 09:31:36: All threads completed. 
INFO  @ Fri, 22 Sep 2023 09:31:38: Assigning p values... 
INFO  @ Fri, 22 Sep 2023 09:31:38: Permuting groups of gene with 9 sgRNAs per gene. Group progress: 9/41 
INFO  @ Fri, 22 Sep 2023 09:31:38: Start permuting 2 rounds ... 
INFO  @ Fri, 22 Sep 2023 09:31:38: Collecting 26156 sgRNAs from 3516 genes. 
INFO  @ Fri, 22 Sep 2023 09:31:38: Permuting round 0 ... 
INFO  @ Fri, 22 Sep 2023 09:31:38: Thread 0 started. 
INFO  @ Fri, 22 Sep 2023 09:31:38: Thread 0: total 3516 instances. 
INFO  @ Fri, 22 Sep 2023 09:31:38: Thread 0: Calculating AATK (1) ...  
INFO  @ Fri, 22 Sep 2023 09:31:44: Thread 0: Calculating NFXL1 (1001) ...  
INFO  @ Fri, 22 Sep 2023 09:31:49: Thread 0: Calculating MLL1 (2001) ...  
INFO  @ Fri, 22 Sep 2023 09:31:54: Thread 0: Calculating RNF146 (3001) ...  
INFO  @ Fri, 22 Sep 2023 09:31:57: Thread 0 completed. 
INFO  @ Fri, 22 Sep 2023 09:31:57: All threads completed. 
INFO  @ Fri, 22 Sep 2023 09:31:58: Permuting round 1 ... 
INFO  @ Fri, 22 Sep 2023 09:31:58: Thread 0 started. 
INFO  @ Fri, 22 Sep 2023 09:31:58: Thread 0: total 3516 instances. 
INFO  @ Fri, 22 Sep 2023 09:31:58: Thread 0: Calculating AATK (1) ...  
INFO  @ Fri, 22 Sep 2023 09:32:03: Thread 0: Calculating NFXL1 (1001) ...  
INFO  @ Fri, 22 Sep 2023 09:32:08: Thread 0: Calculating MLL1 (2001) ...  
INFO  @ Fri, 22 Sep 2023 09:32:14: Thread 0: Calculating RNF146 (3001) ...  
INFO  @ Fri, 22 Sep 2023 09:32:17: Thread 0 completed. 
INFO  @ Fri, 22 Sep 2023 09:32:17: All threads completed. 
INFO  @ Fri, 22 Sep 2023 09:32:18: Assigning p values... 
INFO  @ Fri, 22 Sep 2023 09:32:18: Permuting groups of gene with 10 sgRNAs per gene. Group progress: 10/41 
INFO  @ Fri, 22 Sep 2023 09:32:18: Start permuting 2 rounds ... 
INFO  @ Fri, 22 Sep 2023 09:32:18: Collecting 26156 sgRNAs from 3516 genes. 
INFO  @ Fri, 22 Sep 2023 09:32:18: Permuting round 0 ... 
INFO  @ Fri, 22 Sep 2023 09:32:19: Thread 0 started. 
INFO  @ Fri, 22 Sep 2023 09:32:19: Thread 0: total 3516 instances. 
INFO  @ Fri, 22 Sep 2023 09:32:19: Thread 0: Calculating AATK (1) ...  
INFO  @ Fri, 22 Sep 2023 09:32:24: Thread 0: Calculating NFXL1 (1001) ...  
INFO  @ Fri, 22 Sep 2023 09:32:29: Thread 0: Calculating MLL1 (2001) ...  
INFO  @ Fri, 22 Sep 2023 09:32:35: Thread 0: Calculating RNF146 (3001) ...  
INFO  @ Fri, 22 Sep 2023 09:32:37: Thread 0 completed. 
INFO  @ Fri, 22 Sep 2023 09:32:37: All threads completed. 
INFO  @ Fri, 22 Sep 2023 09:32:39: Permuting round 1 ... 
INFO  @ Fri, 22 Sep 2023 09:32:39: Thread 0 started. 
INFO  @ Fri, 22 Sep 2023 09:32:39: Thread 0: total 3516 instances. 
INFO  @ Fri, 22 Sep 2023 09:32:39: Thread 0: Calculating AATK (1) ...  
INFO  @ Fri, 22 Sep 2023 09:32:44: Thread 0: Calculating NFXL1 (1001) ...  
INFO  @ Fri, 22 Sep 2023 09:32:49: Thread 0: Calculating MLL1 (2001) ...  
INFO  @ Fri, 22 Sep 2023 09:32:54: Thread 0: Calculating RNF146 (3001) ...  
INFO  @ Fri, 22 Sep 2023 09:32:57: Thread 0 completed. 
INFO  @ Fri, 22 Sep 2023 09:32:57: All threads completed. 
INFO  @ Fri, 22 Sep 2023 09:32:59: Assigning p values... 
INFO  @ Fri, 22 Sep 2023 09:32:59: Permuting groups of gene with 11 sgRNAs per gene. Group progress: 11/41 
INFO  @ Fri, 22 Sep 2023 09:32:59: Start permuting 2 rounds ... 
INFO  @ Fri, 22 Sep 2023 09:32:59: Collecting 26156 sgRNAs from 3516 genes. 
INFO  @ Fri, 22 Sep 2023 09:32:59: Permuting round 0 ... 
INFO  @ Fri, 22 Sep 2023 09:32:59: Thread 0 started. 
INFO  @ Fri, 22 Sep 2023 09:32:59: Thread 0: total 3516 instances. 
INFO  @ Fri, 22 Sep 2023 09:32:59: Thread 0: Calculating AATK (1) ...  
INFO  @ Fri, 22 Sep 2023 09:33:05: Thread 0: Calculating NFXL1 (1001) ...  
INFO  @ Fri, 22 Sep 2023 09:33:10: Thread 0: Calculating MLL1 (2001) ...  
INFO  @ Fri, 22 Sep 2023 09:33:15: Thread 0: Calculating RNF146 (3001) ...  
INFO  @ Fri, 22 Sep 2023 09:33:18: Thread 0 completed. 
INFO  @ Fri, 22 Sep 2023 09:33:18: All threads completed. 
INFO  @ Fri, 22 Sep 2023 09:33:19: Permuting round 1 ... 
INFO  @ Fri, 22 Sep 2023 09:33:20: Thread 0 started. 
INFO  @ Fri, 22 Sep 2023 09:33:20: Thread 0: total 3516 instances. 
INFO  @ Fri, 22 Sep 2023 09:33:20: Thread 0: Calculating AATK (1) ...  
INFO  @ Fri, 22 Sep 2023 09:33:25: Thread 0: Calculating NFXL1 (1001) ...  
INFO  @ Fri, 22 Sep 2023 09:33:30: Thread 0: Calculating MLL1 (2001) ...  
INFO  @ Fri, 22 Sep 2023 09:33:35: Thread 0: Calculating RNF146 (3001) ...  
INFO  @ Fri, 22 Sep 2023 09:33:38: Thread 0 completed. 
INFO  @ Fri, 22 Sep 2023 09:33:38: All threads completed. 
INFO  @ Fri, 22 Sep 2023 09:33:40: Assigning p values... 
INFO  @ Fri, 22 Sep 2023 09:33:40: Permuting groups of gene with 12 sgRNAs per gene. Group progress: 12/41 
INFO  @ Fri, 22 Sep 2023 09:33:40: Start permuting 2 rounds ... 
INFO  @ Fri, 22 Sep 2023 09:33:40: Collecting 26156 sgRNAs from 3516 genes. 
INFO  @ Fri, 22 Sep 2023 09:33:40: Permuting round 0 ... 
INFO  @ Fri, 22 Sep 2023 09:33:40: Thread 0 started. 
INFO  @ Fri, 22 Sep 2023 09:33:40: Thread 0: total 3516 instances. 
INFO  @ Fri, 22 Sep 2023 09:33:40: Thread 0: Calculating AATK (1) ...  
INFO  @ Fri, 22 Sep 2023 09:33:46: Thread 0: Calculating NFXL1 (1001) ...  
INFO  @ Fri, 22 Sep 2023 09:33:51: Thread 0: Calculating MLL1 (2001) ...  
INFO  @ Fri, 22 Sep 2023 09:33:56: Thread 0: Calculating RNF146 (3001) ...  
INFO  @ Fri, 22 Sep 2023 09:33:59: Thread 0 completed. 
INFO  @ Fri, 22 Sep 2023 09:33:59: All threads completed. 
INFO  @ Fri, 22 Sep 2023 09:34:01: Permuting round 1 ... 
INFO  @ Fri, 22 Sep 2023 09:34:01: Thread 0 started. 
INFO  @ Fri, 22 Sep 2023 09:34:01: Thread 0: total 3516 instances. 
INFO  @ Fri, 22 Sep 2023 09:34:01: Thread 0: Calculating AATK (1) ...  
INFO  @ Fri, 22 Sep 2023 09:34:07: Thread 0: Calculating NFXL1 (1001) ...  
INFO  @ Fri, 22 Sep 2023 09:34:12: Thread 0: Calculating MLL1 (2001) ...  
INFO  @ Fri, 22 Sep 2023 09:34:17: Thread 0: Calculating RNF146 (3001) ...  
INFO  @ Fri, 22 Sep 2023 09:34:20: Thread 0 completed. 
INFO  @ Fri, 22 Sep 2023 09:34:20: All threads completed. 
INFO  @ Fri, 22 Sep 2023 09:34:21: Assigning p values... 
INFO  @ Fri, 22 Sep 2023 09:34:22: Permuting groups of gene with 13 sgRNAs per gene. Group progress: 13/41 
INFO  @ Fri, 22 Sep 2023 09:34:22: Start permuting 2 rounds ... 
INFO  @ Fri, 22 Sep 2023 09:34:22: Collecting 26156 sgRNAs from 3516 genes. 
INFO  @ Fri, 22 Sep 2023 09:34:22: Permuting round 0 ... 
INFO  @ Fri, 22 Sep 2023 09:34:22: Thread 0 started. 
INFO  @ Fri, 22 Sep 2023 09:34:22: Thread 0: total 3516 instances. 
INFO  @ Fri, 22 Sep 2023 09:34:22: Thread 0: Calculating AATK (1) ...  
INFO  @ Fri, 22 Sep 2023 09:34:28: Thread 0: Calculating NFXL1 (1001) ...  
INFO  @ Fri, 22 Sep 2023 09:34:33: Thread 0: Calculating MLL1 (2001) ...  
INFO  @ Fri, 22 Sep 2023 09:34:38: Thread 0: Calculating RNF146 (3001) ...  
INFO  @ Fri, 22 Sep 2023 09:34:41: Thread 0 completed. 
INFO  @ Fri, 22 Sep 2023 09:34:41: All threads completed. 
INFO  @ Fri, 22 Sep 2023 09:34:43: Permuting round 1 ... 
INFO  @ Fri, 22 Sep 2023 09:34:43: Thread 0 started. 
INFO  @ Fri, 22 Sep 2023 09:34:43: Thread 0: total 3516 instances. 
INFO  @ Fri, 22 Sep 2023 09:34:43: Thread 0: Calculating AATK (1) ...  
INFO  @ Fri, 22 Sep 2023 09:34:49: Thread 0: Calculating NFXL1 (1001) ...  
INFO  @ Fri, 22 Sep 2023 09:34:54: Thread 0: Calculating MLL1 (2001) ...  
INFO  @ Fri, 22 Sep 2023 09:35:00: Thread 0: Calculating RNF146 (3001) ...  
INFO  @ Fri, 22 Sep 2023 09:35:03: Thread 0 completed. 
INFO  @ Fri, 22 Sep 2023 09:35:03: All threads completed. 
INFO  @ Fri, 22 Sep 2023 09:35:04: Assigning p values... 
INFO  @ Fri, 22 Sep 2023 09:35:04: Permuting groups of gene with 14 sgRNAs per gene. Group progress: 14/41 
INFO  @ Fri, 22 Sep 2023 09:35:04: Start permuting 2 rounds ... 
INFO  @ Fri, 22 Sep 2023 09:35:04: Collecting 26156 sgRNAs from 3516 genes. 
INFO  @ Fri, 22 Sep 2023 09:35:05: Permuting round 0 ... 
INFO  @ Fri, 22 Sep 2023 09:35:05: Thread 0 started. 
INFO  @ Fri, 22 Sep 2023 09:35:05: Thread 0: total 3516 instances. 
INFO  @ Fri, 22 Sep 2023 09:35:05: Thread 0: Calculating AATK (1) ...  
INFO  @ Fri, 22 Sep 2023 09:35:10: Thread 0: Calculating NFXL1 (1001) ...  
INFO  @ Fri, 22 Sep 2023 09:35:16: Thread 0: Calculating MLL1 (2001) ...  
INFO  @ Fri, 22 Sep 2023 09:35:21: Thread 0: Calculating RNF146 (3001) ...  
INFO  @ Fri, 22 Sep 2023 09:35:24: Thread 0 completed. 
INFO  @ Fri, 22 Sep 2023 09:35:24: All threads completed. 
INFO  @ Fri, 22 Sep 2023 09:35:26: Permuting round 1 ... 
INFO  @ Fri, 22 Sep 2023 09:35:27: Thread 0 started. 
INFO  @ Fri, 22 Sep 2023 09:35:27: Thread 0: total 3516 instances. 
INFO  @ Fri, 22 Sep 2023 09:35:27: Thread 0: Calculating AATK (1) ...  
INFO  @ Fri, 22 Sep 2023 09:35:33: Thread 0: Calculating NFXL1 (1001) ...  
INFO  @ Fri, 22 Sep 2023 09:35:38: Thread 0: Calculating MLL1 (2001) ...  
INFO  @ Fri, 22 Sep 2023 09:35:44: Thread 0: Calculating RNF146 (3001) ...  
INFO  @ Fri, 22 Sep 2023 09:35:47: Thread 0 completed. 
INFO  @ Fri, 22 Sep 2023 09:35:47: All threads completed. 
INFO  @ Fri, 22 Sep 2023 09:35:48: Assigning p values... 
INFO  @ Fri, 22 Sep 2023 09:35:48: Permuting groups of gene with 15 sgRNAs per gene. Group progress: 15/41 
INFO  @ Fri, 22 Sep 2023 09:35:48: Start permuting 2 rounds ... 
INFO  @ Fri, 22 Sep 2023 09:35:48: Collecting 26156 sgRNAs from 3516 genes. 
INFO  @ Fri, 22 Sep 2023 09:35:49: Permuting round 0 ... 
INFO  @ Fri, 22 Sep 2023 09:35:49: Thread 0 started. 
INFO  @ Fri, 22 Sep 2023 09:35:49: Thread 0: total 3516 instances. 
INFO  @ Fri, 22 Sep 2023 09:35:49: Thread 0: Calculating AATK (1) ...  
INFO  @ Fri, 22 Sep 2023 09:35:55: Thread 0: Calculating NFXL1 (1001) ...  
INFO  @ Fri, 22 Sep 2023 09:36:00: Thread 0: Calculating MLL1 (2001) ...  
INFO  @ Fri, 22 Sep 2023 09:36:06: Thread 0: Calculating RNF146 (3001) ...  
INFO  @ Fri, 22 Sep 2023 09:36:08: Thread 0 completed. 
INFO  @ Fri, 22 Sep 2023 09:36:08: All threads completed. 
INFO  @ Fri, 22 Sep 2023 09:36:10: Permuting round 1 ... 
INFO  @ Fri, 22 Sep 2023 09:36:10: Thread 0 started. 
INFO  @ Fri, 22 Sep 2023 09:36:10: Thread 0: total 3516 instances. 
INFO  @ Fri, 22 Sep 2023 09:36:10: Thread 0: Calculating AATK (1) ...  
INFO  @ Fri, 22 Sep 2023 09:36:16: Thread 0: Calculating NFXL1 (1001) ...  
INFO  @ Fri, 22 Sep 2023 09:36:22: Thread 0: Calculating MLL1 (2001) ...  
INFO  @ Fri, 22 Sep 2023 09:36:27: Thread 0: Calculating RNF146 (3001) ...  
INFO  @ Fri, 22 Sep 2023 09:36:31: Thread 0 completed. 
INFO  @ Fri, 22 Sep 2023 09:36:31: All threads completed. 
INFO  @ Fri, 22 Sep 2023 09:36:33: Assigning p values... 
INFO  @ Fri, 22 Sep 2023 09:36:33: Permuting groups of gene with 16 sgRNAs per gene. Group progress: 16/41 
INFO  @ Fri, 22 Sep 2023 09:36:33: Start permuting 2 rounds ... 
INFO  @ Fri, 22 Sep 2023 09:36:33: Collecting 26156 sgRNAs from 3516 genes. 
INFO  @ Fri, 22 Sep 2023 09:36:33: Permuting round 0 ... 
INFO  @ Fri, 22 Sep 2023 09:36:33: Thread 0 started. 
INFO  @ Fri, 22 Sep 2023 09:36:33: Thread 0: total 3516 instances. 
INFO  @ Fri, 22 Sep 2023 09:36:33: Thread 0: Calculating AATK (1) ...  
INFO  @ Fri, 22 Sep 2023 09:36:39: Thread 0: Calculating NFXL1 (1001) ...  
INFO  @ Fri, 22 Sep 2023 09:36:45: Thread 0: Calculating MLL1 (2001) ...  
INFO  @ Fri, 22 Sep 2023 09:36:50: Thread 0: Calculating RNF146 (3001) ...  
INFO  @ Fri, 22 Sep 2023 09:36:53: Thread 0 completed. 
INFO  @ Fri, 22 Sep 2023 09:36:53: All threads completed. 
INFO  @ Fri, 22 Sep 2023 09:36:54: Permuting round 1 ... 
INFO  @ Fri, 22 Sep 2023 09:36:55: Thread 0 started. 
INFO  @ Fri, 22 Sep 2023 09:36:55: Thread 0: total 3516 instances. 
INFO  @ Fri, 22 Sep 2023 09:36:55: Thread 0: Calculating AATK (1) ...  
INFO  @ Fri, 22 Sep 2023 09:37:00: Thread 0: Calculating NFXL1 (1001) ...  
INFO  @ Fri, 22 Sep 2023 09:37:06: Thread 0: Calculating MLL1 (2001) ...  
INFO  @ Fri, 22 Sep 2023 09:37:11: Thread 0: Calculating RNF146 (3001) ...  
INFO  @ Fri, 22 Sep 2023 09:37:14: Thread 0 completed. 
INFO  @ Fri, 22 Sep 2023 09:37:14: All threads completed. 
INFO  @ Fri, 22 Sep 2023 09:37:16: Assigning p values... 
INFO  @ Fri, 22 Sep 2023 09:37:16: Permuting groups of gene with 17 sgRNAs per gene. Group progress: 17/41 
INFO  @ Fri, 22 Sep 2023 09:37:16: Start permuting 2 rounds ... 
INFO  @ Fri, 22 Sep 2023 09:37:16: Collecting 26156 sgRNAs from 3516 genes. 
INFO  @ Fri, 22 Sep 2023 09:37:16: Permuting round 0 ... 
INFO  @ Fri, 22 Sep 2023 09:37:16: Thread 0 started. 
INFO  @ Fri, 22 Sep 2023 09:37:16: Thread 0: total 3516 instances. 
INFO  @ Fri, 22 Sep 2023 09:37:16: Thread 0: Calculating AATK (1) ...  
INFO  @ Fri, 22 Sep 2023 09:37:22: Thread 0: Calculating NFXL1 (1001) ...  
INFO  @ Fri, 22 Sep 2023 09:37:28: Thread 0: Calculating MLL1 (2001) ...  
INFO  @ Fri, 22 Sep 2023 09:37:33: Thread 0: Calculating RNF146 (3001) ...  
INFO  @ Fri, 22 Sep 2023 09:37:36: Thread 0 completed. 
INFO  @ Fri, 22 Sep 2023 09:37:36: All threads completed. 
INFO  @ Fri, 22 Sep 2023 09:37:38: Permuting round 1 ... 
INFO  @ Fri, 22 Sep 2023 09:37:38: Thread 0 started. 
INFO  @ Fri, 22 Sep 2023 09:37:38: Thread 0: total 3516 instances. 
INFO  @ Fri, 22 Sep 2023 09:37:38: Thread 0: Calculating AATK (1) ...  
INFO  @ Fri, 22 Sep 2023 09:37:44: Thread 0: Calculating NFXL1 (1001) ...  
INFO  @ Fri, 22 Sep 2023 09:37:49: Thread 0: Calculating MLL1 (2001) ...  
INFO  @ Fri, 22 Sep 2023 09:37:54: Thread 0: Calculating RNF146 (3001) ...  
INFO  @ Fri, 22 Sep 2023 09:37:57: Thread 0 completed. 
INFO  @ Fri, 22 Sep 2023 09:37:57: All threads completed. 
INFO  @ Fri, 22 Sep 2023 09:37:58: Assigning p values... 
INFO  @ Fri, 22 Sep 2023 09:37:59: Permuting groups of gene with 18 sgRNAs per gene. Group progress: 18/41 
INFO  @ Fri, 22 Sep 2023 09:37:59: Start permuting 2 rounds ... 
INFO  @ Fri, 22 Sep 2023 09:37:59: Collecting 26156 sgRNAs from 3516 genes. 
INFO  @ Fri, 22 Sep 2023 09:37:59: Permuting round 0 ... 
INFO  @ Fri, 22 Sep 2023 09:37:59: Thread 0 started. 
INFO  @ Fri, 22 Sep 2023 09:37:59: Thread 0: total 3516 instances. 
INFO  @ Fri, 22 Sep 2023 09:37:59: Thread 0: Calculating AATK (1) ...  
INFO  @ Fri, 22 Sep 2023 09:38:04: Thread 0: Calculating NFXL1 (1001) ...  
INFO  @ Fri, 22 Sep 2023 09:38:10: Thread 0: Calculating MLL1 (2001) ...  
INFO  @ Fri, 22 Sep 2023 09:38:15: Thread 0: Calculating RNF146 (3001) ...  
INFO  @ Fri, 22 Sep 2023 09:38:18: Thread 0 completed. 
INFO  @ Fri, 22 Sep 2023 09:38:18: All threads completed. 
INFO  @ Fri, 22 Sep 2023 09:38:19: Permuting round 1 ... 
INFO  @ Fri, 22 Sep 2023 09:38:19: Thread 0 started. 
INFO  @ Fri, 22 Sep 2023 09:38:19: Thread 0: total 3516 instances. 
INFO  @ Fri, 22 Sep 2023 09:38:19: Thread 0: Calculating AATK (1) ...  
INFO  @ Fri, 22 Sep 2023 09:38:25: Thread 0: Calculating NFXL1 (1001) ...  
INFO  @ Fri, 22 Sep 2023 09:38:30: Thread 0: Calculating MLL1 (2001) ...  
INFO  @ Fri, 22 Sep 2023 09:38:35: Thread 0: Calculating RNF146 (3001) ...  
INFO  @ Fri, 22 Sep 2023 09:38:38: Thread 0 completed. 
INFO  @ Fri, 22 Sep 2023 09:38:38: All threads completed. 
INFO  @ Fri, 22 Sep 2023 09:38:40: Assigning p values... 
INFO  @ Fri, 22 Sep 2023 09:38:40: Permuting groups of gene with 19 sgRNAs per gene. Group progress: 19/41 
INFO  @ Fri, 22 Sep 2023 09:38:40: Start permuting 2 rounds ... 
INFO  @ Fri, 22 Sep 2023 09:38:40: Collecting 26156 sgRNAs from 3516 genes. 
INFO  @ Fri, 22 Sep 2023 09:38:40: Permuting round 0 ... 
INFO  @ Fri, 22 Sep 2023 09:38:40: Thread 0 started. 
INFO  @ Fri, 22 Sep 2023 09:38:40: Thread 0: total 3516 instances. 
INFO  @ Fri, 22 Sep 2023 09:38:40: Thread 0: Calculating AATK (1) ...  
INFO  @ Fri, 22 Sep 2023 09:38:45: Thread 0: Calculating NFXL1 (1001) ...  
INFO  @ Fri, 22 Sep 2023 09:38:50: Thread 0: Calculating MLL1 (2001) ...  
INFO  @ Fri, 22 Sep 2023 09:38:56: Thread 0: Calculating RNF146 (3001) ...  
INFO  @ Fri, 22 Sep 2023 09:38:58: Thread 0 completed. 
INFO  @ Fri, 22 Sep 2023 09:38:58: All threads completed. 
INFO  @ Fri, 22 Sep 2023 09:39:00: Permuting round 1 ... 
INFO  @ Fri, 22 Sep 2023 09:39:00: Thread 0 started. 
INFO  @ Fri, 22 Sep 2023 09:39:00: Thread 0: total 3516 instances. 
INFO  @ Fri, 22 Sep 2023 09:39:00: Thread 0: Calculating AATK (1) ...  
INFO  @ Fri, 22 Sep 2023 09:39:05: Thread 0: Calculating NFXL1 (1001) ...  
INFO  @ Fri, 22 Sep 2023 09:39:11: Thread 0: Calculating MLL1 (2001) ...  
INFO  @ Fri, 22 Sep 2023 09:39:16: Thread 0: Calculating RNF146 (3001) ...  
INFO  @ Fri, 22 Sep 2023 09:39:19: Thread 0 completed. 
INFO  @ Fri, 22 Sep 2023 09:39:19: All threads completed. 
INFO  @ Fri, 22 Sep 2023 09:39:20: Assigning p values... 
INFO  @ Fri, 22 Sep 2023 09:39:20: Permuting groups of gene with 20 sgRNAs per gene. Group progress: 20/41 
INFO  @ Fri, 22 Sep 2023 09:39:20: Start permuting 2 rounds ... 
INFO  @ Fri, 22 Sep 2023 09:39:20: Collecting 26156 sgRNAs from 3516 genes. 
INFO  @ Fri, 22 Sep 2023 09:39:21: Permuting round 0 ... 
INFO  @ Fri, 22 Sep 2023 09:39:21: Thread 0 started. 
INFO  @ Fri, 22 Sep 2023 09:39:21: Thread 0: total 3516 instances. 
INFO  @ Fri, 22 Sep 2023 09:39:21: Thread 0: Calculating AATK (1) ...  
INFO  @ Fri, 22 Sep 2023 09:39:26: Thread 0: Calculating NFXL1 (1001) ...  
INFO  @ Fri, 22 Sep 2023 09:39:32: Thread 0: Calculating MLL1 (2001) ...  
INFO  @ Fri, 22 Sep 2023 09:39:37: Thread 0: Calculating RNF146 (3001) ...  
INFO  @ Fri, 22 Sep 2023 09:39:40: Thread 0 completed. 
INFO  @ Fri, 22 Sep 2023 09:39:40: All threads completed. 
INFO  @ Fri, 22 Sep 2023 09:39:42: Permuting round 1 ... 
INFO  @ Fri, 22 Sep 2023 09:39:42: Thread 0 started. 
INFO  @ Fri, 22 Sep 2023 09:39:42: Thread 0: total 3516 instances. 
INFO  @ Fri, 22 Sep 2023 09:39:42: Thread 0: Calculating AATK (1) ...  
INFO  @ Fri, 22 Sep 2023 09:39:47: Thread 0: Calculating NFXL1 (1001) ...  
INFO  @ Fri, 22 Sep 2023 09:39:53: Thread 0: Calculating MLL1 (2001) ...  
INFO  @ Fri, 22 Sep 2023 09:39:58: Thread 0: Calculating RNF146 (3001) ...  
INFO  @ Fri, 22 Sep 2023 09:40:01: Thread 0 completed. 
INFO  @ Fri, 22 Sep 2023 09:40:01: All threads completed. 
INFO  @ Fri, 22 Sep 2023 09:40:02: Assigning p values... 
INFO  @ Fri, 22 Sep 2023 09:40:03: Permuting groups of gene with 21 sgRNAs per gene. Group progress: 21/41 
INFO  @ Fri, 22 Sep 2023 09:40:03: Start permuting 2 rounds ... 
INFO  @ Fri, 22 Sep 2023 09:40:03: Collecting 26156 sgRNAs from 3516 genes. 
INFO  @ Fri, 22 Sep 2023 09:40:03: Permuting round 0 ... 
INFO  @ Fri, 22 Sep 2023 09:40:03: Thread 0 started. 
INFO  @ Fri, 22 Sep 2023 09:40:03: Thread 0: total 3516 instances. 
INFO  @ Fri, 22 Sep 2023 09:40:03: Thread 0: Calculating AATK (1) ...  
INFO  @ Fri, 22 Sep 2023 09:40:09: Thread 0: Calculating NFXL1 (1001) ...  
INFO  @ Fri, 22 Sep 2023 09:40:15: Thread 0: Calculating MLL1 (2001) ...  
INFO  @ Fri, 22 Sep 2023 09:40:21: Thread 0: Calculating RNF146 (3001) ...  
INFO  @ Fri, 22 Sep 2023 09:40:24: Thread 0 completed. 
INFO  @ Fri, 22 Sep 2023 09:40:24: All threads completed. 
INFO  @ Fri, 22 Sep 2023 09:40:26: Permuting round 1 ... 
INFO  @ Fri, 22 Sep 2023 09:40:26: Thread 0 started. 
INFO  @ Fri, 22 Sep 2023 09:40:26: Thread 0: total 3516 instances. 
INFO  @ Fri, 22 Sep 2023 09:40:26: Thread 0: Calculating AATK (1) ...  
INFO  @ Fri, 22 Sep 2023 09:40:32: Thread 0: Calculating NFXL1 (1001) ...  
INFO  @ Fri, 22 Sep 2023 09:40:37: Thread 0: Calculating MLL1 (2001) ...  
INFO  @ Fri, 22 Sep 2023 09:40:42: Thread 0: Calculating RNF146 (3001) ...  
INFO  @ Fri, 22 Sep 2023 09:40:45: Thread 0 completed. 
INFO  @ Fri, 22 Sep 2023 09:40:45: All threads completed. 
INFO  @ Fri, 22 Sep 2023 09:40:46: Assigning p values... 
INFO  @ Fri, 22 Sep 2023 09:40:46: Permuting groups of gene with 22 sgRNAs per gene. Group progress: 22/41 
INFO  @ Fri, 22 Sep 2023 09:40:46: Start permuting 2 rounds ... 
INFO  @ Fri, 22 Sep 2023 09:40:47: Collecting 26156 sgRNAs from 3516 genes. 
INFO  @ Fri, 22 Sep 2023 09:40:47: Permuting round 0 ... 
INFO  @ Fri, 22 Sep 2023 09:40:47: Thread 0 started. 
INFO  @ Fri, 22 Sep 2023 09:40:47: Thread 0: total 3516 instances. 
INFO  @ Fri, 22 Sep 2023 09:40:47: Thread 0: Calculating AATK (1) ...  
INFO  @ Fri, 22 Sep 2023 09:40:52: Thread 0: Calculating NFXL1 (1001) ...  
INFO  @ Fri, 22 Sep 2023 09:40:57: Thread 0: Calculating MLL1 (2001) ...  
INFO  @ Fri, 22 Sep 2023 09:41:02: Thread 0: Calculating RNF146 (3001) ...  
INFO  @ Fri, 22 Sep 2023 09:41:05: Thread 0 completed. 
INFO  @ Fri, 22 Sep 2023 09:41:05: All threads completed. 
INFO  @ Fri, 22 Sep 2023 09:41:06: Permuting round 1 ... 
INFO  @ Fri, 22 Sep 2023 09:41:06: Thread 0 started. 
INFO  @ Fri, 22 Sep 2023 09:41:06: Thread 0: total 3516 instances. 
INFO  @ Fri, 22 Sep 2023 09:41:06: Thread 0: Calculating AATK (1) ...  
INFO  @ Fri, 22 Sep 2023 09:41:12: Thread 0: Calculating NFXL1 (1001) ...  
INFO  @ Fri, 22 Sep 2023 09:41:17: Thread 0: Calculating MLL1 (2001) ...  
INFO  @ Fri, 22 Sep 2023 09:41:22: Thread 0: Calculating RNF146 (3001) ...  
INFO  @ Fri, 22 Sep 2023 09:41:25: Thread 0 completed. 
INFO  @ Fri, 22 Sep 2023 09:41:25: All threads completed. 
INFO  @ Fri, 22 Sep 2023 09:41:26: Assigning p values... 
INFO  @ Fri, 22 Sep 2023 09:41:26: Permuting groups of gene with 23 sgRNAs per gene. Group progress: 23/41 
INFO  @ Fri, 22 Sep 2023 09:41:26: Start permuting 2 rounds ... 
INFO  @ Fri, 22 Sep 2023 09:41:26: Collecting 26156 sgRNAs from 3516 genes. 
INFO  @ Fri, 22 Sep 2023 09:41:26: Permuting round 0 ... 
INFO  @ Fri, 22 Sep 2023 09:41:26: Thread 0 started. 
INFO  @ Fri, 22 Sep 2023 09:41:26: Thread 0: total 3516 instances. 
INFO  @ Fri, 22 Sep 2023 09:41:26: Thread 0: Calculating AATK (1) ...  
INFO  @ Fri, 22 Sep 2023 09:41:32: Thread 0: Calculating NFXL1 (1001) ...  
INFO  @ Fri, 22 Sep 2023 09:41:37: Thread 0: Calculating MLL1 (2001) ...  
INFO  @ Fri, 22 Sep 2023 09:41:42: Thread 0: Calculating RNF146 (3001) ...  
INFO  @ Fri, 22 Sep 2023 09:41:45: Thread 0 completed. 
INFO  @ Fri, 22 Sep 2023 09:41:45: All threads completed. 
INFO  @ Fri, 22 Sep 2023 09:41:46: Permuting round 1 ... 
INFO  @ Fri, 22 Sep 2023 09:41:46: Thread 0 started. 
INFO  @ Fri, 22 Sep 2023 09:41:46: Thread 0: total 3516 instances. 
INFO  @ Fri, 22 Sep 2023 09:41:46: Thread 0: Calculating AATK (1) ...  
INFO  @ Fri, 22 Sep 2023 09:41:51: Thread 0: Calculating NFXL1 (1001) ...  
INFO  @ Fri, 22 Sep 2023 09:41:57: Thread 0: Calculating MLL1 (2001) ...  
INFO  @ Fri, 22 Sep 2023 09:42:02: Thread 0: Calculating RNF146 (3001) ...  
INFO  @ Fri, 22 Sep 2023 09:42:05: Thread 0 completed. 
INFO  @ Fri, 22 Sep 2023 09:42:05: All threads completed. 
INFO  @ Fri, 22 Sep 2023 09:42:06: Assigning p values... 
INFO  @ Fri, 22 Sep 2023 09:42:06: Permuting groups of gene with 24 sgRNAs per gene. Group progress: 24/41 
INFO  @ Fri, 22 Sep 2023 09:42:06: Start permuting 2 rounds ... 
INFO  @ Fri, 22 Sep 2023 09:42:06: Collecting 26156 sgRNAs from 3516 genes. 
INFO  @ Fri, 22 Sep 2023 09:42:07: Permuting round 0 ... 
INFO  @ Fri, 22 Sep 2023 09:42:07: Thread 0 started. 
INFO  @ Fri, 22 Sep 2023 09:42:07: Thread 0: total 3516 instances. 
INFO  @ Fri, 22 Sep 2023 09:42:07: Thread 0: Calculating AATK (1) ...  
INFO  @ Fri, 22 Sep 2023 09:42:12: Thread 0: Calculating NFXL1 (1001) ...  
INFO  @ Fri, 22 Sep 2023 09:42:18: Thread 0: Calculating MLL1 (2001) ...  
INFO  @ Fri, 22 Sep 2023 09:42:23: Thread 0: Calculating RNF146 (3001) ...  
INFO  @ Fri, 22 Sep 2023 09:42:26: Thread 0 completed. 
INFO  @ Fri, 22 Sep 2023 09:42:26: All threads completed. 
INFO  @ Fri, 22 Sep 2023 09:42:27: Permuting round 1 ... 
INFO  @ Fri, 22 Sep 2023 09:42:27: Thread 0 started. 
INFO  @ Fri, 22 Sep 2023 09:42:27: Thread 0: total 3516 instances. 
INFO  @ Fri, 22 Sep 2023 09:42:27: Thread 0: Calculating AATK (1) ...  
INFO  @ Fri, 22 Sep 2023 09:42:33: Thread 0: Calculating NFXL1 (1001) ...  
INFO  @ Fri, 22 Sep 2023 09:42:38: Thread 0: Calculating MLL1 (2001) ...  
INFO  @ Fri, 22 Sep 2023 09:42:43: Thread 0: Calculating RNF146 (3001) ...  
INFO  @ Fri, 22 Sep 2023 09:42:46: Thread 0 completed. 
INFO  @ Fri, 22 Sep 2023 09:42:46: All threads completed. 
INFO  @ Fri, 22 Sep 2023 09:42:47: Assigning p values... 
INFO  @ Fri, 22 Sep 2023 09:42:47: Permuting groups of gene with 25 sgRNAs per gene. Group progress: 25/41 
INFO  @ Fri, 22 Sep 2023 09:42:47: Start permuting 2 rounds ... 
INFO  @ Fri, 22 Sep 2023 09:42:47: Collecting 26156 sgRNAs from 3516 genes. 
INFO  @ Fri, 22 Sep 2023 09:42:48: Permuting round 0 ... 
INFO  @ Fri, 22 Sep 2023 09:42:48: Thread 0 started. 
INFO  @ Fri, 22 Sep 2023 09:42:48: Thread 0: total 3516 instances. 
INFO  @ Fri, 22 Sep 2023 09:42:48: Thread 0: Calculating AATK (1) ...  
INFO  @ Fri, 22 Sep 2023 09:42:53: Thread 0: Calculating NFXL1 (1001) ...  
INFO  @ Fri, 22 Sep 2023 09:42:59: Thread 0: Calculating MLL1 (2001) ...  
INFO  @ Fri, 22 Sep 2023 09:43:04: Thread 0: Calculating RNF146 (3001) ...  
INFO  @ Fri, 22 Sep 2023 09:43:07: Thread 0 completed. 
INFO  @ Fri, 22 Sep 2023 09:43:07: All threads completed. 
INFO  @ Fri, 22 Sep 2023 09:43:08: Permuting round 1 ... 
INFO  @ Fri, 22 Sep 2023 09:43:08: Thread 0 started. 
INFO  @ Fri, 22 Sep 2023 09:43:08: Thread 0: total 3516 instances. 
INFO  @ Fri, 22 Sep 2023 09:43:08: Thread 0: Calculating AATK (1) ...  
INFO  @ Fri, 22 Sep 2023 09:43:14: Thread 0: Calculating NFXL1 (1001) ...  
INFO  @ Fri, 22 Sep 2023 09:43:20: Thread 0: Calculating MLL1 (2001) ...  
INFO  @ Fri, 22 Sep 2023 09:43:25: Thread 0: Calculating RNF146 (3001) ...  
INFO  @ Fri, 22 Sep 2023 09:43:28: Thread 0 completed. 
INFO  @ Fri, 22 Sep 2023 09:43:28: All threads completed. 
INFO  @ Fri, 22 Sep 2023 09:43:29: Assigning p values... 
INFO  @ Fri, 22 Sep 2023 09:43:29: Permuting groups of gene with 27 sgRNAs per gene. Group progress: 26/41 
INFO  @ Fri, 22 Sep 2023 09:43:29: Start permuting 2 rounds ... 
INFO  @ Fri, 22 Sep 2023 09:43:30: Collecting 26156 sgRNAs from 3516 genes. 
INFO  @ Fri, 22 Sep 2023 09:43:30: Permuting round 0 ... 
INFO  @ Fri, 22 Sep 2023 09:43:30: Thread 0 started. 
INFO  @ Fri, 22 Sep 2023 09:43:30: Thread 0: total 3516 instances. 
INFO  @ Fri, 22 Sep 2023 09:43:30: Thread 0: Calculating AATK (1) ...  
INFO  @ Fri, 22 Sep 2023 09:43:36: Thread 0: Calculating NFXL1 (1001) ...  
INFO  @ Fri, 22 Sep 2023 09:43:41: Thread 0: Calculating MLL1 (2001) ...  
INFO  @ Fri, 22 Sep 2023 09:43:46: Thread 0: Calculating RNF146 (3001) ...  
INFO  @ Fri, 22 Sep 2023 09:43:49: Thread 0 completed. 
INFO  @ Fri, 22 Sep 2023 09:43:49: All threads completed. 
INFO  @ Fri, 22 Sep 2023 09:43:50: Permuting round 1 ... 
INFO  @ Fri, 22 Sep 2023 09:43:51: Thread 0 started. 
INFO  @ Fri, 22 Sep 2023 09:43:51: Thread 0: total 3516 instances. 
INFO  @ Fri, 22 Sep 2023 09:43:51: Thread 0: Calculating AATK (1) ...  
INFO  @ Fri, 22 Sep 2023 09:43:56: Thread 0: Calculating NFXL1 (1001) ...  
INFO  @ Fri, 22 Sep 2023 09:44:02: Thread 0: Calculating MLL1 (2001) ...  
INFO  @ Fri, 22 Sep 2023 09:44:08: Thread 0: Calculating RNF146 (3001) ...  
INFO  @ Fri, 22 Sep 2023 09:44:11: Thread 0 completed. 
INFO  @ Fri, 22 Sep 2023 09:44:11: All threads completed. 
INFO  @ Fri, 22 Sep 2023 09:44:12: Assigning p values... 
INFO  @ Fri, 22 Sep 2023 09:44:12: Permuting groups of gene with 28 sgRNAs per gene. Group progress: 27/41 
INFO  @ Fri, 22 Sep 2023 09:44:12: Start permuting 2 rounds ... 
INFO  @ Fri, 22 Sep 2023 09:44:12: Collecting 26156 sgRNAs from 3516 genes. 
INFO  @ Fri, 22 Sep 2023 09:44:12: Permuting round 0 ... 
INFO  @ Fri, 22 Sep 2023 09:44:13: Thread 0 started. 
INFO  @ Fri, 22 Sep 2023 09:44:13: Thread 0: total 3516 instances. 
INFO  @ Fri, 22 Sep 2023 09:44:13: Thread 0: Calculating AATK (1) ...  
INFO  @ Fri, 22 Sep 2023 09:44:18: Thread 0: Calculating NFXL1 (1001) ...  
INFO  @ Fri, 22 Sep 2023 09:44:24: Thread 0: Calculating MLL1 (2001) ...  
INFO  @ Fri, 22 Sep 2023 09:44:30: Thread 0: Calculating RNF146 (3001) ...  
INFO  @ Fri, 22 Sep 2023 09:44:32: Thread 0 completed. 
INFO  @ Fri, 22 Sep 2023 09:44:32: All threads completed. 
INFO  @ Fri, 22 Sep 2023 09:44:34: Permuting round 1 ... 
INFO  @ Fri, 22 Sep 2023 09:44:34: Thread 0 started. 
INFO  @ Fri, 22 Sep 2023 09:44:34: Thread 0: total 3516 instances. 
INFO  @ Fri, 22 Sep 2023 09:44:34: Thread 0: Calculating AATK (1) ...  
INFO  @ Fri, 22 Sep 2023 09:44:40: Thread 0: Calculating NFXL1 (1001) ...  
INFO  @ Fri, 22 Sep 2023 09:44:46: Thread 0: Calculating MLL1 (2001) ...  
INFO  @ Fri, 22 Sep 2023 09:44:51: Thread 0: Calculating RNF146 (3001) ...  
INFO  @ Fri, 22 Sep 2023 09:44:54: Thread 0 completed. 
INFO  @ Fri, 22 Sep 2023 09:44:54: All threads completed. 
INFO  @ Fri, 22 Sep 2023 09:44:56: Assigning p values... 
INFO  @ Fri, 22 Sep 2023 09:44:56: Permuting groups of gene with 29 sgRNAs per gene. Group progress: 28/41 
INFO  @ Fri, 22 Sep 2023 09:44:56: Start permuting 2 rounds ... 
INFO  @ Fri, 22 Sep 2023 09:44:56: Collecting 26156 sgRNAs from 3516 genes. 
INFO  @ Fri, 22 Sep 2023 09:44:56: Permuting round 0 ... 
INFO  @ Fri, 22 Sep 2023 09:44:57: Thread 0 started. 
INFO  @ Fri, 22 Sep 2023 09:44:57: Thread 0: total 3516 instances. 
INFO  @ Fri, 22 Sep 2023 09:44:57: Thread 0: Calculating AATK (1) ...  
INFO  @ Fri, 22 Sep 2023 09:45:02: Thread 0: Calculating NFXL1 (1001) ...  
INFO  @ Fri, 22 Sep 2023 09:45:08: Thread 0: Calculating MLL1 (2001) ...  
INFO  @ Fri, 22 Sep 2023 09:45:14: Thread 0: Calculating RNF146 (3001) ...  
INFO  @ Fri, 22 Sep 2023 09:45:17: Thread 0 completed. 
INFO  @ Fri, 22 Sep 2023 09:45:17: All threads completed. 
INFO  @ Fri, 22 Sep 2023 09:45:18: Permuting round 1 ... 
INFO  @ Fri, 22 Sep 2023 09:45:18: Thread 0 started. 
INFO  @ Fri, 22 Sep 2023 09:45:18: Thread 0: total 3516 instances. 
INFO  @ Fri, 22 Sep 2023 09:45:18: Thread 0: Calculating AATK (1) ...  
INFO  @ Fri, 22 Sep 2023 09:45:24: Thread 0: Calculating NFXL1 (1001) ...  
INFO  @ Fri, 22 Sep 2023 09:45:33: Thread 0: Calculating MLL1 (2001) ...  
INFO  @ Fri, 22 Sep 2023 09:45:45: Thread 0: Calculating RNF146 (3001) ...  
INFO  @ Fri, 22 Sep 2023 09:45:51: Thread 0 completed. 
INFO  @ Fri, 22 Sep 2023 09:45:51: All threads completed. 
INFO  @ Fri, 22 Sep 2023 09:45:52: Assigning p values... 
INFO  @ Fri, 22 Sep 2023 09:45:52: Permuting groups of gene with 30 sgRNAs per gene. Group progress: 29/41 
INFO  @ Fri, 22 Sep 2023 09:45:52: Start permuting 2 rounds ... 
INFO  @ Fri, 22 Sep 2023 09:45:53: Collecting 26156 sgRNAs from 3516 genes. 
INFO  @ Fri, 22 Sep 2023 09:45:53: Permuting round 0 ... 
INFO  @ Fri, 22 Sep 2023 09:45:54: Thread 0 started. 
INFO  @ Fri, 22 Sep 2023 09:45:54: Thread 0: total 3516 instances. 
INFO  @ Fri, 22 Sep 2023 09:45:54: Thread 0: Calculating AATK (1) ...  
INFO  @ Fri, 22 Sep 2023 09:46:12: Thread 0: Calculating NFXL1 (1001) ...  
INFO  @ Fri, 22 Sep 2023 09:46:28: Thread 0: Calculating MLL1 (2001) ...  
INFO  @ Fri, 22 Sep 2023 09:46:47: Thread 0: Calculating RNF146 (3001) ...  
INFO  @ Fri, 22 Sep 2023 09:46:56: Thread 0 completed. 
INFO  @ Fri, 22 Sep 2023 09:46:56: All threads completed. 
INFO  @ Fri, 22 Sep 2023 09:46:58: Permuting round 1 ... 
INFO  @ Fri, 22 Sep 2023 09:46:59: Thread 0 started. 
INFO  @ Fri, 22 Sep 2023 09:46:59: Thread 0: total 3516 instances. 
INFO  @ Fri, 22 Sep 2023 09:46:59: Thread 0: Calculating AATK (1) ...  
INFO  @ Fri, 22 Sep 2023 09:47:15: Thread 0: Calculating NFXL1 (1001) ...  
INFO  @ Fri, 22 Sep 2023 09:47:33: Thread 0: Calculating MLL1 (2001) ...  
INFO  @ Fri, 22 Sep 2023 09:47:52: Thread 0: Calculating RNF146 (3001) ...  
INFO  @ Fri, 22 Sep 2023 09:48:00: Thread 0 completed. 
INFO  @ Fri, 22 Sep 2023 09:48:00: All threads completed. 
INFO  @ Fri, 22 Sep 2023 09:48:01: Assigning p values... 
INFO  @ Fri, 22 Sep 2023 09:48:02: Permuting groups of gene with 31 sgRNAs per gene. Group progress: 30/41 
INFO  @ Fri, 22 Sep 2023 09:48:02: Start permuting 2 rounds ... 
INFO  @ Fri, 22 Sep 2023 09:48:02: Collecting 26156 sgRNAs from 3516 genes. 
INFO  @ Fri, 22 Sep 2023 09:48:03: Permuting round 0 ... 
INFO  @ Fri, 22 Sep 2023 09:48:03: Thread 0 started. 
INFO  @ Fri, 22 Sep 2023 09:48:03: Thread 0: total 3516 instances. 
INFO  @ Fri, 22 Sep 2023 09:48:03: Thread 0: Calculating AATK (1) ...  
INFO  @ Fri, 22 Sep 2023 09:48:31: Thread 0: Calculating NFXL1 (1001) ...  
INFO  @ Fri, 22 Sep 2023 09:49:01: Thread 0: Calculating MLL1 (2001) ...  
INFO  @ Fri, 22 Sep 2023 09:49:33: Thread 0: Calculating RNF146 (3001) ...  
INFO  @ Fri, 22 Sep 2023 09:49:50: Thread 0 completed. 
INFO  @ Fri, 22 Sep 2023 09:49:50: All threads completed. 
INFO  @ Fri, 22 Sep 2023 09:49:52: Permuting round 1 ... 
INFO  @ Fri, 22 Sep 2023 09:49:54: Thread 0 started. 
INFO  @ Fri, 22 Sep 2023 09:49:54: Thread 0: total 3516 instances. 
INFO  @ Fri, 22 Sep 2023 09:49:54: Thread 0: Calculating AATK (1) ...  
INFO  @ Fri, 22 Sep 2023 09:50:33: Thread 0: Calculating NFXL1 (1001) ...  
INFO  @ Fri, 22 Sep 2023 09:51:06: Thread 0: Calculating MLL1 (2001) ...  
INFO  @ Fri, 22 Sep 2023 09:51:40: Thread 0: Calculating RNF146 (3001) ...  
INFO  @ Fri, 22 Sep 2023 09:52:01: Thread 0 completed. 
INFO  @ Fri, 22 Sep 2023 09:52:01: All threads completed. 
INFO  @ Fri, 22 Sep 2023 09:52:04: Assigning p values... 
INFO  @ Fri, 22 Sep 2023 09:52:04: Permuting groups of gene with 32 sgRNAs per gene. Group progress: 31/41 
INFO  @ Fri, 22 Sep 2023 09:52:04: Start permuting 2 rounds ... 
INFO  @ Fri, 22 Sep 2023 09:52:05: Collecting 26156 sgRNAs from 3516 genes. 
INFO  @ Fri, 22 Sep 2023 09:52:06: Permuting round 0 ... 
INFO  @ Fri, 22 Sep 2023 09:52:08: Thread 0 started. 
INFO  @ Fri, 22 Sep 2023 09:52:08: Thread 0: total 3516 instances. 
INFO  @ Fri, 22 Sep 2023 09:52:08: Thread 0: Calculating AATK (1) ...  
INFO  @ Fri, 22 Sep 2023 09:52:48: Thread 0: Calculating NFXL1 (1001) ...  
INFO  @ Fri, 22 Sep 2023 09:53:21: Thread 0: Calculating MLL1 (2001) ...  
INFO  @ Fri, 22 Sep 2023 09:54:01: Thread 0: Calculating RNF146 (3001) ...  
INFO  @ Fri, 22 Sep 2023 09:54:19: Thread 0 completed. 
INFO  @ Fri, 22 Sep 2023 09:54:19: All threads completed. 
INFO  @ Fri, 22 Sep 2023 09:54:21: Permuting round 1 ... 
INFO  @ Fri, 22 Sep 2023 09:54:22: Thread 0 started. 
INFO  @ Fri, 22 Sep 2023 09:54:22: Thread 0: total 3516 instances. 
INFO  @ Fri, 22 Sep 2023 09:54:22: Thread 0: Calculating AATK (1) ...  
INFO  @ Fri, 22 Sep 2023 09:55:04: Thread 0: Calculating NFXL1 (1001) ...  
INFO  @ Fri, 22 Sep 2023 09:55:43: Thread 0: Calculating MLL1 (2001) ...  
INFO  @ Fri, 22 Sep 2023 09:56:21: Thread 0: Calculating RNF146 (3001) ...  
INFO  @ Fri, 22 Sep 2023 09:56:41: Thread 0 completed. 
INFO  @ Fri, 22 Sep 2023 09:56:41: All threads completed. 
INFO  @ Fri, 22 Sep 2023 09:56:44: Assigning p values... 
INFO  @ Fri, 22 Sep 2023 09:56:44: Permuting groups of gene with 33 sgRNAs per gene. Group progress: 32/41 
INFO  @ Fri, 22 Sep 2023 09:56:44: Start permuting 2 rounds ... 
INFO  @ Fri, 22 Sep 2023 09:56:44: Collecting 26156 sgRNAs from 3516 genes. 
INFO  @ Fri, 22 Sep 2023 09:56:45: Permuting round 0 ... 
INFO  @ Fri, 22 Sep 2023 09:56:46: Thread 0 started. 
INFO  @ Fri, 22 Sep 2023 09:56:46: Thread 0: total 3516 instances. 
INFO  @ Fri, 22 Sep 2023 09:56:46: Thread 0: Calculating AATK (1) ...  
INFO  @ Fri, 22 Sep 2023 09:57:28: Thread 0: Calculating NFXL1 (1001) ...  
INFO  @ Fri, 22 Sep 2023 09:58:08: Thread 0: Calculating MLL1 (2001) ...  
INFO  @ Fri, 22 Sep 2023 09:58:55: Thread 0: Calculating RNF146 (3001) ...  
INFO  @ Fri, 22 Sep 2023 09:59:17: Thread 0 completed. 
INFO  @ Fri, 22 Sep 2023 09:59:17: All threads completed. 
INFO  @ Fri, 22 Sep 2023 09:59:20: Permuting round 1 ... 
INFO  @ Fri, 22 Sep 2023 09:59:21: Thread 0 started. 
INFO  @ Fri, 22 Sep 2023 09:59:21: Thread 0: total 3516 instances. 
INFO  @ Fri, 22 Sep 2023 09:59:21: Thread 0: Calculating AATK (1) ...  
INFO  @ Fri, 22 Sep 2023 10:00:10: Thread 0: Calculating NFXL1 (1001) ...  
INFO  @ Fri, 22 Sep 2023 10:00:54: Thread 0: Calculating MLL1 (2001) ...  
INFO  @ Fri, 22 Sep 2023 10:01:34: Thread 0: Calculating RNF146 (3001) ...  
INFO  @ Fri, 22 Sep 2023 10:01:53: Thread 0 completed. 
INFO  @ Fri, 22 Sep 2023 10:01:53: All threads completed. 
INFO  @ Fri, 22 Sep 2023 10:01:55: Assigning p values... 
INFO  @ Fri, 22 Sep 2023 10:01:55: Permuting groups of gene with 34 sgRNAs per gene. Group progress: 33/41 
INFO  @ Fri, 22 Sep 2023 10:01:55: Start permuting 2 rounds ... 
INFO  @ Fri, 22 Sep 2023 10:01:56: Collecting 26156 sgRNAs from 3516 genes. 
INFO  @ Fri, 22 Sep 2023 10:01:57: Permuting round 0 ... 
INFO  @ Fri, 22 Sep 2023 10:01:58: Thread 0 started. 
INFO  @ Fri, 22 Sep 2023 10:01:58: Thread 0: total 3516 instances. 
INFO  @ Fri, 22 Sep 2023 10:01:58: Thread 0: Calculating AATK (1) ...  
INFO  @ Fri, 22 Sep 2023 10:02:51: Thread 0: Calculating NFXL1 (1001) ...  
INFO  @ Fri, 22 Sep 2023 10:03:41: Thread 0: Calculating MLL1 (2001) ...  
INFO  @ Fri, 22 Sep 2023 10:04:33: Thread 0: Calculating RNF146 (3001) ...  
INFO  @ Fri, 22 Sep 2023 10:04:58: Thread 0 completed. 
INFO  @ Fri, 22 Sep 2023 10:04:58: All threads completed. 
INFO  @ Fri, 22 Sep 2023 10:05:03: Permuting round 1 ... 
INFO  @ Fri, 22 Sep 2023 10:05:04: Thread 0 started. 
INFO  @ Fri, 22 Sep 2023 10:05:04: Thread 0: total 3516 instances. 
INFO  @ Fri, 22 Sep 2023 10:05:04: Thread 0: Calculating AATK (1) ...  
INFO  @ Fri, 22 Sep 2023 10:06:04: Thread 0: Calculating NFXL1 (1001) ...  
INFO  @ Fri, 22 Sep 2023 10:07:00: Thread 0: Calculating MLL1 (2001) ...  
INFO  @ Fri, 22 Sep 2023 10:07:56: Thread 0: Calculating RNF146 (3001) ...  
INFO  @ Fri, 22 Sep 2023 10:08:26: Thread 0 completed. 
INFO  @ Fri, 22 Sep 2023 10:08:26: All threads completed. 
INFO  @ Fri, 22 Sep 2023 10:08:30: Assigning p values... 
INFO  @ Fri, 22 Sep 2023 10:08:30: Permuting groups of gene with 37 sgRNAs per gene. Group progress: 34/41 
INFO  @ Fri, 22 Sep 2023 10:08:31: Start permuting 2 rounds ... 
INFO  @ Fri, 22 Sep 2023 10:08:31: Collecting 26156 sgRNAs from 3516 genes. 
INFO  @ Fri, 22 Sep 2023 10:08:32: Permuting round 0 ... 
INFO  @ Fri, 22 Sep 2023 10:08:33: Thread 0 started. 
INFO  @ Fri, 22 Sep 2023 10:08:33: Thread 0: total 3516 instances. 
INFO  @ Fri, 22 Sep 2023 10:08:34: Thread 0: Calculating AATK (1) ...  
INFO  @ Fri, 22 Sep 2023 10:09:22: Thread 0: Calculating NFXL1 (1001) ...  
INFO  @ Fri, 22 Sep 2023 10:10:05: Thread 0: Calculating MLL1 (2001) ...  
INFO  @ Fri, 22 Sep 2023 10:10:52: Thread 0: Calculating RNF146 (3001) ...  
INFO  @ Fri, 22 Sep 2023 10:11:14: Thread 0 completed. 
INFO  @ Fri, 22 Sep 2023 10:11:14: All threads completed. 
INFO  @ Fri, 22 Sep 2023 10:11:17: Permuting round 1 ... 
INFO  @ Fri, 22 Sep 2023 10:11:18: Thread 0 started. 
INFO  @ Fri, 22 Sep 2023 10:11:18: Thread 0: total 3516 instances. 
INFO  @ Fri, 22 Sep 2023 10:11:18: Thread 0: Calculating AATK (1) ...  
INFO  @ Fri, 22 Sep 2023 10:11:54: Thread 0: Calculating NFXL1 (1001) ...  
INFO  @ Fri, 22 Sep 2023 10:12:28: Thread 0: Calculating MLL1 (2001) ...  
INFO  @ Fri, 22 Sep 2023 10:13:02: Thread 0: Calculating RNF146 (3001) ...  
INFO  @ Fri, 22 Sep 2023 10:13:20: Thread 0 completed. 
INFO  @ Fri, 22 Sep 2023 10:13:20: All threads completed. 
INFO  @ Fri, 22 Sep 2023 10:13:22: Assigning p values... 
INFO  @ Fri, 22 Sep 2023 10:13:22: Groups of gene with 42 sgRNAs per gene: assigning p values based on previous group results. Group progress: 35/41 
INFO  @ Fri, 22 Sep 2023 10:13:22: Groups of gene with 46 sgRNAs per gene: assigning p values based on previous group results. Group progress: 36/41 
INFO  @ Fri, 22 Sep 2023 10:13:22: Groups of gene with 47 sgRNAs per gene: assigning p values based on previous group results. Group progress: 37/41 
INFO  @ Fri, 22 Sep 2023 10:13:22: Groups of gene with 48 sgRNAs per gene: assigning p values based on previous group results. Group progress: 38/41 
INFO  @ Fri, 22 Sep 2023 10:13:22: Groups of gene with 49 sgRNAs per gene: assigning p values based on previous group results. Group progress: 39/41 
INFO  @ Fri, 22 Sep 2023 10:13:22: Groups of gene with 56 sgRNAs per gene: assigning p values based on previous group results. Group progress: 40/41 
INFO  @ Fri, 22 Sep 2023 10:13:22: Groups of gene with 67 sgRNAs per gene: assigning p values based on previous group results. Group progress: 41/41 
INFO  @ Fri, 22 Sep 2023 10:13:23: Writing gene results to mle_count-Snu1C111.gene_summary.txt 
INFO  @ Fri, 22 Sep 2023 10:13:23: Writing sgRNA results to mle_count-Snu1C111.sgrna_summary.txt 
