INFO  @ Fri, 09 Feb 2024 11:00:29: Parameters: /home/ryan/miniconda3/envs/mageck/bin/mageck mle -k count-DLD1_Ctrl_3.csv -d matrixDLD1__Ctrl_3.txt -n mle_count-DLD1__Ctrl_3 
INFO  @ Fri, 09 Feb 2024 11:00:29: Cannot parse design matrix as a string; try to parse it as a file name ... 
INFO  @ Fri, 09 Feb 2024 11:00:29: Design matrix: 
INFO  @ Fri, 09 Feb 2024 11:00:29: [[1. 0.] 
INFO  @ Fri, 09 Feb 2024 11:00:29:  [1. 1.]] 
INFO  @ Fri, 09 Feb 2024 11:00:29: Beta labels:baseline,Ctrl_3 
INFO  @ Fri, 09 Feb 2024 11:00:29: Included samples:DLD1_Ctrl_3_D0,DLD1_Ctrl_3_D10 
INFO  @ Fri, 09 Feb 2024 11:00:29: Treating count-DLD1_Ctrl_3.csv as csv file ... 
INFO  @ Fri, 09 Feb 2024 11:00:29: Loaded samples:DLD1_Ctrl_3_D0;DLD1_Ctrl_3_D10 
INFO  @ Fri, 09 Feb 2024 11:00:29: Sample index: 0;1 
INFO  @ Fri, 09 Feb 2024 11:00:29: Loaded 3516 genes. 
DEBUG @ Fri, 09 Feb 2024 11:00:29: Initial (total) size factor: 0.9398364782309634 1.0683930559955104 
DEBUG @ Fri, 09 Feb 2024 11:00:30: Median factor: 0.9662482048816758 1.0416377861924224 
INFO  @ Fri, 09 Feb 2024 11:00:30: Final size factor: 0.9662482048816758 1.0416377861924224 
INFO  @ Fri, 09 Feb 2024 11:00:30: size factor: 1.0349307713564728,0.9600266169830262 
INFO  @ Fri, 09 Feb 2024 11:00:30: Thread 0 started. 
INFO  @ Fri, 09 Feb 2024 11:00:30: Thread 0: total 1 instances. 
INFO  @ Fri, 09 Feb 2024 11:00:30: Thread 0 completed. 
INFO  @ Fri, 09 Feb 2024 11:00:30: All threads completed. 
INFO  @ Fri, 09 Feb 2024 11:00:30: Modeling the mean and variance ... 
INFO  @ Fri, 09 Feb 2024 11:00:30: Run the algorithm for the second time ... 
INFO  @ Fri, 09 Feb 2024 11:00:30: Skipping gene NKX2 from MLE calculation since there are too many sgRNAs. To change, revise the --max-sgrnapergene-permutation option. 
INFO  @ Fri, 09 Feb 2024 11:00:30: Skipping gene PBRM1 from MLE calculation since there are too many sgRNAs. To change, revise the --max-sgrnapergene-permutation option. 
INFO  @ Fri, 09 Feb 2024 11:00:30: Skipping gene KDM2A from MLE calculation since there are too many sgRNAs. To change, revise the --max-sgrnapergene-permutation option. 
INFO  @ Fri, 09 Feb 2024 11:00:30: Skipping gene KDM2B from MLE calculation since there are too many sgRNAs. To change, revise the --max-sgrnapergene-permutation option. 
INFO  @ Fri, 09 Feb 2024 11:00:30: Skipping gene KMT2A from MLE calculation since there are too many sgRNAs. To change, revise the --max-sgrnapergene-permutation option. 
INFO  @ Fri, 09 Feb 2024 11:00:30: Skipping gene KMT2B from MLE calculation since there are too many sgRNAs. To change, revise the --max-sgrnapergene-permutation option. 
INFO  @ Fri, 09 Feb 2024 11:00:30: Skipping gene KMT2C from MLE calculation since there are too many sgRNAs. To change, revise the --max-sgrnapergene-permutation option. 
INFO  @ Fri, 09 Feb 2024 11:00:30: Skipping gene KMT2D from MLE calculation since there are too many sgRNAs. To change, revise the --max-sgrnapergene-permutation option. 
INFO  @ Fri, 09 Feb 2024 11:00:30: Skipping gene NSD1 from MLE calculation since there are too many sgRNAs. To change, revise the --max-sgrnapergene-permutation option. 
INFO  @ Fri, 09 Feb 2024 11:00:30: Skipping gene RNF17 from MLE calculation since there are too many sgRNAs. To change, revise the --max-sgrnapergene-permutation option. 
INFO  @ Fri, 09 Feb 2024 11:00:30: Skipping gene TDRD6 from MLE calculation since there are too many sgRNAs. To change, revise the --max-sgrnapergene-permutation option. 
INFO  @ Fri, 09 Feb 2024 11:00:30: Thread 0 started. 
INFO  @ Fri, 09 Feb 2024 11:00:30: Thread 0: total 3505 instances. 
INFO  @ Fri, 09 Feb 2024 11:00:30: Thread 0: Calculating AATK (1) ...  
INFO  @ Fri, 09 Feb 2024 11:00:33: Thread 0: Calculating NFXL1 (1001) ...  
INFO  @ Fri, 09 Feb 2024 11:00:36: Thread 0: Calculating NO66 (2001) ...  
INFO  @ Fri, 09 Feb 2024 11:00:40: Thread 0: Calculating RNF170 (3001) ...  
INFO  @ Fri, 09 Feb 2024 11:00:42: Thread 0 completed. 
INFO  @ Fri, 09 Feb 2024 11:00:42: All threads completed. 
INFO  @ Fri, 09 Feb 2024 11:00:43: Permuting groups of gene with 1 sgRNAs per gene. Group progress: 1/41 
INFO  @ Fri, 09 Feb 2024 11:00:43: Start permuting 2 rounds ... 
INFO  @ Fri, 09 Feb 2024 11:00:43: Collecting 26156 sgRNAs from 3516 genes. 
INFO  @ Fri, 09 Feb 2024 11:00:43: Permuting round 0 ... 
INFO  @ Fri, 09 Feb 2024 11:00:43: Thread 0 started. 
INFO  @ Fri, 09 Feb 2024 11:00:43: Thread 0: total 3516 instances. 
INFO  @ Fri, 09 Feb 2024 11:00:43: Thread 0: Calculating AATK (1) ...  
INFO  @ Fri, 09 Feb 2024 11:00:45: Thread 0: Calculating NFXL1 (1001) ...  
INFO  @ Fri, 09 Feb 2024 11:00:47: Thread 0: Calculating MLL1 (2001) ...  
INFO  @ Fri, 09 Feb 2024 11:00:49: Thread 0: Calculating RNF146 (3001) ...  
INFO  @ Fri, 09 Feb 2024 11:00:50: Thread 0 completed. 
INFO  @ Fri, 09 Feb 2024 11:00:50: All threads completed. 
INFO  @ Fri, 09 Feb 2024 11:00:51: Permuting round 1 ... 
INFO  @ Fri, 09 Feb 2024 11:00:51: Thread 0 started. 
INFO  @ Fri, 09 Feb 2024 11:00:51: Thread 0: total 3516 instances. 
INFO  @ Fri, 09 Feb 2024 11:00:51: Thread 0: Calculating AATK (1) ...  
INFO  @ Fri, 09 Feb 2024 11:00:53: Thread 0: Calculating NFXL1 (1001) ...  
INFO  @ Fri, 09 Feb 2024 11:00:55: Thread 0: Calculating MLL1 (2001) ...  
INFO  @ Fri, 09 Feb 2024 11:00:57: Thread 0: Calculating RNF146 (3001) ...  
INFO  @ Fri, 09 Feb 2024 11:00:58: Thread 0 completed. 
INFO  @ Fri, 09 Feb 2024 11:00:58: All threads completed. 
INFO  @ Fri, 09 Feb 2024 11:00:59: Assigning p values... 
INFO  @ Fri, 09 Feb 2024 11:00:59: Permuting groups of gene with 2 sgRNAs per gene. Group progress: 2/41 
INFO  @ Fri, 09 Feb 2024 11:00:59: Start permuting 2 rounds ... 
INFO  @ Fri, 09 Feb 2024 11:00:59: Collecting 26156 sgRNAs from 3516 genes. 
INFO  @ Fri, 09 Feb 2024 11:00:59: Permuting round 0 ... 
INFO  @ Fri, 09 Feb 2024 11:00:59: Thread 0 started. 
INFO  @ Fri, 09 Feb 2024 11:00:59: Thread 0: total 3516 instances. 
INFO  @ Fri, 09 Feb 2024 11:00:59: Thread 0: Calculating AATK (1) ...  
INFO  @ Fri, 09 Feb 2024 11:01:03: Thread 0: Calculating NFXL1 (1001) ...  
INFO  @ Fri, 09 Feb 2024 11:01:06: Thread 0: Calculating MLL1 (2001) ...  
INFO  @ Fri, 09 Feb 2024 11:01:09: Thread 0: Calculating RNF146 (3001) ...  
INFO  @ Fri, 09 Feb 2024 11:01:11: Thread 0 completed. 
INFO  @ Fri, 09 Feb 2024 11:01:11: All threads completed. 
INFO  @ Fri, 09 Feb 2024 11:01:12: Permuting round 1 ... 
INFO  @ Fri, 09 Feb 2024 11:01:12: Thread 0 started. 
INFO  @ Fri, 09 Feb 2024 11:01:12: Thread 0: total 3516 instances. 
INFO  @ Fri, 09 Feb 2024 11:01:12: Thread 0: Calculating AATK (1) ...  
INFO  @ Fri, 09 Feb 2024 11:01:16: Thread 0: Calculating NFXL1 (1001) ...  
INFO  @ Fri, 09 Feb 2024 11:01:19: Thread 0: Calculating MLL1 (2001) ...  
INFO  @ Fri, 09 Feb 2024 11:01:22: Thread 0: Calculating RNF146 (3001) ...  
INFO  @ Fri, 09 Feb 2024 11:01:23: Thread 0 completed. 
INFO  @ Fri, 09 Feb 2024 11:01:23: All threads completed. 
INFO  @ Fri, 09 Feb 2024 11:01:24: Assigning p values... 
INFO  @ Fri, 09 Feb 2024 11:01:24: Permuting groups of gene with 3 sgRNAs per gene. Group progress: 3/41 
INFO  @ Fri, 09 Feb 2024 11:01:24: Start permuting 2 rounds ... 
INFO  @ Fri, 09 Feb 2024 11:01:25: Collecting 26156 sgRNAs from 3516 genes. 
INFO  @ Fri, 09 Feb 2024 11:01:25: Permuting round 0 ... 
INFO  @ Fri, 09 Feb 2024 11:01:25: Thread 0 started. 
INFO  @ Fri, 09 Feb 2024 11:01:25: Thread 0: total 3516 instances. 
INFO  @ Fri, 09 Feb 2024 11:01:25: Thread 0: Calculating AATK (1) ...  
INFO  @ Fri, 09 Feb 2024 11:01:28: Thread 0: Calculating NFXL1 (1001) ...  
INFO  @ Fri, 09 Feb 2024 11:01:31: Thread 0: Calculating MLL1 (2001) ...  
INFO  @ Fri, 09 Feb 2024 11:01:35: Thread 0: Calculating RNF146 (3001) ...  
INFO  @ Fri, 09 Feb 2024 11:01:36: Thread 0 completed. 
INFO  @ Fri, 09 Feb 2024 11:01:36: All threads completed. 
INFO  @ Fri, 09 Feb 2024 11:01:37: Permuting round 1 ... 
INFO  @ Fri, 09 Feb 2024 11:01:37: Thread 0 started. 
INFO  @ Fri, 09 Feb 2024 11:01:37: Thread 0: total 3516 instances. 
INFO  @ Fri, 09 Feb 2024 11:01:37: Thread 0: Calculating AATK (1) ...  
INFO  @ Fri, 09 Feb 2024 11:01:41: Thread 0: Calculating NFXL1 (1001) ...  
INFO  @ Fri, 09 Feb 2024 11:01:44: Thread 0: Calculating MLL1 (2001) ...  
INFO  @ Fri, 09 Feb 2024 11:01:48: Thread 0: Calculating RNF146 (3001) ...  
INFO  @ Fri, 09 Feb 2024 11:01:49: Thread 0 completed. 
INFO  @ Fri, 09 Feb 2024 11:01:49: All threads completed. 
INFO  @ Fri, 09 Feb 2024 11:01:50: Assigning p values... 
INFO  @ Fri, 09 Feb 2024 11:01:50: Permuting groups of gene with 4 sgRNAs per gene. Group progress: 4/41 
INFO  @ Fri, 09 Feb 2024 11:01:50: Start permuting 2 rounds ... 
INFO  @ Fri, 09 Feb 2024 11:01:51: Collecting 26156 sgRNAs from 3516 genes. 
INFO  @ Fri, 09 Feb 2024 11:01:51: Permuting round 0 ... 
INFO  @ Fri, 09 Feb 2024 11:01:51: Thread 0 started. 
INFO  @ Fri, 09 Feb 2024 11:01:51: Thread 0: total 3516 instances. 
INFO  @ Fri, 09 Feb 2024 11:01:51: Thread 0: Calculating AATK (1) ...  
INFO  @ Fri, 09 Feb 2024 11:01:54: Thread 0: Calculating NFXL1 (1001) ...  
INFO  @ Fri, 09 Feb 2024 11:01:59: Thread 0: Calculating MLL1 (2001) ...  
INFO  @ Fri, 09 Feb 2024 11:02:03: Thread 0: Calculating RNF146 (3001) ...  
INFO  @ Fri, 09 Feb 2024 11:02:05: Thread 0 completed. 
INFO  @ Fri, 09 Feb 2024 11:02:05: All threads completed. 
INFO  @ Fri, 09 Feb 2024 11:02:06: Permuting round 1 ... 
INFO  @ Fri, 09 Feb 2024 11:02:06: Thread 0 started. 
INFO  @ Fri, 09 Feb 2024 11:02:06: Thread 0: total 3516 instances. 
INFO  @ Fri, 09 Feb 2024 11:02:06: Thread 0: Calculating AATK (1) ...  
INFO  @ Fri, 09 Feb 2024 11:02:10: Thread 0: Calculating NFXL1 (1001) ...  
INFO  @ Fri, 09 Feb 2024 11:02:13: Thread 0: Calculating MLL1 (2001) ...  
INFO  @ Fri, 09 Feb 2024 11:02:17: Thread 0: Calculating RNF146 (3001) ...  
INFO  @ Fri, 09 Feb 2024 11:02:18: Thread 0 completed. 
INFO  @ Fri, 09 Feb 2024 11:02:18: All threads completed. 
INFO  @ Fri, 09 Feb 2024 11:02:19: Assigning p values... 
INFO  @ Fri, 09 Feb 2024 11:02:19: Permuting groups of gene with 5 sgRNAs per gene. Group progress: 5/41 
INFO  @ Fri, 09 Feb 2024 11:02:19: Start permuting 2 rounds ... 
INFO  @ Fri, 09 Feb 2024 11:02:19: Collecting 26156 sgRNAs from 3516 genes. 
INFO  @ Fri, 09 Feb 2024 11:02:20: Permuting round 0 ... 
INFO  @ Fri, 09 Feb 2024 11:02:20: Thread 0 started. 
INFO  @ Fri, 09 Feb 2024 11:02:20: Thread 0: total 3516 instances. 
INFO  @ Fri, 09 Feb 2024 11:02:20: Thread 0: Calculating AATK (1) ...  
INFO  @ Fri, 09 Feb 2024 11:02:24: Thread 0: Calculating NFXL1 (1001) ...  
INFO  @ Fri, 09 Feb 2024 11:02:28: Thread 0: Calculating MLL1 (2001) ...  
INFO  @ Fri, 09 Feb 2024 11:02:32: Thread 0: Calculating RNF146 (3001) ...  
INFO  @ Fri, 09 Feb 2024 11:02:33: Thread 0 completed. 
INFO  @ Fri, 09 Feb 2024 11:02:33: All threads completed. 
INFO  @ Fri, 09 Feb 2024 11:02:35: Permuting round 1 ... 
INFO  @ Fri, 09 Feb 2024 11:02:35: Thread 0 started. 
INFO  @ Fri, 09 Feb 2024 11:02:35: Thread 0: total 3516 instances. 
INFO  @ Fri, 09 Feb 2024 11:02:35: Thread 0: Calculating AATK (1) ...  
INFO  @ Fri, 09 Feb 2024 11:02:38: Thread 0: Calculating NFXL1 (1001) ...  
INFO  @ Fri, 09 Feb 2024 11:02:42: Thread 0: Calculating MLL1 (2001) ...  
INFO  @ Fri, 09 Feb 2024 11:02:46: Thread 0: Calculating RNF146 (3001) ...  
INFO  @ Fri, 09 Feb 2024 11:02:47: Thread 0 completed. 
INFO  @ Fri, 09 Feb 2024 11:02:47: All threads completed. 
INFO  @ Fri, 09 Feb 2024 11:02:49: Assigning p values... 
INFO  @ Fri, 09 Feb 2024 11:02:49: Permuting groups of gene with 6 sgRNAs per gene. Group progress: 6/41 
INFO  @ Fri, 09 Feb 2024 11:02:49: Start permuting 2 rounds ... 
INFO  @ Fri, 09 Feb 2024 11:02:49: Collecting 26156 sgRNAs from 3516 genes. 
INFO  @ Fri, 09 Feb 2024 11:02:49: Permuting round 0 ... 
INFO  @ Fri, 09 Feb 2024 11:02:49: Thread 0 started. 
INFO  @ Fri, 09 Feb 2024 11:02:49: Thread 0: total 3516 instances. 
INFO  @ Fri, 09 Feb 2024 11:02:49: Thread 0: Calculating AATK (1) ...  
INFO  @ Fri, 09 Feb 2024 11:02:53: Thread 0: Calculating NFXL1 (1001) ...  
INFO  @ Fri, 09 Feb 2024 11:02:56: Thread 0: Calculating MLL1 (2001) ...  
INFO  @ Fri, 09 Feb 2024 11:03:00: Thread 0: Calculating RNF146 (3001) ...  
INFO  @ Fri, 09 Feb 2024 11:03:02: Thread 0 completed. 
INFO  @ Fri, 09 Feb 2024 11:03:02: All threads completed. 
INFO  @ Fri, 09 Feb 2024 11:03:03: Permuting round 1 ... 
INFO  @ Fri, 09 Feb 2024 11:03:03: Thread 0 started. 
INFO  @ Fri, 09 Feb 2024 11:03:03: Thread 0: total 3516 instances. 
INFO  @ Fri, 09 Feb 2024 11:03:03: Thread 0: Calculating AATK (1) ...  
INFO  @ Fri, 09 Feb 2024 11:03:07: Thread 0: Calculating NFXL1 (1001) ...  
INFO  @ Fri, 09 Feb 2024 11:03:10: Thread 0: Calculating MLL1 (2001) ...  
INFO  @ Fri, 09 Feb 2024 11:03:14: Thread 0: Calculating RNF146 (3001) ...  
INFO  @ Fri, 09 Feb 2024 11:03:16: Thread 0 completed. 
INFO  @ Fri, 09 Feb 2024 11:03:16: All threads completed. 
INFO  @ Fri, 09 Feb 2024 11:03:17: Assigning p values... 
INFO  @ Fri, 09 Feb 2024 11:03:17: Permuting groups of gene with 7 sgRNAs per gene. Group progress: 7/41 
INFO  @ Fri, 09 Feb 2024 11:03:17: Start permuting 2 rounds ... 
INFO  @ Fri, 09 Feb 2024 11:03:17: Collecting 26156 sgRNAs from 3516 genes. 
INFO  @ Fri, 09 Feb 2024 11:03:18: Permuting round 0 ... 
INFO  @ Fri, 09 Feb 2024 11:03:18: Thread 0 started. 
INFO  @ Fri, 09 Feb 2024 11:03:18: Thread 0: total 3516 instances. 
INFO  @ Fri, 09 Feb 2024 11:03:18: Thread 0: Calculating AATK (1) ...  
INFO  @ Fri, 09 Feb 2024 11:03:21: Thread 0: Calculating NFXL1 (1001) ...  
INFO  @ Fri, 09 Feb 2024 11:03:25: Thread 0: Calculating MLL1 (2001) ...  
INFO  @ Fri, 09 Feb 2024 11:03:29: Thread 0: Calculating RNF146 (3001) ...  
INFO  @ Fri, 09 Feb 2024 11:03:31: Thread 0 completed. 
INFO  @ Fri, 09 Feb 2024 11:03:31: All threads completed. 
INFO  @ Fri, 09 Feb 2024 11:03:31: Permuting round 1 ... 
INFO  @ Fri, 09 Feb 2024 11:03:32: Thread 0 started. 
INFO  @ Fri, 09 Feb 2024 11:03:32: Thread 0: total 3516 instances. 
INFO  @ Fri, 09 Feb 2024 11:03:32: Thread 0: Calculating AATK (1) ...  
INFO  @ Fri, 09 Feb 2024 11:03:35: Thread 0: Calculating NFXL1 (1001) ...  
INFO  @ Fri, 09 Feb 2024 11:03:39: Thread 0: Calculating MLL1 (2001) ...  
INFO  @ Fri, 09 Feb 2024 11:03:43: Thread 0: Calculating RNF146 (3001) ...  
INFO  @ Fri, 09 Feb 2024 11:03:45: Thread 0 completed. 
INFO  @ Fri, 09 Feb 2024 11:03:45: All threads completed. 
INFO  @ Fri, 09 Feb 2024 11:03:46: Assigning p values... 
INFO  @ Fri, 09 Feb 2024 11:03:46: Permuting groups of gene with 8 sgRNAs per gene. Group progress: 8/41 
INFO  @ Fri, 09 Feb 2024 11:03:46: Start permuting 2 rounds ... 
INFO  @ Fri, 09 Feb 2024 11:03:46: Collecting 26156 sgRNAs from 3516 genes. 
INFO  @ Fri, 09 Feb 2024 11:03:46: Permuting round 0 ... 
INFO  @ Fri, 09 Feb 2024 11:03:46: Thread 0 started. 
INFO  @ Fri, 09 Feb 2024 11:03:46: Thread 0: total 3516 instances. 
INFO  @ Fri, 09 Feb 2024 11:03:46: Thread 0: Calculating AATK (1) ...  
INFO  @ Fri, 09 Feb 2024 11:03:50: Thread 0: Calculating NFXL1 (1001) ...  
INFO  @ Fri, 09 Feb 2024 11:03:54: Thread 0: Calculating MLL1 (2001) ...  
INFO  @ Fri, 09 Feb 2024 11:03:58: Thread 0: Calculating RNF146 (3001) ...  
INFO  @ Fri, 09 Feb 2024 11:04:00: Thread 0 completed. 
INFO  @ Fri, 09 Feb 2024 11:04:00: All threads completed. 
INFO  @ Fri, 09 Feb 2024 11:04:01: Permuting round 1 ... 
INFO  @ Fri, 09 Feb 2024 11:04:01: Thread 0 started. 
INFO  @ Fri, 09 Feb 2024 11:04:01: Thread 0: total 3516 instances. 
INFO  @ Fri, 09 Feb 2024 11:04:01: Thread 0: Calculating AATK (1) ...  
INFO  @ Fri, 09 Feb 2024 11:04:05: Thread 0: Calculating NFXL1 (1001) ...  
INFO  @ Fri, 09 Feb 2024 11:04:09: Thread 0: Calculating MLL1 (2001) ...  
INFO  @ Fri, 09 Feb 2024 11:04:12: Thread 0: Calculating RNF146 (3001) ...  
INFO  @ Fri, 09 Feb 2024 11:04:14: Thread 0 completed. 
INFO  @ Fri, 09 Feb 2024 11:04:14: All threads completed. 
INFO  @ Fri, 09 Feb 2024 11:04:16: Assigning p values... 
INFO  @ Fri, 09 Feb 2024 11:04:16: Permuting groups of gene with 9 sgRNAs per gene. Group progress: 9/41 
INFO  @ Fri, 09 Feb 2024 11:04:16: Start permuting 2 rounds ... 
INFO  @ Fri, 09 Feb 2024 11:04:16: Collecting 26156 sgRNAs from 3516 genes. 
INFO  @ Fri, 09 Feb 2024 11:04:16: Permuting round 0 ... 
INFO  @ Fri, 09 Feb 2024 11:04:16: Thread 0 started. 
INFO  @ Fri, 09 Feb 2024 11:04:16: Thread 0: total 3516 instances. 
INFO  @ Fri, 09 Feb 2024 11:04:16: Thread 0: Calculating AATK (1) ...  
INFO  @ Fri, 09 Feb 2024 11:04:20: Thread 0: Calculating NFXL1 (1001) ...  
INFO  @ Fri, 09 Feb 2024 11:04:24: Thread 0: Calculating MLL1 (2001) ...  
INFO  @ Fri, 09 Feb 2024 11:04:28: Thread 0: Calculating RNF146 (3001) ...  
INFO  @ Fri, 09 Feb 2024 11:04:30: Thread 0 completed. 
INFO  @ Fri, 09 Feb 2024 11:04:30: All threads completed. 
INFO  @ Fri, 09 Feb 2024 11:04:31: Permuting round 1 ... 
INFO  @ Fri, 09 Feb 2024 11:04:32: Thread 0 started. 
INFO  @ Fri, 09 Feb 2024 11:04:32: Thread 0: total 3516 instances. 
INFO  @ Fri, 09 Feb 2024 11:04:32: Thread 0: Calculating AATK (1) ...  
INFO  @ Fri, 09 Feb 2024 11:04:36: Thread 0: Calculating NFXL1 (1001) ...  
INFO  @ Fri, 09 Feb 2024 11:04:39: Thread 0: Calculating MLL1 (2001) ...  
INFO  @ Fri, 09 Feb 2024 11:04:43: Thread 0: Calculating RNF146 (3001) ...  
INFO  @ Fri, 09 Feb 2024 11:04:45: Thread 0 completed. 
INFO  @ Fri, 09 Feb 2024 11:04:45: All threads completed. 
INFO  @ Fri, 09 Feb 2024 11:04:46: Assigning p values... 
INFO  @ Fri, 09 Feb 2024 11:04:46: Permuting groups of gene with 10 sgRNAs per gene. Group progress: 10/41 
INFO  @ Fri, 09 Feb 2024 11:04:46: Start permuting 2 rounds ... 
INFO  @ Fri, 09 Feb 2024 11:04:47: Collecting 26156 sgRNAs from 3516 genes. 
INFO  @ Fri, 09 Feb 2024 11:04:47: Permuting round 0 ... 
INFO  @ Fri, 09 Feb 2024 11:04:47: Thread 0 started. 
INFO  @ Fri, 09 Feb 2024 11:04:47: Thread 0: total 3516 instances. 
INFO  @ Fri, 09 Feb 2024 11:04:47: Thread 0: Calculating AATK (1) ...  
INFO  @ Fri, 09 Feb 2024 11:04:51: Thread 0: Calculating NFXL1 (1001) ...  
INFO  @ Fri, 09 Feb 2024 11:04:55: Thread 0: Calculating MLL1 (2001) ...  
INFO  @ Fri, 09 Feb 2024 11:04:59: Thread 0: Calculating RNF146 (3001) ...  
INFO  @ Fri, 09 Feb 2024 11:05:01: Thread 0 completed. 
INFO  @ Fri, 09 Feb 2024 11:05:01: All threads completed. 
INFO  @ Fri, 09 Feb 2024 11:05:02: Permuting round 1 ... 
INFO  @ Fri, 09 Feb 2024 11:05:02: Thread 0 started. 
INFO  @ Fri, 09 Feb 2024 11:05:02: Thread 0: total 3516 instances. 
INFO  @ Fri, 09 Feb 2024 11:05:02: Thread 0: Calculating AATK (1) ...  
INFO  @ Fri, 09 Feb 2024 11:05:06: Thread 0: Calculating NFXL1 (1001) ...  
INFO  @ Fri, 09 Feb 2024 11:05:10: Thread 0: Calculating MLL1 (2001) ...  
INFO  @ Fri, 09 Feb 2024 11:05:14: Thread 0: Calculating RNF146 (3001) ...  
INFO  @ Fri, 09 Feb 2024 11:05:16: Thread 0 completed. 
INFO  @ Fri, 09 Feb 2024 11:05:16: All threads completed. 
INFO  @ Fri, 09 Feb 2024 11:05:17: Assigning p values... 
INFO  @ Fri, 09 Feb 2024 11:05:17: Permuting groups of gene with 11 sgRNAs per gene. Group progress: 11/41 
INFO  @ Fri, 09 Feb 2024 11:05:17: Start permuting 2 rounds ... 
INFO  @ Fri, 09 Feb 2024 11:05:17: Collecting 26156 sgRNAs from 3516 genes. 
INFO  @ Fri, 09 Feb 2024 11:05:18: Permuting round 0 ... 
INFO  @ Fri, 09 Feb 2024 11:05:18: Thread 0 started. 
INFO  @ Fri, 09 Feb 2024 11:05:18: Thread 0: total 3516 instances. 
INFO  @ Fri, 09 Feb 2024 11:05:18: Thread 0: Calculating AATK (1) ...  
INFO  @ Fri, 09 Feb 2024 11:05:22: Thread 0: Calculating NFXL1 (1001) ...  
INFO  @ Fri, 09 Feb 2024 11:05:26: Thread 0: Calculating MLL1 (2001) ...  
INFO  @ Fri, 09 Feb 2024 11:05:31: Thread 0: Calculating RNF146 (3001) ...  
INFO  @ Fri, 09 Feb 2024 11:05:33: Thread 0 completed. 
INFO  @ Fri, 09 Feb 2024 11:05:33: All threads completed. 
INFO  @ Fri, 09 Feb 2024 11:05:34: Permuting round 1 ... 
INFO  @ Fri, 09 Feb 2024 11:05:34: Thread 0 started. 
INFO  @ Fri, 09 Feb 2024 11:05:34: Thread 0: total 3516 instances. 
INFO  @ Fri, 09 Feb 2024 11:05:34: Thread 0: Calculating AATK (1) ...  
INFO  @ Fri, 09 Feb 2024 11:05:39: Thread 0: Calculating NFXL1 (1001) ...  
INFO  @ Fri, 09 Feb 2024 11:05:44: Thread 0: Calculating MLL1 (2001) ...  
INFO  @ Fri, 09 Feb 2024 11:05:48: Thread 0: Calculating RNF146 (3001) ...  
INFO  @ Fri, 09 Feb 2024 11:05:50: Thread 0 completed. 
INFO  @ Fri, 09 Feb 2024 11:05:50: All threads completed. 
INFO  @ Fri, 09 Feb 2024 11:05:51: Assigning p values... 
INFO  @ Fri, 09 Feb 2024 11:05:51: Permuting groups of gene with 12 sgRNAs per gene. Group progress: 12/41 
INFO  @ Fri, 09 Feb 2024 11:05:51: Start permuting 2 rounds ... 
INFO  @ Fri, 09 Feb 2024 11:05:51: Collecting 26156 sgRNAs from 3516 genes. 
INFO  @ Fri, 09 Feb 2024 11:05:51: Permuting round 0 ... 
INFO  @ Fri, 09 Feb 2024 11:05:52: Thread 0 started. 
INFO  @ Fri, 09 Feb 2024 11:05:52: Thread 0: total 3516 instances. 
INFO  @ Fri, 09 Feb 2024 11:05:52: Thread 0: Calculating AATK (1) ...  
INFO  @ Fri, 09 Feb 2024 11:05:56: Thread 0: Calculating NFXL1 (1001) ...  
INFO  @ Fri, 09 Feb 2024 11:06:00: Thread 0: Calculating MLL1 (2001) ...  
INFO  @ Fri, 09 Feb 2024 11:06:05: Thread 0: Calculating RNF146 (3001) ...  
INFO  @ Fri, 09 Feb 2024 11:06:07: Thread 0 completed. 
INFO  @ Fri, 09 Feb 2024 11:06:07: All threads completed. 
INFO  @ Fri, 09 Feb 2024 11:06:08: Permuting round 1 ... 
INFO  @ Fri, 09 Feb 2024 11:06:08: Thread 0 started. 
INFO  @ Fri, 09 Feb 2024 11:06:08: Thread 0: total 3516 instances. 
INFO  @ Fri, 09 Feb 2024 11:06:08: Thread 0: Calculating AATK (1) ...  
INFO  @ Fri, 09 Feb 2024 11:06:12: Thread 0: Calculating NFXL1 (1001) ...  
INFO  @ Fri, 09 Feb 2024 11:06:16: Thread 0: Calculating MLL1 (2001) ...  
INFO  @ Fri, 09 Feb 2024 11:06:20: Thread 0: Calculating RNF146 (3001) ...  
INFO  @ Fri, 09 Feb 2024 11:06:23: Thread 0 completed. 
INFO  @ Fri, 09 Feb 2024 11:06:23: All threads completed. 
INFO  @ Fri, 09 Feb 2024 11:06:24: Assigning p values... 
INFO  @ Fri, 09 Feb 2024 11:06:24: Permuting groups of gene with 13 sgRNAs per gene. Group progress: 13/41 
INFO  @ Fri, 09 Feb 2024 11:06:24: Start permuting 2 rounds ... 
INFO  @ Fri, 09 Feb 2024 11:06:24: Collecting 26156 sgRNAs from 3516 genes. 
INFO  @ Fri, 09 Feb 2024 11:06:24: Permuting round 0 ... 
INFO  @ Fri, 09 Feb 2024 11:06:24: Thread 0 started. 
INFO  @ Fri, 09 Feb 2024 11:06:24: Thread 0: total 3516 instances. 
INFO  @ Fri, 09 Feb 2024 11:06:24: Thread 0: Calculating AATK (1) ...  
INFO  @ Fri, 09 Feb 2024 11:06:28: Thread 0: Calculating NFXL1 (1001) ...  
INFO  @ Fri, 09 Feb 2024 11:06:33: Thread 0: Calculating MLL1 (2001) ...  
INFO  @ Fri, 09 Feb 2024 11:06:37: Thread 0: Calculating RNF146 (3001) ...  
INFO  @ Fri, 09 Feb 2024 11:06:40: Thread 0 completed. 
INFO  @ Fri, 09 Feb 2024 11:06:40: All threads completed. 
INFO  @ Fri, 09 Feb 2024 11:06:41: Permuting round 1 ... 
INFO  @ Fri, 09 Feb 2024 11:06:41: Thread 0 started. 
INFO  @ Fri, 09 Feb 2024 11:06:41: Thread 0: total 3516 instances. 
INFO  @ Fri, 09 Feb 2024 11:06:41: Thread 0: Calculating AATK (1) ...  
INFO  @ Fri, 09 Feb 2024 11:06:45: Thread 0: Calculating NFXL1 (1001) ...  
INFO  @ Fri, 09 Feb 2024 11:06:50: Thread 0: Calculating MLL1 (2001) ...  
INFO  @ Fri, 09 Feb 2024 11:06:54: Thread 0: Calculating RNF146 (3001) ...  
INFO  @ Fri, 09 Feb 2024 11:06:56: Thread 0 completed. 
INFO  @ Fri, 09 Feb 2024 11:06:56: All threads completed. 
INFO  @ Fri, 09 Feb 2024 11:06:58: Assigning p values... 
INFO  @ Fri, 09 Feb 2024 11:06:58: Permuting groups of gene with 14 sgRNAs per gene. Group progress: 14/41 
INFO  @ Fri, 09 Feb 2024 11:06:58: Start permuting 2 rounds ... 
INFO  @ Fri, 09 Feb 2024 11:06:58: Collecting 26156 sgRNAs from 3516 genes. 
INFO  @ Fri, 09 Feb 2024 11:06:58: Permuting round 0 ... 
INFO  @ Fri, 09 Feb 2024 11:06:58: Thread 0 started. 
INFO  @ Fri, 09 Feb 2024 11:06:58: Thread 0: total 3516 instances. 
INFO  @ Fri, 09 Feb 2024 11:06:58: Thread 0: Calculating AATK (1) ...  
INFO  @ Fri, 09 Feb 2024 11:07:02: Thread 0: Calculating NFXL1 (1001) ...  
INFO  @ Fri, 09 Feb 2024 11:07:07: Thread 0: Calculating MLL1 (2001) ...  
INFO  @ Fri, 09 Feb 2024 11:07:11: Thread 0: Calculating RNF146 (3001) ...  
INFO  @ Fri, 09 Feb 2024 11:07:14: Thread 0 completed. 
INFO  @ Fri, 09 Feb 2024 11:07:14: All threads completed. 
INFO  @ Fri, 09 Feb 2024 11:07:15: Permuting round 1 ... 
INFO  @ Fri, 09 Feb 2024 11:07:15: Thread 0 started. 
INFO  @ Fri, 09 Feb 2024 11:07:15: Thread 0: total 3516 instances. 
INFO  @ Fri, 09 Feb 2024 11:07:15: Thread 0: Calculating AATK (1) ...  
INFO  @ Fri, 09 Feb 2024 11:07:19: Thread 0: Calculating NFXL1 (1001) ...  
INFO  @ Fri, 09 Feb 2024 11:07:23: Thread 0: Calculating MLL1 (2001) ...  
INFO  @ Fri, 09 Feb 2024 11:07:28: Thread 0: Calculating RNF146 (3001) ...  
INFO  @ Fri, 09 Feb 2024 11:07:30: Thread 0 completed. 
INFO  @ Fri, 09 Feb 2024 11:07:30: All threads completed. 
INFO  @ Fri, 09 Feb 2024 11:07:31: Assigning p values... 
INFO  @ Fri, 09 Feb 2024 11:07:31: Permuting groups of gene with 15 sgRNAs per gene. Group progress: 15/41 
INFO  @ Fri, 09 Feb 2024 11:07:31: Start permuting 2 rounds ... 
INFO  @ Fri, 09 Feb 2024 11:07:31: Collecting 26156 sgRNAs from 3516 genes. 
INFO  @ Fri, 09 Feb 2024 11:07:32: Permuting round 0 ... 
INFO  @ Fri, 09 Feb 2024 11:07:32: Thread 0 started. 
INFO  @ Fri, 09 Feb 2024 11:07:32: Thread 0: total 3516 instances. 
INFO  @ Fri, 09 Feb 2024 11:07:32: Thread 0: Calculating AATK (1) ...  
INFO  @ Fri, 09 Feb 2024 11:07:37: Thread 0: Calculating NFXL1 (1001) ...  
INFO  @ Fri, 09 Feb 2024 11:07:41: Thread 0: Calculating MLL1 (2001) ...  
INFO  @ Fri, 09 Feb 2024 11:07:46: Thread 0: Calculating RNF146 (3001) ...  
INFO  @ Fri, 09 Feb 2024 11:07:48: Thread 0 completed. 
INFO  @ Fri, 09 Feb 2024 11:07:48: All threads completed. 
INFO  @ Fri, 09 Feb 2024 11:07:49: Permuting round 1 ... 
INFO  @ Fri, 09 Feb 2024 11:07:49: Thread 0 started. 
INFO  @ Fri, 09 Feb 2024 11:07:49: Thread 0: total 3516 instances. 
INFO  @ Fri, 09 Feb 2024 11:07:50: Thread 0: Calculating AATK (1) ...  
INFO  @ Fri, 09 Feb 2024 11:07:54: Thread 0: Calculating NFXL1 (1001) ...  
INFO  @ Fri, 09 Feb 2024 11:07:58: Thread 0: Calculating MLL1 (2001) ...  
INFO  @ Fri, 09 Feb 2024 11:08:02: Thread 0: Calculating RNF146 (3001) ...  
INFO  @ Fri, 09 Feb 2024 11:08:05: Thread 0 completed. 
INFO  @ Fri, 09 Feb 2024 11:08:05: All threads completed. 
INFO  @ Fri, 09 Feb 2024 11:08:06: Assigning p values... 
INFO  @ Fri, 09 Feb 2024 11:08:06: Permuting groups of gene with 16 sgRNAs per gene. Group progress: 16/41 
INFO  @ Fri, 09 Feb 2024 11:08:06: Start permuting 2 rounds ... 
INFO  @ Fri, 09 Feb 2024 11:08:06: Collecting 26156 sgRNAs from 3516 genes. 
INFO  @ Fri, 09 Feb 2024 11:08:06: Permuting round 0 ... 
INFO  @ Fri, 09 Feb 2024 11:08:06: Thread 0 started. 
INFO  @ Fri, 09 Feb 2024 11:08:06: Thread 0: total 3516 instances. 
INFO  @ Fri, 09 Feb 2024 11:08:06: Thread 0: Calculating AATK (1) ...  
INFO  @ Fri, 09 Feb 2024 11:08:11: Thread 0: Calculating NFXL1 (1001) ...  
INFO  @ Fri, 09 Feb 2024 11:08:15: Thread 0: Calculating MLL1 (2001) ...  
INFO  @ Fri, 09 Feb 2024 11:08:20: Thread 0: Calculating RNF146 (3001) ...  
INFO  @ Fri, 09 Feb 2024 11:08:22: Thread 0 completed. 
INFO  @ Fri, 09 Feb 2024 11:08:22: All threads completed. 
INFO  @ Fri, 09 Feb 2024 11:08:23: Permuting round 1 ... 
INFO  @ Fri, 09 Feb 2024 11:08:23: Thread 0 started. 
INFO  @ Fri, 09 Feb 2024 11:08:23: Thread 0: total 3516 instances. 
INFO  @ Fri, 09 Feb 2024 11:08:23: Thread 0: Calculating AATK (1) ...  
INFO  @ Fri, 09 Feb 2024 11:08:27: Thread 0: Calculating NFXL1 (1001) ...  
INFO  @ Fri, 09 Feb 2024 11:08:31: Thread 0: Calculating MLL1 (2001) ...  
INFO  @ Fri, 09 Feb 2024 11:08:35: Thread 0: Calculating RNF146 (3001) ...  
INFO  @ Fri, 09 Feb 2024 11:08:37: Thread 0 completed. 
INFO  @ Fri, 09 Feb 2024 11:08:37: All threads completed. 
INFO  @ Fri, 09 Feb 2024 11:08:38: Assigning p values... 
INFO  @ Fri, 09 Feb 2024 11:08:38: Permuting groups of gene with 17 sgRNAs per gene. Group progress: 17/41 
INFO  @ Fri, 09 Feb 2024 11:08:38: Start permuting 2 rounds ... 
INFO  @ Fri, 09 Feb 2024 11:08:38: Collecting 26156 sgRNAs from 3516 genes. 
INFO  @ Fri, 09 Feb 2024 11:08:39: Permuting round 0 ... 
INFO  @ Fri, 09 Feb 2024 11:08:39: Thread 0 started. 
INFO  @ Fri, 09 Feb 2024 11:08:39: Thread 0: total 3516 instances. 
INFO  @ Fri, 09 Feb 2024 11:08:39: Thread 0: Calculating AATK (1) ...  
INFO  @ Fri, 09 Feb 2024 11:08:43: Thread 0: Calculating NFXL1 (1001) ...  
INFO  @ Fri, 09 Feb 2024 11:08:47: Thread 0: Calculating MLL1 (2001) ...  
INFO  @ Fri, 09 Feb 2024 11:08:51: Thread 0: Calculating RNF146 (3001) ...  
INFO  @ Fri, 09 Feb 2024 11:08:53: Thread 0 completed. 
INFO  @ Fri, 09 Feb 2024 11:08:53: All threads completed. 
INFO  @ Fri, 09 Feb 2024 11:08:54: Permuting round 1 ... 
INFO  @ Fri, 09 Feb 2024 11:08:54: Thread 0 started. 
INFO  @ Fri, 09 Feb 2024 11:08:54: Thread 0: total 3516 instances. 
INFO  @ Fri, 09 Feb 2024 11:08:54: Thread 0: Calculating AATK (1) ...  
INFO  @ Fri, 09 Feb 2024 11:08:58: Thread 0: Calculating NFXL1 (1001) ...  
INFO  @ Fri, 09 Feb 2024 11:09:02: Thread 0: Calculating MLL1 (2001) ...  
INFO  @ Fri, 09 Feb 2024 11:09:06: Thread 0: Calculating RNF146 (3001) ...  
INFO  @ Fri, 09 Feb 2024 11:09:08: Thread 0 completed. 
INFO  @ Fri, 09 Feb 2024 11:09:08: All threads completed. 
INFO  @ Fri, 09 Feb 2024 11:09:09: Assigning p values... 
INFO  @ Fri, 09 Feb 2024 11:09:09: Permuting groups of gene with 18 sgRNAs per gene. Group progress: 18/41 
INFO  @ Fri, 09 Feb 2024 11:09:09: Start permuting 2 rounds ... 
INFO  @ Fri, 09 Feb 2024 11:09:09: Collecting 26156 sgRNAs from 3516 genes. 
INFO  @ Fri, 09 Feb 2024 11:09:09: Permuting round 0 ... 
INFO  @ Fri, 09 Feb 2024 11:09:09: Thread 0 started. 
INFO  @ Fri, 09 Feb 2024 11:09:09: Thread 0: total 3516 instances. 
INFO  @ Fri, 09 Feb 2024 11:09:09: Thread 0: Calculating AATK (1) ...  
INFO  @ Fri, 09 Feb 2024 11:09:14: Thread 0: Calculating NFXL1 (1001) ...  
INFO  @ Fri, 09 Feb 2024 11:09:18: Thread 0: Calculating MLL1 (2001) ...  
INFO  @ Fri, 09 Feb 2024 11:09:21: Thread 0: Calculating RNF146 (3001) ...  
INFO  @ Fri, 09 Feb 2024 11:09:24: Thread 0 completed. 
INFO  @ Fri, 09 Feb 2024 11:09:24: All threads completed. 
INFO  @ Fri, 09 Feb 2024 11:09:24: Permuting round 1 ... 
INFO  @ Fri, 09 Feb 2024 11:09:25: Thread 0 started. 
INFO  @ Fri, 09 Feb 2024 11:09:25: Thread 0: total 3516 instances. 
INFO  @ Fri, 09 Feb 2024 11:09:25: Thread 0: Calculating AATK (1) ...  
INFO  @ Fri, 09 Feb 2024 11:09:29: Thread 0: Calculating NFXL1 (1001) ...  
INFO  @ Fri, 09 Feb 2024 11:09:33: Thread 0: Calculating MLL1 (2001) ...  
INFO  @ Fri, 09 Feb 2024 11:09:37: Thread 0: Calculating RNF146 (3001) ...  
INFO  @ Fri, 09 Feb 2024 11:09:39: Thread 0 completed. 
INFO  @ Fri, 09 Feb 2024 11:09:39: All threads completed. 
INFO  @ Fri, 09 Feb 2024 11:09:40: Assigning p values... 
INFO  @ Fri, 09 Feb 2024 11:09:40: Permuting groups of gene with 19 sgRNAs per gene. Group progress: 19/41 
INFO  @ Fri, 09 Feb 2024 11:09:40: Start permuting 2 rounds ... 
INFO  @ Fri, 09 Feb 2024 11:09:40: Collecting 26156 sgRNAs from 3516 genes. 
INFO  @ Fri, 09 Feb 2024 11:09:40: Permuting round 0 ... 
INFO  @ Fri, 09 Feb 2024 11:09:40: Thread 0 started. 
INFO  @ Fri, 09 Feb 2024 11:09:40: Thread 0: total 3516 instances. 
INFO  @ Fri, 09 Feb 2024 11:09:40: Thread 0: Calculating AATK (1) ...  
INFO  @ Fri, 09 Feb 2024 11:09:45: Thread 0: Calculating NFXL1 (1001) ...  
INFO  @ Fri, 09 Feb 2024 11:09:49: Thread 0: Calculating MLL1 (2001) ...  
INFO  @ Fri, 09 Feb 2024 11:09:53: Thread 0: Calculating RNF146 (3001) ...  
INFO  @ Fri, 09 Feb 2024 11:09:55: Thread 0 completed. 
INFO  @ Fri, 09 Feb 2024 11:09:55: All threads completed. 
INFO  @ Fri, 09 Feb 2024 11:09:56: Permuting round 1 ... 
INFO  @ Fri, 09 Feb 2024 11:09:56: Thread 0 started. 
INFO  @ Fri, 09 Feb 2024 11:09:56: Thread 0: total 3516 instances. 
INFO  @ Fri, 09 Feb 2024 11:09:56: Thread 0: Calculating AATK (1) ...  
INFO  @ Fri, 09 Feb 2024 11:10:00: Thread 0: Calculating NFXL1 (1001) ...  
INFO  @ Fri, 09 Feb 2024 11:10:04: Thread 0: Calculating MLL1 (2001) ...  
INFO  @ Fri, 09 Feb 2024 11:10:09: Thread 0: Calculating RNF146 (3001) ...  
INFO  @ Fri, 09 Feb 2024 11:10:11: Thread 0 completed. 
INFO  @ Fri, 09 Feb 2024 11:10:11: All threads completed. 
INFO  @ Fri, 09 Feb 2024 11:10:12: Assigning p values... 
INFO  @ Fri, 09 Feb 2024 11:10:12: Permuting groups of gene with 20 sgRNAs per gene. Group progress: 20/41 
INFO  @ Fri, 09 Feb 2024 11:10:12: Start permuting 2 rounds ... 
INFO  @ Fri, 09 Feb 2024 11:10:12: Collecting 26156 sgRNAs from 3516 genes. 
INFO  @ Fri, 09 Feb 2024 11:10:12: Permuting round 0 ... 
INFO  @ Fri, 09 Feb 2024 11:10:12: Thread 0 started. 
INFO  @ Fri, 09 Feb 2024 11:10:12: Thread 0: total 3516 instances. 
INFO  @ Fri, 09 Feb 2024 11:10:12: Thread 0: Calculating AATK (1) ...  
INFO  @ Fri, 09 Feb 2024 11:10:16: Thread 0: Calculating NFXL1 (1001) ...  
INFO  @ Fri, 09 Feb 2024 11:10:21: Thread 0: Calculating MLL1 (2001) ...  
INFO  @ Fri, 09 Feb 2024 11:10:25: Thread 0: Calculating RNF146 (3001) ...  
INFO  @ Fri, 09 Feb 2024 11:10:27: Thread 0 completed. 
INFO  @ Fri, 09 Feb 2024 11:10:27: All threads completed. 
INFO  @ Fri, 09 Feb 2024 11:10:28: Permuting round 1 ... 
INFO  @ Fri, 09 Feb 2024 11:10:28: Thread 0 started. 
INFO  @ Fri, 09 Feb 2024 11:10:28: Thread 0: total 3516 instances. 
INFO  @ Fri, 09 Feb 2024 11:10:28: Thread 0: Calculating AATK (1) ...  
INFO  @ Fri, 09 Feb 2024 11:10:32: Thread 0: Calculating NFXL1 (1001) ...  
INFO  @ Fri, 09 Feb 2024 11:10:36: Thread 0: Calculating MLL1 (2001) ...  
INFO  @ Fri, 09 Feb 2024 11:10:41: Thread 0: Calculating RNF146 (3001) ...  
INFO  @ Fri, 09 Feb 2024 11:10:43: Thread 0 completed. 
INFO  @ Fri, 09 Feb 2024 11:10:43: All threads completed. 
INFO  @ Fri, 09 Feb 2024 11:10:44: Assigning p values... 
INFO  @ Fri, 09 Feb 2024 11:10:44: Permuting groups of gene with 21 sgRNAs per gene. Group progress: 21/41 
INFO  @ Fri, 09 Feb 2024 11:10:44: Start permuting 2 rounds ... 
INFO  @ Fri, 09 Feb 2024 11:10:44: Collecting 26156 sgRNAs from 3516 genes. 
INFO  @ Fri, 09 Feb 2024 11:10:44: Permuting round 0 ... 
INFO  @ Fri, 09 Feb 2024 11:10:44: Thread 0 started. 
INFO  @ Fri, 09 Feb 2024 11:10:44: Thread 0: total 3516 instances. 
INFO  @ Fri, 09 Feb 2024 11:10:44: Thread 0: Calculating AATK (1) ...  
INFO  @ Fri, 09 Feb 2024 11:10:48: Thread 0: Calculating NFXL1 (1001) ...  
INFO  @ Fri, 09 Feb 2024 11:10:53: Thread 0: Calculating MLL1 (2001) ...  
INFO  @ Fri, 09 Feb 2024 11:10:57: Thread 0: Calculating RNF146 (3001) ...  
INFO  @ Fri, 09 Feb 2024 11:10:59: Thread 0 completed. 
INFO  @ Fri, 09 Feb 2024 11:10:59: All threads completed. 
INFO  @ Fri, 09 Feb 2024 11:11:00: Permuting round 1 ... 
INFO  @ Fri, 09 Feb 2024 11:11:00: Thread 0 started. 
INFO  @ Fri, 09 Feb 2024 11:11:00: Thread 0: total 3516 instances. 
INFO  @ Fri, 09 Feb 2024 11:11:00: Thread 0: Calculating AATK (1) ...  
INFO  @ Fri, 09 Feb 2024 11:11:05: Thread 0: Calculating NFXL1 (1001) ...  
INFO  @ Fri, 09 Feb 2024 11:11:09: Thread 0: Calculating MLL1 (2001) ...  
INFO  @ Fri, 09 Feb 2024 11:11:13: Thread 0: Calculating RNF146 (3001) ...  
INFO  @ Fri, 09 Feb 2024 11:11:15: Thread 0 completed. 
INFO  @ Fri, 09 Feb 2024 11:11:15: All threads completed. 
INFO  @ Fri, 09 Feb 2024 11:11:17: Assigning p values... 
INFO  @ Fri, 09 Feb 2024 11:11:17: Permuting groups of gene with 22 sgRNAs per gene. Group progress: 22/41 
INFO  @ Fri, 09 Feb 2024 11:11:17: Start permuting 2 rounds ... 
INFO  @ Fri, 09 Feb 2024 11:11:17: Collecting 26156 sgRNAs from 3516 genes. 
INFO  @ Fri, 09 Feb 2024 11:11:17: Permuting round 0 ... 
INFO  @ Fri, 09 Feb 2024 11:11:17: Thread 0 started. 
INFO  @ Fri, 09 Feb 2024 11:11:17: Thread 0: total 3516 instances. 
INFO  @ Fri, 09 Feb 2024 11:11:17: Thread 0: Calculating AATK (1) ...  
INFO  @ Fri, 09 Feb 2024 11:11:22: Thread 0: Calculating NFXL1 (1001) ...  
INFO  @ Fri, 09 Feb 2024 11:11:26: Thread 0: Calculating MLL1 (2001) ...  
INFO  @ Fri, 09 Feb 2024 11:11:30: Thread 0: Calculating RNF146 (3001) ...  
INFO  @ Fri, 09 Feb 2024 11:11:32: Thread 0 completed. 
INFO  @ Fri, 09 Feb 2024 11:11:32: All threads completed. 
INFO  @ Fri, 09 Feb 2024 11:11:33: Permuting round 1 ... 
INFO  @ Fri, 09 Feb 2024 11:11:33: Thread 0 started. 
INFO  @ Fri, 09 Feb 2024 11:11:33: Thread 0: total 3516 instances. 
INFO  @ Fri, 09 Feb 2024 11:11:33: Thread 0: Calculating AATK (1) ...  
INFO  @ Fri, 09 Feb 2024 11:11:38: Thread 0: Calculating NFXL1 (1001) ...  
INFO  @ Fri, 09 Feb 2024 11:11:42: Thread 0: Calculating MLL1 (2001) ...  
INFO  @ Fri, 09 Feb 2024 11:11:46: Thread 0: Calculating RNF146 (3001) ...  
INFO  @ Fri, 09 Feb 2024 11:11:49: Thread 0 completed. 
INFO  @ Fri, 09 Feb 2024 11:11:49: All threads completed. 
INFO  @ Fri, 09 Feb 2024 11:11:50: Assigning p values... 
INFO  @ Fri, 09 Feb 2024 11:11:50: Permuting groups of gene with 23 sgRNAs per gene. Group progress: 23/41 
INFO  @ Fri, 09 Feb 2024 11:11:50: Start permuting 2 rounds ... 
INFO  @ Fri, 09 Feb 2024 11:11:50: Collecting 26156 sgRNAs from 3516 genes. 
INFO  @ Fri, 09 Feb 2024 11:11:50: Permuting round 0 ... 
INFO  @ Fri, 09 Feb 2024 11:11:50: Thread 0 started. 
INFO  @ Fri, 09 Feb 2024 11:11:50: Thread 0: total 3516 instances. 
INFO  @ Fri, 09 Feb 2024 11:11:50: Thread 0: Calculating AATK (1) ...  
INFO  @ Fri, 09 Feb 2024 11:11:55: Thread 0: Calculating NFXL1 (1001) ...  
INFO  @ Fri, 09 Feb 2024 11:11:59: Thread 0: Calculating MLL1 (2001) ...  
INFO  @ Fri, 09 Feb 2024 11:12:03: Thread 0: Calculating RNF146 (3001) ...  
INFO  @ Fri, 09 Feb 2024 11:12:05: Thread 0 completed. 
INFO  @ Fri, 09 Feb 2024 11:12:05: All threads completed. 
INFO  @ Fri, 09 Feb 2024 11:12:06: Permuting round 1 ... 
INFO  @ Fri, 09 Feb 2024 11:12:06: Thread 0 started. 
INFO  @ Fri, 09 Feb 2024 11:12:06: Thread 0: total 3516 instances. 
INFO  @ Fri, 09 Feb 2024 11:12:06: Thread 0: Calculating AATK (1) ...  
INFO  @ Fri, 09 Feb 2024 11:12:11: Thread 0: Calculating NFXL1 (1001) ...  
INFO  @ Fri, 09 Feb 2024 11:12:15: Thread 0: Calculating MLL1 (2001) ...  
INFO  @ Fri, 09 Feb 2024 11:12:20: Thread 0: Calculating RNF146 (3001) ...  
INFO  @ Fri, 09 Feb 2024 11:12:22: Thread 0 completed. 
INFO  @ Fri, 09 Feb 2024 11:12:22: All threads completed. 
INFO  @ Fri, 09 Feb 2024 11:12:23: Assigning p values... 
INFO  @ Fri, 09 Feb 2024 11:12:23: Permuting groups of gene with 24 sgRNAs per gene. Group progress: 24/41 
INFO  @ Fri, 09 Feb 2024 11:12:23: Start permuting 2 rounds ... 
INFO  @ Fri, 09 Feb 2024 11:12:23: Collecting 26156 sgRNAs from 3516 genes. 
INFO  @ Fri, 09 Feb 2024 11:12:23: Permuting round 0 ... 
INFO  @ Fri, 09 Feb 2024 11:12:24: Thread 0 started. 
INFO  @ Fri, 09 Feb 2024 11:12:24: Thread 0: total 3516 instances. 
INFO  @ Fri, 09 Feb 2024 11:12:24: Thread 0: Calculating AATK (1) ...  
INFO  @ Fri, 09 Feb 2024 11:12:28: Thread 0: Calculating NFXL1 (1001) ...  
INFO  @ Fri, 09 Feb 2024 11:12:32: Thread 0: Calculating MLL1 (2001) ...  
INFO  @ Fri, 09 Feb 2024 11:12:37: Thread 0: Calculating RNF146 (3001) ...  
INFO  @ Fri, 09 Feb 2024 11:12:39: Thread 0 completed. 
INFO  @ Fri, 09 Feb 2024 11:12:39: All threads completed. 
INFO  @ Fri, 09 Feb 2024 11:12:40: Permuting round 1 ... 
INFO  @ Fri, 09 Feb 2024 11:12:40: Thread 0 started. 
INFO  @ Fri, 09 Feb 2024 11:12:40: Thread 0: total 3516 instances. 
INFO  @ Fri, 09 Feb 2024 11:12:40: Thread 0: Calculating AATK (1) ...  
INFO  @ Fri, 09 Feb 2024 11:12:45: Thread 0: Calculating NFXL1 (1001) ...  
INFO  @ Fri, 09 Feb 2024 11:12:49: Thread 0: Calculating MLL1 (2001) ...  
INFO  @ Fri, 09 Feb 2024 11:12:54: Thread 0: Calculating RNF146 (3001) ...  
INFO  @ Fri, 09 Feb 2024 11:12:56: Thread 0 completed. 
INFO  @ Fri, 09 Feb 2024 11:12:56: All threads completed. 
INFO  @ Fri, 09 Feb 2024 11:12:57: Assigning p values... 
INFO  @ Fri, 09 Feb 2024 11:12:57: Permuting groups of gene with 25 sgRNAs per gene. Group progress: 25/41 
INFO  @ Fri, 09 Feb 2024 11:12:57: Start permuting 2 rounds ... 
INFO  @ Fri, 09 Feb 2024 11:12:57: Collecting 26156 sgRNAs from 3516 genes. 
INFO  @ Fri, 09 Feb 2024 11:12:57: Permuting round 0 ... 
INFO  @ Fri, 09 Feb 2024 11:12:57: Thread 0 started. 
INFO  @ Fri, 09 Feb 2024 11:12:57: Thread 0: total 3516 instances. 
INFO  @ Fri, 09 Feb 2024 11:12:57: Thread 0: Calculating AATK (1) ...  
INFO  @ Fri, 09 Feb 2024 11:13:02: Thread 0: Calculating NFXL1 (1001) ...  
INFO  @ Fri, 09 Feb 2024 11:13:07: Thread 0: Calculating MLL1 (2001) ...  
INFO  @ Fri, 09 Feb 2024 11:13:11: Thread 0: Calculating RNF146 (3001) ...  
INFO  @ Fri, 09 Feb 2024 11:13:13: Thread 0 completed. 
INFO  @ Fri, 09 Feb 2024 11:13:13: All threads completed. 
INFO  @ Fri, 09 Feb 2024 11:13:14: Permuting round 1 ... 
INFO  @ Fri, 09 Feb 2024 11:13:15: Thread 0 started. 
INFO  @ Fri, 09 Feb 2024 11:13:15: Thread 0: total 3516 instances. 
INFO  @ Fri, 09 Feb 2024 11:13:15: Thread 0: Calculating AATK (1) ...  
INFO  @ Fri, 09 Feb 2024 11:13:19: Thread 0: Calculating NFXL1 (1001) ...  
INFO  @ Fri, 09 Feb 2024 11:13:24: Thread 0: Calculating MLL1 (2001) ...  
INFO  @ Fri, 09 Feb 2024 11:13:29: Thread 0: Calculating RNF146 (3001) ...  
INFO  @ Fri, 09 Feb 2024 11:13:31: Thread 0 completed. 
INFO  @ Fri, 09 Feb 2024 11:13:31: All threads completed. 
INFO  @ Fri, 09 Feb 2024 11:13:32: Assigning p values... 
INFO  @ Fri, 09 Feb 2024 11:13:32: Permuting groups of gene with 27 sgRNAs per gene. Group progress: 26/41 
INFO  @ Fri, 09 Feb 2024 11:13:32: Start permuting 2 rounds ... 
INFO  @ Fri, 09 Feb 2024 11:13:32: Collecting 26156 sgRNAs from 3516 genes. 
INFO  @ Fri, 09 Feb 2024 11:13:32: Permuting round 0 ... 
INFO  @ Fri, 09 Feb 2024 11:13:32: Thread 0 started. 
INFO  @ Fri, 09 Feb 2024 11:13:32: Thread 0: total 3516 instances. 
INFO  @ Fri, 09 Feb 2024 11:13:32: Thread 0: Calculating AATK (1) ...  
INFO  @ Fri, 09 Feb 2024 11:13:37: Thread 0: Calculating NFXL1 (1001) ...  
INFO  @ Fri, 09 Feb 2024 11:13:42: Thread 0: Calculating MLL1 (2001) ...  
INFO  @ Fri, 09 Feb 2024 11:13:46: Thread 0: Calculating RNF146 (3001) ...  
INFO  @ Fri, 09 Feb 2024 11:13:49: Thread 0 completed. 
INFO  @ Fri, 09 Feb 2024 11:13:49: All threads completed. 
INFO  @ Fri, 09 Feb 2024 11:13:50: Permuting round 1 ... 
INFO  @ Fri, 09 Feb 2024 11:13:50: Thread 0 started. 
INFO  @ Fri, 09 Feb 2024 11:13:50: Thread 0: total 3516 instances. 
INFO  @ Fri, 09 Feb 2024 11:13:50: Thread 0: Calculating AATK (1) ...  
INFO  @ Fri, 09 Feb 2024 11:13:55: Thread 0: Calculating NFXL1 (1001) ...  
INFO  @ Fri, 09 Feb 2024 11:13:59: Thread 0: Calculating MLL1 (2001) ...  
INFO  @ Fri, 09 Feb 2024 11:14:04: Thread 0: Calculating RNF146 (3001) ...  
INFO  @ Fri, 09 Feb 2024 11:14:07: Thread 0 completed. 
INFO  @ Fri, 09 Feb 2024 11:14:07: All threads completed. 
INFO  @ Fri, 09 Feb 2024 11:14:08: Assigning p values... 
INFO  @ Fri, 09 Feb 2024 11:14:08: Permuting groups of gene with 28 sgRNAs per gene. Group progress: 27/41 
INFO  @ Fri, 09 Feb 2024 11:14:08: Start permuting 2 rounds ... 
INFO  @ Fri, 09 Feb 2024 11:14:08: Collecting 26156 sgRNAs from 3516 genes. 
INFO  @ Fri, 09 Feb 2024 11:14:08: Permuting round 0 ... 
INFO  @ Fri, 09 Feb 2024 11:14:08: Thread 0 started. 
INFO  @ Fri, 09 Feb 2024 11:14:08: Thread 0: total 3516 instances. 
INFO  @ Fri, 09 Feb 2024 11:14:08: Thread 0: Calculating AATK (1) ...  
INFO  @ Fri, 09 Feb 2024 11:14:16: Thread 0: Calculating NFXL1 (1001) ...  
INFO  @ Fri, 09 Feb 2024 11:14:23: Thread 0: Calculating MLL1 (2001) ...  
INFO  @ Fri, 09 Feb 2024 11:14:30: Thread 0: Calculating RNF146 (3001) ...  
INFO  @ Fri, 09 Feb 2024 11:14:34: Thread 0 completed. 
INFO  @ Fri, 09 Feb 2024 11:14:34: All threads completed. 
INFO  @ Fri, 09 Feb 2024 11:14:35: Permuting round 1 ... 
INFO  @ Fri, 09 Feb 2024 11:14:35: Thread 0 started. 
INFO  @ Fri, 09 Feb 2024 11:14:35: Thread 0: total 3516 instances. 
INFO  @ Fri, 09 Feb 2024 11:14:35: Thread 0: Calculating AATK (1) ...  
INFO  @ Fri, 09 Feb 2024 11:14:42: Thread 0: Calculating NFXL1 (1001) ...  
INFO  @ Fri, 09 Feb 2024 11:14:51: Thread 0: Calculating MLL1 (2001) ...  
INFO  @ Fri, 09 Feb 2024 11:14:58: Thread 0: Calculating RNF146 (3001) ...  
INFO  @ Fri, 09 Feb 2024 11:15:02: Thread 0 completed. 
INFO  @ Fri, 09 Feb 2024 11:15:02: All threads completed. 
INFO  @ Fri, 09 Feb 2024 11:15:04: Assigning p values... 
INFO  @ Fri, 09 Feb 2024 11:15:04: Permuting groups of gene with 29 sgRNAs per gene. Group progress: 28/41 
INFO  @ Fri, 09 Feb 2024 11:15:04: Start permuting 2 rounds ... 
INFO  @ Fri, 09 Feb 2024 11:15:04: Collecting 26156 sgRNAs from 3516 genes. 
INFO  @ Fri, 09 Feb 2024 11:15:04: Permuting round 0 ... 
INFO  @ Fri, 09 Feb 2024 11:15:05: Thread 0 started. 
INFO  @ Fri, 09 Feb 2024 11:15:05: Thread 0: total 3516 instances. 
INFO  @ Fri, 09 Feb 2024 11:15:05: Thread 0: Calculating AATK (1) ...  
INFO  @ Fri, 09 Feb 2024 11:15:12: Thread 0: Calculating NFXL1 (1001) ...  
INFO  @ Fri, 09 Feb 2024 11:15:19: Thread 0: Calculating MLL1 (2001) ...  
INFO  @ Fri, 09 Feb 2024 11:15:27: Thread 0: Calculating RNF146 (3001) ...  
INFO  @ Fri, 09 Feb 2024 11:15:31: Thread 0 completed. 
INFO  @ Fri, 09 Feb 2024 11:15:31: All threads completed. 
INFO  @ Fri, 09 Feb 2024 11:15:32: Permuting round 1 ... 
INFO  @ Fri, 09 Feb 2024 11:15:32: Thread 0 started. 
INFO  @ Fri, 09 Feb 2024 11:15:32: Thread 0: total 3516 instances. 
INFO  @ Fri, 09 Feb 2024 11:15:32: Thread 0: Calculating AATK (1) ...  
INFO  @ Fri, 09 Feb 2024 11:15:39: Thread 0: Calculating NFXL1 (1001) ...  
INFO  @ Fri, 09 Feb 2024 11:15:46: Thread 0: Calculating MLL1 (2001) ...  
INFO  @ Fri, 09 Feb 2024 11:15:54: Thread 0: Calculating RNF146 (3001) ...  
INFO  @ Fri, 09 Feb 2024 11:15:58: Thread 0 completed. 
INFO  @ Fri, 09 Feb 2024 11:15:58: All threads completed. 
INFO  @ Fri, 09 Feb 2024 11:15:59: Assigning p values... 
INFO  @ Fri, 09 Feb 2024 11:16:00: Permuting groups of gene with 30 sgRNAs per gene. Group progress: 29/41 
INFO  @ Fri, 09 Feb 2024 11:16:00: Start permuting 2 rounds ... 
INFO  @ Fri, 09 Feb 2024 11:16:00: Collecting 26156 sgRNAs from 3516 genes. 
INFO  @ Fri, 09 Feb 2024 11:16:00: Permuting round 0 ... 
INFO  @ Fri, 09 Feb 2024 11:16:01: Thread 0 started. 
INFO  @ Fri, 09 Feb 2024 11:16:01: Thread 0: total 3516 instances. 
INFO  @ Fri, 09 Feb 2024 11:16:01: Thread 0: Calculating AATK (1) ...  
INFO  @ Fri, 09 Feb 2024 11:16:08: Thread 0: Calculating NFXL1 (1001) ...  
INFO  @ Fri, 09 Feb 2024 11:16:15: Thread 0: Calculating MLL1 (2001) ...  
INFO  @ Fri, 09 Feb 2024 11:16:23: Thread 0: Calculating RNF146 (3001) ...  
INFO  @ Fri, 09 Feb 2024 11:16:28: Thread 0 completed. 
INFO  @ Fri, 09 Feb 2024 11:16:28: All threads completed. 
INFO  @ Fri, 09 Feb 2024 11:16:29: Permuting round 1 ... 
INFO  @ Fri, 09 Feb 2024 11:16:29: Thread 0 started. 
INFO  @ Fri, 09 Feb 2024 11:16:29: Thread 0: total 3516 instances. 
INFO  @ Fri, 09 Feb 2024 11:16:29: Thread 0: Calculating AATK (1) ...  
INFO  @ Fri, 09 Feb 2024 11:16:37: Thread 0: Calculating NFXL1 (1001) ...  
INFO  @ Fri, 09 Feb 2024 11:16:44: Thread 0: Calculating MLL1 (2001) ...  
INFO  @ Fri, 09 Feb 2024 11:16:52: Thread 0: Calculating RNF146 (3001) ...  
INFO  @ Fri, 09 Feb 2024 11:16:56: Thread 0 completed. 
INFO  @ Fri, 09 Feb 2024 11:16:56: All threads completed. 
INFO  @ Fri, 09 Feb 2024 11:16:58: Assigning p values... 
INFO  @ Fri, 09 Feb 2024 11:16:58: Permuting groups of gene with 31 sgRNAs per gene. Group progress: 30/41 
INFO  @ Fri, 09 Feb 2024 11:16:58: Start permuting 2 rounds ... 
INFO  @ Fri, 09 Feb 2024 11:16:58: Collecting 26156 sgRNAs from 3516 genes. 
INFO  @ Fri, 09 Feb 2024 11:16:58: Permuting round 0 ... 
INFO  @ Fri, 09 Feb 2024 11:16:58: Thread 0 started. 
INFO  @ Fri, 09 Feb 2024 11:16:58: Thread 0: total 3516 instances. 
INFO  @ Fri, 09 Feb 2024 11:16:58: Thread 0: Calculating AATK (1) ...  
INFO  @ Fri, 09 Feb 2024 11:17:19: Thread 0: Calculating NFXL1 (1001) ...  
INFO  @ Fri, 09 Feb 2024 11:17:39: Thread 0: Calculating MLL1 (2001) ...  
INFO  @ Fri, 09 Feb 2024 11:18:01: Thread 0: Calculating RNF146 (3001) ...  
INFO  @ Fri, 09 Feb 2024 11:18:11: Thread 0 completed. 
INFO  @ Fri, 09 Feb 2024 11:18:11: All threads completed. 
INFO  @ Fri, 09 Feb 2024 11:18:13: Permuting round 1 ... 
INFO  @ Fri, 09 Feb 2024 11:18:13: Thread 0 started. 
INFO  @ Fri, 09 Feb 2024 11:18:13: Thread 0: total 3516 instances. 
INFO  @ Fri, 09 Feb 2024 11:18:13: Thread 0: Calculating AATK (1) ...  
INFO  @ Fri, 09 Feb 2024 11:18:36: Thread 0: Calculating NFXL1 (1001) ...  
INFO  @ Fri, 09 Feb 2024 11:18:58: Thread 0: Calculating MLL1 (2001) ...  
INFO  @ Fri, 09 Feb 2024 11:19:22: Thread 0: Calculating RNF146 (3001) ...  
INFO  @ Fri, 09 Feb 2024 11:19:36: Thread 0 completed. 
INFO  @ Fri, 09 Feb 2024 11:19:36: All threads completed. 
INFO  @ Fri, 09 Feb 2024 11:19:37: Assigning p values... 
INFO  @ Fri, 09 Feb 2024 11:19:37: Permuting groups of gene with 32 sgRNAs per gene. Group progress: 31/41 
INFO  @ Fri, 09 Feb 2024 11:19:37: Start permuting 2 rounds ... 
INFO  @ Fri, 09 Feb 2024 11:19:38: Collecting 26156 sgRNAs from 3516 genes. 
INFO  @ Fri, 09 Feb 2024 11:19:38: Permuting round 0 ... 
INFO  @ Fri, 09 Feb 2024 11:19:39: Thread 0 started. 
INFO  @ Fri, 09 Feb 2024 11:19:39: Thread 0: total 3516 instances. 
INFO  @ Fri, 09 Feb 2024 11:19:39: Thread 0: Calculating AATK (1) ...  
INFO  @ Fri, 09 Feb 2024 11:20:01: Thread 0: Calculating NFXL1 (1001) ...  
INFO  @ Fri, 09 Feb 2024 11:20:24: Thread 0: Calculating MLL1 (2001) ...  
INFO  @ Fri, 09 Feb 2024 11:20:48: Thread 0: Calculating RNF146 (3001) ...  
INFO  @ Fri, 09 Feb 2024 11:21:03: Thread 0 completed. 
INFO  @ Fri, 09 Feb 2024 11:21:03: All threads completed. 
INFO  @ Fri, 09 Feb 2024 11:21:04: Permuting round 1 ... 
INFO  @ Fri, 09 Feb 2024 11:21:05: Thread 0 started. 
INFO  @ Fri, 09 Feb 2024 11:21:05: Thread 0: total 3516 instances. 
INFO  @ Fri, 09 Feb 2024 11:21:05: Thread 0: Calculating AATK (1) ...  
INFO  @ Fri, 09 Feb 2024 11:21:28: Thread 0: Calculating NFXL1 (1001) ...  
INFO  @ Fri, 09 Feb 2024 11:21:49: Thread 0: Calculating MLL1 (2001) ...  
INFO  @ Fri, 09 Feb 2024 11:22:12: Thread 0: Calculating RNF146 (3001) ...  
INFO  @ Fri, 09 Feb 2024 11:22:24: Thread 0 completed. 
INFO  @ Fri, 09 Feb 2024 11:22:24: All threads completed. 
INFO  @ Fri, 09 Feb 2024 11:22:26: Assigning p values... 
INFO  @ Fri, 09 Feb 2024 11:22:26: Permuting groups of gene with 33 sgRNAs per gene. Group progress: 32/41 
INFO  @ Fri, 09 Feb 2024 11:22:26: Start permuting 2 rounds ... 
INFO  @ Fri, 09 Feb 2024 11:22:26: Collecting 26156 sgRNAs from 3516 genes. 
INFO  @ Fri, 09 Feb 2024 11:22:27: Permuting round 0 ... 
INFO  @ Fri, 09 Feb 2024 11:22:27: Thread 0 started. 
INFO  @ Fri, 09 Feb 2024 11:22:27: Thread 0: total 3516 instances. 
INFO  @ Fri, 09 Feb 2024 11:22:27: Thread 0: Calculating AATK (1) ...  
INFO  @ Fri, 09 Feb 2024 11:22:53: Thread 0: Calculating NFXL1 (1001) ...  
INFO  @ Fri, 09 Feb 2024 11:23:18: Thread 0: Calculating MLL1 (2001) ...  
INFO  @ Fri, 09 Feb 2024 11:23:34: Thread 0: Calculating RNF146 (3001) ...  
INFO  @ Fri, 09 Feb 2024 11:23:42: Thread 0 completed. 
INFO  @ Fri, 09 Feb 2024 11:23:42: All threads completed. 
INFO  @ Fri, 09 Feb 2024 11:23:43: Permuting round 1 ... 
INFO  @ Fri, 09 Feb 2024 11:23:43: Thread 0 started. 
INFO  @ Fri, 09 Feb 2024 11:23:43: Thread 0: total 3516 instances. 
INFO  @ Fri, 09 Feb 2024 11:23:43: Thread 0: Calculating AATK (1) ...  
INFO  @ Fri, 09 Feb 2024 11:24:01: Thread 0: Calculating NFXL1 (1001) ...  
INFO  @ Fri, 09 Feb 2024 11:24:18: Thread 0: Calculating MLL1 (2001) ...  
INFO  @ Fri, 09 Feb 2024 11:24:36: Thread 0: Calculating RNF146 (3001) ...  
INFO  @ Fri, 09 Feb 2024 11:24:45: Thread 0 completed. 
INFO  @ Fri, 09 Feb 2024 11:24:45: All threads completed. 
INFO  @ Fri, 09 Feb 2024 11:24:46: Assigning p values... 
INFO  @ Fri, 09 Feb 2024 11:24:46: Permuting groups of gene with 34 sgRNAs per gene. Group progress: 33/41 
INFO  @ Fri, 09 Feb 2024 11:24:46: Start permuting 2 rounds ... 
INFO  @ Fri, 09 Feb 2024 11:24:47: Collecting 26156 sgRNAs from 3516 genes. 
INFO  @ Fri, 09 Feb 2024 11:24:47: Permuting round 0 ... 
INFO  @ Fri, 09 Feb 2024 11:24:47: Thread 0 started. 
INFO  @ Fri, 09 Feb 2024 11:24:47: Thread 0: total 3516 instances. 
INFO  @ Fri, 09 Feb 2024 11:24:48: Thread 0: Calculating AATK (1) ...  
INFO  @ Fri, 09 Feb 2024 11:25:12: Thread 0: Calculating NFXL1 (1001) ...  
INFO  @ Fri, 09 Feb 2024 11:25:36: Thread 0: Calculating MLL1 (2001) ...  
INFO  @ Fri, 09 Feb 2024 11:26:04: Thread 0: Calculating RNF146 (3001) ...  
INFO  @ Fri, 09 Feb 2024 11:26:18: Thread 0 completed. 
INFO  @ Fri, 09 Feb 2024 11:26:18: All threads completed. 
INFO  @ Fri, 09 Feb 2024 11:26:20: Permuting round 1 ... 
INFO  @ Fri, 09 Feb 2024 11:26:21: Thread 0 started. 
INFO  @ Fri, 09 Feb 2024 11:26:21: Thread 0: total 3516 instances. 
INFO  @ Fri, 09 Feb 2024 11:26:21: Thread 0: Calculating AATK (1) ...  
INFO  @ Fri, 09 Feb 2024 11:26:48: Thread 0: Calculating NFXL1 (1001) ...  
INFO  @ Fri, 09 Feb 2024 11:27:08: Thread 0: Calculating MLL1 (2001) ...  
INFO  @ Fri, 09 Feb 2024 11:27:29: Thread 0: Calculating RNF146 (3001) ...  
INFO  @ Fri, 09 Feb 2024 11:27:38: Thread 0 completed. 
INFO  @ Fri, 09 Feb 2024 11:27:38: All threads completed. 
INFO  @ Fri, 09 Feb 2024 11:27:40: Assigning p values... 
INFO  @ Fri, 09 Feb 2024 11:27:40: Permuting groups of gene with 37 sgRNAs per gene. Group progress: 34/41 
INFO  @ Fri, 09 Feb 2024 11:27:40: Start permuting 2 rounds ... 
INFO  @ Fri, 09 Feb 2024 11:27:40: Collecting 26156 sgRNAs from 3516 genes. 
INFO  @ Fri, 09 Feb 2024 11:27:40: Permuting round 0 ... 
INFO  @ Fri, 09 Feb 2024 11:27:41: Thread 0 started. 
INFO  @ Fri, 09 Feb 2024 11:27:41: Thread 0: total 3516 instances. 
INFO  @ Fri, 09 Feb 2024 11:27:41: Thread 0: Calculating AATK (1) ...  
INFO  @ Fri, 09 Feb 2024 11:28:10: Thread 0: Calculating NFXL1 (1001) ...  
INFO  @ Fri, 09 Feb 2024 11:28:31: Thread 0: Calculating MLL1 (2001) ...  
INFO  @ Fri, 09 Feb 2024 11:28:51: Thread 0: Calculating RNF146 (3001) ...  
INFO  @ Fri, 09 Feb 2024 11:29:01: Thread 0 completed. 
INFO  @ Fri, 09 Feb 2024 11:29:01: All threads completed. 
INFO  @ Fri, 09 Feb 2024 11:29:02: Permuting round 1 ... 
INFO  @ Fri, 09 Feb 2024 11:29:03: Thread 0 started. 
INFO  @ Fri, 09 Feb 2024 11:29:03: Thread 0: total 3516 instances. 
INFO  @ Fri, 09 Feb 2024 11:29:03: Thread 0: Calculating AATK (1) ...  
INFO  @ Fri, 09 Feb 2024 11:29:29: Thread 0: Calculating NFXL1 (1001) ...  
INFO  @ Fri, 09 Feb 2024 11:29:49: Thread 0: Calculating MLL1 (2001) ...  
INFO  @ Fri, 09 Feb 2024 11:30:08: Thread 0: Calculating RNF146 (3001) ...  
INFO  @ Fri, 09 Feb 2024 11:30:18: Thread 0 completed. 
INFO  @ Fri, 09 Feb 2024 11:30:18: All threads completed. 
INFO  @ Fri, 09 Feb 2024 11:30:20: Assigning p values... 
INFO  @ Fri, 09 Feb 2024 11:30:20: Groups of gene with 42 sgRNAs per gene: assigning p values based on previous group results. Group progress: 35/41 
INFO  @ Fri, 09 Feb 2024 11:30:20: Groups of gene with 46 sgRNAs per gene: assigning p values based on previous group results. Group progress: 36/41 
INFO  @ Fri, 09 Feb 2024 11:30:20: Groups of gene with 47 sgRNAs per gene: assigning p values based on previous group results. Group progress: 37/41 
INFO  @ Fri, 09 Feb 2024 11:30:20: Groups of gene with 48 sgRNAs per gene: assigning p values based on previous group results. Group progress: 38/41 
INFO  @ Fri, 09 Feb 2024 11:30:20: Groups of gene with 49 sgRNAs per gene: assigning p values based on previous group results. Group progress: 39/41 
INFO  @ Fri, 09 Feb 2024 11:30:20: Groups of gene with 56 sgRNAs per gene: assigning p values based on previous group results. Group progress: 40/41 
INFO  @ Fri, 09 Feb 2024 11:30:20: Groups of gene with 67 sgRNAs per gene: assigning p values based on previous group results. Group progress: 41/41 
INFO  @ Fri, 09 Feb 2024 11:30:20: Writing gene results to mle_count-DLD1__Ctrl_3.gene_summary.txt 
INFO  @ Fri, 09 Feb 2024 11:30:20: Writing sgRNA results to mle_count-DLD1__Ctrl_3.sgrna_summary.txt 
