INFO  @ Mon, 22 May 2023 12:48:15: Parameters: /home/ryan/miniconda3/envs/mageck/bin/mageck mle -k count-A2780-Cont1-i.f.csv -d matrixCont1.txt -n mle_count-A2780-Cont1 
INFO  @ Mon, 22 May 2023 12:48:15: Cannot parse design matrix as a string; try to parse it as a file name ... 
INFO  @ Mon, 22 May 2023 12:48:15: Design matrix: 
INFO  @ Mon, 22 May 2023 12:48:15: [[1. 0.] 
INFO  @ Mon, 22 May 2023 12:48:15:  [1. 1.]] 
INFO  @ Mon, 22 May 2023 12:48:15: Beta labels:baseline,Cont1 
INFO  @ Mon, 22 May 2023 12:48:15: Included samples:A2780_Cont1_D0,A2780_Cont1_D10 
INFO  @ Mon, 22 May 2023 12:48:15: Treating count-A2780-Cont1-i.f.csv as csv file ... 
INFO  @ Mon, 22 May 2023 12:48:15: Loaded samples:A2780_Cont1_D0;A2780_Cont1_D10 
INFO  @ Mon, 22 May 2023 12:48:15: Sample index: 0;1 
INFO  @ Mon, 22 May 2023 12:48:15: Loaded 3516 genes. 
DEBUG @ Mon, 22 May 2023 12:48:15: Initial (total) size factor: 1.0026447705716914 0.9973691454417368 
DEBUG @ Mon, 22 May 2023 12:48:15: Median factor: 0.5936101942578246 1.6956470715329115 
INFO  @ Mon, 22 May 2023 12:48:15: Final size factor: 0.5936101942578246 1.6956470715329115 
INFO  @ Mon, 22 May 2023 12:48:15: size factor: 1.6846071878032252,0.589745364343992 
INFO  @ Mon, 22 May 2023 12:48:15: Thread 0 started. 
INFO  @ Mon, 22 May 2023 12:48:15: Thread 0: total 1 instances. 
INFO  @ Mon, 22 May 2023 12:48:15: Thread 0 completed. 
INFO  @ Mon, 22 May 2023 12:48:15: All threads completed. 
INFO  @ Mon, 22 May 2023 12:48:15: Modeling the mean and variance ... 
INFO  @ Mon, 22 May 2023 12:48:15: Run the algorithm for the second time ... 
INFO  @ Mon, 22 May 2023 12:48:15: Skipping gene NKX2 from MLE calculation since there are too many sgRNAs. To change, revise the --max-sgrnapergene-permutation option. 
INFO  @ Mon, 22 May 2023 12:48:15: Skipping gene PBRM1 from MLE calculation since there are too many sgRNAs. To change, revise the --max-sgrnapergene-permutation option. 
INFO  @ Mon, 22 May 2023 12:48:15: Skipping gene KDM2A from MLE calculation since there are too many sgRNAs. To change, revise the --max-sgrnapergene-permutation option. 
INFO  @ Mon, 22 May 2023 12:48:15: Skipping gene KDM2B from MLE calculation since there are too many sgRNAs. To change, revise the --max-sgrnapergene-permutation option. 
INFO  @ Mon, 22 May 2023 12:48:15: Skipping gene KMT2A from MLE calculation since there are too many sgRNAs. To change, revise the --max-sgrnapergene-permutation option. 
INFO  @ Mon, 22 May 2023 12:48:15: Skipping gene KMT2B from MLE calculation since there are too many sgRNAs. To change, revise the --max-sgrnapergene-permutation option. 
INFO  @ Mon, 22 May 2023 12:48:15: Skipping gene KMT2C from MLE calculation since there are too many sgRNAs. To change, revise the --max-sgrnapergene-permutation option. 
INFO  @ Mon, 22 May 2023 12:48:15: Skipping gene KMT2D from MLE calculation since there are too many sgRNAs. To change, revise the --max-sgrnapergene-permutation option. 
INFO  @ Mon, 22 May 2023 12:48:15: Skipping gene NSD1 from MLE calculation since there are too many sgRNAs. To change, revise the --max-sgrnapergene-permutation option. 
INFO  @ Mon, 22 May 2023 12:48:15: Skipping gene RNF17 from MLE calculation since there are too many sgRNAs. To change, revise the --max-sgrnapergene-permutation option. 
INFO  @ Mon, 22 May 2023 12:48:15: Skipping gene TDRD6 from MLE calculation since there are too many sgRNAs. To change, revise the --max-sgrnapergene-permutation option. 
INFO  @ Mon, 22 May 2023 12:48:15: Thread 0 started. 
INFO  @ Mon, 22 May 2023 12:48:15: Thread 0: total 3505 instances. 
INFO  @ Mon, 22 May 2023 12:48:15: Thread 0: Calculating AATK (1) ...  
INFO  @ Mon, 22 May 2023 12:48:33: Thread 0: Calculating NFXL1 (1001) ...  
INFO  @ Mon, 22 May 2023 12:48:45: Thread 0: Calculating NO66 (2001) ...  
INFO  @ Mon, 22 May 2023 12:48:59: Thread 0: Calculating RNF170 (3001) ...  
INFO  @ Mon, 22 May 2023 12:49:10: Thread 0 completed. 
INFO  @ Mon, 22 May 2023 12:49:10: All threads completed. 
INFO  @ Mon, 22 May 2023 12:49:10: Permuting groups of gene with 1 sgRNAs per gene. Group progress: 1/41 
INFO  @ Mon, 22 May 2023 12:49:10: Start permuting 2 rounds ... 
INFO  @ Mon, 22 May 2023 12:49:10: Collecting 26156 sgRNAs from 3516 genes. 
INFO  @ Mon, 22 May 2023 12:49:11: Permuting round 0 ... 
INFO  @ Mon, 22 May 2023 12:49:11: Thread 0 started. 
INFO  @ Mon, 22 May 2023 12:49:11: Thread 0: total 3516 instances. 
INFO  @ Mon, 22 May 2023 12:49:11: Thread 0: Calculating AATK (1) ...  
INFO  @ Mon, 22 May 2023 12:49:13: Thread 0: Calculating NFXL1 (1001) ...  
INFO  @ Mon, 22 May 2023 12:49:14: Thread 0: Calculating MLL1 (2001) ...  
INFO  @ Mon, 22 May 2023 12:49:16: Thread 0: Calculating RNF146 (3001) ...  
INFO  @ Mon, 22 May 2023 12:49:17: Thread 0 completed. 
INFO  @ Mon, 22 May 2023 12:49:17: All threads completed. 
INFO  @ Mon, 22 May 2023 12:49:18: Permuting round 1 ... 
INFO  @ Mon, 22 May 2023 12:49:18: Thread 0 started. 
INFO  @ Mon, 22 May 2023 12:49:18: Thread 0: total 3516 instances. 
INFO  @ Mon, 22 May 2023 12:49:18: Thread 0: Calculating AATK (1) ...  
INFO  @ Mon, 22 May 2023 12:49:19: Thread 0: Calculating NFXL1 (1001) ...  
INFO  @ Mon, 22 May 2023 12:49:21: Thread 0: Calculating MLL1 (2001) ...  
INFO  @ Mon, 22 May 2023 12:49:23: Thread 0: Calculating RNF146 (3001) ...  
INFO  @ Mon, 22 May 2023 12:49:24: Thread 0 completed. 
INFO  @ Mon, 22 May 2023 12:49:24: All threads completed. 
INFO  @ Mon, 22 May 2023 12:49:24: Assigning p values... 
INFO  @ Mon, 22 May 2023 12:49:24: Permuting groups of gene with 2 sgRNAs per gene. Group progress: 2/41 
INFO  @ Mon, 22 May 2023 12:49:24: Start permuting 2 rounds ... 
INFO  @ Mon, 22 May 2023 12:49:25: Collecting 26156 sgRNAs from 3516 genes. 
INFO  @ Mon, 22 May 2023 12:49:25: Permuting round 0 ... 
INFO  @ Mon, 22 May 2023 12:49:25: Thread 0 started. 
INFO  @ Mon, 22 May 2023 12:49:25: Thread 0: total 3516 instances. 
INFO  @ Mon, 22 May 2023 12:49:25: Thread 0: Calculating AATK (1) ...  
INFO  @ Mon, 22 May 2023 12:49:38: Thread 0: Calculating NFXL1 (1001) ...  
INFO  @ Mon, 22 May 2023 12:49:51: Thread 0: Calculating MLL1 (2001) ...  
INFO  @ Mon, 22 May 2023 12:50:10: Thread 0: Calculating RNF146 (3001) ...  
INFO  @ Mon, 22 May 2023 12:50:19: Thread 0 completed. 
INFO  @ Mon, 22 May 2023 12:50:19: All threads completed. 
INFO  @ Mon, 22 May 2023 12:50:19: Permuting round 1 ... 
INFO  @ Mon, 22 May 2023 12:50:19: Thread 0 started. 
INFO  @ Mon, 22 May 2023 12:50:19: Thread 0: total 3516 instances. 
INFO  @ Mon, 22 May 2023 12:50:19: Thread 0: Calculating AATK (1) ...  
INFO  @ Mon, 22 May 2023 12:50:40: Thread 0: Calculating NFXL1 (1001) ...  
INFO  @ Mon, 22 May 2023 12:50:51: Thread 0: Calculating MLL1 (2001) ...  
INFO  @ Mon, 22 May 2023 12:51:08: Thread 0: Calculating RNF146 (3001) ...  
INFO  @ Mon, 22 May 2023 12:51:16: Thread 0 completed. 
INFO  @ Mon, 22 May 2023 12:51:16: All threads completed. 
INFO  @ Mon, 22 May 2023 12:51:17: Assigning p values... 
INFO  @ Mon, 22 May 2023 12:51:17: Permuting groups of gene with 3 sgRNAs per gene. Group progress: 3/41 
INFO  @ Mon, 22 May 2023 12:51:17: Start permuting 2 rounds ... 
INFO  @ Mon, 22 May 2023 12:51:17: Collecting 26156 sgRNAs from 3516 genes. 
INFO  @ Mon, 22 May 2023 12:51:17: Permuting round 0 ... 
INFO  @ Mon, 22 May 2023 12:51:17: Thread 0 started. 
INFO  @ Mon, 22 May 2023 12:51:17: Thread 0: total 3516 instances. 
INFO  @ Mon, 22 May 2023 12:51:17: Thread 0: Calculating AATK (1) ...  
INFO  @ Mon, 22 May 2023 12:51:35: Thread 0: Calculating NFXL1 (1001) ...  
INFO  @ Mon, 22 May 2023 12:51:53: Thread 0: Calculating MLL1 (2001) ...  
INFO  @ Mon, 22 May 2023 12:52:13: Thread 0: Calculating RNF146 (3001) ...  
INFO  @ Mon, 22 May 2023 12:52:25: Thread 0 completed. 
INFO  @ Mon, 22 May 2023 12:52:25: All threads completed. 
INFO  @ Mon, 22 May 2023 12:52:26: Permuting round 1 ... 
INFO  @ Mon, 22 May 2023 12:52:26: Thread 0 started. 
INFO  @ Mon, 22 May 2023 12:52:26: Thread 0: total 3516 instances. 
INFO  @ Mon, 22 May 2023 12:52:26: Thread 0: Calculating AATK (1) ...  
INFO  @ Mon, 22 May 2023 12:52:43: Thread 0: Calculating NFXL1 (1001) ...  
INFO  @ Mon, 22 May 2023 12:53:02: Thread 0: Calculating MLL1 (2001) ...  
INFO  @ Mon, 22 May 2023 12:53:21: Thread 0: Calculating RNF146 (3001) ...  
INFO  @ Mon, 22 May 2023 12:53:29: Thread 0 completed. 
INFO  @ Mon, 22 May 2023 12:53:29: All threads completed. 
INFO  @ Mon, 22 May 2023 12:53:29: Assigning p values... 
INFO  @ Mon, 22 May 2023 12:53:29: Permuting groups of gene with 4 sgRNAs per gene. Group progress: 4/41 
INFO  @ Mon, 22 May 2023 12:53:29: Start permuting 2 rounds ... 
INFO  @ Mon, 22 May 2023 12:53:30: Collecting 26156 sgRNAs from 3516 genes. 
INFO  @ Mon, 22 May 2023 12:53:30: Permuting round 0 ... 
INFO  @ Mon, 22 May 2023 12:53:30: Thread 0 started. 
INFO  @ Mon, 22 May 2023 12:53:30: Thread 0: total 3516 instances. 
INFO  @ Mon, 22 May 2023 12:53:30: Thread 0: Calculating AATK (1) ...  
INFO  @ Mon, 22 May 2023 12:53:43: Thread 0: Calculating NFXL1 (1001) ...  
INFO  @ Mon, 22 May 2023 12:54:01: Thread 0: Calculating MLL1 (2001) ...  
INFO  @ Mon, 22 May 2023 12:54:19: Thread 0: Calculating RNF146 (3001) ...  
INFO  @ Mon, 22 May 2023 12:54:27: Thread 0 completed. 
INFO  @ Mon, 22 May 2023 12:54:27: All threads completed. 
INFO  @ Mon, 22 May 2023 12:54:28: Permuting round 1 ... 
INFO  @ Mon, 22 May 2023 12:54:28: Thread 0 started. 
INFO  @ Mon, 22 May 2023 12:54:28: Thread 0: total 3516 instances. 
INFO  @ Mon, 22 May 2023 12:54:28: Thread 0: Calculating AATK (1) ...  
INFO  @ Mon, 22 May 2023 12:54:49: Thread 0: Calculating NFXL1 (1001) ...  
INFO  @ Mon, 22 May 2023 12:55:17: Thread 0: Calculating MLL1 (2001) ...  
INFO  @ Mon, 22 May 2023 12:55:37: Thread 0: Calculating RNF146 (3001) ...  
INFO  @ Mon, 22 May 2023 12:55:46: Thread 0 completed. 
INFO  @ Mon, 22 May 2023 12:55:46: All threads completed. 
INFO  @ Mon, 22 May 2023 12:55:46: Assigning p values... 
INFO  @ Mon, 22 May 2023 12:55:46: Permuting groups of gene with 5 sgRNAs per gene. Group progress: 5/41 
INFO  @ Mon, 22 May 2023 12:55:46: Start permuting 2 rounds ... 
INFO  @ Mon, 22 May 2023 12:55:46: Collecting 26156 sgRNAs from 3516 genes. 
INFO  @ Mon, 22 May 2023 12:55:47: Permuting round 0 ... 
INFO  @ Mon, 22 May 2023 12:55:47: Thread 0 started. 
INFO  @ Mon, 22 May 2023 12:55:47: Thread 0: total 3516 instances. 
INFO  @ Mon, 22 May 2023 12:55:47: Thread 0: Calculating AATK (1) ...  
INFO  @ Mon, 22 May 2023 12:56:01: Thread 0: Calculating NFXL1 (1001) ...  
INFO  @ Mon, 22 May 2023 12:56:18: Thread 0: Calculating MLL1 (2001) ...  
INFO  @ Mon, 22 May 2023 12:56:39: Thread 0: Calculating RNF146 (3001) ...  
INFO  @ Mon, 22 May 2023 12:56:45: Thread 0 completed. 
INFO  @ Mon, 22 May 2023 12:56:45: All threads completed. 
INFO  @ Mon, 22 May 2023 12:56:46: Permuting round 1 ... 
INFO  @ Mon, 22 May 2023 12:56:46: Thread 0 started. 
INFO  @ Mon, 22 May 2023 12:56:46: Thread 0: total 3516 instances. 
INFO  @ Mon, 22 May 2023 12:56:46: Thread 0: Calculating AATK (1) ...  
INFO  @ Mon, 22 May 2023 12:57:02: Thread 0: Calculating NFXL1 (1001) ...  
INFO  @ Mon, 22 May 2023 12:57:19: Thread 0: Calculating MLL1 (2001) ...  
INFO  @ Mon, 22 May 2023 12:57:37: Thread 0: Calculating RNF146 (3001) ...  
INFO  @ Mon, 22 May 2023 12:57:46: Thread 0 completed. 
INFO  @ Mon, 22 May 2023 12:57:46: All threads completed. 
INFO  @ Mon, 22 May 2023 12:57:46: Assigning p values... 
INFO  @ Mon, 22 May 2023 12:57:46: Permuting groups of gene with 6 sgRNAs per gene. Group progress: 6/41 
INFO  @ Mon, 22 May 2023 12:57:46: Start permuting 2 rounds ... 
INFO  @ Mon, 22 May 2023 12:57:46: Collecting 26156 sgRNAs from 3516 genes. 
INFO  @ Mon, 22 May 2023 12:57:47: Permuting round 0 ... 
INFO  @ Mon, 22 May 2023 12:57:47: Thread 0 started. 
INFO  @ Mon, 22 May 2023 12:57:47: Thread 0: total 3516 instances. 
INFO  @ Mon, 22 May 2023 12:57:47: Thread 0: Calculating AATK (1) ...  
INFO  @ Mon, 22 May 2023 12:58:09: Thread 0: Calculating NFXL1 (1001) ...  
INFO  @ Mon, 22 May 2023 12:58:26: Thread 0: Calculating MLL1 (2001) ...  
INFO  @ Mon, 22 May 2023 12:58:39: Thread 0: Calculating RNF146 (3001) ...  
INFO  @ Mon, 22 May 2023 12:58:47: Thread 0 completed. 
INFO  @ Mon, 22 May 2023 12:58:47: All threads completed. 
INFO  @ Mon, 22 May 2023 12:58:48: Permuting round 1 ... 
INFO  @ Mon, 22 May 2023 12:58:48: Thread 0 started. 
INFO  @ Mon, 22 May 2023 12:58:48: Thread 0: total 3516 instances. 
INFO  @ Mon, 22 May 2023 12:58:48: Thread 0: Calculating AATK (1) ...  
INFO  @ Mon, 22 May 2023 12:59:06: Thread 0: Calculating NFXL1 (1001) ...  
INFO  @ Mon, 22 May 2023 12:59:25: Thread 0: Calculating MLL1 (2001) ...  
INFO  @ Mon, 22 May 2023 12:59:44: Thread 0: Calculating RNF146 (3001) ...  
INFO  @ Mon, 22 May 2023 12:59:51: Thread 0 completed. 
INFO  @ Mon, 22 May 2023 12:59:51: All threads completed. 
INFO  @ Mon, 22 May 2023 12:59:52: Assigning p values... 
INFO  @ Mon, 22 May 2023 12:59:52: Permuting groups of gene with 7 sgRNAs per gene. Group progress: 7/41 
INFO  @ Mon, 22 May 2023 12:59:52: Start permuting 2 rounds ... 
INFO  @ Mon, 22 May 2023 12:59:52: Collecting 26156 sgRNAs from 3516 genes. 
INFO  @ Mon, 22 May 2023 12:59:52: Permuting round 0 ... 
INFO  @ Mon, 22 May 2023 12:59:52: Thread 0 started. 
INFO  @ Mon, 22 May 2023 12:59:52: Thread 0: total 3516 instances. 
INFO  @ Mon, 22 May 2023 12:59:52: Thread 0: Calculating AATK (1) ...  
INFO  @ Mon, 22 May 2023 13:00:08: Thread 0: Calculating NFXL1 (1001) ...  
INFO  @ Mon, 22 May 2023 13:00:25: Thread 0: Calculating MLL1 (2001) ...  
INFO  @ Mon, 22 May 2023 13:00:41: Thread 0: Calculating RNF146 (3001) ...  
INFO  @ Mon, 22 May 2023 13:00:48: Thread 0 completed. 
INFO  @ Mon, 22 May 2023 13:00:48: All threads completed. 
INFO  @ Mon, 22 May 2023 13:00:49: Permuting round 1 ... 
INFO  @ Mon, 22 May 2023 13:00:49: Thread 0 started. 
INFO  @ Mon, 22 May 2023 13:00:49: Thread 0: total 3516 instances. 
INFO  @ Mon, 22 May 2023 13:00:49: Thread 0: Calculating AATK (1) ...  
INFO  @ Mon, 22 May 2023 13:01:04: Thread 0: Calculating NFXL1 (1001) ...  
INFO  @ Mon, 22 May 2023 13:01:22: Thread 0: Calculating MLL1 (2001) ...  
INFO  @ Mon, 22 May 2023 13:01:40: Thread 0: Calculating RNF146 (3001) ...  
INFO  @ Mon, 22 May 2023 13:01:49: Thread 0 completed. 
INFO  @ Mon, 22 May 2023 13:01:49: All threads completed. 
INFO  @ Mon, 22 May 2023 13:01:49: Assigning p values... 
INFO  @ Mon, 22 May 2023 13:01:49: Permuting groups of gene with 8 sgRNAs per gene. Group progress: 8/41 
INFO  @ Mon, 22 May 2023 13:01:49: Start permuting 2 rounds ... 
INFO  @ Mon, 22 May 2023 13:01:50: Collecting 26156 sgRNAs from 3516 genes. 
INFO  @ Mon, 22 May 2023 13:01:50: Permuting round 0 ... 
INFO  @ Mon, 22 May 2023 13:01:50: Thread 0 started. 
INFO  @ Mon, 22 May 2023 13:01:50: Thread 0: total 3516 instances. 
INFO  @ Mon, 22 May 2023 13:01:50: Thread 0: Calculating AATK (1) ...  
INFO  @ Mon, 22 May 2023 13:02:05: Thread 0: Calculating NFXL1 (1001) ...  
INFO  @ Mon, 22 May 2023 13:02:24: Thread 0: Calculating MLL1 (2001) ...  
INFO  @ Mon, 22 May 2023 13:02:40: Thread 0: Calculating RNF146 (3001) ...  
INFO  @ Mon, 22 May 2023 13:02:46: Thread 0 completed. 
INFO  @ Mon, 22 May 2023 13:02:46: All threads completed. 
INFO  @ Mon, 22 May 2023 13:02:47: Permuting round 1 ... 
INFO  @ Mon, 22 May 2023 13:02:47: Thread 0 started. 
INFO  @ Mon, 22 May 2023 13:02:47: Thread 0: total 3516 instances. 
INFO  @ Mon, 22 May 2023 13:02:47: Thread 0: Calculating AATK (1) ...  
INFO  @ Mon, 22 May 2023 13:03:05: Thread 0: Calculating NFXL1 (1001) ...  
INFO  @ Mon, 22 May 2023 13:03:20: Thread 0: Calculating MLL1 (2001) ...  
INFO  @ Mon, 22 May 2023 13:03:36: Thread 0: Calculating RNF146 (3001) ...  
INFO  @ Mon, 22 May 2023 13:03:45: Thread 0 completed. 
INFO  @ Mon, 22 May 2023 13:03:45: All threads completed. 
INFO  @ Mon, 22 May 2023 13:03:45: Assigning p values... 
INFO  @ Mon, 22 May 2023 13:03:45: Permuting groups of gene with 9 sgRNAs per gene. Group progress: 9/41 
INFO  @ Mon, 22 May 2023 13:03:45: Start permuting 2 rounds ... 
INFO  @ Mon, 22 May 2023 13:03:46: Collecting 26156 sgRNAs from 3516 genes. 
INFO  @ Mon, 22 May 2023 13:03:46: Permuting round 0 ... 
INFO  @ Mon, 22 May 2023 13:03:46: Thread 0 started. 
INFO  @ Mon, 22 May 2023 13:03:46: Thread 0: total 3516 instances. 
INFO  @ Mon, 22 May 2023 13:03:46: Thread 0: Calculating AATK (1) ...  
INFO  @ Mon, 22 May 2023 13:04:01: Thread 0: Calculating NFXL1 (1001) ...  
INFO  @ Mon, 22 May 2023 13:04:21: Thread 0: Calculating MLL1 (2001) ...  
INFO  @ Mon, 22 May 2023 13:04:42: Thread 0: Calculating RNF146 (3001) ...  
INFO  @ Mon, 22 May 2023 13:04:51: Thread 0 completed. 
INFO  @ Mon, 22 May 2023 13:04:51: All threads completed. 
INFO  @ Mon, 22 May 2023 13:04:51: Permuting round 1 ... 
INFO  @ Mon, 22 May 2023 13:04:52: Thread 0 started. 
INFO  @ Mon, 22 May 2023 13:04:52: Thread 0: total 3516 instances. 
INFO  @ Mon, 22 May 2023 13:04:52: Thread 0: Calculating AATK (1) ...  
INFO  @ Mon, 22 May 2023 13:05:07: Thread 0: Calculating NFXL1 (1001) ...  
INFO  @ Mon, 22 May 2023 13:05:28: Thread 0: Calculating MLL1 (2001) ...  
INFO  @ Mon, 22 May 2023 13:05:46: Thread 0: Calculating RNF146 (3001) ...  
INFO  @ Mon, 22 May 2023 13:05:53: Thread 0 completed. 
INFO  @ Mon, 22 May 2023 13:05:53: All threads completed. 
INFO  @ Mon, 22 May 2023 13:05:54: Assigning p values... 
INFO  @ Mon, 22 May 2023 13:05:54: Permuting groups of gene with 10 sgRNAs per gene. Group progress: 10/41 
INFO  @ Mon, 22 May 2023 13:05:54: Start permuting 2 rounds ... 
INFO  @ Mon, 22 May 2023 13:05:54: Collecting 26156 sgRNAs from 3516 genes. 
INFO  @ Mon, 22 May 2023 13:05:54: Permuting round 0 ... 
INFO  @ Mon, 22 May 2023 13:05:55: Thread 0 started. 
INFO  @ Mon, 22 May 2023 13:05:55: Thread 0: total 3516 instances. 
INFO  @ Mon, 22 May 2023 13:05:55: Thread 0: Calculating AATK (1) ...  
INFO  @ Mon, 22 May 2023 13:06:10: Thread 0: Calculating NFXL1 (1001) ...  
INFO  @ Mon, 22 May 2023 13:06:29: Thread 0: Calculating MLL1 (2001) ...  
INFO  @ Mon, 22 May 2023 13:06:49: Thread 0: Calculating RNF146 (3001) ...  
INFO  @ Mon, 22 May 2023 13:07:03: Thread 0 completed. 
INFO  @ Mon, 22 May 2023 13:07:03: All threads completed. 
INFO  @ Mon, 22 May 2023 13:07:04: Permuting round 1 ... 
INFO  @ Mon, 22 May 2023 13:07:04: Thread 0 started. 
INFO  @ Mon, 22 May 2023 13:07:04: Thread 0: total 3516 instances. 
INFO  @ Mon, 22 May 2023 13:07:04: Thread 0: Calculating AATK (1) ...  
INFO  @ Mon, 22 May 2023 13:07:20: Thread 0: Calculating NFXL1 (1001) ...  
INFO  @ Mon, 22 May 2023 13:07:34: Thread 0: Calculating MLL1 (2001) ...  
INFO  @ Mon, 22 May 2023 13:07:54: Thread 0: Calculating RNF146 (3001) ...  
INFO  @ Mon, 22 May 2023 13:08:06: Thread 0 completed. 
INFO  @ Mon, 22 May 2023 13:08:06: All threads completed. 
INFO  @ Mon, 22 May 2023 13:08:07: Assigning p values... 
INFO  @ Mon, 22 May 2023 13:08:07: Permuting groups of gene with 11 sgRNAs per gene. Group progress: 11/41 
INFO  @ Mon, 22 May 2023 13:08:07: Start permuting 2 rounds ... 
INFO  @ Mon, 22 May 2023 13:08:07: Collecting 26156 sgRNAs from 3516 genes. 
INFO  @ Mon, 22 May 2023 13:08:07: Permuting round 0 ... 
INFO  @ Mon, 22 May 2023 13:08:07: Thread 0 started. 
INFO  @ Mon, 22 May 2023 13:08:07: Thread 0: total 3516 instances. 
INFO  @ Mon, 22 May 2023 13:08:07: Thread 0: Calculating AATK (1) ...  
INFO  @ Mon, 22 May 2023 13:08:25: Thread 0: Calculating NFXL1 (1001) ...  
INFO  @ Mon, 22 May 2023 13:08:45: Thread 0: Calculating MLL1 (2001) ...  
INFO  @ Mon, 22 May 2023 13:08:59: Thread 0: Calculating RNF146 (3001) ...  
INFO  @ Mon, 22 May 2023 13:09:11: Thread 0 completed. 
INFO  @ Mon, 22 May 2023 13:09:11: All threads completed. 
INFO  @ Mon, 22 May 2023 13:09:12: Permuting round 1 ... 
INFO  @ Mon, 22 May 2023 13:09:12: Thread 0 started. 
INFO  @ Mon, 22 May 2023 13:09:12: Thread 0: total 3516 instances. 
INFO  @ Mon, 22 May 2023 13:09:12: Thread 0: Calculating AATK (1) ...  
INFO  @ Mon, 22 May 2023 13:09:35: Thread 0: Calculating NFXL1 (1001) ...  
INFO  @ Mon, 22 May 2023 13:09:55: Thread 0: Calculating MLL1 (2001) ...  
INFO  @ Mon, 22 May 2023 13:10:11: Thread 0: Calculating RNF146 (3001) ...  
INFO  @ Mon, 22 May 2023 13:10:20: Thread 0 completed. 
INFO  @ Mon, 22 May 2023 13:10:20: All threads completed. 
INFO  @ Mon, 22 May 2023 13:10:21: Assigning p values... 
INFO  @ Mon, 22 May 2023 13:10:21: Permuting groups of gene with 12 sgRNAs per gene. Group progress: 12/41 
INFO  @ Mon, 22 May 2023 13:10:21: Start permuting 2 rounds ... 
INFO  @ Mon, 22 May 2023 13:10:21: Collecting 26156 sgRNAs from 3516 genes. 
INFO  @ Mon, 22 May 2023 13:10:22: Permuting round 0 ... 
INFO  @ Mon, 22 May 2023 13:10:22: Thread 0 started. 
INFO  @ Mon, 22 May 2023 13:10:22: Thread 0: total 3516 instances. 
INFO  @ Mon, 22 May 2023 13:10:22: Thread 0: Calculating AATK (1) ...  
INFO  @ Mon, 22 May 2023 13:10:41: Thread 0: Calculating NFXL1 (1001) ...  
INFO  @ Mon, 22 May 2023 13:10:57: Thread 0: Calculating MLL1 (2001) ...  
INFO  @ Mon, 22 May 2023 13:11:14: Thread 0: Calculating RNF146 (3001) ...  
INFO  @ Mon, 22 May 2023 13:11:20: Thread 0 completed. 
INFO  @ Mon, 22 May 2023 13:11:20: All threads completed. 
INFO  @ Mon, 22 May 2023 13:11:21: Permuting round 1 ... 
INFO  @ Mon, 22 May 2023 13:11:21: Thread 0 started. 
INFO  @ Mon, 22 May 2023 13:11:21: Thread 0: total 3516 instances. 
INFO  @ Mon, 22 May 2023 13:11:21: Thread 0: Calculating AATK (1) ...  
INFO  @ Mon, 22 May 2023 13:11:40: Thread 0: Calculating NFXL1 (1001) ...  
INFO  @ Mon, 22 May 2023 13:12:01: Thread 0: Calculating MLL1 (2001) ...  
INFO  @ Mon, 22 May 2023 13:12:20: Thread 0: Calculating RNF146 (3001) ...  
INFO  @ Mon, 22 May 2023 13:12:29: Thread 0 completed. 
INFO  @ Mon, 22 May 2023 13:12:29: All threads completed. 
INFO  @ Mon, 22 May 2023 13:12:30: Assigning p values... 
INFO  @ Mon, 22 May 2023 13:12:30: Permuting groups of gene with 13 sgRNAs per gene. Group progress: 13/41 
INFO  @ Mon, 22 May 2023 13:12:30: Start permuting 2 rounds ... 
INFO  @ Mon, 22 May 2023 13:12:30: Collecting 26156 sgRNAs from 3516 genes. 
INFO  @ Mon, 22 May 2023 13:12:31: Permuting round 0 ... 
INFO  @ Mon, 22 May 2023 13:12:31: Thread 0 started. 
INFO  @ Mon, 22 May 2023 13:12:31: Thread 0: total 3516 instances. 
INFO  @ Mon, 22 May 2023 13:12:32: Thread 0: Calculating AATK (1) ...  
INFO  @ Mon, 22 May 2023 13:13:10: Thread 0: Calculating NFXL1 (1001) ...  
INFO  @ Mon, 22 May 2023 13:13:42: Thread 0: Calculating MLL1 (2001) ...  
INFO  @ Mon, 22 May 2023 13:14:11: Thread 0: Calculating RNF146 (3001) ...  
INFO  @ Mon, 22 May 2023 13:14:30: Thread 0 completed. 
INFO  @ Mon, 22 May 2023 13:14:30: All threads completed. 
INFO  @ Mon, 22 May 2023 13:14:31: Permuting round 1 ... 
INFO  @ Mon, 22 May 2023 13:14:31: Thread 0 started. 
INFO  @ Mon, 22 May 2023 13:14:31: Thread 0: total 3516 instances. 
INFO  @ Mon, 22 May 2023 13:14:33: Thread 0: Calculating AATK (1) ...  
INFO  @ Mon, 22 May 2023 13:15:00: Thread 0: Calculating NFXL1 (1001) ...  
INFO  @ Mon, 22 May 2023 13:15:28: Thread 0: Calculating MLL1 (2001) ...  
INFO  @ Mon, 22 May 2023 13:16:02: Thread 0: Calculating RNF146 (3001) ...  
INFO  @ Mon, 22 May 2023 13:16:17: Thread 0 completed. 
INFO  @ Mon, 22 May 2023 13:16:17: All threads completed. 
INFO  @ Mon, 22 May 2023 13:16:18: Assigning p values... 
INFO  @ Mon, 22 May 2023 13:16:18: Permuting groups of gene with 14 sgRNAs per gene. Group progress: 14/41 
INFO  @ Mon, 22 May 2023 13:16:18: Start permuting 2 rounds ... 
INFO  @ Mon, 22 May 2023 13:16:18: Collecting 26156 sgRNAs from 3516 genes. 
INFO  @ Mon, 22 May 2023 13:16:18: Permuting round 0 ... 
INFO  @ Mon, 22 May 2023 13:16:18: Thread 0 started. 
INFO  @ Mon, 22 May 2023 13:16:18: Thread 0: total 3516 instances. 
INFO  @ Mon, 22 May 2023 13:16:18: Thread 0: Calculating AATK (1) ...  
INFO  @ Mon, 22 May 2023 13:16:42: Thread 0: Calculating NFXL1 (1001) ...  
INFO  @ Mon, 22 May 2023 13:17:03: Thread 0: Calculating MLL1 (2001) ...  
INFO  @ Mon, 22 May 2023 13:17:39: Thread 0: Calculating RNF146 (3001) ...  
INFO  @ Mon, 22 May 2023 13:17:52: Thread 0 completed. 
INFO  @ Mon, 22 May 2023 13:17:52: All threads completed. 
INFO  @ Mon, 22 May 2023 13:17:53: Permuting round 1 ... 
INFO  @ Mon, 22 May 2023 13:17:54: Thread 0 started. 
INFO  @ Mon, 22 May 2023 13:17:54: Thread 0: total 3516 instances. 
INFO  @ Mon, 22 May 2023 13:17:54: Thread 0: Calculating AATK (1) ...  
INFO  @ Mon, 22 May 2023 13:18:20: Thread 0: Calculating NFXL1 (1001) ...  
INFO  @ Mon, 22 May 2023 13:18:45: Thread 0: Calculating MLL1 (2001) ...  
INFO  @ Mon, 22 May 2023 13:19:17: Thread 0: Calculating RNF146 (3001) ...  
INFO  @ Mon, 22 May 2023 13:19:30: Thread 0 completed. 
INFO  @ Mon, 22 May 2023 13:19:30: All threads completed. 
INFO  @ Mon, 22 May 2023 13:19:32: Assigning p values... 
INFO  @ Mon, 22 May 2023 13:19:32: Permuting groups of gene with 15 sgRNAs per gene. Group progress: 15/41 
INFO  @ Mon, 22 May 2023 13:19:32: Start permuting 2 rounds ... 
INFO  @ Mon, 22 May 2023 13:19:32: Collecting 26156 sgRNAs from 3516 genes. 
INFO  @ Mon, 22 May 2023 13:19:33: Permuting round 0 ... 
INFO  @ Mon, 22 May 2023 13:19:33: Thread 0 started. 
INFO  @ Mon, 22 May 2023 13:19:33: Thread 0: total 3516 instances. 
INFO  @ Mon, 22 May 2023 13:19:33: Thread 0: Calculating AATK (1) ...  
INFO  @ Mon, 22 May 2023 13:19:57: Thread 0: Calculating NFXL1 (1001) ...  
INFO  @ Mon, 22 May 2023 13:20:27: Thread 0: Calculating MLL1 (2001) ...  
INFO  @ Mon, 22 May 2023 13:20:57: Thread 0: Calculating RNF146 (3001) ...  
INFO  @ Mon, 22 May 2023 13:21:10: Thread 0 completed. 
INFO  @ Mon, 22 May 2023 13:21:10: All threads completed. 
INFO  @ Mon, 22 May 2023 13:21:12: Permuting round 1 ... 
INFO  @ Mon, 22 May 2023 13:21:12: Thread 0 started. 
INFO  @ Mon, 22 May 2023 13:21:12: Thread 0: total 3516 instances. 
INFO  @ Mon, 22 May 2023 13:21:12: Thread 0: Calculating AATK (1) ...  
INFO  @ Mon, 22 May 2023 13:21:40: Thread 0: Calculating NFXL1 (1001) ...  
INFO  @ Mon, 22 May 2023 13:22:11: Thread 0: Calculating MLL1 (2001) ...  
INFO  @ Mon, 22 May 2023 13:22:33: Thread 0: Calculating RNF146 (3001) ...  
INFO  @ Mon, 22 May 2023 13:22:52: Thread 0 completed. 
INFO  @ Mon, 22 May 2023 13:22:52: All threads completed. 
INFO  @ Mon, 22 May 2023 13:22:53: Assigning p values... 
INFO  @ Mon, 22 May 2023 13:22:53: Permuting groups of gene with 16 sgRNAs per gene. Group progress: 16/41 
INFO  @ Mon, 22 May 2023 13:22:53: Start permuting 2 rounds ... 
INFO  @ Mon, 22 May 2023 13:22:53: Collecting 26156 sgRNAs from 3516 genes. 
INFO  @ Mon, 22 May 2023 13:22:53: Permuting round 0 ... 
INFO  @ Mon, 22 May 2023 13:22:54: Thread 0 started. 
INFO  @ Mon, 22 May 2023 13:22:54: Thread 0: total 3516 instances. 
INFO  @ Mon, 22 May 2023 13:22:54: Thread 0: Calculating AATK (1) ...  
INFO  @ Mon, 22 May 2023 13:23:25: Thread 0: Calculating NFXL1 (1001) ...  
INFO  @ Mon, 22 May 2023 13:23:53: Thread 0: Calculating MLL1 (2001) ...  
INFO  @ Mon, 22 May 2023 13:24:20: Thread 0: Calculating RNF146 (3001) ...  
INFO  @ Mon, 22 May 2023 13:24:34: Thread 0 completed. 
INFO  @ Mon, 22 May 2023 13:24:34: All threads completed. 
INFO  @ Mon, 22 May 2023 13:24:35: Permuting round 1 ... 
INFO  @ Mon, 22 May 2023 13:24:35: Thread 0 started. 
INFO  @ Mon, 22 May 2023 13:24:35: Thread 0: total 3516 instances. 
INFO  @ Mon, 22 May 2023 13:24:35: Thread 0: Calculating AATK (1) ...  
INFO  @ Mon, 22 May 2023 13:24:49: Thread 0: Calculating NFXL1 (1001) ...  
INFO  @ Mon, 22 May 2023 13:25:05: Thread 0: Calculating MLL1 (2001) ...  
INFO  @ Mon, 22 May 2023 13:25:21: Thread 0: Calculating RNF146 (3001) ...  
INFO  @ Mon, 22 May 2023 13:25:28: Thread 0 completed. 
INFO  @ Mon, 22 May 2023 13:25:28: All threads completed. 
INFO  @ Mon, 22 May 2023 13:25:29: Assigning p values... 
INFO  @ Mon, 22 May 2023 13:25:29: Permuting groups of gene with 17 sgRNAs per gene. Group progress: 17/41 
INFO  @ Mon, 22 May 2023 13:25:29: Start permuting 2 rounds ... 
INFO  @ Mon, 22 May 2023 13:25:29: Collecting 26156 sgRNAs from 3516 genes. 
INFO  @ Mon, 22 May 2023 13:25:29: Permuting round 0 ... 
INFO  @ Mon, 22 May 2023 13:25:29: Thread 0 started. 
INFO  @ Mon, 22 May 2023 13:25:29: Thread 0: total 3516 instances. 
INFO  @ Mon, 22 May 2023 13:25:29: Thread 0: Calculating AATK (1) ...  
INFO  @ Mon, 22 May 2023 13:25:50: Thread 0: Calculating NFXL1 (1001) ...  
INFO  @ Mon, 22 May 2023 13:26:08: Thread 0: Calculating MLL1 (2001) ...  
INFO  @ Mon, 22 May 2023 13:26:23: Thread 0: Calculating RNF146 (3001) ...  
INFO  @ Mon, 22 May 2023 13:26:31: Thread 0 completed. 
INFO  @ Mon, 22 May 2023 13:26:31: All threads completed. 
INFO  @ Mon, 22 May 2023 13:26:31: Permuting round 1 ... 
INFO  @ Mon, 22 May 2023 13:26:32: Thread 0 started. 
INFO  @ Mon, 22 May 2023 13:26:32: Thread 0: total 3516 instances. 
INFO  @ Mon, 22 May 2023 13:26:32: Thread 0: Calculating AATK (1) ...  
INFO  @ Mon, 22 May 2023 13:26:47: Thread 0: Calculating NFXL1 (1001) ...  
INFO  @ Mon, 22 May 2023 13:27:06: Thread 0: Calculating MLL1 (2001) ...  
INFO  @ Mon, 22 May 2023 13:27:20: Thread 0: Calculating RNF146 (3001) ...  
INFO  @ Mon, 22 May 2023 13:27:28: Thread 0 completed. 
INFO  @ Mon, 22 May 2023 13:27:28: All threads completed. 
INFO  @ Mon, 22 May 2023 13:27:29: Assigning p values... 
INFO  @ Mon, 22 May 2023 13:27:29: Permuting groups of gene with 18 sgRNAs per gene. Group progress: 18/41 
INFO  @ Mon, 22 May 2023 13:27:29: Start permuting 2 rounds ... 
INFO  @ Mon, 22 May 2023 13:27:29: Collecting 26156 sgRNAs from 3516 genes. 
INFO  @ Mon, 22 May 2023 13:27:29: Permuting round 0 ... 
INFO  @ Mon, 22 May 2023 13:27:30: Thread 0 started. 
INFO  @ Mon, 22 May 2023 13:27:30: Thread 0: total 3516 instances. 
INFO  @ Mon, 22 May 2023 13:27:30: Thread 0: Calculating AATK (1) ...  
INFO  @ Mon, 22 May 2023 13:27:46: Thread 0: Calculating NFXL1 (1001) ...  
INFO  @ Mon, 22 May 2023 13:28:02: Thread 0: Calculating MLL1 (2001) ...  
INFO  @ Mon, 22 May 2023 13:28:19: Thread 0: Calculating RNF146 (3001) ...  
INFO  @ Mon, 22 May 2023 13:28:29: Thread 0 completed. 
INFO  @ Mon, 22 May 2023 13:28:29: All threads completed. 
INFO  @ Mon, 22 May 2023 13:28:30: Permuting round 1 ... 
INFO  @ Mon, 22 May 2023 13:28:30: Thread 0 started. 
INFO  @ Mon, 22 May 2023 13:28:30: Thread 0: total 3516 instances. 
INFO  @ Mon, 22 May 2023 13:28:30: Thread 0: Calculating AATK (1) ...  
INFO  @ Mon, 22 May 2023 13:28:46: Thread 0: Calculating NFXL1 (1001) ...  
INFO  @ Mon, 22 May 2023 13:28:59: Thread 0: Calculating MLL1 (2001) ...  
INFO  @ Mon, 22 May 2023 13:29:14: Thread 0: Calculating RNF146 (3001) ...  
INFO  @ Mon, 22 May 2023 13:29:20: Thread 0 completed. 
INFO  @ Mon, 22 May 2023 13:29:20: All threads completed. 
INFO  @ Mon, 22 May 2023 13:29:21: Assigning p values... 
INFO  @ Mon, 22 May 2023 13:29:21: Permuting groups of gene with 19 sgRNAs per gene. Group progress: 19/41 
INFO  @ Mon, 22 May 2023 13:29:21: Start permuting 2 rounds ... 
INFO  @ Mon, 22 May 2023 13:29:21: Collecting 26156 sgRNAs from 3516 genes. 
INFO  @ Mon, 22 May 2023 13:29:21: Permuting round 0 ... 
INFO  @ Mon, 22 May 2023 13:29:22: Thread 0 started. 
INFO  @ Mon, 22 May 2023 13:29:22: Thread 0: total 3516 instances. 
INFO  @ Mon, 22 May 2023 13:29:22: Thread 0: Calculating AATK (1) ...  
INFO  @ Mon, 22 May 2023 13:29:42: Thread 0: Calculating NFXL1 (1001) ...  
INFO  @ Mon, 22 May 2023 13:29:55: Thread 0: Calculating MLL1 (2001) ...  
INFO  @ Mon, 22 May 2023 13:30:12: Thread 0: Calculating RNF146 (3001) ...  
INFO  @ Mon, 22 May 2023 13:30:22: Thread 0 completed. 
INFO  @ Mon, 22 May 2023 13:30:22: All threads completed. 
INFO  @ Mon, 22 May 2023 13:30:23: Permuting round 1 ... 
INFO  @ Mon, 22 May 2023 13:30:23: Thread 0 started. 
INFO  @ Mon, 22 May 2023 13:30:23: Thread 0: total 3516 instances. 
INFO  @ Mon, 22 May 2023 13:30:23: Thread 0: Calculating AATK (1) ...  
INFO  @ Mon, 22 May 2023 13:30:39: Thread 0: Calculating NFXL1 (1001) ...  
INFO  @ Mon, 22 May 2023 13:30:56: Thread 0: Calculating MLL1 (2001) ...  
INFO  @ Mon, 22 May 2023 13:31:13: Thread 0: Calculating RNF146 (3001) ...  
INFO  @ Mon, 22 May 2023 13:31:24: Thread 0 completed. 
INFO  @ Mon, 22 May 2023 13:31:24: All threads completed. 
INFO  @ Mon, 22 May 2023 13:31:25: Assigning p values... 
INFO  @ Mon, 22 May 2023 13:31:25: Permuting groups of gene with 20 sgRNAs per gene. Group progress: 20/41 
INFO  @ Mon, 22 May 2023 13:31:25: Start permuting 2 rounds ... 
INFO  @ Mon, 22 May 2023 13:31:25: Collecting 26156 sgRNAs from 3516 genes. 
INFO  @ Mon, 22 May 2023 13:31:25: Permuting round 0 ... 
INFO  @ Mon, 22 May 2023 13:31:25: Thread 0 started. 
INFO  @ Mon, 22 May 2023 13:31:25: Thread 0: total 3516 instances. 
INFO  @ Mon, 22 May 2023 13:31:25: Thread 0: Calculating AATK (1) ...  
INFO  @ Mon, 22 May 2023 13:31:39: Thread 0: Calculating NFXL1 (1001) ...  
INFO  @ Mon, 22 May 2023 13:31:56: Thread 0: Calculating MLL1 (2001) ...  
INFO  @ Mon, 22 May 2023 13:32:11: Thread 0: Calculating RNF146 (3001) ...  
INFO  @ Mon, 22 May 2023 13:32:20: Thread 0 completed. 
INFO  @ Mon, 22 May 2023 13:32:20: All threads completed. 
INFO  @ Mon, 22 May 2023 13:32:21: Permuting round 1 ... 
INFO  @ Mon, 22 May 2023 13:32:21: Thread 0 started. 
INFO  @ Mon, 22 May 2023 13:32:21: Thread 0: total 3516 instances. 
INFO  @ Mon, 22 May 2023 13:32:21: Thread 0: Calculating AATK (1) ...  
INFO  @ Mon, 22 May 2023 13:32:37: Thread 0: Calculating NFXL1 (1001) ...  
INFO  @ Mon, 22 May 2023 13:32:55: Thread 0: Calculating MLL1 (2001) ...  
INFO  @ Mon, 22 May 2023 13:33:10: Thread 0: Calculating RNF146 (3001) ...  
INFO  @ Mon, 22 May 2023 13:33:18: Thread 0 completed. 
INFO  @ Mon, 22 May 2023 13:33:18: All threads completed. 
INFO  @ Mon, 22 May 2023 13:33:19: Assigning p values... 
INFO  @ Mon, 22 May 2023 13:33:19: Permuting groups of gene with 21 sgRNAs per gene. Group progress: 21/41 
INFO  @ Mon, 22 May 2023 13:33:19: Start permuting 2 rounds ... 
INFO  @ Mon, 22 May 2023 13:33:19: Collecting 26156 sgRNAs from 3516 genes. 
INFO  @ Mon, 22 May 2023 13:33:19: Permuting round 0 ... 
INFO  @ Mon, 22 May 2023 13:33:19: Thread 0 started. 
INFO  @ Mon, 22 May 2023 13:33:19: Thread 0: total 3516 instances. 
INFO  @ Mon, 22 May 2023 13:33:19: Thread 0: Calculating AATK (1) ...  
INFO  @ Mon, 22 May 2023 13:33:37: Thread 0: Calculating NFXL1 (1001) ...  
INFO  @ Mon, 22 May 2023 13:33:55: Thread 0: Calculating MLL1 (2001) ...  
INFO  @ Mon, 22 May 2023 13:34:11: Thread 0: Calculating RNF146 (3001) ...  
INFO  @ Mon, 22 May 2023 13:34:19: Thread 0 completed. 
INFO  @ Mon, 22 May 2023 13:34:19: All threads completed. 
INFO  @ Mon, 22 May 2023 13:34:20: Permuting round 1 ... 
INFO  @ Mon, 22 May 2023 13:34:20: Thread 0 started. 
INFO  @ Mon, 22 May 2023 13:34:20: Thread 0: total 3516 instances. 
INFO  @ Mon, 22 May 2023 13:34:20: Thread 0: Calculating AATK (1) ...  
INFO  @ Mon, 22 May 2023 13:34:34: Thread 0: Calculating NFXL1 (1001) ...  
INFO  @ Mon, 22 May 2023 13:34:51: Thread 0: Calculating MLL1 (2001) ...  
INFO  @ Mon, 22 May 2023 13:35:06: Thread 0: Calculating RNF146 (3001) ...  
INFO  @ Mon, 22 May 2023 13:35:14: Thread 0 completed. 
INFO  @ Mon, 22 May 2023 13:35:14: All threads completed. 
INFO  @ Mon, 22 May 2023 13:35:14: Assigning p values... 
INFO  @ Mon, 22 May 2023 13:35:15: Permuting groups of gene with 22 sgRNAs per gene. Group progress: 22/41 
INFO  @ Mon, 22 May 2023 13:35:15: Start permuting 2 rounds ... 
INFO  @ Mon, 22 May 2023 13:35:15: Collecting 26156 sgRNAs from 3516 genes. 
INFO  @ Mon, 22 May 2023 13:35:15: Permuting round 0 ... 
INFO  @ Mon, 22 May 2023 13:35:15: Thread 0 started. 
INFO  @ Mon, 22 May 2023 13:35:15: Thread 0: total 3516 instances. 
INFO  @ Mon, 22 May 2023 13:35:15: Thread 0: Calculating AATK (1) ...  
INFO  @ Mon, 22 May 2023 13:35:31: Thread 0: Calculating NFXL1 (1001) ...  
INFO  @ Mon, 22 May 2023 13:35:46: Thread 0: Calculating MLL1 (2001) ...  
INFO  @ Mon, 22 May 2023 13:36:04: Thread 0: Calculating RNF146 (3001) ...  
INFO  @ Mon, 22 May 2023 13:36:13: Thread 0 completed. 
INFO  @ Mon, 22 May 2023 13:36:13: All threads completed. 
INFO  @ Mon, 22 May 2023 13:36:14: Permuting round 1 ... 
INFO  @ Mon, 22 May 2023 13:36:14: Thread 0 started. 
INFO  @ Mon, 22 May 2023 13:36:14: Thread 0: total 3516 instances. 
INFO  @ Mon, 22 May 2023 13:36:14: Thread 0: Calculating AATK (1) ...  
INFO  @ Mon, 22 May 2023 13:36:30: Thread 0: Calculating NFXL1 (1001) ...  
INFO  @ Mon, 22 May 2023 13:36:45: Thread 0: Calculating MLL1 (2001) ...  
INFO  @ Mon, 22 May 2023 13:37:01: Thread 0: Calculating RNF146 (3001) ...  
INFO  @ Mon, 22 May 2023 13:37:10: Thread 0 completed. 
INFO  @ Mon, 22 May 2023 13:37:10: All threads completed. 
INFO  @ Mon, 22 May 2023 13:37:11: Assigning p values... 
INFO  @ Mon, 22 May 2023 13:37:11: Permuting groups of gene with 23 sgRNAs per gene. Group progress: 23/41 
INFO  @ Mon, 22 May 2023 13:37:11: Start permuting 2 rounds ... 
INFO  @ Mon, 22 May 2023 13:37:11: Collecting 26156 sgRNAs from 3516 genes. 
INFO  @ Mon, 22 May 2023 13:37:11: Permuting round 0 ... 
INFO  @ Mon, 22 May 2023 13:37:12: Thread 0 started. 
INFO  @ Mon, 22 May 2023 13:37:12: Thread 0: total 3516 instances. 
INFO  @ Mon, 22 May 2023 13:37:12: Thread 0: Calculating AATK (1) ...  
INFO  @ Mon, 22 May 2023 13:37:26: Thread 0: Calculating NFXL1 (1001) ...  
INFO  @ Mon, 22 May 2023 13:37:41: Thread 0: Calculating MLL1 (2001) ...  
INFO  @ Mon, 22 May 2023 13:37:57: Thread 0: Calculating RNF146 (3001) ...  
INFO  @ Mon, 22 May 2023 13:38:06: Thread 0 completed. 
INFO  @ Mon, 22 May 2023 13:38:06: All threads completed. 
INFO  @ Mon, 22 May 2023 13:38:07: Permuting round 1 ... 
INFO  @ Mon, 22 May 2023 13:38:07: Thread 0 started. 
INFO  @ Mon, 22 May 2023 13:38:07: Thread 0: total 3516 instances. 
INFO  @ Mon, 22 May 2023 13:38:07: Thread 0: Calculating AATK (1) ...  
INFO  @ Mon, 22 May 2023 13:38:23: Thread 0: Calculating NFXL1 (1001) ...  
INFO  @ Mon, 22 May 2023 13:38:39: Thread 0: Calculating MLL1 (2001) ...  
INFO  @ Mon, 22 May 2023 13:38:55: Thread 0: Calculating RNF146 (3001) ...  
INFO  @ Mon, 22 May 2023 13:39:03: Thread 0 completed. 
INFO  @ Mon, 22 May 2023 13:39:03: All threads completed. 
INFO  @ Mon, 22 May 2023 13:39:04: Assigning p values... 
INFO  @ Mon, 22 May 2023 13:39:04: Permuting groups of gene with 24 sgRNAs per gene. Group progress: 24/41 
INFO  @ Mon, 22 May 2023 13:39:04: Start permuting 2 rounds ... 
INFO  @ Mon, 22 May 2023 13:39:04: Collecting 26156 sgRNAs from 3516 genes. 
INFO  @ Mon, 22 May 2023 13:39:04: Permuting round 0 ... 
INFO  @ Mon, 22 May 2023 13:39:04: Thread 0 started. 
INFO  @ Mon, 22 May 2023 13:39:04: Thread 0: total 3516 instances. 
INFO  @ Mon, 22 May 2023 13:39:04: Thread 0: Calculating AATK (1) ...  
INFO  @ Mon, 22 May 2023 13:39:19: Thread 0: Calculating NFXL1 (1001) ...  
INFO  @ Mon, 22 May 2023 13:39:36: Thread 0: Calculating MLL1 (2001) ...  
INFO  @ Mon, 22 May 2023 13:39:51: Thread 0: Calculating RNF146 (3001) ...  
INFO  @ Mon, 22 May 2023 13:40:00: Thread 0 completed. 
INFO  @ Mon, 22 May 2023 13:40:00: All threads completed. 
INFO  @ Mon, 22 May 2023 13:40:01: Permuting round 1 ... 
INFO  @ Mon, 22 May 2023 13:40:01: Thread 0 started. 
INFO  @ Mon, 22 May 2023 13:40:01: Thread 0: total 3516 instances. 
INFO  @ Mon, 22 May 2023 13:40:01: Thread 0: Calculating AATK (1) ...  
INFO  @ Mon, 22 May 2023 13:40:22: Thread 0: Calculating NFXL1 (1001) ...  
INFO  @ Mon, 22 May 2023 13:40:37: Thread 0: Calculating MLL1 (2001) ...  
INFO  @ Mon, 22 May 2023 13:40:52: Thread 0: Calculating RNF146 (3001) ...  
INFO  @ Mon, 22 May 2023 13:41:01: Thread 0 completed. 
INFO  @ Mon, 22 May 2023 13:41:01: All threads completed. 
INFO  @ Mon, 22 May 2023 13:41:02: Assigning p values... 
INFO  @ Mon, 22 May 2023 13:41:02: Permuting groups of gene with 25 sgRNAs per gene. Group progress: 25/41 
INFO  @ Mon, 22 May 2023 13:41:02: Start permuting 2 rounds ... 
INFO  @ Mon, 22 May 2023 13:41:02: Collecting 26156 sgRNAs from 3516 genes. 
INFO  @ Mon, 22 May 2023 13:41:03: Permuting round 0 ... 
INFO  @ Mon, 22 May 2023 13:41:03: Thread 0 started. 
INFO  @ Mon, 22 May 2023 13:41:03: Thread 0: total 3516 instances. 
INFO  @ Mon, 22 May 2023 13:41:03: Thread 0: Calculating AATK (1) ...  
INFO  @ Mon, 22 May 2023 13:41:19: Thread 0: Calculating NFXL1 (1001) ...  
INFO  @ Mon, 22 May 2023 13:41:34: Thread 0: Calculating MLL1 (2001) ...  
INFO  @ Mon, 22 May 2023 13:41:51: Thread 0: Calculating RNF146 (3001) ...  
INFO  @ Mon, 22 May 2023 13:42:00: Thread 0 completed. 
INFO  @ Mon, 22 May 2023 13:42:00: All threads completed. 
INFO  @ Mon, 22 May 2023 13:42:01: Permuting round 1 ... 
INFO  @ Mon, 22 May 2023 13:42:01: Thread 0 started. 
INFO  @ Mon, 22 May 2023 13:42:01: Thread 0: total 3516 instances. 
INFO  @ Mon, 22 May 2023 13:42:01: Thread 0: Calculating AATK (1) ...  
INFO  @ Mon, 22 May 2023 13:42:20: Thread 0: Calculating NFXL1 (1001) ...  
INFO  @ Mon, 22 May 2023 13:42:34: Thread 0: Calculating MLL1 (2001) ...  
INFO  @ Mon, 22 May 2023 13:42:53: Thread 0: Calculating RNF146 (3001) ...  
INFO  @ Mon, 22 May 2023 13:43:00: Thread 0 completed. 
INFO  @ Mon, 22 May 2023 13:43:00: All threads completed. 
INFO  @ Mon, 22 May 2023 13:43:01: Assigning p values... 
INFO  @ Mon, 22 May 2023 13:43:01: Permuting groups of gene with 27 sgRNAs per gene. Group progress: 26/41 
INFO  @ Mon, 22 May 2023 13:43:01: Start permuting 2 rounds ... 
INFO  @ Mon, 22 May 2023 13:43:01: Collecting 26156 sgRNAs from 3516 genes. 
INFO  @ Mon, 22 May 2023 13:43:01: Permuting round 0 ... 
INFO  @ Mon, 22 May 2023 13:43:01: Thread 0 started. 
INFO  @ Mon, 22 May 2023 13:43:01: Thread 0: total 3516 instances. 
INFO  @ Mon, 22 May 2023 13:43:01: Thread 0: Calculating AATK (1) ...  
INFO  @ Mon, 22 May 2023 13:43:18: Thread 0: Calculating NFXL1 (1001) ...  
INFO  @ Mon, 22 May 2023 13:43:35: Thread 0: Calculating MLL1 (2001) ...  
INFO  @ Mon, 22 May 2023 13:43:54: Thread 0: Calculating RNF146 (3001) ...  
INFO  @ Mon, 22 May 2023 13:44:02: Thread 0 completed. 
INFO  @ Mon, 22 May 2023 13:44:02: All threads completed. 
INFO  @ Mon, 22 May 2023 13:44:03: Permuting round 1 ... 
INFO  @ Mon, 22 May 2023 13:44:03: Thread 0 started. 
INFO  @ Mon, 22 May 2023 13:44:03: Thread 0: total 3516 instances. 
INFO  @ Mon, 22 May 2023 13:44:03: Thread 0: Calculating AATK (1) ...  
INFO  @ Mon, 22 May 2023 13:44:24: Thread 0: Calculating NFXL1 (1001) ...  
INFO  @ Mon, 22 May 2023 13:44:39: Thread 0: Calculating MLL1 (2001) ...  
INFO  @ Mon, 22 May 2023 13:44:55: Thread 0: Calculating RNF146 (3001) ...  
INFO  @ Mon, 22 May 2023 13:45:03: Thread 0 completed. 
INFO  @ Mon, 22 May 2023 13:45:03: All threads completed. 
INFO  @ Mon, 22 May 2023 13:45:04: Assigning p values... 
INFO  @ Mon, 22 May 2023 13:45:04: Permuting groups of gene with 28 sgRNAs per gene. Group progress: 27/41 
INFO  @ Mon, 22 May 2023 13:45:04: Start permuting 2 rounds ... 
INFO  @ Mon, 22 May 2023 13:45:04: Collecting 26156 sgRNAs from 3516 genes. 
INFO  @ Mon, 22 May 2023 13:45:05: Permuting round 0 ... 
INFO  @ Mon, 22 May 2023 13:45:05: Thread 0 started. 
INFO  @ Mon, 22 May 2023 13:45:05: Thread 0: total 3516 instances. 
INFO  @ Mon, 22 May 2023 13:45:05: Thread 0: Calculating AATK (1) ...  
INFO  @ Mon, 22 May 2023 13:45:19: Thread 0: Calculating NFXL1 (1001) ...  
INFO  @ Mon, 22 May 2023 13:45:39: Thread 0: Calculating MLL1 (2001) ...  
INFO  @ Mon, 22 May 2023 13:45:58: Thread 0: Calculating RNF146 (3001) ...  
INFO  @ Mon, 22 May 2023 13:46:05: Thread 0 completed. 
INFO  @ Mon, 22 May 2023 13:46:05: All threads completed. 
INFO  @ Mon, 22 May 2023 13:46:06: Permuting round 1 ... 
INFO  @ Mon, 22 May 2023 13:46:06: Thread 0 started. 
INFO  @ Mon, 22 May 2023 13:46:06: Thread 0: total 3516 instances. 
INFO  @ Mon, 22 May 2023 13:46:06: Thread 0: Calculating AATK (1) ...  
INFO  @ Mon, 22 May 2023 13:46:25: Thread 0: Calculating NFXL1 (1001) ...  
INFO  @ Mon, 22 May 2023 13:46:44: Thread 0: Calculating MLL1 (2001) ...  
INFO  @ Mon, 22 May 2023 13:47:04: Thread 0: Calculating RNF146 (3001) ...  
INFO  @ Mon, 22 May 2023 13:47:12: Thread 0 completed. 
INFO  @ Mon, 22 May 2023 13:47:12: All threads completed. 
INFO  @ Mon, 22 May 2023 13:47:13: Assigning p values... 
INFO  @ Mon, 22 May 2023 13:47:13: Permuting groups of gene with 29 sgRNAs per gene. Group progress: 28/41 
INFO  @ Mon, 22 May 2023 13:47:13: Start permuting 2 rounds ... 
INFO  @ Mon, 22 May 2023 13:47:13: Collecting 26156 sgRNAs from 3516 genes. 
INFO  @ Mon, 22 May 2023 13:47:13: Permuting round 0 ... 
INFO  @ Mon, 22 May 2023 13:47:13: Thread 0 started. 
INFO  @ Mon, 22 May 2023 13:47:13: Thread 0: total 3516 instances. 
INFO  @ Mon, 22 May 2023 13:47:13: Thread 0: Calculating AATK (1) ...  
INFO  @ Mon, 22 May 2023 13:47:29: Thread 0: Calculating NFXL1 (1001) ...  
INFO  @ Mon, 22 May 2023 13:47:48: Thread 0: Calculating MLL1 (2001) ...  
INFO  @ Mon, 22 May 2023 13:48:06: Thread 0: Calculating RNF146 (3001) ...  
INFO  @ Mon, 22 May 2023 13:48:16: Thread 0 completed. 
INFO  @ Mon, 22 May 2023 13:48:16: All threads completed. 
INFO  @ Mon, 22 May 2023 13:48:17: Permuting round 1 ... 
INFO  @ Mon, 22 May 2023 13:48:17: Thread 0 started. 
INFO  @ Mon, 22 May 2023 13:48:17: Thread 0: total 3516 instances. 
INFO  @ Mon, 22 May 2023 13:48:17: Thread 0: Calculating AATK (1) ...  
INFO  @ Mon, 22 May 2023 13:48:39: Thread 0: Calculating NFXL1 (1001) ...  
INFO  @ Mon, 22 May 2023 13:49:01: Thread 0: Calculating MLL1 (2001) ...  
INFO  @ Mon, 22 May 2023 13:49:18: Thread 0: Calculating RNF146 (3001) ...  
INFO  @ Mon, 22 May 2023 13:49:27: Thread 0 completed. 
INFO  @ Mon, 22 May 2023 13:49:27: All threads completed. 
INFO  @ Mon, 22 May 2023 13:49:28: Assigning p values... 
INFO  @ Mon, 22 May 2023 13:49:28: Permuting groups of gene with 30 sgRNAs per gene. Group progress: 29/41 
INFO  @ Mon, 22 May 2023 13:49:28: Start permuting 2 rounds ... 
INFO  @ Mon, 22 May 2023 13:49:28: Collecting 26156 sgRNAs from 3516 genes. 
INFO  @ Mon, 22 May 2023 13:49:28: Permuting round 0 ... 
INFO  @ Mon, 22 May 2023 13:49:28: Thread 0 started. 
INFO  @ Mon, 22 May 2023 13:49:28: Thread 0: total 3516 instances. 
INFO  @ Mon, 22 May 2023 13:49:28: Thread 0: Calculating AATK (1) ...  
INFO  @ Mon, 22 May 2023 13:49:46: Thread 0: Calculating NFXL1 (1001) ...  
INFO  @ Mon, 22 May 2023 13:50:07: Thread 0: Calculating MLL1 (2001) ...  
INFO  @ Mon, 22 May 2023 13:50:23: Thread 0: Calculating RNF146 (3001) ...  
INFO  @ Mon, 22 May 2023 13:50:33: Thread 0 completed. 
INFO  @ Mon, 22 May 2023 13:50:33: All threads completed. 
INFO  @ Mon, 22 May 2023 13:50:34: Permuting round 1 ... 
INFO  @ Mon, 22 May 2023 13:50:34: Thread 0 started. 
INFO  @ Mon, 22 May 2023 13:50:34: Thread 0: total 3516 instances. 
INFO  @ Mon, 22 May 2023 13:50:34: Thread 0: Calculating AATK (1) ...  
INFO  @ Mon, 22 May 2023 13:50:54: Thread 0: Calculating NFXL1 (1001) ...  
INFO  @ Mon, 22 May 2023 13:51:12: Thread 0: Calculating MLL1 (2001) ...  
INFO  @ Mon, 22 May 2023 13:51:30: Thread 0: Calculating RNF146 (3001) ...  
INFO  @ Mon, 22 May 2023 13:51:38: Thread 0 completed. 
INFO  @ Mon, 22 May 2023 13:51:38: All threads completed. 
INFO  @ Mon, 22 May 2023 13:51:39: Assigning p values... 
INFO  @ Mon, 22 May 2023 13:51:39: Permuting groups of gene with 31 sgRNAs per gene. Group progress: 30/41 
INFO  @ Mon, 22 May 2023 13:51:39: Start permuting 2 rounds ... 
INFO  @ Mon, 22 May 2023 13:51:39: Collecting 26156 sgRNAs from 3516 genes. 
INFO  @ Mon, 22 May 2023 13:51:40: Permuting round 0 ... 
INFO  @ Mon, 22 May 2023 13:51:40: Thread 0 started. 
INFO  @ Mon, 22 May 2023 13:51:40: Thread 0: total 3516 instances. 
INFO  @ Mon, 22 May 2023 13:51:40: Thread 0: Calculating AATK (1) ...  
INFO  @ Mon, 22 May 2023 13:52:12: Thread 0: Calculating NFXL1 (1001) ...  
INFO  @ Mon, 22 May 2023 13:52:43: Thread 0: Calculating MLL1 (2001) ...  
INFO  @ Mon, 22 May 2023 13:53:13: Thread 0: Calculating RNF146 (3001) ...  
INFO  @ Mon, 22 May 2023 13:53:28: Thread 0 completed. 
INFO  @ Mon, 22 May 2023 13:53:28: All threads completed. 
INFO  @ Mon, 22 May 2023 13:53:29: Permuting round 1 ... 
INFO  @ Mon, 22 May 2023 13:53:29: Thread 0 started. 
INFO  @ Mon, 22 May 2023 13:53:29: Thread 0: total 3516 instances. 
INFO  @ Mon, 22 May 2023 13:53:29: Thread 0: Calculating AATK (1) ...  
INFO  @ Mon, 22 May 2023 13:53:57: Thread 0: Calculating NFXL1 (1001) ...  
INFO  @ Mon, 22 May 2023 13:54:24: Thread 0: Calculating MLL1 (2001) ...  
INFO  @ Mon, 22 May 2023 13:54:54: Thread 0: Calculating RNF146 (3001) ...  
INFO  @ Mon, 22 May 2023 13:55:14: Thread 0 completed. 
INFO  @ Mon, 22 May 2023 13:55:14: All threads completed. 
INFO  @ Mon, 22 May 2023 13:55:15: Assigning p values... 
INFO  @ Mon, 22 May 2023 13:55:15: Permuting groups of gene with 32 sgRNAs per gene. Group progress: 31/41 
INFO  @ Mon, 22 May 2023 13:55:15: Start permuting 2 rounds ... 
INFO  @ Mon, 22 May 2023 13:55:15: Collecting 26156 sgRNAs from 3516 genes. 
INFO  @ Mon, 22 May 2023 13:55:15: Permuting round 0 ... 
INFO  @ Mon, 22 May 2023 13:55:16: Thread 0 started. 
INFO  @ Mon, 22 May 2023 13:55:16: Thread 0: total 3516 instances. 
INFO  @ Mon, 22 May 2023 13:55:16: Thread 0: Calculating AATK (1) ...  
INFO  @ Mon, 22 May 2023 13:55:42: Thread 0: Calculating NFXL1 (1001) ...  
INFO  @ Mon, 22 May 2023 13:56:12: Thread 0: Calculating MLL1 (2001) ...  
INFO  @ Mon, 22 May 2023 13:56:41: Thread 0: Calculating RNF146 (3001) ...  
INFO  @ Mon, 22 May 2023 13:56:58: Thread 0 completed. 
INFO  @ Mon, 22 May 2023 13:56:58: All threads completed. 
INFO  @ Mon, 22 May 2023 13:56:59: Permuting round 1 ... 
INFO  @ Mon, 22 May 2023 13:56:59: Thread 0 started. 
INFO  @ Mon, 22 May 2023 13:56:59: Thread 0: total 3516 instances. 
INFO  @ Mon, 22 May 2023 13:56:59: Thread 0: Calculating AATK (1) ...  
INFO  @ Mon, 22 May 2023 13:57:31: Thread 0: Calculating NFXL1 (1001) ...  
INFO  @ Mon, 22 May 2023 13:58:05: Thread 0: Calculating MLL1 (2001) ...  
INFO  @ Mon, 22 May 2023 13:58:37: Thread 0: Calculating RNF146 (3001) ...  
INFO  @ Mon, 22 May 2023 13:58:53: Thread 0 completed. 
INFO  @ Mon, 22 May 2023 13:58:53: All threads completed. 
INFO  @ Mon, 22 May 2023 13:58:54: Assigning p values... 
INFO  @ Mon, 22 May 2023 13:58:55: Permuting groups of gene with 33 sgRNAs per gene. Group progress: 32/41 
INFO  @ Mon, 22 May 2023 13:58:55: Start permuting 2 rounds ... 
INFO  @ Mon, 22 May 2023 13:58:55: Collecting 26156 sgRNAs from 3516 genes. 
INFO  @ Mon, 22 May 2023 13:58:55: Permuting round 0 ... 
INFO  @ Mon, 22 May 2023 13:58:55: Thread 0 started. 
INFO  @ Mon, 22 May 2023 13:58:55: Thread 0: total 3516 instances. 
INFO  @ Mon, 22 May 2023 13:58:55: Thread 0: Calculating AATK (1) ...  
INFO  @ Mon, 22 May 2023 13:59:28: Thread 0: Calculating NFXL1 (1001) ...  
INFO  @ Mon, 22 May 2023 14:00:03: Thread 0: Calculating MLL1 (2001) ...  
INFO  @ Mon, 22 May 2023 14:00:34: Thread 0: Calculating RNF146 (3001) ...  
INFO  @ Mon, 22 May 2023 14:00:46: Thread 0 completed. 
INFO  @ Mon, 22 May 2023 14:00:46: All threads completed. 
INFO  @ Mon, 22 May 2023 14:00:47: Permuting round 1 ... 
INFO  @ Mon, 22 May 2023 14:00:47: Thread 0 started. 
INFO  @ Mon, 22 May 2023 14:00:47: Thread 0: total 3516 instances. 
INFO  @ Mon, 22 May 2023 14:00:47: Thread 0: Calculating AATK (1) ...  
INFO  @ Mon, 22 May 2023 14:01:17: Thread 0: Calculating NFXL1 (1001) ...  
INFO  @ Mon, 22 May 2023 14:01:48: Thread 0: Calculating MLL1 (2001) ...  
INFO  @ Mon, 22 May 2023 14:02:18: Thread 0: Calculating RNF146 (3001) ...  
INFO  @ Mon, 22 May 2023 14:02:31: Thread 0 completed. 
INFO  @ Mon, 22 May 2023 14:02:31: All threads completed. 
INFO  @ Mon, 22 May 2023 14:02:32: Assigning p values... 
INFO  @ Mon, 22 May 2023 14:02:33: Permuting groups of gene with 34 sgRNAs per gene. Group progress: 33/41 
INFO  @ Mon, 22 May 2023 14:02:33: Start permuting 2 rounds ... 
INFO  @ Mon, 22 May 2023 14:02:33: Collecting 26156 sgRNAs from 3516 genes. 
INFO  @ Mon, 22 May 2023 14:02:33: Permuting round 0 ... 
INFO  @ Mon, 22 May 2023 14:02:33: Thread 0 started. 
INFO  @ Mon, 22 May 2023 14:02:33: Thread 0: total 3516 instances. 
INFO  @ Mon, 22 May 2023 14:02:33: Thread 0: Calculating AATK (1) ...  
INFO  @ Mon, 22 May 2023 14:03:05: Thread 0: Calculating NFXL1 (1001) ...  
INFO  @ Mon, 22 May 2023 14:03:36: Thread 0: Calculating MLL1 (2001) ...  
INFO  @ Mon, 22 May 2023 14:04:10: Thread 0: Calculating RNF146 (3001) ...  
INFO  @ Mon, 22 May 2023 14:04:26: Thread 0 completed. 
INFO  @ Mon, 22 May 2023 14:04:26: All threads completed. 
INFO  @ Mon, 22 May 2023 14:04:27: Permuting round 1 ... 
INFO  @ Mon, 22 May 2023 14:04:28: Thread 0 started. 
INFO  @ Mon, 22 May 2023 14:04:28: Thread 0: total 3516 instances. 
INFO  @ Mon, 22 May 2023 14:04:28: Thread 0: Calculating AATK (1) ...  
INFO  @ Mon, 22 May 2023 14:04:59: Thread 0: Calculating NFXL1 (1001) ...  
INFO  @ Mon, 22 May 2023 14:05:39: Thread 0: Calculating MLL1 (2001) ...  
INFO  @ Mon, 22 May 2023 14:06:13: Thread 0: Calculating RNF146 (3001) ...  
INFO  @ Mon, 22 May 2023 14:06:34: Thread 0 completed. 
INFO  @ Mon, 22 May 2023 14:06:34: All threads completed. 
INFO  @ Mon, 22 May 2023 14:06:35: Assigning p values... 
INFO  @ Mon, 22 May 2023 14:06:35: Permuting groups of gene with 37 sgRNAs per gene. Group progress: 34/41 
INFO  @ Mon, 22 May 2023 14:06:35: Start permuting 2 rounds ... 
INFO  @ Mon, 22 May 2023 14:06:35: Collecting 26156 sgRNAs from 3516 genes. 
INFO  @ Mon, 22 May 2023 14:06:35: Permuting round 0 ... 
INFO  @ Mon, 22 May 2023 14:06:35: Thread 0 started. 
INFO  @ Mon, 22 May 2023 14:06:35: Thread 0: total 3516 instances. 
INFO  @ Mon, 22 May 2023 14:06:35: Thread 0: Calculating AATK (1) ...  
INFO  @ Mon, 22 May 2023 14:07:09: Thread 0: Calculating NFXL1 (1001) ...  
INFO  @ Mon, 22 May 2023 14:07:44: Thread 0: Calculating MLL1 (2001) ...  
INFO  @ Mon, 22 May 2023 14:08:19: Thread 0: Calculating RNF146 (3001) ...  
INFO  @ Mon, 22 May 2023 14:08:42: Thread 0 completed. 
INFO  @ Mon, 22 May 2023 14:08:42: All threads completed. 
INFO  @ Mon, 22 May 2023 14:08:43: Permuting round 1 ... 
INFO  @ Mon, 22 May 2023 14:08:43: Thread 0 started. 
INFO  @ Mon, 22 May 2023 14:08:43: Thread 0: total 3516 instances. 
INFO  @ Mon, 22 May 2023 14:08:43: Thread 0: Calculating AATK (1) ...  
INFO  @ Mon, 22 May 2023 14:09:18: Thread 0: Calculating NFXL1 (1001) ...  
INFO  @ Mon, 22 May 2023 14:09:50: Thread 0: Calculating MLL1 (2001) ...  
INFO  @ Mon, 22 May 2023 14:10:23: Thread 0: Calculating RNF146 (3001) ...  
INFO  @ Mon, 22 May 2023 14:10:39: Thread 0 completed. 
INFO  @ Mon, 22 May 2023 14:10:39: All threads completed. 
INFO  @ Mon, 22 May 2023 14:10:40: Assigning p values... 
INFO  @ Mon, 22 May 2023 14:10:40: Groups of gene with 42 sgRNAs per gene: assigning p values based on previous group results. Group progress: 35/41 
INFO  @ Mon, 22 May 2023 14:10:40: Groups of gene with 46 sgRNAs per gene: assigning p values based on previous group results. Group progress: 36/41 
INFO  @ Mon, 22 May 2023 14:10:40: Groups of gene with 47 sgRNAs per gene: assigning p values based on previous group results. Group progress: 37/41 
INFO  @ Mon, 22 May 2023 14:10:40: Groups of gene with 48 sgRNAs per gene: assigning p values based on previous group results. Group progress: 38/41 
INFO  @ Mon, 22 May 2023 14:10:40: Groups of gene with 49 sgRNAs per gene: assigning p values based on previous group results. Group progress: 39/41 
INFO  @ Mon, 22 May 2023 14:10:40: Groups of gene with 56 sgRNAs per gene: assigning p values based on previous group results. Group progress: 40/41 
INFO  @ Mon, 22 May 2023 14:10:40: Groups of gene with 67 sgRNAs per gene: assigning p values based on previous group results. Group progress: 41/41 
INFO  @ Mon, 22 May 2023 14:10:40: Writing gene results to mle_count-A2780-Cont1.gene_summary.txt 
INFO  @ Mon, 22 May 2023 14:10:40: Writing sgRNA results to mle_count-A2780-Cont1.sgrna_summary.txt 
