INFO  @ Thu, 09 Mar 2023 17:58:52: Parameters: /home/ryan/miniconda3/envs/mageck/bin/mageck mle -k count-DLD1-Cont2_P10-i.f-wo-cdk12.csv -d matrixDLD1-Cont2_P10.txt -n mle_DLD1-Cont2_P10 
INFO  @ Thu, 09 Mar 2023 17:58:52: Cannot parse design matrix as a string; try to parse it as a file name ... 
INFO  @ Thu, 09 Mar 2023 17:58:52: Design matrix: 
INFO  @ Thu, 09 Mar 2023 17:58:52: [[1. 0.] 
INFO  @ Thu, 09 Mar 2023 17:58:52:  [1. 1.]] 
INFO  @ Thu, 09 Mar 2023 17:58:52: Beta labels:baseline,Cont2_P10 
INFO  @ Thu, 09 Mar 2023 17:58:52: Included samples:DLD1-Cont2_P10.initial,DLD1-Cont2_P10.final 
INFO  @ Thu, 09 Mar 2023 17:58:52: Treating count-DLD1-Cont2_P10-i.f-wo-cdk12.csv as csv file ... 
INFO  @ Thu, 09 Mar 2023 17:58:52: Loaded samples:DLD1-Cont2_P10.initial;DLD1-Cont2_P10.final 
INFO  @ Thu, 09 Mar 2023 17:58:52: Sample index: 0;1 
INFO  @ Thu, 09 Mar 2023 17:58:53: Loaded 3514 genes. 
DEBUG @ Thu, 09 Mar 2023 17:58:53: Initial (total) size factor: 0.7675072107830877 1.434554247222578 
DEBUG @ Thu, 09 Mar 2023 17:58:53: Median factor: 0.7204850370078434 1.3916018163490491 
INFO  @ Thu, 09 Mar 2023 17:58:53: Final size factor: 0.7204850370078434 1.3916018163490491 
INFO  @ Thu, 09 Mar 2023 17:58:53: size factor: 1.3879538763955117,0.7185963601452893 
INFO  @ Thu, 09 Mar 2023 17:58:53: Thread 0 started. 
INFO  @ Thu, 09 Mar 2023 17:58:53: Thread 0: total 1 instances. 
INFO  @ Thu, 09 Mar 2023 17:58:53: Thread 0 completed. 
INFO  @ Thu, 09 Mar 2023 17:58:53: All threads completed. 
INFO  @ Thu, 09 Mar 2023 17:58:53: Modeling the mean and variance ... 
INFO  @ Thu, 09 Mar 2023 17:58:53: Run the algorithm for the second time ... 
INFO  @ Thu, 09 Mar 2023 17:58:53: Skipping gene KMT2C from MLE calculation since there are too many sgRNAs. To change, revise the --max-sgrnapergene-permutation option. 
INFO  @ Thu, 09 Mar 2023 17:58:53: Skipping gene KMT2A from MLE calculation since there are too many sgRNAs. To change, revise the --max-sgrnapergene-permutation option. 
INFO  @ Thu, 09 Mar 2023 17:58:53: Skipping gene KMT2B from MLE calculation since there are too many sgRNAs. To change, revise the --max-sgrnapergene-permutation option. 
INFO  @ Thu, 09 Mar 2023 17:58:53: Skipping gene KMT2D from MLE calculation since there are too many sgRNAs. To change, revise the --max-sgrnapergene-permutation option. 
INFO  @ Thu, 09 Mar 2023 17:58:53: Skipping gene NSD1 from MLE calculation since there are too many sgRNAs. To change, revise the --max-sgrnapergene-permutation option. 
INFO  @ Thu, 09 Mar 2023 17:58:53: Skipping gene KDM2B from MLE calculation since there are too many sgRNAs. To change, revise the --max-sgrnapergene-permutation option. 
INFO  @ Thu, 09 Mar 2023 17:58:53: Skipping gene TDRD6 from MLE calculation since there are too many sgRNAs. To change, revise the --max-sgrnapergene-permutation option. 
INFO  @ Thu, 09 Mar 2023 17:58:53: Skipping gene PBRM1 from MLE calculation since there are too many sgRNAs. To change, revise the --max-sgrnapergene-permutation option. 
INFO  @ Thu, 09 Mar 2023 17:58:53: Skipping gene NKX2 from MLE calculation since there are too many sgRNAs. To change, revise the --max-sgrnapergene-permutation option. 
INFO  @ Thu, 09 Mar 2023 17:58:53: Skipping gene RNF17 from MLE calculation since there are too many sgRNAs. To change, revise the --max-sgrnapergene-permutation option. 
INFO  @ Thu, 09 Mar 2023 17:58:53: Skipping gene KDM2A from MLE calculation since there are too many sgRNAs. To change, revise the --max-sgrnapergene-permutation option. 
INFO  @ Thu, 09 Mar 2023 17:58:53: Thread 0 started. 
INFO  @ Thu, 09 Mar 2023 17:58:53: Thread 0: total 3503 instances. 
INFO  @ Thu, 09 Mar 2023 17:58:53: Thread 0: Calculating SETD1B (1) ...  
INFO  @ Thu, 09 Mar 2023 17:58:57: Thread 0: Calculating CUL2 (1001) ...  
INFO  @ Thu, 09 Mar 2023 17:59:00: Thread 0: Calculating RNF11 (2001) ...  
INFO  @ Thu, 09 Mar 2023 17:59:03: Thread 0: Calculating ZNF598 (3001) ...  
INFO  @ Thu, 09 Mar 2023 17:59:04: Thread 0 completed. 
INFO  @ Thu, 09 Mar 2023 17:59:04: All threads completed. 
INFO  @ Thu, 09 Mar 2023 17:59:05: Permuting groups of gene with 1 sgRNAs per gene. Group progress: 1/41 
INFO  @ Thu, 09 Mar 2023 17:59:05: Start permuting 2 rounds ... 
INFO  @ Thu, 09 Mar 2023 17:59:06: Collecting 25893 sgRNAs from 3514 genes. 
INFO  @ Thu, 09 Mar 2023 17:59:06: Permuting round 0 ... 
INFO  @ Thu, 09 Mar 2023 17:59:06: Thread 0 started. 
INFO  @ Thu, 09 Mar 2023 17:59:06: Thread 0: total 3514 instances. 
INFO  @ Thu, 09 Mar 2023 17:59:06: Thread 0: Calculating SETD1B (1) ...  
INFO  @ Thu, 09 Mar 2023 17:59:08: Thread 0: Calculating PLK4 (1001) ...  
INFO  @ Thu, 09 Mar 2023 17:59:09: Thread 0: Calculating KCNA1 (2001) ...  
INFO  @ Thu, 09 Mar 2023 17:59:11: Thread 0: Calculating ZNF781 (3001) ...  
INFO  @ Thu, 09 Mar 2023 17:59:12: Thread 0 completed. 
INFO  @ Thu, 09 Mar 2023 17:59:12: All threads completed. 
INFO  @ Thu, 09 Mar 2023 17:59:13: Permuting round 1 ... 
INFO  @ Thu, 09 Mar 2023 17:59:13: Thread 0 started. 
INFO  @ Thu, 09 Mar 2023 17:59:13: Thread 0: total 3514 instances. 
INFO  @ Thu, 09 Mar 2023 17:59:13: Thread 0: Calculating SETD1B (1) ...  
INFO  @ Thu, 09 Mar 2023 17:59:15: Thread 0: Calculating PLK4 (1001) ...  
INFO  @ Thu, 09 Mar 2023 17:59:16: Thread 0: Calculating KCNA1 (2001) ...  
INFO  @ Thu, 09 Mar 2023 17:59:18: Thread 0: Calculating ZNF781 (3001) ...  
INFO  @ Thu, 09 Mar 2023 17:59:19: Thread 0 completed. 
INFO  @ Thu, 09 Mar 2023 17:59:19: All threads completed. 
INFO  @ Thu, 09 Mar 2023 17:59:20: Assigning p values... 
INFO  @ Thu, 09 Mar 2023 17:59:20: Permuting groups of gene with 2 sgRNAs per gene. Group progress: 2/41 
INFO  @ Thu, 09 Mar 2023 17:59:20: Start permuting 2 rounds ... 
INFO  @ Thu, 09 Mar 2023 17:59:20: Collecting 25893 sgRNAs from 3514 genes. 
INFO  @ Thu, 09 Mar 2023 17:59:20: Permuting round 0 ... 
INFO  @ Thu, 09 Mar 2023 17:59:20: Thread 0 started. 
INFO  @ Thu, 09 Mar 2023 17:59:20: Thread 0: total 3514 instances. 
INFO  @ Thu, 09 Mar 2023 17:59:20: Thread 0: Calculating SETD1B (1) ...  
INFO  @ Thu, 09 Mar 2023 17:59:23: Thread 0: Calculating PLK4 (1001) ...  
INFO  @ Thu, 09 Mar 2023 17:59:25: Thread 0: Calculating KCNA1 (2001) ...  
INFO  @ Thu, 09 Mar 2023 17:59:28: Thread 0: Calculating ZNF781 (3001) ...  
INFO  @ Thu, 09 Mar 2023 17:59:29: Thread 0 completed. 
INFO  @ Thu, 09 Mar 2023 17:59:29: All threads completed. 
INFO  @ Thu, 09 Mar 2023 17:59:30: Permuting round 1 ... 
INFO  @ Thu, 09 Mar 2023 17:59:30: Thread 0 started. 
INFO  @ Thu, 09 Mar 2023 17:59:30: Thread 0: total 3514 instances. 
INFO  @ Thu, 09 Mar 2023 17:59:30: Thread 0: Calculating SETD1B (1) ...  
INFO  @ Thu, 09 Mar 2023 17:59:33: Thread 0: Calculating PLK4 (1001) ...  
INFO  @ Thu, 09 Mar 2023 17:59:35: Thread 0: Calculating KCNA1 (2001) ...  
INFO  @ Thu, 09 Mar 2023 17:59:37: Thread 0: Calculating ZNF781 (3001) ...  
INFO  @ Thu, 09 Mar 2023 17:59:39: Thread 0 completed. 
INFO  @ Thu, 09 Mar 2023 17:59:39: All threads completed. 
INFO  @ Thu, 09 Mar 2023 17:59:40: Assigning p values... 
INFO  @ Thu, 09 Mar 2023 17:59:40: Permuting groups of gene with 3 sgRNAs per gene. Group progress: 3/41 
INFO  @ Thu, 09 Mar 2023 17:59:40: Start permuting 2 rounds ... 
INFO  @ Thu, 09 Mar 2023 17:59:40: Collecting 25893 sgRNAs from 3514 genes. 
INFO  @ Thu, 09 Mar 2023 17:59:40: Permuting round 0 ... 
INFO  @ Thu, 09 Mar 2023 17:59:40: Thread 0 started. 
INFO  @ Thu, 09 Mar 2023 17:59:40: Thread 0: total 3514 instances. 
INFO  @ Thu, 09 Mar 2023 17:59:40: Thread 0: Calculating SETD1B (1) ...  
INFO  @ Thu, 09 Mar 2023 17:59:43: Thread 0: Calculating PLK4 (1001) ...  
INFO  @ Thu, 09 Mar 2023 17:59:46: Thread 0: Calculating KCNA1 (2001) ...  
INFO  @ Thu, 09 Mar 2023 17:59:48: Thread 0: Calculating ZNF781 (3001) ...  
INFO  @ Thu, 09 Mar 2023 17:59:50: Thread 0 completed. 
INFO  @ Thu, 09 Mar 2023 17:59:50: All threads completed. 
INFO  @ Thu, 09 Mar 2023 17:59:51: Permuting round 1 ... 
INFO  @ Thu, 09 Mar 2023 17:59:51: Thread 0 started. 
INFO  @ Thu, 09 Mar 2023 17:59:51: Thread 0: total 3514 instances. 
INFO  @ Thu, 09 Mar 2023 17:59:51: Thread 0: Calculating SETD1B (1) ...  
INFO  @ Thu, 09 Mar 2023 17:59:54: Thread 0: Calculating PLK4 (1001) ...  
INFO  @ Thu, 09 Mar 2023 17:59:56: Thread 0: Calculating KCNA1 (2001) ...  
INFO  @ Thu, 09 Mar 2023 18:00:00: Thread 0: Calculating ZNF781 (3001) ...  
INFO  @ Thu, 09 Mar 2023 18:00:02: Thread 0 completed. 
INFO  @ Thu, 09 Mar 2023 18:00:02: All threads completed. 
INFO  @ Thu, 09 Mar 2023 18:00:03: Assigning p values... 
INFO  @ Thu, 09 Mar 2023 18:00:03: Permuting groups of gene with 4 sgRNAs per gene. Group progress: 4/41 
INFO  @ Thu, 09 Mar 2023 18:00:03: Start permuting 2 rounds ... 
INFO  @ Thu, 09 Mar 2023 18:00:03: Collecting 25893 sgRNAs from 3514 genes. 
INFO  @ Thu, 09 Mar 2023 18:00:03: Permuting round 0 ... 
INFO  @ Thu, 09 Mar 2023 18:00:03: Thread 0 started. 
INFO  @ Thu, 09 Mar 2023 18:00:03: Thread 0: total 3514 instances. 
INFO  @ Thu, 09 Mar 2023 18:00:03: Thread 0: Calculating SETD1B (1) ...  
INFO  @ Thu, 09 Mar 2023 18:00:06: Thread 0: Calculating PLK4 (1001) ...  
INFO  @ Thu, 09 Mar 2023 18:00:09: Thread 0: Calculating KCNA1 (2001) ...  
INFO  @ Thu, 09 Mar 2023 18:00:12: Thread 0: Calculating ZNF781 (3001) ...  
INFO  @ Thu, 09 Mar 2023 18:00:13: Thread 0 completed. 
INFO  @ Thu, 09 Mar 2023 18:00:13: All threads completed. 
INFO  @ Thu, 09 Mar 2023 18:00:15: Permuting round 1 ... 
INFO  @ Thu, 09 Mar 2023 18:00:15: Thread 0 started. 
INFO  @ Thu, 09 Mar 2023 18:00:15: Thread 0: total 3514 instances. 
INFO  @ Thu, 09 Mar 2023 18:00:15: Thread 0: Calculating SETD1B (1) ...  
INFO  @ Thu, 09 Mar 2023 18:00:17: Thread 0: Calculating PLK4 (1001) ...  
INFO  @ Thu, 09 Mar 2023 18:00:20: Thread 0: Calculating KCNA1 (2001) ...  
INFO  @ Thu, 09 Mar 2023 18:00:23: Thread 0: Calculating ZNF781 (3001) ...  
INFO  @ Thu, 09 Mar 2023 18:00:25: Thread 0 completed. 
INFO  @ Thu, 09 Mar 2023 18:00:25: All threads completed. 
INFO  @ Thu, 09 Mar 2023 18:00:26: Assigning p values... 
INFO  @ Thu, 09 Mar 2023 18:00:26: Permuting groups of gene with 5 sgRNAs per gene. Group progress: 5/41 
INFO  @ Thu, 09 Mar 2023 18:00:26: Start permuting 2 rounds ... 
INFO  @ Thu, 09 Mar 2023 18:00:26: Collecting 25893 sgRNAs from 3514 genes. 
INFO  @ Thu, 09 Mar 2023 18:00:26: Permuting round 0 ... 
INFO  @ Thu, 09 Mar 2023 18:00:26: Thread 0 started. 
INFO  @ Thu, 09 Mar 2023 18:00:26: Thread 0: total 3514 instances. 
INFO  @ Thu, 09 Mar 2023 18:00:26: Thread 0: Calculating SETD1B (1) ...  
INFO  @ Thu, 09 Mar 2023 18:00:29: Thread 0: Calculating PLK4 (1001) ...  
INFO  @ Thu, 09 Mar 2023 18:00:32: Thread 0: Calculating KCNA1 (2001) ...  
INFO  @ Thu, 09 Mar 2023 18:00:35: Thread 0: Calculating ZNF781 (3001) ...  
INFO  @ Thu, 09 Mar 2023 18:00:37: Thread 0 completed. 
INFO  @ Thu, 09 Mar 2023 18:00:37: All threads completed. 
INFO  @ Thu, 09 Mar 2023 18:00:38: Permuting round 1 ... 
INFO  @ Thu, 09 Mar 2023 18:00:38: Thread 0 started. 
INFO  @ Thu, 09 Mar 2023 18:00:38: Thread 0: total 3514 instances. 
INFO  @ Thu, 09 Mar 2023 18:00:38: Thread 0: Calculating SETD1B (1) ...  
INFO  @ Thu, 09 Mar 2023 18:00:41: Thread 0: Calculating PLK4 (1001) ...  
INFO  @ Thu, 09 Mar 2023 18:00:44: Thread 0: Calculating KCNA1 (2001) ...  
INFO  @ Thu, 09 Mar 2023 18:00:47: Thread 0: Calculating ZNF781 (3001) ...  
INFO  @ Thu, 09 Mar 2023 18:00:48: Thread 0 completed. 
INFO  @ Thu, 09 Mar 2023 18:00:48: All threads completed. 
INFO  @ Thu, 09 Mar 2023 18:00:49: Assigning p values... 
INFO  @ Thu, 09 Mar 2023 18:00:49: Permuting groups of gene with 6 sgRNAs per gene. Group progress: 6/41 
INFO  @ Thu, 09 Mar 2023 18:00:49: Start permuting 2 rounds ... 
INFO  @ Thu, 09 Mar 2023 18:00:49: Collecting 25893 sgRNAs from 3514 genes. 
INFO  @ Thu, 09 Mar 2023 18:00:49: Permuting round 0 ... 
INFO  @ Thu, 09 Mar 2023 18:00:50: Thread 0 started. 
INFO  @ Thu, 09 Mar 2023 18:00:50: Thread 0: total 3514 instances. 
INFO  @ Thu, 09 Mar 2023 18:00:50: Thread 0: Calculating SETD1B (1) ...  
INFO  @ Thu, 09 Mar 2023 18:00:53: Thread 0: Calculating PLK4 (1001) ...  
INFO  @ Thu, 09 Mar 2023 18:00:56: Thread 0: Calculating KCNA1 (2001) ...  
INFO  @ Thu, 09 Mar 2023 18:00:59: Thread 0: Calculating ZNF781 (3001) ...  
INFO  @ Thu, 09 Mar 2023 18:01:00: Thread 0 completed. 
INFO  @ Thu, 09 Mar 2023 18:01:00: All threads completed. 
INFO  @ Thu, 09 Mar 2023 18:01:01: Permuting round 1 ... 
INFO  @ Thu, 09 Mar 2023 18:01:01: Thread 0 started. 
INFO  @ Thu, 09 Mar 2023 18:01:01: Thread 0: total 3514 instances. 
INFO  @ Thu, 09 Mar 2023 18:01:01: Thread 0: Calculating SETD1B (1) ...  
INFO  @ Thu, 09 Mar 2023 18:01:05: Thread 0: Calculating PLK4 (1001) ...  
INFO  @ Thu, 09 Mar 2023 18:01:08: Thread 0: Calculating KCNA1 (2001) ...  
INFO  @ Thu, 09 Mar 2023 18:01:11: Thread 0: Calculating ZNF781 (3001) ...  
INFO  @ Thu, 09 Mar 2023 18:01:12: Thread 0 completed. 
INFO  @ Thu, 09 Mar 2023 18:01:12: All threads completed. 
INFO  @ Thu, 09 Mar 2023 18:01:13: Assigning p values... 
INFO  @ Thu, 09 Mar 2023 18:01:13: Permuting groups of gene with 7 sgRNAs per gene. Group progress: 7/41 
INFO  @ Thu, 09 Mar 2023 18:01:13: Start permuting 2 rounds ... 
INFO  @ Thu, 09 Mar 2023 18:01:13: Collecting 25893 sgRNAs from 3514 genes. 
INFO  @ Thu, 09 Mar 2023 18:01:14: Permuting round 0 ... 
INFO  @ Thu, 09 Mar 2023 18:01:14: Thread 0 started. 
INFO  @ Thu, 09 Mar 2023 18:01:14: Thread 0: total 3514 instances. 
INFO  @ Thu, 09 Mar 2023 18:01:14: Thread 0: Calculating SETD1B (1) ...  
INFO  @ Thu, 09 Mar 2023 18:01:17: Thread 0: Calculating PLK4 (1001) ...  
INFO  @ Thu, 09 Mar 2023 18:01:20: Thread 0: Calculating KCNA1 (2001) ...  
INFO  @ Thu, 09 Mar 2023 18:01:23: Thread 0: Calculating ZNF781 (3001) ...  
INFO  @ Thu, 09 Mar 2023 18:01:24: Thread 0 completed. 
INFO  @ Thu, 09 Mar 2023 18:01:24: All threads completed. 
INFO  @ Thu, 09 Mar 2023 18:01:25: Permuting round 1 ... 
INFO  @ Thu, 09 Mar 2023 18:01:26: Thread 0 started. 
INFO  @ Thu, 09 Mar 2023 18:01:26: Thread 0: total 3514 instances. 
INFO  @ Thu, 09 Mar 2023 18:01:26: Thread 0: Calculating SETD1B (1) ...  
INFO  @ Thu, 09 Mar 2023 18:01:29: Thread 0: Calculating PLK4 (1001) ...  
INFO  @ Thu, 09 Mar 2023 18:01:32: Thread 0: Calculating KCNA1 (2001) ...  
INFO  @ Thu, 09 Mar 2023 18:01:35: Thread 0: Calculating ZNF781 (3001) ...  
INFO  @ Thu, 09 Mar 2023 18:01:37: Thread 0 completed. 
INFO  @ Thu, 09 Mar 2023 18:01:37: All threads completed. 
INFO  @ Thu, 09 Mar 2023 18:01:38: Assigning p values... 
INFO  @ Thu, 09 Mar 2023 18:01:38: Permuting groups of gene with 8 sgRNAs per gene. Group progress: 8/41 
INFO  @ Thu, 09 Mar 2023 18:01:38: Start permuting 2 rounds ... 
INFO  @ Thu, 09 Mar 2023 18:01:38: Collecting 25893 sgRNAs from 3514 genes. 
INFO  @ Thu, 09 Mar 2023 18:01:38: Permuting round 0 ... 
INFO  @ Thu, 09 Mar 2023 18:01:38: Thread 0 started. 
INFO  @ Thu, 09 Mar 2023 18:01:38: Thread 0: total 3514 instances. 
INFO  @ Thu, 09 Mar 2023 18:01:38: Thread 0: Calculating SETD1B (1) ...  
INFO  @ Thu, 09 Mar 2023 18:01:41: Thread 0: Calculating PLK4 (1001) ...  
INFO  @ Thu, 09 Mar 2023 18:01:44: Thread 0: Calculating KCNA1 (2001) ...  
INFO  @ Thu, 09 Mar 2023 18:01:48: Thread 0: Calculating ZNF781 (3001) ...  
INFO  @ Thu, 09 Mar 2023 18:01:49: Thread 0 completed. 
INFO  @ Thu, 09 Mar 2023 18:01:49: All threads completed. 
INFO  @ Thu, 09 Mar 2023 18:01:50: Permuting round 1 ... 
INFO  @ Thu, 09 Mar 2023 18:01:50: Thread 0 started. 
INFO  @ Thu, 09 Mar 2023 18:01:50: Thread 0: total 3514 instances. 
INFO  @ Thu, 09 Mar 2023 18:01:50: Thread 0: Calculating SETD1B (1) ...  
INFO  @ Thu, 09 Mar 2023 18:01:54: Thread 0: Calculating PLK4 (1001) ...  
INFO  @ Thu, 09 Mar 2023 18:01:57: Thread 0: Calculating KCNA1 (2001) ...  
INFO  @ Thu, 09 Mar 2023 18:02:00: Thread 0: Calculating ZNF781 (3001) ...  
INFO  @ Thu, 09 Mar 2023 18:02:01: Thread 0 completed. 
INFO  @ Thu, 09 Mar 2023 18:02:01: All threads completed. 
INFO  @ Thu, 09 Mar 2023 18:02:03: Assigning p values... 
INFO  @ Thu, 09 Mar 2023 18:02:03: Permuting groups of gene with 9 sgRNAs per gene. Group progress: 9/41 
INFO  @ Thu, 09 Mar 2023 18:02:03: Start permuting 2 rounds ... 
INFO  @ Thu, 09 Mar 2023 18:02:03: Collecting 25893 sgRNAs from 3514 genes. 
INFO  @ Thu, 09 Mar 2023 18:02:03: Permuting round 0 ... 
INFO  @ Thu, 09 Mar 2023 18:02:03: Thread 0 started. 
INFO  @ Thu, 09 Mar 2023 18:02:03: Thread 0: total 3514 instances. 
INFO  @ Thu, 09 Mar 2023 18:02:03: Thread 0: Calculating SETD1B (1) ...  
INFO  @ Thu, 09 Mar 2023 18:02:06: Thread 0: Calculating PLK4 (1001) ...  
INFO  @ Thu, 09 Mar 2023 18:02:10: Thread 0: Calculating KCNA1 (2001) ...  
INFO  @ Thu, 09 Mar 2023 18:02:13: Thread 0: Calculating ZNF781 (3001) ...  
INFO  @ Thu, 09 Mar 2023 18:02:15: Thread 0 completed. 
INFO  @ Thu, 09 Mar 2023 18:02:15: All threads completed. 
INFO  @ Thu, 09 Mar 2023 18:02:16: Permuting round 1 ... 
INFO  @ Thu, 09 Mar 2023 18:02:16: Thread 0 started. 
INFO  @ Thu, 09 Mar 2023 18:02:16: Thread 0: total 3514 instances. 
INFO  @ Thu, 09 Mar 2023 18:02:16: Thread 0: Calculating SETD1B (1) ...  
INFO  @ Thu, 09 Mar 2023 18:02:19: Thread 0: Calculating PLK4 (1001) ...  
INFO  @ Thu, 09 Mar 2023 18:02:22: Thread 0: Calculating KCNA1 (2001) ...  
INFO  @ Thu, 09 Mar 2023 18:02:26: Thread 0: Calculating ZNF781 (3001) ...  
INFO  @ Thu, 09 Mar 2023 18:02:27: Thread 0 completed. 
INFO  @ Thu, 09 Mar 2023 18:02:27: All threads completed. 
INFO  @ Thu, 09 Mar 2023 18:02:28: Assigning p values... 
INFO  @ Thu, 09 Mar 2023 18:02:28: Permuting groups of gene with 10 sgRNAs per gene. Group progress: 10/41 
INFO  @ Thu, 09 Mar 2023 18:02:28: Start permuting 2 rounds ... 
INFO  @ Thu, 09 Mar 2023 18:02:29: Collecting 25893 sgRNAs from 3514 genes. 
INFO  @ Thu, 09 Mar 2023 18:02:29: Permuting round 0 ... 
INFO  @ Thu, 09 Mar 2023 18:02:29: Thread 0 started. 
INFO  @ Thu, 09 Mar 2023 18:02:29: Thread 0: total 3514 instances. 
INFO  @ Thu, 09 Mar 2023 18:02:29: Thread 0: Calculating SETD1B (1) ...  
INFO  @ Thu, 09 Mar 2023 18:02:32: Thread 0: Calculating PLK4 (1001) ...  
INFO  @ Thu, 09 Mar 2023 18:02:36: Thread 0: Calculating KCNA1 (2001) ...  
INFO  @ Thu, 09 Mar 2023 18:02:39: Thread 0: Calculating ZNF781 (3001) ...  
INFO  @ Thu, 09 Mar 2023 18:02:40: Thread 0 completed. 
INFO  @ Thu, 09 Mar 2023 18:02:40: All threads completed. 
INFO  @ Thu, 09 Mar 2023 18:02:42: Permuting round 1 ... 
INFO  @ Thu, 09 Mar 2023 18:02:42: Thread 0 started. 
INFO  @ Thu, 09 Mar 2023 18:02:42: Thread 0: total 3514 instances. 
INFO  @ Thu, 09 Mar 2023 18:02:42: Thread 0: Calculating SETD1B (1) ...  
INFO  @ Thu, 09 Mar 2023 18:02:45: Thread 0: Calculating PLK4 (1001) ...  
INFO  @ Thu, 09 Mar 2023 18:02:48: Thread 0: Calculating KCNA1 (2001) ...  
INFO  @ Thu, 09 Mar 2023 18:02:52: Thread 0: Calculating ZNF781 (3001) ...  
INFO  @ Thu, 09 Mar 2023 18:02:53: Thread 0 completed. 
INFO  @ Thu, 09 Mar 2023 18:02:53: All threads completed. 
INFO  @ Thu, 09 Mar 2023 18:02:54: Assigning p values... 
INFO  @ Thu, 09 Mar 2023 18:02:55: Permuting groups of gene with 11 sgRNAs per gene. Group progress: 11/41 
INFO  @ Thu, 09 Mar 2023 18:02:55: Start permuting 2 rounds ... 
INFO  @ Thu, 09 Mar 2023 18:02:55: Collecting 25893 sgRNAs from 3514 genes. 
INFO  @ Thu, 09 Mar 2023 18:02:55: Permuting round 0 ... 
INFO  @ Thu, 09 Mar 2023 18:02:55: Thread 0 started. 
INFO  @ Thu, 09 Mar 2023 18:02:55: Thread 0: total 3514 instances. 
INFO  @ Thu, 09 Mar 2023 18:02:55: Thread 0: Calculating SETD1B (1) ...  
INFO  @ Thu, 09 Mar 2023 18:02:58: Thread 0: Calculating PLK4 (1001) ...  
INFO  @ Thu, 09 Mar 2023 18:03:02: Thread 0: Calculating KCNA1 (2001) ...  
INFO  @ Thu, 09 Mar 2023 18:03:05: Thread 0: Calculating ZNF781 (3001) ...  
INFO  @ Thu, 09 Mar 2023 18:03:07: Thread 0 completed. 
INFO  @ Thu, 09 Mar 2023 18:03:07: All threads completed. 
INFO  @ Thu, 09 Mar 2023 18:03:08: Permuting round 1 ... 
INFO  @ Thu, 09 Mar 2023 18:03:08: Thread 0 started. 
INFO  @ Thu, 09 Mar 2023 18:03:08: Thread 0: total 3514 instances. 
INFO  @ Thu, 09 Mar 2023 18:03:08: Thread 0: Calculating SETD1B (1) ...  
INFO  @ Thu, 09 Mar 2023 18:03:11: Thread 0: Calculating PLK4 (1001) ...  
INFO  @ Thu, 09 Mar 2023 18:03:15: Thread 0: Calculating KCNA1 (2001) ...  
INFO  @ Thu, 09 Mar 2023 18:03:18: Thread 0: Calculating ZNF781 (3001) ...  
INFO  @ Thu, 09 Mar 2023 18:03:20: Thread 0 completed. 
INFO  @ Thu, 09 Mar 2023 18:03:20: All threads completed. 
INFO  @ Thu, 09 Mar 2023 18:03:21: Assigning p values... 
INFO  @ Thu, 09 Mar 2023 18:03:21: Permuting groups of gene with 12 sgRNAs per gene. Group progress: 12/41 
INFO  @ Thu, 09 Mar 2023 18:03:21: Start permuting 2 rounds ... 
INFO  @ Thu, 09 Mar 2023 18:03:21: Collecting 25893 sgRNAs from 3514 genes. 
INFO  @ Thu, 09 Mar 2023 18:03:22: Permuting round 0 ... 
INFO  @ Thu, 09 Mar 2023 18:03:22: Thread 0 started. 
INFO  @ Thu, 09 Mar 2023 18:03:22: Thread 0: total 3514 instances. 
INFO  @ Thu, 09 Mar 2023 18:03:22: Thread 0: Calculating SETD1B (1) ...  
INFO  @ Thu, 09 Mar 2023 18:03:25: Thread 0: Calculating PLK4 (1001) ...  
INFO  @ Thu, 09 Mar 2023 18:03:28: Thread 0: Calculating KCNA1 (2001) ...  
INFO  @ Thu, 09 Mar 2023 18:03:32: Thread 0: Calculating ZNF781 (3001) ...  
INFO  @ Thu, 09 Mar 2023 18:03:34: Thread 0 completed. 
INFO  @ Thu, 09 Mar 2023 18:03:34: All threads completed. 
INFO  @ Thu, 09 Mar 2023 18:03:35: Permuting round 1 ... 
INFO  @ Thu, 09 Mar 2023 18:03:35: Thread 0 started. 
INFO  @ Thu, 09 Mar 2023 18:03:35: Thread 0: total 3514 instances. 
INFO  @ Thu, 09 Mar 2023 18:03:35: Thread 0: Calculating SETD1B (1) ...  
INFO  @ Thu, 09 Mar 2023 18:03:38: Thread 0: Calculating PLK4 (1001) ...  
INFO  @ Thu, 09 Mar 2023 18:03:42: Thread 0: Calculating KCNA1 (2001) ...  
INFO  @ Thu, 09 Mar 2023 18:03:45: Thread 0: Calculating ZNF781 (3001) ...  
INFO  @ Thu, 09 Mar 2023 18:03:47: Thread 0 completed. 
INFO  @ Thu, 09 Mar 2023 18:03:47: All threads completed. 
INFO  @ Thu, 09 Mar 2023 18:03:48: Assigning p values... 
INFO  @ Thu, 09 Mar 2023 18:03:48: Permuting groups of gene with 13 sgRNAs per gene. Group progress: 13/41 
INFO  @ Thu, 09 Mar 2023 18:03:48: Start permuting 2 rounds ... 
INFO  @ Thu, 09 Mar 2023 18:03:48: Collecting 25893 sgRNAs from 3514 genes. 
INFO  @ Thu, 09 Mar 2023 18:03:48: Permuting round 0 ... 
INFO  @ Thu, 09 Mar 2023 18:03:49: Thread 0 started. 
INFO  @ Thu, 09 Mar 2023 18:03:49: Thread 0: total 3514 instances. 
INFO  @ Thu, 09 Mar 2023 18:03:49: Thread 0: Calculating SETD1B (1) ...  
INFO  @ Thu, 09 Mar 2023 18:03:52: Thread 0: Calculating PLK4 (1001) ...  
INFO  @ Thu, 09 Mar 2023 18:03:56: Thread 0: Calculating KCNA1 (2001) ...  
INFO  @ Thu, 09 Mar 2023 18:03:59: Thread 0: Calculating ZNF781 (3001) ...  
INFO  @ Thu, 09 Mar 2023 18:04:01: Thread 0 completed. 
INFO  @ Thu, 09 Mar 2023 18:04:01: All threads completed. 
INFO  @ Thu, 09 Mar 2023 18:04:02: Permuting round 1 ... 
INFO  @ Thu, 09 Mar 2023 18:04:02: Thread 0 started. 
INFO  @ Thu, 09 Mar 2023 18:04:02: Thread 0: total 3514 instances. 
INFO  @ Thu, 09 Mar 2023 18:04:02: Thread 0: Calculating SETD1B (1) ...  
INFO  @ Thu, 09 Mar 2023 18:04:06: Thread 0: Calculating PLK4 (1001) ...  
INFO  @ Thu, 09 Mar 2023 18:04:10: Thread 0: Calculating KCNA1 (2001) ...  
INFO  @ Thu, 09 Mar 2023 18:04:13: Thread 0: Calculating ZNF781 (3001) ...  
INFO  @ Thu, 09 Mar 2023 18:04:15: Thread 0 completed. 
INFO  @ Thu, 09 Mar 2023 18:04:15: All threads completed. 
INFO  @ Thu, 09 Mar 2023 18:04:16: Assigning p values... 
INFO  @ Thu, 09 Mar 2023 18:04:16: Permuting groups of gene with 14 sgRNAs per gene. Group progress: 14/41 
INFO  @ Thu, 09 Mar 2023 18:04:16: Start permuting 2 rounds ... 
INFO  @ Thu, 09 Mar 2023 18:04:16: Collecting 25893 sgRNAs from 3514 genes. 
INFO  @ Thu, 09 Mar 2023 18:04:16: Permuting round 0 ... 
INFO  @ Thu, 09 Mar 2023 18:04:17: Thread 0 started. 
INFO  @ Thu, 09 Mar 2023 18:04:17: Thread 0: total 3514 instances. 
INFO  @ Thu, 09 Mar 2023 18:04:17: Thread 0: Calculating SETD1B (1) ...  
INFO  @ Thu, 09 Mar 2023 18:04:20: Thread 0: Calculating PLK4 (1001) ...  
INFO  @ Thu, 09 Mar 2023 18:04:24: Thread 0: Calculating KCNA1 (2001) ...  
INFO  @ Thu, 09 Mar 2023 18:04:27: Thread 0: Calculating ZNF781 (3001) ...  
INFO  @ Thu, 09 Mar 2023 18:04:29: Thread 0 completed. 
INFO  @ Thu, 09 Mar 2023 18:04:29: All threads completed. 
INFO  @ Thu, 09 Mar 2023 18:04:30: Permuting round 1 ... 
INFO  @ Thu, 09 Mar 2023 18:04:30: Thread 0 started. 
INFO  @ Thu, 09 Mar 2023 18:04:30: Thread 0: total 3514 instances. 
INFO  @ Thu, 09 Mar 2023 18:04:30: Thread 0: Calculating SETD1B (1) ...  
INFO  @ Thu, 09 Mar 2023 18:04:34: Thread 0: Calculating PLK4 (1001) ...  
INFO  @ Thu, 09 Mar 2023 18:04:37: Thread 0: Calculating KCNA1 (2001) ...  
INFO  @ Thu, 09 Mar 2023 18:04:41: Thread 0: Calculating ZNF781 (3001) ...  
INFO  @ Thu, 09 Mar 2023 18:04:43: Thread 0 completed. 
INFO  @ Thu, 09 Mar 2023 18:04:43: All threads completed. 
INFO  @ Thu, 09 Mar 2023 18:04:44: Assigning p values... 
INFO  @ Thu, 09 Mar 2023 18:04:44: Permuting groups of gene with 15 sgRNAs per gene. Group progress: 15/41 
INFO  @ Thu, 09 Mar 2023 18:04:44: Start permuting 2 rounds ... 
INFO  @ Thu, 09 Mar 2023 18:04:44: Collecting 25893 sgRNAs from 3514 genes. 
INFO  @ Thu, 09 Mar 2023 18:04:44: Permuting round 0 ... 
INFO  @ Thu, 09 Mar 2023 18:04:44: Thread 0 started. 
INFO  @ Thu, 09 Mar 2023 18:04:44: Thread 0: total 3514 instances. 
INFO  @ Thu, 09 Mar 2023 18:04:44: Thread 0: Calculating SETD1B (1) ...  
INFO  @ Thu, 09 Mar 2023 18:04:48: Thread 0: Calculating PLK4 (1001) ...  
INFO  @ Thu, 09 Mar 2023 18:04:51: Thread 0: Calculating KCNA1 (2001) ...  
INFO  @ Thu, 09 Mar 2023 18:04:55: Thread 0: Calculating ZNF781 (3001) ...  
INFO  @ Thu, 09 Mar 2023 18:04:57: Thread 0 completed. 
INFO  @ Thu, 09 Mar 2023 18:04:57: All threads completed. 
INFO  @ Thu, 09 Mar 2023 18:04:58: Permuting round 1 ... 
INFO  @ Thu, 09 Mar 2023 18:04:58: Thread 0 started. 
INFO  @ Thu, 09 Mar 2023 18:04:58: Thread 0: total 3514 instances. 
INFO  @ Thu, 09 Mar 2023 18:04:58: Thread 0: Calculating SETD1B (1) ...  
INFO  @ Thu, 09 Mar 2023 18:05:02: Thread 0: Calculating PLK4 (1001) ...  
INFO  @ Thu, 09 Mar 2023 18:05:05: Thread 0: Calculating KCNA1 (2001) ...  
INFO  @ Thu, 09 Mar 2023 18:05:09: Thread 0: Calculating ZNF781 (3001) ...  
INFO  @ Thu, 09 Mar 2023 18:05:12: Thread 0 completed. 
INFO  @ Thu, 09 Mar 2023 18:05:12: All threads completed. 
INFO  @ Thu, 09 Mar 2023 18:05:13: Assigning p values... 
INFO  @ Thu, 09 Mar 2023 18:05:13: Permuting groups of gene with 16 sgRNAs per gene. Group progress: 16/41 
INFO  @ Thu, 09 Mar 2023 18:05:13: Start permuting 2 rounds ... 
INFO  @ Thu, 09 Mar 2023 18:05:13: Collecting 25893 sgRNAs from 3514 genes. 
INFO  @ Thu, 09 Mar 2023 18:05:13: Permuting round 0 ... 
INFO  @ Thu, 09 Mar 2023 18:05:13: Thread 0 started. 
INFO  @ Thu, 09 Mar 2023 18:05:13: Thread 0: total 3514 instances. 
INFO  @ Thu, 09 Mar 2023 18:05:13: Thread 0: Calculating SETD1B (1) ...  
INFO  @ Thu, 09 Mar 2023 18:05:17: Thread 0: Calculating PLK4 (1001) ...  
INFO  @ Thu, 09 Mar 2023 18:05:21: Thread 0: Calculating KCNA1 (2001) ...  
INFO  @ Thu, 09 Mar 2023 18:05:25: Thread 0: Calculating ZNF781 (3001) ...  
INFO  @ Thu, 09 Mar 2023 18:05:27: Thread 0 completed. 
INFO  @ Thu, 09 Mar 2023 18:05:27: All threads completed. 
INFO  @ Thu, 09 Mar 2023 18:05:28: Permuting round 1 ... 
INFO  @ Thu, 09 Mar 2023 18:05:28: Thread 0 started. 
INFO  @ Thu, 09 Mar 2023 18:05:28: Thread 0: total 3514 instances. 
INFO  @ Thu, 09 Mar 2023 18:05:28: Thread 0: Calculating SETD1B (1) ...  
INFO  @ Thu, 09 Mar 2023 18:05:32: Thread 0: Calculating PLK4 (1001) ...  
INFO  @ Thu, 09 Mar 2023 18:05:36: Thread 0: Calculating KCNA1 (2001) ...  
INFO  @ Thu, 09 Mar 2023 18:05:39: Thread 0: Calculating ZNF781 (3001) ...  
INFO  @ Thu, 09 Mar 2023 18:05:41: Thread 0 completed. 
INFO  @ Thu, 09 Mar 2023 18:05:41: All threads completed. 
INFO  @ Thu, 09 Mar 2023 18:05:42: Assigning p values... 
INFO  @ Thu, 09 Mar 2023 18:05:42: Permuting groups of gene with 17 sgRNAs per gene. Group progress: 17/41 
INFO  @ Thu, 09 Mar 2023 18:05:42: Start permuting 2 rounds ... 
INFO  @ Thu, 09 Mar 2023 18:05:42: Collecting 25893 sgRNAs from 3514 genes. 
INFO  @ Thu, 09 Mar 2023 18:05:42: Permuting round 0 ... 
INFO  @ Thu, 09 Mar 2023 18:05:43: Thread 0 started. 
INFO  @ Thu, 09 Mar 2023 18:05:43: Thread 0: total 3514 instances. 
INFO  @ Thu, 09 Mar 2023 18:05:43: Thread 0: Calculating SETD1B (1) ...  
INFO  @ Thu, 09 Mar 2023 18:05:46: Thread 0: Calculating PLK4 (1001) ...  
INFO  @ Thu, 09 Mar 2023 18:05:50: Thread 0: Calculating KCNA1 (2001) ...  
INFO  @ Thu, 09 Mar 2023 18:05:53: Thread 0: Calculating ZNF781 (3001) ...  
INFO  @ Thu, 09 Mar 2023 18:05:55: Thread 0 completed. 
INFO  @ Thu, 09 Mar 2023 18:05:55: All threads completed. 
INFO  @ Thu, 09 Mar 2023 18:05:56: Permuting round 1 ... 
INFO  @ Thu, 09 Mar 2023 18:05:57: Thread 0 started. 
INFO  @ Thu, 09 Mar 2023 18:05:57: Thread 0: total 3514 instances. 
INFO  @ Thu, 09 Mar 2023 18:05:57: Thread 0: Calculating SETD1B (1) ...  
INFO  @ Thu, 09 Mar 2023 18:06:00: Thread 0: Calculating PLK4 (1001) ...  
INFO  @ Thu, 09 Mar 2023 18:06:04: Thread 0: Calculating KCNA1 (2001) ...  
INFO  @ Thu, 09 Mar 2023 18:06:08: Thread 0: Calculating ZNF781 (3001) ...  
INFO  @ Thu, 09 Mar 2023 18:06:10: Thread 0 completed. 
INFO  @ Thu, 09 Mar 2023 18:06:10: All threads completed. 
INFO  @ Thu, 09 Mar 2023 18:06:11: Assigning p values... 
INFO  @ Thu, 09 Mar 2023 18:06:11: Permuting groups of gene with 18 sgRNAs per gene. Group progress: 18/41 
INFO  @ Thu, 09 Mar 2023 18:06:11: Start permuting 2 rounds ... 
INFO  @ Thu, 09 Mar 2023 18:06:11: Collecting 25893 sgRNAs from 3514 genes. 
INFO  @ Thu, 09 Mar 2023 18:06:12: Permuting round 0 ... 
INFO  @ Thu, 09 Mar 2023 18:06:12: Thread 0 started. 
INFO  @ Thu, 09 Mar 2023 18:06:12: Thread 0: total 3514 instances. 
INFO  @ Thu, 09 Mar 2023 18:06:12: Thread 0: Calculating SETD1B (1) ...  
INFO  @ Thu, 09 Mar 2023 18:06:15: Thread 0: Calculating PLK4 (1001) ...  
INFO  @ Thu, 09 Mar 2023 18:06:19: Thread 0: Calculating KCNA1 (2001) ...  
INFO  @ Thu, 09 Mar 2023 18:06:23: Thread 0: Calculating ZNF781 (3001) ...  
INFO  @ Thu, 09 Mar 2023 18:06:25: Thread 0 completed. 
INFO  @ Thu, 09 Mar 2023 18:06:25: All threads completed. 
INFO  @ Thu, 09 Mar 2023 18:06:26: Permuting round 1 ... 
INFO  @ Thu, 09 Mar 2023 18:06:26: Thread 0 started. 
INFO  @ Thu, 09 Mar 2023 18:06:26: Thread 0: total 3514 instances. 
INFO  @ Thu, 09 Mar 2023 18:06:26: Thread 0: Calculating SETD1B (1) ...  
INFO  @ Thu, 09 Mar 2023 18:06:30: Thread 0: Calculating PLK4 (1001) ...  
INFO  @ Thu, 09 Mar 2023 18:06:33: Thread 0: Calculating KCNA1 (2001) ...  
INFO  @ Thu, 09 Mar 2023 18:06:37: Thread 0: Calculating ZNF781 (3001) ...  
INFO  @ Thu, 09 Mar 2023 18:06:39: Thread 0 completed. 
INFO  @ Thu, 09 Mar 2023 18:06:39: All threads completed. 
INFO  @ Thu, 09 Mar 2023 18:06:40: Assigning p values... 
INFO  @ Thu, 09 Mar 2023 18:06:40: Permuting groups of gene with 19 sgRNAs per gene. Group progress: 19/41 
INFO  @ Thu, 09 Mar 2023 18:06:40: Start permuting 2 rounds ... 
INFO  @ Thu, 09 Mar 2023 18:06:40: Collecting 25893 sgRNAs from 3514 genes. 
INFO  @ Thu, 09 Mar 2023 18:06:41: Permuting round 0 ... 
INFO  @ Thu, 09 Mar 2023 18:06:41: Thread 0 started. 
INFO  @ Thu, 09 Mar 2023 18:06:41: Thread 0: total 3514 instances. 
INFO  @ Thu, 09 Mar 2023 18:06:41: Thread 0: Calculating SETD1B (1) ...  
INFO  @ Thu, 09 Mar 2023 18:06:45: Thread 0: Calculating PLK4 (1001) ...  
INFO  @ Thu, 09 Mar 2023 18:06:48: Thread 0: Calculating KCNA1 (2001) ...  
INFO  @ Thu, 09 Mar 2023 18:06:52: Thread 0: Calculating ZNF781 (3001) ...  
INFO  @ Thu, 09 Mar 2023 18:06:54: Thread 0 completed. 
INFO  @ Thu, 09 Mar 2023 18:06:54: All threads completed. 
INFO  @ Thu, 09 Mar 2023 18:06:55: Permuting round 1 ... 
INFO  @ Thu, 09 Mar 2023 18:06:55: Thread 0 started. 
INFO  @ Thu, 09 Mar 2023 18:06:55: Thread 0: total 3514 instances. 
INFO  @ Thu, 09 Mar 2023 18:06:55: Thread 0: Calculating SETD1B (1) ...  
INFO  @ Thu, 09 Mar 2023 18:06:59: Thread 0: Calculating PLK4 (1001) ...  
INFO  @ Thu, 09 Mar 2023 18:07:03: Thread 0: Calculating KCNA1 (2001) ...  
INFO  @ Thu, 09 Mar 2023 18:07:07: Thread 0: Calculating ZNF781 (3001) ...  
INFO  @ Thu, 09 Mar 2023 18:07:09: Thread 0 completed. 
INFO  @ Thu, 09 Mar 2023 18:07:09: All threads completed. 
INFO  @ Thu, 09 Mar 2023 18:07:10: Assigning p values... 
INFO  @ Thu, 09 Mar 2023 18:07:10: Permuting groups of gene with 20 sgRNAs per gene. Group progress: 20/41 
INFO  @ Thu, 09 Mar 2023 18:07:10: Start permuting 2 rounds ... 
INFO  @ Thu, 09 Mar 2023 18:07:10: Collecting 25893 sgRNAs from 3514 genes. 
INFO  @ Thu, 09 Mar 2023 18:07:10: Permuting round 0 ... 
INFO  @ Thu, 09 Mar 2023 18:07:10: Thread 0 started. 
INFO  @ Thu, 09 Mar 2023 18:07:10: Thread 0: total 3514 instances. 
INFO  @ Thu, 09 Mar 2023 18:07:10: Thread 0: Calculating SETD1B (1) ...  
INFO  @ Thu, 09 Mar 2023 18:07:14: Thread 0: Calculating PLK4 (1001) ...  
INFO  @ Thu, 09 Mar 2023 18:07:18: Thread 0: Calculating KCNA1 (2001) ...  
INFO  @ Thu, 09 Mar 2023 18:07:22: Thread 0: Calculating ZNF781 (3001) ...  
INFO  @ Thu, 09 Mar 2023 18:07:25: Thread 0 completed. 
INFO  @ Thu, 09 Mar 2023 18:07:25: All threads completed. 
INFO  @ Thu, 09 Mar 2023 18:07:26: Permuting round 1 ... 
INFO  @ Thu, 09 Mar 2023 18:07:26: Thread 0 started. 
INFO  @ Thu, 09 Mar 2023 18:07:26: Thread 0: total 3514 instances. 
INFO  @ Thu, 09 Mar 2023 18:07:26: Thread 0: Calculating SETD1B (1) ...  
INFO  @ Thu, 09 Mar 2023 18:07:31: Thread 0: Calculating PLK4 (1001) ...  
INFO  @ Thu, 09 Mar 2023 18:07:35: Thread 0: Calculating KCNA1 (2001) ...  
INFO  @ Thu, 09 Mar 2023 18:07:38: Thread 0: Calculating ZNF781 (3001) ...  
INFO  @ Thu, 09 Mar 2023 18:07:40: Thread 0 completed. 
INFO  @ Thu, 09 Mar 2023 18:07:40: All threads completed. 
INFO  @ Thu, 09 Mar 2023 18:07:41: Assigning p values... 
INFO  @ Thu, 09 Mar 2023 18:07:42: Permuting groups of gene with 21 sgRNAs per gene. Group progress: 21/41 
INFO  @ Thu, 09 Mar 2023 18:07:42: Start permuting 2 rounds ... 
INFO  @ Thu, 09 Mar 2023 18:07:42: Collecting 25893 sgRNAs from 3514 genes. 
INFO  @ Thu, 09 Mar 2023 18:07:42: Permuting round 0 ... 
INFO  @ Thu, 09 Mar 2023 18:07:42: Thread 0 started. 
INFO  @ Thu, 09 Mar 2023 18:07:42: Thread 0: total 3514 instances. 
INFO  @ Thu, 09 Mar 2023 18:07:42: Thread 0: Calculating SETD1B (1) ...  
INFO  @ Thu, 09 Mar 2023 18:07:46: Thread 0: Calculating PLK4 (1001) ...  
INFO  @ Thu, 09 Mar 2023 18:07:50: Thread 0: Calculating KCNA1 (2001) ...  
INFO  @ Thu, 09 Mar 2023 18:07:54: Thread 0: Calculating ZNF781 (3001) ...  
INFO  @ Thu, 09 Mar 2023 18:07:56: Thread 0 completed. 
INFO  @ Thu, 09 Mar 2023 18:07:56: All threads completed. 
INFO  @ Thu, 09 Mar 2023 18:07:57: Permuting round 1 ... 
INFO  @ Thu, 09 Mar 2023 18:07:57: Thread 0 started. 
INFO  @ Thu, 09 Mar 2023 18:07:57: Thread 0: total 3514 instances. 
INFO  @ Thu, 09 Mar 2023 18:07:57: Thread 0: Calculating SETD1B (1) ...  
INFO  @ Thu, 09 Mar 2023 18:08:01: Thread 0: Calculating PLK4 (1001) ...  
INFO  @ Thu, 09 Mar 2023 18:08:05: Thread 0: Calculating KCNA1 (2001) ...  
INFO  @ Thu, 09 Mar 2023 18:08:09: Thread 0: Calculating ZNF781 (3001) ...  
INFO  @ Thu, 09 Mar 2023 18:08:11: Thread 0 completed. 
INFO  @ Thu, 09 Mar 2023 18:08:11: All threads completed. 
INFO  @ Thu, 09 Mar 2023 18:08:12: Assigning p values... 
INFO  @ Thu, 09 Mar 2023 18:08:12: Permuting groups of gene with 22 sgRNAs per gene. Group progress: 22/41 
INFO  @ Thu, 09 Mar 2023 18:08:12: Start permuting 2 rounds ... 
INFO  @ Thu, 09 Mar 2023 18:08:12: Collecting 25893 sgRNAs from 3514 genes. 
INFO  @ Thu, 09 Mar 2023 18:08:12: Permuting round 0 ... 
INFO  @ Thu, 09 Mar 2023 18:08:12: Thread 0 started. 
INFO  @ Thu, 09 Mar 2023 18:08:12: Thread 0: total 3514 instances. 
INFO  @ Thu, 09 Mar 2023 18:08:12: Thread 0: Calculating SETD1B (1) ...  
INFO  @ Thu, 09 Mar 2023 18:08:16: Thread 0: Calculating PLK4 (1001) ...  
INFO  @ Thu, 09 Mar 2023 18:08:20: Thread 0: Calculating KCNA1 (2001) ...  
INFO  @ Thu, 09 Mar 2023 18:08:24: Thread 0: Calculating ZNF781 (3001) ...  
INFO  @ Thu, 09 Mar 2023 18:08:26: Thread 0 completed. 
INFO  @ Thu, 09 Mar 2023 18:08:26: All threads completed. 
INFO  @ Thu, 09 Mar 2023 18:08:27: Permuting round 1 ... 
INFO  @ Thu, 09 Mar 2023 18:08:27: Thread 0 started. 
INFO  @ Thu, 09 Mar 2023 18:08:27: Thread 0: total 3514 instances. 
INFO  @ Thu, 09 Mar 2023 18:08:27: Thread 0: Calculating SETD1B (1) ...  
INFO  @ Thu, 09 Mar 2023 18:08:31: Thread 0: Calculating PLK4 (1001) ...  
INFO  @ Thu, 09 Mar 2023 18:08:35: Thread 0: Calculating KCNA1 (2001) ...  
INFO  @ Thu, 09 Mar 2023 18:08:39: Thread 0: Calculating ZNF781 (3001) ...  
INFO  @ Thu, 09 Mar 2023 18:08:41: Thread 0 completed. 
INFO  @ Thu, 09 Mar 2023 18:08:41: All threads completed. 
INFO  @ Thu, 09 Mar 2023 18:08:42: Assigning p values... 
INFO  @ Thu, 09 Mar 2023 18:08:43: Permuting groups of gene with 23 sgRNAs per gene. Group progress: 23/41 
INFO  @ Thu, 09 Mar 2023 18:08:43: Start permuting 2 rounds ... 
INFO  @ Thu, 09 Mar 2023 18:08:43: Collecting 25893 sgRNAs from 3514 genes. 
INFO  @ Thu, 09 Mar 2023 18:08:43: Permuting round 0 ... 
INFO  @ Thu, 09 Mar 2023 18:08:43: Thread 0 started. 
INFO  @ Thu, 09 Mar 2023 18:08:43: Thread 0: total 3514 instances. 
INFO  @ Thu, 09 Mar 2023 18:08:43: Thread 0: Calculating SETD1B (1) ...  
INFO  @ Thu, 09 Mar 2023 18:08:47: Thread 0: Calculating PLK4 (1001) ...  
INFO  @ Thu, 09 Mar 2023 18:08:51: Thread 0: Calculating KCNA1 (2001) ...  
INFO  @ Thu, 09 Mar 2023 18:08:55: Thread 0: Calculating ZNF781 (3001) ...  
INFO  @ Thu, 09 Mar 2023 18:08:57: Thread 0 completed. 
INFO  @ Thu, 09 Mar 2023 18:08:57: All threads completed. 
INFO  @ Thu, 09 Mar 2023 18:08:58: Permuting round 1 ... 
INFO  @ Thu, 09 Mar 2023 18:08:58: Thread 0 started. 
INFO  @ Thu, 09 Mar 2023 18:08:58: Thread 0: total 3514 instances. 
INFO  @ Thu, 09 Mar 2023 18:08:58: Thread 0: Calculating SETD1B (1) ...  
INFO  @ Thu, 09 Mar 2023 18:09:02: Thread 0: Calculating PLK4 (1001) ...  
INFO  @ Thu, 09 Mar 2023 18:09:06: Thread 0: Calculating KCNA1 (2001) ...  
INFO  @ Thu, 09 Mar 2023 18:09:10: Thread 0: Calculating ZNF781 (3001) ...  
INFO  @ Thu, 09 Mar 2023 18:09:12: Thread 0 completed. 
INFO  @ Thu, 09 Mar 2023 18:09:12: All threads completed. 
INFO  @ Thu, 09 Mar 2023 18:09:13: Assigning p values... 
INFO  @ Thu, 09 Mar 2023 18:09:13: Permuting groups of gene with 24 sgRNAs per gene. Group progress: 24/41 
INFO  @ Thu, 09 Mar 2023 18:09:13: Start permuting 2 rounds ... 
INFO  @ Thu, 09 Mar 2023 18:09:14: Collecting 25893 sgRNAs from 3514 genes. 
INFO  @ Thu, 09 Mar 2023 18:09:14: Permuting round 0 ... 
INFO  @ Thu, 09 Mar 2023 18:09:14: Thread 0 started. 
INFO  @ Thu, 09 Mar 2023 18:09:14: Thread 0: total 3514 instances. 
INFO  @ Thu, 09 Mar 2023 18:09:14: Thread 0: Calculating SETD1B (1) ...  
INFO  @ Thu, 09 Mar 2023 18:09:18: Thread 0: Calculating PLK4 (1001) ...  
INFO  @ Thu, 09 Mar 2023 18:09:22: Thread 0: Calculating KCNA1 (2001) ...  
INFO  @ Thu, 09 Mar 2023 18:09:26: Thread 0: Calculating ZNF781 (3001) ...  
INFO  @ Thu, 09 Mar 2023 18:09:28: Thread 0 completed. 
INFO  @ Thu, 09 Mar 2023 18:09:28: All threads completed. 
INFO  @ Thu, 09 Mar 2023 18:09:29: Permuting round 1 ... 
INFO  @ Thu, 09 Mar 2023 18:09:29: Thread 0 started. 
INFO  @ Thu, 09 Mar 2023 18:09:29: Thread 0: total 3514 instances. 
INFO  @ Thu, 09 Mar 2023 18:09:29: Thread 0: Calculating SETD1B (1) ...  
INFO  @ Thu, 09 Mar 2023 18:09:34: Thread 0: Calculating PLK4 (1001) ...  
INFO  @ Thu, 09 Mar 2023 18:09:38: Thread 0: Calculating KCNA1 (2001) ...  
INFO  @ Thu, 09 Mar 2023 18:09:42: Thread 0: Calculating ZNF781 (3001) ...  
INFO  @ Thu, 09 Mar 2023 18:09:44: Thread 0 completed. 
INFO  @ Thu, 09 Mar 2023 18:09:44: All threads completed. 
INFO  @ Thu, 09 Mar 2023 18:09:45: Assigning p values... 
INFO  @ Thu, 09 Mar 2023 18:09:45: Permuting groups of gene with 25 sgRNAs per gene. Group progress: 25/41 
INFO  @ Thu, 09 Mar 2023 18:09:45: Start permuting 2 rounds ... 
INFO  @ Thu, 09 Mar 2023 18:09:45: Collecting 25893 sgRNAs from 3514 genes. 
INFO  @ Thu, 09 Mar 2023 18:09:45: Permuting round 0 ... 
INFO  @ Thu, 09 Mar 2023 18:09:46: Thread 0 started. 
INFO  @ Thu, 09 Mar 2023 18:09:46: Thread 0: total 3514 instances. 
INFO  @ Thu, 09 Mar 2023 18:09:46: Thread 0: Calculating SETD1B (1) ...  
INFO  @ Thu, 09 Mar 2023 18:09:50: Thread 0: Calculating PLK4 (1001) ...  
INFO  @ Thu, 09 Mar 2023 18:09:54: Thread 0: Calculating KCNA1 (2001) ...  
INFO  @ Thu, 09 Mar 2023 18:09:58: Thread 0: Calculating ZNF781 (3001) ...  
INFO  @ Thu, 09 Mar 2023 18:10:00: Thread 0 completed. 
INFO  @ Thu, 09 Mar 2023 18:10:00: All threads completed. 
INFO  @ Thu, 09 Mar 2023 18:10:01: Permuting round 1 ... 
INFO  @ Thu, 09 Mar 2023 18:10:02: Thread 0 started. 
INFO  @ Thu, 09 Mar 2023 18:10:02: Thread 0: total 3514 instances. 
INFO  @ Thu, 09 Mar 2023 18:10:02: Thread 0: Calculating SETD1B (1) ...  
INFO  @ Thu, 09 Mar 2023 18:10:06: Thread 0: Calculating PLK4 (1001) ...  
INFO  @ Thu, 09 Mar 2023 18:10:10: Thread 0: Calculating KCNA1 (2001) ...  
INFO  @ Thu, 09 Mar 2023 18:10:14: Thread 0: Calculating ZNF781 (3001) ...  
INFO  @ Thu, 09 Mar 2023 18:10:16: Thread 0 completed. 
INFO  @ Thu, 09 Mar 2023 18:10:16: All threads completed. 
INFO  @ Thu, 09 Mar 2023 18:10:17: Assigning p values... 
INFO  @ Thu, 09 Mar 2023 18:10:18: Permuting groups of gene with 27 sgRNAs per gene. Group progress: 26/41 
INFO  @ Thu, 09 Mar 2023 18:10:18: Start permuting 2 rounds ... 
INFO  @ Thu, 09 Mar 2023 18:10:18: Collecting 25893 sgRNAs from 3514 genes. 
INFO  @ Thu, 09 Mar 2023 18:10:18: Permuting round 0 ... 
INFO  @ Thu, 09 Mar 2023 18:10:18: Thread 0 started. 
INFO  @ Thu, 09 Mar 2023 18:10:18: Thread 0: total 3514 instances. 
INFO  @ Thu, 09 Mar 2023 18:10:18: Thread 0: Calculating SETD1B (1) ...  
INFO  @ Thu, 09 Mar 2023 18:10:22: Thread 0: Calculating PLK4 (1001) ...  
INFO  @ Thu, 09 Mar 2023 18:10:26: Thread 0: Calculating KCNA1 (2001) ...  
INFO  @ Thu, 09 Mar 2023 18:10:31: Thread 0: Calculating ZNF781 (3001) ...  
INFO  @ Thu, 09 Mar 2023 18:10:33: Thread 0 completed. 
INFO  @ Thu, 09 Mar 2023 18:10:33: All threads completed. 
INFO  @ Thu, 09 Mar 2023 18:10:34: Permuting round 1 ... 
INFO  @ Thu, 09 Mar 2023 18:10:34: Thread 0 started. 
INFO  @ Thu, 09 Mar 2023 18:10:34: Thread 0: total 3514 instances. 
INFO  @ Thu, 09 Mar 2023 18:10:34: Thread 0: Calculating SETD1B (1) ...  
INFO  @ Thu, 09 Mar 2023 18:10:39: Thread 0: Calculating PLK4 (1001) ...  
INFO  @ Thu, 09 Mar 2023 18:10:43: Thread 0: Calculating KCNA1 (2001) ...  
INFO  @ Thu, 09 Mar 2023 18:10:47: Thread 0: Calculating ZNF781 (3001) ...  
INFO  @ Thu, 09 Mar 2023 18:10:49: Thread 0 completed. 
INFO  @ Thu, 09 Mar 2023 18:10:49: All threads completed. 
INFO  @ Thu, 09 Mar 2023 18:10:50: Assigning p values... 
INFO  @ Thu, 09 Mar 2023 18:10:51: Permuting groups of gene with 28 sgRNAs per gene. Group progress: 27/41 
INFO  @ Thu, 09 Mar 2023 18:10:51: Start permuting 2 rounds ... 
INFO  @ Thu, 09 Mar 2023 18:10:51: Collecting 25893 sgRNAs from 3514 genes. 
INFO  @ Thu, 09 Mar 2023 18:10:51: Permuting round 0 ... 
INFO  @ Thu, 09 Mar 2023 18:10:51: Thread 0 started. 
INFO  @ Thu, 09 Mar 2023 18:10:51: Thread 0: total 3514 instances. 
INFO  @ Thu, 09 Mar 2023 18:10:51: Thread 0: Calculating SETD1B (1) ...  
INFO  @ Thu, 09 Mar 2023 18:10:55: Thread 0: Calculating PLK4 (1001) ...  
INFO  @ Thu, 09 Mar 2023 18:11:00: Thread 0: Calculating KCNA1 (2001) ...  
INFO  @ Thu, 09 Mar 2023 18:11:04: Thread 0: Calculating ZNF781 (3001) ...  
INFO  @ Thu, 09 Mar 2023 18:11:07: Thread 0 completed. 
INFO  @ Thu, 09 Mar 2023 18:11:07: All threads completed. 
INFO  @ Thu, 09 Mar 2023 18:11:08: Permuting round 1 ... 
INFO  @ Thu, 09 Mar 2023 18:11:08: Thread 0 started. 
INFO  @ Thu, 09 Mar 2023 18:11:08: Thread 0: total 3514 instances. 
INFO  @ Thu, 09 Mar 2023 18:11:08: Thread 0: Calculating SETD1B (1) ...  
INFO  @ Thu, 09 Mar 2023 18:11:15: Thread 0: Calculating PLK4 (1001) ...  
INFO  @ Thu, 09 Mar 2023 18:11:23: Thread 0: Calculating KCNA1 (2001) ...  
INFO  @ Thu, 09 Mar 2023 18:11:31: Thread 0: Calculating ZNF781 (3001) ...  
INFO  @ Thu, 09 Mar 2023 18:11:35: Thread 0 completed. 
INFO  @ Thu, 09 Mar 2023 18:11:35: All threads completed. 
INFO  @ Thu, 09 Mar 2023 18:11:36: Assigning p values... 
INFO  @ Thu, 09 Mar 2023 18:11:36: Permuting groups of gene with 30 sgRNAs per gene. Group progress: 28/41 
INFO  @ Thu, 09 Mar 2023 18:11:36: Start permuting 2 rounds ... 
INFO  @ Thu, 09 Mar 2023 18:11:36: Collecting 25893 sgRNAs from 3514 genes. 
INFO  @ Thu, 09 Mar 2023 18:11:37: Permuting round 0 ... 
INFO  @ Thu, 09 Mar 2023 18:11:37: Thread 0 started. 
INFO  @ Thu, 09 Mar 2023 18:11:38: Thread 0: total 3514 instances. 
INFO  @ Thu, 09 Mar 2023 18:11:38: Thread 0: Calculating SETD1B (1) ...  
INFO  @ Thu, 09 Mar 2023 18:11:45: Thread 0: Calculating PLK4 (1001) ...  
INFO  @ Thu, 09 Mar 2023 18:11:53: Thread 0: Calculating KCNA1 (2001) ...  
INFO  @ Thu, 09 Mar 2023 18:12:02: Thread 0: Calculating ZNF781 (3001) ...  
INFO  @ Thu, 09 Mar 2023 18:12:09: Thread 0 completed. 
INFO  @ Thu, 09 Mar 2023 18:12:09: All threads completed. 
INFO  @ Thu, 09 Mar 2023 18:12:11: Permuting round 1 ... 
INFO  @ Thu, 09 Mar 2023 18:12:12: Thread 0 started. 
INFO  @ Thu, 09 Mar 2023 18:12:12: Thread 0: total 3514 instances. 
INFO  @ Thu, 09 Mar 2023 18:12:12: Thread 0: Calculating SETD1B (1) ...  
INFO  @ Thu, 09 Mar 2023 18:12:26: Thread 0: Calculating PLK4 (1001) ...  
INFO  @ Thu, 09 Mar 2023 18:12:39: Thread 0: Calculating KCNA1 (2001) ...  
INFO  @ Thu, 09 Mar 2023 18:12:51: Thread 0: Calculating ZNF781 (3001) ...  
INFO  @ Thu, 09 Mar 2023 18:12:57: Thread 0 completed. 
INFO  @ Thu, 09 Mar 2023 18:12:57: All threads completed. 
INFO  @ Thu, 09 Mar 2023 18:12:59: Assigning p values... 
INFO  @ Thu, 09 Mar 2023 18:12:59: Permuting groups of gene with 31 sgRNAs per gene. Group progress: 29/41 
INFO  @ Thu, 09 Mar 2023 18:12:59: Start permuting 2 rounds ... 
INFO  @ Thu, 09 Mar 2023 18:13:00: Collecting 25893 sgRNAs from 3514 genes. 
INFO  @ Thu, 09 Mar 2023 18:13:01: Permuting round 0 ... 
INFO  @ Thu, 09 Mar 2023 18:13:01: Thread 0 started. 
INFO  @ Thu, 09 Mar 2023 18:13:01: Thread 0: total 3514 instances. 
INFO  @ Thu, 09 Mar 2023 18:13:01: Thread 0: Calculating SETD1B (1) ...  
INFO  @ Thu, 09 Mar 2023 18:13:33: Thread 0: Calculating PLK4 (1001) ...  
INFO  @ Thu, 09 Mar 2023 18:14:06: Thread 0: Calculating KCNA1 (2001) ...  
INFO  @ Thu, 09 Mar 2023 18:14:37: Thread 0: Calculating ZNF781 (3001) ...  
INFO  @ Thu, 09 Mar 2023 18:14:52: Thread 0 completed. 
INFO  @ Thu, 09 Mar 2023 18:14:52: All threads completed. 
INFO  @ Thu, 09 Mar 2023 18:14:55: Permuting round 1 ... 
INFO  @ Thu, 09 Mar 2023 18:14:56: Thread 0 started. 
INFO  @ Thu, 09 Mar 2023 18:14:56: Thread 0: total 3514 instances. 
INFO  @ Thu, 09 Mar 2023 18:14:56: Thread 0: Calculating SETD1B (1) ...  
INFO  @ Thu, 09 Mar 2023 18:15:29: Thread 0: Calculating PLK4 (1001) ...  
INFO  @ Thu, 09 Mar 2023 18:16:01: Thread 0: Calculating KCNA1 (2001) ...  
INFO  @ Thu, 09 Mar 2023 18:16:33: Thread 0: Calculating ZNF781 (3001) ...  
INFO  @ Thu, 09 Mar 2023 18:16:47: Thread 0 completed. 
INFO  @ Thu, 09 Mar 2023 18:16:47: All threads completed. 
INFO  @ Thu, 09 Mar 2023 18:16:51: Assigning p values... 
INFO  @ Thu, 09 Mar 2023 18:16:51: Permuting groups of gene with 32 sgRNAs per gene. Group progress: 30/41 
INFO  @ Thu, 09 Mar 2023 18:16:51: Start permuting 2 rounds ... 
INFO  @ Thu, 09 Mar 2023 18:16:51: Collecting 25893 sgRNAs from 3514 genes. 
INFO  @ Thu, 09 Mar 2023 18:16:52: Permuting round 0 ... 
INFO  @ Thu, 09 Mar 2023 18:16:54: Thread 0 started. 
INFO  @ Thu, 09 Mar 2023 18:16:54: Thread 0: total 3514 instances. 
INFO  @ Thu, 09 Mar 2023 18:16:54: Thread 0: Calculating SETD1B (1) ...  
INFO  @ Thu, 09 Mar 2023 18:17:25: Thread 0: Calculating PLK4 (1001) ...  
INFO  @ Thu, 09 Mar 2023 18:17:57: Thread 0: Calculating KCNA1 (2001) ...  
INFO  @ Thu, 09 Mar 2023 18:18:28: Thread 0: Calculating ZNF781 (3001) ...  
INFO  @ Thu, 09 Mar 2023 18:18:42: Thread 0 completed. 
INFO  @ Thu, 09 Mar 2023 18:18:42: All threads completed. 
INFO  @ Thu, 09 Mar 2023 18:18:45: Permuting round 1 ... 
INFO  @ Thu, 09 Mar 2023 18:18:46: Thread 0 started. 
INFO  @ Thu, 09 Mar 2023 18:18:46: Thread 0: total 3514 instances. 
INFO  @ Thu, 09 Mar 2023 18:18:46: Thread 0: Calculating SETD1B (1) ...  
INFO  @ Thu, 09 Mar 2023 18:19:19: Thread 0: Calculating PLK4 (1001) ...  
INFO  @ Thu, 09 Mar 2023 18:19:52: Thread 0: Calculating KCNA1 (2001) ...  
INFO  @ Thu, 09 Mar 2023 18:20:25: Thread 0: Calculating ZNF781 (3001) ...  
INFO  @ Thu, 09 Mar 2023 18:20:40: Thread 0 completed. 
INFO  @ Thu, 09 Mar 2023 18:20:40: All threads completed. 
INFO  @ Thu, 09 Mar 2023 18:20:43: Assigning p values... 
INFO  @ Thu, 09 Mar 2023 18:20:43: Permuting groups of gene with 33 sgRNAs per gene. Group progress: 31/41 
INFO  @ Thu, 09 Mar 2023 18:20:43: Start permuting 2 rounds ... 
INFO  @ Thu, 09 Mar 2023 18:20:44: Collecting 25893 sgRNAs from 3514 genes. 
INFO  @ Thu, 09 Mar 2023 18:20:45: Permuting round 0 ... 
INFO  @ Thu, 09 Mar 2023 18:20:46: Thread 0 started. 
INFO  @ Thu, 09 Mar 2023 18:20:46: Thread 0: total 3514 instances. 
INFO  @ Thu, 09 Mar 2023 18:20:46: Thread 0: Calculating SETD1B (1) ...  
INFO  @ Thu, 09 Mar 2023 18:21:19: Thread 0: Calculating PLK4 (1001) ...  
INFO  @ Thu, 09 Mar 2023 18:21:53: Thread 0: Calculating KCNA1 (2001) ...  
INFO  @ Thu, 09 Mar 2023 18:22:27: Thread 0: Calculating ZNF781 (3001) ...  
INFO  @ Thu, 09 Mar 2023 18:22:43: Thread 0 completed. 
INFO  @ Thu, 09 Mar 2023 18:22:43: All threads completed. 
INFO  @ Thu, 09 Mar 2023 18:22:46: Permuting round 1 ... 
INFO  @ Thu, 09 Mar 2023 18:22:47: Thread 0 started. 
INFO  @ Thu, 09 Mar 2023 18:22:47: Thread 0: total 3514 instances. 
INFO  @ Thu, 09 Mar 2023 18:22:47: Thread 0: Calculating SETD1B (1) ...  
INFO  @ Thu, 09 Mar 2023 18:23:22: Thread 0: Calculating PLK4 (1001) ...  
INFO  @ Thu, 09 Mar 2023 18:23:55: Thread 0: Calculating KCNA1 (2001) ...  
INFO  @ Thu, 09 Mar 2023 18:24:31: Thread 0: Calculating ZNF781 (3001) ...  
INFO  @ Thu, 09 Mar 2023 18:24:46: Thread 0 completed. 
INFO  @ Thu, 09 Mar 2023 18:24:46: All threads completed. 
INFO  @ Thu, 09 Mar 2023 18:24:50: Assigning p values... 
INFO  @ Thu, 09 Mar 2023 18:24:50: Permuting groups of gene with 34 sgRNAs per gene. Group progress: 32/41 
INFO  @ Thu, 09 Mar 2023 18:24:50: Start permuting 2 rounds ... 
INFO  @ Thu, 09 Mar 2023 18:24:51: Collecting 25893 sgRNAs from 3514 genes. 
INFO  @ Thu, 09 Mar 2023 18:24:52: Permuting round 0 ... 
INFO  @ Thu, 09 Mar 2023 18:24:53: Thread 0 started. 
INFO  @ Thu, 09 Mar 2023 18:24:53: Thread 0: total 3514 instances. 
INFO  @ Thu, 09 Mar 2023 18:24:53: Thread 0: Calculating SETD1B (1) ...  
INFO  @ Thu, 09 Mar 2023 18:25:28: Thread 0: Calculating PLK4 (1001) ...  
INFO  @ Thu, 09 Mar 2023 18:26:03: Thread 0: Calculating KCNA1 (2001) ...  
INFO  @ Thu, 09 Mar 2023 18:26:38: Thread 0: Calculating ZNF781 (3001) ...  
INFO  @ Thu, 09 Mar 2023 18:26:54: Thread 0 completed. 
INFO  @ Thu, 09 Mar 2023 18:26:54: All threads completed. 
INFO  @ Thu, 09 Mar 2023 18:26:58: Permuting round 1 ... 
INFO  @ Thu, 09 Mar 2023 18:26:59: Thread 0 started. 
INFO  @ Thu, 09 Mar 2023 18:27:00: Thread 0: total 3514 instances. 
INFO  @ Thu, 09 Mar 2023 18:27:00: Thread 0: Calculating SETD1B (1) ...  
INFO  @ Thu, 09 Mar 2023 18:27:37: Thread 0: Calculating PLK4 (1001) ...  
INFO  @ Thu, 09 Mar 2023 18:28:20: Thread 0: Calculating KCNA1 (2001) ...  
INFO  @ Thu, 09 Mar 2023 18:28:48: Thread 0: Calculating ZNF781 (3001) ...  
INFO  @ Thu, 09 Mar 2023 18:29:00: Thread 0 completed. 
INFO  @ Thu, 09 Mar 2023 18:29:00: All threads completed. 
INFO  @ Thu, 09 Mar 2023 18:29:03: Assigning p values... 
INFO  @ Thu, 09 Mar 2023 18:29:03: Permuting groups of gene with 37 sgRNAs per gene. Group progress: 33/41 
INFO  @ Thu, 09 Mar 2023 18:29:03: Start permuting 2 rounds ... 
INFO  @ Thu, 09 Mar 2023 18:29:03: Collecting 25893 sgRNAs from 3514 genes. 
INFO  @ Thu, 09 Mar 2023 18:29:04: Permuting round 0 ... 
INFO  @ Thu, 09 Mar 2023 18:29:05: Thread 0 started. 
INFO  @ Thu, 09 Mar 2023 18:29:05: Thread 0: total 3514 instances. 
INFO  @ Thu, 09 Mar 2023 18:29:05: Thread 0: Calculating SETD1B (1) ...  
INFO  @ Thu, 09 Mar 2023 18:29:34: Thread 0: Calculating PLK4 (1001) ...  
INFO  @ Thu, 09 Mar 2023 18:30:02: Thread 0: Calculating KCNA1 (2001) ...  
INFO  @ Thu, 09 Mar 2023 18:30:32: Thread 0: Calculating ZNF781 (3001) ...  
INFO  @ Thu, 09 Mar 2023 18:30:42: Thread 0 completed. 
INFO  @ Thu, 09 Mar 2023 18:30:42: All threads completed. 
INFO  @ Thu, 09 Mar 2023 18:30:43: Permuting round 1 ... 
INFO  @ Thu, 09 Mar 2023 18:30:43: Thread 0 started. 
INFO  @ Thu, 09 Mar 2023 18:30:43: Thread 0: total 3514 instances. 
INFO  @ Thu, 09 Mar 2023 18:30:43: Thread 0: Calculating SETD1B (1) ...  
INFO  @ Thu, 09 Mar 2023 18:31:04: Thread 0: Calculating PLK4 (1001) ...  
INFO  @ Thu, 09 Mar 2023 18:31:26: Thread 0: Calculating KCNA1 (2001) ...  
INFO  @ Thu, 09 Mar 2023 18:31:47: Thread 0: Calculating ZNF781 (3001) ...  
INFO  @ Thu, 09 Mar 2023 18:31:58: Thread 0 completed. 
INFO  @ Thu, 09 Mar 2023 18:31:58: All threads completed. 
INFO  @ Thu, 09 Mar 2023 18:32:00: Assigning p values... 
INFO  @ Thu, 09 Mar 2023 18:32:00: Groups of gene with 41 sgRNAs per gene: assigning p values based on previous group results. Group progress: 34/41 
INFO  @ Thu, 09 Mar 2023 18:32:00: Groups of gene with 42 sgRNAs per gene: assigning p values based on previous group results. Group progress: 35/41 
INFO  @ Thu, 09 Mar 2023 18:32:00: Groups of gene with 45 sgRNAs per gene: assigning p values based on previous group results. Group progress: 36/41 
INFO  @ Thu, 09 Mar 2023 18:32:00: Groups of gene with 47 sgRNAs per gene: assigning p values based on previous group results. Group progress: 37/41 
INFO  @ Thu, 09 Mar 2023 18:32:00: Groups of gene with 48 sgRNAs per gene: assigning p values based on previous group results. Group progress: 38/41 
INFO  @ Thu, 09 Mar 2023 18:32:00: Groups of gene with 49 sgRNAs per gene: assigning p values based on previous group results. Group progress: 39/41 
INFO  @ Thu, 09 Mar 2023 18:32:00: Groups of gene with 56 sgRNAs per gene: assigning p values based on previous group results. Group progress: 40/41 
INFO  @ Thu, 09 Mar 2023 18:32:00: Groups of gene with 67 sgRNAs per gene: assigning p values based on previous group results. Group progress: 41/41 
INFO  @ Thu, 09 Mar 2023 18:32:00: Writing gene results to mle_DLD1-Cont2_P10.gene_summary.txt 
INFO  @ Thu, 09 Mar 2023 18:32:00: Writing sgRNA results to mle_DLD1-Cont2_P10.sgrna_summary.txt 
