INFO  @ Thu, 09 Mar 2023 17:58:52: Parameters: /home/ryan/miniconda3/envs/mageck/bin/mageck mle -k count-DLD1-Cont2_P13-i.f-wo-cdk12.csv -d matrixDLD1-Cont2_P13.txt -n mle_DLD1-Cont2_P13 
INFO  @ Thu, 09 Mar 2023 17:58:52: Cannot parse design matrix as a string; try to parse it as a file name ... 
INFO  @ Thu, 09 Mar 2023 17:58:52: Design matrix: 
INFO  @ Thu, 09 Mar 2023 17:58:52: [[1. 0.] 
INFO  @ Thu, 09 Mar 2023 17:58:52:  [1. 1.]] 
INFO  @ Thu, 09 Mar 2023 17:58:52: Beta labels:baseline,Cont2_P13 
INFO  @ Thu, 09 Mar 2023 17:58:52: Included samples:DLD1-Cont2_P13.initial,DLD1-Cont2_P13.final 
INFO  @ Thu, 09 Mar 2023 17:58:52: Treating count-DLD1-Cont2_P13-i.f-wo-cdk12.csv as csv file ... 
INFO  @ Thu, 09 Mar 2023 17:58:52: Loaded samples:DLD1-Cont2_P13.initial;DLD1-Cont2_P13.final 
INFO  @ Thu, 09 Mar 2023 17:58:52: Sample index: 0;1 
INFO  @ Thu, 09 Mar 2023 17:58:53: Loaded 3514 genes. 
DEBUG @ Thu, 09 Mar 2023 17:58:53: Initial (total) size factor: 0.5758562228545238 3.7957085205711762 
DEBUG @ Thu, 09 Mar 2023 17:58:53: Median factor: 0.3832657525332502 2.6235412734847037 
INFO  @ Thu, 09 Mar 2023 17:58:53: Final size factor: 0.3832657525332502 2.6235412734847037 
INFO  @ Thu, 09 Mar 2023 17:58:53: size factor: 2.6091556404149236,0.3811641959311567 
INFO  @ Thu, 09 Mar 2023 17:58:53: Thread 0 started. 
INFO  @ Thu, 09 Mar 2023 17:58:53: Thread 0: total 1 instances. 
INFO  @ Thu, 09 Mar 2023 17:58:53: Thread 0 completed. 
INFO  @ Thu, 09 Mar 2023 17:58:53: All threads completed. 
INFO  @ Thu, 09 Mar 2023 17:58:53: Modeling the mean and variance ... 
INFO  @ Thu, 09 Mar 2023 17:58:53: Run the algorithm for the second time ... 
INFO  @ Thu, 09 Mar 2023 17:58:53: Skipping gene KMT2C from MLE calculation since there are too many sgRNAs. To change, revise the --max-sgrnapergene-permutation option. 
INFO  @ Thu, 09 Mar 2023 17:58:53: Skipping gene KMT2A from MLE calculation since there are too many sgRNAs. To change, revise the --max-sgrnapergene-permutation option. 
INFO  @ Thu, 09 Mar 2023 17:58:53: Skipping gene KMT2B from MLE calculation since there are too many sgRNAs. To change, revise the --max-sgrnapergene-permutation option. 
INFO  @ Thu, 09 Mar 2023 17:58:53: Skipping gene KMT2D from MLE calculation since there are too many sgRNAs. To change, revise the --max-sgrnapergene-permutation option. 
INFO  @ Thu, 09 Mar 2023 17:58:53: Skipping gene NSD1 from MLE calculation since there are too many sgRNAs. To change, revise the --max-sgrnapergene-permutation option. 
INFO  @ Thu, 09 Mar 2023 17:58:53: Skipping gene KDM2B from MLE calculation since there are too many sgRNAs. To change, revise the --max-sgrnapergene-permutation option. 
INFO  @ Thu, 09 Mar 2023 17:58:53: Skipping gene TDRD6 from MLE calculation since there are too many sgRNAs. To change, revise the --max-sgrnapergene-permutation option. 
INFO  @ Thu, 09 Mar 2023 17:58:53: Skipping gene PBRM1 from MLE calculation since there are too many sgRNAs. To change, revise the --max-sgrnapergene-permutation option. 
INFO  @ Thu, 09 Mar 2023 17:58:53: Skipping gene NKX2 from MLE calculation since there are too many sgRNAs. To change, revise the --max-sgrnapergene-permutation option. 
INFO  @ Thu, 09 Mar 2023 17:58:53: Skipping gene RNF17 from MLE calculation since there are too many sgRNAs. To change, revise the --max-sgrnapergene-permutation option. 
INFO  @ Thu, 09 Mar 2023 17:58:53: Skipping gene KDM2A from MLE calculation since there are too many sgRNAs. To change, revise the --max-sgrnapergene-permutation option. 
INFO  @ Thu, 09 Mar 2023 17:58:53: Thread 0 started. 
INFO  @ Thu, 09 Mar 2023 17:58:53: Thread 0: total 3503 instances. 
INFO  @ Thu, 09 Mar 2023 17:58:53: Thread 0: Calculating SETD1B (1) ...  
INFO  @ Thu, 09 Mar 2023 17:58:56: Thread 0: Calculating CUL2 (1001) ...  
INFO  @ Thu, 09 Mar 2023 17:58:59: Thread 0: Calculating RNF11 (2001) ...  
INFO  @ Thu, 09 Mar 2023 17:59:03: Thread 0: Calculating ZNF598 (3001) ...  
INFO  @ Thu, 09 Mar 2023 17:59:04: Thread 0 completed. 
INFO  @ Thu, 09 Mar 2023 17:59:04: All threads completed. 
INFO  @ Thu, 09 Mar 2023 17:59:05: Permuting groups of gene with 1 sgRNAs per gene. Group progress: 1/41 
INFO  @ Thu, 09 Mar 2023 17:59:05: Start permuting 2 rounds ... 
INFO  @ Thu, 09 Mar 2023 17:59:05: Collecting 25893 sgRNAs from 3514 genes. 
INFO  @ Thu, 09 Mar 2023 17:59:05: Permuting round 0 ... 
INFO  @ Thu, 09 Mar 2023 17:59:05: Thread 0 started. 
INFO  @ Thu, 09 Mar 2023 17:59:05: Thread 0: total 3514 instances. 
INFO  @ Thu, 09 Mar 2023 17:59:05: Thread 0: Calculating SETD1B (1) ...  
INFO  @ Thu, 09 Mar 2023 17:59:07: Thread 0: Calculating PLK4 (1001) ...  
INFO  @ Thu, 09 Mar 2023 17:59:09: Thread 0: Calculating KCNA1 (2001) ...  
INFO  @ Thu, 09 Mar 2023 17:59:11: Thread 0: Calculating ZNF781 (3001) ...  
INFO  @ Thu, 09 Mar 2023 17:59:11: Thread 0 completed. 
INFO  @ Thu, 09 Mar 2023 17:59:11: All threads completed. 
INFO  @ Thu, 09 Mar 2023 17:59:13: Permuting round 1 ... 
INFO  @ Thu, 09 Mar 2023 17:59:13: Thread 0 started. 
INFO  @ Thu, 09 Mar 2023 17:59:13: Thread 0: total 3514 instances. 
INFO  @ Thu, 09 Mar 2023 17:59:13: Thread 0: Calculating SETD1B (1) ...  
INFO  @ Thu, 09 Mar 2023 17:59:14: Thread 0: Calculating PLK4 (1001) ...  
INFO  @ Thu, 09 Mar 2023 17:59:16: Thread 0: Calculating KCNA1 (2001) ...  
INFO  @ Thu, 09 Mar 2023 17:59:18: Thread 0: Calculating ZNF781 (3001) ...  
INFO  @ Thu, 09 Mar 2023 17:59:19: Thread 0 completed. 
INFO  @ Thu, 09 Mar 2023 17:59:19: All threads completed. 
INFO  @ Thu, 09 Mar 2023 17:59:20: Assigning p values... 
INFO  @ Thu, 09 Mar 2023 17:59:20: Permuting groups of gene with 2 sgRNAs per gene. Group progress: 2/41 
INFO  @ Thu, 09 Mar 2023 17:59:20: Start permuting 2 rounds ... 
INFO  @ Thu, 09 Mar 2023 17:59:20: Collecting 25893 sgRNAs from 3514 genes. 
INFO  @ Thu, 09 Mar 2023 17:59:20: Permuting round 0 ... 
INFO  @ Thu, 09 Mar 2023 17:59:20: Thread 0 started. 
INFO  @ Thu, 09 Mar 2023 17:59:20: Thread 0: total 3514 instances. 
INFO  @ Thu, 09 Mar 2023 17:59:20: Thread 0: Calculating SETD1B (1) ...  
INFO  @ Thu, 09 Mar 2023 17:59:23: Thread 0: Calculating PLK4 (1001) ...  
INFO  @ Thu, 09 Mar 2023 17:59:25: Thread 0: Calculating KCNA1 (2001) ...  
INFO  @ Thu, 09 Mar 2023 17:59:27: Thread 0: Calculating ZNF781 (3001) ...  
INFO  @ Thu, 09 Mar 2023 17:59:29: Thread 0 completed. 
INFO  @ Thu, 09 Mar 2023 17:59:29: All threads completed. 
INFO  @ Thu, 09 Mar 2023 17:59:30: Permuting round 1 ... 
INFO  @ Thu, 09 Mar 2023 17:59:30: Thread 0 started. 
INFO  @ Thu, 09 Mar 2023 17:59:30: Thread 0: total 3514 instances. 
INFO  @ Thu, 09 Mar 2023 17:59:30: Thread 0: Calculating SETD1B (1) ...  
INFO  @ Thu, 09 Mar 2023 17:59:32: Thread 0: Calculating PLK4 (1001) ...  
INFO  @ Thu, 09 Mar 2023 17:59:35: Thread 0: Calculating KCNA1 (2001) ...  
INFO  @ Thu, 09 Mar 2023 17:59:37: Thread 0: Calculating ZNF781 (3001) ...  
INFO  @ Thu, 09 Mar 2023 17:59:38: Thread 0 completed. 
INFO  @ Thu, 09 Mar 2023 17:59:38: All threads completed. 
INFO  @ Thu, 09 Mar 2023 17:59:39: Assigning p values... 
INFO  @ Thu, 09 Mar 2023 17:59:39: Permuting groups of gene with 3 sgRNAs per gene. Group progress: 3/41 
INFO  @ Thu, 09 Mar 2023 17:59:39: Start permuting 2 rounds ... 
INFO  @ Thu, 09 Mar 2023 17:59:39: Collecting 25893 sgRNAs from 3514 genes. 
INFO  @ Thu, 09 Mar 2023 17:59:40: Permuting round 0 ... 
INFO  @ Thu, 09 Mar 2023 17:59:40: Thread 0 started. 
INFO  @ Thu, 09 Mar 2023 17:59:40: Thread 0: total 3514 instances. 
INFO  @ Thu, 09 Mar 2023 17:59:40: Thread 0: Calculating SETD1B (1) ...  
INFO  @ Thu, 09 Mar 2023 17:59:43: Thread 0: Calculating PLK4 (1001) ...  
INFO  @ Thu, 09 Mar 2023 17:59:45: Thread 0: Calculating KCNA1 (2001) ...  
INFO  @ Thu, 09 Mar 2023 17:59:48: Thread 0: Calculating ZNF781 (3001) ...  
INFO  @ Thu, 09 Mar 2023 17:59:49: Thread 0 completed. 
INFO  @ Thu, 09 Mar 2023 17:59:49: All threads completed. 
INFO  @ Thu, 09 Mar 2023 17:59:50: Permuting round 1 ... 
INFO  @ Thu, 09 Mar 2023 17:59:50: Thread 0 started. 
INFO  @ Thu, 09 Mar 2023 17:59:50: Thread 0: total 3514 instances. 
INFO  @ Thu, 09 Mar 2023 17:59:50: Thread 0: Calculating SETD1B (1) ...  
INFO  @ Thu, 09 Mar 2023 17:59:53: Thread 0: Calculating PLK4 (1001) ...  
INFO  @ Thu, 09 Mar 2023 17:59:56: Thread 0: Calculating KCNA1 (2001) ...  
INFO  @ Thu, 09 Mar 2023 17:59:59: Thread 0: Calculating ZNF781 (3001) ...  
INFO  @ Thu, 09 Mar 2023 18:00:01: Thread 0 completed. 
INFO  @ Thu, 09 Mar 2023 18:00:01: All threads completed. 
INFO  @ Thu, 09 Mar 2023 18:00:02: Assigning p values... 
INFO  @ Thu, 09 Mar 2023 18:00:02: Permuting groups of gene with 4 sgRNAs per gene. Group progress: 4/41 
INFO  @ Thu, 09 Mar 2023 18:00:02: Start permuting 2 rounds ... 
INFO  @ Thu, 09 Mar 2023 18:00:02: Collecting 25893 sgRNAs from 3514 genes. 
INFO  @ Thu, 09 Mar 2023 18:00:02: Permuting round 0 ... 
INFO  @ Thu, 09 Mar 2023 18:00:02: Thread 0 started. 
INFO  @ Thu, 09 Mar 2023 18:00:02: Thread 0: total 3514 instances. 
INFO  @ Thu, 09 Mar 2023 18:00:02: Thread 0: Calculating SETD1B (1) ...  
INFO  @ Thu, 09 Mar 2023 18:00:05: Thread 0: Calculating PLK4 (1001) ...  
INFO  @ Thu, 09 Mar 2023 18:00:08: Thread 0: Calculating KCNA1 (2001) ...  
INFO  @ Thu, 09 Mar 2023 18:00:11: Thread 0: Calculating ZNF781 (3001) ...  
INFO  @ Thu, 09 Mar 2023 18:00:12: Thread 0 completed. 
INFO  @ Thu, 09 Mar 2023 18:00:12: All threads completed. 
INFO  @ Thu, 09 Mar 2023 18:00:13: Permuting round 1 ... 
INFO  @ Thu, 09 Mar 2023 18:00:13: Thread 0 started. 
INFO  @ Thu, 09 Mar 2023 18:00:13: Thread 0: total 3514 instances. 
INFO  @ Thu, 09 Mar 2023 18:00:13: Thread 0: Calculating SETD1B (1) ...  
INFO  @ Thu, 09 Mar 2023 18:00:16: Thread 0: Calculating PLK4 (1001) ...  
INFO  @ Thu, 09 Mar 2023 18:00:19: Thread 0: Calculating KCNA1 (2001) ...  
INFO  @ Thu, 09 Mar 2023 18:00:22: Thread 0: Calculating ZNF781 (3001) ...  
INFO  @ Thu, 09 Mar 2023 18:00:23: Thread 0 completed. 
INFO  @ Thu, 09 Mar 2023 18:00:23: All threads completed. 
INFO  @ Thu, 09 Mar 2023 18:00:24: Assigning p values... 
INFO  @ Thu, 09 Mar 2023 18:00:24: Permuting groups of gene with 5 sgRNAs per gene. Group progress: 5/41 
INFO  @ Thu, 09 Mar 2023 18:00:24: Start permuting 2 rounds ... 
INFO  @ Thu, 09 Mar 2023 18:00:24: Collecting 25893 sgRNAs from 3514 genes. 
INFO  @ Thu, 09 Mar 2023 18:00:25: Permuting round 0 ... 
INFO  @ Thu, 09 Mar 2023 18:00:25: Thread 0 started. 
INFO  @ Thu, 09 Mar 2023 18:00:25: Thread 0: total 3514 instances. 
INFO  @ Thu, 09 Mar 2023 18:00:25: Thread 0: Calculating SETD1B (1) ...  
INFO  @ Thu, 09 Mar 2023 18:00:28: Thread 0: Calculating PLK4 (1001) ...  
INFO  @ Thu, 09 Mar 2023 18:00:31: Thread 0: Calculating KCNA1 (2001) ...  
INFO  @ Thu, 09 Mar 2023 18:00:33: Thread 0: Calculating ZNF781 (3001) ...  
INFO  @ Thu, 09 Mar 2023 18:00:35: Thread 0 completed. 
INFO  @ Thu, 09 Mar 2023 18:00:35: All threads completed. 
INFO  @ Thu, 09 Mar 2023 18:00:36: Permuting round 1 ... 
INFO  @ Thu, 09 Mar 2023 18:00:36: Thread 0 started. 
INFO  @ Thu, 09 Mar 2023 18:00:36: Thread 0: total 3514 instances. 
INFO  @ Thu, 09 Mar 2023 18:00:36: Thread 0: Calculating SETD1B (1) ...  
INFO  @ Thu, 09 Mar 2023 18:00:39: Thread 0: Calculating PLK4 (1001) ...  
INFO  @ Thu, 09 Mar 2023 18:00:42: Thread 0: Calculating KCNA1 (2001) ...  
INFO  @ Thu, 09 Mar 2023 18:00:45: Thread 0: Calculating ZNF781 (3001) ...  
INFO  @ Thu, 09 Mar 2023 18:00:46: Thread 0 completed. 
INFO  @ Thu, 09 Mar 2023 18:00:46: All threads completed. 
INFO  @ Thu, 09 Mar 2023 18:00:47: Assigning p values... 
INFO  @ Thu, 09 Mar 2023 18:00:47: Permuting groups of gene with 6 sgRNAs per gene. Group progress: 6/41 
INFO  @ Thu, 09 Mar 2023 18:00:47: Start permuting 2 rounds ... 
INFO  @ Thu, 09 Mar 2023 18:00:47: Collecting 25893 sgRNAs from 3514 genes. 
INFO  @ Thu, 09 Mar 2023 18:00:47: Permuting round 0 ... 
INFO  @ Thu, 09 Mar 2023 18:00:47: Thread 0 started. 
INFO  @ Thu, 09 Mar 2023 18:00:47: Thread 0: total 3514 instances. 
INFO  @ Thu, 09 Mar 2023 18:00:47: Thread 0: Calculating SETD1B (1) ...  
INFO  @ Thu, 09 Mar 2023 18:00:50: Thread 0: Calculating PLK4 (1001) ...  
INFO  @ Thu, 09 Mar 2023 18:00:53: Thread 0: Calculating KCNA1 (2001) ...  
INFO  @ Thu, 09 Mar 2023 18:00:56: Thread 0: Calculating ZNF781 (3001) ...  
INFO  @ Thu, 09 Mar 2023 18:00:58: Thread 0 completed. 
INFO  @ Thu, 09 Mar 2023 18:00:58: All threads completed. 
INFO  @ Thu, 09 Mar 2023 18:00:59: Permuting round 1 ... 
INFO  @ Thu, 09 Mar 2023 18:00:59: Thread 0 started. 
INFO  @ Thu, 09 Mar 2023 18:00:59: Thread 0: total 3514 instances. 
INFO  @ Thu, 09 Mar 2023 18:00:59: Thread 0: Calculating SETD1B (1) ...  
INFO  @ Thu, 09 Mar 2023 18:01:02: Thread 0: Calculating PLK4 (1001) ...  
INFO  @ Thu, 09 Mar 2023 18:01:05: Thread 0: Calculating KCNA1 (2001) ...  
INFO  @ Thu, 09 Mar 2023 18:01:08: Thread 0: Calculating ZNF781 (3001) ...  
INFO  @ Thu, 09 Mar 2023 18:01:09: Thread 0 completed. 
INFO  @ Thu, 09 Mar 2023 18:01:09: All threads completed. 
INFO  @ Thu, 09 Mar 2023 18:01:10: Assigning p values... 
INFO  @ Thu, 09 Mar 2023 18:01:10: Permuting groups of gene with 7 sgRNAs per gene. Group progress: 7/41 
INFO  @ Thu, 09 Mar 2023 18:01:10: Start permuting 2 rounds ... 
INFO  @ Thu, 09 Mar 2023 18:01:10: Collecting 25893 sgRNAs from 3514 genes. 
INFO  @ Thu, 09 Mar 2023 18:01:10: Permuting round 0 ... 
INFO  @ Thu, 09 Mar 2023 18:01:11: Thread 0 started. 
INFO  @ Thu, 09 Mar 2023 18:01:11: Thread 0: total 3514 instances. 
INFO  @ Thu, 09 Mar 2023 18:01:11: Thread 0: Calculating SETD1B (1) ...  
INFO  @ Thu, 09 Mar 2023 18:01:14: Thread 0: Calculating PLK4 (1001) ...  
INFO  @ Thu, 09 Mar 2023 18:01:17: Thread 0: Calculating KCNA1 (2001) ...  
INFO  @ Thu, 09 Mar 2023 18:01:20: Thread 0: Calculating ZNF781 (3001) ...  
INFO  @ Thu, 09 Mar 2023 18:01:21: Thread 0 completed. 
INFO  @ Thu, 09 Mar 2023 18:01:21: All threads completed. 
INFO  @ Thu, 09 Mar 2023 18:01:22: Permuting round 1 ... 
INFO  @ Thu, 09 Mar 2023 18:01:22: Thread 0 started. 
INFO  @ Thu, 09 Mar 2023 18:01:22: Thread 0: total 3514 instances. 
INFO  @ Thu, 09 Mar 2023 18:01:22: Thread 0: Calculating SETD1B (1) ...  
INFO  @ Thu, 09 Mar 2023 18:01:25: Thread 0: Calculating PLK4 (1001) ...  
INFO  @ Thu, 09 Mar 2023 18:01:28: Thread 0: Calculating KCNA1 (2001) ...  
INFO  @ Thu, 09 Mar 2023 18:01:31: Thread 0: Calculating ZNF781 (3001) ...  
INFO  @ Thu, 09 Mar 2023 18:01:33: Thread 0 completed. 
INFO  @ Thu, 09 Mar 2023 18:01:33: All threads completed. 
INFO  @ Thu, 09 Mar 2023 18:01:34: Assigning p values... 
INFO  @ Thu, 09 Mar 2023 18:01:34: Permuting groups of gene with 8 sgRNAs per gene. Group progress: 8/41 
INFO  @ Thu, 09 Mar 2023 18:01:34: Start permuting 2 rounds ... 
INFO  @ Thu, 09 Mar 2023 18:01:34: Collecting 25893 sgRNAs from 3514 genes. 
INFO  @ Thu, 09 Mar 2023 18:01:34: Permuting round 0 ... 
INFO  @ Thu, 09 Mar 2023 18:01:34: Thread 0 started. 
INFO  @ Thu, 09 Mar 2023 18:01:34: Thread 0: total 3514 instances. 
INFO  @ Thu, 09 Mar 2023 18:01:34: Thread 0: Calculating SETD1B (1) ...  
INFO  @ Thu, 09 Mar 2023 18:01:37: Thread 0: Calculating PLK4 (1001) ...  
INFO  @ Thu, 09 Mar 2023 18:01:40: Thread 0: Calculating KCNA1 (2001) ...  
INFO  @ Thu, 09 Mar 2023 18:01:43: Thread 0: Calculating ZNF781 (3001) ...  
INFO  @ Thu, 09 Mar 2023 18:01:45: Thread 0 completed. 
INFO  @ Thu, 09 Mar 2023 18:01:45: All threads completed. 
INFO  @ Thu, 09 Mar 2023 18:01:46: Permuting round 1 ... 
INFO  @ Thu, 09 Mar 2023 18:01:46: Thread 0 started. 
INFO  @ Thu, 09 Mar 2023 18:01:46: Thread 0: total 3514 instances. 
INFO  @ Thu, 09 Mar 2023 18:01:46: Thread 0: Calculating SETD1B (1) ...  
INFO  @ Thu, 09 Mar 2023 18:01:49: Thread 0: Calculating PLK4 (1001) ...  
INFO  @ Thu, 09 Mar 2023 18:01:52: Thread 0: Calculating KCNA1 (2001) ...  
INFO  @ Thu, 09 Mar 2023 18:01:55: Thread 0: Calculating ZNF781 (3001) ...  
INFO  @ Thu, 09 Mar 2023 18:01:57: Thread 0 completed. 
INFO  @ Thu, 09 Mar 2023 18:01:57: All threads completed. 
INFO  @ Thu, 09 Mar 2023 18:01:58: Assigning p values... 
INFO  @ Thu, 09 Mar 2023 18:01:58: Permuting groups of gene with 9 sgRNAs per gene. Group progress: 9/41 
INFO  @ Thu, 09 Mar 2023 18:01:58: Start permuting 2 rounds ... 
INFO  @ Thu, 09 Mar 2023 18:01:58: Collecting 25893 sgRNAs from 3514 genes. 
INFO  @ Thu, 09 Mar 2023 18:01:58: Permuting round 0 ... 
INFO  @ Thu, 09 Mar 2023 18:01:58: Thread 0 started. 
INFO  @ Thu, 09 Mar 2023 18:01:58: Thread 0: total 3514 instances. 
INFO  @ Thu, 09 Mar 2023 18:01:58: Thread 0: Calculating SETD1B (1) ...  
INFO  @ Thu, 09 Mar 2023 18:02:02: Thread 0: Calculating PLK4 (1001) ...  
INFO  @ Thu, 09 Mar 2023 18:02:05: Thread 0: Calculating KCNA1 (2001) ...  
INFO  @ Thu, 09 Mar 2023 18:02:08: Thread 0: Calculating ZNF781 (3001) ...  
INFO  @ Thu, 09 Mar 2023 18:02:10: Thread 0 completed. 
INFO  @ Thu, 09 Mar 2023 18:02:10: All threads completed. 
INFO  @ Thu, 09 Mar 2023 18:02:11: Permuting round 1 ... 
INFO  @ Thu, 09 Mar 2023 18:02:11: Thread 0 started. 
INFO  @ Thu, 09 Mar 2023 18:02:11: Thread 0: total 3514 instances. 
INFO  @ Thu, 09 Mar 2023 18:02:11: Thread 0: Calculating SETD1B (1) ...  
INFO  @ Thu, 09 Mar 2023 18:02:14: Thread 0: Calculating PLK4 (1001) ...  
INFO  @ Thu, 09 Mar 2023 18:02:17: Thread 0: Calculating KCNA1 (2001) ...  
INFO  @ Thu, 09 Mar 2023 18:02:20: Thread 0: Calculating ZNF781 (3001) ...  
INFO  @ Thu, 09 Mar 2023 18:02:22: Thread 0 completed. 
INFO  @ Thu, 09 Mar 2023 18:02:22: All threads completed. 
INFO  @ Thu, 09 Mar 2023 18:02:23: Assigning p values... 
INFO  @ Thu, 09 Mar 2023 18:02:23: Permuting groups of gene with 10 sgRNAs per gene. Group progress: 10/41 
INFO  @ Thu, 09 Mar 2023 18:02:23: Start permuting 2 rounds ... 
INFO  @ Thu, 09 Mar 2023 18:02:23: Collecting 25893 sgRNAs from 3514 genes. 
INFO  @ Thu, 09 Mar 2023 18:02:23: Permuting round 0 ... 
INFO  @ Thu, 09 Mar 2023 18:02:23: Thread 0 started. 
INFO  @ Thu, 09 Mar 2023 18:02:23: Thread 0: total 3514 instances. 
INFO  @ Thu, 09 Mar 2023 18:02:23: Thread 0: Calculating SETD1B (1) ...  
INFO  @ Thu, 09 Mar 2023 18:02:26: Thread 0: Calculating PLK4 (1001) ...  
INFO  @ Thu, 09 Mar 2023 18:02:30: Thread 0: Calculating KCNA1 (2001) ...  
INFO  @ Thu, 09 Mar 2023 18:02:33: Thread 0: Calculating ZNF781 (3001) ...  
INFO  @ Thu, 09 Mar 2023 18:02:35: Thread 0 completed. 
INFO  @ Thu, 09 Mar 2023 18:02:35: All threads completed. 
INFO  @ Thu, 09 Mar 2023 18:02:36: Permuting round 1 ... 
INFO  @ Thu, 09 Mar 2023 18:02:36: Thread 0 started. 
INFO  @ Thu, 09 Mar 2023 18:02:36: Thread 0: total 3514 instances. 
INFO  @ Thu, 09 Mar 2023 18:02:36: Thread 0: Calculating SETD1B (1) ...  
INFO  @ Thu, 09 Mar 2023 18:02:39: Thread 0: Calculating PLK4 (1001) ...  
INFO  @ Thu, 09 Mar 2023 18:02:42: Thread 0: Calculating KCNA1 (2001) ...  
INFO  @ Thu, 09 Mar 2023 18:02:46: Thread 0: Calculating ZNF781 (3001) ...  
INFO  @ Thu, 09 Mar 2023 18:02:47: Thread 0 completed. 
INFO  @ Thu, 09 Mar 2023 18:02:47: All threads completed. 
INFO  @ Thu, 09 Mar 2023 18:02:48: Assigning p values... 
INFO  @ Thu, 09 Mar 2023 18:02:48: Permuting groups of gene with 11 sgRNAs per gene. Group progress: 11/41 
INFO  @ Thu, 09 Mar 2023 18:02:48: Start permuting 2 rounds ... 
INFO  @ Thu, 09 Mar 2023 18:02:48: Collecting 25893 sgRNAs from 3514 genes. 
INFO  @ Thu, 09 Mar 2023 18:02:48: Permuting round 0 ... 
INFO  @ Thu, 09 Mar 2023 18:02:48: Thread 0 started. 
INFO  @ Thu, 09 Mar 2023 18:02:48: Thread 0: total 3514 instances. 
INFO  @ Thu, 09 Mar 2023 18:02:48: Thread 0: Calculating SETD1B (1) ...  
INFO  @ Thu, 09 Mar 2023 18:02:52: Thread 0: Calculating PLK4 (1001) ...  
INFO  @ Thu, 09 Mar 2023 18:02:55: Thread 0: Calculating KCNA1 (2001) ...  
INFO  @ Thu, 09 Mar 2023 18:02:58: Thread 0: Calculating ZNF781 (3001) ...  
INFO  @ Thu, 09 Mar 2023 18:03:00: Thread 0 completed. 
INFO  @ Thu, 09 Mar 2023 18:03:00: All threads completed. 
INFO  @ Thu, 09 Mar 2023 18:03:01: Permuting round 1 ... 
INFO  @ Thu, 09 Mar 2023 18:03:01: Thread 0 started. 
INFO  @ Thu, 09 Mar 2023 18:03:01: Thread 0: total 3514 instances. 
INFO  @ Thu, 09 Mar 2023 18:03:01: Thread 0: Calculating SETD1B (1) ...  
INFO  @ Thu, 09 Mar 2023 18:03:04: Thread 0: Calculating PLK4 (1001) ...  
INFO  @ Thu, 09 Mar 2023 18:03:08: Thread 0: Calculating KCNA1 (2001) ...  
INFO  @ Thu, 09 Mar 2023 18:03:11: Thread 0: Calculating ZNF781 (3001) ...  
INFO  @ Thu, 09 Mar 2023 18:03:13: Thread 0 completed. 
INFO  @ Thu, 09 Mar 2023 18:03:13: All threads completed. 
INFO  @ Thu, 09 Mar 2023 18:03:14: Assigning p values... 
INFO  @ Thu, 09 Mar 2023 18:03:14: Permuting groups of gene with 12 sgRNAs per gene. Group progress: 12/41 
INFO  @ Thu, 09 Mar 2023 18:03:14: Start permuting 2 rounds ... 
INFO  @ Thu, 09 Mar 2023 18:03:14: Collecting 25893 sgRNAs from 3514 genes. 
INFO  @ Thu, 09 Mar 2023 18:03:14: Permuting round 0 ... 
INFO  @ Thu, 09 Mar 2023 18:03:14: Thread 0 started. 
INFO  @ Thu, 09 Mar 2023 18:03:14: Thread 0: total 3514 instances. 
INFO  @ Thu, 09 Mar 2023 18:03:14: Thread 0: Calculating SETD1B (1) ...  
INFO  @ Thu, 09 Mar 2023 18:03:18: Thread 0: Calculating PLK4 (1001) ...  
INFO  @ Thu, 09 Mar 2023 18:03:21: Thread 0: Calculating KCNA1 (2001) ...  
INFO  @ Thu, 09 Mar 2023 18:03:24: Thread 0: Calculating ZNF781 (3001) ...  
INFO  @ Thu, 09 Mar 2023 18:03:26: Thread 0 completed. 
INFO  @ Thu, 09 Mar 2023 18:03:26: All threads completed. 
INFO  @ Thu, 09 Mar 2023 18:03:27: Permuting round 1 ... 
INFO  @ Thu, 09 Mar 2023 18:03:27: Thread 0 started. 
INFO  @ Thu, 09 Mar 2023 18:03:27: Thread 0: total 3514 instances. 
INFO  @ Thu, 09 Mar 2023 18:03:27: Thread 0: Calculating SETD1B (1) ...  
INFO  @ Thu, 09 Mar 2023 18:03:30: Thread 0: Calculating PLK4 (1001) ...  
INFO  @ Thu, 09 Mar 2023 18:03:34: Thread 0: Calculating KCNA1 (2001) ...  
INFO  @ Thu, 09 Mar 2023 18:03:37: Thread 0: Calculating ZNF781 (3001) ...  
INFO  @ Thu, 09 Mar 2023 18:03:39: Thread 0 completed. 
INFO  @ Thu, 09 Mar 2023 18:03:39: All threads completed. 
INFO  @ Thu, 09 Mar 2023 18:03:40: Assigning p values... 
INFO  @ Thu, 09 Mar 2023 18:03:40: Permuting groups of gene with 13 sgRNAs per gene. Group progress: 13/41 
INFO  @ Thu, 09 Mar 2023 18:03:40: Start permuting 2 rounds ... 
INFO  @ Thu, 09 Mar 2023 18:03:40: Collecting 25893 sgRNAs from 3514 genes. 
INFO  @ Thu, 09 Mar 2023 18:03:40: Permuting round 0 ... 
INFO  @ Thu, 09 Mar 2023 18:03:40: Thread 0 started. 
INFO  @ Thu, 09 Mar 2023 18:03:40: Thread 0: total 3514 instances. 
INFO  @ Thu, 09 Mar 2023 18:03:40: Thread 0: Calculating SETD1B (1) ...  
INFO  @ Thu, 09 Mar 2023 18:03:43: Thread 0: Calculating PLK4 (1001) ...  
INFO  @ Thu, 09 Mar 2023 18:03:47: Thread 0: Calculating KCNA1 (2001) ...  
INFO  @ Thu, 09 Mar 2023 18:03:50: Thread 0: Calculating ZNF781 (3001) ...  
INFO  @ Thu, 09 Mar 2023 18:03:52: Thread 0 completed. 
INFO  @ Thu, 09 Mar 2023 18:03:52: All threads completed. 
INFO  @ Thu, 09 Mar 2023 18:03:53: Permuting round 1 ... 
INFO  @ Thu, 09 Mar 2023 18:03:53: Thread 0 started. 
INFO  @ Thu, 09 Mar 2023 18:03:53: Thread 0: total 3514 instances. 
INFO  @ Thu, 09 Mar 2023 18:03:53: Thread 0: Calculating SETD1B (1) ...  
INFO  @ Thu, 09 Mar 2023 18:03:56: Thread 0: Calculating PLK4 (1001) ...  
INFO  @ Thu, 09 Mar 2023 18:04:00: Thread 0: Calculating KCNA1 (2001) ...  
INFO  @ Thu, 09 Mar 2023 18:04:03: Thread 0: Calculating ZNF781 (3001) ...  
INFO  @ Thu, 09 Mar 2023 18:04:05: Thread 0 completed. 
INFO  @ Thu, 09 Mar 2023 18:04:05: All threads completed. 
INFO  @ Thu, 09 Mar 2023 18:04:07: Assigning p values... 
INFO  @ Thu, 09 Mar 2023 18:04:07: Permuting groups of gene with 14 sgRNAs per gene. Group progress: 14/41 
INFO  @ Thu, 09 Mar 2023 18:04:07: Start permuting 2 rounds ... 
INFO  @ Thu, 09 Mar 2023 18:04:07: Collecting 25893 sgRNAs from 3514 genes. 
INFO  @ Thu, 09 Mar 2023 18:04:07: Permuting round 0 ... 
INFO  @ Thu, 09 Mar 2023 18:04:07: Thread 0 started. 
INFO  @ Thu, 09 Mar 2023 18:04:07: Thread 0: total 3514 instances. 
INFO  @ Thu, 09 Mar 2023 18:04:07: Thread 0: Calculating SETD1B (1) ...  
INFO  @ Thu, 09 Mar 2023 18:04:11: Thread 0: Calculating PLK4 (1001) ...  
INFO  @ Thu, 09 Mar 2023 18:04:14: Thread 0: Calculating KCNA1 (2001) ...  
INFO  @ Thu, 09 Mar 2023 18:04:17: Thread 0: Calculating ZNF781 (3001) ...  
INFO  @ Thu, 09 Mar 2023 18:04:19: Thread 0 completed. 
INFO  @ Thu, 09 Mar 2023 18:04:19: All threads completed. 
INFO  @ Thu, 09 Mar 2023 18:04:20: Permuting round 1 ... 
INFO  @ Thu, 09 Mar 2023 18:04:20: Thread 0 started. 
INFO  @ Thu, 09 Mar 2023 18:04:20: Thread 0: total 3514 instances. 
INFO  @ Thu, 09 Mar 2023 18:04:20: Thread 0: Calculating SETD1B (1) ...  
INFO  @ Thu, 09 Mar 2023 18:04:24: Thread 0: Calculating PLK4 (1001) ...  
INFO  @ Thu, 09 Mar 2023 18:04:27: Thread 0: Calculating KCNA1 (2001) ...  
INFO  @ Thu, 09 Mar 2023 18:04:31: Thread 0: Calculating ZNF781 (3001) ...  
INFO  @ Thu, 09 Mar 2023 18:04:32: Thread 0 completed. 
INFO  @ Thu, 09 Mar 2023 18:04:32: All threads completed. 
INFO  @ Thu, 09 Mar 2023 18:04:33: Assigning p values... 
INFO  @ Thu, 09 Mar 2023 18:04:33: Permuting groups of gene with 15 sgRNAs per gene. Group progress: 15/41 
INFO  @ Thu, 09 Mar 2023 18:04:33: Start permuting 2 rounds ... 
INFO  @ Thu, 09 Mar 2023 18:04:34: Collecting 25893 sgRNAs from 3514 genes. 
INFO  @ Thu, 09 Mar 2023 18:04:34: Permuting round 0 ... 
INFO  @ Thu, 09 Mar 2023 18:04:34: Thread 0 started. 
INFO  @ Thu, 09 Mar 2023 18:04:34: Thread 0: total 3514 instances. 
INFO  @ Thu, 09 Mar 2023 18:04:34: Thread 0: Calculating SETD1B (1) ...  
INFO  @ Thu, 09 Mar 2023 18:04:37: Thread 0: Calculating PLK4 (1001) ...  
INFO  @ Thu, 09 Mar 2023 18:04:41: Thread 0: Calculating KCNA1 (2001) ...  
INFO  @ Thu, 09 Mar 2023 18:04:44: Thread 0: Calculating ZNF781 (3001) ...  
INFO  @ Thu, 09 Mar 2023 18:04:46: Thread 0 completed. 
INFO  @ Thu, 09 Mar 2023 18:04:46: All threads completed. 
INFO  @ Thu, 09 Mar 2023 18:04:47: Permuting round 1 ... 
INFO  @ Thu, 09 Mar 2023 18:04:47: Thread 0 started. 
INFO  @ Thu, 09 Mar 2023 18:04:47: Thread 0: total 3514 instances. 
INFO  @ Thu, 09 Mar 2023 18:04:47: Thread 0: Calculating SETD1B (1) ...  
INFO  @ Thu, 09 Mar 2023 18:04:51: Thread 0: Calculating PLK4 (1001) ...  
INFO  @ Thu, 09 Mar 2023 18:04:54: Thread 0: Calculating KCNA1 (2001) ...  
INFO  @ Thu, 09 Mar 2023 18:04:57: Thread 0: Calculating ZNF781 (3001) ...  
INFO  @ Thu, 09 Mar 2023 18:04:59: Thread 0 completed. 
INFO  @ Thu, 09 Mar 2023 18:04:59: All threads completed. 
INFO  @ Thu, 09 Mar 2023 18:05:00: Assigning p values... 
INFO  @ Thu, 09 Mar 2023 18:05:00: Permuting groups of gene with 16 sgRNAs per gene. Group progress: 16/41 
INFO  @ Thu, 09 Mar 2023 18:05:00: Start permuting 2 rounds ... 
INFO  @ Thu, 09 Mar 2023 18:05:00: Collecting 25893 sgRNAs from 3514 genes. 
INFO  @ Thu, 09 Mar 2023 18:05:01: Permuting round 0 ... 
INFO  @ Thu, 09 Mar 2023 18:05:01: Thread 0 started. 
INFO  @ Thu, 09 Mar 2023 18:05:01: Thread 0: total 3514 instances. 
INFO  @ Thu, 09 Mar 2023 18:05:01: Thread 0: Calculating SETD1B (1) ...  
INFO  @ Thu, 09 Mar 2023 18:05:04: Thread 0: Calculating PLK4 (1001) ...  
INFO  @ Thu, 09 Mar 2023 18:05:08: Thread 0: Calculating KCNA1 (2001) ...  
INFO  @ Thu, 09 Mar 2023 18:05:12: Thread 0: Calculating ZNF781 (3001) ...  
INFO  @ Thu, 09 Mar 2023 18:05:14: Thread 0 completed. 
INFO  @ Thu, 09 Mar 2023 18:05:14: All threads completed. 
INFO  @ Thu, 09 Mar 2023 18:05:15: Permuting round 1 ... 
INFO  @ Thu, 09 Mar 2023 18:05:15: Thread 0 started. 
INFO  @ Thu, 09 Mar 2023 18:05:15: Thread 0: total 3514 instances. 
INFO  @ Thu, 09 Mar 2023 18:05:15: Thread 0: Calculating SETD1B (1) ...  
INFO  @ Thu, 09 Mar 2023 18:05:19: Thread 0: Calculating PLK4 (1001) ...  
INFO  @ Thu, 09 Mar 2023 18:05:23: Thread 0: Calculating KCNA1 (2001) ...  
INFO  @ Thu, 09 Mar 2023 18:05:27: Thread 0: Calculating ZNF781 (3001) ...  
INFO  @ Thu, 09 Mar 2023 18:05:29: Thread 0 completed. 
INFO  @ Thu, 09 Mar 2023 18:05:29: All threads completed. 
INFO  @ Thu, 09 Mar 2023 18:05:30: Assigning p values... 
INFO  @ Thu, 09 Mar 2023 18:05:30: Permuting groups of gene with 17 sgRNAs per gene. Group progress: 17/41 
INFO  @ Thu, 09 Mar 2023 18:05:30: Start permuting 2 rounds ... 
INFO  @ Thu, 09 Mar 2023 18:05:30: Collecting 25893 sgRNAs from 3514 genes. 
INFO  @ Thu, 09 Mar 2023 18:05:30: Permuting round 0 ... 
INFO  @ Thu, 09 Mar 2023 18:05:30: Thread 0 started. 
INFO  @ Thu, 09 Mar 2023 18:05:30: Thread 0: total 3514 instances. 
INFO  @ Thu, 09 Mar 2023 18:05:30: Thread 0: Calculating SETD1B (1) ...  
INFO  @ Thu, 09 Mar 2023 18:05:34: Thread 0: Calculating PLK4 (1001) ...  
INFO  @ Thu, 09 Mar 2023 18:05:37: Thread 0: Calculating KCNA1 (2001) ...  
INFO  @ Thu, 09 Mar 2023 18:05:41: Thread 0: Calculating ZNF781 (3001) ...  
INFO  @ Thu, 09 Mar 2023 18:05:43: Thread 0 completed. 
INFO  @ Thu, 09 Mar 2023 18:05:43: All threads completed. 
INFO  @ Thu, 09 Mar 2023 18:05:44: Permuting round 1 ... 
INFO  @ Thu, 09 Mar 2023 18:05:44: Thread 0 started. 
INFO  @ Thu, 09 Mar 2023 18:05:44: Thread 0: total 3514 instances. 
INFO  @ Thu, 09 Mar 2023 18:05:44: Thread 0: Calculating SETD1B (1) ...  
INFO  @ Thu, 09 Mar 2023 18:05:47: Thread 0: Calculating PLK4 (1001) ...  
INFO  @ Thu, 09 Mar 2023 18:05:51: Thread 0: Calculating KCNA1 (2001) ...  
INFO  @ Thu, 09 Mar 2023 18:05:54: Thread 0: Calculating ZNF781 (3001) ...  
INFO  @ Thu, 09 Mar 2023 18:05:56: Thread 0 completed. 
INFO  @ Thu, 09 Mar 2023 18:05:56: All threads completed. 
INFO  @ Thu, 09 Mar 2023 18:05:57: Assigning p values... 
INFO  @ Thu, 09 Mar 2023 18:05:57: Permuting groups of gene with 18 sgRNAs per gene. Group progress: 18/41 
INFO  @ Thu, 09 Mar 2023 18:05:57: Start permuting 2 rounds ... 
INFO  @ Thu, 09 Mar 2023 18:05:58: Collecting 25893 sgRNAs from 3514 genes. 
INFO  @ Thu, 09 Mar 2023 18:05:58: Permuting round 0 ... 
INFO  @ Thu, 09 Mar 2023 18:05:58: Thread 0 started. 
INFO  @ Thu, 09 Mar 2023 18:05:58: Thread 0: total 3514 instances. 
INFO  @ Thu, 09 Mar 2023 18:05:58: Thread 0: Calculating SETD1B (1) ...  
INFO  @ Thu, 09 Mar 2023 18:06:02: Thread 0: Calculating PLK4 (1001) ...  
INFO  @ Thu, 09 Mar 2023 18:06:05: Thread 0: Calculating KCNA1 (2001) ...  
INFO  @ Thu, 09 Mar 2023 18:06:09: Thread 0: Calculating ZNF781 (3001) ...  
INFO  @ Thu, 09 Mar 2023 18:06:11: Thread 0 completed. 
INFO  @ Thu, 09 Mar 2023 18:06:11: All threads completed. 
INFO  @ Thu, 09 Mar 2023 18:06:12: Permuting round 1 ... 
INFO  @ Thu, 09 Mar 2023 18:06:12: Thread 0 started. 
INFO  @ Thu, 09 Mar 2023 18:06:12: Thread 0: total 3514 instances. 
INFO  @ Thu, 09 Mar 2023 18:06:12: Thread 0: Calculating SETD1B (1) ...  
INFO  @ Thu, 09 Mar 2023 18:06:16: Thread 0: Calculating PLK4 (1001) ...  
INFO  @ Thu, 09 Mar 2023 18:06:20: Thread 0: Calculating KCNA1 (2001) ...  
INFO  @ Thu, 09 Mar 2023 18:06:23: Thread 0: Calculating ZNF781 (3001) ...  
INFO  @ Thu, 09 Mar 2023 18:06:25: Thread 0 completed. 
INFO  @ Thu, 09 Mar 2023 18:06:25: All threads completed. 
INFO  @ Thu, 09 Mar 2023 18:06:26: Assigning p values... 
INFO  @ Thu, 09 Mar 2023 18:06:26: Permuting groups of gene with 19 sgRNAs per gene. Group progress: 19/41 
INFO  @ Thu, 09 Mar 2023 18:06:26: Start permuting 2 rounds ... 
INFO  @ Thu, 09 Mar 2023 18:06:26: Collecting 25893 sgRNAs from 3514 genes. 
INFO  @ Thu, 09 Mar 2023 18:06:27: Permuting round 0 ... 
INFO  @ Thu, 09 Mar 2023 18:06:27: Thread 0 started. 
INFO  @ Thu, 09 Mar 2023 18:06:27: Thread 0: total 3514 instances. 
INFO  @ Thu, 09 Mar 2023 18:06:27: Thread 0: Calculating SETD1B (1) ...  
INFO  @ Thu, 09 Mar 2023 18:06:31: Thread 0: Calculating PLK4 (1001) ...  
INFO  @ Thu, 09 Mar 2023 18:06:34: Thread 0: Calculating KCNA1 (2001) ...  
INFO  @ Thu, 09 Mar 2023 18:06:38: Thread 0: Calculating ZNF781 (3001) ...  
INFO  @ Thu, 09 Mar 2023 18:06:40: Thread 0 completed. 
INFO  @ Thu, 09 Mar 2023 18:06:40: All threads completed. 
INFO  @ Thu, 09 Mar 2023 18:06:41: Permuting round 1 ... 
INFO  @ Thu, 09 Mar 2023 18:06:41: Thread 0 started. 
INFO  @ Thu, 09 Mar 2023 18:06:41: Thread 0: total 3514 instances. 
INFO  @ Thu, 09 Mar 2023 18:06:41: Thread 0: Calculating SETD1B (1) ...  
INFO  @ Thu, 09 Mar 2023 18:06:45: Thread 0: Calculating PLK4 (1001) ...  
INFO  @ Thu, 09 Mar 2023 18:06:48: Thread 0: Calculating KCNA1 (2001) ...  
INFO  @ Thu, 09 Mar 2023 18:06:52: Thread 0: Calculating ZNF781 (3001) ...  
INFO  @ Thu, 09 Mar 2023 18:06:54: Thread 0 completed. 
INFO  @ Thu, 09 Mar 2023 18:06:54: All threads completed. 
INFO  @ Thu, 09 Mar 2023 18:06:55: Assigning p values... 
INFO  @ Thu, 09 Mar 2023 18:06:55: Permuting groups of gene with 20 sgRNAs per gene. Group progress: 20/41 
INFO  @ Thu, 09 Mar 2023 18:06:55: Start permuting 2 rounds ... 
INFO  @ Thu, 09 Mar 2023 18:06:55: Collecting 25893 sgRNAs from 3514 genes. 
INFO  @ Thu, 09 Mar 2023 18:06:56: Permuting round 0 ... 
INFO  @ Thu, 09 Mar 2023 18:06:56: Thread 0 started. 
INFO  @ Thu, 09 Mar 2023 18:06:56: Thread 0: total 3514 instances. 
INFO  @ Thu, 09 Mar 2023 18:06:56: Thread 0: Calculating SETD1B (1) ...  
INFO  @ Thu, 09 Mar 2023 18:06:59: Thread 0: Calculating PLK4 (1001) ...  
INFO  @ Thu, 09 Mar 2023 18:07:03: Thread 0: Calculating KCNA1 (2001) ...  
INFO  @ Thu, 09 Mar 2023 18:07:07: Thread 0: Calculating ZNF781 (3001) ...  
INFO  @ Thu, 09 Mar 2023 18:07:09: Thread 0 completed. 
INFO  @ Thu, 09 Mar 2023 18:07:09: All threads completed. 
INFO  @ Thu, 09 Mar 2023 18:07:10: Permuting round 1 ... 
INFO  @ Thu, 09 Mar 2023 18:07:10: Thread 0 started. 
INFO  @ Thu, 09 Mar 2023 18:07:10: Thread 0: total 3514 instances. 
INFO  @ Thu, 09 Mar 2023 18:07:10: Thread 0: Calculating SETD1B (1) ...  
INFO  @ Thu, 09 Mar 2023 18:07:14: Thread 0: Calculating PLK4 (1001) ...  
INFO  @ Thu, 09 Mar 2023 18:07:18: Thread 0: Calculating KCNA1 (2001) ...  
INFO  @ Thu, 09 Mar 2023 18:07:22: Thread 0: Calculating ZNF781 (3001) ...  
INFO  @ Thu, 09 Mar 2023 18:07:24: Thread 0 completed. 
INFO  @ Thu, 09 Mar 2023 18:07:24: All threads completed. 
INFO  @ Thu, 09 Mar 2023 18:07:25: Assigning p values... 
INFO  @ Thu, 09 Mar 2023 18:07:25: Permuting groups of gene with 21 sgRNAs per gene. Group progress: 21/41 
INFO  @ Thu, 09 Mar 2023 18:07:25: Start permuting 2 rounds ... 
INFO  @ Thu, 09 Mar 2023 18:07:26: Collecting 25893 sgRNAs from 3514 genes. 
INFO  @ Thu, 09 Mar 2023 18:07:26: Permuting round 0 ... 
INFO  @ Thu, 09 Mar 2023 18:07:26: Thread 0 started. 
INFO  @ Thu, 09 Mar 2023 18:07:26: Thread 0: total 3514 instances. 
INFO  @ Thu, 09 Mar 2023 18:07:26: Thread 0: Calculating SETD1B (1) ...  
INFO  @ Thu, 09 Mar 2023 18:07:30: Thread 0: Calculating PLK4 (1001) ...  
INFO  @ Thu, 09 Mar 2023 18:07:34: Thread 0: Calculating KCNA1 (2001) ...  
INFO  @ Thu, 09 Mar 2023 18:07:38: Thread 0: Calculating ZNF781 (3001) ...  
INFO  @ Thu, 09 Mar 2023 18:07:40: Thread 0 completed. 
INFO  @ Thu, 09 Mar 2023 18:07:40: All threads completed. 
INFO  @ Thu, 09 Mar 2023 18:07:41: Permuting round 1 ... 
INFO  @ Thu, 09 Mar 2023 18:07:41: Thread 0 started. 
INFO  @ Thu, 09 Mar 2023 18:07:41: Thread 0: total 3514 instances. 
INFO  @ Thu, 09 Mar 2023 18:07:41: Thread 0: Calculating SETD1B (1) ...  
INFO  @ Thu, 09 Mar 2023 18:07:45: Thread 0: Calculating PLK4 (1001) ...  
INFO  @ Thu, 09 Mar 2023 18:07:49: Thread 0: Calculating KCNA1 (2001) ...  
INFO  @ Thu, 09 Mar 2023 18:07:52: Thread 0: Calculating ZNF781 (3001) ...  
INFO  @ Thu, 09 Mar 2023 18:07:54: Thread 0 completed. 
INFO  @ Thu, 09 Mar 2023 18:07:54: All threads completed. 
INFO  @ Thu, 09 Mar 2023 18:07:55: Assigning p values... 
INFO  @ Thu, 09 Mar 2023 18:07:55: Permuting groups of gene with 22 sgRNAs per gene. Group progress: 22/41 
INFO  @ Thu, 09 Mar 2023 18:07:55: Start permuting 2 rounds ... 
INFO  @ Thu, 09 Mar 2023 18:07:55: Collecting 25893 sgRNAs from 3514 genes. 
INFO  @ Thu, 09 Mar 2023 18:07:56: Permuting round 0 ... 
INFO  @ Thu, 09 Mar 2023 18:07:56: Thread 0 started. 
INFO  @ Thu, 09 Mar 2023 18:07:56: Thread 0: total 3514 instances. 
INFO  @ Thu, 09 Mar 2023 18:07:56: Thread 0: Calculating SETD1B (1) ...  
INFO  @ Thu, 09 Mar 2023 18:08:00: Thread 0: Calculating PLK4 (1001) ...  
INFO  @ Thu, 09 Mar 2023 18:08:04: Thread 0: Calculating KCNA1 (2001) ...  
INFO  @ Thu, 09 Mar 2023 18:08:07: Thread 0: Calculating ZNF781 (3001) ...  
INFO  @ Thu, 09 Mar 2023 18:08:09: Thread 0 completed. 
INFO  @ Thu, 09 Mar 2023 18:08:09: All threads completed. 
INFO  @ Thu, 09 Mar 2023 18:08:10: Permuting round 1 ... 
INFO  @ Thu, 09 Mar 2023 18:08:10: Thread 0 started. 
INFO  @ Thu, 09 Mar 2023 18:08:10: Thread 0: total 3514 instances. 
INFO  @ Thu, 09 Mar 2023 18:08:10: Thread 0: Calculating SETD1B (1) ...  
INFO  @ Thu, 09 Mar 2023 18:08:14: Thread 0: Calculating PLK4 (1001) ...  
INFO  @ Thu, 09 Mar 2023 18:08:18: Thread 0: Calculating KCNA1 (2001) ...  
INFO  @ Thu, 09 Mar 2023 18:08:22: Thread 0: Calculating ZNF781 (3001) ...  
INFO  @ Thu, 09 Mar 2023 18:08:24: Thread 0 completed. 
INFO  @ Thu, 09 Mar 2023 18:08:24: All threads completed. 
INFO  @ Thu, 09 Mar 2023 18:08:25: Assigning p values... 
INFO  @ Thu, 09 Mar 2023 18:08:25: Permuting groups of gene with 23 sgRNAs per gene. Group progress: 23/41 
INFO  @ Thu, 09 Mar 2023 18:08:25: Start permuting 2 rounds ... 
INFO  @ Thu, 09 Mar 2023 18:08:25: Collecting 25893 sgRNAs from 3514 genes. 
INFO  @ Thu, 09 Mar 2023 18:08:25: Permuting round 0 ... 
INFO  @ Thu, 09 Mar 2023 18:08:25: Thread 0 started. 
INFO  @ Thu, 09 Mar 2023 18:08:25: Thread 0: total 3514 instances. 
INFO  @ Thu, 09 Mar 2023 18:08:25: Thread 0: Calculating SETD1B (1) ...  
INFO  @ Thu, 09 Mar 2023 18:08:29: Thread 0: Calculating PLK4 (1001) ...  
INFO  @ Thu, 09 Mar 2023 18:08:33: Thread 0: Calculating KCNA1 (2001) ...  
INFO  @ Thu, 09 Mar 2023 18:08:37: Thread 0: Calculating ZNF781 (3001) ...  
INFO  @ Thu, 09 Mar 2023 18:08:39: Thread 0 completed. 
INFO  @ Thu, 09 Mar 2023 18:08:39: All threads completed. 
INFO  @ Thu, 09 Mar 2023 18:08:40: Permuting round 1 ... 
INFO  @ Thu, 09 Mar 2023 18:08:40: Thread 0 started. 
INFO  @ Thu, 09 Mar 2023 18:08:40: Thread 0: total 3514 instances. 
INFO  @ Thu, 09 Mar 2023 18:08:40: Thread 0: Calculating SETD1B (1) ...  
INFO  @ Thu, 09 Mar 2023 18:08:44: Thread 0: Calculating PLK4 (1001) ...  
INFO  @ Thu, 09 Mar 2023 18:08:48: Thread 0: Calculating KCNA1 (2001) ...  
INFO  @ Thu, 09 Mar 2023 18:08:52: Thread 0: Calculating ZNF781 (3001) ...  
INFO  @ Thu, 09 Mar 2023 18:08:54: Thread 0 completed. 
INFO  @ Thu, 09 Mar 2023 18:08:54: All threads completed. 
INFO  @ Thu, 09 Mar 2023 18:08:55: Assigning p values... 
INFO  @ Thu, 09 Mar 2023 18:08:55: Permuting groups of gene with 24 sgRNAs per gene. Group progress: 24/41 
INFO  @ Thu, 09 Mar 2023 18:08:55: Start permuting 2 rounds ... 
INFO  @ Thu, 09 Mar 2023 18:08:55: Collecting 25893 sgRNAs from 3514 genes. 
INFO  @ Thu, 09 Mar 2023 18:08:55: Permuting round 0 ... 
INFO  @ Thu, 09 Mar 2023 18:08:55: Thread 0 started. 
INFO  @ Thu, 09 Mar 2023 18:08:55: Thread 0: total 3514 instances. 
INFO  @ Thu, 09 Mar 2023 18:08:55: Thread 0: Calculating SETD1B (1) ...  
INFO  @ Thu, 09 Mar 2023 18:09:00: Thread 0: Calculating PLK4 (1001) ...  
INFO  @ Thu, 09 Mar 2023 18:09:03: Thread 0: Calculating KCNA1 (2001) ...  
INFO  @ Thu, 09 Mar 2023 18:09:07: Thread 0: Calculating ZNF781 (3001) ...  
INFO  @ Thu, 09 Mar 2023 18:09:09: Thread 0 completed. 
INFO  @ Thu, 09 Mar 2023 18:09:09: All threads completed. 
INFO  @ Thu, 09 Mar 2023 18:09:10: Permuting round 1 ... 
INFO  @ Thu, 09 Mar 2023 18:09:11: Thread 0 started. 
INFO  @ Thu, 09 Mar 2023 18:09:11: Thread 0: total 3514 instances. 
INFO  @ Thu, 09 Mar 2023 18:09:11: Thread 0: Calculating SETD1B (1) ...  
INFO  @ Thu, 09 Mar 2023 18:09:15: Thread 0: Calculating PLK4 (1001) ...  
INFO  @ Thu, 09 Mar 2023 18:09:19: Thread 0: Calculating KCNA1 (2001) ...  
INFO  @ Thu, 09 Mar 2023 18:09:23: Thread 0: Calculating ZNF781 (3001) ...  
INFO  @ Thu, 09 Mar 2023 18:09:25: Thread 0 completed. 
INFO  @ Thu, 09 Mar 2023 18:09:25: All threads completed. 
INFO  @ Thu, 09 Mar 2023 18:09:26: Assigning p values... 
INFO  @ Thu, 09 Mar 2023 18:09:26: Permuting groups of gene with 25 sgRNAs per gene. Group progress: 25/41 
INFO  @ Thu, 09 Mar 2023 18:09:26: Start permuting 2 rounds ... 
INFO  @ Thu, 09 Mar 2023 18:09:26: Collecting 25893 sgRNAs from 3514 genes. 
INFO  @ Thu, 09 Mar 2023 18:09:26: Permuting round 0 ... 
INFO  @ Thu, 09 Mar 2023 18:09:26: Thread 0 started. 
INFO  @ Thu, 09 Mar 2023 18:09:26: Thread 0: total 3514 instances. 
INFO  @ Thu, 09 Mar 2023 18:09:26: Thread 0: Calculating SETD1B (1) ...  
INFO  @ Thu, 09 Mar 2023 18:09:30: Thread 0: Calculating PLK4 (1001) ...  
INFO  @ Thu, 09 Mar 2023 18:09:34: Thread 0: Calculating KCNA1 (2001) ...  
INFO  @ Thu, 09 Mar 2023 18:09:38: Thread 0: Calculating ZNF781 (3001) ...  
INFO  @ Thu, 09 Mar 2023 18:09:40: Thread 0 completed. 
INFO  @ Thu, 09 Mar 2023 18:09:40: All threads completed. 
INFO  @ Thu, 09 Mar 2023 18:09:41: Permuting round 1 ... 
INFO  @ Thu, 09 Mar 2023 18:09:42: Thread 0 started. 
INFO  @ Thu, 09 Mar 2023 18:09:42: Thread 0: total 3514 instances. 
INFO  @ Thu, 09 Mar 2023 18:09:42: Thread 0: Calculating SETD1B (1) ...  
INFO  @ Thu, 09 Mar 2023 18:09:46: Thread 0: Calculating PLK4 (1001) ...  
INFO  @ Thu, 09 Mar 2023 18:09:50: Thread 0: Calculating KCNA1 (2001) ...  
INFO  @ Thu, 09 Mar 2023 18:09:54: Thread 0: Calculating ZNF781 (3001) ...  
INFO  @ Thu, 09 Mar 2023 18:09:56: Thread 0 completed. 
INFO  @ Thu, 09 Mar 2023 18:09:56: All threads completed. 
INFO  @ Thu, 09 Mar 2023 18:09:57: Assigning p values... 
INFO  @ Thu, 09 Mar 2023 18:09:57: Permuting groups of gene with 27 sgRNAs per gene. Group progress: 26/41 
INFO  @ Thu, 09 Mar 2023 18:09:57: Start permuting 2 rounds ... 
INFO  @ Thu, 09 Mar 2023 18:09:57: Collecting 25893 sgRNAs from 3514 genes. 
INFO  @ Thu, 09 Mar 2023 18:09:58: Permuting round 0 ... 
INFO  @ Thu, 09 Mar 2023 18:09:58: Thread 0 started. 
INFO  @ Thu, 09 Mar 2023 18:09:58: Thread 0: total 3514 instances. 
INFO  @ Thu, 09 Mar 2023 18:09:58: Thread 0: Calculating SETD1B (1) ...  
INFO  @ Thu, 09 Mar 2023 18:10:02: Thread 0: Calculating PLK4 (1001) ...  
INFO  @ Thu, 09 Mar 2023 18:10:06: Thread 0: Calculating KCNA1 (2001) ...  
INFO  @ Thu, 09 Mar 2023 18:10:10: Thread 0: Calculating ZNF781 (3001) ...  
INFO  @ Thu, 09 Mar 2023 18:10:12: Thread 0 completed. 
INFO  @ Thu, 09 Mar 2023 18:10:12: All threads completed. 
INFO  @ Thu, 09 Mar 2023 18:10:13: Permuting round 1 ... 
INFO  @ Thu, 09 Mar 2023 18:10:13: Thread 0 started. 
INFO  @ Thu, 09 Mar 2023 18:10:13: Thread 0: total 3514 instances. 
INFO  @ Thu, 09 Mar 2023 18:10:13: Thread 0: Calculating SETD1B (1) ...  
INFO  @ Thu, 09 Mar 2023 18:10:18: Thread 0: Calculating PLK4 (1001) ...  
INFO  @ Thu, 09 Mar 2023 18:10:22: Thread 0: Calculating KCNA1 (2001) ...  
INFO  @ Thu, 09 Mar 2023 18:10:26: Thread 0: Calculating ZNF781 (3001) ...  
INFO  @ Thu, 09 Mar 2023 18:10:28: Thread 0 completed. 
INFO  @ Thu, 09 Mar 2023 18:10:28: All threads completed. 
INFO  @ Thu, 09 Mar 2023 18:10:29: Assigning p values... 
INFO  @ Thu, 09 Mar 2023 18:10:29: Permuting groups of gene with 28 sgRNAs per gene. Group progress: 27/41 
INFO  @ Thu, 09 Mar 2023 18:10:29: Start permuting 2 rounds ... 
INFO  @ Thu, 09 Mar 2023 18:10:30: Collecting 25893 sgRNAs from 3514 genes. 
INFO  @ Thu, 09 Mar 2023 18:10:30: Permuting round 0 ... 
INFO  @ Thu, 09 Mar 2023 18:10:30: Thread 0 started. 
INFO  @ Thu, 09 Mar 2023 18:10:30: Thread 0: total 3514 instances. 
INFO  @ Thu, 09 Mar 2023 18:10:30: Thread 0: Calculating SETD1B (1) ...  
INFO  @ Thu, 09 Mar 2023 18:10:34: Thread 0: Calculating PLK4 (1001) ...  
INFO  @ Thu, 09 Mar 2023 18:10:39: Thread 0: Calculating KCNA1 (2001) ...  
INFO  @ Thu, 09 Mar 2023 18:10:43: Thread 0: Calculating ZNF781 (3001) ...  
INFO  @ Thu, 09 Mar 2023 18:10:45: Thread 0 completed. 
INFO  @ Thu, 09 Mar 2023 18:10:45: All threads completed. 
INFO  @ Thu, 09 Mar 2023 18:10:46: Permuting round 1 ... 
INFO  @ Thu, 09 Mar 2023 18:10:46: Thread 0 started. 
INFO  @ Thu, 09 Mar 2023 18:10:46: Thread 0: total 3514 instances. 
INFO  @ Thu, 09 Mar 2023 18:10:46: Thread 0: Calculating SETD1B (1) ...  
INFO  @ Thu, 09 Mar 2023 18:10:50: Thread 0: Calculating PLK4 (1001) ...  
INFO  @ Thu, 09 Mar 2023 18:10:55: Thread 0: Calculating KCNA1 (2001) ...  
INFO  @ Thu, 09 Mar 2023 18:10:59: Thread 0: Calculating ZNF781 (3001) ...  
INFO  @ Thu, 09 Mar 2023 18:11:02: Thread 0 completed. 
INFO  @ Thu, 09 Mar 2023 18:11:02: All threads completed. 
INFO  @ Thu, 09 Mar 2023 18:11:03: Assigning p values... 
INFO  @ Thu, 09 Mar 2023 18:11:03: Permuting groups of gene with 30 sgRNAs per gene. Group progress: 28/41 
INFO  @ Thu, 09 Mar 2023 18:11:03: Start permuting 2 rounds ... 
INFO  @ Thu, 09 Mar 2023 18:11:03: Collecting 25893 sgRNAs from 3514 genes. 
INFO  @ Thu, 09 Mar 2023 18:11:03: Permuting round 0 ... 
INFO  @ Thu, 09 Mar 2023 18:11:03: Thread 0 started. 
INFO  @ Thu, 09 Mar 2023 18:11:03: Thread 0: total 3514 instances. 
INFO  @ Thu, 09 Mar 2023 18:11:03: Thread 0: Calculating SETD1B (1) ...  
INFO  @ Thu, 09 Mar 2023 18:11:08: Thread 0: Calculating PLK4 (1001) ...  
INFO  @ Thu, 09 Mar 2023 18:11:15: Thread 0: Calculating KCNA1 (2001) ...  
INFO  @ Thu, 09 Mar 2023 18:11:23: Thread 0: Calculating ZNF781 (3001) ...  
INFO  @ Thu, 09 Mar 2023 18:11:27: Thread 0 completed. 
INFO  @ Thu, 09 Mar 2023 18:11:27: All threads completed. 
INFO  @ Thu, 09 Mar 2023 18:11:28: Permuting round 1 ... 
INFO  @ Thu, 09 Mar 2023 18:11:29: Thread 0 started. 
INFO  @ Thu, 09 Mar 2023 18:11:29: Thread 0: total 3514 instances. 
INFO  @ Thu, 09 Mar 2023 18:11:29: Thread 0: Calculating SETD1B (1) ...  
INFO  @ Thu, 09 Mar 2023 18:11:37: Thread 0: Calculating PLK4 (1001) ...  
INFO  @ Thu, 09 Mar 2023 18:11:44: Thread 0: Calculating KCNA1 (2001) ...  
INFO  @ Thu, 09 Mar 2023 18:11:51: Thread 0: Calculating ZNF781 (3001) ...  
INFO  @ Thu, 09 Mar 2023 18:11:55: Thread 0 completed. 
INFO  @ Thu, 09 Mar 2023 18:11:55: All threads completed. 
INFO  @ Thu, 09 Mar 2023 18:11:56: Assigning p values... 
INFO  @ Thu, 09 Mar 2023 18:11:57: Permuting groups of gene with 31 sgRNAs per gene. Group progress: 29/41 
INFO  @ Thu, 09 Mar 2023 18:11:57: Start permuting 2 rounds ... 
INFO  @ Thu, 09 Mar 2023 18:11:57: Collecting 25893 sgRNAs from 3514 genes. 
INFO  @ Thu, 09 Mar 2023 18:11:57: Permuting round 0 ... 
INFO  @ Thu, 09 Mar 2023 18:11:57: Thread 0 started. 
INFO  @ Thu, 09 Mar 2023 18:11:57: Thread 0: total 3514 instances. 
INFO  @ Thu, 09 Mar 2023 18:11:57: Thread 0: Calculating SETD1B (1) ...  
INFO  @ Thu, 09 Mar 2023 18:12:15: Thread 0: Calculating PLK4 (1001) ...  
INFO  @ Thu, 09 Mar 2023 18:12:32: Thread 0: Calculating KCNA1 (2001) ...  
INFO  @ Thu, 09 Mar 2023 18:12:48: Thread 0: Calculating ZNF781 (3001) ...  
INFO  @ Thu, 09 Mar 2023 18:12:55: Thread 0 completed. 
INFO  @ Thu, 09 Mar 2023 18:12:55: All threads completed. 
INFO  @ Thu, 09 Mar 2023 18:12:57: Permuting round 1 ... 
INFO  @ Thu, 09 Mar 2023 18:12:57: Thread 0 started. 
INFO  @ Thu, 09 Mar 2023 18:12:57: Thread 0: total 3514 instances. 
INFO  @ Thu, 09 Mar 2023 18:12:57: Thread 0: Calculating SETD1B (1) ...  
INFO  @ Thu, 09 Mar 2023 18:13:23: Thread 0: Calculating PLK4 (1001) ...  
INFO  @ Thu, 09 Mar 2023 18:13:55: Thread 0: Calculating KCNA1 (2001) ...  
INFO  @ Thu, 09 Mar 2023 18:14:26: Thread 0: Calculating ZNF781 (3001) ...  
INFO  @ Thu, 09 Mar 2023 18:14:42: Thread 0 completed. 
INFO  @ Thu, 09 Mar 2023 18:14:42: All threads completed. 
INFO  @ Thu, 09 Mar 2023 18:14:45: Assigning p values... 
INFO  @ Thu, 09 Mar 2023 18:14:46: Permuting groups of gene with 32 sgRNAs per gene. Group progress: 30/41 
INFO  @ Thu, 09 Mar 2023 18:14:46: Start permuting 2 rounds ... 
INFO  @ Thu, 09 Mar 2023 18:14:46: Collecting 25893 sgRNAs from 3514 genes. 
INFO  @ Thu, 09 Mar 2023 18:14:47: Permuting round 0 ... 
INFO  @ Thu, 09 Mar 2023 18:14:48: Thread 0 started. 
INFO  @ Thu, 09 Mar 2023 18:14:48: Thread 0: total 3514 instances. 
INFO  @ Thu, 09 Mar 2023 18:14:48: Thread 0: Calculating SETD1B (1) ...  
INFO  @ Thu, 09 Mar 2023 18:15:19: Thread 0: Calculating PLK4 (1001) ...  
INFO  @ Thu, 09 Mar 2023 18:15:51: Thread 0: Calculating KCNA1 (2001) ...  
INFO  @ Thu, 09 Mar 2023 18:16:21: Thread 0: Calculating ZNF781 (3001) ...  
INFO  @ Thu, 09 Mar 2023 18:16:37: Thread 0 completed. 
INFO  @ Thu, 09 Mar 2023 18:16:37: All threads completed. 
INFO  @ Thu, 09 Mar 2023 18:16:39: Permuting round 1 ... 
INFO  @ Thu, 09 Mar 2023 18:16:40: Thread 0 started. 
INFO  @ Thu, 09 Mar 2023 18:16:41: Thread 0: total 3514 instances. 
INFO  @ Thu, 09 Mar 2023 18:16:41: Thread 0: Calculating SETD1B (1) ...  
INFO  @ Thu, 09 Mar 2023 18:17:11: Thread 0: Calculating PLK4 (1001) ...  
INFO  @ Thu, 09 Mar 2023 18:17:43: Thread 0: Calculating KCNA1 (2001) ...  
INFO  @ Thu, 09 Mar 2023 18:18:14: Thread 0: Calculating ZNF781 (3001) ...  
INFO  @ Thu, 09 Mar 2023 18:18:30: Thread 0 completed. 
INFO  @ Thu, 09 Mar 2023 18:18:30: All threads completed. 
INFO  @ Thu, 09 Mar 2023 18:18:33: Assigning p values... 
INFO  @ Thu, 09 Mar 2023 18:18:33: Permuting groups of gene with 33 sgRNAs per gene. Group progress: 31/41 
INFO  @ Thu, 09 Mar 2023 18:18:33: Start permuting 2 rounds ... 
INFO  @ Thu, 09 Mar 2023 18:18:34: Collecting 25893 sgRNAs from 3514 genes. 
INFO  @ Thu, 09 Mar 2023 18:18:35: Permuting round 0 ... 
INFO  @ Thu, 09 Mar 2023 18:18:36: Thread 0 started. 
INFO  @ Thu, 09 Mar 2023 18:18:36: Thread 0: total 3514 instances. 
INFO  @ Thu, 09 Mar 2023 18:18:36: Thread 0: Calculating SETD1B (1) ...  
INFO  @ Thu, 09 Mar 2023 18:19:07: Thread 0: Calculating PLK4 (1001) ...  
INFO  @ Thu, 09 Mar 2023 18:19:38: Thread 0: Calculating KCNA1 (2001) ...  
INFO  @ Thu, 09 Mar 2023 18:20:10: Thread 0: Calculating ZNF781 (3001) ...  
INFO  @ Thu, 09 Mar 2023 18:20:27: Thread 0 completed. 
INFO  @ Thu, 09 Mar 2023 18:20:27: All threads completed. 
INFO  @ Thu, 09 Mar 2023 18:20:30: Permuting round 1 ... 
INFO  @ Thu, 09 Mar 2023 18:20:32: Thread 0 started. 
INFO  @ Thu, 09 Mar 2023 18:20:32: Thread 0: total 3514 instances. 
INFO  @ Thu, 09 Mar 2023 18:20:32: Thread 0: Calculating SETD1B (1) ...  
INFO  @ Thu, 09 Mar 2023 18:21:05: Thread 0: Calculating PLK4 (1001) ...  
INFO  @ Thu, 09 Mar 2023 18:21:37: Thread 0: Calculating KCNA1 (2001) ...  
INFO  @ Thu, 09 Mar 2023 18:22:11: Thread 0: Calculating ZNF781 (3001) ...  
INFO  @ Thu, 09 Mar 2023 18:22:28: Thread 0 completed. 
INFO  @ Thu, 09 Mar 2023 18:22:28: All threads completed. 
INFO  @ Thu, 09 Mar 2023 18:22:31: Assigning p values... 
INFO  @ Thu, 09 Mar 2023 18:22:31: Permuting groups of gene with 34 sgRNAs per gene. Group progress: 32/41 
INFO  @ Thu, 09 Mar 2023 18:22:31: Start permuting 2 rounds ... 
INFO  @ Thu, 09 Mar 2023 18:22:32: Collecting 25893 sgRNAs from 3514 genes. 
INFO  @ Thu, 09 Mar 2023 18:22:33: Permuting round 0 ... 
INFO  @ Thu, 09 Mar 2023 18:22:34: Thread 0 started. 
INFO  @ Thu, 09 Mar 2023 18:22:34: Thread 0: total 3514 instances. 
INFO  @ Thu, 09 Mar 2023 18:22:34: Thread 0: Calculating SETD1B (1) ...  
INFO  @ Thu, 09 Mar 2023 18:23:07: Thread 0: Calculating PLK4 (1001) ...  
INFO  @ Thu, 09 Mar 2023 18:23:40: Thread 0: Calculating KCNA1 (2001) ...  
INFO  @ Thu, 09 Mar 2023 18:24:13: Thread 0: Calculating ZNF781 (3001) ...  
INFO  @ Thu, 09 Mar 2023 18:24:31: Thread 0 completed. 
INFO  @ Thu, 09 Mar 2023 18:24:31: All threads completed. 
INFO  @ Thu, 09 Mar 2023 18:24:34: Permuting round 1 ... 
INFO  @ Thu, 09 Mar 2023 18:24:35: Thread 0 started. 
INFO  @ Thu, 09 Mar 2023 18:24:35: Thread 0: total 3514 instances. 
INFO  @ Thu, 09 Mar 2023 18:24:35: Thread 0: Calculating SETD1B (1) ...  
INFO  @ Thu, 09 Mar 2023 18:25:09: Thread 0: Calculating PLK4 (1001) ...  
INFO  @ Thu, 09 Mar 2023 18:25:44: Thread 0: Calculating KCNA1 (2001) ...  
INFO  @ Thu, 09 Mar 2023 18:26:19: Thread 0: Calculating ZNF781 (3001) ...  
INFO  @ Thu, 09 Mar 2023 18:26:36: Thread 0 completed. 
INFO  @ Thu, 09 Mar 2023 18:26:36: All threads completed. 
INFO  @ Thu, 09 Mar 2023 18:26:39: Assigning p values... 
INFO  @ Thu, 09 Mar 2023 18:26:39: Permuting groups of gene with 37 sgRNAs per gene. Group progress: 33/41 
INFO  @ Thu, 09 Mar 2023 18:26:39: Start permuting 2 rounds ... 
INFO  @ Thu, 09 Mar 2023 18:26:40: Collecting 25893 sgRNAs from 3514 genes. 
INFO  @ Thu, 09 Mar 2023 18:26:41: Permuting round 0 ... 
INFO  @ Thu, 09 Mar 2023 18:26:42: Thread 0 started. 
INFO  @ Thu, 09 Mar 2023 18:26:42: Thread 0: total 3514 instances. 
INFO  @ Thu, 09 Mar 2023 18:26:42: Thread 0: Calculating SETD1B (1) ...  
INFO  @ Thu, 09 Mar 2023 18:27:18: Thread 0: Calculating PLK4 (1001) ...  
INFO  @ Thu, 09 Mar 2023 18:28:00: Thread 0: Calculating KCNA1 (2001) ...  
INFO  @ Thu, 09 Mar 2023 18:28:33: Thread 0: Calculating ZNF781 (3001) ...  
INFO  @ Thu, 09 Mar 2023 18:28:47: Thread 0 completed. 
INFO  @ Thu, 09 Mar 2023 18:28:47: All threads completed. 
INFO  @ Thu, 09 Mar 2023 18:28:49: Permuting round 1 ... 
INFO  @ Thu, 09 Mar 2023 18:28:50: Thread 0 started. 
INFO  @ Thu, 09 Mar 2023 18:28:50: Thread 0: total 3514 instances. 
INFO  @ Thu, 09 Mar 2023 18:28:50: Thread 0: Calculating SETD1B (1) ...  
INFO  @ Thu, 09 Mar 2023 18:29:19: Thread 0: Calculating PLK4 (1001) ...  
INFO  @ Thu, 09 Mar 2023 18:29:46: Thread 0: Calculating KCNA1 (2001) ...  
INFO  @ Thu, 09 Mar 2023 18:30:17: Thread 0: Calculating ZNF781 (3001) ...  
INFO  @ Thu, 09 Mar 2023 18:30:32: Thread 0 completed. 
INFO  @ Thu, 09 Mar 2023 18:30:32: All threads completed. 
INFO  @ Thu, 09 Mar 2023 18:30:35: Assigning p values... 
INFO  @ Thu, 09 Mar 2023 18:30:35: Groups of gene with 41 sgRNAs per gene: assigning p values based on previous group results. Group progress: 34/41 
INFO  @ Thu, 09 Mar 2023 18:30:35: Groups of gene with 42 sgRNAs per gene: assigning p values based on previous group results. Group progress: 35/41 
INFO  @ Thu, 09 Mar 2023 18:30:35: Groups of gene with 45 sgRNAs per gene: assigning p values based on previous group results. Group progress: 36/41 
INFO  @ Thu, 09 Mar 2023 18:30:35: Groups of gene with 47 sgRNAs per gene: assigning p values based on previous group results. Group progress: 37/41 
INFO  @ Thu, 09 Mar 2023 18:30:35: Groups of gene with 48 sgRNAs per gene: assigning p values based on previous group results. Group progress: 38/41 
INFO  @ Thu, 09 Mar 2023 18:30:35: Groups of gene with 49 sgRNAs per gene: assigning p values based on previous group results. Group progress: 39/41 
INFO  @ Thu, 09 Mar 2023 18:30:35: Groups of gene with 56 sgRNAs per gene: assigning p values based on previous group results. Group progress: 40/41 
INFO  @ Thu, 09 Mar 2023 18:30:35: Groups of gene with 67 sgRNAs per gene: assigning p values based on previous group results. Group progress: 41/41 
INFO  @ Thu, 09 Mar 2023 18:30:35: Writing gene results to mle_DLD1-Cont2_P13.gene_summary.txt 
INFO  @ Thu, 09 Mar 2023 18:30:35: Writing sgRNA results to mle_DLD1-Cont2_P13.sgrna_summary.txt 
