INFO  @ Wed, 16 Nov 2022 13:14:50: Parameters: /home/ryan/miniconda3/envs/mageck/bin/mageck mle -k count-DLD1-Ts8-i.f.csv -d matrixDLD1-Ts8.txt -n mle_DLD1-Ts8 
INFO  @ Wed, 16 Nov 2022 13:14:52: Cannot parse design matrix as a string; try to parse it as a file name ... 
INFO  @ Wed, 16 Nov 2022 13:14:52: Design matrix: 
INFO  @ Wed, 16 Nov 2022 13:14:52: [[1. 0.] 
INFO  @ Wed, 16 Nov 2022 13:14:52:  [1. 1.]] 
INFO  @ Wed, 16 Nov 2022 13:14:52: Beta labels:baseline,Ts8 
INFO  @ Wed, 16 Nov 2022 13:14:52: Included samples:DLD1-Ts8.initial,DLD1-Ts8.final 
INFO  @ Wed, 16 Nov 2022 13:14:52: Treating count-DLD1-Ts8-i.f.csv as csv file ... 
INFO  @ Wed, 16 Nov 2022 13:14:52: Loaded samples:DLD1-Ts8.initial;DLD1-Ts8.final 
INFO  @ Wed, 16 Nov 2022 13:14:52: Sample index: 0;1 
INFO  @ Wed, 16 Nov 2022 13:14:53: Loaded 3506 genes. 
DEBUG @ Wed, 16 Nov 2022 13:14:53: Initial (total) size factor: 1.0095144412780375 0.9906632270773601 
DEBUG @ Wed, 16 Nov 2022 13:14:53: Median factor: 1.0104423861806833 0.9920647958808251 
INFO  @ Wed, 16 Nov 2022 13:14:53: Final size factor: 1.0104423861806833 0.9920647958808251 
INFO  @ Wed, 16 Nov 2022 13:14:53: size factor: 0.9896655303424534,1.0079986752398864 
INFO  @ Wed, 16 Nov 2022 13:14:53: Thread 0 started. 
INFO  @ Wed, 16 Nov 2022 13:14:53: Thread 0: total 1 instances. 
INFO  @ Wed, 16 Nov 2022 13:14:53: Thread 0 completed. 
INFO  @ Wed, 16 Nov 2022 13:14:53: All threads completed. 
INFO  @ Wed, 16 Nov 2022 13:14:53: Modeling the mean and variance ... 
INFO  @ Wed, 16 Nov 2022 13:14:53: Run the algorithm for the second time ... 
INFO  @ Wed, 16 Nov 2022 13:14:53: Skipping gene PBRM1 from MLE calculation since there are too many sgRNAs. To change, revise the --max-sgrnapergene-permutation option. 
INFO  @ Wed, 16 Nov 2022 13:14:53: Skipping gene NKX2 from MLE calculation since there are too many sgRNAs. To change, revise the --max-sgrnapergene-permutation option. 
INFO  @ Wed, 16 Nov 2022 13:14:53: Skipping gene TDRD6 from MLE calculation since there are too many sgRNAs. To change, revise the --max-sgrnapergene-permutation option. 
INFO  @ Wed, 16 Nov 2022 13:14:53: Skipping gene RNF17 from MLE calculation since there are too many sgRNAs. To change, revise the --max-sgrnapergene-permutation option. 
INFO  @ Wed, 16 Nov 2022 13:14:53: Skipping gene KMT2B from MLE calculation since there are too many sgRNAs. To change, revise the --max-sgrnapergene-permutation option. 
INFO  @ Wed, 16 Nov 2022 13:14:53: Skipping gene KMT2C from MLE calculation since there are too many sgRNAs. To change, revise the --max-sgrnapergene-permutation option. 
INFO  @ Wed, 16 Nov 2022 13:14:53: Skipping gene NSD1 from MLE calculation since there are too many sgRNAs. To change, revise the --max-sgrnapergene-permutation option. 
INFO  @ Wed, 16 Nov 2022 13:14:53: Thread 0 started. 
INFO  @ Wed, 16 Nov 2022 13:14:53: Thread 0: total 3499 instances. 
INFO  @ Wed, 16 Nov 2022 13:14:53: Thread 0: Calculating ZNF212 (1) ...  
INFO  @ Wed, 16 Nov 2022 13:15:09: Thread 0: Calculating PIAS3 (1001) ...  
INFO  @ Wed, 16 Nov 2022 13:15:12: Thread 0: Calculating SMARCA1 (2001) ...  
INFO  @ Wed, 16 Nov 2022 13:15:16: Thread 0: Calculating WWP1 (3001) ...  
INFO  @ Wed, 16 Nov 2022 13:15:18: Thread 0 completed. 
INFO  @ Wed, 16 Nov 2022 13:15:18: All threads completed. 
INFO  @ Wed, 16 Nov 2022 13:15:19: Permuting groups of gene with 1 sgRNAs per gene. Group progress: 1/41 
INFO  @ Wed, 16 Nov 2022 13:15:19: Start permuting 2 rounds ... 
INFO  @ Wed, 16 Nov 2022 13:15:19: Collecting 25263 sgRNAs from 3506 genes. 
INFO  @ Wed, 16 Nov 2022 13:15:19: Permuting round 0 ... 
INFO  @ Wed, 16 Nov 2022 13:15:19: Thread 0 started. 
INFO  @ Wed, 16 Nov 2022 13:15:19: Thread 0: total 3506 instances. 
INFO  @ Wed, 16 Nov 2022 13:15:19: Thread 0: Calculating ZNF212 (1) ...  
INFO  @ Wed, 16 Nov 2022 13:15:21: Thread 0: Calculating ATG4A (1001) ...  
INFO  @ Wed, 16 Nov 2022 13:15:23: Thread 0: Calculating PYGO1 (2001) ...  
INFO  @ Wed, 16 Nov 2022 13:16:31: Thread 0: Calculating SHOX2 (3001) ...  
INFO  @ Wed, 16 Nov 2022 13:16:33: Thread 0 completed. 
INFO  @ Wed, 16 Nov 2022 13:16:33: All threads completed. 
INFO  @ Wed, 16 Nov 2022 13:16:34: Permuting round 1 ... 
INFO  @ Wed, 16 Nov 2022 13:16:34: Thread 0 started. 
INFO  @ Wed, 16 Nov 2022 13:16:34: Thread 0: total 3506 instances. 
INFO  @ Wed, 16 Nov 2022 13:16:34: Thread 0: Calculating ZNF212 (1) ...  
INFO  @ Wed, 16 Nov 2022 13:16:35: Thread 0: Calculating ATG4A (1001) ...  
INFO  @ Wed, 16 Nov 2022 13:16:37: Thread 0: Calculating PYGO1 (2001) ...  
INFO  @ Wed, 16 Nov 2022 13:16:39: Thread 0: Calculating SHOX2 (3001) ...  
INFO  @ Wed, 16 Nov 2022 13:16:40: Thread 0 completed. 
INFO  @ Wed, 16 Nov 2022 13:16:40: All threads completed. 
INFO  @ Wed, 16 Nov 2022 13:16:40: Assigning p values... 
INFO  @ Wed, 16 Nov 2022 13:16:40: Permuting groups of gene with 2 sgRNAs per gene. Group progress: 2/41 
INFO  @ Wed, 16 Nov 2022 13:16:40: Start permuting 2 rounds ... 
INFO  @ Wed, 16 Nov 2022 13:16:41: Collecting 25263 sgRNAs from 3506 genes. 
INFO  @ Wed, 16 Nov 2022 13:16:41: Permuting round 0 ... 
INFO  @ Wed, 16 Nov 2022 13:16:41: Thread 0 started. 
INFO  @ Wed, 16 Nov 2022 13:16:41: Thread 0: total 3506 instances. 
INFO  @ Wed, 16 Nov 2022 13:16:41: Thread 0: Calculating ZNF212 (1) ...  
INFO  @ Wed, 16 Nov 2022 13:16:46: Thread 0: Calculating ATG4A (1001) ...  
INFO  @ Wed, 16 Nov 2022 13:17:14: Thread 0: Calculating PYGO1 (2001) ...  
INFO  @ Wed, 16 Nov 2022 13:17:47: Thread 0: Calculating SHOX2 (3001) ...  
INFO  @ Wed, 16 Nov 2022 13:17:53: Thread 0 completed. 
INFO  @ Wed, 16 Nov 2022 13:17:53: All threads completed. 
INFO  @ Wed, 16 Nov 2022 13:17:55: Permuting round 1 ... 
INFO  @ Wed, 16 Nov 2022 13:17:56: Thread 0 started. 
INFO  @ Wed, 16 Nov 2022 13:17:56: Thread 0: total 3506 instances. 
INFO  @ Wed, 16 Nov 2022 13:17:56: Thread 0: Calculating ZNF212 (1) ...  
INFO  @ Wed, 16 Nov 2022 13:18:12: Thread 0: Calculating ATG4A (1001) ...  
INFO  @ Wed, 16 Nov 2022 13:18:23: Thread 0: Calculating PYGO1 (2001) ...  
INFO  @ Wed, 16 Nov 2022 13:18:28: Thread 0: Calculating SHOX2 (3001) ...  
INFO  @ Wed, 16 Nov 2022 13:18:33: Thread 0 completed. 
INFO  @ Wed, 16 Nov 2022 13:18:33: All threads completed. 
INFO  @ Wed, 16 Nov 2022 13:18:34: Assigning p values... 
INFO  @ Wed, 16 Nov 2022 13:18:34: Permuting groups of gene with 3 sgRNAs per gene. Group progress: 3/41 
INFO  @ Wed, 16 Nov 2022 13:18:34: Start permuting 2 rounds ... 
INFO  @ Wed, 16 Nov 2022 13:18:34: Collecting 25263 sgRNAs from 3506 genes. 
INFO  @ Wed, 16 Nov 2022 13:18:35: Permuting round 0 ... 
INFO  @ Wed, 16 Nov 2022 13:18:35: Thread 0 started. 
INFO  @ Wed, 16 Nov 2022 13:18:35: Thread 0: total 3506 instances. 
INFO  @ Wed, 16 Nov 2022 13:18:35: Thread 0: Calculating ZNF212 (1) ...  
INFO  @ Wed, 16 Nov 2022 13:18:42: Thread 0: Calculating ATG4A (1001) ...  
INFO  @ Wed, 16 Nov 2022 13:18:47: Thread 0: Calculating PYGO1 (2001) ...  
INFO  @ Wed, 16 Nov 2022 13:18:53: Thread 0: Calculating SHOX2 (3001) ...  
INFO  @ Wed, 16 Nov 2022 13:18:56: Thread 0 completed. 
INFO  @ Wed, 16 Nov 2022 13:18:56: All threads completed. 
INFO  @ Wed, 16 Nov 2022 13:18:57: Permuting round 1 ... 
INFO  @ Wed, 16 Nov 2022 13:18:57: Thread 0 started. 
INFO  @ Wed, 16 Nov 2022 13:18:57: Thread 0: total 3506 instances. 
INFO  @ Wed, 16 Nov 2022 13:18:57: Thread 0: Calculating ZNF212 (1) ...  
INFO  @ Wed, 16 Nov 2022 13:19:03: Thread 0: Calculating ATG4A (1001) ...  
INFO  @ Wed, 16 Nov 2022 13:19:09: Thread 0: Calculating PYGO1 (2001) ...  
INFO  @ Wed, 16 Nov 2022 13:19:14: Thread 0: Calculating SHOX2 (3001) ...  
INFO  @ Wed, 16 Nov 2022 13:19:17: Thread 0 completed. 
INFO  @ Wed, 16 Nov 2022 13:19:17: All threads completed. 
INFO  @ Wed, 16 Nov 2022 13:19:18: Assigning p values... 
INFO  @ Wed, 16 Nov 2022 13:19:18: Permuting groups of gene with 4 sgRNAs per gene. Group progress: 4/41 
INFO  @ Wed, 16 Nov 2022 13:19:18: Start permuting 2 rounds ... 
INFO  @ Wed, 16 Nov 2022 13:19:19: Collecting 25263 sgRNAs from 3506 genes. 
INFO  @ Wed, 16 Nov 2022 13:19:19: Permuting round 0 ... 
INFO  @ Wed, 16 Nov 2022 13:19:19: Thread 0 started. 
INFO  @ Wed, 16 Nov 2022 13:19:19: Thread 0: total 3506 instances. 
INFO  @ Wed, 16 Nov 2022 13:19:19: Thread 0: Calculating ZNF212 (1) ...  
INFO  @ Wed, 16 Nov 2022 13:19:25: Thread 0: Calculating ATG4A (1001) ...  
INFO  @ Wed, 16 Nov 2022 13:19:31: Thread 0: Calculating PYGO1 (2001) ...  
INFO  @ Wed, 16 Nov 2022 13:19:37: Thread 0: Calculating SHOX2 (3001) ...  
INFO  @ Wed, 16 Nov 2022 13:19:40: Thread 0 completed. 
INFO  @ Wed, 16 Nov 2022 13:19:40: All threads completed. 
INFO  @ Wed, 16 Nov 2022 13:19:42: Permuting round 1 ... 
INFO  @ Wed, 16 Nov 2022 13:19:42: Thread 0 started. 
INFO  @ Wed, 16 Nov 2022 13:19:42: Thread 0: total 3506 instances. 
INFO  @ Wed, 16 Nov 2022 13:19:42: Thread 0: Calculating ZNF212 (1) ...  
INFO  @ Wed, 16 Nov 2022 13:19:48: Thread 0: Calculating ATG4A (1001) ...  
INFO  @ Wed, 16 Nov 2022 13:19:54: Thread 0: Calculating PYGO1 (2001) ...  
INFO  @ Wed, 16 Nov 2022 13:20:00: Thread 0: Calculating SHOX2 (3001) ...  
INFO  @ Wed, 16 Nov 2022 13:20:03: Thread 0 completed. 
INFO  @ Wed, 16 Nov 2022 13:20:03: All threads completed. 
INFO  @ Wed, 16 Nov 2022 13:20:04: Assigning p values... 
INFO  @ Wed, 16 Nov 2022 13:20:04: Permuting groups of gene with 5 sgRNAs per gene. Group progress: 5/41 
INFO  @ Wed, 16 Nov 2022 13:20:04: Start permuting 2 rounds ... 
INFO  @ Wed, 16 Nov 2022 13:20:04: Collecting 25263 sgRNAs from 3506 genes. 
INFO  @ Wed, 16 Nov 2022 13:20:05: Permuting round 0 ... 
INFO  @ Wed, 16 Nov 2022 13:20:05: Thread 0 started. 
INFO  @ Wed, 16 Nov 2022 13:20:05: Thread 0: total 3506 instances. 
INFO  @ Wed, 16 Nov 2022 13:20:05: Thread 0: Calculating ZNF212 (1) ...  
INFO  @ Wed, 16 Nov 2022 13:20:11: Thread 0: Calculating ATG4A (1001) ...  
INFO  @ Wed, 16 Nov 2022 13:20:17: Thread 0: Calculating PYGO1 (2001) ...  
INFO  @ Wed, 16 Nov 2022 13:20:24: Thread 0: Calculating SHOX2 (3001) ...  
INFO  @ Wed, 16 Nov 2022 13:20:27: Thread 0 completed. 
INFO  @ Wed, 16 Nov 2022 13:20:27: All threads completed. 
INFO  @ Wed, 16 Nov 2022 13:20:28: Permuting round 1 ... 
INFO  @ Wed, 16 Nov 2022 13:20:28: Thread 0 started. 
INFO  @ Wed, 16 Nov 2022 13:20:28: Thread 0: total 3506 instances. 
INFO  @ Wed, 16 Nov 2022 13:20:28: Thread 0: Calculating ZNF212 (1) ...  
INFO  @ Wed, 16 Nov 2022 13:20:34: Thread 0: Calculating ATG4A (1001) ...  
INFO  @ Wed, 16 Nov 2022 13:20:40: Thread 0: Calculating PYGO1 (2001) ...  
INFO  @ Wed, 16 Nov 2022 13:20:46: Thread 0: Calculating SHOX2 (3001) ...  
INFO  @ Wed, 16 Nov 2022 13:20:49: Thread 0 completed. 
INFO  @ Wed, 16 Nov 2022 13:20:49: All threads completed. 
INFO  @ Wed, 16 Nov 2022 13:20:50: Assigning p values... 
INFO  @ Wed, 16 Nov 2022 13:20:50: Permuting groups of gene with 6 sgRNAs per gene. Group progress: 6/41 
INFO  @ Wed, 16 Nov 2022 13:20:50: Start permuting 2 rounds ... 
INFO  @ Wed, 16 Nov 2022 13:20:51: Collecting 25263 sgRNAs from 3506 genes. 
INFO  @ Wed, 16 Nov 2022 13:20:51: Permuting round 0 ... 
INFO  @ Wed, 16 Nov 2022 13:20:51: Thread 0 started. 
INFO  @ Wed, 16 Nov 2022 13:20:51: Thread 0: total 3506 instances. 
INFO  @ Wed, 16 Nov 2022 13:20:51: Thread 0: Calculating ZNF212 (1) ...  
INFO  @ Wed, 16 Nov 2022 13:20:58: Thread 0: Calculating ATG4A (1001) ...  
INFO  @ Wed, 16 Nov 2022 13:21:05: Thread 0: Calculating PYGO1 (2001) ...  
INFO  @ Wed, 16 Nov 2022 13:21:11: Thread 0: Calculating SHOX2 (3001) ...  
INFO  @ Wed, 16 Nov 2022 13:21:14: Thread 0 completed. 
INFO  @ Wed, 16 Nov 2022 13:21:14: All threads completed. 
INFO  @ Wed, 16 Nov 2022 13:21:15: Permuting round 1 ... 
INFO  @ Wed, 16 Nov 2022 13:21:15: Thread 0 started. 
INFO  @ Wed, 16 Nov 2022 13:21:15: Thread 0: total 3506 instances. 
INFO  @ Wed, 16 Nov 2022 13:21:15: Thread 0: Calculating ZNF212 (1) ...  
INFO  @ Wed, 16 Nov 2022 13:21:23: Thread 0: Calculating ATG4A (1001) ...  
INFO  @ Wed, 16 Nov 2022 13:21:29: Thread 0: Calculating PYGO1 (2001) ...  
INFO  @ Wed, 16 Nov 2022 13:21:35: Thread 0: Calculating SHOX2 (3001) ...  
INFO  @ Wed, 16 Nov 2022 13:21:38: Thread 0 completed. 
INFO  @ Wed, 16 Nov 2022 13:21:38: All threads completed. 
INFO  @ Wed, 16 Nov 2022 13:21:39: Assigning p values... 
INFO  @ Wed, 16 Nov 2022 13:21:39: Permuting groups of gene with 7 sgRNAs per gene. Group progress: 7/41 
INFO  @ Wed, 16 Nov 2022 13:21:39: Start permuting 2 rounds ... 
INFO  @ Wed, 16 Nov 2022 13:21:40: Collecting 25263 sgRNAs from 3506 genes. 
INFO  @ Wed, 16 Nov 2022 13:21:40: Permuting round 0 ... 
INFO  @ Wed, 16 Nov 2022 13:21:40: Thread 0 started. 
INFO  @ Wed, 16 Nov 2022 13:21:40: Thread 0: total 3506 instances. 
INFO  @ Wed, 16 Nov 2022 13:21:40: Thread 0: Calculating ZNF212 (1) ...  
INFO  @ Wed, 16 Nov 2022 13:21:47: Thread 0: Calculating ATG4A (1001) ...  
INFO  @ Wed, 16 Nov 2022 13:21:53: Thread 0: Calculating PYGO1 (2001) ...  
INFO  @ Wed, 16 Nov 2022 13:22:00: Thread 0: Calculating SHOX2 (3001) ...  
INFO  @ Wed, 16 Nov 2022 13:22:03: Thread 0 completed. 
INFO  @ Wed, 16 Nov 2022 13:22:03: All threads completed. 
INFO  @ Wed, 16 Nov 2022 13:22:04: Permuting round 1 ... 
INFO  @ Wed, 16 Nov 2022 13:22:04: Thread 0 started. 
INFO  @ Wed, 16 Nov 2022 13:22:04: Thread 0: total 3506 instances. 
INFO  @ Wed, 16 Nov 2022 13:22:04: Thread 0: Calculating ZNF212 (1) ...  
INFO  @ Wed, 16 Nov 2022 13:22:11: Thread 0: Calculating ATG4A (1001) ...  
INFO  @ Wed, 16 Nov 2022 13:22:17: Thread 0: Calculating PYGO1 (2001) ...  
INFO  @ Wed, 16 Nov 2022 13:22:24: Thread 0: Calculating SHOX2 (3001) ...  
INFO  @ Wed, 16 Nov 2022 13:22:27: Thread 0 completed. 
INFO  @ Wed, 16 Nov 2022 13:22:27: All threads completed. 
INFO  @ Wed, 16 Nov 2022 13:22:28: Assigning p values... 
INFO  @ Wed, 16 Nov 2022 13:22:28: Permuting groups of gene with 8 sgRNAs per gene. Group progress: 8/41 
INFO  @ Wed, 16 Nov 2022 13:22:28: Start permuting 2 rounds ... 
INFO  @ Wed, 16 Nov 2022 13:22:28: Collecting 25263 sgRNAs from 3506 genes. 
INFO  @ Wed, 16 Nov 2022 13:22:29: Permuting round 0 ... 
INFO  @ Wed, 16 Nov 2022 13:22:29: Thread 0 started. 
INFO  @ Wed, 16 Nov 2022 13:22:29: Thread 0: total 3506 instances. 
INFO  @ Wed, 16 Nov 2022 13:22:29: Thread 0: Calculating ZNF212 (1) ...  
INFO  @ Wed, 16 Nov 2022 13:22:35: Thread 0: Calculating ATG4A (1001) ...  
INFO  @ Wed, 16 Nov 2022 13:22:42: Thread 0: Calculating PYGO1 (2001) ...  
INFO  @ Wed, 16 Nov 2022 13:22:49: Thread 0: Calculating SHOX2 (3001) ...  
INFO  @ Wed, 16 Nov 2022 13:22:53: Thread 0 completed. 
INFO  @ Wed, 16 Nov 2022 13:22:53: All threads completed. 
INFO  @ Wed, 16 Nov 2022 13:22:54: Permuting round 1 ... 
INFO  @ Wed, 16 Nov 2022 13:22:54: Thread 0 started. 
INFO  @ Wed, 16 Nov 2022 13:22:54: Thread 0: total 3506 instances. 
INFO  @ Wed, 16 Nov 2022 13:22:54: Thread 0: Calculating ZNF212 (1) ...  
INFO  @ Wed, 16 Nov 2022 13:23:01: Thread 0: Calculating ATG4A (1001) ...  
INFO  @ Wed, 16 Nov 2022 13:23:08: Thread 0: Calculating PYGO1 (2001) ...  
INFO  @ Wed, 16 Nov 2022 13:23:14: Thread 0: Calculating SHOX2 (3001) ...  
INFO  @ Wed, 16 Nov 2022 13:23:18: Thread 0 completed. 
INFO  @ Wed, 16 Nov 2022 13:23:18: All threads completed. 
INFO  @ Wed, 16 Nov 2022 13:23:19: Assigning p values... 
INFO  @ Wed, 16 Nov 2022 13:23:19: Permuting groups of gene with 9 sgRNAs per gene. Group progress: 9/41 
INFO  @ Wed, 16 Nov 2022 13:23:19: Start permuting 2 rounds ... 
INFO  @ Wed, 16 Nov 2022 13:23:19: Collecting 25263 sgRNAs from 3506 genes. 
INFO  @ Wed, 16 Nov 2022 13:23:20: Permuting round 0 ... 
INFO  @ Wed, 16 Nov 2022 13:23:20: Thread 0 started. 
INFO  @ Wed, 16 Nov 2022 13:23:20: Thread 0: total 3506 instances. 
INFO  @ Wed, 16 Nov 2022 13:23:20: Thread 0: Calculating ZNF212 (1) ...  
INFO  @ Wed, 16 Nov 2022 13:23:27: Thread 0: Calculating ATG4A (1001) ...  
INFO  @ Wed, 16 Nov 2022 13:23:33: Thread 0: Calculating PYGO1 (2001) ...  
INFO  @ Wed, 16 Nov 2022 13:23:40: Thread 0: Calculating SHOX2 (3001) ...  
INFO  @ Wed, 16 Nov 2022 13:23:44: Thread 0 completed. 
INFO  @ Wed, 16 Nov 2022 13:23:44: All threads completed. 
INFO  @ Wed, 16 Nov 2022 13:23:45: Permuting round 1 ... 
INFO  @ Wed, 16 Nov 2022 13:23:45: Thread 0 started. 
INFO  @ Wed, 16 Nov 2022 13:23:45: Thread 0: total 3506 instances. 
INFO  @ Wed, 16 Nov 2022 13:23:45: Thread 0: Calculating ZNF212 (1) ...  
INFO  @ Wed, 16 Nov 2022 13:23:52: Thread 0: Calculating ATG4A (1001) ...  
INFO  @ Wed, 16 Nov 2022 13:23:59: Thread 0: Calculating PYGO1 (2001) ...  
INFO  @ Wed, 16 Nov 2022 13:24:07: Thread 0: Calculating SHOX2 (3001) ...  
INFO  @ Wed, 16 Nov 2022 13:24:10: Thread 0 completed. 
INFO  @ Wed, 16 Nov 2022 13:24:10: All threads completed. 
INFO  @ Wed, 16 Nov 2022 13:24:12: Assigning p values... 
INFO  @ Wed, 16 Nov 2022 13:24:12: Permuting groups of gene with 10 sgRNAs per gene. Group progress: 10/41 
INFO  @ Wed, 16 Nov 2022 13:24:12: Start permuting 2 rounds ... 
INFO  @ Wed, 16 Nov 2022 13:24:12: Collecting 25263 sgRNAs from 3506 genes. 
INFO  @ Wed, 16 Nov 2022 13:24:13: Permuting round 0 ... 
INFO  @ Wed, 16 Nov 2022 13:24:13: Thread 0 started. 
INFO  @ Wed, 16 Nov 2022 13:24:13: Thread 0: total 3506 instances. 
INFO  @ Wed, 16 Nov 2022 13:24:13: Thread 0: Calculating ZNF212 (1) ...  
INFO  @ Wed, 16 Nov 2022 13:24:21: Thread 0: Calculating ATG4A (1001) ...  
INFO  @ Wed, 16 Nov 2022 13:24:28: Thread 0: Calculating PYGO1 (2001) ...  
INFO  @ Wed, 16 Nov 2022 13:24:36: Thread 0: Calculating SHOX2 (3001) ...  
INFO  @ Wed, 16 Nov 2022 13:24:39: Thread 0 completed. 
INFO  @ Wed, 16 Nov 2022 13:24:39: All threads completed. 
INFO  @ Wed, 16 Nov 2022 13:24:41: Permuting round 1 ... 
INFO  @ Wed, 16 Nov 2022 13:24:41: Thread 0 started. 
INFO  @ Wed, 16 Nov 2022 13:24:41: Thread 0: total 3506 instances. 
INFO  @ Wed, 16 Nov 2022 13:24:41: Thread 0: Calculating ZNF212 (1) ...  
INFO  @ Wed, 16 Nov 2022 13:24:48: Thread 0: Calculating ATG4A (1001) ...  
INFO  @ Wed, 16 Nov 2022 13:24:55: Thread 0: Calculating PYGO1 (2001) ...  
INFO  @ Wed, 16 Nov 2022 13:25:03: Thread 0: Calculating SHOX2 (3001) ...  
INFO  @ Wed, 16 Nov 2022 13:25:07: Thread 0 completed. 
INFO  @ Wed, 16 Nov 2022 13:25:07: All threads completed. 
INFO  @ Wed, 16 Nov 2022 13:25:08: Assigning p values... 
INFO  @ Wed, 16 Nov 2022 13:25:08: Permuting groups of gene with 11 sgRNAs per gene. Group progress: 11/41 
INFO  @ Wed, 16 Nov 2022 13:25:08: Start permuting 2 rounds ... 
INFO  @ Wed, 16 Nov 2022 13:25:08: Collecting 25263 sgRNAs from 3506 genes. 
INFO  @ Wed, 16 Nov 2022 13:25:09: Permuting round 0 ... 
INFO  @ Wed, 16 Nov 2022 13:25:09: Thread 0 started. 
INFO  @ Wed, 16 Nov 2022 13:25:09: Thread 0: total 3506 instances. 
INFO  @ Wed, 16 Nov 2022 13:25:09: Thread 0: Calculating ZNF212 (1) ...  
INFO  @ Wed, 16 Nov 2022 13:25:16: Thread 0: Calculating ATG4A (1001) ...  
INFO  @ Wed, 16 Nov 2022 13:25:24: Thread 0: Calculating PYGO1 (2001) ...  
INFO  @ Wed, 16 Nov 2022 13:25:31: Thread 0: Calculating SHOX2 (3001) ...  
INFO  @ Wed, 16 Nov 2022 13:25:34: Thread 0 completed. 
INFO  @ Wed, 16 Nov 2022 13:25:34: All threads completed. 
INFO  @ Wed, 16 Nov 2022 13:25:36: Permuting round 1 ... 
INFO  @ Wed, 16 Nov 2022 13:25:36: Thread 0 started. 
INFO  @ Wed, 16 Nov 2022 13:25:36: Thread 0: total 3506 instances. 
INFO  @ Wed, 16 Nov 2022 13:25:36: Thread 0: Calculating ZNF212 (1) ...  
INFO  @ Wed, 16 Nov 2022 13:25:44: Thread 0: Calculating ATG4A (1001) ...  
INFO  @ Wed, 16 Nov 2022 13:25:51: Thread 0: Calculating PYGO1 (2001) ...  
INFO  @ Wed, 16 Nov 2022 13:25:58: Thread 0: Calculating SHOX2 (3001) ...  
INFO  @ Wed, 16 Nov 2022 13:26:02: Thread 0 completed. 
INFO  @ Wed, 16 Nov 2022 13:26:02: All threads completed. 
INFO  @ Wed, 16 Nov 2022 13:26:04: Assigning p values... 
INFO  @ Wed, 16 Nov 2022 13:26:04: Permuting groups of gene with 12 sgRNAs per gene. Group progress: 12/41 
INFO  @ Wed, 16 Nov 2022 13:26:04: Start permuting 2 rounds ... 
INFO  @ Wed, 16 Nov 2022 13:26:04: Collecting 25263 sgRNAs from 3506 genes. 
INFO  @ Wed, 16 Nov 2022 13:26:05: Permuting round 0 ... 
INFO  @ Wed, 16 Nov 2022 13:26:05: Thread 0 started. 
INFO  @ Wed, 16 Nov 2022 13:26:05: Thread 0: total 3506 instances. 
INFO  @ Wed, 16 Nov 2022 13:26:05: Thread 0: Calculating ZNF212 (1) ...  
INFO  @ Wed, 16 Nov 2022 13:26:13: Thread 0: Calculating ATG4A (1001) ...  
INFO  @ Wed, 16 Nov 2022 13:26:20: Thread 0: Calculating PYGO1 (2001) ...  
INFO  @ Wed, 16 Nov 2022 13:26:27: Thread 0: Calculating SHOX2 (3001) ...  
INFO  @ Wed, 16 Nov 2022 13:26:30: Thread 0 completed. 
INFO  @ Wed, 16 Nov 2022 13:26:30: All threads completed. 
INFO  @ Wed, 16 Nov 2022 13:26:32: Permuting round 1 ... 
INFO  @ Wed, 16 Nov 2022 13:26:32: Thread 0 started. 
INFO  @ Wed, 16 Nov 2022 13:26:32: Thread 0: total 3506 instances. 
INFO  @ Wed, 16 Nov 2022 13:26:32: Thread 0: Calculating ZNF212 (1) ...  
INFO  @ Wed, 16 Nov 2022 13:26:39: Thread 0: Calculating ATG4A (1001) ...  
INFO  @ Wed, 16 Nov 2022 13:26:47: Thread 0: Calculating PYGO1 (2001) ...  
INFO  @ Wed, 16 Nov 2022 13:26:54: Thread 0: Calculating SHOX2 (3001) ...  
INFO  @ Wed, 16 Nov 2022 13:26:58: Thread 0 completed. 
INFO  @ Wed, 16 Nov 2022 13:26:58: All threads completed. 
INFO  @ Wed, 16 Nov 2022 13:27:00: Assigning p values... 
INFO  @ Wed, 16 Nov 2022 13:27:00: Permuting groups of gene with 13 sgRNAs per gene. Group progress: 13/41 
INFO  @ Wed, 16 Nov 2022 13:27:00: Start permuting 2 rounds ... 
INFO  @ Wed, 16 Nov 2022 13:27:00: Collecting 25263 sgRNAs from 3506 genes. 
INFO  @ Wed, 16 Nov 2022 13:27:00: Permuting round 0 ... 
INFO  @ Wed, 16 Nov 2022 13:27:00: Thread 0 started. 
INFO  @ Wed, 16 Nov 2022 13:27:00: Thread 0: total 3506 instances. 
INFO  @ Wed, 16 Nov 2022 13:27:00: Thread 0: Calculating ZNF212 (1) ...  
INFO  @ Wed, 16 Nov 2022 13:27:08: Thread 0: Calculating ATG4A (1001) ...  
INFO  @ Wed, 16 Nov 2022 13:27:16: Thread 0: Calculating PYGO1 (2001) ...  
INFO  @ Wed, 16 Nov 2022 13:27:23: Thread 0: Calculating SHOX2 (3001) ...  
INFO  @ Wed, 16 Nov 2022 13:27:27: Thread 0 completed. 
INFO  @ Wed, 16 Nov 2022 13:27:27: All threads completed. 
INFO  @ Wed, 16 Nov 2022 13:27:28: Permuting round 1 ... 
INFO  @ Wed, 16 Nov 2022 13:27:28: Thread 0 started. 
INFO  @ Wed, 16 Nov 2022 13:27:28: Thread 0: total 3506 instances. 
INFO  @ Wed, 16 Nov 2022 13:27:28: Thread 0: Calculating ZNF212 (1) ...  
INFO  @ Wed, 16 Nov 2022 13:27:36: Thread 0: Calculating ATG4A (1001) ...  
INFO  @ Wed, 16 Nov 2022 13:27:43: Thread 0: Calculating PYGO1 (2001) ...  
INFO  @ Wed, 16 Nov 2022 13:27:51: Thread 0: Calculating SHOX2 (3001) ...  
INFO  @ Wed, 16 Nov 2022 13:27:54: Thread 0 completed. 
INFO  @ Wed, 16 Nov 2022 13:27:54: All threads completed. 
INFO  @ Wed, 16 Nov 2022 13:27:56: Assigning p values... 
INFO  @ Wed, 16 Nov 2022 13:27:56: Permuting groups of gene with 14 sgRNAs per gene. Group progress: 14/41 
INFO  @ Wed, 16 Nov 2022 13:27:56: Start permuting 2 rounds ... 
INFO  @ Wed, 16 Nov 2022 13:27:56: Collecting 25263 sgRNAs from 3506 genes. 
INFO  @ Wed, 16 Nov 2022 13:27:57: Permuting round 0 ... 
INFO  @ Wed, 16 Nov 2022 13:27:57: Thread 0 started. 
INFO  @ Wed, 16 Nov 2022 13:27:57: Thread 0: total 3506 instances. 
INFO  @ Wed, 16 Nov 2022 13:27:57: Thread 0: Calculating ZNF212 (1) ...  
INFO  @ Wed, 16 Nov 2022 13:28:04: Thread 0: Calculating ATG4A (1001) ...  
INFO  @ Wed, 16 Nov 2022 13:28:12: Thread 0: Calculating PYGO1 (2001) ...  
INFO  @ Wed, 16 Nov 2022 13:28:19: Thread 0: Calculating SHOX2 (3001) ...  
INFO  @ Wed, 16 Nov 2022 13:28:23: Thread 0 completed. 
INFO  @ Wed, 16 Nov 2022 13:28:23: All threads completed. 
INFO  @ Wed, 16 Nov 2022 13:28:24: Permuting round 1 ... 
INFO  @ Wed, 16 Nov 2022 13:28:24: Thread 0 started. 
INFO  @ Wed, 16 Nov 2022 13:28:24: Thread 0: total 3506 instances. 
INFO  @ Wed, 16 Nov 2022 13:28:24: Thread 0: Calculating ZNF212 (1) ...  
INFO  @ Wed, 16 Nov 2022 13:28:32: Thread 0: Calculating ATG4A (1001) ...  
INFO  @ Wed, 16 Nov 2022 13:28:40: Thread 0: Calculating PYGO1 (2001) ...  
INFO  @ Wed, 16 Nov 2022 13:28:47: Thread 0: Calculating SHOX2 (3001) ...  
INFO  @ Wed, 16 Nov 2022 13:28:51: Thread 0 completed. 
INFO  @ Wed, 16 Nov 2022 13:28:51: All threads completed. 
INFO  @ Wed, 16 Nov 2022 13:28:52: Assigning p values... 
INFO  @ Wed, 16 Nov 2022 13:28:53: Permuting groups of gene with 15 sgRNAs per gene. Group progress: 15/41 
INFO  @ Wed, 16 Nov 2022 13:28:53: Start permuting 2 rounds ... 
INFO  @ Wed, 16 Nov 2022 13:28:53: Collecting 25263 sgRNAs from 3506 genes. 
INFO  @ Wed, 16 Nov 2022 13:28:53: Permuting round 0 ... 
INFO  @ Wed, 16 Nov 2022 13:28:53: Thread 0 started. 
INFO  @ Wed, 16 Nov 2022 13:28:53: Thread 0: total 3506 instances. 
INFO  @ Wed, 16 Nov 2022 13:28:53: Thread 0: Calculating ZNF212 (1) ...  
INFO  @ Wed, 16 Nov 2022 13:29:01: Thread 0: Calculating ATG4A (1001) ...  
INFO  @ Wed, 16 Nov 2022 13:29:08: Thread 0: Calculating PYGO1 (2001) ...  
INFO  @ Wed, 16 Nov 2022 13:29:16: Thread 0: Calculating SHOX2 (3001) ...  
INFO  @ Wed, 16 Nov 2022 13:29:20: Thread 0 completed. 
INFO  @ Wed, 16 Nov 2022 13:29:20: All threads completed. 
INFO  @ Wed, 16 Nov 2022 13:29:21: Permuting round 1 ... 
INFO  @ Wed, 16 Nov 2022 13:29:21: Thread 0 started. 
INFO  @ Wed, 16 Nov 2022 13:29:21: Thread 0: total 3506 instances. 
INFO  @ Wed, 16 Nov 2022 13:29:21: Thread 0: Calculating ZNF212 (1) ...  
INFO  @ Wed, 16 Nov 2022 13:29:29: Thread 0: Calculating ATG4A (1001) ...  
INFO  @ Wed, 16 Nov 2022 13:29:38: Thread 0: Calculating PYGO1 (2001) ...  
INFO  @ Wed, 16 Nov 2022 13:29:46: Thread 0: Calculating SHOX2 (3001) ...  
INFO  @ Wed, 16 Nov 2022 13:29:50: Thread 0 completed. 
INFO  @ Wed, 16 Nov 2022 13:29:50: All threads completed. 
INFO  @ Wed, 16 Nov 2022 13:29:51: Assigning p values... 
INFO  @ Wed, 16 Nov 2022 13:29:51: Permuting groups of gene with 16 sgRNAs per gene. Group progress: 16/41 
INFO  @ Wed, 16 Nov 2022 13:29:51: Start permuting 2 rounds ... 
INFO  @ Wed, 16 Nov 2022 13:29:51: Collecting 25263 sgRNAs from 3506 genes. 
INFO  @ Wed, 16 Nov 2022 13:29:52: Permuting round 0 ... 
INFO  @ Wed, 16 Nov 2022 13:29:52: Thread 0 started. 
INFO  @ Wed, 16 Nov 2022 13:29:52: Thread 0: total 3506 instances. 
INFO  @ Wed, 16 Nov 2022 13:29:52: Thread 0: Calculating ZNF212 (1) ...  
INFO  @ Wed, 16 Nov 2022 13:30:00: Thread 0: Calculating ATG4A (1001) ...  
INFO  @ Wed, 16 Nov 2022 13:30:07: Thread 0: Calculating PYGO1 (2001) ...  
INFO  @ Wed, 16 Nov 2022 13:30:14: Thread 0: Calculating SHOX2 (3001) ...  
INFO  @ Wed, 16 Nov 2022 13:30:18: Thread 0 completed. 
INFO  @ Wed, 16 Nov 2022 13:30:18: All threads completed. 
INFO  @ Wed, 16 Nov 2022 13:30:19: Permuting round 1 ... 
INFO  @ Wed, 16 Nov 2022 13:30:20: Thread 0 started. 
INFO  @ Wed, 16 Nov 2022 13:30:20: Thread 0: total 3506 instances. 
INFO  @ Wed, 16 Nov 2022 13:30:20: Thread 0: Calculating ZNF212 (1) ...  
INFO  @ Wed, 16 Nov 2022 13:30:27: Thread 0: Calculating ATG4A (1001) ...  
INFO  @ Wed, 16 Nov 2022 13:30:35: Thread 0: Calculating PYGO1 (2001) ...  
INFO  @ Wed, 16 Nov 2022 13:30:43: Thread 0: Calculating SHOX2 (3001) ...  
INFO  @ Wed, 16 Nov 2022 13:30:46: Thread 0 completed. 
INFO  @ Wed, 16 Nov 2022 13:30:46: All threads completed. 
INFO  @ Wed, 16 Nov 2022 13:30:48: Assigning p values... 
INFO  @ Wed, 16 Nov 2022 13:30:48: Permuting groups of gene with 17 sgRNAs per gene. Group progress: 17/41 
INFO  @ Wed, 16 Nov 2022 13:30:48: Start permuting 2 rounds ... 
INFO  @ Wed, 16 Nov 2022 13:30:48: Collecting 25263 sgRNAs from 3506 genes. 
INFO  @ Wed, 16 Nov 2022 13:30:48: Permuting round 0 ... 
INFO  @ Wed, 16 Nov 2022 13:30:49: Thread 0 started. 
INFO  @ Wed, 16 Nov 2022 13:30:49: Thread 0: total 3506 instances. 
INFO  @ Wed, 16 Nov 2022 13:30:49: Thread 0: Calculating ZNF212 (1) ...  
INFO  @ Wed, 16 Nov 2022 13:30:56: Thread 0: Calculating ATG4A (1001) ...  
INFO  @ Wed, 16 Nov 2022 13:31:04: Thread 0: Calculating PYGO1 (2001) ...  
INFO  @ Wed, 16 Nov 2022 13:31:11: Thread 0: Calculating SHOX2 (3001) ...  
INFO  @ Wed, 16 Nov 2022 13:31:15: Thread 0 completed. 
INFO  @ Wed, 16 Nov 2022 13:31:15: All threads completed. 
INFO  @ Wed, 16 Nov 2022 13:31:16: Permuting round 1 ... 
INFO  @ Wed, 16 Nov 2022 13:31:17: Thread 0 started. 
INFO  @ Wed, 16 Nov 2022 13:31:17: Thread 0: total 3506 instances. 
INFO  @ Wed, 16 Nov 2022 13:31:17: Thread 0: Calculating ZNF212 (1) ...  
INFO  @ Wed, 16 Nov 2022 13:31:24: Thread 0: Calculating ATG4A (1001) ...  
INFO  @ Wed, 16 Nov 2022 13:31:32: Thread 0: Calculating PYGO1 (2001) ...  
INFO  @ Wed, 16 Nov 2022 13:31:40: Thread 0: Calculating SHOX2 (3001) ...  
INFO  @ Wed, 16 Nov 2022 13:31:44: Thread 0 completed. 
INFO  @ Wed, 16 Nov 2022 13:31:44: All threads completed. 
INFO  @ Wed, 16 Nov 2022 13:31:45: Assigning p values... 
INFO  @ Wed, 16 Nov 2022 13:31:45: Permuting groups of gene with 18 sgRNAs per gene. Group progress: 18/41 
INFO  @ Wed, 16 Nov 2022 13:31:45: Start permuting 2 rounds ... 
INFO  @ Wed, 16 Nov 2022 13:31:45: Collecting 25263 sgRNAs from 3506 genes. 
INFO  @ Wed, 16 Nov 2022 13:31:46: Permuting round 0 ... 
INFO  @ Wed, 16 Nov 2022 13:31:46: Thread 0 started. 
INFO  @ Wed, 16 Nov 2022 13:31:46: Thread 0: total 3506 instances. 
INFO  @ Wed, 16 Nov 2022 13:31:46: Thread 0: Calculating ZNF212 (1) ...  
INFO  @ Wed, 16 Nov 2022 13:31:54: Thread 0: Calculating ATG4A (1001) ...  
INFO  @ Wed, 16 Nov 2022 13:32:02: Thread 0: Calculating PYGO1 (2001) ...  
INFO  @ Wed, 16 Nov 2022 13:32:10: Thread 0: Calculating SHOX2 (3001) ...  
INFO  @ Wed, 16 Nov 2022 13:32:13: Thread 0 completed. 
INFO  @ Wed, 16 Nov 2022 13:32:13: All threads completed. 
INFO  @ Wed, 16 Nov 2022 13:32:15: Permuting round 1 ... 
INFO  @ Wed, 16 Nov 2022 13:32:15: Thread 0 started. 
INFO  @ Wed, 16 Nov 2022 13:32:15: Thread 0: total 3506 instances. 
INFO  @ Wed, 16 Nov 2022 13:32:15: Thread 0: Calculating ZNF212 (1) ...  
INFO  @ Wed, 16 Nov 2022 13:32:23: Thread 0: Calculating ATG4A (1001) ...  
INFO  @ Wed, 16 Nov 2022 13:32:31: Thread 0: Calculating PYGO1 (2001) ...  
INFO  @ Wed, 16 Nov 2022 13:32:39: Thread 0: Calculating SHOX2 (3001) ...  
INFO  @ Wed, 16 Nov 2022 13:32:42: Thread 0 completed. 
INFO  @ Wed, 16 Nov 2022 13:32:42: All threads completed. 
INFO  @ Wed, 16 Nov 2022 13:32:44: Assigning p values... 
INFO  @ Wed, 16 Nov 2022 13:32:44: Permuting groups of gene with 19 sgRNAs per gene. Group progress: 19/41 
INFO  @ Wed, 16 Nov 2022 13:32:44: Start permuting 2 rounds ... 
INFO  @ Wed, 16 Nov 2022 13:32:44: Collecting 25263 sgRNAs from 3506 genes. 
INFO  @ Wed, 16 Nov 2022 13:32:44: Permuting round 0 ... 
INFO  @ Wed, 16 Nov 2022 13:32:45: Thread 0 started. 
INFO  @ Wed, 16 Nov 2022 13:32:45: Thread 0: total 3506 instances. 
INFO  @ Wed, 16 Nov 2022 13:32:45: Thread 0: Calculating ZNF212 (1) ...  
INFO  @ Wed, 16 Nov 2022 13:32:52: Thread 0: Calculating ATG4A (1001) ...  
INFO  @ Wed, 16 Nov 2022 13:33:00: Thread 0: Calculating PYGO1 (2001) ...  
INFO  @ Wed, 16 Nov 2022 13:33:08: Thread 0: Calculating SHOX2 (3001) ...  
INFO  @ Wed, 16 Nov 2022 13:33:12: Thread 0 completed. 
INFO  @ Wed, 16 Nov 2022 13:33:12: All threads completed. 
INFO  @ Wed, 16 Nov 2022 13:33:13: Permuting round 1 ... 
INFO  @ Wed, 16 Nov 2022 13:33:14: Thread 0 started. 
INFO  @ Wed, 16 Nov 2022 13:33:14: Thread 0: total 3506 instances. 
INFO  @ Wed, 16 Nov 2022 13:33:14: Thread 0: Calculating ZNF212 (1) ...  
INFO  @ Wed, 16 Nov 2022 13:33:21: Thread 0: Calculating ATG4A (1001) ...  
INFO  @ Wed, 16 Nov 2022 13:33:30: Thread 0: Calculating PYGO1 (2001) ...  
INFO  @ Wed, 16 Nov 2022 13:33:38: Thread 0: Calculating SHOX2 (3001) ...  
INFO  @ Wed, 16 Nov 2022 13:33:42: Thread 0 completed. 
INFO  @ Wed, 16 Nov 2022 13:33:42: All threads completed. 
INFO  @ Wed, 16 Nov 2022 13:33:43: Assigning p values... 
INFO  @ Wed, 16 Nov 2022 13:33:43: Permuting groups of gene with 20 sgRNAs per gene. Group progress: 20/41 
INFO  @ Wed, 16 Nov 2022 13:33:43: Start permuting 2 rounds ... 
INFO  @ Wed, 16 Nov 2022 13:33:43: Collecting 25263 sgRNAs from 3506 genes. 
INFO  @ Wed, 16 Nov 2022 13:33:44: Permuting round 0 ... 
INFO  @ Wed, 16 Nov 2022 13:33:44: Thread 0 started. 
INFO  @ Wed, 16 Nov 2022 13:33:44: Thread 0: total 3506 instances. 
INFO  @ Wed, 16 Nov 2022 13:33:44: Thread 0: Calculating ZNF212 (1) ...  
INFO  @ Wed, 16 Nov 2022 13:33:52: Thread 0: Calculating ATG4A (1001) ...  
INFO  @ Wed, 16 Nov 2022 13:33:59: Thread 0: Calculating PYGO1 (2001) ...  
INFO  @ Wed, 16 Nov 2022 13:34:07: Thread 0: Calculating SHOX2 (3001) ...  
INFO  @ Wed, 16 Nov 2022 13:34:11: Thread 0 completed. 
INFO  @ Wed, 16 Nov 2022 13:34:11: All threads completed. 
INFO  @ Wed, 16 Nov 2022 13:34:12: Permuting round 1 ... 
INFO  @ Wed, 16 Nov 2022 13:34:13: Thread 0 started. 
INFO  @ Wed, 16 Nov 2022 13:34:13: Thread 0: total 3506 instances. 
INFO  @ Wed, 16 Nov 2022 13:34:13: Thread 0: Calculating ZNF212 (1) ...  
INFO  @ Wed, 16 Nov 2022 13:34:21: Thread 0: Calculating ATG4A (1001) ...  
INFO  @ Wed, 16 Nov 2022 13:34:29: Thread 0: Calculating PYGO1 (2001) ...  
INFO  @ Wed, 16 Nov 2022 13:34:37: Thread 0: Calculating SHOX2 (3001) ...  
INFO  @ Wed, 16 Nov 2022 13:34:41: Thread 0 completed. 
INFO  @ Wed, 16 Nov 2022 13:34:41: All threads completed. 
INFO  @ Wed, 16 Nov 2022 13:34:43: Assigning p values... 
INFO  @ Wed, 16 Nov 2022 13:34:43: Permuting groups of gene with 21 sgRNAs per gene. Group progress: 21/41 
INFO  @ Wed, 16 Nov 2022 13:34:43: Start permuting 2 rounds ... 
INFO  @ Wed, 16 Nov 2022 13:34:43: Collecting 25263 sgRNAs from 3506 genes. 
INFO  @ Wed, 16 Nov 2022 13:34:43: Permuting round 0 ... 
INFO  @ Wed, 16 Nov 2022 13:34:44: Thread 0 started. 
INFO  @ Wed, 16 Nov 2022 13:34:44: Thread 0: total 3506 instances. 
INFO  @ Wed, 16 Nov 2022 13:34:44: Thread 0: Calculating ZNF212 (1) ...  
INFO  @ Wed, 16 Nov 2022 13:34:52: Thread 0: Calculating ATG4A (1001) ...  
INFO  @ Wed, 16 Nov 2022 13:35:00: Thread 0: Calculating PYGO1 (2001) ...  
INFO  @ Wed, 16 Nov 2022 13:35:08: Thread 0: Calculating SHOX2 (3001) ...  
INFO  @ Wed, 16 Nov 2022 13:35:12: Thread 0 completed. 
INFO  @ Wed, 16 Nov 2022 13:35:12: All threads completed. 
INFO  @ Wed, 16 Nov 2022 13:35:13: Permuting round 1 ... 
INFO  @ Wed, 16 Nov 2022 13:35:14: Thread 0 started. 
INFO  @ Wed, 16 Nov 2022 13:35:14: Thread 0: total 3506 instances. 
INFO  @ Wed, 16 Nov 2022 13:35:14: Thread 0: Calculating ZNF212 (1) ...  
INFO  @ Wed, 16 Nov 2022 13:35:22: Thread 0: Calculating ATG4A (1001) ...  
INFO  @ Wed, 16 Nov 2022 13:35:30: Thread 0: Calculating PYGO1 (2001) ...  
INFO  @ Wed, 16 Nov 2022 13:35:38: Thread 0: Calculating SHOX2 (3001) ...  
INFO  @ Wed, 16 Nov 2022 13:35:43: Thread 0 completed. 
INFO  @ Wed, 16 Nov 2022 13:35:43: All threads completed. 
INFO  @ Wed, 16 Nov 2022 13:35:44: Assigning p values... 
INFO  @ Wed, 16 Nov 2022 13:35:44: Permuting groups of gene with 22 sgRNAs per gene. Group progress: 22/41 
INFO  @ Wed, 16 Nov 2022 13:35:44: Start permuting 2 rounds ... 
INFO  @ Wed, 16 Nov 2022 13:35:44: Collecting 25263 sgRNAs from 3506 genes. 
INFO  @ Wed, 16 Nov 2022 13:35:45: Permuting round 0 ... 
INFO  @ Wed, 16 Nov 2022 13:35:45: Thread 0 started. 
INFO  @ Wed, 16 Nov 2022 13:35:45: Thread 0: total 3506 instances. 
INFO  @ Wed, 16 Nov 2022 13:35:45: Thread 0: Calculating ZNF212 (1) ...  
INFO  @ Wed, 16 Nov 2022 13:35:53: Thread 0: Calculating ATG4A (1001) ...  
INFO  @ Wed, 16 Nov 2022 13:36:01: Thread 0: Calculating PYGO1 (2001) ...  
INFO  @ Wed, 16 Nov 2022 13:36:09: Thread 0: Calculating SHOX2 (3001) ...  
INFO  @ Wed, 16 Nov 2022 13:36:14: Thread 0 completed. 
INFO  @ Wed, 16 Nov 2022 13:36:14: All threads completed. 
INFO  @ Wed, 16 Nov 2022 13:36:15: Permuting round 1 ... 
INFO  @ Wed, 16 Nov 2022 13:36:15: Thread 0 started. 
INFO  @ Wed, 16 Nov 2022 13:36:15: Thread 0: total 3506 instances. 
INFO  @ Wed, 16 Nov 2022 13:36:15: Thread 0: Calculating ZNF212 (1) ...  
INFO  @ Wed, 16 Nov 2022 13:36:24: Thread 0: Calculating ATG4A (1001) ...  
INFO  @ Wed, 16 Nov 2022 13:36:32: Thread 0: Calculating PYGO1 (2001) ...  
INFO  @ Wed, 16 Nov 2022 13:36:41: Thread 0: Calculating SHOX2 (3001) ...  
INFO  @ Wed, 16 Nov 2022 13:36:45: Thread 0 completed. 
INFO  @ Wed, 16 Nov 2022 13:36:45: All threads completed. 
INFO  @ Wed, 16 Nov 2022 13:36:47: Assigning p values... 
INFO  @ Wed, 16 Nov 2022 13:36:47: Permuting groups of gene with 23 sgRNAs per gene. Group progress: 23/41 
INFO  @ Wed, 16 Nov 2022 13:36:47: Start permuting 2 rounds ... 
INFO  @ Wed, 16 Nov 2022 13:36:47: Collecting 25263 sgRNAs from 3506 genes. 
INFO  @ Wed, 16 Nov 2022 13:36:47: Permuting round 0 ... 
INFO  @ Wed, 16 Nov 2022 13:36:47: Thread 0 started. 
INFO  @ Wed, 16 Nov 2022 13:36:47: Thread 0: total 3506 instances. 
INFO  @ Wed, 16 Nov 2022 13:36:47: Thread 0: Calculating ZNF212 (1) ...  
INFO  @ Wed, 16 Nov 2022 13:36:56: Thread 0: Calculating ATG4A (1001) ...  
INFO  @ Wed, 16 Nov 2022 13:37:04: Thread 0: Calculating PYGO1 (2001) ...  
INFO  @ Wed, 16 Nov 2022 13:37:13: Thread 0: Calculating SHOX2 (3001) ...  
INFO  @ Wed, 16 Nov 2022 13:37:17: Thread 0 completed. 
INFO  @ Wed, 16 Nov 2022 13:37:17: All threads completed. 
INFO  @ Wed, 16 Nov 2022 13:37:19: Permuting round 1 ... 
INFO  @ Wed, 16 Nov 2022 13:37:19: Thread 0 started. 
INFO  @ Wed, 16 Nov 2022 13:37:19: Thread 0: total 3506 instances. 
INFO  @ Wed, 16 Nov 2022 13:37:19: Thread 0: Calculating ZNF212 (1) ...  
INFO  @ Wed, 16 Nov 2022 13:37:27: Thread 0: Calculating ATG4A (1001) ...  
INFO  @ Wed, 16 Nov 2022 13:37:36: Thread 0: Calculating PYGO1 (2001) ...  
INFO  @ Wed, 16 Nov 2022 13:37:45: Thread 0: Calculating SHOX2 (3001) ...  
INFO  @ Wed, 16 Nov 2022 13:37:49: Thread 0 completed. 
INFO  @ Wed, 16 Nov 2022 13:37:49: All threads completed. 
INFO  @ Wed, 16 Nov 2022 13:37:50: Assigning p values... 
INFO  @ Wed, 16 Nov 2022 13:37:51: Permuting groups of gene with 24 sgRNAs per gene. Group progress: 24/41 
INFO  @ Wed, 16 Nov 2022 13:37:51: Start permuting 2 rounds ... 
INFO  @ Wed, 16 Nov 2022 13:37:51: Collecting 25263 sgRNAs from 3506 genes. 
INFO  @ Wed, 16 Nov 2022 13:37:51: Permuting round 0 ... 
INFO  @ Wed, 16 Nov 2022 13:37:51: Thread 0 started. 
INFO  @ Wed, 16 Nov 2022 13:37:51: Thread 0: total 3506 instances. 
INFO  @ Wed, 16 Nov 2022 13:37:51: Thread 0: Calculating ZNF212 (1) ...  
INFO  @ Wed, 16 Nov 2022 13:38:00: Thread 0: Calculating ATG4A (1001) ...  
INFO  @ Wed, 16 Nov 2022 13:38:08: Thread 0: Calculating PYGO1 (2001) ...  
INFO  @ Wed, 16 Nov 2022 13:38:16: Thread 0: Calculating SHOX2 (3001) ...  
INFO  @ Wed, 16 Nov 2022 13:38:21: Thread 0 completed. 
INFO  @ Wed, 16 Nov 2022 13:38:21: All threads completed. 
INFO  @ Wed, 16 Nov 2022 13:38:22: Permuting round 1 ... 
INFO  @ Wed, 16 Nov 2022 13:38:23: Thread 0 started. 
INFO  @ Wed, 16 Nov 2022 13:38:23: Thread 0: total 3506 instances. 
INFO  @ Wed, 16 Nov 2022 13:38:23: Thread 0: Calculating ZNF212 (1) ...  
INFO  @ Wed, 16 Nov 2022 13:38:32: Thread 0: Calculating ATG4A (1001) ...  
INFO  @ Wed, 16 Nov 2022 13:38:40: Thread 0: Calculating PYGO1 (2001) ...  
INFO  @ Wed, 16 Nov 2022 13:38:49: Thread 0: Calculating SHOX2 (3001) ...  
INFO  @ Wed, 16 Nov 2022 13:38:54: Thread 0 completed. 
INFO  @ Wed, 16 Nov 2022 13:38:54: All threads completed. 
INFO  @ Wed, 16 Nov 2022 13:38:55: Assigning p values... 
INFO  @ Wed, 16 Nov 2022 13:38:55: Permuting groups of gene with 25 sgRNAs per gene. Group progress: 25/41 
INFO  @ Wed, 16 Nov 2022 13:38:55: Start permuting 2 rounds ... 
INFO  @ Wed, 16 Nov 2022 13:38:55: Collecting 25263 sgRNAs from 3506 genes. 
INFO  @ Wed, 16 Nov 2022 13:38:56: Permuting round 0 ... 
INFO  @ Wed, 16 Nov 2022 13:38:56: Thread 0 started. 
INFO  @ Wed, 16 Nov 2022 13:38:56: Thread 0: total 3506 instances. 
INFO  @ Wed, 16 Nov 2022 13:38:56: Thread 0: Calculating ZNF212 (1) ...  
INFO  @ Wed, 16 Nov 2022 13:39:05: Thread 0: Calculating ATG4A (1001) ...  
INFO  @ Wed, 16 Nov 2022 13:39:14: Thread 0: Calculating PYGO1 (2001) ...  
INFO  @ Wed, 16 Nov 2022 13:39:22: Thread 0: Calculating SHOX2 (3001) ...  
INFO  @ Wed, 16 Nov 2022 13:39:27: Thread 0 completed. 
INFO  @ Wed, 16 Nov 2022 13:39:27: All threads completed. 
INFO  @ Wed, 16 Nov 2022 13:39:29: Permuting round 1 ... 
INFO  @ Wed, 16 Nov 2022 13:39:29: Thread 0 started. 
INFO  @ Wed, 16 Nov 2022 13:39:29: Thread 0: total 3506 instances. 
INFO  @ Wed, 16 Nov 2022 13:39:29: Thread 0: Calculating ZNF212 (1) ...  
INFO  @ Wed, 16 Nov 2022 13:39:41: Thread 0: Calculating ATG4A (1001) ...  
INFO  @ Wed, 16 Nov 2022 13:39:53: Thread 0: Calculating PYGO1 (2001) ...  
INFO  @ Wed, 16 Nov 2022 13:40:05: Thread 0: Calculating SHOX2 (3001) ...  
INFO  @ Wed, 16 Nov 2022 13:40:11: Thread 0 completed. 
INFO  @ Wed, 16 Nov 2022 13:40:11: All threads completed. 
INFO  @ Wed, 16 Nov 2022 13:40:13: Assigning p values... 
INFO  @ Wed, 16 Nov 2022 13:40:13: Permuting groups of gene with 26 sgRNAs per gene. Group progress: 26/41 
INFO  @ Wed, 16 Nov 2022 13:40:13: Start permuting 2 rounds ... 
INFO  @ Wed, 16 Nov 2022 13:40:13: Collecting 25263 sgRNAs from 3506 genes. 
INFO  @ Wed, 16 Nov 2022 13:40:13: Permuting round 0 ... 
INFO  @ Wed, 16 Nov 2022 13:40:14: Thread 0 started. 
INFO  @ Wed, 16 Nov 2022 13:40:14: Thread 0: total 3506 instances. 
INFO  @ Wed, 16 Nov 2022 13:40:14: Thread 0: Calculating ZNF212 (1) ...  
INFO  @ Wed, 16 Nov 2022 13:40:23: Thread 0: Calculating ATG4A (1001) ...  
INFO  @ Wed, 16 Nov 2022 13:40:34: Thread 0: Calculating PYGO1 (2001) ...  
INFO  @ Wed, 16 Nov 2022 13:40:44: Thread 0: Calculating SHOX2 (3001) ...  
INFO  @ Wed, 16 Nov 2022 13:40:49: Thread 0 completed. 
INFO  @ Wed, 16 Nov 2022 13:40:49: All threads completed. 
INFO  @ Wed, 16 Nov 2022 13:40:51: Permuting round 1 ... 
INFO  @ Wed, 16 Nov 2022 13:40:51: Thread 0 started. 
INFO  @ Wed, 16 Nov 2022 13:40:51: Thread 0: total 3506 instances. 
INFO  @ Wed, 16 Nov 2022 13:40:51: Thread 0: Calculating ZNF212 (1) ...  
INFO  @ Wed, 16 Nov 2022 13:41:01: Thread 0: Calculating ATG4A (1001) ...  
INFO  @ Wed, 16 Nov 2022 13:41:12: Thread 0: Calculating PYGO1 (2001) ...  
INFO  @ Wed, 16 Nov 2022 13:41:24: Thread 0: Calculating SHOX2 (3001) ...  
INFO  @ Wed, 16 Nov 2022 13:41:30: Thread 0 completed. 
INFO  @ Wed, 16 Nov 2022 13:41:30: All threads completed. 
INFO  @ Wed, 16 Nov 2022 13:41:32: Assigning p values... 
INFO  @ Wed, 16 Nov 2022 13:41:32: Permuting groups of gene with 28 sgRNAs per gene. Group progress: 27/41 
INFO  @ Wed, 16 Nov 2022 13:41:32: Start permuting 2 rounds ... 
INFO  @ Wed, 16 Nov 2022 13:41:32: Collecting 25263 sgRNAs from 3506 genes. 
INFO  @ Wed, 16 Nov 2022 13:41:32: Permuting round 0 ... 
INFO  @ Wed, 16 Nov 2022 13:41:33: Thread 0 started. 
INFO  @ Wed, 16 Nov 2022 13:41:33: Thread 0: total 3506 instances. 
INFO  @ Wed, 16 Nov 2022 13:41:33: Thread 0: Calculating ZNF212 (1) ...  
INFO  @ Wed, 16 Nov 2022 13:41:42: Thread 0: Calculating ATG4A (1001) ...  
INFO  @ Wed, 16 Nov 2022 13:41:52: Thread 0: Calculating PYGO1 (2001) ...  
INFO  @ Wed, 16 Nov 2022 13:42:03: Thread 0: Calculating SHOX2 (3001) ...  
INFO  @ Wed, 16 Nov 2022 13:42:09: Thread 0 completed. 
INFO  @ Wed, 16 Nov 2022 13:42:09: All threads completed. 
INFO  @ Wed, 16 Nov 2022 13:42:10: Permuting round 1 ... 
INFO  @ Wed, 16 Nov 2022 13:42:11: Thread 0 started. 
INFO  @ Wed, 16 Nov 2022 13:42:11: Thread 0: total 3506 instances. 
INFO  @ Wed, 16 Nov 2022 13:42:11: Thread 0: Calculating ZNF212 (1) ...  
INFO  @ Wed, 16 Nov 2022 13:42:21: Thread 0: Calculating ATG4A (1001) ...  
INFO  @ Wed, 16 Nov 2022 13:42:33: Thread 0: Calculating PYGO1 (2001) ...  
INFO  @ Wed, 16 Nov 2022 13:42:43: Thread 0: Calculating SHOX2 (3001) ...  
INFO  @ Wed, 16 Nov 2022 13:42:47: Thread 0 completed. 
INFO  @ Wed, 16 Nov 2022 13:42:47: All threads completed. 
INFO  @ Wed, 16 Nov 2022 13:42:49: Assigning p values... 
INFO  @ Wed, 16 Nov 2022 13:42:49: Permuting groups of gene with 30 sgRNAs per gene. Group progress: 28/41 
INFO  @ Wed, 16 Nov 2022 13:42:49: Start permuting 2 rounds ... 
INFO  @ Wed, 16 Nov 2022 13:42:49: Collecting 25263 sgRNAs from 3506 genes. 
INFO  @ Wed, 16 Nov 2022 13:42:50: Permuting round 0 ... 
INFO  @ Wed, 16 Nov 2022 13:42:50: Thread 0 started. 
INFO  @ Wed, 16 Nov 2022 13:42:50: Thread 0: total 3506 instances. 
INFO  @ Wed, 16 Nov 2022 13:42:50: Thread 0: Calculating ZNF212 (1) ...  
INFO  @ Wed, 16 Nov 2022 13:43:04: Thread 0: Calculating ATG4A (1001) ...  
INFO  @ Wed, 16 Nov 2022 13:43:21: Thread 0: Calculating PYGO1 (2001) ...  
INFO  @ Wed, 16 Nov 2022 13:43:42: Thread 0: Calculating SHOX2 (3001) ...  
INFO  @ Wed, 16 Nov 2022 13:43:58: Thread 0 completed. 
INFO  @ Wed, 16 Nov 2022 13:43:58: All threads completed. 
INFO  @ Wed, 16 Nov 2022 13:44:00: Permuting round 1 ... 
INFO  @ Wed, 16 Nov 2022 13:44:01: Thread 0 started. 
INFO  @ Wed, 16 Nov 2022 13:44:01: Thread 0: total 3506 instances. 
INFO  @ Wed, 16 Nov 2022 13:44:03: Thread 0: Calculating ZNF212 (1) ...  
INFO  @ Wed, 16 Nov 2022 13:44:34: Thread 0: Calculating ATG4A (1001) ...  
INFO  @ Wed, 16 Nov 2022 13:45:07: Thread 0: Calculating PYGO1 (2001) ...  
INFO  @ Wed, 16 Nov 2022 13:45:35: Thread 0: Calculating SHOX2 (3001) ...  
INFO  @ Wed, 16 Nov 2022 13:45:50: Thread 0 completed. 
INFO  @ Wed, 16 Nov 2022 13:45:50: All threads completed. 
INFO  @ Wed, 16 Nov 2022 13:45:54: Assigning p values... 
INFO  @ Wed, 16 Nov 2022 13:45:54: Permuting groups of gene with 31 sgRNAs per gene. Group progress: 29/41 
INFO  @ Wed, 16 Nov 2022 13:45:54: Start permuting 2 rounds ... 
INFO  @ Wed, 16 Nov 2022 13:45:54: Collecting 25263 sgRNAs from 3506 genes. 
INFO  @ Wed, 16 Nov 2022 13:45:56: Permuting round 0 ... 
INFO  @ Wed, 16 Nov 2022 13:45:57: Thread 0 started. 
INFO  @ Wed, 16 Nov 2022 13:45:57: Thread 0: total 3506 instances. 
INFO  @ Wed, 16 Nov 2022 13:45:58: Thread 0: Calculating ZNF212 (1) ...  
INFO  @ Wed, 16 Nov 2022 13:46:41: Thread 0: Calculating ATG4A (1001) ...  
INFO  @ Wed, 16 Nov 2022 13:47:22: Thread 0: Calculating PYGO1 (2001) ...  
INFO  @ Wed, 16 Nov 2022 13:48:13: Thread 0: Calculating SHOX2 (3001) ...  
INFO  @ Wed, 16 Nov 2022 13:48:40: Thread 0 completed. 
INFO  @ Wed, 16 Nov 2022 13:48:40: All threads completed. 
INFO  @ Wed, 16 Nov 2022 13:48:44: Permuting round 1 ... 
INFO  @ Wed, 16 Nov 2022 13:48:46: Thread 0 started. 
INFO  @ Wed, 16 Nov 2022 13:48:46: Thread 0: total 3506 instances. 
INFO  @ Wed, 16 Nov 2022 13:48:47: Thread 0: Calculating ZNF212 (1) ...  
INFO  @ Wed, 16 Nov 2022 13:49:45: Thread 0: Calculating ATG4A (1001) ...  
INFO  @ Wed, 16 Nov 2022 13:50:52: Thread 0: Calculating PYGO1 (2001) ...  
INFO  @ Wed, 16 Nov 2022 13:52:05: Thread 0: Calculating SHOX2 (3001) ...  
INFO  @ Wed, 16 Nov 2022 13:52:43: Thread 0 completed. 
INFO  @ Wed, 16 Nov 2022 13:52:43: All threads completed. 
INFO  @ Wed, 16 Nov 2022 13:52:50: Assigning p values... 
INFO  @ Wed, 16 Nov 2022 13:52:50: Permuting groups of gene with 32 sgRNAs per gene. Group progress: 30/41 
INFO  @ Wed, 16 Nov 2022 13:52:50: Start permuting 2 rounds ... 
INFO  @ Wed, 16 Nov 2022 13:52:51: Collecting 25263 sgRNAs from 3506 genes. 
INFO  @ Wed, 16 Nov 2022 13:52:53: Permuting round 0 ... 
INFO  @ Wed, 16 Nov 2022 13:52:56: Thread 0 started. 
INFO  @ Wed, 16 Nov 2022 13:52:56: Thread 0: total 3506 instances. 
INFO  @ Wed, 16 Nov 2022 13:52:59: Thread 0: Calculating ZNF212 (1) ...  
INFO  @ Wed, 16 Nov 2022 13:54:14: Thread 0: Calculating ATG4A (1001) ...  
INFO  @ Wed, 16 Nov 2022 13:55:27: Thread 0: Calculating PYGO1 (2001) ...  
INFO  @ Wed, 16 Nov 2022 13:56:55: Thread 0: Calculating SHOX2 (3001) ...  
INFO  @ Wed, 16 Nov 2022 13:58:18: Thread 0 completed. 
INFO  @ Wed, 16 Nov 2022 13:58:18: All threads completed. 
INFO  @ Wed, 16 Nov 2022 13:58:28: Permuting round 1 ... 
INFO  @ Wed, 16 Nov 2022 13:58:30: Thread 0 started. 
INFO  @ Wed, 16 Nov 2022 13:58:30: Thread 0: total 3506 instances. 
INFO  @ Wed, 16 Nov 2022 13:58:31: Thread 0: Calculating ZNF212 (1) ...  
INFO  @ Wed, 16 Nov 2022 14:00:19: Thread 0: Calculating ATG4A (1001) ...  
INFO  @ Wed, 16 Nov 2022 14:01:57: Thread 0: Calculating PYGO1 (2001) ...  
INFO  @ Wed, 16 Nov 2022 14:03:35: Thread 0: Calculating SHOX2 (3001) ...  
INFO  @ Wed, 16 Nov 2022 14:04:29: Thread 0 completed. 
INFO  @ Wed, 16 Nov 2022 14:04:29: All threads completed. 
INFO  @ Wed, 16 Nov 2022 14:04:40: Assigning p values... 
INFO  @ Wed, 16 Nov 2022 14:04:40: Permuting groups of gene with 33 sgRNAs per gene. Group progress: 31/41 
INFO  @ Wed, 16 Nov 2022 14:04:40: Start permuting 2 rounds ... 
INFO  @ Wed, 16 Nov 2022 14:04:42: Collecting 25263 sgRNAs from 3506 genes. 
INFO  @ Wed, 16 Nov 2022 14:04:44: Permuting round 0 ... 
INFO  @ Wed, 16 Nov 2022 14:04:47: Thread 0 started. 
INFO  @ Wed, 16 Nov 2022 14:04:47: Thread 0: total 3506 instances. 
INFO  @ Wed, 16 Nov 2022 14:04:47: Thread 0: Calculating ZNF212 (1) ...  
INFO  @ Wed, 16 Nov 2022 14:06:18: Thread 0: Calculating ATG4A (1001) ...  
INFO  @ Wed, 16 Nov 2022 14:07:47: Thread 0: Calculating PYGO1 (2001) ...  
INFO  @ Wed, 16 Nov 2022 14:09:29: Thread 0: Calculating SHOX2 (3001) ...  
INFO  @ Wed, 16 Nov 2022 14:10:19: Thread 0 completed. 
INFO  @ Wed, 16 Nov 2022 14:10:19: All threads completed. 
INFO  @ Wed, 16 Nov 2022 14:10:31: Permuting round 1 ... 
INFO  @ Wed, 16 Nov 2022 14:10:34: Thread 0 started. 
INFO  @ Wed, 16 Nov 2022 14:10:34: Thread 0: total 3506 instances. 
INFO  @ Wed, 16 Nov 2022 14:10:34: Thread 0: Calculating ZNF212 (1) ...  
INFO  @ Wed, 16 Nov 2022 14:12:10: Thread 0: Calculating ATG4A (1001) ...  
INFO  @ Wed, 16 Nov 2022 14:13:48: Thread 0: Calculating PYGO1 (2001) ...  
INFO  @ Wed, 16 Nov 2022 14:15:29: Thread 0: Calculating SHOX2 (3001) ...  
INFO  @ Wed, 16 Nov 2022 14:16:27: Thread 0 completed. 
INFO  @ Wed, 16 Nov 2022 14:16:27: All threads completed. 
INFO  @ Wed, 16 Nov 2022 14:16:37: Assigning p values... 
INFO  @ Wed, 16 Nov 2022 14:16:38: Permuting groups of gene with 34 sgRNAs per gene. Group progress: 32/41 
INFO  @ Wed, 16 Nov 2022 14:16:38: Start permuting 2 rounds ... 
INFO  @ Wed, 16 Nov 2022 14:16:39: Collecting 25263 sgRNAs from 3506 genes. 
INFO  @ Wed, 16 Nov 2022 14:16:43: Permuting round 0 ... 
INFO  @ Wed, 16 Nov 2022 14:16:46: Thread 0 started. 
INFO  @ Wed, 16 Nov 2022 14:16:46: Thread 0: total 3506 instances. 
INFO  @ Wed, 16 Nov 2022 14:16:47: Thread 0: Calculating ZNF212 (1) ...  
INFO  @ Wed, 16 Nov 2022 14:18:51: Thread 0: Calculating ATG4A (1001) ...  
INFO  @ Wed, 16 Nov 2022 14:20:39: Thread 0: Calculating PYGO1 (2001) ...  
INFO  @ Wed, 16 Nov 2022 14:22:39: Thread 0: Calculating SHOX2 (3001) ...  
INFO  @ Wed, 16 Nov 2022 14:23:35: Thread 0 completed. 
INFO  @ Wed, 16 Nov 2022 14:23:35: All threads completed. 
INFO  @ Wed, 16 Nov 2022 14:23:43: Permuting round 1 ... 
INFO  @ Wed, 16 Nov 2022 14:23:45: Thread 0 started. 
INFO  @ Wed, 16 Nov 2022 14:23:45: Thread 0: total 3506 instances. 
INFO  @ Wed, 16 Nov 2022 14:23:46: Thread 0: Calculating ZNF212 (1) ...  
INFO  @ Wed, 16 Nov 2022 14:25:39: Thread 0: Calculating ATG4A (1001) ...  
INFO  @ Wed, 16 Nov 2022 14:27:34: Thread 0: Calculating PYGO1 (2001) ...  
INFO  @ Wed, 16 Nov 2022 14:29:41: Thread 0: Calculating SHOX2 (3001) ...  
INFO  @ Wed, 16 Nov 2022 14:30:39: Thread 0 completed. 
INFO  @ Wed, 16 Nov 2022 14:30:39: All threads completed. 
INFO  @ Wed, 16 Nov 2022 14:30:48: Assigning p values... 
INFO  @ Wed, 16 Nov 2022 14:30:48: Permuting groups of gene with 38 sgRNAs per gene. Group progress: 33/41 
INFO  @ Wed, 16 Nov 2022 14:30:48: Start permuting 2 rounds ... 
INFO  @ Wed, 16 Nov 2022 14:30:50: Collecting 25263 sgRNAs from 3506 genes. 
INFO  @ Wed, 16 Nov 2022 14:30:54: Permuting round 0 ... 
INFO  @ Wed, 16 Nov 2022 14:30:58: Thread 0 started. 
INFO  @ Wed, 16 Nov 2022 14:30:58: Thread 0: total 3506 instances. 
INFO  @ Wed, 16 Nov 2022 14:30:58: Thread 0: Calculating ZNF212 (1) ...  
INFO  @ Wed, 16 Nov 2022 14:33:12: Thread 0: Calculating ATG4A (1001) ...  
INFO  @ Wed, 16 Nov 2022 14:35:22: Thread 0: Calculating PYGO1 (2001) ...  
INFO  @ Wed, 16 Nov 2022 14:37:24: Thread 0: Calculating SHOX2 (3001) ...  
INFO  @ Wed, 16 Nov 2022 14:38:28: Thread 0 completed. 
INFO  @ Wed, 16 Nov 2022 14:38:28: All threads completed. 
INFO  @ Wed, 16 Nov 2022 14:38:36: Permuting round 1 ... 
INFO  @ Wed, 16 Nov 2022 14:38:41: Thread 0: total 3506 instances. 
INFO  @ Wed, 16 Nov 2022 14:38:41: Thread 0 started. 
INFO  @ Wed, 16 Nov 2022 14:38:41: Thread 0: Calculating ZNF212 (1) ...  
INFO  @ Wed, 16 Nov 2022 14:40:44: Thread 0: Calculating ATG4A (1001) ...  
INFO  @ Wed, 16 Nov 2022 14:42:57: Thread 0: Calculating PYGO1 (2001) ...  
INFO  @ Wed, 16 Nov 2022 14:45:22: Thread 0: Calculating SHOX2 (3001) ...  
INFO  @ Wed, 16 Nov 2022 14:46:33: Thread 0 completed. 
INFO  @ Wed, 16 Nov 2022 14:46:33: All threads completed. 
INFO  @ Wed, 16 Nov 2022 14:46:43: Assigning p values... 
INFO  @ Wed, 16 Nov 2022 14:46:43: Permuting groups of gene with 39 sgRNAs per gene. Group progress: 34/41 
INFO  @ Wed, 16 Nov 2022 14:46:43: Start permuting 2 rounds ... 
INFO  @ Wed, 16 Nov 2022 14:46:45: Collecting 25263 sgRNAs from 3506 genes. 
INFO  @ Wed, 16 Nov 2022 14:46:49: Permuting round 0 ... 
INFO  @ Wed, 16 Nov 2022 14:46:54: Thread 0 started. 
INFO  @ Wed, 16 Nov 2022 14:46:54: Thread 0: total 3506 instances. 
INFO  @ Wed, 16 Nov 2022 14:46:54: Thread 0: Calculating ZNF212 (1) ...  
INFO  @ Wed, 16 Nov 2022 14:49:02: Thread 0: Calculating ATG4A (1001) ...  
INFO  @ Wed, 16 Nov 2022 14:50:43: Thread 0: Calculating PYGO1 (2001) ...  
INFO  @ Wed, 16 Nov 2022 14:52:17: Thread 0: Calculating SHOX2 (3001) ...  
INFO  @ Wed, 16 Nov 2022 14:52:56: Thread 0 completed. 
INFO  @ Wed, 16 Nov 2022 14:52:56: All threads completed. 
INFO  @ Wed, 16 Nov 2022 14:53:01: Permuting round 1 ... 
INFO  @ Wed, 16 Nov 2022 14:53:03: Thread 0 started. 
INFO  @ Wed, 16 Nov 2022 14:53:03: Thread 0: total 3506 instances. 
INFO  @ Wed, 16 Nov 2022 14:53:03: Thread 0: Calculating ZNF212 (1) ...  
INFO  @ Wed, 16 Nov 2022 14:54:34: Thread 0: Calculating ATG4A (1001) ...  
INFO  @ Wed, 16 Nov 2022 14:55:30: Thread 0: Calculating PYGO1 (2001) ...  
INFO  @ Wed, 16 Nov 2022 14:56:30: Thread 0: Calculating SHOX2 (3001) ...  
INFO  @ Wed, 16 Nov 2022 14:57:00: Thread 0 completed. 
INFO  @ Wed, 16 Nov 2022 14:57:00: All threads completed. 
INFO  @ Wed, 16 Nov 2022 14:57:04: Assigning p values... 
INFO  @ Wed, 16 Nov 2022 14:57:04: Groups of gene with 41 sgRNAs per gene: assigning p values based on previous group results. Group progress: 35/41 
INFO  @ Wed, 16 Nov 2022 14:57:04: Groups of gene with 42 sgRNAs per gene: assigning p values based on previous group results. Group progress: 36/41 
INFO  @ Wed, 16 Nov 2022 14:57:04: Groups of gene with 43 sgRNAs per gene: assigning p values based on previous group results. Group progress: 37/41 
INFO  @ Wed, 16 Nov 2022 14:57:04: Groups of gene with 47 sgRNAs per gene: assigning p values based on previous group results. Group progress: 38/41 
INFO  @ Wed, 16 Nov 2022 14:57:04: Groups of gene with 48 sgRNAs per gene: assigning p values based on previous group results. Group progress: 39/41 
INFO  @ Wed, 16 Nov 2022 14:57:04: Groups of gene with 49 sgRNAs per gene: assigning p values based on previous group results. Group progress: 40/41 
INFO  @ Wed, 16 Nov 2022 14:57:04: Groups of gene with 57 sgRNAs per gene: assigning p values based on previous group results. Group progress: 41/41 
INFO  @ Wed, 16 Nov 2022 14:57:04: Writing gene results to mle_DLD1-Ts8.gene_summary.txt 
INFO  @ Wed, 16 Nov 2022 14:57:04: Writing sgRNA results to mle_DLD1-Ts8.sgrna_summary.txt 
