INFO  @ Thu, 09 Mar 2023 17:58:52: Parameters: /home/ryan/miniconda3/envs/mageck/bin/mageck mle -k count-DLD1-Ts4-i.f-wo-cdk12.csv -d matrixDLD1-Ts4.txt -n mle_DLD1-Ts4 
INFO  @ Thu, 09 Mar 2023 17:58:52: Cannot parse design matrix as a string; try to parse it as a file name ... 
INFO  @ Thu, 09 Mar 2023 17:58:52: Design matrix: 
INFO  @ Thu, 09 Mar 2023 17:58:52: [[1. 0.] 
INFO  @ Thu, 09 Mar 2023 17:58:52:  [1. 1.]] 
INFO  @ Thu, 09 Mar 2023 17:58:52: Beta labels:baseline,DLD1-Ts4 
INFO  @ Thu, 09 Mar 2023 17:58:52: Included samples:DLD1-Ts4.initial,DLD1-Ts4.final 
INFO  @ Thu, 09 Mar 2023 17:58:52: Treating count-DLD1-Ts4-i.f-wo-cdk12.csv as csv file ... 
INFO  @ Thu, 09 Mar 2023 17:58:52: Loaded samples:DLD1-Ts4.initial;DLD1-Ts4.final 
INFO  @ Thu, 09 Mar 2023 17:58:52: Sample index: 0;1 
INFO  @ Thu, 09 Mar 2023 17:58:53: Loaded 3514 genes. 
DEBUG @ Thu, 09 Mar 2023 17:58:53: Initial (total) size factor: 1.4454471901102939 0.764425134068922 
DEBUG @ Thu, 09 Mar 2023 17:58:53: Median factor: 1.3484559507182532 0.7436055803339712 
INFO  @ Thu, 09 Mar 2023 17:58:53: Final size factor: 1.3484559507182532 0.7436055803339712 
INFO  @ Thu, 09 Mar 2023 17:58:53: size factor: 0.7415889258135213,1.3447989450951618 
INFO  @ Thu, 09 Mar 2023 17:58:53: Thread 0 started. 
INFO  @ Thu, 09 Mar 2023 17:58:53: Thread 0: total 1 instances. 
INFO  @ Thu, 09 Mar 2023 17:58:53: Thread 0 completed. 
INFO  @ Thu, 09 Mar 2023 17:58:53: All threads completed. 
INFO  @ Thu, 09 Mar 2023 17:58:53: Modeling the mean and variance ... 
INFO  @ Thu, 09 Mar 2023 17:58:53: Run the algorithm for the second time ... 
INFO  @ Thu, 09 Mar 2023 17:58:53: Skipping gene KMT2C from MLE calculation since there are too many sgRNAs. To change, revise the --max-sgrnapergene-permutation option. 
INFO  @ Thu, 09 Mar 2023 17:58:53: Skipping gene KMT2A from MLE calculation since there are too many sgRNAs. To change, revise the --max-sgrnapergene-permutation option. 
INFO  @ Thu, 09 Mar 2023 17:58:53: Skipping gene KMT2B from MLE calculation since there are too many sgRNAs. To change, revise the --max-sgrnapergene-permutation option. 
INFO  @ Thu, 09 Mar 2023 17:58:53: Skipping gene KMT2D from MLE calculation since there are too many sgRNAs. To change, revise the --max-sgrnapergene-permutation option. 
INFO  @ Thu, 09 Mar 2023 17:58:53: Skipping gene NSD1 from MLE calculation since there are too many sgRNAs. To change, revise the --max-sgrnapergene-permutation option. 
INFO  @ Thu, 09 Mar 2023 17:58:53: Skipping gene KDM2B from MLE calculation since there are too many sgRNAs. To change, revise the --max-sgrnapergene-permutation option. 
INFO  @ Thu, 09 Mar 2023 17:58:53: Skipping gene TDRD6 from MLE calculation since there are too many sgRNAs. To change, revise the --max-sgrnapergene-permutation option. 
INFO  @ Thu, 09 Mar 2023 17:58:53: Skipping gene PBRM1 from MLE calculation since there are too many sgRNAs. To change, revise the --max-sgrnapergene-permutation option. 
INFO  @ Thu, 09 Mar 2023 17:58:53: Skipping gene NKX2 from MLE calculation since there are too many sgRNAs. To change, revise the --max-sgrnapergene-permutation option. 
INFO  @ Thu, 09 Mar 2023 17:58:53: Skipping gene RNF17 from MLE calculation since there are too many sgRNAs. To change, revise the --max-sgrnapergene-permutation option. 
INFO  @ Thu, 09 Mar 2023 17:58:53: Skipping gene KDM2A from MLE calculation since there are too many sgRNAs. To change, revise the --max-sgrnapergene-permutation option. 
INFO  @ Thu, 09 Mar 2023 17:58:53: Thread 0 started. 
INFO  @ Thu, 09 Mar 2023 17:58:53: Thread 0: total 3503 instances. 
INFO  @ Thu, 09 Mar 2023 17:58:53: Thread 0: Calculating SETD1B (1) ...  
INFO  @ Thu, 09 Mar 2023 17:58:56: Thread 0: Calculating CUL2 (1001) ...  
INFO  @ Thu, 09 Mar 2023 17:59:00: Thread 0: Calculating RNF11 (2001) ...  
INFO  @ Thu, 09 Mar 2023 17:59:03: Thread 0: Calculating ZNF598 (3001) ...  
INFO  @ Thu, 09 Mar 2023 17:59:04: Thread 0 completed. 
INFO  @ Thu, 09 Mar 2023 17:59:04: All threads completed. 
INFO  @ Thu, 09 Mar 2023 17:59:05: Permuting groups of gene with 1 sgRNAs per gene. Group progress: 1/41 
INFO  @ Thu, 09 Mar 2023 17:59:05: Start permuting 2 rounds ... 
INFO  @ Thu, 09 Mar 2023 17:59:05: Collecting 25893 sgRNAs from 3514 genes. 
INFO  @ Thu, 09 Mar 2023 17:59:06: Permuting round 0 ... 
INFO  @ Thu, 09 Mar 2023 17:59:06: Thread 0 started. 
INFO  @ Thu, 09 Mar 2023 17:59:06: Thread 0: total 3514 instances. 
INFO  @ Thu, 09 Mar 2023 17:59:06: Thread 0: Calculating SETD1B (1) ...  
INFO  @ Thu, 09 Mar 2023 17:59:07: Thread 0: Calculating PLK4 (1001) ...  
INFO  @ Thu, 09 Mar 2023 17:59:09: Thread 0: Calculating KCNA1 (2001) ...  
INFO  @ Thu, 09 Mar 2023 17:59:11: Thread 0: Calculating ZNF781 (3001) ...  
INFO  @ Thu, 09 Mar 2023 17:59:12: Thread 0 completed. 
INFO  @ Thu, 09 Mar 2023 17:59:12: All threads completed. 
INFO  @ Thu, 09 Mar 2023 17:59:13: Permuting round 1 ... 
INFO  @ Thu, 09 Mar 2023 17:59:13: Thread 0 started. 
INFO  @ Thu, 09 Mar 2023 17:59:13: Thread 0: total 3514 instances. 
INFO  @ Thu, 09 Mar 2023 17:59:13: Thread 0: Calculating SETD1B (1) ...  
INFO  @ Thu, 09 Mar 2023 17:59:15: Thread 0: Calculating PLK4 (1001) ...  
INFO  @ Thu, 09 Mar 2023 17:59:16: Thread 0: Calculating KCNA1 (2001) ...  
INFO  @ Thu, 09 Mar 2023 17:59:18: Thread 0: Calculating ZNF781 (3001) ...  
INFO  @ Thu, 09 Mar 2023 17:59:19: Thread 0 completed. 
INFO  @ Thu, 09 Mar 2023 17:59:19: All threads completed. 
INFO  @ Thu, 09 Mar 2023 17:59:20: Assigning p values... 
INFO  @ Thu, 09 Mar 2023 17:59:20: Permuting groups of gene with 2 sgRNAs per gene. Group progress: 2/41 
INFO  @ Thu, 09 Mar 2023 17:59:20: Start permuting 2 rounds ... 
INFO  @ Thu, 09 Mar 2023 17:59:20: Collecting 25893 sgRNAs from 3514 genes. 
INFO  @ Thu, 09 Mar 2023 17:59:20: Permuting round 0 ... 
INFO  @ Thu, 09 Mar 2023 17:59:20: Thread 0 started. 
INFO  @ Thu, 09 Mar 2023 17:59:20: Thread 0: total 3514 instances. 
INFO  @ Thu, 09 Mar 2023 17:59:20: Thread 0: Calculating SETD1B (1) ...  
INFO  @ Thu, 09 Mar 2023 17:59:23: Thread 0: Calculating PLK4 (1001) ...  
INFO  @ Thu, 09 Mar 2023 17:59:25: Thread 0: Calculating KCNA1 (2001) ...  
INFO  @ Thu, 09 Mar 2023 17:59:28: Thread 0: Calculating ZNF781 (3001) ...  
INFO  @ Thu, 09 Mar 2023 17:59:29: Thread 0 completed. 
INFO  @ Thu, 09 Mar 2023 17:59:29: All threads completed. 
INFO  @ Thu, 09 Mar 2023 17:59:30: Permuting round 1 ... 
INFO  @ Thu, 09 Mar 2023 17:59:30: Thread 0 started. 
INFO  @ Thu, 09 Mar 2023 17:59:30: Thread 0: total 3514 instances. 
INFO  @ Thu, 09 Mar 2023 17:59:30: Thread 0: Calculating SETD1B (1) ...  
INFO  @ Thu, 09 Mar 2023 17:59:33: Thread 0: Calculating PLK4 (1001) ...  
INFO  @ Thu, 09 Mar 2023 17:59:35: Thread 0: Calculating KCNA1 (2001) ...  
INFO  @ Thu, 09 Mar 2023 17:59:37: Thread 0: Calculating ZNF781 (3001) ...  
INFO  @ Thu, 09 Mar 2023 17:59:39: Thread 0 completed. 
INFO  @ Thu, 09 Mar 2023 17:59:39: All threads completed. 
INFO  @ Thu, 09 Mar 2023 17:59:40: Assigning p values... 
INFO  @ Thu, 09 Mar 2023 17:59:40: Permuting groups of gene with 3 sgRNAs per gene. Group progress: 3/41 
INFO  @ Thu, 09 Mar 2023 17:59:40: Start permuting 2 rounds ... 
INFO  @ Thu, 09 Mar 2023 17:59:40: Collecting 25893 sgRNAs from 3514 genes. 
INFO  @ Thu, 09 Mar 2023 17:59:40: Permuting round 0 ... 
INFO  @ Thu, 09 Mar 2023 17:59:40: Thread 0 started. 
INFO  @ Thu, 09 Mar 2023 17:59:40: Thread 0: total 3514 instances. 
INFO  @ Thu, 09 Mar 2023 17:59:40: Thread 0: Calculating SETD1B (1) ...  
INFO  @ Thu, 09 Mar 2023 17:59:43: Thread 0: Calculating PLK4 (1001) ...  
INFO  @ Thu, 09 Mar 2023 17:59:46: Thread 0: Calculating KCNA1 (2001) ...  
INFO  @ Thu, 09 Mar 2023 17:59:48: Thread 0: Calculating ZNF781 (3001) ...  
INFO  @ Thu, 09 Mar 2023 17:59:50: Thread 0 completed. 
INFO  @ Thu, 09 Mar 2023 17:59:50: All threads completed. 
INFO  @ Thu, 09 Mar 2023 17:59:51: Permuting round 1 ... 
INFO  @ Thu, 09 Mar 2023 17:59:51: Thread 0 started. 
INFO  @ Thu, 09 Mar 2023 17:59:51: Thread 0: total 3514 instances. 
INFO  @ Thu, 09 Mar 2023 17:59:51: Thread 0: Calculating SETD1B (1) ...  
INFO  @ Thu, 09 Mar 2023 17:59:54: Thread 0: Calculating PLK4 (1001) ...  
INFO  @ Thu, 09 Mar 2023 17:59:57: Thread 0: Calculating KCNA1 (2001) ...  
INFO  @ Thu, 09 Mar 2023 18:00:00: Thread 0: Calculating ZNF781 (3001) ...  
INFO  @ Thu, 09 Mar 2023 18:00:02: Thread 0 completed. 
INFO  @ Thu, 09 Mar 2023 18:00:02: All threads completed. 
INFO  @ Thu, 09 Mar 2023 18:00:03: Assigning p values... 
INFO  @ Thu, 09 Mar 2023 18:00:03: Permuting groups of gene with 4 sgRNAs per gene. Group progress: 4/41 
INFO  @ Thu, 09 Mar 2023 18:00:03: Start permuting 2 rounds ... 
INFO  @ Thu, 09 Mar 2023 18:00:03: Collecting 25893 sgRNAs from 3514 genes. 
INFO  @ Thu, 09 Mar 2023 18:00:03: Permuting round 0 ... 
INFO  @ Thu, 09 Mar 2023 18:00:03: Thread 0 started. 
INFO  @ Thu, 09 Mar 2023 18:00:03: Thread 0: total 3514 instances. 
INFO  @ Thu, 09 Mar 2023 18:00:03: Thread 0: Calculating SETD1B (1) ...  
INFO  @ Thu, 09 Mar 2023 18:00:06: Thread 0: Calculating PLK4 (1001) ...  
INFO  @ Thu, 09 Mar 2023 18:00:09: Thread 0: Calculating KCNA1 (2001) ...  
INFO  @ Thu, 09 Mar 2023 18:00:12: Thread 0: Calculating ZNF781 (3001) ...  
INFO  @ Thu, 09 Mar 2023 18:00:14: Thread 0 completed. 
INFO  @ Thu, 09 Mar 2023 18:00:14: All threads completed. 
INFO  @ Thu, 09 Mar 2023 18:00:15: Permuting round 1 ... 
INFO  @ Thu, 09 Mar 2023 18:00:15: Thread 0 started. 
INFO  @ Thu, 09 Mar 2023 18:00:15: Thread 0: total 3514 instances. 
INFO  @ Thu, 09 Mar 2023 18:00:15: Thread 0: Calculating SETD1B (1) ...  
INFO  @ Thu, 09 Mar 2023 18:00:18: Thread 0: Calculating PLK4 (1001) ...  
INFO  @ Thu, 09 Mar 2023 18:00:20: Thread 0: Calculating KCNA1 (2001) ...  
INFO  @ Thu, 09 Mar 2023 18:00:23: Thread 0: Calculating ZNF781 (3001) ...  
INFO  @ Thu, 09 Mar 2023 18:00:25: Thread 0 completed. 
INFO  @ Thu, 09 Mar 2023 18:00:25: All threads completed. 
INFO  @ Thu, 09 Mar 2023 18:00:26: Assigning p values... 
INFO  @ Thu, 09 Mar 2023 18:00:26: Permuting groups of gene with 5 sgRNAs per gene. Group progress: 5/41 
INFO  @ Thu, 09 Mar 2023 18:00:26: Start permuting 2 rounds ... 
INFO  @ Thu, 09 Mar 2023 18:00:26: Collecting 25893 sgRNAs from 3514 genes. 
INFO  @ Thu, 09 Mar 2023 18:00:26: Permuting round 0 ... 
INFO  @ Thu, 09 Mar 2023 18:00:26: Thread 0 started. 
INFO  @ Thu, 09 Mar 2023 18:00:26: Thread 0: total 3514 instances. 
INFO  @ Thu, 09 Mar 2023 18:00:26: Thread 0: Calculating SETD1B (1) ...  
INFO  @ Thu, 09 Mar 2023 18:00:29: Thread 0: Calculating PLK4 (1001) ...  
INFO  @ Thu, 09 Mar 2023 18:00:32: Thread 0: Calculating KCNA1 (2001) ...  
INFO  @ Thu, 09 Mar 2023 18:00:35: Thread 0: Calculating ZNF781 (3001) ...  
INFO  @ Thu, 09 Mar 2023 18:00:37: Thread 0 completed. 
INFO  @ Thu, 09 Mar 2023 18:00:37: All threads completed. 
INFO  @ Thu, 09 Mar 2023 18:00:38: Permuting round 1 ... 
INFO  @ Thu, 09 Mar 2023 18:00:38: Thread 0 started. 
INFO  @ Thu, 09 Mar 2023 18:00:38: Thread 0: total 3514 instances. 
INFO  @ Thu, 09 Mar 2023 18:00:38: Thread 0: Calculating SETD1B (1) ...  
INFO  @ Thu, 09 Mar 2023 18:00:41: Thread 0: Calculating PLK4 (1001) ...  
INFO  @ Thu, 09 Mar 2023 18:00:44: Thread 0: Calculating KCNA1 (2001) ...  
INFO  @ Thu, 09 Mar 2023 18:00:47: Thread 0: Calculating ZNF781 (3001) ...  
INFO  @ Thu, 09 Mar 2023 18:00:49: Thread 0 completed. 
INFO  @ Thu, 09 Mar 2023 18:00:49: All threads completed. 
INFO  @ Thu, 09 Mar 2023 18:00:49: Assigning p values... 
INFO  @ Thu, 09 Mar 2023 18:00:49: Permuting groups of gene with 6 sgRNAs per gene. Group progress: 6/41 
INFO  @ Thu, 09 Mar 2023 18:00:49: Start permuting 2 rounds ... 
INFO  @ Thu, 09 Mar 2023 18:00:50: Collecting 25893 sgRNAs from 3514 genes. 
INFO  @ Thu, 09 Mar 2023 18:00:50: Permuting round 0 ... 
INFO  @ Thu, 09 Mar 2023 18:00:50: Thread 0 started. 
INFO  @ Thu, 09 Mar 2023 18:00:50: Thread 0: total 3514 instances. 
INFO  @ Thu, 09 Mar 2023 18:00:50: Thread 0: Calculating SETD1B (1) ...  
INFO  @ Thu, 09 Mar 2023 18:00:53: Thread 0: Calculating PLK4 (1001) ...  
INFO  @ Thu, 09 Mar 2023 18:00:56: Thread 0: Calculating KCNA1 (2001) ...  
INFO  @ Thu, 09 Mar 2023 18:00:59: Thread 0: Calculating ZNF781 (3001) ...  
INFO  @ Thu, 09 Mar 2023 18:01:01: Thread 0 completed. 
INFO  @ Thu, 09 Mar 2023 18:01:01: All threads completed. 
INFO  @ Thu, 09 Mar 2023 18:01:02: Permuting round 1 ... 
INFO  @ Thu, 09 Mar 2023 18:01:02: Thread 0 started. 
INFO  @ Thu, 09 Mar 2023 18:01:02: Thread 0: total 3514 instances. 
INFO  @ Thu, 09 Mar 2023 18:01:02: Thread 0: Calculating SETD1B (1) ...  
INFO  @ Thu, 09 Mar 2023 18:01:05: Thread 0: Calculating PLK4 (1001) ...  
INFO  @ Thu, 09 Mar 2023 18:01:08: Thread 0: Calculating KCNA1 (2001) ...  
INFO  @ Thu, 09 Mar 2023 18:01:11: Thread 0: Calculating ZNF781 (3001) ...  
INFO  @ Thu, 09 Mar 2023 18:01:13: Thread 0 completed. 
INFO  @ Thu, 09 Mar 2023 18:01:13: All threads completed. 
INFO  @ Thu, 09 Mar 2023 18:01:14: Assigning p values... 
INFO  @ Thu, 09 Mar 2023 18:01:14: Permuting groups of gene with 7 sgRNAs per gene. Group progress: 7/41 
INFO  @ Thu, 09 Mar 2023 18:01:14: Start permuting 2 rounds ... 
INFO  @ Thu, 09 Mar 2023 18:01:14: Collecting 25893 sgRNAs from 3514 genes. 
INFO  @ Thu, 09 Mar 2023 18:01:14: Permuting round 0 ... 
INFO  @ Thu, 09 Mar 2023 18:01:14: Thread 0 started. 
INFO  @ Thu, 09 Mar 2023 18:01:14: Thread 0: total 3514 instances. 
INFO  @ Thu, 09 Mar 2023 18:01:14: Thread 0: Calculating SETD1B (1) ...  
INFO  @ Thu, 09 Mar 2023 18:01:17: Thread 0: Calculating PLK4 (1001) ...  
INFO  @ Thu, 09 Mar 2023 18:01:20: Thread 0: Calculating KCNA1 (2001) ...  
INFO  @ Thu, 09 Mar 2023 18:01:23: Thread 0: Calculating ZNF781 (3001) ...  
INFO  @ Thu, 09 Mar 2023 18:01:25: Thread 0 completed. 
INFO  @ Thu, 09 Mar 2023 18:01:25: All threads completed. 
INFO  @ Thu, 09 Mar 2023 18:01:26: Permuting round 1 ... 
INFO  @ Thu, 09 Mar 2023 18:01:26: Thread 0 started. 
INFO  @ Thu, 09 Mar 2023 18:01:26: Thread 0: total 3514 instances. 
INFO  @ Thu, 09 Mar 2023 18:01:26: Thread 0: Calculating SETD1B (1) ...  
INFO  @ Thu, 09 Mar 2023 18:01:29: Thread 0: Calculating PLK4 (1001) ...  
INFO  @ Thu, 09 Mar 2023 18:01:33: Thread 0: Calculating KCNA1 (2001) ...  
INFO  @ Thu, 09 Mar 2023 18:01:36: Thread 0: Calculating ZNF781 (3001) ...  
INFO  @ Thu, 09 Mar 2023 18:01:37: Thread 0 completed. 
INFO  @ Thu, 09 Mar 2023 18:01:37: All threads completed. 
INFO  @ Thu, 09 Mar 2023 18:01:38: Assigning p values... 
INFO  @ Thu, 09 Mar 2023 18:01:38: Permuting groups of gene with 8 sgRNAs per gene. Group progress: 8/41 
INFO  @ Thu, 09 Mar 2023 18:01:38: Start permuting 2 rounds ... 
INFO  @ Thu, 09 Mar 2023 18:01:38: Collecting 25893 sgRNAs from 3514 genes. 
INFO  @ Thu, 09 Mar 2023 18:01:39: Permuting round 0 ... 
INFO  @ Thu, 09 Mar 2023 18:01:39: Thread 0 started. 
INFO  @ Thu, 09 Mar 2023 18:01:39: Thread 0: total 3514 instances. 
INFO  @ Thu, 09 Mar 2023 18:01:39: Thread 0: Calculating SETD1B (1) ...  
INFO  @ Thu, 09 Mar 2023 18:01:42: Thread 0: Calculating PLK4 (1001) ...  
INFO  @ Thu, 09 Mar 2023 18:01:45: Thread 0: Calculating KCNA1 (2001) ...  
INFO  @ Thu, 09 Mar 2023 18:01:48: Thread 0: Calculating ZNF781 (3001) ...  
INFO  @ Thu, 09 Mar 2023 18:01:50: Thread 0 completed. 
INFO  @ Thu, 09 Mar 2023 18:01:50: All threads completed. 
INFO  @ Thu, 09 Mar 2023 18:01:51: Permuting round 1 ... 
INFO  @ Thu, 09 Mar 2023 18:01:51: Thread 0 started. 
INFO  @ Thu, 09 Mar 2023 18:01:51: Thread 0: total 3514 instances. 
INFO  @ Thu, 09 Mar 2023 18:01:51: Thread 0: Calculating SETD1B (1) ...  
INFO  @ Thu, 09 Mar 2023 18:01:54: Thread 0: Calculating PLK4 (1001) ...  
INFO  @ Thu, 09 Mar 2023 18:01:57: Thread 0: Calculating KCNA1 (2001) ...  
INFO  @ Thu, 09 Mar 2023 18:02:01: Thread 0: Calculating ZNF781 (3001) ...  
INFO  @ Thu, 09 Mar 2023 18:02:02: Thread 0 completed. 
INFO  @ Thu, 09 Mar 2023 18:02:02: All threads completed. 
INFO  @ Thu, 09 Mar 2023 18:02:03: Assigning p values... 
INFO  @ Thu, 09 Mar 2023 18:02:03: Permuting groups of gene with 9 sgRNAs per gene. Group progress: 9/41 
INFO  @ Thu, 09 Mar 2023 18:02:03: Start permuting 2 rounds ... 
INFO  @ Thu, 09 Mar 2023 18:02:04: Collecting 25893 sgRNAs from 3514 genes. 
INFO  @ Thu, 09 Mar 2023 18:02:04: Permuting round 0 ... 
INFO  @ Thu, 09 Mar 2023 18:02:04: Thread 0 started. 
INFO  @ Thu, 09 Mar 2023 18:02:04: Thread 0: total 3514 instances. 
INFO  @ Thu, 09 Mar 2023 18:02:04: Thread 0: Calculating SETD1B (1) ...  
INFO  @ Thu, 09 Mar 2023 18:02:07: Thread 0: Calculating PLK4 (1001) ...  
INFO  @ Thu, 09 Mar 2023 18:02:11: Thread 0: Calculating KCNA1 (2001) ...  
INFO  @ Thu, 09 Mar 2023 18:02:14: Thread 0: Calculating ZNF781 (3001) ...  
INFO  @ Thu, 09 Mar 2023 18:02:16: Thread 0 completed. 
INFO  @ Thu, 09 Mar 2023 18:02:16: All threads completed. 
INFO  @ Thu, 09 Mar 2023 18:02:17: Permuting round 1 ... 
INFO  @ Thu, 09 Mar 2023 18:02:17: Thread 0 started. 
INFO  @ Thu, 09 Mar 2023 18:02:17: Thread 0: total 3514 instances. 
INFO  @ Thu, 09 Mar 2023 18:02:17: Thread 0: Calculating SETD1B (1) ...  
INFO  @ Thu, 09 Mar 2023 18:02:20: Thread 0: Calculating PLK4 (1001) ...  
INFO  @ Thu, 09 Mar 2023 18:02:23: Thread 0: Calculating KCNA1 (2001) ...  
INFO  @ Thu, 09 Mar 2023 18:02:27: Thread 0: Calculating ZNF781 (3001) ...  
INFO  @ Thu, 09 Mar 2023 18:02:28: Thread 0 completed. 
INFO  @ Thu, 09 Mar 2023 18:02:28: All threads completed. 
INFO  @ Thu, 09 Mar 2023 18:02:30: Assigning p values... 
INFO  @ Thu, 09 Mar 2023 18:02:30: Permuting groups of gene with 10 sgRNAs per gene. Group progress: 10/41 
INFO  @ Thu, 09 Mar 2023 18:02:30: Start permuting 2 rounds ... 
INFO  @ Thu, 09 Mar 2023 18:02:30: Collecting 25893 sgRNAs from 3514 genes. 
INFO  @ Thu, 09 Mar 2023 18:02:30: Permuting round 0 ... 
INFO  @ Thu, 09 Mar 2023 18:02:30: Thread 0 started. 
INFO  @ Thu, 09 Mar 2023 18:02:30: Thread 0: total 3514 instances. 
INFO  @ Thu, 09 Mar 2023 18:02:30: Thread 0: Calculating SETD1B (1) ...  
INFO  @ Thu, 09 Mar 2023 18:02:33: Thread 0: Calculating PLK4 (1001) ...  
INFO  @ Thu, 09 Mar 2023 18:02:37: Thread 0: Calculating KCNA1 (2001) ...  
INFO  @ Thu, 09 Mar 2023 18:02:40: Thread 0: Calculating ZNF781 (3001) ...  
INFO  @ Thu, 09 Mar 2023 18:02:42: Thread 0 completed. 
INFO  @ Thu, 09 Mar 2023 18:02:42: All threads completed. 
INFO  @ Thu, 09 Mar 2023 18:02:43: Permuting round 1 ... 
INFO  @ Thu, 09 Mar 2023 18:02:43: Thread 0 started. 
INFO  @ Thu, 09 Mar 2023 18:02:43: Thread 0: total 3514 instances. 
INFO  @ Thu, 09 Mar 2023 18:02:43: Thread 0: Calculating SETD1B (1) ...  
INFO  @ Thu, 09 Mar 2023 18:02:46: Thread 0: Calculating PLK4 (1001) ...  
INFO  @ Thu, 09 Mar 2023 18:02:50: Thread 0: Calculating KCNA1 (2001) ...  
INFO  @ Thu, 09 Mar 2023 18:02:53: Thread 0: Calculating ZNF781 (3001) ...  
INFO  @ Thu, 09 Mar 2023 18:02:55: Thread 0 completed. 
INFO  @ Thu, 09 Mar 2023 18:02:55: All threads completed. 
INFO  @ Thu, 09 Mar 2023 18:02:56: Assigning p values... 
INFO  @ Thu, 09 Mar 2023 18:02:56: Permuting groups of gene with 11 sgRNAs per gene. Group progress: 11/41 
INFO  @ Thu, 09 Mar 2023 18:02:56: Start permuting 2 rounds ... 
INFO  @ Thu, 09 Mar 2023 18:02:56: Collecting 25893 sgRNAs from 3514 genes. 
INFO  @ Thu, 09 Mar 2023 18:02:56: Permuting round 0 ... 
INFO  @ Thu, 09 Mar 2023 18:02:56: Thread 0 started. 
INFO  @ Thu, 09 Mar 2023 18:02:56: Thread 0: total 3514 instances. 
INFO  @ Thu, 09 Mar 2023 18:02:56: Thread 0: Calculating SETD1B (1) ...  
INFO  @ Thu, 09 Mar 2023 18:02:59: Thread 0: Calculating PLK4 (1001) ...  
INFO  @ Thu, 09 Mar 2023 18:03:03: Thread 0: Calculating KCNA1 (2001) ...  
INFO  @ Thu, 09 Mar 2023 18:03:06: Thread 0: Calculating ZNF781 (3001) ...  
INFO  @ Thu, 09 Mar 2023 18:03:08: Thread 0 completed. 
INFO  @ Thu, 09 Mar 2023 18:03:08: All threads completed. 
INFO  @ Thu, 09 Mar 2023 18:03:09: Permuting round 1 ... 
INFO  @ Thu, 09 Mar 2023 18:03:09: Thread 0 started. 
INFO  @ Thu, 09 Mar 2023 18:03:09: Thread 0: total 3514 instances. 
INFO  @ Thu, 09 Mar 2023 18:03:09: Thread 0: Calculating SETD1B (1) ...  
INFO  @ Thu, 09 Mar 2023 18:03:13: Thread 0: Calculating PLK4 (1001) ...  
INFO  @ Thu, 09 Mar 2023 18:03:16: Thread 0: Calculating KCNA1 (2001) ...  
INFO  @ Thu, 09 Mar 2023 18:03:19: Thread 0: Calculating ZNF781 (3001) ...  
INFO  @ Thu, 09 Mar 2023 18:03:21: Thread 0 completed. 
INFO  @ Thu, 09 Mar 2023 18:03:21: All threads completed. 
INFO  @ Thu, 09 Mar 2023 18:03:22: Assigning p values... 
INFO  @ Thu, 09 Mar 2023 18:03:22: Permuting groups of gene with 12 sgRNAs per gene. Group progress: 12/41 
INFO  @ Thu, 09 Mar 2023 18:03:22: Start permuting 2 rounds ... 
INFO  @ Thu, 09 Mar 2023 18:03:22: Collecting 25893 sgRNAs from 3514 genes. 
INFO  @ Thu, 09 Mar 2023 18:03:23: Permuting round 0 ... 
INFO  @ Thu, 09 Mar 2023 18:03:23: Thread 0 started. 
INFO  @ Thu, 09 Mar 2023 18:03:23: Thread 0: total 3514 instances. 
INFO  @ Thu, 09 Mar 2023 18:03:23: Thread 0: Calculating SETD1B (1) ...  
INFO  @ Thu, 09 Mar 2023 18:03:26: Thread 0: Calculating PLK4 (1001) ...  
INFO  @ Thu, 09 Mar 2023 18:03:30: Thread 0: Calculating KCNA1 (2001) ...  
INFO  @ Thu, 09 Mar 2023 18:03:33: Thread 0: Calculating ZNF781 (3001) ...  
INFO  @ Thu, 09 Mar 2023 18:03:35: Thread 0 completed. 
INFO  @ Thu, 09 Mar 2023 18:03:35: All threads completed. 
INFO  @ Thu, 09 Mar 2023 18:03:36: Permuting round 1 ... 
INFO  @ Thu, 09 Mar 2023 18:03:36: Thread 0 started. 
INFO  @ Thu, 09 Mar 2023 18:03:36: Thread 0: total 3514 instances. 
INFO  @ Thu, 09 Mar 2023 18:03:36: Thread 0: Calculating SETD1B (1) ...  
INFO  @ Thu, 09 Mar 2023 18:03:39: Thread 0: Calculating PLK4 (1001) ...  
INFO  @ Thu, 09 Mar 2023 18:03:43: Thread 0: Calculating KCNA1 (2001) ...  
INFO  @ Thu, 09 Mar 2023 18:03:46: Thread 0: Calculating ZNF781 (3001) ...  
INFO  @ Thu, 09 Mar 2023 18:03:48: Thread 0 completed. 
INFO  @ Thu, 09 Mar 2023 18:03:48: All threads completed. 
INFO  @ Thu, 09 Mar 2023 18:03:49: Assigning p values... 
INFO  @ Thu, 09 Mar 2023 18:03:49: Permuting groups of gene with 13 sgRNAs per gene. Group progress: 13/41 
INFO  @ Thu, 09 Mar 2023 18:03:49: Start permuting 2 rounds ... 
INFO  @ Thu, 09 Mar 2023 18:03:49: Collecting 25893 sgRNAs from 3514 genes. 
INFO  @ Thu, 09 Mar 2023 18:03:49: Permuting round 0 ... 
INFO  @ Thu, 09 Mar 2023 18:03:49: Thread 0 started. 
INFO  @ Thu, 09 Mar 2023 18:03:49: Thread 0: total 3514 instances. 
INFO  @ Thu, 09 Mar 2023 18:03:49: Thread 0: Calculating SETD1B (1) ...  
INFO  @ Thu, 09 Mar 2023 18:03:53: Thread 0: Calculating PLK4 (1001) ...  
INFO  @ Thu, 09 Mar 2023 18:03:56: Thread 0: Calculating KCNA1 (2001) ...  
INFO  @ Thu, 09 Mar 2023 18:04:00: Thread 0: Calculating ZNF781 (3001) ...  
INFO  @ Thu, 09 Mar 2023 18:04:02: Thread 0 completed. 
INFO  @ Thu, 09 Mar 2023 18:04:02: All threads completed. 
INFO  @ Thu, 09 Mar 2023 18:04:03: Permuting round 1 ... 
INFO  @ Thu, 09 Mar 2023 18:04:03: Thread 0 started. 
INFO  @ Thu, 09 Mar 2023 18:04:03: Thread 0: total 3514 instances. 
INFO  @ Thu, 09 Mar 2023 18:04:03: Thread 0: Calculating SETD1B (1) ...  
INFO  @ Thu, 09 Mar 2023 18:04:07: Thread 0: Calculating PLK4 (1001) ...  
INFO  @ Thu, 09 Mar 2023 18:04:11: Thread 0: Calculating KCNA1 (2001) ...  
INFO  @ Thu, 09 Mar 2023 18:04:14: Thread 0: Calculating ZNF781 (3001) ...  
INFO  @ Thu, 09 Mar 2023 18:04:16: Thread 0 completed. 
INFO  @ Thu, 09 Mar 2023 18:04:16: All threads completed. 
INFO  @ Thu, 09 Mar 2023 18:04:17: Assigning p values... 
INFO  @ Thu, 09 Mar 2023 18:04:17: Permuting groups of gene with 14 sgRNAs per gene. Group progress: 14/41 
INFO  @ Thu, 09 Mar 2023 18:04:17: Start permuting 2 rounds ... 
INFO  @ Thu, 09 Mar 2023 18:04:17: Collecting 25893 sgRNAs from 3514 genes. 
INFO  @ Thu, 09 Mar 2023 18:04:17: Permuting round 0 ... 
INFO  @ Thu, 09 Mar 2023 18:04:17: Thread 0 started. 
INFO  @ Thu, 09 Mar 2023 18:04:17: Thread 0: total 3514 instances. 
INFO  @ Thu, 09 Mar 2023 18:04:17: Thread 0: Calculating SETD1B (1) ...  
INFO  @ Thu, 09 Mar 2023 18:04:21: Thread 0: Calculating PLK4 (1001) ...  
INFO  @ Thu, 09 Mar 2023 18:04:25: Thread 0: Calculating KCNA1 (2001) ...  
INFO  @ Thu, 09 Mar 2023 18:04:28: Thread 0: Calculating ZNF781 (3001) ...  
INFO  @ Thu, 09 Mar 2023 18:04:30: Thread 0 completed. 
INFO  @ Thu, 09 Mar 2023 18:04:30: All threads completed. 
INFO  @ Thu, 09 Mar 2023 18:04:31: Permuting round 1 ... 
INFO  @ Thu, 09 Mar 2023 18:04:31: Thread 0 started. 
INFO  @ Thu, 09 Mar 2023 18:04:31: Thread 0: total 3514 instances. 
INFO  @ Thu, 09 Mar 2023 18:04:31: Thread 0: Calculating SETD1B (1) ...  
INFO  @ Thu, 09 Mar 2023 18:04:35: Thread 0: Calculating PLK4 (1001) ...  
INFO  @ Thu, 09 Mar 2023 18:04:38: Thread 0: Calculating KCNA1 (2001) ...  
INFO  @ Thu, 09 Mar 2023 18:04:42: Thread 0: Calculating ZNF781 (3001) ...  
INFO  @ Thu, 09 Mar 2023 18:04:44: Thread 0 completed. 
INFO  @ Thu, 09 Mar 2023 18:04:44: All threads completed. 
INFO  @ Thu, 09 Mar 2023 18:04:45: Assigning p values... 
INFO  @ Thu, 09 Mar 2023 18:04:45: Permuting groups of gene with 15 sgRNAs per gene. Group progress: 15/41 
INFO  @ Thu, 09 Mar 2023 18:04:45: Start permuting 2 rounds ... 
INFO  @ Thu, 09 Mar 2023 18:04:45: Collecting 25893 sgRNAs from 3514 genes. 
INFO  @ Thu, 09 Mar 2023 18:04:45: Permuting round 0 ... 
INFO  @ Thu, 09 Mar 2023 18:04:45: Thread 0 started. 
INFO  @ Thu, 09 Mar 2023 18:04:45: Thread 0: total 3514 instances. 
INFO  @ Thu, 09 Mar 2023 18:04:45: Thread 0: Calculating SETD1B (1) ...  
INFO  @ Thu, 09 Mar 2023 18:04:49: Thread 0: Calculating PLK4 (1001) ...  
INFO  @ Thu, 09 Mar 2023 18:04:53: Thread 0: Calculating KCNA1 (2001) ...  
INFO  @ Thu, 09 Mar 2023 18:04:56: Thread 0: Calculating ZNF781 (3001) ...  
INFO  @ Thu, 09 Mar 2023 18:04:58: Thread 0 completed. 
INFO  @ Thu, 09 Mar 2023 18:04:58: All threads completed. 
INFO  @ Thu, 09 Mar 2023 18:04:59: Permuting round 1 ... 
INFO  @ Thu, 09 Mar 2023 18:04:59: Thread 0 started. 
INFO  @ Thu, 09 Mar 2023 18:04:59: Thread 0: total 3514 instances. 
INFO  @ Thu, 09 Mar 2023 18:04:59: Thread 0: Calculating SETD1B (1) ...  
INFO  @ Thu, 09 Mar 2023 18:05:03: Thread 0: Calculating PLK4 (1001) ...  
INFO  @ Thu, 09 Mar 2023 18:05:06: Thread 0: Calculating KCNA1 (2001) ...  
INFO  @ Thu, 09 Mar 2023 18:05:11: Thread 0: Calculating ZNF781 (3001) ...  
INFO  @ Thu, 09 Mar 2023 18:05:13: Thread 0 completed. 
INFO  @ Thu, 09 Mar 2023 18:05:13: All threads completed. 
INFO  @ Thu, 09 Mar 2023 18:05:14: Assigning p values... 
INFO  @ Thu, 09 Mar 2023 18:05:14: Permuting groups of gene with 16 sgRNAs per gene. Group progress: 16/41 
INFO  @ Thu, 09 Mar 2023 18:05:14: Start permuting 2 rounds ... 
INFO  @ Thu, 09 Mar 2023 18:05:14: Collecting 25893 sgRNAs from 3514 genes. 
INFO  @ Thu, 09 Mar 2023 18:05:14: Permuting round 0 ... 
INFO  @ Thu, 09 Mar 2023 18:05:14: Thread 0 started. 
INFO  @ Thu, 09 Mar 2023 18:05:14: Thread 0: total 3514 instances. 
INFO  @ Thu, 09 Mar 2023 18:05:14: Thread 0: Calculating SETD1B (1) ...  
INFO  @ Thu, 09 Mar 2023 18:05:18: Thread 0: Calculating PLK4 (1001) ...  
INFO  @ Thu, 09 Mar 2023 18:05:22: Thread 0: Calculating KCNA1 (2001) ...  
INFO  @ Thu, 09 Mar 2023 18:05:26: Thread 0: Calculating ZNF781 (3001) ...  
INFO  @ Thu, 09 Mar 2023 18:05:28: Thread 0 completed. 
INFO  @ Thu, 09 Mar 2023 18:05:28: All threads completed. 
INFO  @ Thu, 09 Mar 2023 18:05:29: Permuting round 1 ... 
INFO  @ Thu, 09 Mar 2023 18:05:29: Thread 0 started. 
INFO  @ Thu, 09 Mar 2023 18:05:29: Thread 0: total 3514 instances. 
INFO  @ Thu, 09 Mar 2023 18:05:29: Thread 0: Calculating SETD1B (1) ...  
INFO  @ Thu, 09 Mar 2023 18:05:33: Thread 0: Calculating PLK4 (1001) ...  
INFO  @ Thu, 09 Mar 2023 18:05:37: Thread 0: Calculating KCNA1 (2001) ...  
INFO  @ Thu, 09 Mar 2023 18:05:40: Thread 0: Calculating ZNF781 (3001) ...  
INFO  @ Thu, 09 Mar 2023 18:05:42: Thread 0 completed. 
INFO  @ Thu, 09 Mar 2023 18:05:42: All threads completed. 
INFO  @ Thu, 09 Mar 2023 18:05:43: Assigning p values... 
INFO  @ Thu, 09 Mar 2023 18:05:43: Permuting groups of gene with 17 sgRNAs per gene. Group progress: 17/41 
INFO  @ Thu, 09 Mar 2023 18:05:43: Start permuting 2 rounds ... 
INFO  @ Thu, 09 Mar 2023 18:05:43: Collecting 25893 sgRNAs from 3514 genes. 
INFO  @ Thu, 09 Mar 2023 18:05:44: Permuting round 0 ... 
INFO  @ Thu, 09 Mar 2023 18:05:44: Thread 0 started. 
INFO  @ Thu, 09 Mar 2023 18:05:44: Thread 0: total 3514 instances. 
INFO  @ Thu, 09 Mar 2023 18:05:44: Thread 0: Calculating SETD1B (1) ...  
INFO  @ Thu, 09 Mar 2023 18:05:47: Thread 0: Calculating PLK4 (1001) ...  
INFO  @ Thu, 09 Mar 2023 18:05:51: Thread 0: Calculating KCNA1 (2001) ...  
INFO  @ Thu, 09 Mar 2023 18:05:55: Thread 0: Calculating ZNF781 (3001) ...  
INFO  @ Thu, 09 Mar 2023 18:05:57: Thread 0 completed. 
INFO  @ Thu, 09 Mar 2023 18:05:57: All threads completed. 
INFO  @ Thu, 09 Mar 2023 18:05:58: Permuting round 1 ... 
INFO  @ Thu, 09 Mar 2023 18:05:58: Thread 0 started. 
INFO  @ Thu, 09 Mar 2023 18:05:58: Thread 0: total 3514 instances. 
INFO  @ Thu, 09 Mar 2023 18:05:58: Thread 0: Calculating SETD1B (1) ...  
INFO  @ Thu, 09 Mar 2023 18:06:02: Thread 0: Calculating PLK4 (1001) ...  
INFO  @ Thu, 09 Mar 2023 18:06:06: Thread 0: Calculating KCNA1 (2001) ...  
INFO  @ Thu, 09 Mar 2023 18:06:10: Thread 0: Calculating ZNF781 (3001) ...  
INFO  @ Thu, 09 Mar 2023 18:06:12: Thread 0 completed. 
INFO  @ Thu, 09 Mar 2023 18:06:12: All threads completed. 
INFO  @ Thu, 09 Mar 2023 18:06:13: Assigning p values... 
INFO  @ Thu, 09 Mar 2023 18:06:13: Permuting groups of gene with 18 sgRNAs per gene. Group progress: 18/41 
INFO  @ Thu, 09 Mar 2023 18:06:13: Start permuting 2 rounds ... 
INFO  @ Thu, 09 Mar 2023 18:06:13: Collecting 25893 sgRNAs from 3514 genes. 
INFO  @ Thu, 09 Mar 2023 18:06:13: Permuting round 0 ... 
INFO  @ Thu, 09 Mar 2023 18:06:13: Thread 0 started. 
INFO  @ Thu, 09 Mar 2023 18:06:13: Thread 0: total 3514 instances. 
INFO  @ Thu, 09 Mar 2023 18:06:13: Thread 0: Calculating SETD1B (1) ...  
INFO  @ Thu, 09 Mar 2023 18:06:17: Thread 0: Calculating PLK4 (1001) ...  
INFO  @ Thu, 09 Mar 2023 18:06:21: Thread 0: Calculating KCNA1 (2001) ...  
INFO  @ Thu, 09 Mar 2023 18:06:24: Thread 0: Calculating ZNF781 (3001) ...  
INFO  @ Thu, 09 Mar 2023 18:06:26: Thread 0 completed. 
INFO  @ Thu, 09 Mar 2023 18:06:26: All threads completed. 
INFO  @ Thu, 09 Mar 2023 18:06:27: Permuting round 1 ... 
INFO  @ Thu, 09 Mar 2023 18:06:27: Thread 0 started. 
INFO  @ Thu, 09 Mar 2023 18:06:27: Thread 0: total 3514 instances. 
INFO  @ Thu, 09 Mar 2023 18:06:27: Thread 0: Calculating SETD1B (1) ...  
INFO  @ Thu, 09 Mar 2023 18:06:31: Thread 0: Calculating PLK4 (1001) ...  
INFO  @ Thu, 09 Mar 2023 18:06:35: Thread 0: Calculating KCNA1 (2001) ...  
INFO  @ Thu, 09 Mar 2023 18:06:39: Thread 0: Calculating ZNF781 (3001) ...  
INFO  @ Thu, 09 Mar 2023 18:06:41: Thread 0 completed. 
INFO  @ Thu, 09 Mar 2023 18:06:41: All threads completed. 
INFO  @ Thu, 09 Mar 2023 18:06:42: Assigning p values... 
INFO  @ Thu, 09 Mar 2023 18:06:42: Permuting groups of gene with 19 sgRNAs per gene. Group progress: 19/41 
INFO  @ Thu, 09 Mar 2023 18:06:42: Start permuting 2 rounds ... 
INFO  @ Thu, 09 Mar 2023 18:06:42: Collecting 25893 sgRNAs from 3514 genes. 
INFO  @ Thu, 09 Mar 2023 18:06:42: Permuting round 0 ... 
INFO  @ Thu, 09 Mar 2023 18:06:42: Thread 0 started. 
INFO  @ Thu, 09 Mar 2023 18:06:42: Thread 0: total 3514 instances. 
INFO  @ Thu, 09 Mar 2023 18:06:42: Thread 0: Calculating SETD1B (1) ...  
INFO  @ Thu, 09 Mar 2023 18:06:46: Thread 0: Calculating PLK4 (1001) ...  
INFO  @ Thu, 09 Mar 2023 18:06:50: Thread 0: Calculating KCNA1 (2001) ...  
INFO  @ Thu, 09 Mar 2023 18:06:54: Thread 0: Calculating ZNF781 (3001) ...  
INFO  @ Thu, 09 Mar 2023 18:06:56: Thread 0 completed. 
INFO  @ Thu, 09 Mar 2023 18:06:56: All threads completed. 
INFO  @ Thu, 09 Mar 2023 18:06:57: Permuting round 1 ... 
INFO  @ Thu, 09 Mar 2023 18:06:57: Thread 0 started. 
INFO  @ Thu, 09 Mar 2023 18:06:57: Thread 0: total 3514 instances. 
INFO  @ Thu, 09 Mar 2023 18:06:57: Thread 0: Calculating SETD1B (1) ...  
INFO  @ Thu, 09 Mar 2023 18:07:01: Thread 0: Calculating PLK4 (1001) ...  
INFO  @ Thu, 09 Mar 2023 18:07:05: Thread 0: Calculating KCNA1 (2001) ...  
INFO  @ Thu, 09 Mar 2023 18:07:08: Thread 0: Calculating ZNF781 (3001) ...  
INFO  @ Thu, 09 Mar 2023 18:07:11: Thread 0 completed. 
INFO  @ Thu, 09 Mar 2023 18:07:11: All threads completed. 
INFO  @ Thu, 09 Mar 2023 18:07:12: Assigning p values... 
INFO  @ Thu, 09 Mar 2023 18:07:12: Permuting groups of gene with 20 sgRNAs per gene. Group progress: 20/41 
INFO  @ Thu, 09 Mar 2023 18:07:12: Start permuting 2 rounds ... 
INFO  @ Thu, 09 Mar 2023 18:07:12: Collecting 25893 sgRNAs from 3514 genes. 
INFO  @ Thu, 09 Mar 2023 18:07:12: Permuting round 0 ... 
INFO  @ Thu, 09 Mar 2023 18:07:12: Thread 0 started. 
INFO  @ Thu, 09 Mar 2023 18:07:12: Thread 0: total 3514 instances. 
INFO  @ Thu, 09 Mar 2023 18:07:12: Thread 0: Calculating SETD1B (1) ...  
INFO  @ Thu, 09 Mar 2023 18:07:16: Thread 0: Calculating PLK4 (1001) ...  
INFO  @ Thu, 09 Mar 2023 18:07:20: Thread 0: Calculating KCNA1 (2001) ...  
INFO  @ Thu, 09 Mar 2023 18:07:24: Thread 0: Calculating ZNF781 (3001) ...  
INFO  @ Thu, 09 Mar 2023 18:07:27: Thread 0 completed. 
INFO  @ Thu, 09 Mar 2023 18:07:27: All threads completed. 
INFO  @ Thu, 09 Mar 2023 18:07:28: Permuting round 1 ... 
INFO  @ Thu, 09 Mar 2023 18:07:28: Thread 0 started. 
INFO  @ Thu, 09 Mar 2023 18:07:28: Thread 0: total 3514 instances. 
INFO  @ Thu, 09 Mar 2023 18:07:28: Thread 0: Calculating SETD1B (1) ...  
INFO  @ Thu, 09 Mar 2023 18:07:32: Thread 0: Calculating PLK4 (1001) ...  
INFO  @ Thu, 09 Mar 2023 18:07:36: Thread 0: Calculating KCNA1 (2001) ...  
INFO  @ Thu, 09 Mar 2023 18:07:40: Thread 0: Calculating ZNF781 (3001) ...  
INFO  @ Thu, 09 Mar 2023 18:07:42: Thread 0 completed. 
INFO  @ Thu, 09 Mar 2023 18:07:42: All threads completed. 
INFO  @ Thu, 09 Mar 2023 18:07:43: Assigning p values... 
INFO  @ Thu, 09 Mar 2023 18:07:43: Permuting groups of gene with 21 sgRNAs per gene. Group progress: 21/41 
INFO  @ Thu, 09 Mar 2023 18:07:43: Start permuting 2 rounds ... 
INFO  @ Thu, 09 Mar 2023 18:07:43: Collecting 25893 sgRNAs from 3514 genes. 
INFO  @ Thu, 09 Mar 2023 18:07:44: Permuting round 0 ... 
INFO  @ Thu, 09 Mar 2023 18:07:44: Thread 0 started. 
INFO  @ Thu, 09 Mar 2023 18:07:44: Thread 0: total 3514 instances. 
INFO  @ Thu, 09 Mar 2023 18:07:44: Thread 0: Calculating SETD1B (1) ...  
INFO  @ Thu, 09 Mar 2023 18:07:48: Thread 0: Calculating PLK4 (1001) ...  
INFO  @ Thu, 09 Mar 2023 18:07:52: Thread 0: Calculating KCNA1 (2001) ...  
INFO  @ Thu, 09 Mar 2023 18:07:56: Thread 0: Calculating ZNF781 (3001) ...  
INFO  @ Thu, 09 Mar 2023 18:07:58: Thread 0 completed. 
INFO  @ Thu, 09 Mar 2023 18:07:58: All threads completed. 
INFO  @ Thu, 09 Mar 2023 18:07:59: Permuting round 1 ... 
INFO  @ Thu, 09 Mar 2023 18:07:59: Thread 0 started. 
INFO  @ Thu, 09 Mar 2023 18:07:59: Thread 0: total 3514 instances. 
INFO  @ Thu, 09 Mar 2023 18:07:59: Thread 0: Calculating SETD1B (1) ...  
INFO  @ Thu, 09 Mar 2023 18:08:03: Thread 0: Calculating PLK4 (1001) ...  
INFO  @ Thu, 09 Mar 2023 18:08:07: Thread 0: Calculating KCNA1 (2001) ...  
INFO  @ Thu, 09 Mar 2023 18:08:11: Thread 0: Calculating ZNF781 (3001) ...  
INFO  @ Thu, 09 Mar 2023 18:08:13: Thread 0 completed. 
INFO  @ Thu, 09 Mar 2023 18:08:13: All threads completed. 
INFO  @ Thu, 09 Mar 2023 18:08:14: Assigning p values... 
INFO  @ Thu, 09 Mar 2023 18:08:14: Permuting groups of gene with 22 sgRNAs per gene. Group progress: 22/41 
INFO  @ Thu, 09 Mar 2023 18:08:14: Start permuting 2 rounds ... 
INFO  @ Thu, 09 Mar 2023 18:08:14: Collecting 25893 sgRNAs from 3514 genes. 
INFO  @ Thu, 09 Mar 2023 18:08:14: Permuting round 0 ... 
INFO  @ Thu, 09 Mar 2023 18:08:14: Thread 0 started. 
INFO  @ Thu, 09 Mar 2023 18:08:14: Thread 0: total 3514 instances. 
INFO  @ Thu, 09 Mar 2023 18:08:14: Thread 0: Calculating SETD1B (1) ...  
INFO  @ Thu, 09 Mar 2023 18:08:18: Thread 0: Calculating PLK4 (1001) ...  
INFO  @ Thu, 09 Mar 2023 18:08:22: Thread 0: Calculating KCNA1 (2001) ...  
INFO  @ Thu, 09 Mar 2023 18:08:26: Thread 0: Calculating ZNF781 (3001) ...  
INFO  @ Thu, 09 Mar 2023 18:08:28: Thread 0 completed. 
INFO  @ Thu, 09 Mar 2023 18:08:28: All threads completed. 
INFO  @ Thu, 09 Mar 2023 18:08:29: Permuting round 1 ... 
INFO  @ Thu, 09 Mar 2023 18:08:29: Thread 0 started. 
INFO  @ Thu, 09 Mar 2023 18:08:29: Thread 0: total 3514 instances. 
INFO  @ Thu, 09 Mar 2023 18:08:29: Thread 0: Calculating SETD1B (1) ...  
INFO  @ Thu, 09 Mar 2023 18:08:33: Thread 0: Calculating PLK4 (1001) ...  
INFO  @ Thu, 09 Mar 2023 18:08:37: Thread 0: Calculating KCNA1 (2001) ...  
INFO  @ Thu, 09 Mar 2023 18:08:41: Thread 0: Calculating ZNF781 (3001) ...  
INFO  @ Thu, 09 Mar 2023 18:08:43: Thread 0 completed. 
INFO  @ Thu, 09 Mar 2023 18:08:43: All threads completed. 
INFO  @ Thu, 09 Mar 2023 18:08:44: Assigning p values... 
INFO  @ Thu, 09 Mar 2023 18:08:44: Permuting groups of gene with 23 sgRNAs per gene. Group progress: 23/41 
INFO  @ Thu, 09 Mar 2023 18:08:44: Start permuting 2 rounds ... 
INFO  @ Thu, 09 Mar 2023 18:08:44: Collecting 25893 sgRNAs from 3514 genes. 
INFO  @ Thu, 09 Mar 2023 18:08:45: Permuting round 0 ... 
INFO  @ Thu, 09 Mar 2023 18:08:45: Thread 0 started. 
INFO  @ Thu, 09 Mar 2023 18:08:45: Thread 0: total 3514 instances. 
INFO  @ Thu, 09 Mar 2023 18:08:45: Thread 0: Calculating SETD1B (1) ...  
INFO  @ Thu, 09 Mar 2023 18:08:49: Thread 0: Calculating PLK4 (1001) ...  
INFO  @ Thu, 09 Mar 2023 18:08:53: Thread 0: Calculating KCNA1 (2001) ...  
INFO  @ Thu, 09 Mar 2023 18:08:57: Thread 0: Calculating ZNF781 (3001) ...  
INFO  @ Thu, 09 Mar 2023 18:08:59: Thread 0 completed. 
INFO  @ Thu, 09 Mar 2023 18:08:59: All threads completed. 
INFO  @ Thu, 09 Mar 2023 18:09:00: Permuting round 1 ... 
INFO  @ Thu, 09 Mar 2023 18:09:00: Thread 0 started. 
INFO  @ Thu, 09 Mar 2023 18:09:00: Thread 0: total 3514 instances. 
INFO  @ Thu, 09 Mar 2023 18:09:00: Thread 0: Calculating SETD1B (1) ...  
INFO  @ Thu, 09 Mar 2023 18:09:04: Thread 0: Calculating PLK4 (1001) ...  
INFO  @ Thu, 09 Mar 2023 18:09:08: Thread 0: Calculating KCNA1 (2001) ...  
INFO  @ Thu, 09 Mar 2023 18:09:12: Thread 0: Calculating ZNF781 (3001) ...  
INFO  @ Thu, 09 Mar 2023 18:09:14: Thread 0 completed. 
INFO  @ Thu, 09 Mar 2023 18:09:14: All threads completed. 
INFO  @ Thu, 09 Mar 2023 18:09:16: Assigning p values... 
INFO  @ Thu, 09 Mar 2023 18:09:16: Permuting groups of gene with 24 sgRNAs per gene. Group progress: 24/41 
INFO  @ Thu, 09 Mar 2023 18:09:16: Start permuting 2 rounds ... 
INFO  @ Thu, 09 Mar 2023 18:09:16: Collecting 25893 sgRNAs from 3514 genes. 
INFO  @ Thu, 09 Mar 2023 18:09:16: Permuting round 0 ... 
INFO  @ Thu, 09 Mar 2023 18:09:16: Thread 0 started. 
INFO  @ Thu, 09 Mar 2023 18:09:16: Thread 0: total 3514 instances. 
INFO  @ Thu, 09 Mar 2023 18:09:16: Thread 0: Calculating SETD1B (1) ...  
INFO  @ Thu, 09 Mar 2023 18:09:20: Thread 0: Calculating PLK4 (1001) ...  
INFO  @ Thu, 09 Mar 2023 18:09:24: Thread 0: Calculating KCNA1 (2001) ...  
INFO  @ Thu, 09 Mar 2023 18:09:28: Thread 0: Calculating ZNF781 (3001) ...  
INFO  @ Thu, 09 Mar 2023 18:09:30: Thread 0 completed. 
INFO  @ Thu, 09 Mar 2023 18:09:30: All threads completed. 
INFO  @ Thu, 09 Mar 2023 18:09:32: Permuting round 1 ... 
INFO  @ Thu, 09 Mar 2023 18:09:32: Thread 0 started. 
INFO  @ Thu, 09 Mar 2023 18:09:32: Thread 0: total 3514 instances. 
INFO  @ Thu, 09 Mar 2023 18:09:32: Thread 0: Calculating SETD1B (1) ...  
INFO  @ Thu, 09 Mar 2023 18:09:36: Thread 0: Calculating PLK4 (1001) ...  
INFO  @ Thu, 09 Mar 2023 18:09:40: Thread 0: Calculating KCNA1 (2001) ...  
INFO  @ Thu, 09 Mar 2023 18:09:44: Thread 0: Calculating ZNF781 (3001) ...  
INFO  @ Thu, 09 Mar 2023 18:09:46: Thread 0 completed. 
INFO  @ Thu, 09 Mar 2023 18:09:46: All threads completed. 
INFO  @ Thu, 09 Mar 2023 18:09:48: Assigning p values... 
INFO  @ Thu, 09 Mar 2023 18:09:48: Permuting groups of gene with 25 sgRNAs per gene. Group progress: 25/41 
INFO  @ Thu, 09 Mar 2023 18:09:48: Start permuting 2 rounds ... 
INFO  @ Thu, 09 Mar 2023 18:09:48: Collecting 25893 sgRNAs from 3514 genes. 
INFO  @ Thu, 09 Mar 2023 18:09:48: Permuting round 0 ... 
INFO  @ Thu, 09 Mar 2023 18:09:48: Thread 0 started. 
INFO  @ Thu, 09 Mar 2023 18:09:48: Thread 0: total 3514 instances. 
INFO  @ Thu, 09 Mar 2023 18:09:48: Thread 0: Calculating SETD1B (1) ...  
INFO  @ Thu, 09 Mar 2023 18:09:52: Thread 0: Calculating PLK4 (1001) ...  
INFO  @ Thu, 09 Mar 2023 18:09:56: Thread 0: Calculating KCNA1 (2001) ...  
INFO  @ Thu, 09 Mar 2023 18:10:01: Thread 0: Calculating ZNF781 (3001) ...  
INFO  @ Thu, 09 Mar 2023 18:10:03: Thread 0 completed. 
INFO  @ Thu, 09 Mar 2023 18:10:03: All threads completed. 
INFO  @ Thu, 09 Mar 2023 18:10:04: Permuting round 1 ... 
INFO  @ Thu, 09 Mar 2023 18:10:04: Thread 0 started. 
INFO  @ Thu, 09 Mar 2023 18:10:04: Thread 0: total 3514 instances. 
INFO  @ Thu, 09 Mar 2023 18:10:04: Thread 0: Calculating SETD1B (1) ...  
INFO  @ Thu, 09 Mar 2023 18:10:08: Thread 0: Calculating PLK4 (1001) ...  
INFO  @ Thu, 09 Mar 2023 18:10:13: Thread 0: Calculating KCNA1 (2001) ...  
INFO  @ Thu, 09 Mar 2023 18:10:17: Thread 0: Calculating ZNF781 (3001) ...  
INFO  @ Thu, 09 Mar 2023 18:10:19: Thread 0 completed. 
INFO  @ Thu, 09 Mar 2023 18:10:19: All threads completed. 
INFO  @ Thu, 09 Mar 2023 18:10:20: Assigning p values... 
INFO  @ Thu, 09 Mar 2023 18:10:20: Permuting groups of gene with 27 sgRNAs per gene. Group progress: 26/41 
INFO  @ Thu, 09 Mar 2023 18:10:20: Start permuting 2 rounds ... 
INFO  @ Thu, 09 Mar 2023 18:10:20: Collecting 25893 sgRNAs from 3514 genes. 
INFO  @ Thu, 09 Mar 2023 18:10:21: Permuting round 0 ... 
INFO  @ Thu, 09 Mar 2023 18:10:21: Thread 0 started. 
INFO  @ Thu, 09 Mar 2023 18:10:21: Thread 0: total 3514 instances. 
INFO  @ Thu, 09 Mar 2023 18:10:21: Thread 0: Calculating SETD1B (1) ...  
INFO  @ Thu, 09 Mar 2023 18:10:25: Thread 0: Calculating PLK4 (1001) ...  
INFO  @ Thu, 09 Mar 2023 18:10:29: Thread 0: Calculating KCNA1 (2001) ...  
INFO  @ Thu, 09 Mar 2023 18:10:34: Thread 0: Calculating ZNF781 (3001) ...  
INFO  @ Thu, 09 Mar 2023 18:10:36: Thread 0 completed. 
INFO  @ Thu, 09 Mar 2023 18:10:36: All threads completed. 
INFO  @ Thu, 09 Mar 2023 18:10:37: Permuting round 1 ... 
INFO  @ Thu, 09 Mar 2023 18:10:37: Thread 0 started. 
INFO  @ Thu, 09 Mar 2023 18:10:37: Thread 0: total 3514 instances. 
INFO  @ Thu, 09 Mar 2023 18:10:37: Thread 0: Calculating SETD1B (1) ...  
INFO  @ Thu, 09 Mar 2023 18:10:42: Thread 0: Calculating PLK4 (1001) ...  
INFO  @ Thu, 09 Mar 2023 18:10:46: Thread 0: Calculating KCNA1 (2001) ...  
INFO  @ Thu, 09 Mar 2023 18:10:50: Thread 0: Calculating ZNF781 (3001) ...  
INFO  @ Thu, 09 Mar 2023 18:10:53: Thread 0 completed. 
INFO  @ Thu, 09 Mar 2023 18:10:53: All threads completed. 
INFO  @ Thu, 09 Mar 2023 18:10:54: Assigning p values... 
INFO  @ Thu, 09 Mar 2023 18:10:54: Permuting groups of gene with 28 sgRNAs per gene. Group progress: 27/41 
INFO  @ Thu, 09 Mar 2023 18:10:54: Start permuting 2 rounds ... 
INFO  @ Thu, 09 Mar 2023 18:10:54: Collecting 25893 sgRNAs from 3514 genes. 
INFO  @ Thu, 09 Mar 2023 18:10:54: Permuting round 0 ... 
INFO  @ Thu, 09 Mar 2023 18:10:54: Thread 0 started. 
INFO  @ Thu, 09 Mar 2023 18:10:54: Thread 0: total 3514 instances. 
INFO  @ Thu, 09 Mar 2023 18:10:54: Thread 0: Calculating SETD1B (1) ...  
INFO  @ Thu, 09 Mar 2023 18:10:59: Thread 0: Calculating PLK4 (1001) ...  
INFO  @ Thu, 09 Mar 2023 18:11:03: Thread 0: Calculating KCNA1 (2001) ...  
INFO  @ Thu, 09 Mar 2023 18:11:08: Thread 0: Calculating ZNF781 (3001) ...  
INFO  @ Thu, 09 Mar 2023 18:11:11: Thread 0 completed. 
INFO  @ Thu, 09 Mar 2023 18:11:11: All threads completed. 
INFO  @ Thu, 09 Mar 2023 18:11:12: Permuting round 1 ... 
INFO  @ Thu, 09 Mar 2023 18:11:13: Thread 0 started. 
INFO  @ Thu, 09 Mar 2023 18:11:13: Thread 0: total 3514 instances. 
INFO  @ Thu, 09 Mar 2023 18:11:13: Thread 0: Calculating SETD1B (1) ...  
INFO  @ Thu, 09 Mar 2023 18:11:21: Thread 0: Calculating PLK4 (1001) ...  
INFO  @ Thu, 09 Mar 2023 18:11:28: Thread 0: Calculating KCNA1 (2001) ...  
INFO  @ Thu, 09 Mar 2023 18:11:36: Thread 0: Calculating ZNF781 (3001) ...  
INFO  @ Thu, 09 Mar 2023 18:11:39: Thread 0 completed. 
INFO  @ Thu, 09 Mar 2023 18:11:39: All threads completed. 
INFO  @ Thu, 09 Mar 2023 18:11:40: Assigning p values... 
INFO  @ Thu, 09 Mar 2023 18:11:40: Permuting groups of gene with 30 sgRNAs per gene. Group progress: 28/41 
INFO  @ Thu, 09 Mar 2023 18:11:40: Start permuting 2 rounds ... 
INFO  @ Thu, 09 Mar 2023 18:11:40: Collecting 25893 sgRNAs from 3514 genes. 
INFO  @ Thu, 09 Mar 2023 18:11:41: Permuting round 0 ... 
INFO  @ Thu, 09 Mar 2023 18:11:41: Thread 0 started. 
INFO  @ Thu, 09 Mar 2023 18:11:41: Thread 0: total 3514 instances. 
INFO  @ Thu, 09 Mar 2023 18:11:41: Thread 0: Calculating SETD1B (1) ...  
INFO  @ Thu, 09 Mar 2023 18:11:48: Thread 0: Calculating PLK4 (1001) ...  
INFO  @ Thu, 09 Mar 2023 18:11:56: Thread 0: Calculating KCNA1 (2001) ...  
INFO  @ Thu, 09 Mar 2023 18:12:09: Thread 0: Calculating ZNF781 (3001) ...  
INFO  @ Thu, 09 Mar 2023 18:12:15: Thread 0 completed. 
INFO  @ Thu, 09 Mar 2023 18:12:15: All threads completed. 
INFO  @ Thu, 09 Mar 2023 18:12:17: Permuting round 1 ... 
INFO  @ Thu, 09 Mar 2023 18:12:17: Thread 0 started. 
INFO  @ Thu, 09 Mar 2023 18:12:17: Thread 0: total 3514 instances. 
INFO  @ Thu, 09 Mar 2023 18:12:18: Thread 0: Calculating SETD1B (1) ...  
INFO  @ Thu, 09 Mar 2023 18:12:32: Thread 0: Calculating PLK4 (1001) ...  
INFO  @ Thu, 09 Mar 2023 18:12:44: Thread 0: Calculating KCNA1 (2001) ...  
INFO  @ Thu, 09 Mar 2023 18:12:57: Thread 0: Calculating ZNF781 (3001) ...  
INFO  @ Thu, 09 Mar 2023 18:13:08: Thread 0 completed. 
INFO  @ Thu, 09 Mar 2023 18:13:08: All threads completed. 
INFO  @ Thu, 09 Mar 2023 18:13:11: Assigning p values... 
INFO  @ Thu, 09 Mar 2023 18:13:11: Permuting groups of gene with 31 sgRNAs per gene. Group progress: 29/41 
INFO  @ Thu, 09 Mar 2023 18:13:11: Start permuting 2 rounds ... 
INFO  @ Thu, 09 Mar 2023 18:13:12: Collecting 25893 sgRNAs from 3514 genes. 
INFO  @ Thu, 09 Mar 2023 18:13:13: Permuting round 0 ... 
INFO  @ Thu, 09 Mar 2023 18:13:14: Thread 0 started. 
INFO  @ Thu, 09 Mar 2023 18:13:14: Thread 0: total 3514 instances. 
INFO  @ Thu, 09 Mar 2023 18:13:14: Thread 0: Calculating SETD1B (1) ...  
INFO  @ Thu, 09 Mar 2023 18:13:47: Thread 0: Calculating PLK4 (1001) ...  
INFO  @ Thu, 09 Mar 2023 18:14:19: Thread 0: Calculating KCNA1 (2001) ...  
INFO  @ Thu, 09 Mar 2023 18:14:49: Thread 0: Calculating ZNF781 (3001) ...  
INFO  @ Thu, 09 Mar 2023 18:15:05: Thread 0 completed. 
INFO  @ Thu, 09 Mar 2023 18:15:05: All threads completed. 
INFO  @ Thu, 09 Mar 2023 18:15:09: Permuting round 1 ... 
INFO  @ Thu, 09 Mar 2023 18:15:10: Thread 0 started. 
INFO  @ Thu, 09 Mar 2023 18:15:10: Thread 0: total 3514 instances. 
INFO  @ Thu, 09 Mar 2023 18:15:10: Thread 0: Calculating SETD1B (1) ...  
INFO  @ Thu, 09 Mar 2023 18:15:43: Thread 0: Calculating PLK4 (1001) ...  
INFO  @ Thu, 09 Mar 2023 18:16:14: Thread 0: Calculating KCNA1 (2001) ...  
INFO  @ Thu, 09 Mar 2023 18:16:45: Thread 0: Calculating ZNF781 (3001) ...  
INFO  @ Thu, 09 Mar 2023 18:17:02: Thread 0 completed. 
INFO  @ Thu, 09 Mar 2023 18:17:02: All threads completed. 
INFO  @ Thu, 09 Mar 2023 18:17:06: Assigning p values... 
INFO  @ Thu, 09 Mar 2023 18:17:06: Permuting groups of gene with 32 sgRNAs per gene. Group progress: 30/41 
INFO  @ Thu, 09 Mar 2023 18:17:06: Start permuting 2 rounds ... 
INFO  @ Thu, 09 Mar 2023 18:17:06: Collecting 25893 sgRNAs from 3514 genes. 
INFO  @ Thu, 09 Mar 2023 18:17:07: Permuting round 0 ... 
INFO  @ Thu, 09 Mar 2023 18:17:09: Thread 0 started. 
INFO  @ Thu, 09 Mar 2023 18:17:09: Thread 0: total 3514 instances. 
INFO  @ Thu, 09 Mar 2023 18:17:09: Thread 0: Calculating SETD1B (1) ...  
INFO  @ Thu, 09 Mar 2023 18:17:42: Thread 0: Calculating PLK4 (1001) ...  
INFO  @ Thu, 09 Mar 2023 18:18:14: Thread 0: Calculating KCNA1 (2001) ...  
INFO  @ Thu, 09 Mar 2023 18:18:44: Thread 0: Calculating ZNF781 (3001) ...  
INFO  @ Thu, 09 Mar 2023 18:19:01: Thread 0 completed. 
INFO  @ Thu, 09 Mar 2023 18:19:01: All threads completed. 
INFO  @ Thu, 09 Mar 2023 18:19:04: Permuting round 1 ... 
INFO  @ Thu, 09 Mar 2023 18:19:05: Thread 0 started. 
INFO  @ Thu, 09 Mar 2023 18:19:05: Thread 0: total 3514 instances. 
INFO  @ Thu, 09 Mar 2023 18:19:06: Thread 0: Calculating SETD1B (1) ...  
INFO  @ Thu, 09 Mar 2023 18:19:41: Thread 0: Calculating PLK4 (1001) ...  
INFO  @ Thu, 09 Mar 2023 18:20:13: Thread 0: Calculating KCNA1 (2001) ...  
INFO  @ Thu, 09 Mar 2023 18:20:44: Thread 0: Calculating ZNF781 (3001) ...  
INFO  @ Thu, 09 Mar 2023 18:21:01: Thread 0 completed. 
INFO  @ Thu, 09 Mar 2023 18:21:01: All threads completed. 
INFO  @ Thu, 09 Mar 2023 18:21:04: Assigning p values... 
INFO  @ Thu, 09 Mar 2023 18:21:04: Permuting groups of gene with 33 sgRNAs per gene. Group progress: 31/41 
INFO  @ Thu, 09 Mar 2023 18:21:04: Start permuting 2 rounds ... 
INFO  @ Thu, 09 Mar 2023 18:21:05: Collecting 25893 sgRNAs from 3514 genes. 
INFO  @ Thu, 09 Mar 2023 18:21:06: Permuting round 0 ... 
INFO  @ Thu, 09 Mar 2023 18:21:07: Thread 0 started. 
INFO  @ Thu, 09 Mar 2023 18:21:07: Thread 0: total 3514 instances. 
INFO  @ Thu, 09 Mar 2023 18:21:07: Thread 0: Calculating SETD1B (1) ...  
INFO  @ Thu, 09 Mar 2023 18:21:41: Thread 0: Calculating PLK4 (1001) ...  
INFO  @ Thu, 09 Mar 2023 18:22:15: Thread 0: Calculating KCNA1 (2001) ...  
INFO  @ Thu, 09 Mar 2023 18:22:48: Thread 0: Calculating ZNF781 (3001) ...  
INFO  @ Thu, 09 Mar 2023 18:23:05: Thread 0 completed. 
INFO  @ Thu, 09 Mar 2023 18:23:05: All threads completed. 
INFO  @ Thu, 09 Mar 2023 18:23:09: Permuting round 1 ... 
INFO  @ Thu, 09 Mar 2023 18:23:10: Thread 0 started. 
INFO  @ Thu, 09 Mar 2023 18:23:10: Thread 0: total 3514 instances. 
INFO  @ Thu, 09 Mar 2023 18:23:10: Thread 0: Calculating SETD1B (1) ...  
INFO  @ Thu, 09 Mar 2023 18:23:44: Thread 0: Calculating PLK4 (1001) ...  
INFO  @ Thu, 09 Mar 2023 18:24:19: Thread 0: Calculating KCNA1 (2001) ...  
INFO  @ Thu, 09 Mar 2023 18:24:51: Thread 0: Calculating ZNF781 (3001) ...  
INFO  @ Thu, 09 Mar 2023 18:25:08: Thread 0 completed. 
INFO  @ Thu, 09 Mar 2023 18:25:08: All threads completed. 
INFO  @ Thu, 09 Mar 2023 18:25:11: Assigning p values... 
INFO  @ Thu, 09 Mar 2023 18:25:11: Permuting groups of gene with 34 sgRNAs per gene. Group progress: 32/41 
INFO  @ Thu, 09 Mar 2023 18:25:11: Start permuting 2 rounds ... 
INFO  @ Thu, 09 Mar 2023 18:25:12: Collecting 25893 sgRNAs from 3514 genes. 
INFO  @ Thu, 09 Mar 2023 18:25:13: Permuting round 0 ... 
INFO  @ Thu, 09 Mar 2023 18:25:14: Thread 0 started. 
INFO  @ Thu, 09 Mar 2023 18:25:14: Thread 0: total 3514 instances. 
INFO  @ Thu, 09 Mar 2023 18:25:14: Thread 0: Calculating SETD1B (1) ...  
INFO  @ Thu, 09 Mar 2023 18:25:50: Thread 0: Calculating PLK4 (1001) ...  
INFO  @ Thu, 09 Mar 2023 18:26:25: Thread 0: Calculating KCNA1 (2001) ...  
INFO  @ Thu, 09 Mar 2023 18:26:58: Thread 0: Calculating ZNF781 (3001) ...  
INFO  @ Thu, 09 Mar 2023 18:27:16: Thread 0 completed. 
INFO  @ Thu, 09 Mar 2023 18:27:16: All threads completed. 
INFO  @ Thu, 09 Mar 2023 18:27:19: Permuting round 1 ... 
INFO  @ Thu, 09 Mar 2023 18:27:21: Thread 0 started. 
INFO  @ Thu, 09 Mar 2023 18:27:21: Thread 0: total 3514 instances. 
INFO  @ Thu, 09 Mar 2023 18:27:21: Thread 0: Calculating SETD1B (1) ...  
INFO  @ Thu, 09 Mar 2023 18:28:11: Thread 0: Calculating PLK4 (1001) ...  
INFO  @ Thu, 09 Mar 2023 18:28:41: Thread 0: Calculating KCNA1 (2001) ...  
INFO  @ Thu, 09 Mar 2023 18:29:05: Thread 0: Calculating ZNF781 (3001) ...  
INFO  @ Thu, 09 Mar 2023 18:29:20: Thread 0 completed. 
INFO  @ Thu, 09 Mar 2023 18:29:20: All threads completed. 
INFO  @ Thu, 09 Mar 2023 18:29:22: Assigning p values... 
INFO  @ Thu, 09 Mar 2023 18:29:22: Permuting groups of gene with 37 sgRNAs per gene. Group progress: 33/41 
INFO  @ Thu, 09 Mar 2023 18:29:22: Start permuting 2 rounds ... 
INFO  @ Thu, 09 Mar 2023 18:29:23: Collecting 25893 sgRNAs from 3514 genes. 
INFO  @ Thu, 09 Mar 2023 18:29:24: Permuting round 0 ... 
INFO  @ Thu, 09 Mar 2023 18:29:25: Thread 0 started. 
INFO  @ Thu, 09 Mar 2023 18:29:25: Thread 0: total 3514 instances. 
INFO  @ Thu, 09 Mar 2023 18:29:25: Thread 0: Calculating SETD1B (1) ...  
INFO  @ Thu, 09 Mar 2023 18:29:54: Thread 0: Calculating PLK4 (1001) ...  
INFO  @ Thu, 09 Mar 2023 18:30:25: Thread 0: Calculating KCNA1 (2001) ...  
INFO  @ Thu, 09 Mar 2023 18:30:47: Thread 0: Calculating ZNF781 (3001) ...  
INFO  @ Thu, 09 Mar 2023 18:30:57: Thread 0 completed. 
INFO  @ Thu, 09 Mar 2023 18:30:57: All threads completed. 
INFO  @ Thu, 09 Mar 2023 18:30:59: Permuting round 1 ... 
INFO  @ Thu, 09 Mar 2023 18:30:59: Thread 0 started. 
INFO  @ Thu, 09 Mar 2023 18:31:00: Thread 0: total 3514 instances. 
INFO  @ Thu, 09 Mar 2023 18:31:00: Thread 0: Calculating SETD1B (1) ...  
INFO  @ Thu, 09 Mar 2023 18:31:22: Thread 0: Calculating PLK4 (1001) ...  
INFO  @ Thu, 09 Mar 2023 18:31:43: Thread 0: Calculating KCNA1 (2001) ...  
INFO  @ Thu, 09 Mar 2023 18:32:01: Thread 0: Calculating ZNF781 (3001) ...  
INFO  @ Thu, 09 Mar 2023 18:32:04: Thread 0 completed. 
INFO  @ Thu, 09 Mar 2023 18:32:04: All threads completed. 
INFO  @ Thu, 09 Mar 2023 18:32:05: Assigning p values... 
INFO  @ Thu, 09 Mar 2023 18:32:05: Groups of gene with 41 sgRNAs per gene: assigning p values based on previous group results. Group progress: 34/41 
INFO  @ Thu, 09 Mar 2023 18:32:05: Groups of gene with 42 sgRNAs per gene: assigning p values based on previous group results. Group progress: 35/41 
INFO  @ Thu, 09 Mar 2023 18:32:05: Groups of gene with 45 sgRNAs per gene: assigning p values based on previous group results. Group progress: 36/41 
INFO  @ Thu, 09 Mar 2023 18:32:05: Groups of gene with 47 sgRNAs per gene: assigning p values based on previous group results. Group progress: 37/41 
INFO  @ Thu, 09 Mar 2023 18:32:05: Groups of gene with 48 sgRNAs per gene: assigning p values based on previous group results. Group progress: 38/41 
INFO  @ Thu, 09 Mar 2023 18:32:05: Groups of gene with 49 sgRNAs per gene: assigning p values based on previous group results. Group progress: 39/41 
INFO  @ Thu, 09 Mar 2023 18:32:05: Groups of gene with 56 sgRNAs per gene: assigning p values based on previous group results. Group progress: 40/41 
INFO  @ Thu, 09 Mar 2023 18:32:05: Groups of gene with 67 sgRNAs per gene: assigning p values based on previous group results. Group progress: 41/41 
INFO  @ Thu, 09 Mar 2023 18:32:05: Writing gene results to mle_DLD1-Ts4.gene_summary.txt 
INFO  @ Thu, 09 Mar 2023 18:32:05: Writing sgRNA results to mle_DLD1-Ts4.sgrna_summary.txt 
