INFO  @ Wed, 16 Nov 2022 13:14:50: Parameters: /home/ryan/miniconda3/envs/mageck/bin/mageck mle -k count-HCT116-Ts8-i.f.csv -d matrixHCT116-Ts8.txt -n mle_HCT116-Ts8 
INFO  @ Wed, 16 Nov 2022 13:14:53: Cannot parse design matrix as a string; try to parse it as a file name ... 
INFO  @ Wed, 16 Nov 2022 13:14:53: Design matrix: 
INFO  @ Wed, 16 Nov 2022 13:14:53: [[1. 0.] 
INFO  @ Wed, 16 Nov 2022 13:14:53:  [1. 1.]] 
INFO  @ Wed, 16 Nov 2022 13:14:53: Beta labels:baseline,Ts8 
INFO  @ Wed, 16 Nov 2022 13:14:53: Included samples:HCT116-Ts8.initial,HCT116-Ts8.final 
INFO  @ Wed, 16 Nov 2022 13:14:53: Treating count-HCT116-Ts8-i.f.csv as csv file ... 
INFO  @ Wed, 16 Nov 2022 13:14:53: Loaded samples:HCT116-Ts8.initial;HCT116-Ts8.final 
INFO  @ Wed, 16 Nov 2022 13:14:53: Sample index: 0;1 
INFO  @ Wed, 16 Nov 2022 13:14:53: Loaded 3506 genes. 
DEBUG @ Wed, 16 Nov 2022 13:14:56: Initial (total) size factor: 2.021408675478204 0.664321397681935 
DEBUG @ Wed, 16 Nov 2022 13:14:56: Median factor: 1.7362586959306265 0.578415551944128 
INFO  @ Wed, 16 Nov 2022 13:14:56: Final size factor: 1.7362586959306265 0.578415551944128 
INFO  @ Wed, 16 Nov 2022 13:14:56: size factor: 0.5759510390610338,1.7288608451810696 
INFO  @ Wed, 16 Nov 2022 13:14:56: Thread 0 started. 
INFO  @ Wed, 16 Nov 2022 13:14:56: Thread 0: total 1 instances. 
INFO  @ Wed, 16 Nov 2022 13:14:56: Thread 0 completed. 
INFO  @ Wed, 16 Nov 2022 13:14:56: All threads completed. 
INFO  @ Wed, 16 Nov 2022 13:14:57: Modeling the mean and variance ... 
INFO  @ Wed, 16 Nov 2022 13:14:57: Run the algorithm for the second time ... 
INFO  @ Wed, 16 Nov 2022 13:14:57: Skipping gene PBRM1 from MLE calculation since there are too many sgRNAs. To change, revise the --max-sgrnapergene-permutation option. 
INFO  @ Wed, 16 Nov 2022 13:14:57: Skipping gene NKX2 from MLE calculation since there are too many sgRNAs. To change, revise the --max-sgrnapergene-permutation option. 
INFO  @ Wed, 16 Nov 2022 13:14:57: Skipping gene TDRD6 from MLE calculation since there are too many sgRNAs. To change, revise the --max-sgrnapergene-permutation option. 
INFO  @ Wed, 16 Nov 2022 13:14:57: Skipping gene RNF17 from MLE calculation since there are too many sgRNAs. To change, revise the --max-sgrnapergene-permutation option. 
INFO  @ Wed, 16 Nov 2022 13:14:57: Skipping gene KMT2B from MLE calculation since there are too many sgRNAs. To change, revise the --max-sgrnapergene-permutation option. 
INFO  @ Wed, 16 Nov 2022 13:14:57: Skipping gene KMT2C from MLE calculation since there are too many sgRNAs. To change, revise the --max-sgrnapergene-permutation option. 
INFO  @ Wed, 16 Nov 2022 13:14:57: Skipping gene NSD1 from MLE calculation since there are too many sgRNAs. To change, revise the --max-sgrnapergene-permutation option. 
INFO  @ Wed, 16 Nov 2022 13:14:57: Thread 0: total 3499 instances. 
INFO  @ Wed, 16 Nov 2022 13:14:57: Thread 0 started. 
INFO  @ Wed, 16 Nov 2022 13:14:58: Thread 0: Calculating ZNF212 (1) ...  
INFO  @ Wed, 16 Nov 2022 13:15:12: Thread 0: Calculating PIAS3 (1001) ...  
INFO  @ Wed, 16 Nov 2022 13:15:16: Thread 0: Calculating SMARCA1 (2001) ...  
INFO  @ Wed, 16 Nov 2022 13:15:19: Thread 0: Calculating WWP1 (3001) ...  
INFO  @ Wed, 16 Nov 2022 13:15:21: Thread 0 completed. 
INFO  @ Wed, 16 Nov 2022 13:15:21: All threads completed. 
INFO  @ Wed, 16 Nov 2022 13:15:22: Permuting groups of gene with 1 sgRNAs per gene. Group progress: 1/41 
INFO  @ Wed, 16 Nov 2022 13:15:22: Start permuting 2 rounds ... 
INFO  @ Wed, 16 Nov 2022 13:15:22: Collecting 25263 sgRNAs from 3506 genes. 
INFO  @ Wed, 16 Nov 2022 13:15:22: Permuting round 0 ... 
INFO  @ Wed, 16 Nov 2022 13:15:45: Thread 0 started. 
INFO  @ Wed, 16 Nov 2022 13:15:45: Thread 0: total 3506 instances. 
INFO  @ Wed, 16 Nov 2022 13:16:43: Thread 0: Calculating ZNF212 (1) ...  
INFO  @ Wed, 16 Nov 2022 13:16:48: Thread 0: Calculating ATG4A (1001) ...  
INFO  @ Wed, 16 Nov 2022 13:17:16: Thread 0: Calculating PYGO1 (2001) ...  
INFO  @ Wed, 16 Nov 2022 13:17:42: Thread 0: Calculating SHOX2 (3001) ...  
INFO  @ Wed, 16 Nov 2022 13:17:47: Thread 0 completed. 
INFO  @ Wed, 16 Nov 2022 13:17:47: All threads completed. 
INFO  @ Wed, 16 Nov 2022 13:17:50: Permuting round 1 ... 
INFO  @ Wed, 16 Nov 2022 13:17:50: Thread 0 started. 
INFO  @ Wed, 16 Nov 2022 13:17:50: Thread 0: total 3506 instances. 
INFO  @ Wed, 16 Nov 2022 13:17:50: Thread 0: Calculating ZNF212 (1) ...  
INFO  @ Wed, 16 Nov 2022 13:18:01: Thread 0: Calculating ATG4A (1001) ...  
INFO  @ Wed, 16 Nov 2022 13:18:11: Thread 0: Calculating PYGO1 (2001) ...  
INFO  @ Wed, 16 Nov 2022 13:18:19: Thread 0: Calculating SHOX2 (3001) ...  
INFO  @ Wed, 16 Nov 2022 13:18:22: Thread 0 completed. 
INFO  @ Wed, 16 Nov 2022 13:18:22: All threads completed. 
INFO  @ Wed, 16 Nov 2022 13:18:23: Assigning p values... 
INFO  @ Wed, 16 Nov 2022 13:18:23: Permuting groups of gene with 2 sgRNAs per gene. Group progress: 2/41 
INFO  @ Wed, 16 Nov 2022 13:18:23: Start permuting 2 rounds ... 
INFO  @ Wed, 16 Nov 2022 13:18:23: Collecting 25263 sgRNAs from 3506 genes. 
INFO  @ Wed, 16 Nov 2022 13:18:23: Permuting round 0 ... 
INFO  @ Wed, 16 Nov 2022 13:18:24: Thread 0 started. 
INFO  @ Wed, 16 Nov 2022 13:18:24: Thread 0: total 3506 instances. 
INFO  @ Wed, 16 Nov 2022 13:18:24: Thread 0: Calculating ZNF212 (1) ...  
INFO  @ Wed, 16 Nov 2022 13:18:28: Thread 0: Calculating ATG4A (1001) ...  
INFO  @ Wed, 16 Nov 2022 13:18:33: Thread 0: Calculating PYGO1 (2001) ...  
INFO  @ Wed, 16 Nov 2022 13:18:38: Thread 0: Calculating SHOX2 (3001) ...  
INFO  @ Wed, 16 Nov 2022 13:18:41: Thread 0 completed. 
INFO  @ Wed, 16 Nov 2022 13:18:41: All threads completed. 
INFO  @ Wed, 16 Nov 2022 13:18:43: Permuting round 1 ... 
INFO  @ Wed, 16 Nov 2022 13:18:43: Thread 0 started. 
INFO  @ Wed, 16 Nov 2022 13:18:43: Thread 0: total 3506 instances. 
INFO  @ Wed, 16 Nov 2022 13:18:44: Thread 0: Calculating ZNF212 (1) ...  
INFO  @ Wed, 16 Nov 2022 13:18:49: Thread 0: Calculating ATG4A (1001) ...  
INFO  @ Wed, 16 Nov 2022 13:18:53: Thread 0: Calculating PYGO1 (2001) ...  
INFO  @ Wed, 16 Nov 2022 13:18:58: Thread 0: Calculating SHOX2 (3001) ...  
INFO  @ Wed, 16 Nov 2022 13:19:00: Thread 0 completed. 
INFO  @ Wed, 16 Nov 2022 13:19:00: All threads completed. 
INFO  @ Wed, 16 Nov 2022 13:19:01: Assigning p values... 
INFO  @ Wed, 16 Nov 2022 13:19:01: Permuting groups of gene with 3 sgRNAs per gene. Group progress: 3/41 
INFO  @ Wed, 16 Nov 2022 13:19:01: Start permuting 2 rounds ... 
INFO  @ Wed, 16 Nov 2022 13:19:01: Collecting 25263 sgRNAs from 3506 genes. 
INFO  @ Wed, 16 Nov 2022 13:19:01: Permuting round 0 ... 
INFO  @ Wed, 16 Nov 2022 13:19:02: Thread 0 started. 
INFO  @ Wed, 16 Nov 2022 13:19:02: Thread 0: total 3506 instances. 
INFO  @ Wed, 16 Nov 2022 13:19:04: Thread 0: Calculating ZNF212 (1) ...  
INFO  @ Wed, 16 Nov 2022 13:19:09: Thread 0: Calculating ATG4A (1001) ...  
INFO  @ Wed, 16 Nov 2022 13:19:15: Thread 0: Calculating PYGO1 (2001) ...  
INFO  @ Wed, 16 Nov 2022 13:19:21: Thread 0: Calculating SHOX2 (3001) ...  
INFO  @ Wed, 16 Nov 2022 13:19:24: Thread 0 completed. 
INFO  @ Wed, 16 Nov 2022 13:19:24: All threads completed. 
INFO  @ Wed, 16 Nov 2022 13:19:25: Permuting round 1 ... 
INFO  @ Wed, 16 Nov 2022 13:19:25: Thread 0 started. 
INFO  @ Wed, 16 Nov 2022 13:19:25: Thread 0: total 3506 instances. 
INFO  @ Wed, 16 Nov 2022 13:19:25: Thread 0: Calculating ZNF212 (1) ...  
INFO  @ Wed, 16 Nov 2022 13:19:30: Thread 0: Calculating ATG4A (1001) ...  
INFO  @ Wed, 16 Nov 2022 13:19:36: Thread 0: Calculating PYGO1 (2001) ...  
INFO  @ Wed, 16 Nov 2022 13:19:44: Thread 0: Calculating SHOX2 (3001) ...  
INFO  @ Wed, 16 Nov 2022 13:19:47: Thread 0 completed. 
INFO  @ Wed, 16 Nov 2022 13:19:47: All threads completed. 
INFO  @ Wed, 16 Nov 2022 13:19:48: Assigning p values... 
INFO  @ Wed, 16 Nov 2022 13:19:48: Permuting groups of gene with 4 sgRNAs per gene. Group progress: 4/41 
INFO  @ Wed, 16 Nov 2022 13:19:48: Start permuting 2 rounds ... 
INFO  @ Wed, 16 Nov 2022 13:19:48: Collecting 25263 sgRNAs from 3506 genes. 
INFO  @ Wed, 16 Nov 2022 13:19:48: Permuting round 0 ... 
INFO  @ Wed, 16 Nov 2022 13:19:49: Thread 0 started. 
INFO  @ Wed, 16 Nov 2022 13:19:49: Thread 0: total 3506 instances. 
INFO  @ Wed, 16 Nov 2022 13:19:49: Thread 0: Calculating ZNF212 (1) ...  
INFO  @ Wed, 16 Nov 2022 13:19:55: Thread 0: Calculating ATG4A (1001) ...  
INFO  @ Wed, 16 Nov 2022 13:20:01: Thread 0: Calculating PYGO1 (2001) ...  
INFO  @ Wed, 16 Nov 2022 13:20:07: Thread 0: Calculating SHOX2 (3001) ...  
INFO  @ Wed, 16 Nov 2022 13:20:10: Thread 0 completed. 
INFO  @ Wed, 16 Nov 2022 13:20:10: All threads completed. 
INFO  @ Wed, 16 Nov 2022 13:20:11: Permuting round 1 ... 
INFO  @ Wed, 16 Nov 2022 13:20:12: Thread 0 started. 
INFO  @ Wed, 16 Nov 2022 13:20:12: Thread 0: total 3506 instances. 
INFO  @ Wed, 16 Nov 2022 13:20:12: Thread 0: Calculating ZNF212 (1) ...  
INFO  @ Wed, 16 Nov 2022 13:20:17: Thread 0: Calculating ATG4A (1001) ...  
INFO  @ Wed, 16 Nov 2022 13:20:23: Thread 0: Calculating PYGO1 (2001) ...  
INFO  @ Wed, 16 Nov 2022 13:20:29: Thread 0: Calculating SHOX2 (3001) ...  
INFO  @ Wed, 16 Nov 2022 13:20:32: Thread 0 completed. 
INFO  @ Wed, 16 Nov 2022 13:20:32: All threads completed. 
INFO  @ Wed, 16 Nov 2022 13:20:33: Assigning p values... 
INFO  @ Wed, 16 Nov 2022 13:20:33: Permuting groups of gene with 5 sgRNAs per gene. Group progress: 5/41 
INFO  @ Wed, 16 Nov 2022 13:20:33: Start permuting 2 rounds ... 
INFO  @ Wed, 16 Nov 2022 13:20:34: Collecting 25263 sgRNAs from 3506 genes. 
INFO  @ Wed, 16 Nov 2022 13:20:34: Permuting round 0 ... 
INFO  @ Wed, 16 Nov 2022 13:20:34: Thread 0 started. 
INFO  @ Wed, 16 Nov 2022 13:20:34: Thread 0: total 3506 instances. 
INFO  @ Wed, 16 Nov 2022 13:20:34: Thread 0: Calculating ZNF212 (1) ...  
INFO  @ Wed, 16 Nov 2022 13:20:40: Thread 0: Calculating ATG4A (1001) ...  
INFO  @ Wed, 16 Nov 2022 13:20:46: Thread 0: Calculating PYGO1 (2001) ...  
INFO  @ Wed, 16 Nov 2022 13:20:52: Thread 0: Calculating SHOX2 (3001) ...  
INFO  @ Wed, 16 Nov 2022 13:20:55: Thread 0 completed. 
INFO  @ Wed, 16 Nov 2022 13:20:55: All threads completed. 
INFO  @ Wed, 16 Nov 2022 13:20:56: Permuting round 1 ... 
INFO  @ Wed, 16 Nov 2022 13:20:56: Thread 0 started. 
INFO  @ Wed, 16 Nov 2022 13:20:56: Thread 0: total 3506 instances. 
INFO  @ Wed, 16 Nov 2022 13:20:56: Thread 0: Calculating ZNF212 (1) ...  
INFO  @ Wed, 16 Nov 2022 13:21:04: Thread 0: Calculating ATG4A (1001) ...  
INFO  @ Wed, 16 Nov 2022 13:21:10: Thread 0: Calculating PYGO1 (2001) ...  
INFO  @ Wed, 16 Nov 2022 13:21:16: Thread 0: Calculating SHOX2 (3001) ...  
INFO  @ Wed, 16 Nov 2022 13:21:19: Thread 0 completed. 
INFO  @ Wed, 16 Nov 2022 13:21:19: All threads completed. 
INFO  @ Wed, 16 Nov 2022 13:21:20: Assigning p values... 
INFO  @ Wed, 16 Nov 2022 13:21:20: Permuting groups of gene with 6 sgRNAs per gene. Group progress: 6/41 
INFO  @ Wed, 16 Nov 2022 13:21:20: Start permuting 2 rounds ... 
INFO  @ Wed, 16 Nov 2022 13:21:20: Collecting 25263 sgRNAs from 3506 genes. 
INFO  @ Wed, 16 Nov 2022 13:21:20: Permuting round 0 ... 
INFO  @ Wed, 16 Nov 2022 13:21:21: Thread 0 started. 
INFO  @ Wed, 16 Nov 2022 13:21:21: Thread 0: total 3506 instances. 
INFO  @ Wed, 16 Nov 2022 13:21:21: Thread 0: Calculating ZNF212 (1) ...  
INFO  @ Wed, 16 Nov 2022 13:21:27: Thread 0: Calculating ATG4A (1001) ...  
INFO  @ Wed, 16 Nov 2022 13:21:33: Thread 0: Calculating PYGO1 (2001) ...  
INFO  @ Wed, 16 Nov 2022 13:21:39: Thread 0: Calculating SHOX2 (3001) ...  
INFO  @ Wed, 16 Nov 2022 13:21:42: Thread 0 completed. 
INFO  @ Wed, 16 Nov 2022 13:21:42: All threads completed. 
INFO  @ Wed, 16 Nov 2022 13:21:43: Permuting round 1 ... 
INFO  @ Wed, 16 Nov 2022 13:21:43: Thread 0 started. 
INFO  @ Wed, 16 Nov 2022 13:21:44: Thread 0: total 3506 instances. 
INFO  @ Wed, 16 Nov 2022 13:21:44: Thread 0: Calculating ZNF212 (1) ...  
INFO  @ Wed, 16 Nov 2022 13:21:50: Thread 0: Calculating ATG4A (1001) ...  
INFO  @ Wed, 16 Nov 2022 13:21:56: Thread 0: Calculating PYGO1 (2001) ...  
INFO  @ Wed, 16 Nov 2022 13:22:02: Thread 0: Calculating SHOX2 (3001) ...  
INFO  @ Wed, 16 Nov 2022 13:22:07: Thread 0 completed. 
INFO  @ Wed, 16 Nov 2022 13:22:07: All threads completed. 
INFO  @ Wed, 16 Nov 2022 13:22:08: Assigning p values... 
INFO  @ Wed, 16 Nov 2022 13:22:08: Permuting groups of gene with 7 sgRNAs per gene. Group progress: 7/41 
INFO  @ Wed, 16 Nov 2022 13:22:08: Start permuting 2 rounds ... 
INFO  @ Wed, 16 Nov 2022 13:22:08: Collecting 25263 sgRNAs from 3506 genes. 
INFO  @ Wed, 16 Nov 2022 13:22:08: Permuting round 0 ... 
INFO  @ Wed, 16 Nov 2022 13:22:09: Thread 0 started. 
INFO  @ Wed, 16 Nov 2022 13:22:09: Thread 0: total 3506 instances. 
INFO  @ Wed, 16 Nov 2022 13:22:09: Thread 0: Calculating ZNF212 (1) ...  
INFO  @ Wed, 16 Nov 2022 13:22:15: Thread 0: Calculating ATG4A (1001) ...  
INFO  @ Wed, 16 Nov 2022 13:22:22: Thread 0: Calculating PYGO1 (2001) ...  
INFO  @ Wed, 16 Nov 2022 13:22:28: Thread 0: Calculating SHOX2 (3001) ...  
INFO  @ Wed, 16 Nov 2022 13:22:32: Thread 0 completed. 
INFO  @ Wed, 16 Nov 2022 13:22:32: All threads completed. 
INFO  @ Wed, 16 Nov 2022 13:22:33: Permuting round 1 ... 
INFO  @ Wed, 16 Nov 2022 13:22:33: Thread 0 started. 
INFO  @ Wed, 16 Nov 2022 13:22:33: Thread 0: total 3506 instances. 
INFO  @ Wed, 16 Nov 2022 13:22:33: Thread 0: Calculating ZNF212 (1) ...  
INFO  @ Wed, 16 Nov 2022 13:22:40: Thread 0: Calculating ATG4A (1001) ...  
INFO  @ Wed, 16 Nov 2022 13:22:46: Thread 0: Calculating PYGO1 (2001) ...  
INFO  @ Wed, 16 Nov 2022 13:22:52: Thread 0: Calculating SHOX2 (3001) ...  
INFO  @ Wed, 16 Nov 2022 13:22:57: Thread 0 completed. 
INFO  @ Wed, 16 Nov 2022 13:22:57: All threads completed. 
INFO  @ Wed, 16 Nov 2022 13:22:59: Assigning p values... 
INFO  @ Wed, 16 Nov 2022 13:22:59: Permuting groups of gene with 8 sgRNAs per gene. Group progress: 8/41 
INFO  @ Wed, 16 Nov 2022 13:22:59: Start permuting 2 rounds ... 
INFO  @ Wed, 16 Nov 2022 13:22:59: Collecting 25263 sgRNAs from 3506 genes. 
INFO  @ Wed, 16 Nov 2022 13:22:59: Permuting round 0 ... 
INFO  @ Wed, 16 Nov 2022 13:23:00: Thread 0 started. 
INFO  @ Wed, 16 Nov 2022 13:23:00: Thread 0: total 3506 instances. 
INFO  @ Wed, 16 Nov 2022 13:23:00: Thread 0: Calculating ZNF212 (1) ...  
INFO  @ Wed, 16 Nov 2022 13:23:06: Thread 0: Calculating ATG4A (1001) ...  
INFO  @ Wed, 16 Nov 2022 13:23:12: Thread 0: Calculating PYGO1 (2001) ...  
INFO  @ Wed, 16 Nov 2022 13:23:20: Thread 0: Calculating SHOX2 (3001) ...  
INFO  @ Wed, 16 Nov 2022 13:23:23: Thread 0 completed. 
INFO  @ Wed, 16 Nov 2022 13:23:23: All threads completed. 
INFO  @ Wed, 16 Nov 2022 13:23:24: Permuting round 1 ... 
INFO  @ Wed, 16 Nov 2022 13:23:24: Thread 0 started. 
INFO  @ Wed, 16 Nov 2022 13:23:24: Thread 0: total 3506 instances. 
INFO  @ Wed, 16 Nov 2022 13:23:24: Thread 0: Calculating ZNF212 (1) ...  
INFO  @ Wed, 16 Nov 2022 13:23:31: Thread 0: Calculating ATG4A (1001) ...  
INFO  @ Wed, 16 Nov 2022 13:23:39: Thread 0: Calculating PYGO1 (2001) ...  
INFO  @ Wed, 16 Nov 2022 13:23:45: Thread 0: Calculating SHOX2 (3001) ...  
INFO  @ Wed, 16 Nov 2022 13:23:49: Thread 0 completed. 
INFO  @ Wed, 16 Nov 2022 13:23:49: All threads completed. 
INFO  @ Wed, 16 Nov 2022 13:23:50: Assigning p values... 
INFO  @ Wed, 16 Nov 2022 13:23:50: Permuting groups of gene with 9 sgRNAs per gene. Group progress: 9/41 
INFO  @ Wed, 16 Nov 2022 13:23:50: Start permuting 2 rounds ... 
INFO  @ Wed, 16 Nov 2022 13:23:51: Collecting 25263 sgRNAs from 3506 genes. 
INFO  @ Wed, 16 Nov 2022 13:23:51: Permuting round 0 ... 
INFO  @ Wed, 16 Nov 2022 13:23:51: Thread 0 started. 
INFO  @ Wed, 16 Nov 2022 13:23:51: Thread 0: total 3506 instances. 
INFO  @ Wed, 16 Nov 2022 13:23:51: Thread 0: Calculating ZNF212 (1) ...  
INFO  @ Wed, 16 Nov 2022 13:24:00: Thread 0: Calculating ATG4A (1001) ...  
INFO  @ Wed, 16 Nov 2022 13:24:07: Thread 0: Calculating PYGO1 (2001) ...  
INFO  @ Wed, 16 Nov 2022 13:24:14: Thread 0: Calculating SHOX2 (3001) ...  
INFO  @ Wed, 16 Nov 2022 13:24:18: Thread 0 completed. 
INFO  @ Wed, 16 Nov 2022 13:24:18: All threads completed. 
INFO  @ Wed, 16 Nov 2022 13:24:19: Permuting round 1 ... 
INFO  @ Wed, 16 Nov 2022 13:24:19: Thread 0 started. 
INFO  @ Wed, 16 Nov 2022 13:24:19: Thread 0: total 3506 instances. 
INFO  @ Wed, 16 Nov 2022 13:24:19: Thread 0: Calculating ZNF212 (1) ...  
INFO  @ Wed, 16 Nov 2022 13:24:29: Thread 0: Calculating ATG4A (1001) ...  
INFO  @ Wed, 16 Nov 2022 13:24:36: Thread 0: Calculating PYGO1 (2001) ...  
INFO  @ Wed, 16 Nov 2022 13:24:43: Thread 0: Calculating SHOX2 (3001) ...  
INFO  @ Wed, 16 Nov 2022 13:24:47: Thread 0 completed. 
INFO  @ Wed, 16 Nov 2022 13:24:47: All threads completed. 
INFO  @ Wed, 16 Nov 2022 13:24:48: Assigning p values... 
INFO  @ Wed, 16 Nov 2022 13:24:48: Permuting groups of gene with 10 sgRNAs per gene. Group progress: 10/41 
INFO  @ Wed, 16 Nov 2022 13:24:48: Start permuting 2 rounds ... 
INFO  @ Wed, 16 Nov 2022 13:24:48: Collecting 25263 sgRNAs from 3506 genes. 
INFO  @ Wed, 16 Nov 2022 13:24:49: Permuting round 0 ... 
INFO  @ Wed, 16 Nov 2022 13:24:49: Thread 0 started. 
INFO  @ Wed, 16 Nov 2022 13:24:49: Thread 0: total 3506 instances. 
INFO  @ Wed, 16 Nov 2022 13:24:49: Thread 0: Calculating ZNF212 (1) ...  
INFO  @ Wed, 16 Nov 2022 13:24:56: Thread 0: Calculating ATG4A (1001) ...  
INFO  @ Wed, 16 Nov 2022 13:25:04: Thread 0: Calculating PYGO1 (2001) ...  
INFO  @ Wed, 16 Nov 2022 13:25:12: Thread 0: Calculating SHOX2 (3001) ...  
INFO  @ Wed, 16 Nov 2022 13:25:15: Thread 0 completed. 
INFO  @ Wed, 16 Nov 2022 13:25:15: All threads completed. 
INFO  @ Wed, 16 Nov 2022 13:25:17: Permuting round 1 ... 
INFO  @ Wed, 16 Nov 2022 13:25:17: Thread 0 started. 
INFO  @ Wed, 16 Nov 2022 13:25:17: Thread 0: total 3506 instances. 
INFO  @ Wed, 16 Nov 2022 13:25:17: Thread 0: Calculating ZNF212 (1) ...  
INFO  @ Wed, 16 Nov 2022 13:25:26: Thread 0: Calculating ATG4A (1001) ...  
INFO  @ Wed, 16 Nov 2022 13:25:33: Thread 0: Calculating PYGO1 (2001) ...  
INFO  @ Wed, 16 Nov 2022 13:25:41: Thread 0: Calculating SHOX2 (3001) ...  
INFO  @ Wed, 16 Nov 2022 13:25:45: Thread 0 completed. 
INFO  @ Wed, 16 Nov 2022 13:25:45: All threads completed. 
INFO  @ Wed, 16 Nov 2022 13:25:47: Assigning p values... 
INFO  @ Wed, 16 Nov 2022 13:25:47: Permuting groups of gene with 11 sgRNAs per gene. Group progress: 11/41 
INFO  @ Wed, 16 Nov 2022 13:25:47: Start permuting 2 rounds ... 
INFO  @ Wed, 16 Nov 2022 13:25:47: Collecting 25263 sgRNAs from 3506 genes. 
INFO  @ Wed, 16 Nov 2022 13:25:48: Permuting round 0 ... 
INFO  @ Wed, 16 Nov 2022 13:25:48: Thread 0 started. 
INFO  @ Wed, 16 Nov 2022 13:25:48: Thread 0: total 3506 instances. 
INFO  @ Wed, 16 Nov 2022 13:25:48: Thread 0: Calculating ZNF212 (1) ...  
INFO  @ Wed, 16 Nov 2022 13:25:55: Thread 0: Calculating ATG4A (1001) ...  
INFO  @ Wed, 16 Nov 2022 13:26:04: Thread 0: Calculating PYGO1 (2001) ...  
INFO  @ Wed, 16 Nov 2022 13:26:11: Thread 0: Calculating SHOX2 (3001) ...  
INFO  @ Wed, 16 Nov 2022 13:26:16: Thread 0 completed. 
INFO  @ Wed, 16 Nov 2022 13:26:16: All threads completed. 
INFO  @ Wed, 16 Nov 2022 13:26:18: Permuting round 1 ... 
INFO  @ Wed, 16 Nov 2022 13:26:18: Thread 0 started. 
INFO  @ Wed, 16 Nov 2022 13:26:18: Thread 0: total 3506 instances. 
INFO  @ Wed, 16 Nov 2022 13:26:18: Thread 0: Calculating ZNF212 (1) ...  
INFO  @ Wed, 16 Nov 2022 13:26:26: Thread 0: Calculating ATG4A (1001) ...  
INFO  @ Wed, 16 Nov 2022 13:26:34: Thread 0: Calculating PYGO1 (2001) ...  
INFO  @ Wed, 16 Nov 2022 13:26:41: Thread 0: Calculating SHOX2 (3001) ...  
INFO  @ Wed, 16 Nov 2022 13:26:45: Thread 0 completed. 
INFO  @ Wed, 16 Nov 2022 13:26:45: All threads completed. 
INFO  @ Wed, 16 Nov 2022 13:26:46: Assigning p values... 
INFO  @ Wed, 16 Nov 2022 13:26:46: Permuting groups of gene with 12 sgRNAs per gene. Group progress: 12/41 
INFO  @ Wed, 16 Nov 2022 13:26:46: Start permuting 2 rounds ... 
INFO  @ Wed, 16 Nov 2022 13:26:46: Collecting 25263 sgRNAs from 3506 genes. 
INFO  @ Wed, 16 Nov 2022 13:26:47: Permuting round 0 ... 
INFO  @ Wed, 16 Nov 2022 13:26:47: Thread 0 started. 
INFO  @ Wed, 16 Nov 2022 13:26:47: Thread 0: total 3506 instances. 
INFO  @ Wed, 16 Nov 2022 13:26:47: Thread 0: Calculating ZNF212 (1) ...  
INFO  @ Wed, 16 Nov 2022 13:26:54: Thread 0: Calculating ATG4A (1001) ...  
INFO  @ Wed, 16 Nov 2022 13:27:01: Thread 0: Calculating PYGO1 (2001) ...  
INFO  @ Wed, 16 Nov 2022 13:27:11: Thread 0: Calculating SHOX2 (3001) ...  
INFO  @ Wed, 16 Nov 2022 13:27:14: Thread 0 completed. 
INFO  @ Wed, 16 Nov 2022 13:27:14: All threads completed. 
INFO  @ Wed, 16 Nov 2022 13:27:16: Permuting round 1 ... 
INFO  @ Wed, 16 Nov 2022 13:27:16: Thread 0 started. 
INFO  @ Wed, 16 Nov 2022 13:27:16: Thread 0: total 3506 instances. 
INFO  @ Wed, 16 Nov 2022 13:27:16: Thread 0: Calculating ZNF212 (1) ...  
INFO  @ Wed, 16 Nov 2022 13:27:23: Thread 0: Calculating ATG4A (1001) ...  
INFO  @ Wed, 16 Nov 2022 13:27:32: Thread 0: Calculating PYGO1 (2001) ...  
INFO  @ Wed, 16 Nov 2022 13:27:41: Thread 0: Calculating SHOX2 (3001) ...  
INFO  @ Wed, 16 Nov 2022 13:27:45: Thread 0 completed. 
INFO  @ Wed, 16 Nov 2022 13:27:45: All threads completed. 
INFO  @ Wed, 16 Nov 2022 13:27:46: Assigning p values... 
INFO  @ Wed, 16 Nov 2022 13:27:46: Permuting groups of gene with 13 sgRNAs per gene. Group progress: 13/41 
INFO  @ Wed, 16 Nov 2022 13:27:46: Start permuting 2 rounds ... 
INFO  @ Wed, 16 Nov 2022 13:27:46: Collecting 25263 sgRNAs from 3506 genes. 
INFO  @ Wed, 16 Nov 2022 13:27:47: Permuting round 0 ... 
INFO  @ Wed, 16 Nov 2022 13:27:47: Thread 0 started. 
INFO  @ Wed, 16 Nov 2022 13:27:47: Thread 0: total 3506 instances. 
INFO  @ Wed, 16 Nov 2022 13:27:47: Thread 0: Calculating ZNF212 (1) ...  
INFO  @ Wed, 16 Nov 2022 13:27:54: Thread 0: Calculating ATG4A (1001) ...  
INFO  @ Wed, 16 Nov 2022 13:28:02: Thread 0: Calculating PYGO1 (2001) ...  
INFO  @ Wed, 16 Nov 2022 13:28:10: Thread 0: Calculating SHOX2 (3001) ...  
INFO  @ Wed, 16 Nov 2022 13:28:15: Thread 0 completed. 
INFO  @ Wed, 16 Nov 2022 13:28:15: All threads completed. 
INFO  @ Wed, 16 Nov 2022 13:28:16: Permuting round 1 ... 
INFO  @ Wed, 16 Nov 2022 13:28:16: Thread 0 started. 
INFO  @ Wed, 16 Nov 2022 13:28:16: Thread 0: total 3506 instances. 
INFO  @ Wed, 16 Nov 2022 13:28:16: Thread 0: Calculating ZNF212 (1) ...  
INFO  @ Wed, 16 Nov 2022 13:28:25: Thread 0: Calculating ATG4A (1001) ...  
INFO  @ Wed, 16 Nov 2022 13:28:32: Thread 0: Calculating PYGO1 (2001) ...  
INFO  @ Wed, 16 Nov 2022 13:28:40: Thread 0: Calculating SHOX2 (3001) ...  
INFO  @ Wed, 16 Nov 2022 13:28:44: Thread 0 completed. 
INFO  @ Wed, 16 Nov 2022 13:28:44: All threads completed. 
INFO  @ Wed, 16 Nov 2022 13:28:46: Assigning p values... 
INFO  @ Wed, 16 Nov 2022 13:28:46: Permuting groups of gene with 14 sgRNAs per gene. Group progress: 14/41 
INFO  @ Wed, 16 Nov 2022 13:28:46: Start permuting 2 rounds ... 
INFO  @ Wed, 16 Nov 2022 13:28:46: Collecting 25263 sgRNAs from 3506 genes. 
INFO  @ Wed, 16 Nov 2022 13:28:46: Permuting round 0 ... 
INFO  @ Wed, 16 Nov 2022 13:28:47: Thread 0 started. 
INFO  @ Wed, 16 Nov 2022 13:28:47: Thread 0: total 3506 instances. 
INFO  @ Wed, 16 Nov 2022 13:28:47: Thread 0: Calculating ZNF212 (1) ...  
INFO  @ Wed, 16 Nov 2022 13:28:56: Thread 0: Calculating ATG4A (1001) ...  
INFO  @ Wed, 16 Nov 2022 13:29:06: Thread 0: Calculating PYGO1 (2001) ...  
INFO  @ Wed, 16 Nov 2022 13:29:13: Thread 0: Calculating SHOX2 (3001) ...  
INFO  @ Wed, 16 Nov 2022 13:29:17: Thread 0 completed. 
INFO  @ Wed, 16 Nov 2022 13:29:17: All threads completed. 
INFO  @ Wed, 16 Nov 2022 13:29:19: Permuting round 1 ... 
INFO  @ Wed, 16 Nov 2022 13:29:19: Thread 0 started. 
INFO  @ Wed, 16 Nov 2022 13:29:19: Thread 0: total 3506 instances. 
INFO  @ Wed, 16 Nov 2022 13:29:19: Thread 0: Calculating ZNF212 (1) ...  
INFO  @ Wed, 16 Nov 2022 13:29:28: Thread 0: Calculating ATG4A (1001) ...  
INFO  @ Wed, 16 Nov 2022 13:29:36: Thread 0: Calculating PYGO1 (2001) ...  
INFO  @ Wed, 16 Nov 2022 13:29:44: Thread 0: Calculating SHOX2 (3001) ...  
INFO  @ Wed, 16 Nov 2022 13:29:48: Thread 0 completed. 
INFO  @ Wed, 16 Nov 2022 13:29:48: All threads completed. 
INFO  @ Wed, 16 Nov 2022 13:29:49: Assigning p values... 
INFO  @ Wed, 16 Nov 2022 13:29:49: Permuting groups of gene with 15 sgRNAs per gene. Group progress: 15/41 
INFO  @ Wed, 16 Nov 2022 13:29:49: Start permuting 2 rounds ... 
INFO  @ Wed, 16 Nov 2022 13:29:50: Collecting 25263 sgRNAs from 3506 genes. 
INFO  @ Wed, 16 Nov 2022 13:29:50: Permuting round 0 ... 
INFO  @ Wed, 16 Nov 2022 13:29:50: Thread 0 started. 
INFO  @ Wed, 16 Nov 2022 13:29:50: Thread 0: total 3506 instances. 
INFO  @ Wed, 16 Nov 2022 13:29:50: Thread 0: Calculating ZNF212 (1) ...  
INFO  @ Wed, 16 Nov 2022 13:29:59: Thread 0: Calculating ATG4A (1001) ...  
INFO  @ Wed, 16 Nov 2022 13:30:07: Thread 0: Calculating PYGO1 (2001) ...  
INFO  @ Wed, 16 Nov 2022 13:30:16: Thread 0: Calculating SHOX2 (3001) ...  
INFO  @ Wed, 16 Nov 2022 13:30:20: Thread 0 completed. 
INFO  @ Wed, 16 Nov 2022 13:30:20: All threads completed. 
INFO  @ Wed, 16 Nov 2022 13:30:21: Permuting round 1 ... 
INFO  @ Wed, 16 Nov 2022 13:30:21: Thread 0 started. 
INFO  @ Wed, 16 Nov 2022 13:30:21: Thread 0: total 3506 instances. 
INFO  @ Wed, 16 Nov 2022 13:30:21: Thread 0: Calculating ZNF212 (1) ...  
INFO  @ Wed, 16 Nov 2022 13:30:30: Thread 0: Calculating ATG4A (1001) ...  
INFO  @ Wed, 16 Nov 2022 13:30:39: Thread 0: Calculating PYGO1 (2001) ...  
INFO  @ Wed, 16 Nov 2022 13:30:46: Thread 0: Calculating SHOX2 (3001) ...  
INFO  @ Wed, 16 Nov 2022 13:30:50: Thread 0 completed. 
INFO  @ Wed, 16 Nov 2022 13:30:50: All threads completed. 
INFO  @ Wed, 16 Nov 2022 13:30:51: Assigning p values... 
INFO  @ Wed, 16 Nov 2022 13:30:51: Permuting groups of gene with 16 sgRNAs per gene. Group progress: 16/41 
INFO  @ Wed, 16 Nov 2022 13:30:51: Start permuting 2 rounds ... 
INFO  @ Wed, 16 Nov 2022 13:30:51: Collecting 25263 sgRNAs from 3506 genes. 
INFO  @ Wed, 16 Nov 2022 13:30:52: Permuting round 0 ... 
INFO  @ Wed, 16 Nov 2022 13:30:52: Thread 0 started. 
INFO  @ Wed, 16 Nov 2022 13:30:52: Thread 0: total 3506 instances. 
INFO  @ Wed, 16 Nov 2022 13:30:52: Thread 0: Calculating ZNF212 (1) ...  
INFO  @ Wed, 16 Nov 2022 13:30:59: Thread 0: Calculating ATG4A (1001) ...  
INFO  @ Wed, 16 Nov 2022 13:31:10: Thread 0: Calculating PYGO1 (2001) ...  
INFO  @ Wed, 16 Nov 2022 13:31:17: Thread 0: Calculating SHOX2 (3001) ...  
INFO  @ Wed, 16 Nov 2022 13:31:21: Thread 0 completed. 
INFO  @ Wed, 16 Nov 2022 13:31:21: All threads completed. 
INFO  @ Wed, 16 Nov 2022 13:31:22: Permuting round 1 ... 
INFO  @ Wed, 16 Nov 2022 13:31:22: Thread 0 started. 
INFO  @ Wed, 16 Nov 2022 13:31:22: Thread 0: total 3506 instances. 
INFO  @ Wed, 16 Nov 2022 13:31:22: Thread 0: Calculating ZNF212 (1) ...  
INFO  @ Wed, 16 Nov 2022 13:31:32: Thread 0: Calculating ATG4A (1001) ...  
INFO  @ Wed, 16 Nov 2022 13:31:39: Thread 0: Calculating PYGO1 (2001) ...  
INFO  @ Wed, 16 Nov 2022 13:31:47: Thread 0: Calculating SHOX2 (3001) ...  
INFO  @ Wed, 16 Nov 2022 13:31:52: Thread 0 completed. 
INFO  @ Wed, 16 Nov 2022 13:31:52: All threads completed. 
INFO  @ Wed, 16 Nov 2022 13:31:54: Assigning p values... 
INFO  @ Wed, 16 Nov 2022 13:31:54: Permuting groups of gene with 17 sgRNAs per gene. Group progress: 17/41 
INFO  @ Wed, 16 Nov 2022 13:31:54: Start permuting 2 rounds ... 
INFO  @ Wed, 16 Nov 2022 13:31:54: Collecting 25263 sgRNAs from 3506 genes. 
INFO  @ Wed, 16 Nov 2022 13:31:54: Permuting round 0 ... 
INFO  @ Wed, 16 Nov 2022 13:31:55: Thread 0 started. 
INFO  @ Wed, 16 Nov 2022 13:31:55: Thread 0: total 3506 instances. 
INFO  @ Wed, 16 Nov 2022 13:31:55: Thread 0: Calculating ZNF212 (1) ...  
INFO  @ Wed, 16 Nov 2022 13:32:02: Thread 0: Calculating ATG4A (1001) ...  
INFO  @ Wed, 16 Nov 2022 13:32:13: Thread 0: Calculating PYGO1 (2001) ...  
INFO  @ Wed, 16 Nov 2022 13:32:20: Thread 0: Calculating SHOX2 (3001) ...  
INFO  @ Wed, 16 Nov 2022 13:32:24: Thread 0 completed. 
INFO  @ Wed, 16 Nov 2022 13:32:24: All threads completed. 
INFO  @ Wed, 16 Nov 2022 13:32:25: Permuting round 1 ... 
INFO  @ Wed, 16 Nov 2022 13:32:25: Thread 0 started. 
INFO  @ Wed, 16 Nov 2022 13:32:25: Thread 0: total 3506 instances. 
INFO  @ Wed, 16 Nov 2022 13:32:25: Thread 0: Calculating ZNF212 (1) ...  
INFO  @ Wed, 16 Nov 2022 13:32:34: Thread 0: Calculating ATG4A (1001) ...  
INFO  @ Wed, 16 Nov 2022 13:32:42: Thread 0: Calculating PYGO1 (2001) ...  
INFO  @ Wed, 16 Nov 2022 13:32:51: Thread 0: Calculating SHOX2 (3001) ...  
INFO  @ Wed, 16 Nov 2022 13:32:55: Thread 0 completed. 
INFO  @ Wed, 16 Nov 2022 13:32:55: All threads completed. 
INFO  @ Wed, 16 Nov 2022 13:32:57: Assigning p values... 
INFO  @ Wed, 16 Nov 2022 13:32:57: Permuting groups of gene with 18 sgRNAs per gene. Group progress: 18/41 
INFO  @ Wed, 16 Nov 2022 13:32:57: Start permuting 2 rounds ... 
INFO  @ Wed, 16 Nov 2022 13:32:57: Collecting 25263 sgRNAs from 3506 genes. 
INFO  @ Wed, 16 Nov 2022 13:32:57: Permuting round 0 ... 
INFO  @ Wed, 16 Nov 2022 13:32:57: Thread 0 started. 
INFO  @ Wed, 16 Nov 2022 13:32:57: Thread 0: total 3506 instances. 
INFO  @ Wed, 16 Nov 2022 13:32:57: Thread 0: Calculating ZNF212 (1) ...  
INFO  @ Wed, 16 Nov 2022 13:33:05: Thread 0: Calculating ATG4A (1001) ...  
INFO  @ Wed, 16 Nov 2022 13:33:16: Thread 0: Calculating PYGO1 (2001) ...  
INFO  @ Wed, 16 Nov 2022 13:33:23: Thread 0: Calculating SHOX2 (3001) ...  
INFO  @ Wed, 16 Nov 2022 13:33:27: Thread 0 completed. 
INFO  @ Wed, 16 Nov 2022 13:33:27: All threads completed. 
INFO  @ Wed, 16 Nov 2022 13:33:29: Permuting round 1 ... 
INFO  @ Wed, 16 Nov 2022 13:33:29: Thread 0 started. 
INFO  @ Wed, 16 Nov 2022 13:33:29: Thread 0: total 3506 instances. 
INFO  @ Wed, 16 Nov 2022 13:33:29: Thread 0: Calculating ZNF212 (1) ...  
INFO  @ Wed, 16 Nov 2022 13:33:39: Thread 0: Calculating ATG4A (1001) ...  
INFO  @ Wed, 16 Nov 2022 13:33:48: Thread 0: Calculating PYGO1 (2001) ...  
INFO  @ Wed, 16 Nov 2022 13:33:57: Thread 0: Calculating SHOX2 (3001) ...  
INFO  @ Wed, 16 Nov 2022 13:34:01: Thread 0 completed. 
INFO  @ Wed, 16 Nov 2022 13:34:01: All threads completed. 
INFO  @ Wed, 16 Nov 2022 13:34:02: Assigning p values... 
INFO  @ Wed, 16 Nov 2022 13:34:02: Permuting groups of gene with 19 sgRNAs per gene. Group progress: 19/41 
INFO  @ Wed, 16 Nov 2022 13:34:02: Start permuting 2 rounds ... 
INFO  @ Wed, 16 Nov 2022 13:34:03: Collecting 25263 sgRNAs from 3506 genes. 
INFO  @ Wed, 16 Nov 2022 13:34:03: Permuting round 0 ... 
INFO  @ Wed, 16 Nov 2022 13:34:03: Thread 0 started. 
INFO  @ Wed, 16 Nov 2022 13:34:03: Thread 0: total 3506 instances. 
INFO  @ Wed, 16 Nov 2022 13:34:03: Thread 0: Calculating ZNF212 (1) ...  
INFO  @ Wed, 16 Nov 2022 13:34:13: Thread 0: Calculating ATG4A (1001) ...  
INFO  @ Wed, 16 Nov 2022 13:34:21: Thread 0: Calculating PYGO1 (2001) ...  
INFO  @ Wed, 16 Nov 2022 13:34:30: Thread 0: Calculating SHOX2 (3001) ...  
INFO  @ Wed, 16 Nov 2022 13:34:36: Thread 0 completed. 
INFO  @ Wed, 16 Nov 2022 13:34:36: All threads completed. 
INFO  @ Wed, 16 Nov 2022 13:34:37: Permuting round 1 ... 
INFO  @ Wed, 16 Nov 2022 13:34:37: Thread 0 started. 
INFO  @ Wed, 16 Nov 2022 13:34:37: Thread 0: total 3506 instances. 
INFO  @ Wed, 16 Nov 2022 13:34:37: Thread 0: Calculating ZNF212 (1) ...  
INFO  @ Wed, 16 Nov 2022 13:34:46: Thread 0: Calculating ATG4A (1001) ...  
INFO  @ Wed, 16 Nov 2022 13:34:54: Thread 0: Calculating PYGO1 (2001) ...  
INFO  @ Wed, 16 Nov 2022 13:35:04: Thread 0: Calculating SHOX2 (3001) ...  
INFO  @ Wed, 16 Nov 2022 13:35:10: Thread 0 completed. 
INFO  @ Wed, 16 Nov 2022 13:35:10: All threads completed. 
INFO  @ Wed, 16 Nov 2022 13:35:11: Assigning p values... 
INFO  @ Wed, 16 Nov 2022 13:35:11: Permuting groups of gene with 20 sgRNAs per gene. Group progress: 20/41 
INFO  @ Wed, 16 Nov 2022 13:35:11: Start permuting 2 rounds ... 
INFO  @ Wed, 16 Nov 2022 13:35:12: Collecting 25263 sgRNAs from 3506 genes. 
INFO  @ Wed, 16 Nov 2022 13:35:12: Permuting round 0 ... 
INFO  @ Wed, 16 Nov 2022 13:35:12: Thread 0 started. 
INFO  @ Wed, 16 Nov 2022 13:35:12: Thread 0: total 3506 instances. 
INFO  @ Wed, 16 Nov 2022 13:35:12: Thread 0: Calculating ZNF212 (1) ...  
INFO  @ Wed, 16 Nov 2022 13:35:22: Thread 0: Calculating ATG4A (1001) ...  
INFO  @ Wed, 16 Nov 2022 13:35:31: Thread 0: Calculating PYGO1 (2001) ...  
INFO  @ Wed, 16 Nov 2022 13:35:40: Thread 0: Calculating SHOX2 (3001) ...  
INFO  @ Wed, 16 Nov 2022 13:35:44: Thread 0 completed. 
INFO  @ Wed, 16 Nov 2022 13:35:44: All threads completed. 
INFO  @ Wed, 16 Nov 2022 13:35:45: Permuting round 1 ... 
INFO  @ Wed, 16 Nov 2022 13:35:46: Thread 0 started. 
INFO  @ Wed, 16 Nov 2022 13:35:46: Thread 0: total 3506 instances. 
INFO  @ Wed, 16 Nov 2022 13:35:46: Thread 0: Calculating ZNF212 (1) ...  
INFO  @ Wed, 16 Nov 2022 13:35:54: Thread 0: Calculating ATG4A (1001) ...  
INFO  @ Wed, 16 Nov 2022 13:36:05: Thread 0: Calculating PYGO1 (2001) ...  
INFO  @ Wed, 16 Nov 2022 13:36:13: Thread 0: Calculating SHOX2 (3001) ...  
INFO  @ Wed, 16 Nov 2022 13:36:18: Thread 0 completed. 
INFO  @ Wed, 16 Nov 2022 13:36:18: All threads completed. 
INFO  @ Wed, 16 Nov 2022 13:36:19: Assigning p values... 
INFO  @ Wed, 16 Nov 2022 13:36:19: Permuting groups of gene with 21 sgRNAs per gene. Group progress: 21/41 
INFO  @ Wed, 16 Nov 2022 13:36:19: Start permuting 2 rounds ... 
INFO  @ Wed, 16 Nov 2022 13:36:19: Collecting 25263 sgRNAs from 3506 genes. 
INFO  @ Wed, 16 Nov 2022 13:36:20: Permuting round 0 ... 
INFO  @ Wed, 16 Nov 2022 13:36:20: Thread 0 started. 
INFO  @ Wed, 16 Nov 2022 13:36:20: Thread 0: total 3506 instances. 
INFO  @ Wed, 16 Nov 2022 13:36:20: Thread 0: Calculating ZNF212 (1) ...  
INFO  @ Wed, 16 Nov 2022 13:36:30: Thread 0: Calculating ATG4A (1001) ...  
INFO  @ Wed, 16 Nov 2022 13:36:40: Thread 0: Calculating PYGO1 (2001) ...  
INFO  @ Wed, 16 Nov 2022 13:36:49: Thread 0: Calculating SHOX2 (3001) ...  
INFO  @ Wed, 16 Nov 2022 13:36:53: Thread 0 completed. 
INFO  @ Wed, 16 Nov 2022 13:36:53: All threads completed. 
INFO  @ Wed, 16 Nov 2022 13:36:54: Permuting round 1 ... 
INFO  @ Wed, 16 Nov 2022 13:36:55: Thread 0 started. 
INFO  @ Wed, 16 Nov 2022 13:36:55: Thread 0: total 3506 instances. 
INFO  @ Wed, 16 Nov 2022 13:36:55: Thread 0: Calculating ZNF212 (1) ...  
INFO  @ Wed, 16 Nov 2022 13:37:03: Thread 0: Calculating ATG4A (1001) ...  
INFO  @ Wed, 16 Nov 2022 13:37:14: Thread 0: Calculating PYGO1 (2001) ...  
INFO  @ Wed, 16 Nov 2022 13:37:24: Thread 0: Calculating SHOX2 (3001) ...  
INFO  @ Wed, 16 Nov 2022 13:37:29: Thread 0 completed. 
INFO  @ Wed, 16 Nov 2022 13:37:29: All threads completed. 
INFO  @ Wed, 16 Nov 2022 13:37:30: Assigning p values... 
INFO  @ Wed, 16 Nov 2022 13:37:30: Permuting groups of gene with 22 sgRNAs per gene. Group progress: 22/41 
INFO  @ Wed, 16 Nov 2022 13:37:30: Start permuting 2 rounds ... 
INFO  @ Wed, 16 Nov 2022 13:37:30: Collecting 25263 sgRNAs from 3506 genes. 
INFO  @ Wed, 16 Nov 2022 13:37:31: Permuting round 0 ... 
INFO  @ Wed, 16 Nov 2022 13:37:31: Thread 0 started. 
INFO  @ Wed, 16 Nov 2022 13:37:31: Thread 0: total 3506 instances. 
INFO  @ Wed, 16 Nov 2022 13:37:31: Thread 0: Calculating ZNF212 (1) ...  
INFO  @ Wed, 16 Nov 2022 13:37:40: Thread 0: Calculating ATG4A (1001) ...  
INFO  @ Wed, 16 Nov 2022 13:37:51: Thread 0: Calculating PYGO1 (2001) ...  
INFO  @ Wed, 16 Nov 2022 13:38:01: Thread 0: Calculating SHOX2 (3001) ...  
INFO  @ Wed, 16 Nov 2022 13:38:05: Thread 0 completed. 
INFO  @ Wed, 16 Nov 2022 13:38:05: All threads completed. 
INFO  @ Wed, 16 Nov 2022 13:38:07: Permuting round 1 ... 
INFO  @ Wed, 16 Nov 2022 13:38:07: Thread 0 started. 
INFO  @ Wed, 16 Nov 2022 13:38:07: Thread 0: total 3506 instances. 
INFO  @ Wed, 16 Nov 2022 13:38:07: Thread 0: Calculating ZNF212 (1) ...  
INFO  @ Wed, 16 Nov 2022 13:38:17: Thread 0: Calculating ATG4A (1001) ...  
INFO  @ Wed, 16 Nov 2022 13:38:27: Thread 0: Calculating PYGO1 (2001) ...  
INFO  @ Wed, 16 Nov 2022 13:38:37: Thread 0: Calculating SHOX2 (3001) ...  
INFO  @ Wed, 16 Nov 2022 13:38:41: Thread 0 completed. 
INFO  @ Wed, 16 Nov 2022 13:38:41: All threads completed. 
INFO  @ Wed, 16 Nov 2022 13:38:43: Assigning p values... 
INFO  @ Wed, 16 Nov 2022 13:38:43: Permuting groups of gene with 23 sgRNAs per gene. Group progress: 23/41 
INFO  @ Wed, 16 Nov 2022 13:38:43: Start permuting 2 rounds ... 
INFO  @ Wed, 16 Nov 2022 13:38:43: Collecting 25263 sgRNAs from 3506 genes. 
INFO  @ Wed, 16 Nov 2022 13:38:43: Permuting round 0 ... 
INFO  @ Wed, 16 Nov 2022 13:38:44: Thread 0 started. 
INFO  @ Wed, 16 Nov 2022 13:38:44: Thread 0: total 3506 instances. 
INFO  @ Wed, 16 Nov 2022 13:38:44: Thread 0: Calculating ZNF212 (1) ...  
INFO  @ Wed, 16 Nov 2022 13:38:54: Thread 0: Calculating ATG4A (1001) ...  
INFO  @ Wed, 16 Nov 2022 13:39:04: Thread 0: Calculating PYGO1 (2001) ...  
INFO  @ Wed, 16 Nov 2022 13:39:16: Thread 0: Calculating SHOX2 (3001) ...  
INFO  @ Wed, 16 Nov 2022 13:39:23: Thread 0 completed. 
INFO  @ Wed, 16 Nov 2022 13:39:23: All threads completed. 
INFO  @ Wed, 16 Nov 2022 13:39:25: Permuting round 1 ... 
INFO  @ Wed, 16 Nov 2022 13:39:25: Thread 0 started. 
INFO  @ Wed, 16 Nov 2022 13:39:25: Thread 0: total 3506 instances. 
INFO  @ Wed, 16 Nov 2022 13:39:25: Thread 0: Calculating ZNF212 (1) ...  
INFO  @ Wed, 16 Nov 2022 13:39:36: Thread 0: Calculating ATG4A (1001) ...  
INFO  @ Wed, 16 Nov 2022 13:39:46: Thread 0: Calculating PYGO1 (2001) ...  
INFO  @ Wed, 16 Nov 2022 13:39:57: Thread 0: Calculating SHOX2 (3001) ...  
INFO  @ Wed, 16 Nov 2022 13:40:01: Thread 0 completed. 
INFO  @ Wed, 16 Nov 2022 13:40:01: All threads completed. 
INFO  @ Wed, 16 Nov 2022 13:40:03: Assigning p values... 
INFO  @ Wed, 16 Nov 2022 13:40:03: Permuting groups of gene with 24 sgRNAs per gene. Group progress: 24/41 
INFO  @ Wed, 16 Nov 2022 13:40:03: Start permuting 2 rounds ... 
INFO  @ Wed, 16 Nov 2022 13:40:03: Collecting 25263 sgRNAs from 3506 genes. 
INFO  @ Wed, 16 Nov 2022 13:40:03: Permuting round 0 ... 
INFO  @ Wed, 16 Nov 2022 13:40:04: Thread 0 started. 
INFO  @ Wed, 16 Nov 2022 13:40:04: Thread 0: total 3506 instances. 
INFO  @ Wed, 16 Nov 2022 13:40:04: Thread 0: Calculating ZNF212 (1) ...  
INFO  @ Wed, 16 Nov 2022 13:40:14: Thread 0: Calculating ATG4A (1001) ...  
INFO  @ Wed, 16 Nov 2022 13:40:25: Thread 0: Calculating PYGO1 (2001) ...  
INFO  @ Wed, 16 Nov 2022 13:40:35: Thread 0: Calculating SHOX2 (3001) ...  
INFO  @ Wed, 16 Nov 2022 13:40:42: Thread 0 completed. 
INFO  @ Wed, 16 Nov 2022 13:40:42: All threads completed. 
INFO  @ Wed, 16 Nov 2022 13:40:43: Permuting round 1 ... 
INFO  @ Wed, 16 Nov 2022 13:40:44: Thread 0 started. 
INFO  @ Wed, 16 Nov 2022 13:40:44: Thread 0: total 3506 instances. 
INFO  @ Wed, 16 Nov 2022 13:40:44: Thread 0: Calculating ZNF212 (1) ...  
INFO  @ Wed, 16 Nov 2022 13:40:56: Thread 0: Calculating ATG4A (1001) ...  
INFO  @ Wed, 16 Nov 2022 13:41:07: Thread 0: Calculating PYGO1 (2001) ...  
INFO  @ Wed, 16 Nov 2022 13:41:16: Thread 0: Calculating SHOX2 (3001) ...  
INFO  @ Wed, 16 Nov 2022 13:41:23: Thread 0 completed. 
INFO  @ Wed, 16 Nov 2022 13:41:23: All threads completed. 
INFO  @ Wed, 16 Nov 2022 13:41:25: Assigning p values... 
INFO  @ Wed, 16 Nov 2022 13:41:25: Permuting groups of gene with 25 sgRNAs per gene. Group progress: 25/41 
INFO  @ Wed, 16 Nov 2022 13:41:25: Start permuting 2 rounds ... 
INFO  @ Wed, 16 Nov 2022 13:41:25: Collecting 25263 sgRNAs from 3506 genes. 
INFO  @ Wed, 16 Nov 2022 13:41:26: Permuting round 0 ... 
INFO  @ Wed, 16 Nov 2022 13:41:26: Thread 0 started. 
INFO  @ Wed, 16 Nov 2022 13:41:26: Thread 0: total 3506 instances. 
INFO  @ Wed, 16 Nov 2022 13:41:26: Thread 0: Calculating ZNF212 (1) ...  
INFO  @ Wed, 16 Nov 2022 13:41:37: Thread 0: Calculating ATG4A (1001) ...  
INFO  @ Wed, 16 Nov 2022 13:41:46: Thread 0: Calculating PYGO1 (2001) ...  
INFO  @ Wed, 16 Nov 2022 13:41:57: Thread 0: Calculating SHOX2 (3001) ...  
INFO  @ Wed, 16 Nov 2022 13:42:02: Thread 0 completed. 
INFO  @ Wed, 16 Nov 2022 13:42:02: All threads completed. 
INFO  @ Wed, 16 Nov 2022 13:42:03: Permuting round 1 ... 
INFO  @ Wed, 16 Nov 2022 13:42:04: Thread 0 started. 
INFO  @ Wed, 16 Nov 2022 13:42:04: Thread 0: total 3506 instances. 
INFO  @ Wed, 16 Nov 2022 13:42:04: Thread 0: Calculating ZNF212 (1) ...  
INFO  @ Wed, 16 Nov 2022 13:42:16: Thread 0: Calculating ATG4A (1001) ...  
INFO  @ Wed, 16 Nov 2022 13:42:27: Thread 0: Calculating PYGO1 (2001) ...  
INFO  @ Wed, 16 Nov 2022 13:42:38: Thread 0: Calculating SHOX2 (3001) ...  
INFO  @ Wed, 16 Nov 2022 13:42:42: Thread 0 completed. 
INFO  @ Wed, 16 Nov 2022 13:42:42: All threads completed. 
INFO  @ Wed, 16 Nov 2022 13:42:44: Assigning p values... 
INFO  @ Wed, 16 Nov 2022 13:42:44: Permuting groups of gene with 26 sgRNAs per gene. Group progress: 26/41 
INFO  @ Wed, 16 Nov 2022 13:42:44: Start permuting 2 rounds ... 
INFO  @ Wed, 16 Nov 2022 13:42:44: Collecting 25263 sgRNAs from 3506 genes. 
INFO  @ Wed, 16 Nov 2022 13:42:45: Permuting round 0 ... 
INFO  @ Wed, 16 Nov 2022 13:42:45: Thread 0 started. 
INFO  @ Wed, 16 Nov 2022 13:42:45: Thread 0: total 3506 instances. 
INFO  @ Wed, 16 Nov 2022 13:42:45: Thread 0: Calculating ZNF212 (1) ...  
INFO  @ Wed, 16 Nov 2022 13:42:58: Thread 0: Calculating ATG4A (1001) ...  
INFO  @ Wed, 16 Nov 2022 13:43:14: Thread 0: Calculating PYGO1 (2001) ...  
INFO  @ Wed, 16 Nov 2022 13:43:33: Thread 0: Calculating SHOX2 (3001) ...  
INFO  @ Wed, 16 Nov 2022 13:43:50: Thread 0 completed. 
INFO  @ Wed, 16 Nov 2022 13:43:50: All threads completed. 
INFO  @ Wed, 16 Nov 2022 13:43:54: Permuting round 1 ... 
INFO  @ Wed, 16 Nov 2022 13:43:55: Thread 0 started. 
INFO  @ Wed, 16 Nov 2022 13:43:55: Thread 0: total 3506 instances. 
INFO  @ Wed, 16 Nov 2022 13:43:59: Thread 0: Calculating ZNF212 (1) ...  
INFO  @ Wed, 16 Nov 2022 13:44:33: Thread 0: Calculating ATG4A (1001) ...  
INFO  @ Wed, 16 Nov 2022 13:45:09: Thread 0: Calculating PYGO1 (2001) ...  
INFO  @ Wed, 16 Nov 2022 13:45:41: Thread 0: Calculating SHOX2 (3001) ...  
INFO  @ Wed, 16 Nov 2022 13:46:00: Thread 0 completed. 
INFO  @ Wed, 16 Nov 2022 13:46:00: All threads completed. 
INFO  @ Wed, 16 Nov 2022 13:46:05: Assigning p values... 
INFO  @ Wed, 16 Nov 2022 13:46:05: Permuting groups of gene with 28 sgRNAs per gene. Group progress: 27/41 
INFO  @ Wed, 16 Nov 2022 13:46:05: Start permuting 2 rounds ... 
INFO  @ Wed, 16 Nov 2022 13:46:05: Collecting 25263 sgRNAs from 3506 genes. 
INFO  @ Wed, 16 Nov 2022 13:46:07: Permuting round 0 ... 
INFO  @ Wed, 16 Nov 2022 13:46:08: Thread 0 started. 
INFO  @ Wed, 16 Nov 2022 13:46:08: Thread 0: total 3506 instances. 
INFO  @ Wed, 16 Nov 2022 13:46:09: Thread 0: Calculating ZNF212 (1) ...  
INFO  @ Wed, 16 Nov 2022 13:46:50: Thread 0: Calculating ATG4A (1001) ...  
INFO  @ Wed, 16 Nov 2022 13:47:36: Thread 0: Calculating PYGO1 (2001) ...  
INFO  @ Wed, 16 Nov 2022 13:48:32: Thread 0: Calculating SHOX2 (3001) ...  
INFO  @ Wed, 16 Nov 2022 13:49:05: Thread 0 completed. 
INFO  @ Wed, 16 Nov 2022 13:49:05: All threads completed. 
INFO  @ Wed, 16 Nov 2022 13:49:10: Permuting round 1 ... 
INFO  @ Wed, 16 Nov 2022 13:49:12: Thread 0: total 3506 instances. 
INFO  @ Wed, 16 Nov 2022 13:49:12: Thread 0 started. 
INFO  @ Wed, 16 Nov 2022 13:49:12: Thread 0: Calculating ZNF212 (1) ...  
INFO  @ Wed, 16 Nov 2022 13:50:19: Thread 0: Calculating ATG4A (1001) ...  
INFO  @ Wed, 16 Nov 2022 13:51:44: Thread 0: Calculating PYGO1 (2001) ...  
INFO  @ Wed, 16 Nov 2022 13:52:52: Thread 0: Calculating SHOX2 (3001) ...  
INFO  @ Wed, 16 Nov 2022 13:53:25: Thread 0 completed. 
INFO  @ Wed, 16 Nov 2022 13:53:25: All threads completed. 
INFO  @ Wed, 16 Nov 2022 13:53:34: Assigning p values... 
INFO  @ Wed, 16 Nov 2022 13:53:34: Permuting groups of gene with 30 sgRNAs per gene. Group progress: 28/41 
INFO  @ Wed, 16 Nov 2022 13:53:34: Start permuting 2 rounds ... 
INFO  @ Wed, 16 Nov 2022 13:53:36: Collecting 25263 sgRNAs from 3506 genes. 
INFO  @ Wed, 16 Nov 2022 13:53:39: Permuting round 0 ... 
INFO  @ Wed, 16 Nov 2022 13:53:42: Thread 0 started. 
INFO  @ Wed, 16 Nov 2022 13:53:42: Thread 0: total 3506 instances. 
INFO  @ Wed, 16 Nov 2022 13:53:42: Thread 0: Calculating ZNF212 (1) ...  
INFO  @ Wed, 16 Nov 2022 13:55:02: Thread 0: Calculating ATG4A (1001) ...  
INFO  @ Wed, 16 Nov 2022 13:56:45: Thread 0: Calculating PYGO1 (2001) ...  
INFO  @ Wed, 16 Nov 2022 13:58:43: Thread 0: Calculating SHOX2 (3001) ...  
INFO  @ Wed, 16 Nov 2022 13:59:27: Thread 0 completed. 
INFO  @ Wed, 16 Nov 2022 13:59:27: All threads completed. 
INFO  @ Wed, 16 Nov 2022 13:59:36: Permuting round 1 ... 
INFO  @ Wed, 16 Nov 2022 13:59:38: Thread 0 started. 
INFO  @ Wed, 16 Nov 2022 13:59:38: Thread 0: total 3506 instances. 
INFO  @ Wed, 16 Nov 2022 13:59:38: Thread 0: Calculating ZNF212 (1) ...  
INFO  @ Wed, 16 Nov 2022 14:01:14: Thread 0: Calculating ATG4A (1001) ...  
INFO  @ Wed, 16 Nov 2022 14:02:51: Thread 0: Calculating PYGO1 (2001) ...  
INFO  @ Wed, 16 Nov 2022 14:04:31: Thread 0: Calculating SHOX2 (3001) ...  
INFO  @ Wed, 16 Nov 2022 14:05:25: Thread 0 completed. 
INFO  @ Wed, 16 Nov 2022 14:05:25: All threads completed. 
INFO  @ Wed, 16 Nov 2022 14:05:32: Assigning p values... 
INFO  @ Wed, 16 Nov 2022 14:05:33: Permuting groups of gene with 31 sgRNAs per gene. Group progress: 29/41 
INFO  @ Wed, 16 Nov 2022 14:05:33: Start permuting 2 rounds ... 
INFO  @ Wed, 16 Nov 2022 14:05:35: Collecting 25263 sgRNAs from 3506 genes. 
INFO  @ Wed, 16 Nov 2022 14:05:38: Permuting round 0 ... 
INFO  @ Wed, 16 Nov 2022 14:05:41: Thread 0 started. 
INFO  @ Wed, 16 Nov 2022 14:05:41: Thread 0: total 3506 instances. 
INFO  @ Wed, 16 Nov 2022 14:05:41: Thread 0: Calculating ZNF212 (1) ...  
INFO  @ Wed, 16 Nov 2022 14:07:23: Thread 0: Calculating ATG4A (1001) ...  
INFO  @ Wed, 16 Nov 2022 14:09:18: Thread 0: Calculating PYGO1 (2001) ...  
INFO  @ Wed, 16 Nov 2022 14:11:06: Thread 0: Calculating SHOX2 (3001) ...  
INFO  @ Wed, 16 Nov 2022 14:12:25: Thread 0 completed. 
INFO  @ Wed, 16 Nov 2022 14:12:25: All threads completed. 
INFO  @ Wed, 16 Nov 2022 14:12:32: Permuting round 1 ... 
INFO  @ Wed, 16 Nov 2022 14:12:35: Thread 0 started. 
INFO  @ Wed, 16 Nov 2022 14:12:35: Thread 0: total 3506 instances. 
INFO  @ Wed, 16 Nov 2022 14:12:36: Thread 0: Calculating ZNF212 (1) ...  
INFO  @ Wed, 16 Nov 2022 14:14:28: Thread 0: Calculating ATG4A (1001) ...  
INFO  @ Wed, 16 Nov 2022 14:16:29: Thread 0: Calculating PYGO1 (2001) ...  
INFO  @ Wed, 16 Nov 2022 14:18:51: Thread 0: Calculating SHOX2 (3001) ...  
INFO  @ Wed, 16 Nov 2022 14:19:57: Thread 0 completed. 
INFO  @ Wed, 16 Nov 2022 14:19:57: All threads completed. 
INFO  @ Wed, 16 Nov 2022 14:20:07: Assigning p values... 
INFO  @ Wed, 16 Nov 2022 14:20:07: Permuting groups of gene with 32 sgRNAs per gene. Group progress: 30/41 
INFO  @ Wed, 16 Nov 2022 14:20:07: Start permuting 2 rounds ... 
INFO  @ Wed, 16 Nov 2022 14:20:09: Collecting 25263 sgRNAs from 3506 genes. 
INFO  @ Wed, 16 Nov 2022 14:20:12: Permuting round 0 ... 
INFO  @ Wed, 16 Nov 2022 14:20:17: Thread 0 started. 
INFO  @ Wed, 16 Nov 2022 14:20:17: Thread 0: total 3506 instances. 
INFO  @ Wed, 16 Nov 2022 14:20:17: Thread 0: Calculating ZNF212 (1) ...  
INFO  @ Wed, 16 Nov 2022 14:22:44: Thread 0: Calculating ATG4A (1001) ...  
INFO  @ Wed, 16 Nov 2022 14:24:47: Thread 0: Calculating PYGO1 (2001) ...  
INFO  @ Wed, 16 Nov 2022 14:26:41: Thread 0: Calculating SHOX2 (3001) ...  
INFO  @ Wed, 16 Nov 2022 14:27:51: Thread 0 completed. 
INFO  @ Wed, 16 Nov 2022 14:27:51: All threads completed. 
INFO  @ Wed, 16 Nov 2022 14:27:59: Permuting round 1 ... 
INFO  @ Wed, 16 Nov 2022 14:28:02: Thread 0 started. 
INFO  @ Wed, 16 Nov 2022 14:28:02: Thread 0: total 3506 instances. 
INFO  @ Wed, 16 Nov 2022 14:28:02: Thread 0: Calculating ZNF212 (1) ...  
INFO  @ Wed, 16 Nov 2022 14:30:10: Thread 0: Calculating ATG4A (1001) ...  
INFO  @ Wed, 16 Nov 2022 14:32:16: Thread 0: Calculating PYGO1 (2001) ...  
INFO  @ Wed, 16 Nov 2022 14:34:29: Thread 0: Calculating SHOX2 (3001) ...  
INFO  @ Wed, 16 Nov 2022 14:36:00: Thread 0 completed. 
INFO  @ Wed, 16 Nov 2022 14:36:00: All threads completed. 
INFO  @ Wed, 16 Nov 2022 14:36:10: Assigning p values... 
INFO  @ Wed, 16 Nov 2022 14:36:10: Permuting groups of gene with 33 sgRNAs per gene. Group progress: 31/41 
INFO  @ Wed, 16 Nov 2022 14:36:10: Start permuting 2 rounds ... 
INFO  @ Wed, 16 Nov 2022 14:36:12: Collecting 25263 sgRNAs from 3506 genes. 
INFO  @ Wed, 16 Nov 2022 14:36:15: Permuting round 0 ... 
INFO  @ Wed, 16 Nov 2022 14:36:18: Thread 0: total 3506 instances. 
INFO  @ Wed, 16 Nov 2022 14:36:18: Thread 0 started. 
INFO  @ Wed, 16 Nov 2022 14:36:18: Thread 0: Calculating ZNF212 (1) ...  
INFO  @ Wed, 16 Nov 2022 14:38:39: Thread 0: Calculating ATG4A (1001) ...  
INFO  @ Wed, 16 Nov 2022 14:40:40: Thread 0: Calculating PYGO1 (2001) ...  
INFO  @ Wed, 16 Nov 2022 14:42:50: Thread 0: Calculating SHOX2 (3001) ...  
INFO  @ Wed, 16 Nov 2022 14:44:12: Thread 0 completed. 
INFO  @ Wed, 16 Nov 2022 14:44:12: All threads completed. 
INFO  @ Wed, 16 Nov 2022 14:44:23: Permuting round 1 ... 
INFO  @ Wed, 16 Nov 2022 14:44:26: Thread 0 started. 
INFO  @ Wed, 16 Nov 2022 14:44:26: Thread 0: total 3506 instances. 
INFO  @ Wed, 16 Nov 2022 14:44:26: Thread 0: Calculating ZNF212 (1) ...  
INFO  @ Wed, 16 Nov 2022 14:46:52: Thread 0: Calculating ATG4A (1001) ...  
INFO  @ Wed, 16 Nov 2022 14:49:17: Thread 0: Calculating PYGO1 (2001) ...  
INFO  @ Wed, 16 Nov 2022 14:51:06: Thread 0: Calculating SHOX2 (3001) ...  
INFO  @ Wed, 16 Nov 2022 14:52:05: Thread 0 completed. 
INFO  @ Wed, 16 Nov 2022 14:52:05: All threads completed. 
INFO  @ Wed, 16 Nov 2022 14:52:12: Assigning p values... 
INFO  @ Wed, 16 Nov 2022 14:52:13: Permuting groups of gene with 34 sgRNAs per gene. Group progress: 32/41 
INFO  @ Wed, 16 Nov 2022 14:52:13: Start permuting 2 rounds ... 
INFO  @ Wed, 16 Nov 2022 14:52:14: Collecting 25263 sgRNAs from 3506 genes. 
INFO  @ Wed, 16 Nov 2022 14:52:16: Permuting round 0 ... 
INFO  @ Wed, 16 Nov 2022 14:52:19: Thread 0: total 3506 instances. 
INFO  @ Wed, 16 Nov 2022 14:52:19: Thread 0 started. 
INFO  @ Wed, 16 Nov 2022 14:52:19: Thread 0: Calculating ZNF212 (1) ...  
INFO  @ Wed, 16 Nov 2022 14:53:55: Thread 0: Calculating ATG4A (1001) ...  
INFO  @ Wed, 16 Nov 2022 14:55:10: Thread 0: Calculating PYGO1 (2001) ...  
INFO  @ Wed, 16 Nov 2022 14:56:13: Thread 0: Calculating SHOX2 (3001) ...  
INFO  @ Wed, 16 Nov 2022 14:56:46: Thread 0 completed. 
INFO  @ Wed, 16 Nov 2022 14:56:46: All threads completed. 
INFO  @ Wed, 16 Nov 2022 14:56:50: Permuting round 1 ... 
INFO  @ Wed, 16 Nov 2022 14:56:52: Thread 0 started. 
INFO  @ Wed, 16 Nov 2022 14:56:52: Thread 0: total 3506 instances. 
INFO  @ Wed, 16 Nov 2022 14:56:52: Thread 0: Calculating ZNF212 (1) ...  
INFO  @ Wed, 16 Nov 2022 14:57:42: Thread 0: Calculating ATG4A (1001) ...  
INFO  @ Wed, 16 Nov 2022 14:58:32: Thread 0: Calculating PYGO1 (2001) ...  
INFO  @ Wed, 16 Nov 2022 14:59:15: Thread 0: Calculating SHOX2 (3001) ...  
INFO  @ Wed, 16 Nov 2022 14:59:34: Thread 0 completed. 
INFO  @ Wed, 16 Nov 2022 14:59:34: All threads completed. 
INFO  @ Wed, 16 Nov 2022 14:59:36: Assigning p values... 
INFO  @ Wed, 16 Nov 2022 14:59:36: Permuting groups of gene with 38 sgRNAs per gene. Group progress: 33/41 
INFO  @ Wed, 16 Nov 2022 14:59:36: Start permuting 2 rounds ... 
INFO  @ Wed, 16 Nov 2022 14:59:37: Collecting 25263 sgRNAs from 3506 genes. 
INFO  @ Wed, 16 Nov 2022 14:59:37: Permuting round 0 ... 
INFO  @ Wed, 16 Nov 2022 14:59:38: Thread 0 started. 
INFO  @ Wed, 16 Nov 2022 14:59:38: Thread 0: total 3506 instances. 
INFO  @ Wed, 16 Nov 2022 14:59:38: Thread 0: Calculating ZNF212 (1) ...  
INFO  @ Wed, 16 Nov 2022 15:00:17: Thread 0: Calculating ATG4A (1001) ...  
INFO  @ Wed, 16 Nov 2022 15:00:46: Thread 0: Calculating PYGO1 (2001) ...  
INFO  @ Wed, 16 Nov 2022 15:01:17: Thread 0: Calculating SHOX2 (3001) ...  
INFO  @ Wed, 16 Nov 2022 15:01:33: Thread 0 completed. 
INFO  @ Wed, 16 Nov 2022 15:01:33: All threads completed. 
INFO  @ Wed, 16 Nov 2022 15:01:34: Permuting round 1 ... 
INFO  @ Wed, 16 Nov 2022 15:01:35: Thread 0 started. 
INFO  @ Wed, 16 Nov 2022 15:01:35: Thread 0: total 3506 instances. 
INFO  @ Wed, 16 Nov 2022 15:01:35: Thread 0: Calculating ZNF212 (1) ...  
INFO  @ Wed, 16 Nov 2022 15:02:06: Thread 0: Calculating ATG4A (1001) ...  
INFO  @ Wed, 16 Nov 2022 15:02:33: Thread 0: Calculating PYGO1 (2001) ...  
INFO  @ Wed, 16 Nov 2022 15:03:11: Thread 0: Calculating SHOX2 (3001) ...  
INFO  @ Wed, 16 Nov 2022 15:03:29: Thread 0 completed. 
INFO  @ Wed, 16 Nov 2022 15:03:29: All threads completed. 
INFO  @ Wed, 16 Nov 2022 15:03:30: Assigning p values... 
INFO  @ Wed, 16 Nov 2022 15:03:30: Permuting groups of gene with 39 sgRNAs per gene. Group progress: 34/41 
INFO  @ Wed, 16 Nov 2022 15:03:30: Start permuting 2 rounds ... 
INFO  @ Wed, 16 Nov 2022 15:03:30: Collecting 25263 sgRNAs from 3506 genes. 
INFO  @ Wed, 16 Nov 2022 15:03:31: Permuting round 0 ... 
INFO  @ Wed, 16 Nov 2022 15:03:31: Thread 0 started. 
INFO  @ Wed, 16 Nov 2022 15:03:31: Thread 0: total 3506 instances. 
INFO  @ Wed, 16 Nov 2022 15:03:31: Thread 0: Calculating ZNF212 (1) ...  
INFO  @ Wed, 16 Nov 2022 15:04:04: Thread 0: Calculating ATG4A (1001) ...  
INFO  @ Wed, 16 Nov 2022 15:04:32: Thread 0: Calculating PYGO1 (2001) ...  
INFO  @ Wed, 16 Nov 2022 15:04:59: Thread 0: Calculating SHOX2 (3001) ...  
INFO  @ Wed, 16 Nov 2022 15:05:14: Thread 0 completed. 
INFO  @ Wed, 16 Nov 2022 15:05:14: All threads completed. 
INFO  @ Wed, 16 Nov 2022 15:05:15: Permuting round 1 ... 
INFO  @ Wed, 16 Nov 2022 15:05:16: Thread 0 started. 
INFO  @ Wed, 16 Nov 2022 15:05:16: Thread 0: total 3506 instances. 
INFO  @ Wed, 16 Nov 2022 15:05:16: Thread 0: Calculating ZNF212 (1) ...  
INFO  @ Wed, 16 Nov 2022 15:05:44: Thread 0: Calculating ATG4A (1001) ...  
INFO  @ Wed, 16 Nov 2022 15:06:01: Thread 0: Calculating PYGO1 (2001) ...  
INFO  @ Wed, 16 Nov 2022 15:06:18: Thread 0: Calculating SHOX2 (3001) ...  
INFO  @ Wed, 16 Nov 2022 15:06:28: Thread 0 completed. 
INFO  @ Wed, 16 Nov 2022 15:06:28: All threads completed. 
INFO  @ Wed, 16 Nov 2022 15:06:29: Assigning p values... 
INFO  @ Wed, 16 Nov 2022 15:06:29: Groups of gene with 41 sgRNAs per gene: assigning p values based on previous group results. Group progress: 35/41 
INFO  @ Wed, 16 Nov 2022 15:06:29: Groups of gene with 42 sgRNAs per gene: assigning p values based on previous group results. Group progress: 36/41 
INFO  @ Wed, 16 Nov 2022 15:06:29: Groups of gene with 43 sgRNAs per gene: assigning p values based on previous group results. Group progress: 37/41 
INFO  @ Wed, 16 Nov 2022 15:06:29: Groups of gene with 47 sgRNAs per gene: assigning p values based on previous group results. Group progress: 38/41 
INFO  @ Wed, 16 Nov 2022 15:06:29: Groups of gene with 48 sgRNAs per gene: assigning p values based on previous group results. Group progress: 39/41 
INFO  @ Wed, 16 Nov 2022 15:06:29: Groups of gene with 49 sgRNAs per gene: assigning p values based on previous group results. Group progress: 40/41 
INFO  @ Wed, 16 Nov 2022 15:06:29: Groups of gene with 57 sgRNAs per gene: assigning p values based on previous group results. Group progress: 41/41 
INFO  @ Wed, 16 Nov 2022 15:06:29: Writing gene results to mle_HCT116-Ts8.gene_summary.txt 
INFO  @ Wed, 16 Nov 2022 15:06:29: Writing sgRNA results to mle_HCT116-Ts8.sgrna_summary.txt 
