INFO  @ Mon, 30 Jan 2023 14:15:24: Parameters: /gpfs/ycga/scratch60/sheltzer/rah88/nextflow/conda/env-486b0957dbc9b186e3e7f72a002efb06/bin/mageck mle -k count-HCT116-Ts5-i.f.csv -d matrixHCT116-Ts5.txt -n mle_HCT116-Ts5 
INFO  @ Mon, 30 Jan 2023 14:15:25: Cannot parse design matrix as a string; try to parse it as a file name ... 
INFO  @ Mon, 30 Jan 2023 14:15:25: Design matrix: 
INFO  @ Mon, 30 Jan 2023 14:15:25: [[1. 0.] 
INFO  @ Mon, 30 Jan 2023 14:15:25:  [1. 1.]] 
INFO  @ Mon, 30 Jan 2023 14:15:25: Beta labels:baseline,Ts5 
INFO  @ Mon, 30 Jan 2023 14:15:25: Included samples:HCT116-Ts5.initial,HCT116-Ts5.final 
INFO  @ Mon, 30 Jan 2023 14:15:26: Treating count-HCT116-Ts5-i.f.csv as csv file ... 
INFO  @ Mon, 30 Jan 2023 14:15:26: Loaded samples:HCT116-Ts5.initial;HCT116-Ts5.final 
INFO  @ Mon, 30 Jan 2023 14:15:26: Sample index: 0;1 
INFO  @ Mon, 30 Jan 2023 14:15:26: Loaded 3514 genes. 
DEBUG @ Mon, 30 Jan 2023 14:15:26: Initial (total) size factor: 1.093975162262094 0.9208930202534067 
DEBUG @ Mon, 30 Jan 2023 14:15:26: Median factor: 1.0695299036848072 0.9386161483389104 
INFO  @ Mon, 30 Jan 2023 14:15:26: Final size factor: 1.0695299036848072 0.9386161483389104 
INFO  @ Mon, 30 Jan 2023 14:15:26: size factor: 0.9349902200534471,1.0653982480162119 
INFO  @ Mon, 30 Jan 2023 14:15:26: Thread 0 started. 
INFO  @ Mon, 30 Jan 2023 14:15:26: Thread 0: total 1 instances. 
INFO  @ Mon, 30 Jan 2023 14:15:26: Thread 0 completed. 
INFO  @ Mon, 30 Jan 2023 14:15:26: All threads completed. 
INFO  @ Mon, 30 Jan 2023 14:15:26: Modeling the mean and variance ... 
INFO  @ Mon, 30 Jan 2023 14:15:26: Run the algorithm for the second time ... 
INFO  @ Mon, 30 Jan 2023 14:15:26: Skipping gene KMT2C from MLE calculation since there are too many sgRNAs. To change, revise the --max-sgrnapergene-permutation option. 
INFO  @ Mon, 30 Jan 2023 14:15:26: Skipping gene KDM2A from MLE calculation since there are too many sgRNAs. To change, revise the --max-sgrnapergene-permutation option. 
INFO  @ Mon, 30 Jan 2023 14:15:26: Skipping gene KMT2D from MLE calculation since there are too many sgRNAs. To change, revise the --max-sgrnapergene-permutation option. 
INFO  @ Mon, 30 Jan 2023 14:15:26: Skipping gene TDRD6 from MLE calculation since there are too many sgRNAs. To change, revise the --max-sgrnapergene-permutation option. 
INFO  @ Mon, 30 Jan 2023 14:15:26: Skipping gene PBRM1 from MLE calculation since there are too many sgRNAs. To change, revise the --max-sgrnapergene-permutation option. 
INFO  @ Mon, 30 Jan 2023 14:15:26: Skipping gene RNF17 from MLE calculation since there are too many sgRNAs. To change, revise the --max-sgrnapergene-permutation option. 
INFO  @ Mon, 30 Jan 2023 14:15:26: Skipping gene KMT2B from MLE calculation since there are too many sgRNAs. To change, revise the --max-sgrnapergene-permutation option. 
INFO  @ Mon, 30 Jan 2023 14:15:26: Skipping gene KMT2A from MLE calculation since there are too many sgRNAs. To change, revise the --max-sgrnapergene-permutation option. 
INFO  @ Mon, 30 Jan 2023 14:15:26: Skipping gene KDM2B from MLE calculation since there are too many sgRNAs. To change, revise the --max-sgrnapergene-permutation option. 
INFO  @ Mon, 30 Jan 2023 14:15:26: Skipping gene NSD1 from MLE calculation since there are too many sgRNAs. To change, revise the --max-sgrnapergene-permutation option. 
INFO  @ Mon, 30 Jan 2023 14:15:26: Skipping gene NKX2 from MLE calculation since there are too many sgRNAs. To change, revise the --max-sgrnapergene-permutation option. 
INFO  @ Mon, 30 Jan 2023 14:15:26: Thread 0 started. 
INFO  @ Mon, 30 Jan 2023 14:15:26: Thread 0: total 3503 instances. 
INFO  @ Mon, 30 Jan 2023 14:15:26: Thread 0: Calculating UBC (1) ...  
INFO  @ Mon, 30 Jan 2023 14:15:30: Thread 0: Calculating CTSH (1001) ...  
INFO  @ Mon, 30 Jan 2023 14:15:34: Thread 0: Calculating KLHL10 (2001) ...  
INFO  @ Mon, 30 Jan 2023 14:15:38: Thread 0: Calculating JAK2 (3001) ...  
INFO  @ Mon, 30 Jan 2023 14:15:40: Thread 0 completed. 
INFO  @ Mon, 30 Jan 2023 14:15:40: All threads completed. 
INFO  @ Mon, 30 Jan 2023 14:15:41: Permuting groups of gene with 1 sgRNAs per gene. Group progress: 1/41 
INFO  @ Mon, 30 Jan 2023 14:15:41: Start permuting 2 rounds ... 
INFO  @ Mon, 30 Jan 2023 14:15:41: Collecting 25891 sgRNAs from 3514 genes. 
INFO  @ Mon, 30 Jan 2023 14:15:41: Permuting round 0 ... 
INFO  @ Mon, 30 Jan 2023 14:15:41: Thread 0 started. 
INFO  @ Mon, 30 Jan 2023 14:15:41: Thread 0: total 3514 instances. 
INFO  @ Mon, 30 Jan 2023 14:15:41: Thread 0: Calculating UBC (1) ...  
INFO  @ Mon, 30 Jan 2023 14:15:44: Thread 0: Calculating ZNF639 (1001) ...  
INFO  @ Mon, 30 Jan 2023 14:15:47: Thread 0: Calculating BARD1 (2001) ...  
INFO  @ Mon, 30 Jan 2023 14:15:49: Thread 0: Calculating CFB (3001) ...  
INFO  @ Mon, 30 Jan 2023 14:15:50: Thread 0 completed. 
INFO  @ Mon, 30 Jan 2023 14:15:50: All threads completed. 
INFO  @ Mon, 30 Jan 2023 14:15:51: Permuting round 1 ... 
INFO  @ Mon, 30 Jan 2023 14:15:51: Thread 0 started. 
INFO  @ Mon, 30 Jan 2023 14:15:51: Thread 0: total 3514 instances. 
INFO  @ Mon, 30 Jan 2023 14:15:51: Thread 0: Calculating UBC (1) ...  
INFO  @ Mon, 30 Jan 2023 14:15:54: Thread 0: Calculating ZNF639 (1001) ...  
INFO  @ Mon, 30 Jan 2023 14:15:56: Thread 0: Calculating BARD1 (2001) ...  
INFO  @ Mon, 30 Jan 2023 14:15:59: Thread 0: Calculating CFB (3001) ...  
INFO  @ Mon, 30 Jan 2023 14:16:00: Thread 0 completed. 
INFO  @ Mon, 30 Jan 2023 14:16:00: All threads completed. 
INFO  @ Mon, 30 Jan 2023 14:16:01: Assigning p values... 
INFO  @ Mon, 30 Jan 2023 14:16:01: Permuting groups of gene with 2 sgRNAs per gene. Group progress: 2/41 
INFO  @ Mon, 30 Jan 2023 14:16:01: Start permuting 2 rounds ... 
INFO  @ Mon, 30 Jan 2023 14:16:01: Collecting 25891 sgRNAs from 3514 genes. 
INFO  @ Mon, 30 Jan 2023 14:16:01: Permuting round 0 ... 
INFO  @ Mon, 30 Jan 2023 14:16:01: Thread 0 started. 
INFO  @ Mon, 30 Jan 2023 14:16:01: Thread 0: total 3514 instances. 
INFO  @ Mon, 30 Jan 2023 14:16:01: Thread 0: Calculating UBC (1) ...  
INFO  @ Mon, 30 Jan 2023 14:16:05: Thread 0: Calculating ZNF639 (1001) ...  
INFO  @ Mon, 30 Jan 2023 14:16:09: Thread 0: Calculating BARD1 (2001) ...  
INFO  @ Mon, 30 Jan 2023 14:16:13: Thread 0: Calculating CFB (3001) ...  
INFO  @ Mon, 30 Jan 2023 14:16:15: Thread 0 completed. 
INFO  @ Mon, 30 Jan 2023 14:16:15: All threads completed. 
INFO  @ Mon, 30 Jan 2023 14:16:16: Permuting round 1 ... 
INFO  @ Mon, 30 Jan 2023 14:16:16: Thread 0 started. 
INFO  @ Mon, 30 Jan 2023 14:16:16: Thread 0: total 3514 instances. 
INFO  @ Mon, 30 Jan 2023 14:16:16: Thread 0: Calculating UBC (1) ...  
INFO  @ Mon, 30 Jan 2023 14:16:19: Thread 0: Calculating ZNF639 (1001) ...  
INFO  @ Mon, 30 Jan 2023 14:16:23: Thread 0: Calculating BARD1 (2001) ...  
INFO  @ Mon, 30 Jan 2023 14:16:27: Thread 0: Calculating CFB (3001) ...  
INFO  @ Mon, 30 Jan 2023 14:16:29: Thread 0 completed. 
INFO  @ Mon, 30 Jan 2023 14:16:29: All threads completed. 
INFO  @ Mon, 30 Jan 2023 14:16:29: Assigning p values... 
INFO  @ Mon, 30 Jan 2023 14:16:29: Permuting groups of gene with 3 sgRNAs per gene. Group progress: 3/41 
INFO  @ Mon, 30 Jan 2023 14:16:29: Start permuting 2 rounds ... 
INFO  @ Mon, 30 Jan 2023 14:16:30: Collecting 25891 sgRNAs from 3514 genes. 
INFO  @ Mon, 30 Jan 2023 14:16:30: Permuting round 0 ... 
INFO  @ Mon, 30 Jan 2023 14:16:30: Thread 0 started. 
INFO  @ Mon, 30 Jan 2023 14:16:30: Thread 0: total 3514 instances. 
INFO  @ Mon, 30 Jan 2023 14:16:30: Thread 0: Calculating UBC (1) ...  
INFO  @ Mon, 30 Jan 2023 14:16:34: Thread 0: Calculating ZNF639 (1001) ...  
INFO  @ Mon, 30 Jan 2023 14:16:38: Thread 0: Calculating BARD1 (2001) ...  
INFO  @ Mon, 30 Jan 2023 14:16:42: Thread 0: Calculating CFB (3001) ...  
INFO  @ Mon, 30 Jan 2023 14:16:45: Thread 0 completed. 
INFO  @ Mon, 30 Jan 2023 14:16:45: All threads completed. 
INFO  @ Mon, 30 Jan 2023 14:16:45: Permuting round 1 ... 
INFO  @ Mon, 30 Jan 2023 14:16:45: Thread 0 started. 
INFO  @ Mon, 30 Jan 2023 14:16:45: Thread 0: total 3514 instances. 
INFO  @ Mon, 30 Jan 2023 14:16:45: Thread 0: Calculating UBC (1) ...  
INFO  @ Mon, 30 Jan 2023 14:16:50: Thread 0: Calculating ZNF639 (1001) ...  
INFO  @ Mon, 30 Jan 2023 14:16:54: Thread 0: Calculating BARD1 (2001) ...  
INFO  @ Mon, 30 Jan 2023 14:16:58: Thread 0: Calculating CFB (3001) ...  
INFO  @ Mon, 30 Jan 2023 14:17:00: Thread 0 completed. 
INFO  @ Mon, 30 Jan 2023 14:17:00: All threads completed. 
INFO  @ Mon, 30 Jan 2023 14:17:01: Assigning p values... 
INFO  @ Mon, 30 Jan 2023 14:17:01: Permuting groups of gene with 4 sgRNAs per gene. Group progress: 4/41 
INFO  @ Mon, 30 Jan 2023 14:17:01: Start permuting 2 rounds ... 
INFO  @ Mon, 30 Jan 2023 14:17:01: Collecting 25891 sgRNAs from 3514 genes. 
INFO  @ Mon, 30 Jan 2023 14:17:01: Permuting round 0 ... 
INFO  @ Mon, 30 Jan 2023 14:17:02: Thread 0 started. 
INFO  @ Mon, 30 Jan 2023 14:17:02: Thread 0: total 3514 instances. 
INFO  @ Mon, 30 Jan 2023 14:17:02: Thread 0: Calculating UBC (1) ...  
INFO  @ Mon, 30 Jan 2023 14:17:06: Thread 0: Calculating ZNF639 (1001) ...  
INFO  @ Mon, 30 Jan 2023 14:17:10: Thread 0: Calculating BARD1 (2001) ...  
INFO  @ Mon, 30 Jan 2023 14:17:15: Thread 0: Calculating CFB (3001) ...  
INFO  @ Mon, 30 Jan 2023 14:17:17: Thread 0 completed. 
INFO  @ Mon, 30 Jan 2023 14:17:17: All threads completed. 
INFO  @ Mon, 30 Jan 2023 14:17:18: Permuting round 1 ... 
INFO  @ Mon, 30 Jan 2023 14:17:18: Thread 0 started. 
INFO  @ Mon, 30 Jan 2023 14:17:18: Thread 0: total 3514 instances. 
INFO  @ Mon, 30 Jan 2023 14:17:18: Thread 0: Calculating UBC (1) ...  
INFO  @ Mon, 30 Jan 2023 14:17:22: Thread 0: Calculating ZNF639 (1001) ...  
INFO  @ Mon, 30 Jan 2023 14:17:27: Thread 0: Calculating BARD1 (2001) ...  
INFO  @ Mon, 30 Jan 2023 14:17:31: Thread 0: Calculating CFB (3001) ...  
INFO  @ Mon, 30 Jan 2023 14:17:33: Thread 0 completed. 
INFO  @ Mon, 30 Jan 2023 14:17:33: All threads completed. 
INFO  @ Mon, 30 Jan 2023 14:17:34: Assigning p values... 
INFO  @ Mon, 30 Jan 2023 14:17:34: Permuting groups of gene with 5 sgRNAs per gene. Group progress: 5/41 
INFO  @ Mon, 30 Jan 2023 14:17:34: Start permuting 2 rounds ... 
INFO  @ Mon, 30 Jan 2023 14:17:34: Collecting 25891 sgRNAs from 3514 genes. 
INFO  @ Mon, 30 Jan 2023 14:17:35: Permuting round 0 ... 
INFO  @ Mon, 30 Jan 2023 14:17:35: Thread 0 started. 
INFO  @ Mon, 30 Jan 2023 14:17:35: Thread 0: total 3514 instances. 
INFO  @ Mon, 30 Jan 2023 14:17:35: Thread 0: Calculating UBC (1) ...  
INFO  @ Mon, 30 Jan 2023 14:17:40: Thread 0: Calculating ZNF639 (1001) ...  
INFO  @ Mon, 30 Jan 2023 14:17:44: Thread 0: Calculating BARD1 (2001) ...  
INFO  @ Mon, 30 Jan 2023 14:17:48: Thread 0: Calculating CFB (3001) ...  
INFO  @ Mon, 30 Jan 2023 14:17:51: Thread 0 completed. 
INFO  @ Mon, 30 Jan 2023 14:17:51: All threads completed. 
INFO  @ Mon, 30 Jan 2023 14:17:52: Permuting round 1 ... 
INFO  @ Mon, 30 Jan 2023 14:17:52: Thread 0 started. 
INFO  @ Mon, 30 Jan 2023 14:17:52: Thread 0: total 3514 instances. 
INFO  @ Mon, 30 Jan 2023 14:17:52: Thread 0: Calculating UBC (1) ...  
INFO  @ Mon, 30 Jan 2023 14:17:56: Thread 0: Calculating ZNF639 (1001) ...  
INFO  @ Mon, 30 Jan 2023 14:18:01: Thread 0: Calculating BARD1 (2001) ...  
INFO  @ Mon, 30 Jan 2023 14:18:05: Thread 0: Calculating CFB (3001) ...  
INFO  @ Mon, 30 Jan 2023 14:18:08: Thread 0 completed. 
INFO  @ Mon, 30 Jan 2023 14:18:08: All threads completed. 
INFO  @ Mon, 30 Jan 2023 14:18:09: Assigning p values... 
INFO  @ Mon, 30 Jan 2023 14:18:09: Permuting groups of gene with 6 sgRNAs per gene. Group progress: 6/41 
INFO  @ Mon, 30 Jan 2023 14:18:09: Start permuting 2 rounds ... 
INFO  @ Mon, 30 Jan 2023 14:18:09: Collecting 25891 sgRNAs from 3514 genes. 
INFO  @ Mon, 30 Jan 2023 14:18:09: Permuting round 0 ... 
INFO  @ Mon, 30 Jan 2023 14:18:09: Thread 0 started. 
INFO  @ Mon, 30 Jan 2023 14:18:09: Thread 0: total 3514 instances. 
INFO  @ Mon, 30 Jan 2023 14:18:09: Thread 0: Calculating UBC (1) ...  
INFO  @ Mon, 30 Jan 2023 14:18:14: Thread 0: Calculating ZNF639 (1001) ...  
INFO  @ Mon, 30 Jan 2023 14:18:18: Thread 0: Calculating BARD1 (2001) ...  
INFO  @ Mon, 30 Jan 2023 14:18:23: Thread 0: Calculating CFB (3001) ...  
INFO  @ Mon, 30 Jan 2023 14:18:25: Thread 0 completed. 
INFO  @ Mon, 30 Jan 2023 14:18:25: All threads completed. 
INFO  @ Mon, 30 Jan 2023 14:18:26: Permuting round 1 ... 
INFO  @ Mon, 30 Jan 2023 14:18:26: Thread 0 started. 
INFO  @ Mon, 30 Jan 2023 14:18:26: Thread 0: total 3514 instances. 
INFO  @ Mon, 30 Jan 2023 14:18:26: Thread 0: Calculating UBC (1) ...  
INFO  @ Mon, 30 Jan 2023 14:18:31: Thread 0: Calculating ZNF639 (1001) ...  
INFO  @ Mon, 30 Jan 2023 14:18:36: Thread 0: Calculating BARD1 (2001) ...  
INFO  @ Mon, 30 Jan 2023 14:18:40: Thread 0: Calculating CFB (3001) ...  
INFO  @ Mon, 30 Jan 2023 14:18:43: Thread 0 completed. 
INFO  @ Mon, 30 Jan 2023 14:18:43: All threads completed. 
INFO  @ Mon, 30 Jan 2023 14:18:44: Assigning p values... 
INFO  @ Mon, 30 Jan 2023 14:18:44: Permuting groups of gene with 7 sgRNAs per gene. Group progress: 7/41 
INFO  @ Mon, 30 Jan 2023 14:18:44: Start permuting 2 rounds ... 
INFO  @ Mon, 30 Jan 2023 14:18:44: Collecting 25891 sgRNAs from 3514 genes. 
INFO  @ Mon, 30 Jan 2023 14:18:44: Permuting round 0 ... 
INFO  @ Mon, 30 Jan 2023 14:18:44: Thread 0 started. 
INFO  @ Mon, 30 Jan 2023 14:18:44: Thread 0: total 3514 instances. 
INFO  @ Mon, 30 Jan 2023 14:18:44: Thread 0: Calculating UBC (1) ...  
INFO  @ Mon, 30 Jan 2023 14:18:49: Thread 0: Calculating ZNF639 (1001) ...  
INFO  @ Mon, 30 Jan 2023 14:18:54: Thread 0: Calculating BARD1 (2001) ...  
INFO  @ Mon, 30 Jan 2023 14:18:59: Thread 0: Calculating CFB (3001) ...  
INFO  @ Mon, 30 Jan 2023 14:19:01: Thread 0 completed. 
INFO  @ Mon, 30 Jan 2023 14:19:01: All threads completed. 
INFO  @ Mon, 30 Jan 2023 14:19:02: Permuting round 1 ... 
INFO  @ Mon, 30 Jan 2023 14:19:02: Thread 0 started. 
INFO  @ Mon, 30 Jan 2023 14:19:02: Thread 0: total 3514 instances. 
INFO  @ Mon, 30 Jan 2023 14:19:02: Thread 0: Calculating UBC (1) ...  
INFO  @ Mon, 30 Jan 2023 14:19:07: Thread 0: Calculating ZNF639 (1001) ...  
INFO  @ Mon, 30 Jan 2023 14:19:12: Thread 0: Calculating BARD1 (2001) ...  
INFO  @ Mon, 30 Jan 2023 14:19:16: Thread 0: Calculating CFB (3001) ...  
INFO  @ Mon, 30 Jan 2023 14:19:19: Thread 0 completed. 
INFO  @ Mon, 30 Jan 2023 14:19:19: All threads completed. 
INFO  @ Mon, 30 Jan 2023 14:19:20: Assigning p values... 
INFO  @ Mon, 30 Jan 2023 14:19:20: Permuting groups of gene with 8 sgRNAs per gene. Group progress: 8/41 
INFO  @ Mon, 30 Jan 2023 14:19:20: Start permuting 2 rounds ... 
INFO  @ Mon, 30 Jan 2023 14:19:20: Collecting 25891 sgRNAs from 3514 genes. 
INFO  @ Mon, 30 Jan 2023 14:19:20: Permuting round 0 ... 
INFO  @ Mon, 30 Jan 2023 14:19:20: Thread 0 started. 
INFO  @ Mon, 30 Jan 2023 14:19:20: Thread 0: total 3514 instances. 
INFO  @ Mon, 30 Jan 2023 14:19:20: Thread 0: Calculating UBC (1) ...  
INFO  @ Mon, 30 Jan 2023 14:19:25: Thread 0: Calculating ZNF639 (1001) ...  
INFO  @ Mon, 30 Jan 2023 14:19:30: Thread 0: Calculating BARD1 (2001) ...  
INFO  @ Mon, 30 Jan 2023 14:19:35: Thread 0: Calculating CFB (3001) ...  
INFO  @ Mon, 30 Jan 2023 14:19:37: Thread 0 completed. 
INFO  @ Mon, 30 Jan 2023 14:19:37: All threads completed. 
INFO  @ Mon, 30 Jan 2023 14:19:38: Permuting round 1 ... 
INFO  @ Mon, 30 Jan 2023 14:19:38: Thread 0 started. 
INFO  @ Mon, 30 Jan 2023 14:19:38: Thread 0: total 3514 instances. 
INFO  @ Mon, 30 Jan 2023 14:19:38: Thread 0: Calculating UBC (1) ...  
INFO  @ Mon, 30 Jan 2023 14:19:44: Thread 0: Calculating ZNF639 (1001) ...  
INFO  @ Mon, 30 Jan 2023 14:19:48: Thread 0: Calculating BARD1 (2001) ...  
INFO  @ Mon, 30 Jan 2023 14:19:53: Thread 0: Calculating CFB (3001) ...  
INFO  @ Mon, 30 Jan 2023 14:19:56: Thread 0 completed. 
INFO  @ Mon, 30 Jan 2023 14:19:56: All threads completed. 
INFO  @ Mon, 30 Jan 2023 14:19:57: Assigning p values... 
INFO  @ Mon, 30 Jan 2023 14:19:57: Permuting groups of gene with 9 sgRNAs per gene. Group progress: 9/41 
INFO  @ Mon, 30 Jan 2023 14:19:57: Start permuting 2 rounds ... 
INFO  @ Mon, 30 Jan 2023 14:19:57: Collecting 25891 sgRNAs from 3514 genes. 
INFO  @ Mon, 30 Jan 2023 14:19:57: Permuting round 0 ... 
INFO  @ Mon, 30 Jan 2023 14:19:57: Thread 0 started. 
INFO  @ Mon, 30 Jan 2023 14:19:57: Thread 0: total 3514 instances. 
INFO  @ Mon, 30 Jan 2023 14:19:57: Thread 0: Calculating UBC (1) ...  
INFO  @ Mon, 30 Jan 2023 14:20:02: Thread 0: Calculating ZNF639 (1001) ...  
INFO  @ Mon, 30 Jan 2023 14:20:07: Thread 0: Calculating BARD1 (2001) ...  
INFO  @ Mon, 30 Jan 2023 14:20:12: Thread 0: Calculating CFB (3001) ...  
INFO  @ Mon, 30 Jan 2023 14:20:15: Thread 0 completed. 
INFO  @ Mon, 30 Jan 2023 14:20:15: All threads completed. 
INFO  @ Mon, 30 Jan 2023 14:20:16: Permuting round 1 ... 
INFO  @ Mon, 30 Jan 2023 14:20:16: Thread 0 started. 
INFO  @ Mon, 30 Jan 2023 14:20:16: Thread 0: total 3514 instances. 
INFO  @ Mon, 30 Jan 2023 14:20:16: Thread 0: Calculating UBC (1) ...  
INFO  @ Mon, 30 Jan 2023 14:20:21: Thread 0: Calculating ZNF639 (1001) ...  
INFO  @ Mon, 30 Jan 2023 14:20:26: Thread 0: Calculating BARD1 (2001) ...  
INFO  @ Mon, 30 Jan 2023 14:20:31: Thread 0: Calculating CFB (3001) ...  
INFO  @ Mon, 30 Jan 2023 14:20:33: Thread 0 completed. 
INFO  @ Mon, 30 Jan 2023 14:20:33: All threads completed. 
INFO  @ Mon, 30 Jan 2023 14:20:34: Assigning p values... 
INFO  @ Mon, 30 Jan 2023 14:20:34: Permuting groups of gene with 10 sgRNAs per gene. Group progress: 10/41 
INFO  @ Mon, 30 Jan 2023 14:20:34: Start permuting 2 rounds ... 
INFO  @ Mon, 30 Jan 2023 14:20:34: Collecting 25891 sgRNAs from 3514 genes. 
INFO  @ Mon, 30 Jan 2023 14:20:35: Permuting round 0 ... 
INFO  @ Mon, 30 Jan 2023 14:20:35: Thread 0 started. 
INFO  @ Mon, 30 Jan 2023 14:20:35: Thread 0: total 3514 instances. 
INFO  @ Mon, 30 Jan 2023 14:20:35: Thread 0: Calculating UBC (1) ...  
INFO  @ Mon, 30 Jan 2023 14:20:40: Thread 0: Calculating ZNF639 (1001) ...  
INFO  @ Mon, 30 Jan 2023 14:20:45: Thread 0: Calculating BARD1 (2001) ...  
INFO  @ Mon, 30 Jan 2023 14:20:50: Thread 0: Calculating CFB (3001) ...  
INFO  @ Mon, 30 Jan 2023 14:20:53: Thread 0 completed. 
INFO  @ Mon, 30 Jan 2023 14:20:53: All threads completed. 
INFO  @ Mon, 30 Jan 2023 14:20:54: Permuting round 1 ... 
INFO  @ Mon, 30 Jan 2023 14:20:54: Thread 0 started. 
INFO  @ Mon, 30 Jan 2023 14:20:54: Thread 0: total 3514 instances. 
INFO  @ Mon, 30 Jan 2023 14:20:54: Thread 0: Calculating UBC (1) ...  
INFO  @ Mon, 30 Jan 2023 14:20:59: Thread 0: Calculating ZNF639 (1001) ...  
INFO  @ Mon, 30 Jan 2023 14:21:04: Thread 0: Calculating BARD1 (2001) ...  
INFO  @ Mon, 30 Jan 2023 14:21:09: Thread 0: Calculating CFB (3001) ...  
INFO  @ Mon, 30 Jan 2023 14:21:12: Thread 0 completed. 
INFO  @ Mon, 30 Jan 2023 14:21:12: All threads completed. 
INFO  @ Mon, 30 Jan 2023 14:21:13: Assigning p values... 
INFO  @ Mon, 30 Jan 2023 14:21:13: Permuting groups of gene with 11 sgRNAs per gene. Group progress: 11/41 
INFO  @ Mon, 30 Jan 2023 14:21:13: Start permuting 2 rounds ... 
INFO  @ Mon, 30 Jan 2023 14:21:13: Collecting 25891 sgRNAs from 3514 genes. 
INFO  @ Mon, 30 Jan 2023 14:21:13: Permuting round 0 ... 
INFO  @ Mon, 30 Jan 2023 14:21:13: Thread 0 started. 
INFO  @ Mon, 30 Jan 2023 14:21:13: Thread 0: total 3514 instances. 
INFO  @ Mon, 30 Jan 2023 14:21:13: Thread 0: Calculating UBC (1) ...  
INFO  @ Mon, 30 Jan 2023 14:21:19: Thread 0: Calculating ZNF639 (1001) ...  
INFO  @ Mon, 30 Jan 2023 14:21:24: Thread 0: Calculating BARD1 (2001) ...  
INFO  @ Mon, 30 Jan 2023 14:21:29: Thread 0: Calculating CFB (3001) ...  
INFO  @ Mon, 30 Jan 2023 14:21:31: Thread 0 completed. 
INFO  @ Mon, 30 Jan 2023 14:21:31: All threads completed. 
INFO  @ Mon, 30 Jan 2023 14:21:32: Permuting round 1 ... 
INFO  @ Mon, 30 Jan 2023 14:21:32: Thread 0 started. 
INFO  @ Mon, 30 Jan 2023 14:21:32: Thread 0: total 3514 instances. 
INFO  @ Mon, 30 Jan 2023 14:21:32: Thread 0: Calculating UBC (1) ...  
INFO  @ Mon, 30 Jan 2023 14:21:38: Thread 0: Calculating ZNF639 (1001) ...  
INFO  @ Mon, 30 Jan 2023 14:21:43: Thread 0: Calculating BARD1 (2001) ...  
INFO  @ Mon, 30 Jan 2023 14:21:48: Thread 0: Calculating CFB (3001) ...  
INFO  @ Mon, 30 Jan 2023 14:21:51: Thread 0 completed. 
INFO  @ Mon, 30 Jan 2023 14:21:51: All threads completed. 
INFO  @ Mon, 30 Jan 2023 14:21:51: Assigning p values... 
INFO  @ Mon, 30 Jan 2023 14:21:51: Permuting groups of gene with 12 sgRNAs per gene. Group progress: 12/41 
INFO  @ Mon, 30 Jan 2023 14:21:51: Start permuting 2 rounds ... 
INFO  @ Mon, 30 Jan 2023 14:21:52: Collecting 25891 sgRNAs from 3514 genes. 
INFO  @ Mon, 30 Jan 2023 14:21:52: Permuting round 0 ... 
INFO  @ Mon, 30 Jan 2023 14:21:52: Thread 0 started. 
INFO  @ Mon, 30 Jan 2023 14:21:52: Thread 0: total 3514 instances. 
INFO  @ Mon, 30 Jan 2023 14:21:52: Thread 0: Calculating UBC (1) ...  
INFO  @ Mon, 30 Jan 2023 14:21:57: Thread 0: Calculating ZNF639 (1001) ...  
INFO  @ Mon, 30 Jan 2023 14:22:02: Thread 0: Calculating BARD1 (2001) ...  
INFO  @ Mon, 30 Jan 2023 14:22:07: Thread 0: Calculating CFB (3001) ...  
INFO  @ Mon, 30 Jan 2023 14:22:10: Thread 0 completed. 
INFO  @ Mon, 30 Jan 2023 14:22:10: All threads completed. 
INFO  @ Mon, 30 Jan 2023 14:22:11: Permuting round 1 ... 
INFO  @ Mon, 30 Jan 2023 14:22:11: Thread 0 started. 
INFO  @ Mon, 30 Jan 2023 14:22:11: Thread 0: total 3514 instances. 
INFO  @ Mon, 30 Jan 2023 14:22:11: Thread 0: Calculating UBC (1) ...  
INFO  @ Mon, 30 Jan 2023 14:22:16: Thread 0: Calculating ZNF639 (1001) ...  
INFO  @ Mon, 30 Jan 2023 14:22:22: Thread 0: Calculating BARD1 (2001) ...  
INFO  @ Mon, 30 Jan 2023 14:22:27: Thread 0: Calculating CFB (3001) ...  
INFO  @ Mon, 30 Jan 2023 14:22:30: Thread 0 completed. 
INFO  @ Mon, 30 Jan 2023 14:22:30: All threads completed. 
INFO  @ Mon, 30 Jan 2023 14:22:31: Assigning p values... 
INFO  @ Mon, 30 Jan 2023 14:22:31: Permuting groups of gene with 13 sgRNAs per gene. Group progress: 13/41 
INFO  @ Mon, 30 Jan 2023 14:22:31: Start permuting 2 rounds ... 
INFO  @ Mon, 30 Jan 2023 14:22:31: Collecting 25891 sgRNAs from 3514 genes. 
INFO  @ Mon, 30 Jan 2023 14:22:31: Permuting round 0 ... 
INFO  @ Mon, 30 Jan 2023 14:22:31: Thread 0 started. 
INFO  @ Mon, 30 Jan 2023 14:22:31: Thread 0: total 3514 instances. 
INFO  @ Mon, 30 Jan 2023 14:22:31: Thread 0: Calculating UBC (1) ...  
INFO  @ Mon, 30 Jan 2023 14:22:37: Thread 0: Calculating ZNF639 (1001) ...  
INFO  @ Mon, 30 Jan 2023 14:22:42: Thread 0: Calculating BARD1 (2001) ...  
INFO  @ Mon, 30 Jan 2023 14:22:47: Thread 0: Calculating CFB (3001) ...  
INFO  @ Mon, 30 Jan 2023 14:22:50: Thread 0 completed. 
INFO  @ Mon, 30 Jan 2023 14:22:50: All threads completed. 
INFO  @ Mon, 30 Jan 2023 14:22:51: Permuting round 1 ... 
INFO  @ Mon, 30 Jan 2023 14:22:51: Thread 0 started. 
INFO  @ Mon, 30 Jan 2023 14:22:51: Thread 0: total 3514 instances. 
INFO  @ Mon, 30 Jan 2023 14:22:51: Thread 0: Calculating UBC (1) ...  
INFO  @ Mon, 30 Jan 2023 14:22:57: Thread 0: Calculating ZNF639 (1001) ...  
INFO  @ Mon, 30 Jan 2023 14:23:02: Thread 0: Calculating BARD1 (2001) ...  
INFO  @ Mon, 30 Jan 2023 14:23:07: Thread 0: Calculating CFB (3001) ...  
INFO  @ Mon, 30 Jan 2023 14:23:10: Thread 0 completed. 
INFO  @ Mon, 30 Jan 2023 14:23:10: All threads completed. 
INFO  @ Mon, 30 Jan 2023 14:23:11: Assigning p values... 
INFO  @ Mon, 30 Jan 2023 14:23:11: Permuting groups of gene with 14 sgRNAs per gene. Group progress: 14/41 
INFO  @ Mon, 30 Jan 2023 14:23:11: Start permuting 2 rounds ... 
INFO  @ Mon, 30 Jan 2023 14:23:11: Collecting 25891 sgRNAs from 3514 genes. 
INFO  @ Mon, 30 Jan 2023 14:23:12: Permuting round 0 ... 
INFO  @ Mon, 30 Jan 2023 14:23:12: Thread 0 started. 
INFO  @ Mon, 30 Jan 2023 14:23:12: Thread 0: total 3514 instances. 
INFO  @ Mon, 30 Jan 2023 14:23:12: Thread 0: Calculating UBC (1) ...  
INFO  @ Mon, 30 Jan 2023 14:23:17: Thread 0: Calculating ZNF639 (1001) ...  
INFO  @ Mon, 30 Jan 2023 14:23:23: Thread 0: Calculating BARD1 (2001) ...  
INFO  @ Mon, 30 Jan 2023 14:23:28: Thread 0: Calculating CFB (3001) ...  
INFO  @ Mon, 30 Jan 2023 14:23:31: Thread 0 completed. 
INFO  @ Mon, 30 Jan 2023 14:23:31: All threads completed. 
INFO  @ Mon, 30 Jan 2023 14:23:32: Permuting round 1 ... 
INFO  @ Mon, 30 Jan 2023 14:23:32: Thread 0 started. 
INFO  @ Mon, 30 Jan 2023 14:23:32: Thread 0: total 3514 instances. 
INFO  @ Mon, 30 Jan 2023 14:23:32: Thread 0: Calculating UBC (1) ...  
INFO  @ Mon, 30 Jan 2023 14:23:37: Thread 0: Calculating ZNF639 (1001) ...  
INFO  @ Mon, 30 Jan 2023 14:23:43: Thread 0: Calculating BARD1 (2001) ...  
INFO  @ Mon, 30 Jan 2023 14:23:48: Thread 0: Calculating CFB (3001) ...  
INFO  @ Mon, 30 Jan 2023 14:23:51: Thread 0 completed. 
INFO  @ Mon, 30 Jan 2023 14:23:51: All threads completed. 
INFO  @ Mon, 30 Jan 2023 14:23:52: Assigning p values... 
INFO  @ Mon, 30 Jan 2023 14:23:52: Permuting groups of gene with 15 sgRNAs per gene. Group progress: 15/41 
INFO  @ Mon, 30 Jan 2023 14:23:52: Start permuting 2 rounds ... 
INFO  @ Mon, 30 Jan 2023 14:23:52: Collecting 25891 sgRNAs from 3514 genes. 
INFO  @ Mon, 30 Jan 2023 14:23:53: Permuting round 0 ... 
INFO  @ Mon, 30 Jan 2023 14:23:53: Thread 0 started. 
INFO  @ Mon, 30 Jan 2023 14:23:53: Thread 0: total 3514 instances. 
INFO  @ Mon, 30 Jan 2023 14:23:53: Thread 0: Calculating UBC (1) ...  
INFO  @ Mon, 30 Jan 2023 14:23:58: Thread 0: Calculating ZNF639 (1001) ...  
INFO  @ Mon, 30 Jan 2023 14:24:04: Thread 0: Calculating BARD1 (2001) ...  
INFO  @ Mon, 30 Jan 2023 14:24:09: Thread 0: Calculating CFB (3001) ...  
INFO  @ Mon, 30 Jan 2023 14:24:12: Thread 0 completed. 
INFO  @ Mon, 30 Jan 2023 14:24:12: All threads completed. 
INFO  @ Mon, 30 Jan 2023 14:24:13: Permuting round 1 ... 
INFO  @ Mon, 30 Jan 2023 14:24:13: Thread 0 started. 
INFO  @ Mon, 30 Jan 2023 14:24:13: Thread 0: total 3514 instances. 
INFO  @ Mon, 30 Jan 2023 14:24:13: Thread 0: Calculating UBC (1) ...  
INFO  @ Mon, 30 Jan 2023 14:24:19: Thread 0: Calculating ZNF639 (1001) ...  
INFO  @ Mon, 30 Jan 2023 14:24:24: Thread 0: Calculating BARD1 (2001) ...  
INFO  @ Mon, 30 Jan 2023 14:24:30: Thread 0: Calculating CFB (3001) ...  
INFO  @ Mon, 30 Jan 2023 14:24:32: Thread 0 completed. 
INFO  @ Mon, 30 Jan 2023 14:24:32: All threads completed. 
INFO  @ Mon, 30 Jan 2023 14:24:33: Assigning p values... 
INFO  @ Mon, 30 Jan 2023 14:24:33: Permuting groups of gene with 16 sgRNAs per gene. Group progress: 16/41 
INFO  @ Mon, 30 Jan 2023 14:24:33: Start permuting 2 rounds ... 
INFO  @ Mon, 30 Jan 2023 14:24:34: Collecting 25891 sgRNAs from 3514 genes. 
INFO  @ Mon, 30 Jan 2023 14:24:34: Permuting round 0 ... 
INFO  @ Mon, 30 Jan 2023 14:24:34: Thread 0 started. 
INFO  @ Mon, 30 Jan 2023 14:24:34: Thread 0: total 3514 instances. 
INFO  @ Mon, 30 Jan 2023 14:24:34: Thread 0: Calculating UBC (1) ...  
INFO  @ Mon, 30 Jan 2023 14:24:40: Thread 0: Calculating ZNF639 (1001) ...  
INFO  @ Mon, 30 Jan 2023 14:24:45: Thread 0: Calculating BARD1 (2001) ...  
INFO  @ Mon, 30 Jan 2023 14:24:51: Thread 0: Calculating CFB (3001) ...  
INFO  @ Mon, 30 Jan 2023 14:24:53: Thread 0 completed. 
INFO  @ Mon, 30 Jan 2023 14:24:53: All threads completed. 
INFO  @ Mon, 30 Jan 2023 14:24:54: Permuting round 1 ... 
INFO  @ Mon, 30 Jan 2023 14:24:55: Thread 0 started. 
INFO  @ Mon, 30 Jan 2023 14:24:55: Thread 0: total 3514 instances. 
INFO  @ Mon, 30 Jan 2023 14:24:55: Thread 0: Calculating UBC (1) ...  
INFO  @ Mon, 30 Jan 2023 14:25:00: Thread 0: Calculating ZNF639 (1001) ...  
INFO  @ Mon, 30 Jan 2023 14:25:06: Thread 0: Calculating BARD1 (2001) ...  
INFO  @ Mon, 30 Jan 2023 14:25:11: Thread 0: Calculating CFB (3001) ...  
INFO  @ Mon, 30 Jan 2023 14:25:14: Thread 0 completed. 
INFO  @ Mon, 30 Jan 2023 14:25:14: All threads completed. 
INFO  @ Mon, 30 Jan 2023 14:25:15: Assigning p values... 
INFO  @ Mon, 30 Jan 2023 14:25:15: Permuting groups of gene with 17 sgRNAs per gene. Group progress: 17/41 
INFO  @ Mon, 30 Jan 2023 14:25:15: Start permuting 2 rounds ... 
INFO  @ Mon, 30 Jan 2023 14:25:15: Collecting 25891 sgRNAs from 3514 genes. 
INFO  @ Mon, 30 Jan 2023 14:25:16: Permuting round 0 ... 
INFO  @ Mon, 30 Jan 2023 14:25:16: Thread 0 started. 
INFO  @ Mon, 30 Jan 2023 14:25:16: Thread 0: total 3514 instances. 
INFO  @ Mon, 30 Jan 2023 14:25:16: Thread 0: Calculating UBC (1) ...  
INFO  @ Mon, 30 Jan 2023 14:25:21: Thread 0: Calculating ZNF639 (1001) ...  
INFO  @ Mon, 30 Jan 2023 14:25:27: Thread 0: Calculating BARD1 (2001) ...  
INFO  @ Mon, 30 Jan 2023 14:25:33: Thread 0: Calculating CFB (3001) ...  
INFO  @ Mon, 30 Jan 2023 14:25:36: Thread 0 completed. 
INFO  @ Mon, 30 Jan 2023 14:25:36: All threads completed. 
INFO  @ Mon, 30 Jan 2023 14:25:37: Permuting round 1 ... 
INFO  @ Mon, 30 Jan 2023 14:25:37: Thread 0 started. 
INFO  @ Mon, 30 Jan 2023 14:25:37: Thread 0: total 3514 instances. 
INFO  @ Mon, 30 Jan 2023 14:25:37: Thread 0: Calculating UBC (1) ...  
INFO  @ Mon, 30 Jan 2023 14:25:42: Thread 0: Calculating ZNF639 (1001) ...  
INFO  @ Mon, 30 Jan 2023 14:25:48: Thread 0: Calculating BARD1 (2001) ...  
INFO  @ Mon, 30 Jan 2023 14:25:54: Thread 0: Calculating CFB (3001) ...  
INFO  @ Mon, 30 Jan 2023 14:25:57: Thread 0 completed. 
INFO  @ Mon, 30 Jan 2023 14:25:57: All threads completed. 
INFO  @ Mon, 30 Jan 2023 14:25:58: Assigning p values... 
INFO  @ Mon, 30 Jan 2023 14:25:58: Permuting groups of gene with 18 sgRNAs per gene. Group progress: 18/41 
INFO  @ Mon, 30 Jan 2023 14:25:58: Start permuting 2 rounds ... 
INFO  @ Mon, 30 Jan 2023 14:25:58: Collecting 25891 sgRNAs from 3514 genes. 
INFO  @ Mon, 30 Jan 2023 14:25:58: Permuting round 0 ... 
INFO  @ Mon, 30 Jan 2023 14:25:58: Thread 0 started. 
INFO  @ Mon, 30 Jan 2023 14:25:58: Thread 0: total 3514 instances. 
INFO  @ Mon, 30 Jan 2023 14:25:58: Thread 0: Calculating UBC (1) ...  
INFO  @ Mon, 30 Jan 2023 14:26:04: Thread 0: Calculating ZNF639 (1001) ...  
INFO  @ Mon, 30 Jan 2023 14:26:10: Thread 0: Calculating BARD1 (2001) ...  
INFO  @ Mon, 30 Jan 2023 14:26:16: Thread 0: Calculating CFB (3001) ...  
INFO  @ Mon, 30 Jan 2023 14:26:19: Thread 0 completed. 
INFO  @ Mon, 30 Jan 2023 14:26:19: All threads completed. 
INFO  @ Mon, 30 Jan 2023 14:26:20: Permuting round 1 ... 
INFO  @ Mon, 30 Jan 2023 14:26:20: Thread 0 started. 
INFO  @ Mon, 30 Jan 2023 14:26:20: Thread 0: total 3514 instances. 
INFO  @ Mon, 30 Jan 2023 14:26:20: Thread 0: Calculating UBC (1) ...  
INFO  @ Mon, 30 Jan 2023 14:26:26: Thread 0: Calculating ZNF639 (1001) ...  
INFO  @ Mon, 30 Jan 2023 14:26:32: Thread 0: Calculating BARD1 (2001) ...  
INFO  @ Mon, 30 Jan 2023 14:26:37: Thread 0: Calculating CFB (3001) ...  
INFO  @ Mon, 30 Jan 2023 14:26:40: Thread 0 completed. 
INFO  @ Mon, 30 Jan 2023 14:26:40: All threads completed. 
INFO  @ Mon, 30 Jan 2023 14:26:41: Assigning p values... 
INFO  @ Mon, 30 Jan 2023 14:26:41: Permuting groups of gene with 19 sgRNAs per gene. Group progress: 19/41 
INFO  @ Mon, 30 Jan 2023 14:26:41: Start permuting 2 rounds ... 
INFO  @ Mon, 30 Jan 2023 14:26:42: Collecting 25891 sgRNAs from 3514 genes. 
INFO  @ Mon, 30 Jan 2023 14:26:42: Permuting round 0 ... 
INFO  @ Mon, 30 Jan 2023 14:26:42: Thread 0 started. 
INFO  @ Mon, 30 Jan 2023 14:26:42: Thread 0: total 3514 instances. 
INFO  @ Mon, 30 Jan 2023 14:26:42: Thread 0: Calculating UBC (1) ...  
INFO  @ Mon, 30 Jan 2023 14:26:48: Thread 0: Calculating ZNF639 (1001) ...  
INFO  @ Mon, 30 Jan 2023 14:26:54: Thread 0: Calculating BARD1 (2001) ...  
INFO  @ Mon, 30 Jan 2023 14:27:00: Thread 0: Calculating CFB (3001) ...  
INFO  @ Mon, 30 Jan 2023 14:27:03: Thread 0 completed. 
INFO  @ Mon, 30 Jan 2023 14:27:03: All threads completed. 
INFO  @ Mon, 30 Jan 2023 14:27:03: Permuting round 1 ... 
INFO  @ Mon, 30 Jan 2023 14:27:04: Thread 0 started. 
INFO  @ Mon, 30 Jan 2023 14:27:04: Thread 0: total 3514 instances. 
INFO  @ Mon, 30 Jan 2023 14:27:04: Thread 0: Calculating UBC (1) ...  
INFO  @ Mon, 30 Jan 2023 14:27:10: Thread 0: Calculating ZNF639 (1001) ...  
INFO  @ Mon, 30 Jan 2023 14:27:16: Thread 0: Calculating BARD1 (2001) ...  
INFO  @ Mon, 30 Jan 2023 14:27:21: Thread 0: Calculating CFB (3001) ...  
INFO  @ Mon, 30 Jan 2023 14:27:24: Thread 0 completed. 
INFO  @ Mon, 30 Jan 2023 14:27:24: All threads completed. 
INFO  @ Mon, 30 Jan 2023 14:27:25: Assigning p values... 
INFO  @ Mon, 30 Jan 2023 14:27:25: Permuting groups of gene with 20 sgRNAs per gene. Group progress: 20/41 
INFO  @ Mon, 30 Jan 2023 14:27:25: Start permuting 2 rounds ... 
INFO  @ Mon, 30 Jan 2023 14:27:26: Collecting 25891 sgRNAs from 3514 genes. 
INFO  @ Mon, 30 Jan 2023 14:27:26: Permuting round 0 ... 
INFO  @ Mon, 30 Jan 2023 14:27:26: Thread 0 started. 
INFO  @ Mon, 30 Jan 2023 14:27:26: Thread 0: total 3514 instances. 
INFO  @ Mon, 30 Jan 2023 14:27:26: Thread 0: Calculating UBC (1) ...  
INFO  @ Mon, 30 Jan 2023 14:27:32: Thread 0: Calculating ZNF639 (1001) ...  
INFO  @ Mon, 30 Jan 2023 14:27:38: Thread 0: Calculating BARD1 (2001) ...  
INFO  @ Mon, 30 Jan 2023 14:27:44: Thread 0: Calculating CFB (3001) ...  
INFO  @ Mon, 30 Jan 2023 14:27:47: Thread 0 completed. 
INFO  @ Mon, 30 Jan 2023 14:27:47: All threads completed. 
INFO  @ Mon, 30 Jan 2023 14:27:48: Permuting round 1 ... 
INFO  @ Mon, 30 Jan 2023 14:27:48: Thread 0 started. 
INFO  @ Mon, 30 Jan 2023 14:27:48: Thread 0: total 3514 instances. 
INFO  @ Mon, 30 Jan 2023 14:27:48: Thread 0: Calculating UBC (1) ...  
INFO  @ Mon, 30 Jan 2023 14:27:54: Thread 0: Calculating ZNF639 (1001) ...  
INFO  @ Mon, 30 Jan 2023 14:28:00: Thread 0: Calculating BARD1 (2001) ...  
INFO  @ Mon, 30 Jan 2023 14:28:06: Thread 0: Calculating CFB (3001) ...  
INFO  @ Mon, 30 Jan 2023 14:28:10: Thread 0 completed. 
INFO  @ Mon, 30 Jan 2023 14:28:10: All threads completed. 
INFO  @ Mon, 30 Jan 2023 14:28:11: Assigning p values... 
INFO  @ Mon, 30 Jan 2023 14:28:11: Permuting groups of gene with 21 sgRNAs per gene. Group progress: 21/41 
INFO  @ Mon, 30 Jan 2023 14:28:11: Start permuting 2 rounds ... 
INFO  @ Mon, 30 Jan 2023 14:28:11: Collecting 25891 sgRNAs from 3514 genes. 
INFO  @ Mon, 30 Jan 2023 14:28:11: Permuting round 0 ... 
INFO  @ Mon, 30 Jan 2023 14:28:11: Thread 0 started. 
INFO  @ Mon, 30 Jan 2023 14:28:11: Thread 0: total 3514 instances. 
INFO  @ Mon, 30 Jan 2023 14:28:11: Thread 0: Calculating UBC (1) ...  
INFO  @ Mon, 30 Jan 2023 14:28:17: Thread 0: Calculating ZNF639 (1001) ...  
INFO  @ Mon, 30 Jan 2023 14:28:24: Thread 0: Calculating BARD1 (2001) ...  
INFO  @ Mon, 30 Jan 2023 14:28:30: Thread 0: Calculating CFB (3001) ...  
INFO  @ Mon, 30 Jan 2023 14:28:33: Thread 0 completed. 
INFO  @ Mon, 30 Jan 2023 14:28:33: All threads completed. 
INFO  @ Mon, 30 Jan 2023 14:28:34: Permuting round 1 ... 
INFO  @ Mon, 30 Jan 2023 14:28:34: Thread 0 started. 
INFO  @ Mon, 30 Jan 2023 14:28:34: Thread 0: total 3514 instances. 
INFO  @ Mon, 30 Jan 2023 14:28:34: Thread 0: Calculating UBC (1) ...  
INFO  @ Mon, 30 Jan 2023 14:28:40: Thread 0: Calculating ZNF639 (1001) ...  
INFO  @ Mon, 30 Jan 2023 14:28:47: Thread 0: Calculating BARD1 (2001) ...  
INFO  @ Mon, 30 Jan 2023 14:28:53: Thread 0: Calculating CFB (3001) ...  
INFO  @ Mon, 30 Jan 2023 14:28:56: Thread 0 completed. 
INFO  @ Mon, 30 Jan 2023 14:28:56: All threads completed. 
INFO  @ Mon, 30 Jan 2023 14:28:57: Assigning p values... 
INFO  @ Mon, 30 Jan 2023 14:28:57: Permuting groups of gene with 22 sgRNAs per gene. Group progress: 22/41 
INFO  @ Mon, 30 Jan 2023 14:28:57: Start permuting 2 rounds ... 
INFO  @ Mon, 30 Jan 2023 14:28:57: Collecting 25891 sgRNAs from 3514 genes. 
INFO  @ Mon, 30 Jan 2023 14:28:57: Permuting round 0 ... 
INFO  @ Mon, 30 Jan 2023 14:28:58: Thread 0 started. 
INFO  @ Mon, 30 Jan 2023 14:28:58: Thread 0: total 3514 instances. 
INFO  @ Mon, 30 Jan 2023 14:28:58: Thread 0: Calculating UBC (1) ...  
INFO  @ Mon, 30 Jan 2023 14:29:04: Thread 0: Calculating ZNF639 (1001) ...  
INFO  @ Mon, 30 Jan 2023 14:29:10: Thread 0: Calculating BARD1 (2001) ...  
INFO  @ Mon, 30 Jan 2023 14:29:16: Thread 0: Calculating CFB (3001) ...  
INFO  @ Mon, 30 Jan 2023 14:29:20: Thread 0 completed. 
INFO  @ Mon, 30 Jan 2023 14:29:20: All threads completed. 
INFO  @ Mon, 30 Jan 2023 14:29:21: Permuting round 1 ... 
INFO  @ Mon, 30 Jan 2023 14:29:21: Thread 0 started. 
INFO  @ Mon, 30 Jan 2023 14:29:21: Thread 0: total 3514 instances. 
INFO  @ Mon, 30 Jan 2023 14:29:21: Thread 0: Calculating UBC (1) ...  
INFO  @ Mon, 30 Jan 2023 14:29:27: Thread 0: Calculating ZNF639 (1001) ...  
INFO  @ Mon, 30 Jan 2023 14:29:34: Thread 0: Calculating BARD1 (2001) ...  
INFO  @ Mon, 30 Jan 2023 14:29:40: Thread 0: Calculating CFB (3001) ...  
INFO  @ Mon, 30 Jan 2023 14:29:43: Thread 0 completed. 
INFO  @ Mon, 30 Jan 2023 14:29:43: All threads completed. 
INFO  @ Mon, 30 Jan 2023 14:29:44: Assigning p values... 
INFO  @ Mon, 30 Jan 2023 14:29:44: Permuting groups of gene with 23 sgRNAs per gene. Group progress: 23/41 
INFO  @ Mon, 30 Jan 2023 14:29:44: Start permuting 2 rounds ... 
INFO  @ Mon, 30 Jan 2023 14:29:44: Collecting 25891 sgRNAs from 3514 genes. 
INFO  @ Mon, 30 Jan 2023 14:29:45: Permuting round 0 ... 
INFO  @ Mon, 30 Jan 2023 14:29:45: Thread 0 started. 
INFO  @ Mon, 30 Jan 2023 14:29:45: Thread 0: total 3514 instances. 
INFO  @ Mon, 30 Jan 2023 14:29:45: Thread 0: Calculating UBC (1) ...  
INFO  @ Mon, 30 Jan 2023 14:29:51: Thread 0: Calculating ZNF639 (1001) ...  
INFO  @ Mon, 30 Jan 2023 14:29:57: Thread 0: Calculating BARD1 (2001) ...  
INFO  @ Mon, 30 Jan 2023 14:30:03: Thread 0: Calculating CFB (3001) ...  
INFO  @ Mon, 30 Jan 2023 14:30:07: Thread 0 completed. 
INFO  @ Mon, 30 Jan 2023 14:30:07: All threads completed. 
INFO  @ Mon, 30 Jan 2023 14:30:08: Permuting round 1 ... 
INFO  @ Mon, 30 Jan 2023 14:30:08: Thread 0 started. 
INFO  @ Mon, 30 Jan 2023 14:30:08: Thread 0: total 3514 instances. 
INFO  @ Mon, 30 Jan 2023 14:30:08: Thread 0: Calculating UBC (1) ...  
INFO  @ Mon, 30 Jan 2023 14:30:14: Thread 0: Calculating ZNF639 (1001) ...  
INFO  @ Mon, 30 Jan 2023 14:30:21: Thread 0: Calculating BARD1 (2001) ...  
INFO  @ Mon, 30 Jan 2023 14:30:27: Thread 0: Calculating CFB (3001) ...  
INFO  @ Mon, 30 Jan 2023 14:30:30: Thread 0 completed. 
INFO  @ Mon, 30 Jan 2023 14:30:30: All threads completed. 
INFO  @ Mon, 30 Jan 2023 14:30:31: Assigning p values... 
INFO  @ Mon, 30 Jan 2023 14:30:31: Permuting groups of gene with 24 sgRNAs per gene. Group progress: 24/41 
INFO  @ Mon, 30 Jan 2023 14:30:31: Start permuting 2 rounds ... 
INFO  @ Mon, 30 Jan 2023 14:30:31: Collecting 25891 sgRNAs from 3514 genes. 
INFO  @ Mon, 30 Jan 2023 14:30:32: Permuting round 0 ... 
INFO  @ Mon, 30 Jan 2023 14:30:32: Thread 0 started. 
INFO  @ Mon, 30 Jan 2023 14:30:32: Thread 0: total 3514 instances. 
INFO  @ Mon, 30 Jan 2023 14:30:32: Thread 0: Calculating UBC (1) ...  
INFO  @ Mon, 30 Jan 2023 14:30:38: Thread 0: Calculating ZNF639 (1001) ...  
INFO  @ Mon, 30 Jan 2023 14:30:45: Thread 0: Calculating BARD1 (2001) ...  
INFO  @ Mon, 30 Jan 2023 14:30:51: Thread 0: Calculating CFB (3001) ...  
INFO  @ Mon, 30 Jan 2023 14:30:54: Thread 0 completed. 
INFO  @ Mon, 30 Jan 2023 14:30:54: All threads completed. 
INFO  @ Mon, 30 Jan 2023 14:30:55: Permuting round 1 ... 
INFO  @ Mon, 30 Jan 2023 14:30:55: Thread 0 started. 
INFO  @ Mon, 30 Jan 2023 14:30:55: Thread 0: total 3514 instances. 
INFO  @ Mon, 30 Jan 2023 14:30:55: Thread 0: Calculating UBC (1) ...  
INFO  @ Mon, 30 Jan 2023 14:31:02: Thread 0: Calculating ZNF639 (1001) ...  
INFO  @ Mon, 30 Jan 2023 14:31:08: Thread 0: Calculating BARD1 (2001) ...  
INFO  @ Mon, 30 Jan 2023 14:31:15: Thread 0: Calculating CFB (3001) ...  
INFO  @ Mon, 30 Jan 2023 14:31:18: Thread 0 completed. 
INFO  @ Mon, 30 Jan 2023 14:31:18: All threads completed. 
INFO  @ Mon, 30 Jan 2023 14:31:19: Assigning p values... 
INFO  @ Mon, 30 Jan 2023 14:31:19: Permuting groups of gene with 25 sgRNAs per gene. Group progress: 25/41 
INFO  @ Mon, 30 Jan 2023 14:31:19: Start permuting 2 rounds ... 
INFO  @ Mon, 30 Jan 2023 14:31:19: Collecting 25891 sgRNAs from 3514 genes. 
INFO  @ Mon, 30 Jan 2023 14:31:20: Permuting round 0 ... 
INFO  @ Mon, 30 Jan 2023 14:31:20: Thread 0 started. 
INFO  @ Mon, 30 Jan 2023 14:31:20: Thread 0: total 3514 instances. 
INFO  @ Mon, 30 Jan 2023 14:31:20: Thread 0: Calculating UBC (1) ...  
INFO  @ Mon, 30 Jan 2023 14:31:27: Thread 0: Calculating ZNF639 (1001) ...  
INFO  @ Mon, 30 Jan 2023 14:31:33: Thread 0: Calculating BARD1 (2001) ...  
INFO  @ Mon, 30 Jan 2023 14:31:40: Thread 0: Calculating CFB (3001) ...  
INFO  @ Mon, 30 Jan 2023 14:31:43: Thread 0 completed. 
INFO  @ Mon, 30 Jan 2023 14:31:43: All threads completed. 
INFO  @ Mon, 30 Jan 2023 14:31:44: Permuting round 1 ... 
INFO  @ Mon, 30 Jan 2023 14:31:45: Thread 0 started. 
INFO  @ Mon, 30 Jan 2023 14:31:45: Thread 0: total 3514 instances. 
INFO  @ Mon, 30 Jan 2023 14:31:45: Thread 0: Calculating UBC (1) ...  
INFO  @ Mon, 30 Jan 2023 14:31:51: Thread 0: Calculating ZNF639 (1001) ...  
INFO  @ Mon, 30 Jan 2023 14:31:58: Thread 0: Calculating BARD1 (2001) ...  
INFO  @ Mon, 30 Jan 2023 14:32:05: Thread 0: Calculating CFB (3001) ...  
INFO  @ Mon, 30 Jan 2023 14:32:09: Thread 0 completed. 
INFO  @ Mon, 30 Jan 2023 14:32:09: All threads completed. 
INFO  @ Mon, 30 Jan 2023 14:32:10: Assigning p values... 
INFO  @ Mon, 30 Jan 2023 14:32:10: Permuting groups of gene with 27 sgRNAs per gene. Group progress: 26/41 
INFO  @ Mon, 30 Jan 2023 14:32:10: Start permuting 2 rounds ... 
INFO  @ Mon, 30 Jan 2023 14:32:10: Collecting 25891 sgRNAs from 3514 genes. 
INFO  @ Mon, 30 Jan 2023 14:32:10: Permuting round 0 ... 
INFO  @ Mon, 30 Jan 2023 14:32:10: Thread 0 started. 
INFO  @ Mon, 30 Jan 2023 14:32:10: Thread 0: total 3514 instances. 
INFO  @ Mon, 30 Jan 2023 14:32:10: Thread 0: Calculating UBC (1) ...  
INFO  @ Mon, 30 Jan 2023 14:32:17: Thread 0: Calculating ZNF639 (1001) ...  
INFO  @ Mon, 30 Jan 2023 14:32:24: Thread 0: Calculating BARD1 (2001) ...  
INFO  @ Mon, 30 Jan 2023 14:32:31: Thread 0: Calculating CFB (3001) ...  
INFO  @ Mon, 30 Jan 2023 14:32:35: Thread 0 completed. 
INFO  @ Mon, 30 Jan 2023 14:32:35: All threads completed. 
INFO  @ Mon, 30 Jan 2023 14:32:36: Permuting round 1 ... 
INFO  @ Mon, 30 Jan 2023 14:32:36: Thread 0 started. 
INFO  @ Mon, 30 Jan 2023 14:32:36: Thread 0: total 3514 instances. 
INFO  @ Mon, 30 Jan 2023 14:32:36: Thread 0: Calculating UBC (1) ...  
INFO  @ Mon, 30 Jan 2023 14:32:43: Thread 0: Calculating ZNF639 (1001) ...  
INFO  @ Mon, 30 Jan 2023 14:32:51: Thread 0: Calculating BARD1 (2001) ...  
INFO  @ Mon, 30 Jan 2023 14:32:58: Thread 0: Calculating CFB (3001) ...  
INFO  @ Mon, 30 Jan 2023 14:33:01: Thread 0 completed. 
INFO  @ Mon, 30 Jan 2023 14:33:01: All threads completed. 
INFO  @ Mon, 30 Jan 2023 14:33:02: Assigning p values... 
INFO  @ Mon, 30 Jan 2023 14:33:02: Permuting groups of gene with 28 sgRNAs per gene. Group progress: 27/41 
INFO  @ Mon, 30 Jan 2023 14:33:02: Start permuting 2 rounds ... 
INFO  @ Mon, 30 Jan 2023 14:33:03: Collecting 25891 sgRNAs from 3514 genes. 
INFO  @ Mon, 30 Jan 2023 14:33:03: Permuting round 0 ... 
INFO  @ Mon, 30 Jan 2023 14:33:03: Thread 0 started. 
INFO  @ Mon, 30 Jan 2023 14:33:03: Thread 0: total 3514 instances. 
INFO  @ Mon, 30 Jan 2023 14:33:03: Thread 0: Calculating UBC (1) ...  
INFO  @ Mon, 30 Jan 2023 14:33:10: Thread 0: Calculating ZNF639 (1001) ...  
INFO  @ Mon, 30 Jan 2023 14:33:17: Thread 0: Calculating BARD1 (2001) ...  
INFO  @ Mon, 30 Jan 2023 14:33:25: Thread 0: Calculating CFB (3001) ...  
INFO  @ Mon, 30 Jan 2023 14:33:29: Thread 0 completed. 
INFO  @ Mon, 30 Jan 2023 14:33:29: All threads completed. 
INFO  @ Mon, 30 Jan 2023 14:33:30: Permuting round 1 ... 
INFO  @ Mon, 30 Jan 2023 14:33:30: Thread 0 started. 
INFO  @ Mon, 30 Jan 2023 14:33:30: Thread 0: total 3514 instances. 
INFO  @ Mon, 30 Jan 2023 14:33:30: Thread 0: Calculating UBC (1) ...  
INFO  @ Mon, 30 Jan 2023 14:33:37: Thread 0: Calculating ZNF639 (1001) ...  
INFO  @ Mon, 30 Jan 2023 14:33:45: Thread 0: Calculating BARD1 (2001) ...  
INFO  @ Mon, 30 Jan 2023 14:33:52: Thread 0: Calculating CFB (3001) ...  
INFO  @ Mon, 30 Jan 2023 14:33:56: Thread 0 completed. 
INFO  @ Mon, 30 Jan 2023 14:33:56: All threads completed. 
INFO  @ Mon, 30 Jan 2023 14:33:57: Assigning p values... 
INFO  @ Mon, 30 Jan 2023 14:33:57: Permuting groups of gene with 30 sgRNAs per gene. Group progress: 28/41 
INFO  @ Mon, 30 Jan 2023 14:33:57: Start permuting 2 rounds ... 
INFO  @ Mon, 30 Jan 2023 14:33:57: Collecting 25891 sgRNAs from 3514 genes. 
INFO  @ Mon, 30 Jan 2023 14:33:57: Permuting round 0 ... 
INFO  @ Mon, 30 Jan 2023 14:33:58: Thread 0 started. 
INFO  @ Mon, 30 Jan 2023 14:33:58: Thread 0: total 3514 instances. 
INFO  @ Mon, 30 Jan 2023 14:33:58: Thread 0: Calculating UBC (1) ...  
INFO  @ Mon, 30 Jan 2023 14:34:05: Thread 0: Calculating ZNF639 (1001) ...  
INFO  @ Mon, 30 Jan 2023 14:34:13: Thread 0: Calculating BARD1 (2001) ...  
INFO  @ Mon, 30 Jan 2023 14:34:21: Thread 0: Calculating CFB (3001) ...  
INFO  @ Mon, 30 Jan 2023 14:34:25: Thread 0 completed. 
INFO  @ Mon, 30 Jan 2023 14:34:25: All threads completed. 
INFO  @ Mon, 30 Jan 2023 14:34:26: Permuting round 1 ... 
INFO  @ Mon, 30 Jan 2023 14:34:26: Thread 0 started. 
INFO  @ Mon, 30 Jan 2023 14:34:26: Thread 0: total 3514 instances. 
INFO  @ Mon, 30 Jan 2023 14:34:26: Thread 0: Calculating UBC (1) ...  
INFO  @ Mon, 30 Jan 2023 14:34:34: Thread 0: Calculating ZNF639 (1001) ...  
INFO  @ Mon, 30 Jan 2023 14:34:42: Thread 0: Calculating BARD1 (2001) ...  
INFO  @ Mon, 30 Jan 2023 14:34:50: Thread 0: Calculating CFB (3001) ...  
INFO  @ Mon, 30 Jan 2023 14:34:54: Thread 0 completed. 
INFO  @ Mon, 30 Jan 2023 14:34:54: All threads completed. 
INFO  @ Mon, 30 Jan 2023 14:34:55: Assigning p values... 
INFO  @ Mon, 30 Jan 2023 14:34:55: Permuting groups of gene with 31 sgRNAs per gene. Group progress: 29/41 
INFO  @ Mon, 30 Jan 2023 14:34:55: Start permuting 2 rounds ... 
INFO  @ Mon, 30 Jan 2023 14:34:55: Collecting 25891 sgRNAs from 3514 genes. 
INFO  @ Mon, 30 Jan 2023 14:34:55: Permuting round 0 ... 
INFO  @ Mon, 30 Jan 2023 14:34:56: Thread 0 started. 
INFO  @ Mon, 30 Jan 2023 14:34:56: Thread 0: total 3514 instances. 
INFO  @ Mon, 30 Jan 2023 14:34:56: Thread 0: Calculating UBC (1) ...  
INFO  @ Mon, 30 Jan 2023 14:35:03: Thread 0: Calculating ZNF639 (1001) ...  
INFO  @ Mon, 30 Jan 2023 14:35:11: Thread 0: Calculating BARD1 (2001) ...  
INFO  @ Mon, 30 Jan 2023 14:35:18: Thread 0: Calculating CFB (3001) ...  
INFO  @ Mon, 30 Jan 2023 14:35:22: Thread 0 completed. 
INFO  @ Mon, 30 Jan 2023 14:35:22: All threads completed. 
INFO  @ Mon, 30 Jan 2023 14:35:23: Permuting round 1 ... 
INFO  @ Mon, 30 Jan 2023 14:35:24: Thread 0 started. 
INFO  @ Mon, 30 Jan 2023 14:35:24: Thread 0: total 3514 instances. 
INFO  @ Mon, 30 Jan 2023 14:35:24: Thread 0: Calculating UBC (1) ...  
INFO  @ Mon, 30 Jan 2023 14:35:31: Thread 0: Calculating ZNF639 (1001) ...  
INFO  @ Mon, 30 Jan 2023 14:35:39: Thread 0: Calculating BARD1 (2001) ...  
INFO  @ Mon, 30 Jan 2023 14:35:47: Thread 0: Calculating CFB (3001) ...  
INFO  @ Mon, 30 Jan 2023 14:35:51: Thread 0 completed. 
INFO  @ Mon, 30 Jan 2023 14:35:51: All threads completed. 
INFO  @ Mon, 30 Jan 2023 14:35:52: Assigning p values... 
INFO  @ Mon, 30 Jan 2023 14:35:52: Permuting groups of gene with 32 sgRNAs per gene. Group progress: 30/41 
INFO  @ Mon, 30 Jan 2023 14:35:52: Start permuting 2 rounds ... 
INFO  @ Mon, 30 Jan 2023 14:35:52: Collecting 25891 sgRNAs from 3514 genes. 
INFO  @ Mon, 30 Jan 2023 14:35:53: Permuting round 0 ... 
INFO  @ Mon, 30 Jan 2023 14:35:53: Thread 0 started. 
INFO  @ Mon, 30 Jan 2023 14:35:53: Thread 0: total 3514 instances. 
INFO  @ Mon, 30 Jan 2023 14:35:53: Thread 0: Calculating UBC (1) ...  
INFO  @ Mon, 30 Jan 2023 14:36:01: Thread 0: Calculating ZNF639 (1001) ...  
INFO  @ Mon, 30 Jan 2023 14:36:09: Thread 0: Calculating BARD1 (2001) ...  
INFO  @ Mon, 30 Jan 2023 14:36:17: Thread 0: Calculating CFB (3001) ...  
INFO  @ Mon, 30 Jan 2023 14:36:21: Thread 0 completed. 
INFO  @ Mon, 30 Jan 2023 14:36:21: All threads completed. 
INFO  @ Mon, 30 Jan 2023 14:36:22: Permuting round 1 ... 
INFO  @ Mon, 30 Jan 2023 14:36:22: Thread 0 started. 
INFO  @ Mon, 30 Jan 2023 14:36:22: Thread 0: total 3514 instances. 
INFO  @ Mon, 30 Jan 2023 14:36:22: Thread 0: Calculating UBC (1) ...  
INFO  @ Mon, 30 Jan 2023 14:36:30: Thread 0: Calculating ZNF639 (1001) ...  
INFO  @ Mon, 30 Jan 2023 14:36:38: Thread 0: Calculating BARD1 (2001) ...  
INFO  @ Mon, 30 Jan 2023 14:36:46: Thread 0: Calculating CFB (3001) ...  
INFO  @ Mon, 30 Jan 2023 14:36:50: Thread 0 completed. 
INFO  @ Mon, 30 Jan 2023 14:36:50: All threads completed. 
INFO  @ Mon, 30 Jan 2023 14:36:51: Assigning p values... 
INFO  @ Mon, 30 Jan 2023 14:36:51: Permuting groups of gene with 33 sgRNAs per gene. Group progress: 31/41 
INFO  @ Mon, 30 Jan 2023 14:36:51: Start permuting 2 rounds ... 
INFO  @ Mon, 30 Jan 2023 14:36:51: Collecting 25891 sgRNAs from 3514 genes. 
INFO  @ Mon, 30 Jan 2023 14:36:52: Permuting round 0 ... 
INFO  @ Mon, 30 Jan 2023 14:36:52: Thread 0 started. 
INFO  @ Mon, 30 Jan 2023 14:36:52: Thread 0: total 3514 instances. 
INFO  @ Mon, 30 Jan 2023 14:36:52: Thread 0: Calculating UBC (1) ...  
INFO  @ Mon, 30 Jan 2023 14:37:00: Thread 0: Calculating ZNF639 (1001) ...  
INFO  @ Mon, 30 Jan 2023 14:37:08: Thread 0: Calculating BARD1 (2001) ...  
INFO  @ Mon, 30 Jan 2023 14:37:16: Thread 0: Calculating CFB (3001) ...  
INFO  @ Mon, 30 Jan 2023 14:37:20: Thread 0 completed. 
INFO  @ Mon, 30 Jan 2023 14:37:20: All threads completed. 
INFO  @ Mon, 30 Jan 2023 14:37:21: Permuting round 1 ... 
INFO  @ Mon, 30 Jan 2023 14:37:21: Thread 0 started. 
INFO  @ Mon, 30 Jan 2023 14:37:21: Thread 0: total 3514 instances. 
INFO  @ Mon, 30 Jan 2023 14:37:21: Thread 0: Calculating UBC (1) ...  
INFO  @ Mon, 30 Jan 2023 14:37:29: Thread 0: Calculating ZNF639 (1001) ...  
INFO  @ Mon, 30 Jan 2023 14:37:37: Thread 0: Calculating BARD1 (2001) ...  
INFO  @ Mon, 30 Jan 2023 14:37:45: Thread 0: Calculating CFB (3001) ...  
INFO  @ Mon, 30 Jan 2023 14:37:49: Thread 0 completed. 
INFO  @ Mon, 30 Jan 2023 14:37:49: All threads completed. 
INFO  @ Mon, 30 Jan 2023 14:37:50: Assigning p values... 
INFO  @ Mon, 30 Jan 2023 14:37:50: Permuting groups of gene with 34 sgRNAs per gene. Group progress: 32/41 
INFO  @ Mon, 30 Jan 2023 14:37:50: Start permuting 2 rounds ... 
INFO  @ Mon, 30 Jan 2023 14:37:50: Collecting 25891 sgRNAs from 3514 genes. 
INFO  @ Mon, 30 Jan 2023 14:37:51: Permuting round 0 ... 
INFO  @ Mon, 30 Jan 2023 14:37:51: Thread 0 started. 
INFO  @ Mon, 30 Jan 2023 14:37:51: Thread 0: total 3514 instances. 
INFO  @ Mon, 30 Jan 2023 14:37:51: Thread 0: Calculating UBC (1) ...  
INFO  @ Mon, 30 Jan 2023 14:37:59: Thread 0: Calculating ZNF639 (1001) ...  
INFO  @ Mon, 30 Jan 2023 14:38:07: Thread 0: Calculating BARD1 (2001) ...  
INFO  @ Mon, 30 Jan 2023 14:38:16: Thread 0: Calculating CFB (3001) ...  
INFO  @ Mon, 30 Jan 2023 14:38:20: Thread 0 completed. 
INFO  @ Mon, 30 Jan 2023 14:38:20: All threads completed. 
INFO  @ Mon, 30 Jan 2023 14:38:21: Permuting round 1 ... 
INFO  @ Mon, 30 Jan 2023 14:38:21: Thread 0 started. 
INFO  @ Mon, 30 Jan 2023 14:38:21: Thread 0: total 3514 instances. 
INFO  @ Mon, 30 Jan 2023 14:38:21: Thread 0: Calculating UBC (1) ...  
INFO  @ Mon, 30 Jan 2023 14:38:30: Thread 0: Calculating ZNF639 (1001) ...  
INFO  @ Mon, 30 Jan 2023 14:38:38: Thread 0: Calculating BARD1 (2001) ...  
INFO  @ Mon, 30 Jan 2023 14:38:46: Thread 0: Calculating CFB (3001) ...  
INFO  @ Mon, 30 Jan 2023 14:38:51: Thread 0 completed. 
INFO  @ Mon, 30 Jan 2023 14:38:51: All threads completed. 
INFO  @ Mon, 30 Jan 2023 14:38:52: Assigning p values... 
INFO  @ Mon, 30 Jan 2023 14:38:52: Permuting groups of gene with 37 sgRNAs per gene. Group progress: 33/41 
INFO  @ Mon, 30 Jan 2023 14:38:52: Start permuting 2 rounds ... 
INFO  @ Mon, 30 Jan 2023 14:38:52: Collecting 25891 sgRNAs from 3514 genes. 
INFO  @ Mon, 30 Jan 2023 14:38:52: Permuting round 0 ... 
INFO  @ Mon, 30 Jan 2023 14:38:53: Thread 0 started. 
INFO  @ Mon, 30 Jan 2023 14:38:53: Thread 0: total 3514 instances. 
INFO  @ Mon, 30 Jan 2023 14:38:53: Thread 0: Calculating UBC (1) ...  
INFO  @ Mon, 30 Jan 2023 14:39:02: Thread 0: Calculating ZNF639 (1001) ...  
INFO  @ Mon, 30 Jan 2023 14:39:11: Thread 0: Calculating BARD1 (2001) ...  
INFO  @ Mon, 30 Jan 2023 14:39:19: Thread 0: Calculating CFB (3001) ...  
INFO  @ Mon, 30 Jan 2023 14:39:24: Thread 0 completed. 
INFO  @ Mon, 30 Jan 2023 14:39:24: All threads completed. 
INFO  @ Mon, 30 Jan 2023 14:39:25: Permuting round 1 ... 
INFO  @ Mon, 30 Jan 2023 14:39:25: Thread 0 started. 
INFO  @ Mon, 30 Jan 2023 14:39:25: Thread 0: total 3514 instances. 
INFO  @ Mon, 30 Jan 2023 14:39:25: Thread 0: Calculating UBC (1) ...  
INFO  @ Mon, 30 Jan 2023 14:39:35: Thread 0: Calculating ZNF639 (1001) ...  
INFO  @ Mon, 30 Jan 2023 14:39:44: Thread 0: Calculating BARD1 (2001) ...  
INFO  @ Mon, 30 Jan 2023 14:39:53: Thread 0: Calculating CFB (3001) ...  
INFO  @ Mon, 30 Jan 2023 14:39:58: Thread 0 completed. 
INFO  @ Mon, 30 Jan 2023 14:39:58: All threads completed. 
INFO  @ Mon, 30 Jan 2023 14:39:59: Assigning p values... 
INFO  @ Mon, 30 Jan 2023 14:39:59: Groups of gene with 41 sgRNAs per gene: assigning p values based on previous group results. Group progress: 34/41 
INFO  @ Mon, 30 Jan 2023 14:39:59: Groups of gene with 42 sgRNAs per gene: assigning p values based on previous group results. Group progress: 35/41 
INFO  @ Mon, 30 Jan 2023 14:39:59: Groups of gene with 45 sgRNAs per gene: assigning p values based on previous group results. Group progress: 36/41 
INFO  @ Mon, 30 Jan 2023 14:39:59: Groups of gene with 47 sgRNAs per gene: assigning p values based on previous group results. Group progress: 37/41 
INFO  @ Mon, 30 Jan 2023 14:39:59: Groups of gene with 48 sgRNAs per gene: assigning p values based on previous group results. Group progress: 38/41 
INFO  @ Mon, 30 Jan 2023 14:39:59: Groups of gene with 49 sgRNAs per gene: assigning p values based on previous group results. Group progress: 39/41 
INFO  @ Mon, 30 Jan 2023 14:39:59: Groups of gene with 56 sgRNAs per gene: assigning p values based on previous group results. Group progress: 40/41 
INFO  @ Mon, 30 Jan 2023 14:39:59: Groups of gene with 67 sgRNAs per gene: assigning p values based on previous group results. Group progress: 41/41 
INFO  @ Mon, 30 Jan 2023 14:39:59: Writing gene results to mle_HCT116-Ts5.gene_summary.txt 
INFO  @ Mon, 30 Jan 2023 14:39:59: Writing sgRNA results to mle_HCT116-Ts5.sgrna_summary.txt 
