INFO  @ Wed, 16 Nov 2022 13:14:50: Parameters: /home/ryan/miniconda3/envs/mageck/bin/mageck mle -k count-DLD1-Ts13-i.f.csv -d matrixDLD1-Ts13.txt -n mle_DLD1-Ts13 
INFO  @ Wed, 16 Nov 2022 13:14:52: Cannot parse design matrix as a string; try to parse it as a file name ... 
INFO  @ Wed, 16 Nov 2022 13:14:52: Design matrix: 
INFO  @ Wed, 16 Nov 2022 13:14:52: [[1. 0.] 
INFO  @ Wed, 16 Nov 2022 13:14:52:  [1. 1.]] 
INFO  @ Wed, 16 Nov 2022 13:14:52: Beta labels:baseline,Ts13 
INFO  @ Wed, 16 Nov 2022 13:14:52: Included samples:DLD1-Ts13.initial,DLD1-Ts13.final 
INFO  @ Wed, 16 Nov 2022 13:14:52: Treating count-DLD1-Ts13-i.f.csv as csv file ... 
INFO  @ Wed, 16 Nov 2022 13:14:52: Loaded samples:DLD1-Ts13.initial;DLD1-Ts13.final 
INFO  @ Wed, 16 Nov 2022 13:14:52: Sample index: 0;1 
INFO  @ Wed, 16 Nov 2022 13:14:52: Loaded 3506 genes. 
DEBUG @ Wed, 16 Nov 2022 13:14:52: Initial (total) size factor: 0.966936778617957 1.0354043875917247 
DEBUG @ Wed, 16 Nov 2022 13:14:53: Median factor: 0.9605415421682185 1.0434017212889493 
INFO  @ Wed, 16 Nov 2022 13:14:53: Final size factor: 0.9605415421682185 1.0434017212889493 
INFO  @ Wed, 16 Nov 2022 13:14:53: size factor: 1.0410793870952342,0.9584036326532664 
INFO  @ Wed, 16 Nov 2022 13:14:53: Thread 0 started. 
INFO  @ Wed, 16 Nov 2022 13:14:53: Thread 0: total 1 instances. 
INFO  @ Wed, 16 Nov 2022 13:14:53: Thread 0 completed. 
INFO  @ Wed, 16 Nov 2022 13:14:53: All threads completed. 
INFO  @ Wed, 16 Nov 2022 13:14:53: Modeling the mean and variance ... 
INFO  @ Wed, 16 Nov 2022 13:14:53: Run the algorithm for the second time ... 
INFO  @ Wed, 16 Nov 2022 13:14:53: Skipping gene PBRM1 from MLE calculation since there are too many sgRNAs. To change, revise the --max-sgrnapergene-permutation option. 
INFO  @ Wed, 16 Nov 2022 13:14:53: Skipping gene NKX2 from MLE calculation since there are too many sgRNAs. To change, revise the --max-sgrnapergene-permutation option. 
INFO  @ Wed, 16 Nov 2022 13:14:53: Skipping gene TDRD6 from MLE calculation since there are too many sgRNAs. To change, revise the --max-sgrnapergene-permutation option. 
INFO  @ Wed, 16 Nov 2022 13:14:53: Skipping gene RNF17 from MLE calculation since there are too many sgRNAs. To change, revise the --max-sgrnapergene-permutation option. 
INFO  @ Wed, 16 Nov 2022 13:14:53: Skipping gene KMT2B from MLE calculation since there are too many sgRNAs. To change, revise the --max-sgrnapergene-permutation option. 
INFO  @ Wed, 16 Nov 2022 13:14:53: Skipping gene KMT2C from MLE calculation since there are too many sgRNAs. To change, revise the --max-sgrnapergene-permutation option. 
INFO  @ Wed, 16 Nov 2022 13:14:53: Skipping gene NSD1 from MLE calculation since there are too many sgRNAs. To change, revise the --max-sgrnapergene-permutation option. 
INFO  @ Wed, 16 Nov 2022 13:14:53: Thread 0 started. 
INFO  @ Wed, 16 Nov 2022 13:14:53: Thread 0: total 3499 instances. 
INFO  @ Wed, 16 Nov 2022 13:14:53: Thread 0: Calculating ZNF212 (1) ...  
INFO  @ Wed, 16 Nov 2022 13:15:09: Thread 0: Calculating PIAS3 (1001) ...  
INFO  @ Wed, 16 Nov 2022 13:15:13: Thread 0: Calculating SMARCA1 (2001) ...  
INFO  @ Wed, 16 Nov 2022 13:15:16: Thread 0: Calculating WWP1 (3001) ...  
INFO  @ Wed, 16 Nov 2022 13:15:18: Thread 0 completed. 
INFO  @ Wed, 16 Nov 2022 13:15:18: All threads completed. 
INFO  @ Wed, 16 Nov 2022 13:15:19: Permuting groups of gene with 1 sgRNAs per gene. Group progress: 1/41 
INFO  @ Wed, 16 Nov 2022 13:15:19: Start permuting 2 rounds ... 
INFO  @ Wed, 16 Nov 2022 13:15:19: Collecting 25263 sgRNAs from 3506 genes. 
INFO  @ Wed, 16 Nov 2022 13:15:19: Permuting round 0 ... 
INFO  @ Wed, 16 Nov 2022 13:15:19: Thread 0 started. 
INFO  @ Wed, 16 Nov 2022 13:15:19: Thread 0: total 3506 instances. 
INFO  @ Wed, 16 Nov 2022 13:15:19: Thread 0: Calculating ZNF212 (1) ...  
INFO  @ Wed, 16 Nov 2022 13:15:21: Thread 0: Calculating ATG4A (1001) ...  
INFO  @ Wed, 16 Nov 2022 13:15:23: Thread 0: Calculating PYGO1 (2001) ...  
INFO  @ Wed, 16 Nov 2022 13:15:27: Thread 0: Calculating SHOX2 (3001) ...  
INFO  @ Wed, 16 Nov 2022 13:15:43: Thread 0 completed. 
INFO  @ Wed, 16 Nov 2022 13:15:43: All threads completed. 
INFO  @ Wed, 16 Nov 2022 13:16:43: Permuting round 1 ... 
INFO  @ Wed, 16 Nov 2022 13:16:43: Thread 0 started. 
INFO  @ Wed, 16 Nov 2022 13:16:43: Thread 0: total 3506 instances. 
INFO  @ Wed, 16 Nov 2022 13:16:43: Thread 0: Calculating ZNF212 (1) ...  
INFO  @ Wed, 16 Nov 2022 13:16:48: Thread 0: Calculating ATG4A (1001) ...  
INFO  @ Wed, 16 Nov 2022 13:16:51: Thread 0: Calculating PYGO1 (2001) ...  
INFO  @ Wed, 16 Nov 2022 13:17:10: Thread 0: Calculating SHOX2 (3001) ...  
INFO  @ Wed, 16 Nov 2022 13:17:15: Thread 0 completed. 
INFO  @ Wed, 16 Nov 2022 13:17:15: All threads completed. 
INFO  @ Wed, 16 Nov 2022 13:17:33: Assigning p values... 
INFO  @ Wed, 16 Nov 2022 13:17:33: Permuting groups of gene with 2 sgRNAs per gene. Group progress: 2/41 
INFO  @ Wed, 16 Nov 2022 13:17:33: Start permuting 2 rounds ... 
INFO  @ Wed, 16 Nov 2022 13:17:34: Collecting 25263 sgRNAs from 3506 genes. 
INFO  @ Wed, 16 Nov 2022 13:17:34: Permuting round 0 ... 
INFO  @ Wed, 16 Nov 2022 13:17:35: Thread 0 started. 
INFO  @ Wed, 16 Nov 2022 13:17:35: Thread 0: total 3506 instances. 
INFO  @ Wed, 16 Nov 2022 13:17:35: Thread 0: Calculating ZNF212 (1) ...  
INFO  @ Wed, 16 Nov 2022 13:17:46: Thread 0: Calculating ATG4A (1001) ...  
INFO  @ Wed, 16 Nov 2022 13:17:54: Thread 0: Calculating PYGO1 (2001) ...  
INFO  @ Wed, 16 Nov 2022 13:18:01: Thread 0: Calculating SHOX2 (3001) ...  
INFO  @ Wed, 16 Nov 2022 13:18:05: Thread 0 completed. 
INFO  @ Wed, 16 Nov 2022 13:18:05: All threads completed. 
INFO  @ Wed, 16 Nov 2022 13:18:07: Permuting round 1 ... 
INFO  @ Wed, 16 Nov 2022 13:18:07: Thread 0 started. 
INFO  @ Wed, 16 Nov 2022 13:18:07: Thread 0: total 3506 instances. 
INFO  @ Wed, 16 Nov 2022 13:18:07: Thread 0: Calculating ZNF212 (1) ...  
INFO  @ Wed, 16 Nov 2022 13:18:18: Thread 0: Calculating ATG4A (1001) ...  
INFO  @ Wed, 16 Nov 2022 13:18:25: Thread 0: Calculating PYGO1 (2001) ...  
INFO  @ Wed, 16 Nov 2022 13:18:30: Thread 0: Calculating SHOX2 (3001) ...  
INFO  @ Wed, 16 Nov 2022 13:18:32: Thread 0 completed. 
INFO  @ Wed, 16 Nov 2022 13:18:32: All threads completed. 
INFO  @ Wed, 16 Nov 2022 13:18:34: Assigning p values... 
INFO  @ Wed, 16 Nov 2022 13:18:34: Permuting groups of gene with 3 sgRNAs per gene. Group progress: 3/41 
INFO  @ Wed, 16 Nov 2022 13:18:34: Start permuting 2 rounds ... 
INFO  @ Wed, 16 Nov 2022 13:18:34: Collecting 25263 sgRNAs from 3506 genes. 
INFO  @ Wed, 16 Nov 2022 13:18:34: Permuting round 0 ... 
INFO  @ Wed, 16 Nov 2022 13:18:34: Thread 0 started. 
INFO  @ Wed, 16 Nov 2022 13:18:34: Thread 0: total 3506 instances. 
INFO  @ Wed, 16 Nov 2022 13:18:34: Thread 0: Calculating ZNF212 (1) ...  
INFO  @ Wed, 16 Nov 2022 13:18:41: Thread 0: Calculating ATG4A (1001) ...  
INFO  @ Wed, 16 Nov 2022 13:18:47: Thread 0: Calculating PYGO1 (2001) ...  
INFO  @ Wed, 16 Nov 2022 13:18:52: Thread 0: Calculating SHOX2 (3001) ...  
INFO  @ Wed, 16 Nov 2022 13:18:55: Thread 0 completed. 
INFO  @ Wed, 16 Nov 2022 13:18:55: All threads completed. 
INFO  @ Wed, 16 Nov 2022 13:18:56: Permuting round 1 ... 
INFO  @ Wed, 16 Nov 2022 13:18:56: Thread 0 started. 
INFO  @ Wed, 16 Nov 2022 13:18:56: Thread 0: total 3506 instances. 
INFO  @ Wed, 16 Nov 2022 13:18:56: Thread 0: Calculating ZNF212 (1) ...  
INFO  @ Wed, 16 Nov 2022 13:19:01: Thread 0: Calculating ATG4A (1001) ...  
INFO  @ Wed, 16 Nov 2022 13:19:07: Thread 0: Calculating PYGO1 (2001) ...  
INFO  @ Wed, 16 Nov 2022 13:19:12: Thread 0: Calculating SHOX2 (3001) ...  
INFO  @ Wed, 16 Nov 2022 13:19:15: Thread 0 completed. 
INFO  @ Wed, 16 Nov 2022 13:19:15: All threads completed. 
INFO  @ Wed, 16 Nov 2022 13:19:16: Assigning p values... 
INFO  @ Wed, 16 Nov 2022 13:19:16: Permuting groups of gene with 4 sgRNAs per gene. Group progress: 4/41 
INFO  @ Wed, 16 Nov 2022 13:19:16: Start permuting 2 rounds ... 
INFO  @ Wed, 16 Nov 2022 13:19:17: Collecting 25263 sgRNAs from 3506 genes. 
INFO  @ Wed, 16 Nov 2022 13:19:17: Permuting round 0 ... 
INFO  @ Wed, 16 Nov 2022 13:19:17: Thread 0 started. 
INFO  @ Wed, 16 Nov 2022 13:19:17: Thread 0: total 3506 instances. 
INFO  @ Wed, 16 Nov 2022 13:19:17: Thread 0: Calculating ZNF212 (1) ...  
INFO  @ Wed, 16 Nov 2022 13:19:23: Thread 0: Calculating ATG4A (1001) ...  
INFO  @ Wed, 16 Nov 2022 13:19:29: Thread 0: Calculating PYGO1 (2001) ...  
INFO  @ Wed, 16 Nov 2022 13:19:34: Thread 0: Calculating SHOX2 (3001) ...  
INFO  @ Wed, 16 Nov 2022 13:19:37: Thread 0 completed. 
INFO  @ Wed, 16 Nov 2022 13:19:37: All threads completed. 
INFO  @ Wed, 16 Nov 2022 13:19:38: Permuting round 1 ... 
INFO  @ Wed, 16 Nov 2022 13:19:38: Thread 0 started. 
INFO  @ Wed, 16 Nov 2022 13:19:38: Thread 0: total 3506 instances. 
INFO  @ Wed, 16 Nov 2022 13:19:38: Thread 0: Calculating ZNF212 (1) ...  
INFO  @ Wed, 16 Nov 2022 13:19:45: Thread 0: Calculating ATG4A (1001) ...  
INFO  @ Wed, 16 Nov 2022 13:19:51: Thread 0: Calculating PYGO1 (2001) ...  
INFO  @ Wed, 16 Nov 2022 13:19:57: Thread 0: Calculating SHOX2 (3001) ...  
INFO  @ Wed, 16 Nov 2022 13:19:59: Thread 0 completed. 
INFO  @ Wed, 16 Nov 2022 13:19:59: All threads completed. 
INFO  @ Wed, 16 Nov 2022 13:20:01: Assigning p values... 
INFO  @ Wed, 16 Nov 2022 13:20:01: Permuting groups of gene with 5 sgRNAs per gene. Group progress: 5/41 
INFO  @ Wed, 16 Nov 2022 13:20:01: Start permuting 2 rounds ... 
INFO  @ Wed, 16 Nov 2022 13:20:01: Collecting 25263 sgRNAs from 3506 genes. 
INFO  @ Wed, 16 Nov 2022 13:20:01: Permuting round 0 ... 
INFO  @ Wed, 16 Nov 2022 13:20:01: Thread 0 started. 
INFO  @ Wed, 16 Nov 2022 13:20:01: Thread 0: total 3506 instances. 
INFO  @ Wed, 16 Nov 2022 13:20:01: Thread 0: Calculating ZNF212 (1) ...  
INFO  @ Wed, 16 Nov 2022 13:20:07: Thread 0: Calculating ATG4A (1001) ...  
INFO  @ Wed, 16 Nov 2022 13:20:13: Thread 0: Calculating PYGO1 (2001) ...  
INFO  @ Wed, 16 Nov 2022 13:20:19: Thread 0: Calculating SHOX2 (3001) ...  
INFO  @ Wed, 16 Nov 2022 13:20:22: Thread 0 completed. 
INFO  @ Wed, 16 Nov 2022 13:20:22: All threads completed. 
INFO  @ Wed, 16 Nov 2022 13:20:23: Permuting round 1 ... 
INFO  @ Wed, 16 Nov 2022 13:20:23: Thread 0 started. 
INFO  @ Wed, 16 Nov 2022 13:20:23: Thread 0: total 3506 instances. 
INFO  @ Wed, 16 Nov 2022 13:20:23: Thread 0: Calculating ZNF212 (1) ...  
INFO  @ Wed, 16 Nov 2022 13:20:29: Thread 0: Calculating ATG4A (1001) ...  
INFO  @ Wed, 16 Nov 2022 13:20:35: Thread 0: Calculating PYGO1 (2001) ...  
INFO  @ Wed, 16 Nov 2022 13:20:41: Thread 0: Calculating SHOX2 (3001) ...  
INFO  @ Wed, 16 Nov 2022 13:20:44: Thread 0 completed. 
INFO  @ Wed, 16 Nov 2022 13:20:44: All threads completed. 
INFO  @ Wed, 16 Nov 2022 13:20:45: Assigning p values... 
INFO  @ Wed, 16 Nov 2022 13:20:45: Permuting groups of gene with 6 sgRNAs per gene. Group progress: 6/41 
INFO  @ Wed, 16 Nov 2022 13:20:45: Start permuting 2 rounds ... 
INFO  @ Wed, 16 Nov 2022 13:20:46: Collecting 25263 sgRNAs from 3506 genes. 
INFO  @ Wed, 16 Nov 2022 13:20:46: Permuting round 0 ... 
INFO  @ Wed, 16 Nov 2022 13:20:46: Thread 0 started. 
INFO  @ Wed, 16 Nov 2022 13:20:46: Thread 0: total 3506 instances. 
INFO  @ Wed, 16 Nov 2022 13:20:46: Thread 0: Calculating ZNF212 (1) ...  
INFO  @ Wed, 16 Nov 2022 13:20:52: Thread 0: Calculating ATG4A (1001) ...  
INFO  @ Wed, 16 Nov 2022 13:20:59: Thread 0: Calculating PYGO1 (2001) ...  
INFO  @ Wed, 16 Nov 2022 13:21:06: Thread 0: Calculating SHOX2 (3001) ...  
INFO  @ Wed, 16 Nov 2022 13:21:09: Thread 0 completed. 
INFO  @ Wed, 16 Nov 2022 13:21:09: All threads completed. 
INFO  @ Wed, 16 Nov 2022 13:21:10: Permuting round 1 ... 
INFO  @ Wed, 16 Nov 2022 13:21:10: Thread 0 started. 
INFO  @ Wed, 16 Nov 2022 13:21:10: Thread 0: total 3506 instances. 
INFO  @ Wed, 16 Nov 2022 13:21:10: Thread 0: Calculating ZNF212 (1) ...  
INFO  @ Wed, 16 Nov 2022 13:21:16: Thread 0: Calculating ATG4A (1001) ...  
INFO  @ Wed, 16 Nov 2022 13:21:23: Thread 0: Calculating PYGO1 (2001) ...  
INFO  @ Wed, 16 Nov 2022 13:21:29: Thread 0: Calculating SHOX2 (3001) ...  
INFO  @ Wed, 16 Nov 2022 13:21:32: Thread 0 completed. 
INFO  @ Wed, 16 Nov 2022 13:21:32: All threads completed. 
INFO  @ Wed, 16 Nov 2022 13:21:33: Assigning p values... 
INFO  @ Wed, 16 Nov 2022 13:21:33: Permuting groups of gene with 7 sgRNAs per gene. Group progress: 7/41 
INFO  @ Wed, 16 Nov 2022 13:21:33: Start permuting 2 rounds ... 
INFO  @ Wed, 16 Nov 2022 13:21:33: Collecting 25263 sgRNAs from 3506 genes. 
INFO  @ Wed, 16 Nov 2022 13:21:33: Permuting round 0 ... 
INFO  @ Wed, 16 Nov 2022 13:21:34: Thread 0 started. 
INFO  @ Wed, 16 Nov 2022 13:21:34: Thread 0: total 3506 instances. 
INFO  @ Wed, 16 Nov 2022 13:21:34: Thread 0: Calculating ZNF212 (1) ...  
INFO  @ Wed, 16 Nov 2022 13:21:40: Thread 0: Calculating ATG4A (1001) ...  
INFO  @ Wed, 16 Nov 2022 13:21:46: Thread 0: Calculating PYGO1 (2001) ...  
INFO  @ Wed, 16 Nov 2022 13:21:52: Thread 0: Calculating SHOX2 (3001) ...  
INFO  @ Wed, 16 Nov 2022 13:21:56: Thread 0 completed. 
INFO  @ Wed, 16 Nov 2022 13:21:56: All threads completed. 
INFO  @ Wed, 16 Nov 2022 13:21:57: Permuting round 1 ... 
INFO  @ Wed, 16 Nov 2022 13:21:57: Thread 0 started. 
INFO  @ Wed, 16 Nov 2022 13:21:57: Thread 0: total 3506 instances. 
INFO  @ Wed, 16 Nov 2022 13:21:57: Thread 0: Calculating ZNF212 (1) ...  
INFO  @ Wed, 16 Nov 2022 13:22:03: Thread 0: Calculating ATG4A (1001) ...  
INFO  @ Wed, 16 Nov 2022 13:22:09: Thread 0: Calculating PYGO1 (2001) ...  
INFO  @ Wed, 16 Nov 2022 13:22:15: Thread 0: Calculating SHOX2 (3001) ...  
INFO  @ Wed, 16 Nov 2022 13:22:19: Thread 0 completed. 
INFO  @ Wed, 16 Nov 2022 13:22:19: All threads completed. 
INFO  @ Wed, 16 Nov 2022 13:22:20: Assigning p values... 
INFO  @ Wed, 16 Nov 2022 13:22:20: Permuting groups of gene with 8 sgRNAs per gene. Group progress: 8/41 
INFO  @ Wed, 16 Nov 2022 13:22:20: Start permuting 2 rounds ... 
INFO  @ Wed, 16 Nov 2022 13:22:20: Collecting 25263 sgRNAs from 3506 genes. 
INFO  @ Wed, 16 Nov 2022 13:22:21: Permuting round 0 ... 
INFO  @ Wed, 16 Nov 2022 13:22:21: Thread 0 started. 
INFO  @ Wed, 16 Nov 2022 13:22:21: Thread 0: total 3506 instances. 
INFO  @ Wed, 16 Nov 2022 13:22:21: Thread 0: Calculating ZNF212 (1) ...  
INFO  @ Wed, 16 Nov 2022 13:22:27: Thread 0: Calculating ATG4A (1001) ...  
INFO  @ Wed, 16 Nov 2022 13:22:33: Thread 0: Calculating PYGO1 (2001) ...  
INFO  @ Wed, 16 Nov 2022 13:22:40: Thread 0: Calculating SHOX2 (3001) ...  
INFO  @ Wed, 16 Nov 2022 13:22:43: Thread 0 completed. 
INFO  @ Wed, 16 Nov 2022 13:22:43: All threads completed. 
INFO  @ Wed, 16 Nov 2022 13:22:44: Permuting round 1 ... 
INFO  @ Wed, 16 Nov 2022 13:22:44: Thread 0 started. 
INFO  @ Wed, 16 Nov 2022 13:22:44: Thread 0: total 3506 instances. 
INFO  @ Wed, 16 Nov 2022 13:22:44: Thread 0: Calculating ZNF212 (1) ...  
INFO  @ Wed, 16 Nov 2022 13:22:51: Thread 0: Calculating ATG4A (1001) ...  
INFO  @ Wed, 16 Nov 2022 13:22:57: Thread 0: Calculating PYGO1 (2001) ...  
INFO  @ Wed, 16 Nov 2022 13:23:04: Thread 0: Calculating SHOX2 (3001) ...  
INFO  @ Wed, 16 Nov 2022 13:23:07: Thread 0 completed. 
INFO  @ Wed, 16 Nov 2022 13:23:07: All threads completed. 
INFO  @ Wed, 16 Nov 2022 13:23:08: Assigning p values... 
INFO  @ Wed, 16 Nov 2022 13:23:08: Permuting groups of gene with 9 sgRNAs per gene. Group progress: 9/41 
INFO  @ Wed, 16 Nov 2022 13:23:08: Start permuting 2 rounds ... 
INFO  @ Wed, 16 Nov 2022 13:23:09: Collecting 25263 sgRNAs from 3506 genes. 
INFO  @ Wed, 16 Nov 2022 13:23:09: Permuting round 0 ... 
INFO  @ Wed, 16 Nov 2022 13:23:09: Thread 0 started. 
INFO  @ Wed, 16 Nov 2022 13:23:09: Thread 0: total 3506 instances. 
INFO  @ Wed, 16 Nov 2022 13:23:09: Thread 0: Calculating ZNF212 (1) ...  
INFO  @ Wed, 16 Nov 2022 13:23:15: Thread 0: Calculating ATG4A (1001) ...  
INFO  @ Wed, 16 Nov 2022 13:23:22: Thread 0: Calculating PYGO1 (2001) ...  
INFO  @ Wed, 16 Nov 2022 13:23:28: Thread 0: Calculating SHOX2 (3001) ...  
INFO  @ Wed, 16 Nov 2022 13:23:31: Thread 0 completed. 
INFO  @ Wed, 16 Nov 2022 13:23:31: All threads completed. 
INFO  @ Wed, 16 Nov 2022 13:23:33: Permuting round 1 ... 
INFO  @ Wed, 16 Nov 2022 13:23:33: Thread 0 started. 
INFO  @ Wed, 16 Nov 2022 13:23:33: Thread 0: total 3506 instances. 
INFO  @ Wed, 16 Nov 2022 13:23:33: Thread 0: Calculating ZNF212 (1) ...  
INFO  @ Wed, 16 Nov 2022 13:23:40: Thread 0: Calculating ATG4A (1001) ...  
INFO  @ Wed, 16 Nov 2022 13:23:47: Thread 0: Calculating PYGO1 (2001) ...  
INFO  @ Wed, 16 Nov 2022 13:23:53: Thread 0: Calculating SHOX2 (3001) ...  
INFO  @ Wed, 16 Nov 2022 13:23:57: Thread 0 completed. 
INFO  @ Wed, 16 Nov 2022 13:23:57: All threads completed. 
INFO  @ Wed, 16 Nov 2022 13:23:58: Assigning p values... 
INFO  @ Wed, 16 Nov 2022 13:23:58: Permuting groups of gene with 10 sgRNAs per gene. Group progress: 10/41 
INFO  @ Wed, 16 Nov 2022 13:23:58: Start permuting 2 rounds ... 
INFO  @ Wed, 16 Nov 2022 13:23:58: Collecting 25263 sgRNAs from 3506 genes. 
INFO  @ Wed, 16 Nov 2022 13:23:59: Permuting round 0 ... 
INFO  @ Wed, 16 Nov 2022 13:23:59: Thread 0 started. 
INFO  @ Wed, 16 Nov 2022 13:23:59: Thread 0: total 3506 instances. 
INFO  @ Wed, 16 Nov 2022 13:23:59: Thread 0: Calculating ZNF212 (1) ...  
INFO  @ Wed, 16 Nov 2022 13:24:06: Thread 0: Calculating ATG4A (1001) ...  
INFO  @ Wed, 16 Nov 2022 13:24:14: Thread 0: Calculating PYGO1 (2001) ...  
INFO  @ Wed, 16 Nov 2022 13:24:21: Thread 0: Calculating SHOX2 (3001) ...  
INFO  @ Wed, 16 Nov 2022 13:24:25: Thread 0 completed. 
INFO  @ Wed, 16 Nov 2022 13:24:25: All threads completed. 
INFO  @ Wed, 16 Nov 2022 13:24:27: Permuting round 1 ... 
INFO  @ Wed, 16 Nov 2022 13:24:27: Thread 0 started. 
INFO  @ Wed, 16 Nov 2022 13:24:27: Thread 0: total 3506 instances. 
INFO  @ Wed, 16 Nov 2022 13:24:27: Thread 0: Calculating ZNF212 (1) ...  
INFO  @ Wed, 16 Nov 2022 13:24:34: Thread 0: Calculating ATG4A (1001) ...  
INFO  @ Wed, 16 Nov 2022 13:24:41: Thread 0: Calculating PYGO1 (2001) ...  
INFO  @ Wed, 16 Nov 2022 13:24:48: Thread 0: Calculating SHOX2 (3001) ...  
INFO  @ Wed, 16 Nov 2022 13:24:51: Thread 0 completed. 
INFO  @ Wed, 16 Nov 2022 13:24:51: All threads completed. 
INFO  @ Wed, 16 Nov 2022 13:24:52: Assigning p values... 
INFO  @ Wed, 16 Nov 2022 13:24:52: Permuting groups of gene with 11 sgRNAs per gene. Group progress: 11/41 
INFO  @ Wed, 16 Nov 2022 13:24:52: Start permuting 2 rounds ... 
INFO  @ Wed, 16 Nov 2022 13:24:53: Collecting 25263 sgRNAs from 3506 genes. 
INFO  @ Wed, 16 Nov 2022 13:24:53: Permuting round 0 ... 
INFO  @ Wed, 16 Nov 2022 13:24:53: Thread 0 started. 
INFO  @ Wed, 16 Nov 2022 13:24:53: Thread 0: total 3506 instances. 
INFO  @ Wed, 16 Nov 2022 13:24:53: Thread 0: Calculating ZNF212 (1) ...  
INFO  @ Wed, 16 Nov 2022 13:25:00: Thread 0: Calculating ATG4A (1001) ...  
INFO  @ Wed, 16 Nov 2022 13:25:08: Thread 0: Calculating PYGO1 (2001) ...  
INFO  @ Wed, 16 Nov 2022 13:25:15: Thread 0: Calculating SHOX2 (3001) ...  
INFO  @ Wed, 16 Nov 2022 13:25:18: Thread 0 completed. 
INFO  @ Wed, 16 Nov 2022 13:25:18: All threads completed. 
INFO  @ Wed, 16 Nov 2022 13:25:19: Permuting round 1 ... 
INFO  @ Wed, 16 Nov 2022 13:25:20: Thread 0 started. 
INFO  @ Wed, 16 Nov 2022 13:25:20: Thread 0: total 3506 instances. 
INFO  @ Wed, 16 Nov 2022 13:25:20: Thread 0: Calculating ZNF212 (1) ...  
INFO  @ Wed, 16 Nov 2022 13:25:27: Thread 0: Calculating ATG4A (1001) ...  
INFO  @ Wed, 16 Nov 2022 13:25:34: Thread 0: Calculating PYGO1 (2001) ...  
INFO  @ Wed, 16 Nov 2022 13:25:42: Thread 0: Calculating SHOX2 (3001) ...  
INFO  @ Wed, 16 Nov 2022 13:25:46: Thread 0 completed. 
INFO  @ Wed, 16 Nov 2022 13:25:46: All threads completed. 
INFO  @ Wed, 16 Nov 2022 13:25:47: Assigning p values... 
INFO  @ Wed, 16 Nov 2022 13:25:47: Permuting groups of gene with 12 sgRNAs per gene. Group progress: 12/41 
INFO  @ Wed, 16 Nov 2022 13:25:47: Start permuting 2 rounds ... 
INFO  @ Wed, 16 Nov 2022 13:25:48: Collecting 25263 sgRNAs from 3506 genes. 
INFO  @ Wed, 16 Nov 2022 13:25:48: Permuting round 0 ... 
INFO  @ Wed, 16 Nov 2022 13:25:48: Thread 0 started. 
INFO  @ Wed, 16 Nov 2022 13:25:48: Thread 0: total 3506 instances. 
INFO  @ Wed, 16 Nov 2022 13:25:48: Thread 0: Calculating ZNF212 (1) ...  
INFO  @ Wed, 16 Nov 2022 13:25:55: Thread 0: Calculating ATG4A (1001) ...  
INFO  @ Wed, 16 Nov 2022 13:26:02: Thread 0: Calculating PYGO1 (2001) ...  
INFO  @ Wed, 16 Nov 2022 13:26:09: Thread 0: Calculating SHOX2 (3001) ...  
INFO  @ Wed, 16 Nov 2022 13:26:13: Thread 0 completed. 
INFO  @ Wed, 16 Nov 2022 13:26:13: All threads completed. 
INFO  @ Wed, 16 Nov 2022 13:26:14: Permuting round 1 ... 
INFO  @ Wed, 16 Nov 2022 13:26:14: Thread 0 started. 
INFO  @ Wed, 16 Nov 2022 13:26:14: Thread 0: total 3506 instances. 
INFO  @ Wed, 16 Nov 2022 13:26:14: Thread 0: Calculating ZNF212 (1) ...  
INFO  @ Wed, 16 Nov 2022 13:26:22: Thread 0: Calculating ATG4A (1001) ...  
INFO  @ Wed, 16 Nov 2022 13:26:29: Thread 0: Calculating PYGO1 (2001) ...  
INFO  @ Wed, 16 Nov 2022 13:26:36: Thread 0: Calculating SHOX2 (3001) ...  
INFO  @ Wed, 16 Nov 2022 13:26:40: Thread 0 completed. 
INFO  @ Wed, 16 Nov 2022 13:26:40: All threads completed. 
INFO  @ Wed, 16 Nov 2022 13:26:41: Assigning p values... 
INFO  @ Wed, 16 Nov 2022 13:26:41: Permuting groups of gene with 13 sgRNAs per gene. Group progress: 13/41 
INFO  @ Wed, 16 Nov 2022 13:26:41: Start permuting 2 rounds ... 
INFO  @ Wed, 16 Nov 2022 13:26:41: Collecting 25263 sgRNAs from 3506 genes. 
INFO  @ Wed, 16 Nov 2022 13:26:42: Permuting round 0 ... 
INFO  @ Wed, 16 Nov 2022 13:26:42: Thread 0 started. 
INFO  @ Wed, 16 Nov 2022 13:26:42: Thread 0: total 3506 instances. 
INFO  @ Wed, 16 Nov 2022 13:26:42: Thread 0: Calculating ZNF212 (1) ...  
INFO  @ Wed, 16 Nov 2022 13:26:49: Thread 0: Calculating ATG4A (1001) ...  
INFO  @ Wed, 16 Nov 2022 13:26:56: Thread 0: Calculating PYGO1 (2001) ...  
INFO  @ Wed, 16 Nov 2022 13:27:03: Thread 0: Calculating SHOX2 (3001) ...  
INFO  @ Wed, 16 Nov 2022 13:27:07: Thread 0 completed. 
INFO  @ Wed, 16 Nov 2022 13:27:07: All threads completed. 
INFO  @ Wed, 16 Nov 2022 13:27:08: Permuting round 1 ... 
INFO  @ Wed, 16 Nov 2022 13:27:08: Thread 0 started. 
INFO  @ Wed, 16 Nov 2022 13:27:08: Thread 0: total 3506 instances. 
INFO  @ Wed, 16 Nov 2022 13:27:08: Thread 0: Calculating ZNF212 (1) ...  
INFO  @ Wed, 16 Nov 2022 13:27:15: Thread 0: Calculating ATG4A (1001) ...  
INFO  @ Wed, 16 Nov 2022 13:27:23: Thread 0: Calculating PYGO1 (2001) ...  
INFO  @ Wed, 16 Nov 2022 13:27:30: Thread 0: Calculating SHOX2 (3001) ...  
INFO  @ Wed, 16 Nov 2022 13:27:34: Thread 0 completed. 
INFO  @ Wed, 16 Nov 2022 13:27:34: All threads completed. 
INFO  @ Wed, 16 Nov 2022 13:27:35: Assigning p values... 
INFO  @ Wed, 16 Nov 2022 13:27:35: Permuting groups of gene with 14 sgRNAs per gene. Group progress: 14/41 
INFO  @ Wed, 16 Nov 2022 13:27:35: Start permuting 2 rounds ... 
INFO  @ Wed, 16 Nov 2022 13:27:36: Collecting 25263 sgRNAs from 3506 genes. 
INFO  @ Wed, 16 Nov 2022 13:27:36: Permuting round 0 ... 
INFO  @ Wed, 16 Nov 2022 13:27:36: Thread 0 started. 
INFO  @ Wed, 16 Nov 2022 13:27:36: Thread 0: total 3506 instances. 
INFO  @ Wed, 16 Nov 2022 13:27:36: Thread 0: Calculating ZNF212 (1) ...  
INFO  @ Wed, 16 Nov 2022 13:27:43: Thread 0: Calculating ATG4A (1001) ...  
INFO  @ Wed, 16 Nov 2022 13:27:50: Thread 0: Calculating PYGO1 (2001) ...  
INFO  @ Wed, 16 Nov 2022 13:27:58: Thread 0: Calculating SHOX2 (3001) ...  
INFO  @ Wed, 16 Nov 2022 13:28:02: Thread 0 completed. 
INFO  @ Wed, 16 Nov 2022 13:28:02: All threads completed. 
INFO  @ Wed, 16 Nov 2022 13:28:03: Permuting round 1 ... 
INFO  @ Wed, 16 Nov 2022 13:28:03: Thread 0 started. 
INFO  @ Wed, 16 Nov 2022 13:28:03: Thread 0: total 3506 instances. 
INFO  @ Wed, 16 Nov 2022 13:28:03: Thread 0: Calculating ZNF212 (1) ...  
INFO  @ Wed, 16 Nov 2022 13:28:11: Thread 0: Calculating ATG4A (1001) ...  
INFO  @ Wed, 16 Nov 2022 13:28:18: Thread 0: Calculating PYGO1 (2001) ...  
INFO  @ Wed, 16 Nov 2022 13:28:25: Thread 0: Calculating SHOX2 (3001) ...  
INFO  @ Wed, 16 Nov 2022 13:28:29: Thread 0 completed. 
INFO  @ Wed, 16 Nov 2022 13:28:29: All threads completed. 
INFO  @ Wed, 16 Nov 2022 13:28:31: Assigning p values... 
INFO  @ Wed, 16 Nov 2022 13:28:31: Permuting groups of gene with 15 sgRNAs per gene. Group progress: 15/41 
INFO  @ Wed, 16 Nov 2022 13:28:31: Start permuting 2 rounds ... 
INFO  @ Wed, 16 Nov 2022 13:28:31: Collecting 25263 sgRNAs from 3506 genes. 
INFO  @ Wed, 16 Nov 2022 13:28:31: Permuting round 0 ... 
INFO  @ Wed, 16 Nov 2022 13:28:31: Thread 0 started. 
INFO  @ Wed, 16 Nov 2022 13:28:31: Thread 0: total 3506 instances. 
INFO  @ Wed, 16 Nov 2022 13:28:31: Thread 0: Calculating ZNF212 (1) ...  
INFO  @ Wed, 16 Nov 2022 13:28:39: Thread 0: Calculating ATG4A (1001) ...  
INFO  @ Wed, 16 Nov 2022 13:28:47: Thread 0: Calculating PYGO1 (2001) ...  
INFO  @ Wed, 16 Nov 2022 13:28:54: Thread 0: Calculating SHOX2 (3001) ...  
INFO  @ Wed, 16 Nov 2022 13:28:58: Thread 0 completed. 
INFO  @ Wed, 16 Nov 2022 13:28:58: All threads completed. 
INFO  @ Wed, 16 Nov 2022 13:28:59: Permuting round 1 ... 
INFO  @ Wed, 16 Nov 2022 13:28:59: Thread 0 started. 
INFO  @ Wed, 16 Nov 2022 13:28:59: Thread 0: total 3506 instances. 
INFO  @ Wed, 16 Nov 2022 13:28:59: Thread 0: Calculating ZNF212 (1) ...  
INFO  @ Wed, 16 Nov 2022 13:29:07: Thread 0: Calculating ATG4A (1001) ...  
INFO  @ Wed, 16 Nov 2022 13:29:15: Thread 0: Calculating PYGO1 (2001) ...  
INFO  @ Wed, 16 Nov 2022 13:29:23: Thread 0: Calculating SHOX2 (3001) ...  
INFO  @ Wed, 16 Nov 2022 13:29:27: Thread 0 completed. 
INFO  @ Wed, 16 Nov 2022 13:29:27: All threads completed. 
INFO  @ Wed, 16 Nov 2022 13:29:28: Assigning p values... 
INFO  @ Wed, 16 Nov 2022 13:29:28: Permuting groups of gene with 16 sgRNAs per gene. Group progress: 16/41 
INFO  @ Wed, 16 Nov 2022 13:29:28: Start permuting 2 rounds ... 
INFO  @ Wed, 16 Nov 2022 13:29:29: Collecting 25263 sgRNAs from 3506 genes. 
INFO  @ Wed, 16 Nov 2022 13:29:29: Permuting round 0 ... 
INFO  @ Wed, 16 Nov 2022 13:29:29: Thread 0 started. 
INFO  @ Wed, 16 Nov 2022 13:29:29: Thread 0: total 3506 instances. 
INFO  @ Wed, 16 Nov 2022 13:29:29: Thread 0: Calculating ZNF212 (1) ...  
INFO  @ Wed, 16 Nov 2022 13:29:37: Thread 0: Calculating ATG4A (1001) ...  
INFO  @ Wed, 16 Nov 2022 13:29:44: Thread 0: Calculating PYGO1 (2001) ...  
INFO  @ Wed, 16 Nov 2022 13:29:51: Thread 0: Calculating SHOX2 (3001) ...  
INFO  @ Wed, 16 Nov 2022 13:29:54: Thread 0 completed. 
INFO  @ Wed, 16 Nov 2022 13:29:54: All threads completed. 
INFO  @ Wed, 16 Nov 2022 13:29:56: Permuting round 1 ... 
INFO  @ Wed, 16 Nov 2022 13:29:56: Thread 0 started. 
INFO  @ Wed, 16 Nov 2022 13:29:56: Thread 0: total 3506 instances. 
INFO  @ Wed, 16 Nov 2022 13:29:56: Thread 0: Calculating ZNF212 (1) ...  
INFO  @ Wed, 16 Nov 2022 13:30:03: Thread 0: Calculating ATG4A (1001) ...  
INFO  @ Wed, 16 Nov 2022 13:30:11: Thread 0: Calculating PYGO1 (2001) ...  
INFO  @ Wed, 16 Nov 2022 13:30:18: Thread 0: Calculating SHOX2 (3001) ...  
INFO  @ Wed, 16 Nov 2022 13:30:22: Thread 0 completed. 
INFO  @ Wed, 16 Nov 2022 13:30:22: All threads completed. 
INFO  @ Wed, 16 Nov 2022 13:30:23: Assigning p values... 
INFO  @ Wed, 16 Nov 2022 13:30:23: Permuting groups of gene with 17 sgRNAs per gene. Group progress: 17/41 
INFO  @ Wed, 16 Nov 2022 13:30:23: Start permuting 2 rounds ... 
INFO  @ Wed, 16 Nov 2022 13:30:23: Collecting 25263 sgRNAs from 3506 genes. 
INFO  @ Wed, 16 Nov 2022 13:30:24: Permuting round 0 ... 
INFO  @ Wed, 16 Nov 2022 13:30:24: Thread 0 started. 
INFO  @ Wed, 16 Nov 2022 13:30:24: Thread 0: total 3506 instances. 
INFO  @ Wed, 16 Nov 2022 13:30:24: Thread 0: Calculating ZNF212 (1) ...  
INFO  @ Wed, 16 Nov 2022 13:30:32: Thread 0: Calculating ATG4A (1001) ...  
INFO  @ Wed, 16 Nov 2022 13:30:39: Thread 0: Calculating PYGO1 (2001) ...  
INFO  @ Wed, 16 Nov 2022 13:30:47: Thread 0: Calculating SHOX2 (3001) ...  
INFO  @ Wed, 16 Nov 2022 13:30:50: Thread 0 completed. 
INFO  @ Wed, 16 Nov 2022 13:30:50: All threads completed. 
INFO  @ Wed, 16 Nov 2022 13:30:52: Permuting round 1 ... 
INFO  @ Wed, 16 Nov 2022 13:30:52: Thread 0 started. 
INFO  @ Wed, 16 Nov 2022 13:30:52: Thread 0: total 3506 instances. 
INFO  @ Wed, 16 Nov 2022 13:30:52: Thread 0: Calculating ZNF212 (1) ...  
INFO  @ Wed, 16 Nov 2022 13:30:59: Thread 0: Calculating ATG4A (1001) ...  
INFO  @ Wed, 16 Nov 2022 13:31:07: Thread 0: Calculating PYGO1 (2001) ...  
INFO  @ Wed, 16 Nov 2022 13:31:14: Thread 0: Calculating SHOX2 (3001) ...  
INFO  @ Wed, 16 Nov 2022 13:31:18: Thread 0 completed. 
INFO  @ Wed, 16 Nov 2022 13:31:18: All threads completed. 
INFO  @ Wed, 16 Nov 2022 13:31:19: Assigning p values... 
INFO  @ Wed, 16 Nov 2022 13:31:19: Permuting groups of gene with 18 sgRNAs per gene. Group progress: 18/41 
INFO  @ Wed, 16 Nov 2022 13:31:19: Start permuting 2 rounds ... 
INFO  @ Wed, 16 Nov 2022 13:31:19: Collecting 25263 sgRNAs from 3506 genes. 
INFO  @ Wed, 16 Nov 2022 13:31:20: Permuting round 0 ... 
INFO  @ Wed, 16 Nov 2022 13:31:20: Thread 0 started. 
INFO  @ Wed, 16 Nov 2022 13:31:20: Thread 0: total 3506 instances. 
INFO  @ Wed, 16 Nov 2022 13:31:20: Thread 0: Calculating ZNF212 (1) ...  
INFO  @ Wed, 16 Nov 2022 13:31:28: Thread 0: Calculating ATG4A (1001) ...  
INFO  @ Wed, 16 Nov 2022 13:31:35: Thread 0: Calculating PYGO1 (2001) ...  
INFO  @ Wed, 16 Nov 2022 13:31:43: Thread 0: Calculating SHOX2 (3001) ...  
INFO  @ Wed, 16 Nov 2022 13:31:46: Thread 0 completed. 
INFO  @ Wed, 16 Nov 2022 13:31:46: All threads completed. 
INFO  @ Wed, 16 Nov 2022 13:31:48: Permuting round 1 ... 
INFO  @ Wed, 16 Nov 2022 13:31:48: Thread 0 started. 
INFO  @ Wed, 16 Nov 2022 13:31:48: Thread 0: total 3506 instances. 
INFO  @ Wed, 16 Nov 2022 13:31:48: Thread 0: Calculating ZNF212 (1) ...  
INFO  @ Wed, 16 Nov 2022 13:31:55: Thread 0: Calculating ATG4A (1001) ...  
INFO  @ Wed, 16 Nov 2022 13:32:03: Thread 0: Calculating PYGO1 (2001) ...  
INFO  @ Wed, 16 Nov 2022 13:32:11: Thread 0: Calculating SHOX2 (3001) ...  
INFO  @ Wed, 16 Nov 2022 13:32:14: Thread 0 completed. 
INFO  @ Wed, 16 Nov 2022 13:32:14: All threads completed. 
INFO  @ Wed, 16 Nov 2022 13:32:16: Assigning p values... 
INFO  @ Wed, 16 Nov 2022 13:32:16: Permuting groups of gene with 19 sgRNAs per gene. Group progress: 19/41 
INFO  @ Wed, 16 Nov 2022 13:32:16: Start permuting 2 rounds ... 
INFO  @ Wed, 16 Nov 2022 13:32:16: Collecting 25263 sgRNAs from 3506 genes. 
INFO  @ Wed, 16 Nov 2022 13:32:16: Permuting round 0 ... 
INFO  @ Wed, 16 Nov 2022 13:32:17: Thread 0 started. 
INFO  @ Wed, 16 Nov 2022 13:32:17: Thread 0: total 3506 instances. 
INFO  @ Wed, 16 Nov 2022 13:32:17: Thread 0: Calculating ZNF212 (1) ...  
INFO  @ Wed, 16 Nov 2022 13:32:24: Thread 0: Calculating ATG4A (1001) ...  
INFO  @ Wed, 16 Nov 2022 13:32:32: Thread 0: Calculating PYGO1 (2001) ...  
INFO  @ Wed, 16 Nov 2022 13:32:39: Thread 0: Calculating SHOX2 (3001) ...  
INFO  @ Wed, 16 Nov 2022 13:32:43: Thread 0 completed. 
INFO  @ Wed, 16 Nov 2022 13:32:43: All threads completed. 
INFO  @ Wed, 16 Nov 2022 13:32:44: Permuting round 1 ... 
INFO  @ Wed, 16 Nov 2022 13:32:45: Thread 0 started. 
INFO  @ Wed, 16 Nov 2022 13:32:45: Thread 0: total 3506 instances. 
INFO  @ Wed, 16 Nov 2022 13:32:45: Thread 0: Calculating ZNF212 (1) ...  
INFO  @ Wed, 16 Nov 2022 13:32:52: Thread 0: Calculating ATG4A (1001) ...  
INFO  @ Wed, 16 Nov 2022 13:33:00: Thread 0: Calculating PYGO1 (2001) ...  
INFO  @ Wed, 16 Nov 2022 13:33:08: Thread 0: Calculating SHOX2 (3001) ...  
INFO  @ Wed, 16 Nov 2022 13:33:11: Thread 0 completed. 
INFO  @ Wed, 16 Nov 2022 13:33:11: All threads completed. 
INFO  @ Wed, 16 Nov 2022 13:33:13: Assigning p values... 
INFO  @ Wed, 16 Nov 2022 13:33:13: Permuting groups of gene with 20 sgRNAs per gene. Group progress: 20/41 
INFO  @ Wed, 16 Nov 2022 13:33:13: Start permuting 2 rounds ... 
INFO  @ Wed, 16 Nov 2022 13:33:13: Collecting 25263 sgRNAs from 3506 genes. 
INFO  @ Wed, 16 Nov 2022 13:33:13: Permuting round 0 ... 
INFO  @ Wed, 16 Nov 2022 13:33:14: Thread 0 started. 
INFO  @ Wed, 16 Nov 2022 13:33:14: Thread 0: total 3506 instances. 
INFO  @ Wed, 16 Nov 2022 13:33:14: Thread 0: Calculating ZNF212 (1) ...  
INFO  @ Wed, 16 Nov 2022 13:33:21: Thread 0: Calculating ATG4A (1001) ...  
INFO  @ Wed, 16 Nov 2022 13:33:29: Thread 0: Calculating PYGO1 (2001) ...  
INFO  @ Wed, 16 Nov 2022 13:33:37: Thread 0: Calculating SHOX2 (3001) ...  
INFO  @ Wed, 16 Nov 2022 13:33:40: Thread 0 completed. 
INFO  @ Wed, 16 Nov 2022 13:33:40: All threads completed. 
INFO  @ Wed, 16 Nov 2022 13:33:42: Permuting round 1 ... 
INFO  @ Wed, 16 Nov 2022 13:33:42: Thread 0 started. 
INFO  @ Wed, 16 Nov 2022 13:33:42: Thread 0: total 3506 instances. 
INFO  @ Wed, 16 Nov 2022 13:33:42: Thread 0: Calculating ZNF212 (1) ...  
INFO  @ Wed, 16 Nov 2022 13:33:50: Thread 0: Calculating ATG4A (1001) ...  
INFO  @ Wed, 16 Nov 2022 13:33:58: Thread 0: Calculating PYGO1 (2001) ...  
INFO  @ Wed, 16 Nov 2022 13:34:05: Thread 0: Calculating SHOX2 (3001) ...  
INFO  @ Wed, 16 Nov 2022 13:34:09: Thread 0 completed. 
INFO  @ Wed, 16 Nov 2022 13:34:09: All threads completed. 
INFO  @ Wed, 16 Nov 2022 13:34:11: Assigning p values... 
INFO  @ Wed, 16 Nov 2022 13:34:11: Permuting groups of gene with 21 sgRNAs per gene. Group progress: 21/41 
INFO  @ Wed, 16 Nov 2022 13:34:11: Start permuting 2 rounds ... 
INFO  @ Wed, 16 Nov 2022 13:34:11: Collecting 25263 sgRNAs from 3506 genes. 
INFO  @ Wed, 16 Nov 2022 13:34:11: Permuting round 0 ... 
INFO  @ Wed, 16 Nov 2022 13:34:12: Thread 0 started. 
INFO  @ Wed, 16 Nov 2022 13:34:12: Thread 0: total 3506 instances. 
INFO  @ Wed, 16 Nov 2022 13:34:12: Thread 0: Calculating ZNF212 (1) ...  
INFO  @ Wed, 16 Nov 2022 13:34:19: Thread 0: Calculating ATG4A (1001) ...  
INFO  @ Wed, 16 Nov 2022 13:34:27: Thread 0: Calculating PYGO1 (2001) ...  
INFO  @ Wed, 16 Nov 2022 13:34:35: Thread 0: Calculating SHOX2 (3001) ...  
INFO  @ Wed, 16 Nov 2022 13:34:39: Thread 0 completed. 
INFO  @ Wed, 16 Nov 2022 13:34:39: All threads completed. 
INFO  @ Wed, 16 Nov 2022 13:34:40: Permuting round 1 ... 
INFO  @ Wed, 16 Nov 2022 13:34:40: Thread 0 started. 
INFO  @ Wed, 16 Nov 2022 13:34:40: Thread 0: total 3506 instances. 
INFO  @ Wed, 16 Nov 2022 13:34:40: Thread 0: Calculating ZNF212 (1) ...  
INFO  @ Wed, 16 Nov 2022 13:34:48: Thread 0: Calculating ATG4A (1001) ...  
INFO  @ Wed, 16 Nov 2022 13:34:57: Thread 0: Calculating PYGO1 (2001) ...  
INFO  @ Wed, 16 Nov 2022 13:35:05: Thread 0: Calculating SHOX2 (3001) ...  
INFO  @ Wed, 16 Nov 2022 13:35:09: Thread 0 completed. 
INFO  @ Wed, 16 Nov 2022 13:35:09: All threads completed. 
INFO  @ Wed, 16 Nov 2022 13:35:10: Assigning p values... 
INFO  @ Wed, 16 Nov 2022 13:35:10: Permuting groups of gene with 22 sgRNAs per gene. Group progress: 22/41 
INFO  @ Wed, 16 Nov 2022 13:35:10: Start permuting 2 rounds ... 
INFO  @ Wed, 16 Nov 2022 13:35:11: Collecting 25263 sgRNAs from 3506 genes. 
INFO  @ Wed, 16 Nov 2022 13:35:11: Permuting round 0 ... 
INFO  @ Wed, 16 Nov 2022 13:35:11: Thread 0 started. 
INFO  @ Wed, 16 Nov 2022 13:35:11: Thread 0: total 3506 instances. 
INFO  @ Wed, 16 Nov 2022 13:35:11: Thread 0: Calculating ZNF212 (1) ...  
INFO  @ Wed, 16 Nov 2022 13:35:19: Thread 0: Calculating ATG4A (1001) ...  
INFO  @ Wed, 16 Nov 2022 13:35:27: Thread 0: Calculating PYGO1 (2001) ...  
INFO  @ Wed, 16 Nov 2022 13:35:35: Thread 0: Calculating SHOX2 (3001) ...  
INFO  @ Wed, 16 Nov 2022 13:35:39: Thread 0 completed. 
INFO  @ Wed, 16 Nov 2022 13:35:39: All threads completed. 
INFO  @ Wed, 16 Nov 2022 13:35:41: Permuting round 1 ... 
INFO  @ Wed, 16 Nov 2022 13:35:41: Thread 0 started. 
INFO  @ Wed, 16 Nov 2022 13:35:41: Thread 0: total 3506 instances. 
INFO  @ Wed, 16 Nov 2022 13:35:41: Thread 0: Calculating ZNF212 (1) ...  
INFO  @ Wed, 16 Nov 2022 13:35:49: Thread 0: Calculating ATG4A (1001) ...  
INFO  @ Wed, 16 Nov 2022 13:35:57: Thread 0: Calculating PYGO1 (2001) ...  
INFO  @ Wed, 16 Nov 2022 13:36:06: Thread 0: Calculating SHOX2 (3001) ...  
INFO  @ Wed, 16 Nov 2022 13:36:10: Thread 0 completed. 
INFO  @ Wed, 16 Nov 2022 13:36:10: All threads completed. 
INFO  @ Wed, 16 Nov 2022 13:36:11: Assigning p values... 
INFO  @ Wed, 16 Nov 2022 13:36:11: Permuting groups of gene with 23 sgRNAs per gene. Group progress: 23/41 
INFO  @ Wed, 16 Nov 2022 13:36:11: Start permuting 2 rounds ... 
INFO  @ Wed, 16 Nov 2022 13:36:11: Collecting 25263 sgRNAs from 3506 genes. 
INFO  @ Wed, 16 Nov 2022 13:36:12: Permuting round 0 ... 
INFO  @ Wed, 16 Nov 2022 13:36:12: Thread 0 started. 
INFO  @ Wed, 16 Nov 2022 13:36:12: Thread 0: total 3506 instances. 
INFO  @ Wed, 16 Nov 2022 13:36:12: Thread 0: Calculating ZNF212 (1) ...  
INFO  @ Wed, 16 Nov 2022 13:36:20: Thread 0: Calculating ATG4A (1001) ...  
INFO  @ Wed, 16 Nov 2022 13:36:28: Thread 0: Calculating PYGO1 (2001) ...  
INFO  @ Wed, 16 Nov 2022 13:36:36: Thread 0: Calculating SHOX2 (3001) ...  
INFO  @ Wed, 16 Nov 2022 13:36:40: Thread 0 completed. 
INFO  @ Wed, 16 Nov 2022 13:36:40: All threads completed. 
INFO  @ Wed, 16 Nov 2022 13:36:41: Permuting round 1 ... 
INFO  @ Wed, 16 Nov 2022 13:36:42: Thread 0 started. 
INFO  @ Wed, 16 Nov 2022 13:36:42: Thread 0: total 3506 instances. 
INFO  @ Wed, 16 Nov 2022 13:36:42: Thread 0: Calculating ZNF212 (1) ...  
INFO  @ Wed, 16 Nov 2022 13:36:50: Thread 0: Calculating ATG4A (1001) ...  
INFO  @ Wed, 16 Nov 2022 13:36:58: Thread 0: Calculating PYGO1 (2001) ...  
INFO  @ Wed, 16 Nov 2022 13:37:06: Thread 0: Calculating SHOX2 (3001) ...  
INFO  @ Wed, 16 Nov 2022 13:37:10: Thread 0 completed. 
INFO  @ Wed, 16 Nov 2022 13:37:10: All threads completed. 
INFO  @ Wed, 16 Nov 2022 13:37:12: Assigning p values... 
INFO  @ Wed, 16 Nov 2022 13:37:12: Permuting groups of gene with 24 sgRNAs per gene. Group progress: 24/41 
INFO  @ Wed, 16 Nov 2022 13:37:12: Start permuting 2 rounds ... 
INFO  @ Wed, 16 Nov 2022 13:37:12: Collecting 25263 sgRNAs from 3506 genes. 
INFO  @ Wed, 16 Nov 2022 13:37:12: Permuting round 0 ... 
INFO  @ Wed, 16 Nov 2022 13:37:12: Thread 0 started. 
INFO  @ Wed, 16 Nov 2022 13:37:13: Thread 0: total 3506 instances. 
INFO  @ Wed, 16 Nov 2022 13:37:13: Thread 0: Calculating ZNF212 (1) ...  
INFO  @ Wed, 16 Nov 2022 13:37:21: Thread 0: Calculating ATG4A (1001) ...  
INFO  @ Wed, 16 Nov 2022 13:37:29: Thread 0: Calculating PYGO1 (2001) ...  
INFO  @ Wed, 16 Nov 2022 13:37:37: Thread 0: Calculating SHOX2 (3001) ...  
INFO  @ Wed, 16 Nov 2022 13:37:42: Thread 0 completed. 
INFO  @ Wed, 16 Nov 2022 13:37:42: All threads completed. 
INFO  @ Wed, 16 Nov 2022 13:37:43: Permuting round 1 ... 
INFO  @ Wed, 16 Nov 2022 13:37:44: Thread 0 started. 
INFO  @ Wed, 16 Nov 2022 13:37:44: Thread 0: total 3506 instances. 
INFO  @ Wed, 16 Nov 2022 13:37:44: Thread 0: Calculating ZNF212 (1) ...  
INFO  @ Wed, 16 Nov 2022 13:37:52: Thread 0: Calculating ATG4A (1001) ...  
INFO  @ Wed, 16 Nov 2022 13:38:00: Thread 0: Calculating PYGO1 (2001) ...  
INFO  @ Wed, 16 Nov 2022 13:38:08: Thread 0: Calculating SHOX2 (3001) ...  
INFO  @ Wed, 16 Nov 2022 13:38:13: Thread 0 completed. 
INFO  @ Wed, 16 Nov 2022 13:38:13: All threads completed. 
INFO  @ Wed, 16 Nov 2022 13:38:14: Assigning p values... 
INFO  @ Wed, 16 Nov 2022 13:38:14: Permuting groups of gene with 25 sgRNAs per gene. Group progress: 25/41 
INFO  @ Wed, 16 Nov 2022 13:38:14: Start permuting 2 rounds ... 
INFO  @ Wed, 16 Nov 2022 13:38:14: Collecting 25263 sgRNAs from 3506 genes. 
INFO  @ Wed, 16 Nov 2022 13:38:15: Permuting round 0 ... 
INFO  @ Wed, 16 Nov 2022 13:38:15: Thread 0 started. 
INFO  @ Wed, 16 Nov 2022 13:38:15: Thread 0: total 3506 instances. 
INFO  @ Wed, 16 Nov 2022 13:38:15: Thread 0: Calculating ZNF212 (1) ...  
INFO  @ Wed, 16 Nov 2022 13:38:24: Thread 0: Calculating ATG4A (1001) ...  
INFO  @ Wed, 16 Nov 2022 13:38:32: Thread 0: Calculating PYGO1 (2001) ...  
INFO  @ Wed, 16 Nov 2022 13:38:40: Thread 0: Calculating SHOX2 (3001) ...  
INFO  @ Wed, 16 Nov 2022 13:38:44: Thread 0 completed. 
INFO  @ Wed, 16 Nov 2022 13:38:44: All threads completed. 
INFO  @ Wed, 16 Nov 2022 13:38:46: Permuting round 1 ... 
INFO  @ Wed, 16 Nov 2022 13:38:46: Thread 0 started. 
INFO  @ Wed, 16 Nov 2022 13:38:46: Thread 0: total 3506 instances. 
INFO  @ Wed, 16 Nov 2022 13:38:46: Thread 0: Calculating ZNF212 (1) ...  
INFO  @ Wed, 16 Nov 2022 13:38:55: Thread 0: Calculating ATG4A (1001) ...  
INFO  @ Wed, 16 Nov 2022 13:39:03: Thread 0: Calculating PYGO1 (2001) ...  
INFO  @ Wed, 16 Nov 2022 13:39:12: Thread 0: Calculating SHOX2 (3001) ...  
INFO  @ Wed, 16 Nov 2022 13:39:16: Thread 0 completed. 
INFO  @ Wed, 16 Nov 2022 13:39:16: All threads completed. 
INFO  @ Wed, 16 Nov 2022 13:39:18: Assigning p values... 
INFO  @ Wed, 16 Nov 2022 13:39:19: Permuting groups of gene with 26 sgRNAs per gene. Group progress: 26/41 
INFO  @ Wed, 16 Nov 2022 13:39:19: Start permuting 2 rounds ... 
INFO  @ Wed, 16 Nov 2022 13:39:19: Collecting 25263 sgRNAs from 3506 genes. 
INFO  @ Wed, 16 Nov 2022 13:39:19: Permuting round 0 ... 
INFO  @ Wed, 16 Nov 2022 13:39:20: Thread 0 started. 
INFO  @ Wed, 16 Nov 2022 13:39:20: Thread 0: total 3506 instances. 
INFO  @ Wed, 16 Nov 2022 13:39:20: Thread 0: Calculating ZNF212 (1) ...  
INFO  @ Wed, 16 Nov 2022 13:39:29: Thread 0: Calculating ATG4A (1001) ...  
INFO  @ Wed, 16 Nov 2022 13:39:38: Thread 0: Calculating PYGO1 (2001) ...  
INFO  @ Wed, 16 Nov 2022 13:39:47: Thread 0: Calculating SHOX2 (3001) ...  
INFO  @ Wed, 16 Nov 2022 13:39:51: Thread 0 completed. 
INFO  @ Wed, 16 Nov 2022 13:39:51: All threads completed. 
INFO  @ Wed, 16 Nov 2022 13:39:53: Permuting round 1 ... 
INFO  @ Wed, 16 Nov 2022 13:39:53: Thread 0 started. 
INFO  @ Wed, 16 Nov 2022 13:39:53: Thread 0: total 3506 instances. 
INFO  @ Wed, 16 Nov 2022 13:39:53: Thread 0: Calculating ZNF212 (1) ...  
INFO  @ Wed, 16 Nov 2022 13:40:02: Thread 0: Calculating ATG4A (1001) ...  
INFO  @ Wed, 16 Nov 2022 13:40:11: Thread 0: Calculating PYGO1 (2001) ...  
INFO  @ Wed, 16 Nov 2022 13:40:20: Thread 0: Calculating SHOX2 (3001) ...  
INFO  @ Wed, 16 Nov 2022 13:40:25: Thread 0 completed. 
INFO  @ Wed, 16 Nov 2022 13:40:25: All threads completed. 
INFO  @ Wed, 16 Nov 2022 13:40:27: Assigning p values... 
INFO  @ Wed, 16 Nov 2022 13:40:27: Permuting groups of gene with 28 sgRNAs per gene. Group progress: 27/41 
INFO  @ Wed, 16 Nov 2022 13:40:27: Start permuting 2 rounds ... 
INFO  @ Wed, 16 Nov 2022 13:40:27: Collecting 25263 sgRNAs from 3506 genes. 
INFO  @ Wed, 16 Nov 2022 13:40:28: Permuting round 0 ... 
INFO  @ Wed, 16 Nov 2022 13:40:28: Thread 0 started. 
INFO  @ Wed, 16 Nov 2022 13:40:28: Thread 0: total 3506 instances. 
INFO  @ Wed, 16 Nov 2022 13:40:28: Thread 0: Calculating ZNF212 (1) ...  
INFO  @ Wed, 16 Nov 2022 13:40:37: Thread 0: Calculating ATG4A (1001) ...  
INFO  @ Wed, 16 Nov 2022 13:40:46: Thread 0: Calculating PYGO1 (2001) ...  
INFO  @ Wed, 16 Nov 2022 13:40:55: Thread 0: Calculating SHOX2 (3001) ...  
INFO  @ Wed, 16 Nov 2022 13:41:00: Thread 0 completed. 
INFO  @ Wed, 16 Nov 2022 13:41:00: All threads completed. 
INFO  @ Wed, 16 Nov 2022 13:41:01: Permuting round 1 ... 
INFO  @ Wed, 16 Nov 2022 13:41:02: Thread 0 started. 
INFO  @ Wed, 16 Nov 2022 13:41:02: Thread 0: total 3506 instances. 
INFO  @ Wed, 16 Nov 2022 13:41:02: Thread 0: Calculating ZNF212 (1) ...  
INFO  @ Wed, 16 Nov 2022 13:41:11: Thread 0: Calculating ATG4A (1001) ...  
INFO  @ Wed, 16 Nov 2022 13:41:21: Thread 0: Calculating PYGO1 (2001) ...  
INFO  @ Wed, 16 Nov 2022 13:41:30: Thread 0: Calculating SHOX2 (3001) ...  
INFO  @ Wed, 16 Nov 2022 13:41:35: Thread 0 completed. 
INFO  @ Wed, 16 Nov 2022 13:41:35: All threads completed. 
INFO  @ Wed, 16 Nov 2022 13:41:37: Assigning p values... 
INFO  @ Wed, 16 Nov 2022 13:41:37: Permuting groups of gene with 30 sgRNAs per gene. Group progress: 28/41 
INFO  @ Wed, 16 Nov 2022 13:41:37: Start permuting 2 rounds ... 
INFO  @ Wed, 16 Nov 2022 13:41:37: Collecting 25263 sgRNAs from 3506 genes. 
INFO  @ Wed, 16 Nov 2022 13:41:37: Permuting round 0 ... 
INFO  @ Wed, 16 Nov 2022 13:41:38: Thread 0 started. 
INFO  @ Wed, 16 Nov 2022 13:41:38: Thread 0: total 3506 instances. 
INFO  @ Wed, 16 Nov 2022 13:41:38: Thread 0: Calculating ZNF212 (1) ...  
INFO  @ Wed, 16 Nov 2022 13:41:47: Thread 0: Calculating ATG4A (1001) ...  
INFO  @ Wed, 16 Nov 2022 13:41:57: Thread 0: Calculating PYGO1 (2001) ...  
INFO  @ Wed, 16 Nov 2022 13:42:09: Thread 0: Calculating SHOX2 (3001) ...  
INFO  @ Wed, 16 Nov 2022 13:42:15: Thread 0 completed. 
INFO  @ Wed, 16 Nov 2022 13:42:15: All threads completed. 
INFO  @ Wed, 16 Nov 2022 13:42:16: Permuting round 1 ... 
INFO  @ Wed, 16 Nov 2022 13:42:17: Thread 0 started. 
INFO  @ Wed, 16 Nov 2022 13:42:17: Thread 0: total 3506 instances. 
INFO  @ Wed, 16 Nov 2022 13:42:17: Thread 0: Calculating ZNF212 (1) ...  
INFO  @ Wed, 16 Nov 2022 13:42:26: Thread 0: Calculating ATG4A (1001) ...  
INFO  @ Wed, 16 Nov 2022 13:42:36: Thread 0: Calculating PYGO1 (2001) ...  
INFO  @ Wed, 16 Nov 2022 13:42:45: Thread 0: Calculating SHOX2 (3001) ...  
INFO  @ Wed, 16 Nov 2022 13:42:50: Thread 0 completed. 
INFO  @ Wed, 16 Nov 2022 13:42:50: All threads completed. 
INFO  @ Wed, 16 Nov 2022 13:42:52: Assigning p values... 
INFO  @ Wed, 16 Nov 2022 13:42:52: Permuting groups of gene with 31 sgRNAs per gene. Group progress: 29/41 
INFO  @ Wed, 16 Nov 2022 13:42:52: Start permuting 2 rounds ... 
INFO  @ Wed, 16 Nov 2022 13:42:52: Collecting 25263 sgRNAs from 3506 genes. 
INFO  @ Wed, 16 Nov 2022 13:42:52: Permuting round 0 ... 
INFO  @ Wed, 16 Nov 2022 13:42:53: Thread 0 started. 
INFO  @ Wed, 16 Nov 2022 13:42:53: Thread 0: total 3506 instances. 
INFO  @ Wed, 16 Nov 2022 13:42:53: Thread 0: Calculating ZNF212 (1) ...  
INFO  @ Wed, 16 Nov 2022 13:43:20: Thread 0: Calculating ATG4A (1001) ...  
INFO  @ Wed, 16 Nov 2022 13:43:50: Thread 0: Calculating PYGO1 (2001) ...  
INFO  @ Wed, 16 Nov 2022 13:44:29: Thread 0: Calculating SHOX2 (3001) ...  
INFO  @ Wed, 16 Nov 2022 13:44:50: Thread 0 completed. 
INFO  @ Wed, 16 Nov 2022 13:44:50: All threads completed. 
INFO  @ Wed, 16 Nov 2022 13:44:53: Permuting round 1 ... 
INFO  @ Wed, 16 Nov 2022 13:44:53: Thread 0 started. 
INFO  @ Wed, 16 Nov 2022 13:44:53: Thread 0: total 3506 instances. 
INFO  @ Wed, 16 Nov 2022 13:44:54: Thread 0: Calculating ZNF212 (1) ...  
INFO  @ Wed, 16 Nov 2022 13:45:29: Thread 0: Calculating ATG4A (1001) ...  
INFO  @ Wed, 16 Nov 2022 13:46:05: Thread 0: Calculating PYGO1 (2001) ...  
INFO  @ Wed, 16 Nov 2022 13:46:44: Thread 0: Calculating SHOX2 (3001) ...  
INFO  @ Wed, 16 Nov 2022 13:47:04: Thread 0 completed. 
INFO  @ Wed, 16 Nov 2022 13:47:04: All threads completed. 
INFO  @ Wed, 16 Nov 2022 13:47:07: Assigning p values... 
INFO  @ Wed, 16 Nov 2022 13:47:07: Permuting groups of gene with 32 sgRNAs per gene. Group progress: 30/41 
INFO  @ Wed, 16 Nov 2022 13:47:07: Start permuting 2 rounds ... 
INFO  @ Wed, 16 Nov 2022 13:47:08: Collecting 25263 sgRNAs from 3506 genes. 
INFO  @ Wed, 16 Nov 2022 13:47:08: Permuting round 0 ... 
INFO  @ Wed, 16 Nov 2022 13:47:10: Thread 0 started. 
INFO  @ Wed, 16 Nov 2022 13:47:10: Thread 0: total 3506 instances. 
INFO  @ Wed, 16 Nov 2022 13:47:11: Thread 0: Calculating ZNF212 (1) ...  
INFO  @ Wed, 16 Nov 2022 13:48:04: Thread 0: Calculating ATG4A (1001) ...  
INFO  @ Wed, 16 Nov 2022 13:48:55: Thread 0: Calculating PYGO1 (2001) ...  
INFO  @ Wed, 16 Nov 2022 13:49:50: Thread 0: Calculating SHOX2 (3001) ...  
INFO  @ Wed, 16 Nov 2022 13:50:24: Thread 0 completed. 
INFO  @ Wed, 16 Nov 2022 13:50:24: All threads completed. 
INFO  @ Wed, 16 Nov 2022 13:50:29: Permuting round 1 ... 
INFO  @ Wed, 16 Nov 2022 13:50:30: Thread 0: total 3506 instances. 
INFO  @ Wed, 16 Nov 2022 13:50:31: Thread 0 started. 
INFO  @ Wed, 16 Nov 2022 13:50:35: Thread 0: Calculating ZNF212 (1) ...  
INFO  @ Wed, 16 Nov 2022 13:51:48: Thread 0: Calculating ATG4A (1001) ...  
INFO  @ Wed, 16 Nov 2022 13:53:02: Thread 0: Calculating PYGO1 (2001) ...  
INFO  @ Wed, 16 Nov 2022 13:54:16: Thread 0: Calculating SHOX2 (3001) ...  
INFO  @ Wed, 16 Nov 2022 13:54:54: Thread 0 completed. 
INFO  @ Wed, 16 Nov 2022 13:54:54: All threads completed. 
INFO  @ Wed, 16 Nov 2022 13:55:01: Assigning p values... 
INFO  @ Wed, 16 Nov 2022 13:55:01: Permuting groups of gene with 33 sgRNAs per gene. Group progress: 31/41 
INFO  @ Wed, 16 Nov 2022 13:55:02: Start permuting 2 rounds ... 
INFO  @ Wed, 16 Nov 2022 13:55:03: Collecting 25263 sgRNAs from 3506 genes. 
INFO  @ Wed, 16 Nov 2022 13:55:05: Permuting round 0 ... 
INFO  @ Wed, 16 Nov 2022 13:55:07: Thread 0 started. 
INFO  @ Wed, 16 Nov 2022 13:55:07: Thread 0: total 3506 instances. 
INFO  @ Wed, 16 Nov 2022 13:55:10: Thread 0: Calculating ZNF212 (1) ...  
INFO  @ Wed, 16 Nov 2022 13:56:40: Thread 0: Calculating ATG4A (1001) ...  
INFO  @ Wed, 16 Nov 2022 13:58:56: Thread 0: Calculating PYGO1 (2001) ...  
INFO  @ Wed, 16 Nov 2022 14:00:34: Thread 0: Calculating SHOX2 (3001) ...  
INFO  @ Wed, 16 Nov 2022 14:01:23: Thread 0 completed. 
INFO  @ Wed, 16 Nov 2022 14:01:23: All threads completed. 
INFO  @ Wed, 16 Nov 2022 14:01:30: Permuting round 1 ... 
INFO  @ Wed, 16 Nov 2022 14:01:33: Thread 0 started. 
INFO  @ Wed, 16 Nov 2022 14:01:33: Thread 0: total 3506 instances. 
INFO  @ Wed, 16 Nov 2022 14:01:33: Thread 0: Calculating ZNF212 (1) ...  
INFO  @ Wed, 16 Nov 2022 14:03:16: Thread 0: Calculating ATG4A (1001) ...  
INFO  @ Wed, 16 Nov 2022 14:04:56: Thread 0: Calculating PYGO1 (2001) ...  
INFO  @ Wed, 16 Nov 2022 14:06:25: Thread 0: Calculating SHOX2 (3001) ...  
INFO  @ Wed, 16 Nov 2022 14:07:07: Thread 0 completed. 
INFO  @ Wed, 16 Nov 2022 14:07:07: All threads completed. 
INFO  @ Wed, 16 Nov 2022 14:07:16: Assigning p values... 
INFO  @ Wed, 16 Nov 2022 14:07:17: Permuting groups of gene with 34 sgRNAs per gene. Group progress: 32/41 
INFO  @ Wed, 16 Nov 2022 14:07:17: Start permuting 2 rounds ... 
INFO  @ Wed, 16 Nov 2022 14:07:18: Collecting 25263 sgRNAs from 3506 genes. 
INFO  @ Wed, 16 Nov 2022 14:07:21: Permuting round 0 ... 
INFO  @ Wed, 16 Nov 2022 14:07:24: Thread 0 started. 
INFO  @ Wed, 16 Nov 2022 14:07:24: Thread 0: total 3506 instances. 
INFO  @ Wed, 16 Nov 2022 14:07:24: Thread 0: Calculating ZNF212 (1) ...  
INFO  @ Wed, 16 Nov 2022 14:09:14: Thread 0: Calculating ATG4A (1001) ...  
INFO  @ Wed, 16 Nov 2022 14:10:56: Thread 0: Calculating PYGO1 (2001) ...  
INFO  @ Wed, 16 Nov 2022 14:12:36: Thread 0: Calculating SHOX2 (3001) ...  
INFO  @ Wed, 16 Nov 2022 14:13:29: Thread 0 completed. 
INFO  @ Wed, 16 Nov 2022 14:13:29: All threads completed. 
INFO  @ Wed, 16 Nov 2022 14:13:37: Permuting round 1 ... 
INFO  @ Wed, 16 Nov 2022 14:13:40: Thread 0: total 3506 instances. 
INFO  @ Wed, 16 Nov 2022 14:13:40: Thread 0 started. 
INFO  @ Wed, 16 Nov 2022 14:13:40: Thread 0: Calculating ZNF212 (1) ...  
INFO  @ Wed, 16 Nov 2022 14:15:24: Thread 0: Calculating ATG4A (1001) ...  
INFO  @ Wed, 16 Nov 2022 14:17:20: Thread 0: Calculating PYGO1 (2001) ...  
INFO  @ Wed, 16 Nov 2022 14:19:23: Thread 0: Calculating SHOX2 (3001) ...  
INFO  @ Wed, 16 Nov 2022 14:20:16: Thread 0 completed. 
INFO  @ Wed, 16 Nov 2022 14:20:16: All threads completed. 
INFO  @ Wed, 16 Nov 2022 14:20:25: Assigning p values... 
INFO  @ Wed, 16 Nov 2022 14:20:26: Permuting groups of gene with 38 sgRNAs per gene. Group progress: 33/41 
INFO  @ Wed, 16 Nov 2022 14:20:26: Start permuting 2 rounds ... 
INFO  @ Wed, 16 Nov 2022 14:20:27: Collecting 25263 sgRNAs from 3506 genes. 
INFO  @ Wed, 16 Nov 2022 14:20:32: Permuting round 0 ... 
INFO  @ Wed, 16 Nov 2022 14:20:36: Thread 0 started. 
INFO  @ Wed, 16 Nov 2022 14:20:36: Thread 0: total 3506 instances. 
INFO  @ Wed, 16 Nov 2022 14:20:37: Thread 0: Calculating ZNF212 (1) ...  
INFO  @ Wed, 16 Nov 2022 14:22:37: Thread 0: Calculating ATG4A (1001) ...  
INFO  @ Wed, 16 Nov 2022 14:24:33: Thread 0: Calculating PYGO1 (2001) ...  
INFO  @ Wed, 16 Nov 2022 14:26:25: Thread 0: Calculating SHOX2 (3001) ...  
INFO  @ Wed, 16 Nov 2022 14:27:25: Thread 0 completed. 
INFO  @ Wed, 16 Nov 2022 14:27:25: All threads completed. 
INFO  @ Wed, 16 Nov 2022 14:27:33: Permuting round 1 ... 
INFO  @ Wed, 16 Nov 2022 14:27:38: Thread 0 started. 
INFO  @ Wed, 16 Nov 2022 14:27:38: Thread 0: total 3506 instances. 
INFO  @ Wed, 16 Nov 2022 14:27:39: Thread 0: Calculating ZNF212 (1) ...  
INFO  @ Wed, 16 Nov 2022 14:29:50: Thread 0: Calculating ATG4A (1001) ...  
INFO  @ Wed, 16 Nov 2022 14:31:45: Thread 0: Calculating PYGO1 (2001) ...  
INFO  @ Wed, 16 Nov 2022 14:33:57: Thread 0: Calculating SHOX2 (3001) ...  
INFO  @ Wed, 16 Nov 2022 14:35:09: Thread 0 completed. 
INFO  @ Wed, 16 Nov 2022 14:35:09: All threads completed. 
INFO  @ Wed, 16 Nov 2022 14:35:19: Assigning p values... 
INFO  @ Wed, 16 Nov 2022 14:35:20: Permuting groups of gene with 39 sgRNAs per gene. Group progress: 34/41 
INFO  @ Wed, 16 Nov 2022 14:35:20: Start permuting 2 rounds ... 
INFO  @ Wed, 16 Nov 2022 14:35:22: Collecting 25263 sgRNAs from 3506 genes. 
INFO  @ Wed, 16 Nov 2022 14:35:25: Permuting round 0 ... 
INFO  @ Wed, 16 Nov 2022 14:35:29: Thread 0 started. 
INFO  @ Wed, 16 Nov 2022 14:35:29: Thread 0: total 3506 instances. 
INFO  @ Wed, 16 Nov 2022 14:35:30: Thread 0: Calculating ZNF212 (1) ...  
INFO  @ Wed, 16 Nov 2022 14:37:33: Thread 0: Calculating ATG4A (1001) ...  
INFO  @ Wed, 16 Nov 2022 14:39:30: Thread 0: Calculating PYGO1 (2001) ...  
INFO  @ Wed, 16 Nov 2022 14:41:29: Thread 0: Calculating SHOX2 (3001) ...  
INFO  @ Wed, 16 Nov 2022 14:42:36: Thread 0 completed. 
INFO  @ Wed, 16 Nov 2022 14:42:36: All threads completed. 
INFO  @ Wed, 16 Nov 2022 14:42:45: Permuting round 1 ... 
INFO  @ Wed, 16 Nov 2022 14:42:48: Thread 0 started. 
INFO  @ Wed, 16 Nov 2022 14:42:49: Thread 0: total 3506 instances. 
INFO  @ Wed, 16 Nov 2022 14:42:49: Thread 0: Calculating ZNF212 (1) ...  
INFO  @ Wed, 16 Nov 2022 14:45:16: Thread 0: Calculating ATG4A (1001) ...  
INFO  @ Wed, 16 Nov 2022 14:47:36: Thread 0: Calculating PYGO1 (2001) ...  
INFO  @ Wed, 16 Nov 2022 14:49:33: Thread 0: Calculating SHOX2 (3001) ...  
INFO  @ Wed, 16 Nov 2022 14:50:30: Thread 0 completed. 
INFO  @ Wed, 16 Nov 2022 14:50:30: All threads completed. 
INFO  @ Wed, 16 Nov 2022 14:50:39: Assigning p values... 
INFO  @ Wed, 16 Nov 2022 14:50:40: Groups of gene with 41 sgRNAs per gene: assigning p values based on previous group results. Group progress: 35/41 
INFO  @ Wed, 16 Nov 2022 14:50:40: Groups of gene with 42 sgRNAs per gene: assigning p values based on previous group results. Group progress: 36/41 
INFO  @ Wed, 16 Nov 2022 14:50:40: Groups of gene with 43 sgRNAs per gene: assigning p values based on previous group results. Group progress: 37/41 
INFO  @ Wed, 16 Nov 2022 14:50:40: Groups of gene with 47 sgRNAs per gene: assigning p values based on previous group results. Group progress: 38/41 
INFO  @ Wed, 16 Nov 2022 14:50:40: Groups of gene with 48 sgRNAs per gene: assigning p values based on previous group results. Group progress: 39/41 
INFO  @ Wed, 16 Nov 2022 14:50:40: Groups of gene with 49 sgRNAs per gene: assigning p values based on previous group results. Group progress: 40/41 
INFO  @ Wed, 16 Nov 2022 14:50:40: Groups of gene with 57 sgRNAs per gene: assigning p values based on previous group results. Group progress: 41/41 
INFO  @ Wed, 16 Nov 2022 14:50:42: Writing gene results to mle_DLD1-Ts13.gene_summary.txt 
INFO  @ Wed, 16 Nov 2022 14:50:42: Writing sgRNA results to mle_DLD1-Ts13.sgrna_summary.txt 
