INFO  @ Fri, 22 Sep 2023 09:26:33: Parameters: /home/ryan/miniconda3/envs/mageck/bin/mageck mle -k count-Snu-1_clone_114.csv -d matrixSnu1C114.txt -n mle_count-Snu1C114 
INFO  @ Fri, 22 Sep 2023 09:26:34: Cannot parse design matrix as a string; try to parse it as a file name ... 
INFO  @ Fri, 22 Sep 2023 09:26:34: Design matrix: 
INFO  @ Fri, 22 Sep 2023 09:26:34: [[1. 0.] 
INFO  @ Fri, 22 Sep 2023 09:26:34:  [1. 1.]] 
INFO  @ Fri, 22 Sep 2023 09:26:34: Beta labels:baseline,c114 
INFO  @ Fri, 22 Sep 2023 09:26:34: Included samples:Snu-1_clone_114_D=0,Snu-1_clone_114_D=10 
INFO  @ Fri, 22 Sep 2023 09:26:34: Treating count-Snu-1_clone_114.csv as csv file ... 
INFO  @ Fri, 22 Sep 2023 09:26:34: Loaded samples:Snu-1_clone_114_D=0;Snu-1_clone_114_D=10 
INFO  @ Fri, 22 Sep 2023 09:26:34: Sample index: 0;1 
INFO  @ Fri, 22 Sep 2023 09:26:34: Loaded 3516 genes. 
DEBUG @ Fri, 22 Sep 2023 09:26:34: Initial (total) size factor: 1.08543336069812 0.9270340858298184 
DEBUG @ Fri, 22 Sep 2023 09:26:34: Median factor: 1.0582946839635634 0.9551034084473446 
INFO  @ Fri, 22 Sep 2023 09:26:34: Final size factor: 1.0582946839635634 0.9551034084473446 
INFO  @ Fri, 22 Sep 2023 09:26:34: size factor: 0.9449163972503045,1.0470070477767859 
INFO  @ Fri, 22 Sep 2023 09:26:34: Thread 0 started. 
INFO  @ Fri, 22 Sep 2023 09:26:34: Thread 0: total 1 instances. 
INFO  @ Fri, 22 Sep 2023 09:26:34: Thread 0 completed. 
INFO  @ Fri, 22 Sep 2023 09:26:34: All threads completed. 
INFO  @ Fri, 22 Sep 2023 09:26:34: Modeling the mean and variance ... 
INFO  @ Fri, 22 Sep 2023 09:26:34: Run the algorithm for the second time ... 
INFO  @ Fri, 22 Sep 2023 09:26:34: Skipping gene NKX2 from MLE calculation since there are too many sgRNAs. To change, revise the --max-sgrnapergene-permutation option. 
INFO  @ Fri, 22 Sep 2023 09:26:34: Skipping gene PBRM1 from MLE calculation since there are too many sgRNAs. To change, revise the --max-sgrnapergene-permutation option. 
INFO  @ Fri, 22 Sep 2023 09:26:34: Skipping gene KDM2A from MLE calculation since there are too many sgRNAs. To change, revise the --max-sgrnapergene-permutation option. 
INFO  @ Fri, 22 Sep 2023 09:26:34: Skipping gene KDM2B from MLE calculation since there are too many sgRNAs. To change, revise the --max-sgrnapergene-permutation option. 
INFO  @ Fri, 22 Sep 2023 09:26:34: Skipping gene KMT2A from MLE calculation since there are too many sgRNAs. To change, revise the --max-sgrnapergene-permutation option. 
INFO  @ Fri, 22 Sep 2023 09:26:34: Skipping gene KMT2B from MLE calculation since there are too many sgRNAs. To change, revise the --max-sgrnapergene-permutation option. 
INFO  @ Fri, 22 Sep 2023 09:26:34: Skipping gene KMT2C from MLE calculation since there are too many sgRNAs. To change, revise the --max-sgrnapergene-permutation option. 
INFO  @ Fri, 22 Sep 2023 09:26:34: Skipping gene KMT2D from MLE calculation since there are too many sgRNAs. To change, revise the --max-sgrnapergene-permutation option. 
INFO  @ Fri, 22 Sep 2023 09:26:34: Skipping gene NSD1 from MLE calculation since there are too many sgRNAs. To change, revise the --max-sgrnapergene-permutation option. 
INFO  @ Fri, 22 Sep 2023 09:26:34: Skipping gene RNF17 from MLE calculation since there are too many sgRNAs. To change, revise the --max-sgrnapergene-permutation option. 
INFO  @ Fri, 22 Sep 2023 09:26:34: Skipping gene TDRD6 from MLE calculation since there are too many sgRNAs. To change, revise the --max-sgrnapergene-permutation option. 
INFO  @ Fri, 22 Sep 2023 09:26:34: Thread 0 started. 
INFO  @ Fri, 22 Sep 2023 09:26:34: Thread 0: total 3505 instances. 
INFO  @ Fri, 22 Sep 2023 09:26:34: Thread 0: Calculating AATK (1) ...  
INFO  @ Fri, 22 Sep 2023 09:26:40: Thread 0: Calculating NFXL1 (1001) ...  
INFO  @ Fri, 22 Sep 2023 09:26:45: Thread 0: Calculating NO66 (2001) ...  
INFO  @ Fri, 22 Sep 2023 09:26:50: Thread 0: Calculating RNF170 (3001) ...  
INFO  @ Fri, 22 Sep 2023 09:26:53: Thread 0 completed. 
INFO  @ Fri, 22 Sep 2023 09:26:53: All threads completed. 
INFO  @ Fri, 22 Sep 2023 09:26:54: Permuting groups of gene with 1 sgRNAs per gene. Group progress: 1/41 
INFO  @ Fri, 22 Sep 2023 09:26:54: Start permuting 2 rounds ... 
INFO  @ Fri, 22 Sep 2023 09:26:54: Collecting 26156 sgRNAs from 3516 genes. 
INFO  @ Fri, 22 Sep 2023 09:26:55: Permuting round 0 ... 
INFO  @ Fri, 22 Sep 2023 09:26:55: Thread 0 started. 
INFO  @ Fri, 22 Sep 2023 09:26:55: Thread 0: total 3516 instances. 
INFO  @ Fri, 22 Sep 2023 09:26:55: Thread 0: Calculating AATK (1) ...  
INFO  @ Fri, 22 Sep 2023 09:26:57: Thread 0: Calculating NFXL1 (1001) ...  
INFO  @ Fri, 22 Sep 2023 09:27:00: Thread 0: Calculating MLL1 (2001) ...  
INFO  @ Fri, 22 Sep 2023 09:27:02: Thread 0: Calculating RNF146 (3001) ...  
INFO  @ Fri, 22 Sep 2023 09:27:04: Thread 0 completed. 
INFO  @ Fri, 22 Sep 2023 09:27:04: All threads completed. 
INFO  @ Fri, 22 Sep 2023 09:27:05: Permuting round 1 ... 
INFO  @ Fri, 22 Sep 2023 09:27:05: Thread 0 started. 
INFO  @ Fri, 22 Sep 2023 09:27:05: Thread 0: total 3516 instances. 
INFO  @ Fri, 22 Sep 2023 09:27:05: Thread 0: Calculating AATK (1) ...  
INFO  @ Fri, 22 Sep 2023 09:27:08: Thread 0: Calculating NFXL1 (1001) ...  
INFO  @ Fri, 22 Sep 2023 09:27:11: Thread 0: Calculating MLL1 (2001) ...  
INFO  @ Fri, 22 Sep 2023 09:27:13: Thread 0: Calculating RNF146 (3001) ...  
INFO  @ Fri, 22 Sep 2023 09:27:14: Thread 0 completed. 
INFO  @ Fri, 22 Sep 2023 09:27:14: All threads completed. 
INFO  @ Fri, 22 Sep 2023 09:27:16: Assigning p values... 
INFO  @ Fri, 22 Sep 2023 09:27:16: Permuting groups of gene with 2 sgRNAs per gene. Group progress: 2/41 
INFO  @ Fri, 22 Sep 2023 09:27:16: Start permuting 2 rounds ... 
INFO  @ Fri, 22 Sep 2023 09:27:16: Collecting 26156 sgRNAs from 3516 genes. 
INFO  @ Fri, 22 Sep 2023 09:27:16: Permuting round 0 ... 
INFO  @ Fri, 22 Sep 2023 09:27:16: Thread 0 started. 
INFO  @ Fri, 22 Sep 2023 09:27:16: Thread 0: total 3516 instances. 
INFO  @ Fri, 22 Sep 2023 09:27:16: Thread 0: Calculating AATK (1) ...  
INFO  @ Fri, 22 Sep 2023 09:27:22: Thread 0: Calculating NFXL1 (1001) ...  
INFO  @ Fri, 22 Sep 2023 09:27:27: Thread 0: Calculating MLL1 (2001) ...  
INFO  @ Fri, 22 Sep 2023 09:27:32: Thread 0: Calculating RNF146 (3001) ...  
INFO  @ Fri, 22 Sep 2023 09:27:35: Thread 0 completed. 
INFO  @ Fri, 22 Sep 2023 09:27:35: All threads completed. 
INFO  @ Fri, 22 Sep 2023 09:27:36: Permuting round 1 ... 
INFO  @ Fri, 22 Sep 2023 09:27:36: Thread 0 started. 
INFO  @ Fri, 22 Sep 2023 09:27:36: Thread 0: total 3516 instances. 
INFO  @ Fri, 22 Sep 2023 09:27:36: Thread 0: Calculating AATK (1) ...  
INFO  @ Fri, 22 Sep 2023 09:27:41: Thread 0: Calculating NFXL1 (1001) ...  
INFO  @ Fri, 22 Sep 2023 09:27:46: Thread 0: Calculating MLL1 (2001) ...  
INFO  @ Fri, 22 Sep 2023 09:27:51: Thread 0: Calculating RNF146 (3001) ...  
INFO  @ Fri, 22 Sep 2023 09:27:53: Thread 0 completed. 
INFO  @ Fri, 22 Sep 2023 09:27:53: All threads completed. 
INFO  @ Fri, 22 Sep 2023 09:27:54: Assigning p values... 
INFO  @ Fri, 22 Sep 2023 09:27:54: Permuting groups of gene with 3 sgRNAs per gene. Group progress: 3/41 
INFO  @ Fri, 22 Sep 2023 09:27:54: Start permuting 2 rounds ... 
INFO  @ Fri, 22 Sep 2023 09:27:54: Collecting 26156 sgRNAs from 3516 genes. 
INFO  @ Fri, 22 Sep 2023 09:27:55: Permuting round 0 ... 
INFO  @ Fri, 22 Sep 2023 09:27:55: Thread 0 started. 
INFO  @ Fri, 22 Sep 2023 09:27:55: Thread 0: total 3516 instances. 
INFO  @ Fri, 22 Sep 2023 09:27:55: Thread 0: Calculating AATK (1) ...  
INFO  @ Fri, 22 Sep 2023 09:28:00: Thread 0: Calculating NFXL1 (1001) ...  
INFO  @ Fri, 22 Sep 2023 09:28:05: Thread 0: Calculating MLL1 (2001) ...  
INFO  @ Fri, 22 Sep 2023 09:28:11: Thread 0: Calculating RNF146 (3001) ...  
INFO  @ Fri, 22 Sep 2023 09:28:13: Thread 0 completed. 
INFO  @ Fri, 22 Sep 2023 09:28:13: All threads completed. 
INFO  @ Fri, 22 Sep 2023 09:28:14: Permuting round 1 ... 
INFO  @ Fri, 22 Sep 2023 09:28:14: Thread 0 started. 
INFO  @ Fri, 22 Sep 2023 09:28:14: Thread 0: total 3516 instances. 
INFO  @ Fri, 22 Sep 2023 09:28:14: Thread 0: Calculating AATK (1) ...  
INFO  @ Fri, 22 Sep 2023 09:28:20: Thread 0: Calculating NFXL1 (1001) ...  
INFO  @ Fri, 22 Sep 2023 09:28:25: Thread 0: Calculating MLL1 (2001) ...  
INFO  @ Fri, 22 Sep 2023 09:28:30: Thread 0: Calculating RNF146 (3001) ...  
INFO  @ Fri, 22 Sep 2023 09:28:33: Thread 0 completed. 
INFO  @ Fri, 22 Sep 2023 09:28:33: All threads completed. 
INFO  @ Fri, 22 Sep 2023 09:28:34: Assigning p values... 
INFO  @ Fri, 22 Sep 2023 09:28:34: Permuting groups of gene with 4 sgRNAs per gene. Group progress: 4/41 
INFO  @ Fri, 22 Sep 2023 09:28:34: Start permuting 2 rounds ... 
INFO  @ Fri, 22 Sep 2023 09:28:34: Collecting 26156 sgRNAs from 3516 genes. 
INFO  @ Fri, 22 Sep 2023 09:28:34: Permuting round 0 ... 
INFO  @ Fri, 22 Sep 2023 09:28:34: Thread 0 started. 
INFO  @ Fri, 22 Sep 2023 09:28:34: Thread 0: total 3516 instances. 
INFO  @ Fri, 22 Sep 2023 09:28:34: Thread 0: Calculating AATK (1) ...  
INFO  @ Fri, 22 Sep 2023 09:28:40: Thread 0: Calculating NFXL1 (1001) ...  
INFO  @ Fri, 22 Sep 2023 09:28:45: Thread 0: Calculating MLL1 (2001) ...  
INFO  @ Fri, 22 Sep 2023 09:28:51: Thread 0: Calculating RNF146 (3001) ...  
INFO  @ Fri, 22 Sep 2023 09:28:54: Thread 0 completed. 
INFO  @ Fri, 22 Sep 2023 09:28:54: All threads completed. 
INFO  @ Fri, 22 Sep 2023 09:28:55: Permuting round 1 ... 
INFO  @ Fri, 22 Sep 2023 09:28:55: Thread 0 started. 
INFO  @ Fri, 22 Sep 2023 09:28:55: Thread 0: total 3516 instances. 
INFO  @ Fri, 22 Sep 2023 09:28:55: Thread 0: Calculating AATK (1) ...  
INFO  @ Fri, 22 Sep 2023 09:29:01: Thread 0: Calculating NFXL1 (1001) ...  
INFO  @ Fri, 22 Sep 2023 09:29:06: Thread 0: Calculating MLL1 (2001) ...  
INFO  @ Fri, 22 Sep 2023 09:29:12: Thread 0: Calculating RNF146 (3001) ...  
INFO  @ Fri, 22 Sep 2023 09:29:14: Thread 0 completed. 
INFO  @ Fri, 22 Sep 2023 09:29:14: All threads completed. 
INFO  @ Fri, 22 Sep 2023 09:29:16: Assigning p values... 
INFO  @ Fri, 22 Sep 2023 09:29:16: Permuting groups of gene with 5 sgRNAs per gene. Group progress: 5/41 
INFO  @ Fri, 22 Sep 2023 09:29:16: Start permuting 2 rounds ... 
INFO  @ Fri, 22 Sep 2023 09:29:16: Collecting 26156 sgRNAs from 3516 genes. 
INFO  @ Fri, 22 Sep 2023 09:29:16: Permuting round 0 ... 
INFO  @ Fri, 22 Sep 2023 09:29:16: Thread 0 started. 
INFO  @ Fri, 22 Sep 2023 09:29:16: Thread 0: total 3516 instances. 
INFO  @ Fri, 22 Sep 2023 09:29:16: Thread 0: Calculating AATK (1) ...  
INFO  @ Fri, 22 Sep 2023 09:29:22: Thread 0: Calculating NFXL1 (1001) ...  
INFO  @ Fri, 22 Sep 2023 09:29:27: Thread 0: Calculating MLL1 (2001) ...  
INFO  @ Fri, 22 Sep 2023 09:29:32: Thread 0: Calculating RNF146 (3001) ...  
INFO  @ Fri, 22 Sep 2023 09:29:35: Thread 0 completed. 
INFO  @ Fri, 22 Sep 2023 09:29:35: All threads completed. 
INFO  @ Fri, 22 Sep 2023 09:29:37: Permuting round 1 ... 
INFO  @ Fri, 22 Sep 2023 09:29:37: Thread 0 started. 
INFO  @ Fri, 22 Sep 2023 09:29:37: Thread 0: total 3516 instances. 
INFO  @ Fri, 22 Sep 2023 09:29:37: Thread 0: Calculating AATK (1) ...  
INFO  @ Fri, 22 Sep 2023 09:29:42: Thread 0: Calculating NFXL1 (1001) ...  
INFO  @ Fri, 22 Sep 2023 09:29:48: Thread 0: Calculating MLL1 (2001) ...  
INFO  @ Fri, 22 Sep 2023 09:29:53: Thread 0: Calculating RNF146 (3001) ...  
INFO  @ Fri, 22 Sep 2023 09:29:56: Thread 0 completed. 
INFO  @ Fri, 22 Sep 2023 09:29:56: All threads completed. 
INFO  @ Fri, 22 Sep 2023 09:29:57: Assigning p values... 
INFO  @ Fri, 22 Sep 2023 09:29:57: Permuting groups of gene with 6 sgRNAs per gene. Group progress: 6/41 
INFO  @ Fri, 22 Sep 2023 09:29:57: Start permuting 2 rounds ... 
INFO  @ Fri, 22 Sep 2023 09:29:57: Collecting 26156 sgRNAs from 3516 genes. 
INFO  @ Fri, 22 Sep 2023 09:29:58: Permuting round 0 ... 
INFO  @ Fri, 22 Sep 2023 09:29:58: Thread 0 started. 
INFO  @ Fri, 22 Sep 2023 09:29:58: Thread 0: total 3516 instances. 
INFO  @ Fri, 22 Sep 2023 09:29:58: Thread 0: Calculating AATK (1) ...  
INFO  @ Fri, 22 Sep 2023 09:30:03: Thread 0: Calculating NFXL1 (1001) ...  
INFO  @ Fri, 22 Sep 2023 09:30:09: Thread 0: Calculating MLL1 (2001) ...  
INFO  @ Fri, 22 Sep 2023 09:30:15: Thread 0: Calculating RNF146 (3001) ...  
INFO  @ Fri, 22 Sep 2023 09:30:18: Thread 0 completed. 
INFO  @ Fri, 22 Sep 2023 09:30:18: All threads completed. 
INFO  @ Fri, 22 Sep 2023 09:30:19: Permuting round 1 ... 
INFO  @ Fri, 22 Sep 2023 09:30:19: Thread 0 started. 
INFO  @ Fri, 22 Sep 2023 09:30:19: Thread 0: total 3516 instances. 
INFO  @ Fri, 22 Sep 2023 09:30:19: Thread 0: Calculating AATK (1) ...  
INFO  @ Fri, 22 Sep 2023 09:30:25: Thread 0: Calculating NFXL1 (1001) ...  
INFO  @ Fri, 22 Sep 2023 09:30:32: Thread 0: Calculating MLL1 (2001) ...  
INFO  @ Fri, 22 Sep 2023 09:30:38: Thread 0: Calculating RNF146 (3001) ...  
INFO  @ Fri, 22 Sep 2023 09:30:42: Thread 0 completed. 
INFO  @ Fri, 22 Sep 2023 09:30:42: All threads completed. 
INFO  @ Fri, 22 Sep 2023 09:30:43: Assigning p values... 
INFO  @ Fri, 22 Sep 2023 09:30:43: Permuting groups of gene with 7 sgRNAs per gene. Group progress: 7/41 
INFO  @ Fri, 22 Sep 2023 09:30:43: Start permuting 2 rounds ... 
INFO  @ Fri, 22 Sep 2023 09:30:44: Collecting 26156 sgRNAs from 3516 genes. 
INFO  @ Fri, 22 Sep 2023 09:30:44: Permuting round 0 ... 
INFO  @ Fri, 22 Sep 2023 09:30:44: Thread 0 started. 
INFO  @ Fri, 22 Sep 2023 09:30:44: Thread 0: total 3516 instances. 
INFO  @ Fri, 22 Sep 2023 09:30:44: Thread 0: Calculating AATK (1) ...  
INFO  @ Fri, 22 Sep 2023 09:30:51: Thread 0: Calculating NFXL1 (1001) ...  
INFO  @ Fri, 22 Sep 2023 09:30:57: Thread 0: Calculating MLL1 (2001) ...  
INFO  @ Fri, 22 Sep 2023 09:31:03: Thread 0: Calculating RNF146 (3001) ...  
INFO  @ Fri, 22 Sep 2023 09:31:06: Thread 0 completed. 
INFO  @ Fri, 22 Sep 2023 09:31:06: All threads completed. 
INFO  @ Fri, 22 Sep 2023 09:31:07: Permuting round 1 ... 
INFO  @ Fri, 22 Sep 2023 09:31:07: Thread 0 started. 
INFO  @ Fri, 22 Sep 2023 09:31:07: Thread 0: total 3516 instances. 
INFO  @ Fri, 22 Sep 2023 09:31:07: Thread 0: Calculating AATK (1) ...  
INFO  @ Fri, 22 Sep 2023 09:31:14: Thread 0: Calculating NFXL1 (1001) ...  
INFO  @ Fri, 22 Sep 2023 09:31:20: Thread 0: Calculating MLL1 (2001) ...  
INFO  @ Fri, 22 Sep 2023 09:31:26: Thread 0: Calculating RNF146 (3001) ...  
INFO  @ Fri, 22 Sep 2023 09:31:29: Thread 0 completed. 
INFO  @ Fri, 22 Sep 2023 09:31:29: All threads completed. 
INFO  @ Fri, 22 Sep 2023 09:31:30: Assigning p values... 
INFO  @ Fri, 22 Sep 2023 09:31:30: Permuting groups of gene with 8 sgRNAs per gene. Group progress: 8/41 
INFO  @ Fri, 22 Sep 2023 09:31:30: Start permuting 2 rounds ... 
INFO  @ Fri, 22 Sep 2023 09:31:30: Collecting 26156 sgRNAs from 3516 genes. 
INFO  @ Fri, 22 Sep 2023 09:31:31: Permuting round 0 ... 
INFO  @ Fri, 22 Sep 2023 09:31:31: Thread 0 started. 
INFO  @ Fri, 22 Sep 2023 09:31:31: Thread 0: total 3516 instances. 
INFO  @ Fri, 22 Sep 2023 09:31:31: Thread 0: Calculating AATK (1) ...  
INFO  @ Fri, 22 Sep 2023 09:31:37: Thread 0: Calculating NFXL1 (1001) ...  
INFO  @ Fri, 22 Sep 2023 09:31:43: Thread 0: Calculating MLL1 (2001) ...  
INFO  @ Fri, 22 Sep 2023 09:31:48: Thread 0: Calculating RNF146 (3001) ...  
INFO  @ Fri, 22 Sep 2023 09:31:51: Thread 0 completed. 
INFO  @ Fri, 22 Sep 2023 09:31:51: All threads completed. 
INFO  @ Fri, 22 Sep 2023 09:31:53: Permuting round 1 ... 
INFO  @ Fri, 22 Sep 2023 09:31:53: Thread 0 started. 
INFO  @ Fri, 22 Sep 2023 09:31:53: Thread 0: total 3516 instances. 
INFO  @ Fri, 22 Sep 2023 09:31:53: Thread 0: Calculating AATK (1) ...  
INFO  @ Fri, 22 Sep 2023 09:31:59: Thread 0: Calculating NFXL1 (1001) ...  
INFO  @ Fri, 22 Sep 2023 09:32:05: Thread 0: Calculating MLL1 (2001) ...  
INFO  @ Fri, 22 Sep 2023 09:32:11: Thread 0: Calculating RNF146 (3001) ...  
INFO  @ Fri, 22 Sep 2023 09:32:14: Thread 0 completed. 
INFO  @ Fri, 22 Sep 2023 09:32:14: All threads completed. 
INFO  @ Fri, 22 Sep 2023 09:32:15: Assigning p values... 
INFO  @ Fri, 22 Sep 2023 09:32:15: Permuting groups of gene with 9 sgRNAs per gene. Group progress: 9/41 
INFO  @ Fri, 22 Sep 2023 09:32:15: Start permuting 2 rounds ... 
INFO  @ Fri, 22 Sep 2023 09:32:15: Collecting 26156 sgRNAs from 3516 genes. 
INFO  @ Fri, 22 Sep 2023 09:32:16: Permuting round 0 ... 
INFO  @ Fri, 22 Sep 2023 09:32:16: Thread 0 started. 
INFO  @ Fri, 22 Sep 2023 09:32:16: Thread 0: total 3516 instances. 
INFO  @ Fri, 22 Sep 2023 09:32:16: Thread 0: Calculating AATK (1) ...  
INFO  @ Fri, 22 Sep 2023 09:32:22: Thread 0: Calculating NFXL1 (1001) ...  
INFO  @ Fri, 22 Sep 2023 09:32:28: Thread 0: Calculating MLL1 (2001) ...  
INFO  @ Fri, 22 Sep 2023 09:32:34: Thread 0: Calculating RNF146 (3001) ...  
INFO  @ Fri, 22 Sep 2023 09:32:37: Thread 0 completed. 
INFO  @ Fri, 22 Sep 2023 09:32:37: All threads completed. 
INFO  @ Fri, 22 Sep 2023 09:32:39: Permuting round 1 ... 
INFO  @ Fri, 22 Sep 2023 09:32:39: Thread 0 started. 
INFO  @ Fri, 22 Sep 2023 09:32:39: Thread 0: total 3516 instances. 
INFO  @ Fri, 22 Sep 2023 09:32:39: Thread 0: Calculating AATK (1) ...  
INFO  @ Fri, 22 Sep 2023 09:32:45: Thread 0: Calculating NFXL1 (1001) ...  
INFO  @ Fri, 22 Sep 2023 09:32:51: Thread 0: Calculating MLL1 (2001) ...  
INFO  @ Fri, 22 Sep 2023 09:32:57: Thread 0: Calculating RNF146 (3001) ...  
INFO  @ Fri, 22 Sep 2023 09:33:00: Thread 0 completed. 
INFO  @ Fri, 22 Sep 2023 09:33:00: All threads completed. 
INFO  @ Fri, 22 Sep 2023 09:33:02: Assigning p values... 
INFO  @ Fri, 22 Sep 2023 09:33:02: Permuting groups of gene with 10 sgRNAs per gene. Group progress: 10/41 
INFO  @ Fri, 22 Sep 2023 09:33:02: Start permuting 2 rounds ... 
INFO  @ Fri, 22 Sep 2023 09:33:02: Collecting 26156 sgRNAs from 3516 genes. 
INFO  @ Fri, 22 Sep 2023 09:33:02: Permuting round 0 ... 
INFO  @ Fri, 22 Sep 2023 09:33:02: Thread 0 started. 
INFO  @ Fri, 22 Sep 2023 09:33:02: Thread 0: total 3516 instances. 
INFO  @ Fri, 22 Sep 2023 09:33:02: Thread 0: Calculating AATK (1) ...  
INFO  @ Fri, 22 Sep 2023 09:33:08: Thread 0: Calculating NFXL1 (1001) ...  
INFO  @ Fri, 22 Sep 2023 09:33:15: Thread 0: Calculating MLL1 (2001) ...  
INFO  @ Fri, 22 Sep 2023 09:33:21: Thread 0: Calculating RNF146 (3001) ...  
INFO  @ Fri, 22 Sep 2023 09:33:24: Thread 0 completed. 
INFO  @ Fri, 22 Sep 2023 09:33:24: All threads completed. 
INFO  @ Fri, 22 Sep 2023 09:33:25: Permuting round 1 ... 
INFO  @ Fri, 22 Sep 2023 09:33:26: Thread 0 started. 
INFO  @ Fri, 22 Sep 2023 09:33:26: Thread 0: total 3516 instances. 
INFO  @ Fri, 22 Sep 2023 09:33:26: Thread 0: Calculating AATK (1) ...  
INFO  @ Fri, 22 Sep 2023 09:33:32: Thread 0: Calculating NFXL1 (1001) ...  
INFO  @ Fri, 22 Sep 2023 09:33:38: Thread 0: Calculating MLL1 (2001) ...  
INFO  @ Fri, 22 Sep 2023 09:33:44: Thread 0: Calculating RNF146 (3001) ...  
INFO  @ Fri, 22 Sep 2023 09:33:47: Thread 0 completed. 
INFO  @ Fri, 22 Sep 2023 09:33:47: All threads completed. 
INFO  @ Fri, 22 Sep 2023 09:33:49: Assigning p values... 
INFO  @ Fri, 22 Sep 2023 09:33:49: Permuting groups of gene with 11 sgRNAs per gene. Group progress: 11/41 
INFO  @ Fri, 22 Sep 2023 09:33:49: Start permuting 2 rounds ... 
INFO  @ Fri, 22 Sep 2023 09:33:49: Collecting 26156 sgRNAs from 3516 genes. 
INFO  @ Fri, 22 Sep 2023 09:33:49: Permuting round 0 ... 
INFO  @ Fri, 22 Sep 2023 09:33:49: Thread 0 started. 
INFO  @ Fri, 22 Sep 2023 09:33:49: Thread 0: total 3516 instances. 
INFO  @ Fri, 22 Sep 2023 09:33:49: Thread 0: Calculating AATK (1) ...  
INFO  @ Fri, 22 Sep 2023 09:33:55: Thread 0: Calculating NFXL1 (1001) ...  
INFO  @ Fri, 22 Sep 2023 09:34:02: Thread 0: Calculating MLL1 (2001) ...  
INFO  @ Fri, 22 Sep 2023 09:34:08: Thread 0: Calculating RNF146 (3001) ...  
INFO  @ Fri, 22 Sep 2023 09:34:11: Thread 0 completed. 
INFO  @ Fri, 22 Sep 2023 09:34:11: All threads completed. 
INFO  @ Fri, 22 Sep 2023 09:34:13: Permuting round 1 ... 
INFO  @ Fri, 22 Sep 2023 09:34:13: Thread 0 started. 
INFO  @ Fri, 22 Sep 2023 09:34:13: Thread 0: total 3516 instances. 
INFO  @ Fri, 22 Sep 2023 09:34:13: Thread 0: Calculating AATK (1) ...  
INFO  @ Fri, 22 Sep 2023 09:34:19: Thread 0: Calculating NFXL1 (1001) ...  
INFO  @ Fri, 22 Sep 2023 09:34:25: Thread 0: Calculating MLL1 (2001) ...  
INFO  @ Fri, 22 Sep 2023 09:34:31: Thread 0: Calculating RNF146 (3001) ...  
INFO  @ Fri, 22 Sep 2023 09:34:35: Thread 0 completed. 
INFO  @ Fri, 22 Sep 2023 09:34:35: All threads completed. 
INFO  @ Fri, 22 Sep 2023 09:34:36: Assigning p values... 
INFO  @ Fri, 22 Sep 2023 09:34:36: Permuting groups of gene with 12 sgRNAs per gene. Group progress: 12/41 
INFO  @ Fri, 22 Sep 2023 09:34:36: Start permuting 2 rounds ... 
INFO  @ Fri, 22 Sep 2023 09:34:36: Collecting 26156 sgRNAs from 3516 genes. 
INFO  @ Fri, 22 Sep 2023 09:34:37: Permuting round 0 ... 
INFO  @ Fri, 22 Sep 2023 09:34:37: Thread 0 started. 
INFO  @ Fri, 22 Sep 2023 09:34:37: Thread 0: total 3516 instances. 
INFO  @ Fri, 22 Sep 2023 09:34:37: Thread 0: Calculating AATK (1) ...  
INFO  @ Fri, 22 Sep 2023 09:34:43: Thread 0: Calculating NFXL1 (1001) ...  
INFO  @ Fri, 22 Sep 2023 09:34:49: Thread 0: Calculating MLL1 (2001) ...  
INFO  @ Fri, 22 Sep 2023 09:34:55: Thread 0: Calculating RNF146 (3001) ...  
INFO  @ Fri, 22 Sep 2023 09:34:59: Thread 0 completed. 
INFO  @ Fri, 22 Sep 2023 09:34:59: All threads completed. 
INFO  @ Fri, 22 Sep 2023 09:35:00: Permuting round 1 ... 
INFO  @ Fri, 22 Sep 2023 09:35:00: Thread 0 started. 
INFO  @ Fri, 22 Sep 2023 09:35:00: Thread 0: total 3516 instances. 
INFO  @ Fri, 22 Sep 2023 09:35:00: Thread 0: Calculating AATK (1) ...  
INFO  @ Fri, 22 Sep 2023 09:35:07: Thread 0: Calculating NFXL1 (1001) ...  
INFO  @ Fri, 22 Sep 2023 09:35:13: Thread 0: Calculating MLL1 (2001) ...  
INFO  @ Fri, 22 Sep 2023 09:35:20: Thread 0: Calculating RNF146 (3001) ...  
INFO  @ Fri, 22 Sep 2023 09:35:23: Thread 0 completed. 
INFO  @ Fri, 22 Sep 2023 09:35:23: All threads completed. 
INFO  @ Fri, 22 Sep 2023 09:35:24: Assigning p values... 
INFO  @ Fri, 22 Sep 2023 09:35:25: Permuting groups of gene with 13 sgRNAs per gene. Group progress: 13/41 
INFO  @ Fri, 22 Sep 2023 09:35:25: Start permuting 2 rounds ... 
INFO  @ Fri, 22 Sep 2023 09:35:25: Collecting 26156 sgRNAs from 3516 genes. 
INFO  @ Fri, 22 Sep 2023 09:35:25: Permuting round 0 ... 
INFO  @ Fri, 22 Sep 2023 09:35:25: Thread 0 started. 
INFO  @ Fri, 22 Sep 2023 09:35:25: Thread 0: total 3516 instances. 
INFO  @ Fri, 22 Sep 2023 09:35:25: Thread 0: Calculating AATK (1) ...  
INFO  @ Fri, 22 Sep 2023 09:35:33: Thread 0: Calculating NFXL1 (1001) ...  
INFO  @ Fri, 22 Sep 2023 09:35:39: Thread 0: Calculating MLL1 (2001) ...  
INFO  @ Fri, 22 Sep 2023 09:35:45: Thread 0: Calculating RNF146 (3001) ...  
INFO  @ Fri, 22 Sep 2023 09:35:49: Thread 0 completed. 
INFO  @ Fri, 22 Sep 2023 09:35:49: All threads completed. 
INFO  @ Fri, 22 Sep 2023 09:35:50: Permuting round 1 ... 
INFO  @ Fri, 22 Sep 2023 09:35:50: Thread 0 started. 
INFO  @ Fri, 22 Sep 2023 09:35:50: Thread 0: total 3516 instances. 
INFO  @ Fri, 22 Sep 2023 09:35:50: Thread 0: Calculating AATK (1) ...  
INFO  @ Fri, 22 Sep 2023 09:35:57: Thread 0: Calculating NFXL1 (1001) ...  
INFO  @ Fri, 22 Sep 2023 09:36:03: Thread 0: Calculating MLL1 (2001) ...  
INFO  @ Fri, 22 Sep 2023 09:36:09: Thread 0: Calculating RNF146 (3001) ...  
INFO  @ Fri, 22 Sep 2023 09:36:13: Thread 0 completed. 
INFO  @ Fri, 22 Sep 2023 09:36:13: All threads completed. 
INFO  @ Fri, 22 Sep 2023 09:36:14: Assigning p values... 
INFO  @ Fri, 22 Sep 2023 09:36:14: Permuting groups of gene with 14 sgRNAs per gene. Group progress: 14/41 
INFO  @ Fri, 22 Sep 2023 09:36:14: Start permuting 2 rounds ... 
INFO  @ Fri, 22 Sep 2023 09:36:14: Collecting 26156 sgRNAs from 3516 genes. 
INFO  @ Fri, 22 Sep 2023 09:36:15: Permuting round 0 ... 
INFO  @ Fri, 22 Sep 2023 09:36:15: Thread 0 started. 
INFO  @ Fri, 22 Sep 2023 09:36:15: Thread 0: total 3516 instances. 
INFO  @ Fri, 22 Sep 2023 09:36:15: Thread 0: Calculating AATK (1) ...  
INFO  @ Fri, 22 Sep 2023 09:36:22: Thread 0: Calculating NFXL1 (1001) ...  
INFO  @ Fri, 22 Sep 2023 09:36:28: Thread 0: Calculating MLL1 (2001) ...  
INFO  @ Fri, 22 Sep 2023 09:36:36: Thread 0: Calculating RNF146 (3001) ...  
INFO  @ Fri, 22 Sep 2023 09:36:39: Thread 0 completed. 
INFO  @ Fri, 22 Sep 2023 09:36:39: All threads completed. 
INFO  @ Fri, 22 Sep 2023 09:36:41: Permuting round 1 ... 
INFO  @ Fri, 22 Sep 2023 09:36:41: Thread 0 started. 
INFO  @ Fri, 22 Sep 2023 09:36:41: Thread 0: total 3516 instances. 
INFO  @ Fri, 22 Sep 2023 09:36:41: Thread 0: Calculating AATK (1) ...  
INFO  @ Fri, 22 Sep 2023 09:36:47: Thread 0: Calculating NFXL1 (1001) ...  
INFO  @ Fri, 22 Sep 2023 09:36:54: Thread 0: Calculating MLL1 (2001) ...  
INFO  @ Fri, 22 Sep 2023 09:37:00: Thread 0: Calculating RNF146 (3001) ...  
INFO  @ Fri, 22 Sep 2023 09:37:04: Thread 0 completed. 
INFO  @ Fri, 22 Sep 2023 09:37:04: All threads completed. 
INFO  @ Fri, 22 Sep 2023 09:37:05: Assigning p values... 
INFO  @ Fri, 22 Sep 2023 09:37:05: Permuting groups of gene with 15 sgRNAs per gene. Group progress: 15/41 
INFO  @ Fri, 22 Sep 2023 09:37:05: Start permuting 2 rounds ... 
INFO  @ Fri, 22 Sep 2023 09:37:05: Collecting 26156 sgRNAs from 3516 genes. 
INFO  @ Fri, 22 Sep 2023 09:37:06: Permuting round 0 ... 
INFO  @ Fri, 22 Sep 2023 09:37:06: Thread 0 started. 
INFO  @ Fri, 22 Sep 2023 09:37:06: Thread 0: total 3516 instances. 
INFO  @ Fri, 22 Sep 2023 09:37:06: Thread 0: Calculating AATK (1) ...  
INFO  @ Fri, 22 Sep 2023 09:37:12: Thread 0: Calculating NFXL1 (1001) ...  
INFO  @ Fri, 22 Sep 2023 09:37:19: Thread 0: Calculating MLL1 (2001) ...  
INFO  @ Fri, 22 Sep 2023 09:37:25: Thread 0: Calculating RNF146 (3001) ...  
INFO  @ Fri, 22 Sep 2023 09:37:29: Thread 0 completed. 
INFO  @ Fri, 22 Sep 2023 09:37:29: All threads completed. 
INFO  @ Fri, 22 Sep 2023 09:37:30: Permuting round 1 ... 
INFO  @ Fri, 22 Sep 2023 09:37:30: Thread 0 started. 
INFO  @ Fri, 22 Sep 2023 09:37:30: Thread 0: total 3516 instances. 
INFO  @ Fri, 22 Sep 2023 09:37:30: Thread 0: Calculating AATK (1) ...  
INFO  @ Fri, 22 Sep 2023 09:37:37: Thread 0: Calculating NFXL1 (1001) ...  
INFO  @ Fri, 22 Sep 2023 09:37:44: Thread 0: Calculating MLL1 (2001) ...  
INFO  @ Fri, 22 Sep 2023 09:37:50: Thread 0: Calculating RNF146 (3001) ...  
INFO  @ Fri, 22 Sep 2023 09:37:53: Thread 0 completed. 
INFO  @ Fri, 22 Sep 2023 09:37:53: All threads completed. 
INFO  @ Fri, 22 Sep 2023 09:37:54: Assigning p values... 
INFO  @ Fri, 22 Sep 2023 09:37:54: Permuting groups of gene with 16 sgRNAs per gene. Group progress: 16/41 
INFO  @ Fri, 22 Sep 2023 09:37:54: Start permuting 2 rounds ... 
INFO  @ Fri, 22 Sep 2023 09:37:54: Collecting 26156 sgRNAs from 3516 genes. 
INFO  @ Fri, 22 Sep 2023 09:37:55: Permuting round 0 ... 
INFO  @ Fri, 22 Sep 2023 09:37:55: Thread 0 started. 
INFO  @ Fri, 22 Sep 2023 09:37:55: Thread 0: total 3516 instances. 
INFO  @ Fri, 22 Sep 2023 09:37:55: Thread 0: Calculating AATK (1) ...  
INFO  @ Fri, 22 Sep 2023 09:38:01: Thread 0: Calculating NFXL1 (1001) ...  
INFO  @ Fri, 22 Sep 2023 09:38:07: Thread 0: Calculating MLL1 (2001) ...  
INFO  @ Fri, 22 Sep 2023 09:38:13: Thread 0: Calculating RNF146 (3001) ...  
INFO  @ Fri, 22 Sep 2023 09:38:16: Thread 0 completed. 
INFO  @ Fri, 22 Sep 2023 09:38:16: All threads completed. 
INFO  @ Fri, 22 Sep 2023 09:38:17: Permuting round 1 ... 
INFO  @ Fri, 22 Sep 2023 09:38:18: Thread 0 started. 
INFO  @ Fri, 22 Sep 2023 09:38:18: Thread 0: total 3516 instances. 
INFO  @ Fri, 22 Sep 2023 09:38:18: Thread 0: Calculating AATK (1) ...  
INFO  @ Fri, 22 Sep 2023 09:38:24: Thread 0: Calculating NFXL1 (1001) ...  
INFO  @ Fri, 22 Sep 2023 09:38:30: Thread 0: Calculating MLL1 (2001) ...  
INFO  @ Fri, 22 Sep 2023 09:38:36: Thread 0: Calculating RNF146 (3001) ...  
INFO  @ Fri, 22 Sep 2023 09:38:39: Thread 0 completed. 
INFO  @ Fri, 22 Sep 2023 09:38:39: All threads completed. 
INFO  @ Fri, 22 Sep 2023 09:38:40: Assigning p values... 
INFO  @ Fri, 22 Sep 2023 09:38:40: Permuting groups of gene with 17 sgRNAs per gene. Group progress: 17/41 
INFO  @ Fri, 22 Sep 2023 09:38:40: Start permuting 2 rounds ... 
INFO  @ Fri, 22 Sep 2023 09:38:40: Collecting 26156 sgRNAs from 3516 genes. 
INFO  @ Fri, 22 Sep 2023 09:38:41: Permuting round 0 ... 
INFO  @ Fri, 22 Sep 2023 09:38:41: Thread 0 started. 
INFO  @ Fri, 22 Sep 2023 09:38:41: Thread 0: total 3516 instances. 
INFO  @ Fri, 22 Sep 2023 09:38:41: Thread 0: Calculating AATK (1) ...  
INFO  @ Fri, 22 Sep 2023 09:38:47: Thread 0: Calculating NFXL1 (1001) ...  
INFO  @ Fri, 22 Sep 2023 09:38:52: Thread 0: Calculating MLL1 (2001) ...  
INFO  @ Fri, 22 Sep 2023 09:38:58: Thread 0: Calculating RNF146 (3001) ...  
INFO  @ Fri, 22 Sep 2023 09:39:01: Thread 0 completed. 
INFO  @ Fri, 22 Sep 2023 09:39:01: All threads completed. 
INFO  @ Fri, 22 Sep 2023 09:39:03: Permuting round 1 ... 
INFO  @ Fri, 22 Sep 2023 09:39:03: Thread 0 started. 
INFO  @ Fri, 22 Sep 2023 09:39:03: Thread 0: total 3516 instances. 
INFO  @ Fri, 22 Sep 2023 09:39:03: Thread 0: Calculating AATK (1) ...  
INFO  @ Fri, 22 Sep 2023 09:39:09: Thread 0: Calculating NFXL1 (1001) ...  
INFO  @ Fri, 22 Sep 2023 09:39:15: Thread 0: Calculating MLL1 (2001) ...  
INFO  @ Fri, 22 Sep 2023 09:39:21: Thread 0: Calculating RNF146 (3001) ...  
INFO  @ Fri, 22 Sep 2023 09:39:24: Thread 0 completed. 
INFO  @ Fri, 22 Sep 2023 09:39:24: All threads completed. 
INFO  @ Fri, 22 Sep 2023 09:39:26: Assigning p values... 
INFO  @ Fri, 22 Sep 2023 09:39:26: Permuting groups of gene with 18 sgRNAs per gene. Group progress: 18/41 
INFO  @ Fri, 22 Sep 2023 09:39:26: Start permuting 2 rounds ... 
INFO  @ Fri, 22 Sep 2023 09:39:26: Collecting 26156 sgRNAs from 3516 genes. 
INFO  @ Fri, 22 Sep 2023 09:39:26: Permuting round 0 ... 
INFO  @ Fri, 22 Sep 2023 09:39:27: Thread 0 started. 
INFO  @ Fri, 22 Sep 2023 09:39:27: Thread 0: total 3516 instances. 
INFO  @ Fri, 22 Sep 2023 09:39:27: Thread 0: Calculating AATK (1) ...  
INFO  @ Fri, 22 Sep 2023 09:39:33: Thread 0: Calculating NFXL1 (1001) ...  
INFO  @ Fri, 22 Sep 2023 09:39:39: Thread 0: Calculating MLL1 (2001) ...  
INFO  @ Fri, 22 Sep 2023 09:39:45: Thread 0: Calculating RNF146 (3001) ...  
INFO  @ Fri, 22 Sep 2023 09:39:48: Thread 0 completed. 
INFO  @ Fri, 22 Sep 2023 09:39:48: All threads completed. 
INFO  @ Fri, 22 Sep 2023 09:39:50: Permuting round 1 ... 
INFO  @ Fri, 22 Sep 2023 09:39:50: Thread 0 started. 
INFO  @ Fri, 22 Sep 2023 09:39:50: Thread 0: total 3516 instances. 
INFO  @ Fri, 22 Sep 2023 09:39:50: Thread 0: Calculating AATK (1) ...  
INFO  @ Fri, 22 Sep 2023 09:39:56: Thread 0: Calculating NFXL1 (1001) ...  
INFO  @ Fri, 22 Sep 2023 09:40:03: Thread 0: Calculating MLL1 (2001) ...  
INFO  @ Fri, 22 Sep 2023 09:40:09: Thread 0: Calculating RNF146 (3001) ...  
INFO  @ Fri, 22 Sep 2023 09:40:13: Thread 0 completed. 
INFO  @ Fri, 22 Sep 2023 09:40:13: All threads completed. 
INFO  @ Fri, 22 Sep 2023 09:40:15: Assigning p values... 
INFO  @ Fri, 22 Sep 2023 09:40:15: Permuting groups of gene with 19 sgRNAs per gene. Group progress: 19/41 
INFO  @ Fri, 22 Sep 2023 09:40:15: Start permuting 2 rounds ... 
INFO  @ Fri, 22 Sep 2023 09:40:15: Collecting 26156 sgRNAs from 3516 genes. 
INFO  @ Fri, 22 Sep 2023 09:40:15: Permuting round 0 ... 
INFO  @ Fri, 22 Sep 2023 09:40:15: Thread 0 started. 
INFO  @ Fri, 22 Sep 2023 09:40:15: Thread 0: total 3516 instances. 
INFO  @ Fri, 22 Sep 2023 09:40:15: Thread 0: Calculating AATK (1) ...  
INFO  @ Fri, 22 Sep 2023 09:40:23: Thread 0: Calculating NFXL1 (1001) ...  
INFO  @ Fri, 22 Sep 2023 09:40:29: Thread 0: Calculating MLL1 (2001) ...  
INFO  @ Fri, 22 Sep 2023 09:40:35: Thread 0: Calculating RNF146 (3001) ...  
INFO  @ Fri, 22 Sep 2023 09:40:38: Thread 0 completed. 
INFO  @ Fri, 22 Sep 2023 09:40:38: All threads completed. 
INFO  @ Fri, 22 Sep 2023 09:40:39: Permuting round 1 ... 
INFO  @ Fri, 22 Sep 2023 09:40:40: Thread 0 started. 
INFO  @ Fri, 22 Sep 2023 09:40:40: Thread 0: total 3516 instances. 
INFO  @ Fri, 22 Sep 2023 09:40:40: Thread 0: Calculating AATK (1) ...  
INFO  @ Fri, 22 Sep 2023 09:40:46: Thread 0: Calculating NFXL1 (1001) ...  
INFO  @ Fri, 22 Sep 2023 09:40:51: Thread 0: Calculating MLL1 (2001) ...  
INFO  @ Fri, 22 Sep 2023 09:40:58: Thread 0: Calculating RNF146 (3001) ...  
INFO  @ Fri, 22 Sep 2023 09:41:01: Thread 0 completed. 
INFO  @ Fri, 22 Sep 2023 09:41:01: All threads completed. 
INFO  @ Fri, 22 Sep 2023 09:41:02: Assigning p values... 
INFO  @ Fri, 22 Sep 2023 09:41:02: Permuting groups of gene with 20 sgRNAs per gene. Group progress: 20/41 
INFO  @ Fri, 22 Sep 2023 09:41:02: Start permuting 2 rounds ... 
INFO  @ Fri, 22 Sep 2023 09:41:02: Collecting 26156 sgRNAs from 3516 genes. 
INFO  @ Fri, 22 Sep 2023 09:41:03: Permuting round 0 ... 
INFO  @ Fri, 22 Sep 2023 09:41:03: Thread 0 started. 
INFO  @ Fri, 22 Sep 2023 09:41:03: Thread 0: total 3516 instances. 
INFO  @ Fri, 22 Sep 2023 09:41:03: Thread 0: Calculating AATK (1) ...  
INFO  @ Fri, 22 Sep 2023 09:41:09: Thread 0: Calculating NFXL1 (1001) ...  
INFO  @ Fri, 22 Sep 2023 09:41:14: Thread 0: Calculating MLL1 (2001) ...  
INFO  @ Fri, 22 Sep 2023 09:41:20: Thread 0: Calculating RNF146 (3001) ...  
INFO  @ Fri, 22 Sep 2023 09:41:23: Thread 0 completed. 
INFO  @ Fri, 22 Sep 2023 09:41:23: All threads completed. 
INFO  @ Fri, 22 Sep 2023 09:41:24: Permuting round 1 ... 
INFO  @ Fri, 22 Sep 2023 09:41:25: Thread 0 started. 
INFO  @ Fri, 22 Sep 2023 09:41:25: Thread 0: total 3516 instances. 
INFO  @ Fri, 22 Sep 2023 09:41:25: Thread 0: Calculating AATK (1) ...  
INFO  @ Fri, 22 Sep 2023 09:41:31: Thread 0: Calculating NFXL1 (1001) ...  
INFO  @ Fri, 22 Sep 2023 09:41:37: Thread 0: Calculating MLL1 (2001) ...  
INFO  @ Fri, 22 Sep 2023 09:41:43: Thread 0: Calculating RNF146 (3001) ...  
INFO  @ Fri, 22 Sep 2023 09:41:46: Thread 0 completed. 
INFO  @ Fri, 22 Sep 2023 09:41:46: All threads completed. 
INFO  @ Fri, 22 Sep 2023 09:41:47: Assigning p values... 
INFO  @ Fri, 22 Sep 2023 09:41:47: Permuting groups of gene with 21 sgRNAs per gene. Group progress: 21/41 
INFO  @ Fri, 22 Sep 2023 09:41:47: Start permuting 2 rounds ... 
INFO  @ Fri, 22 Sep 2023 09:41:47: Collecting 26156 sgRNAs from 3516 genes. 
INFO  @ Fri, 22 Sep 2023 09:41:47: Permuting round 0 ... 
INFO  @ Fri, 22 Sep 2023 09:41:47: Thread 0 started. 
INFO  @ Fri, 22 Sep 2023 09:41:47: Thread 0: total 3516 instances. 
INFO  @ Fri, 22 Sep 2023 09:41:47: Thread 0: Calculating AATK (1) ...  
INFO  @ Fri, 22 Sep 2023 09:41:53: Thread 0: Calculating NFXL1 (1001) ...  
INFO  @ Fri, 22 Sep 2023 09:41:59: Thread 0: Calculating MLL1 (2001) ...  
INFO  @ Fri, 22 Sep 2023 09:42:05: Thread 0: Calculating RNF146 (3001) ...  
INFO  @ Fri, 22 Sep 2023 09:42:08: Thread 0 completed. 
INFO  @ Fri, 22 Sep 2023 09:42:08: All threads completed. 
INFO  @ Fri, 22 Sep 2023 09:42:10: Permuting round 1 ... 
INFO  @ Fri, 22 Sep 2023 09:42:10: Thread 0 started. 
INFO  @ Fri, 22 Sep 2023 09:42:10: Thread 0: total 3516 instances. 
INFO  @ Fri, 22 Sep 2023 09:42:10: Thread 0: Calculating AATK (1) ...  
INFO  @ Fri, 22 Sep 2023 09:42:16: Thread 0: Calculating NFXL1 (1001) ...  
INFO  @ Fri, 22 Sep 2023 09:42:22: Thread 0: Calculating MLL1 (2001) ...  
INFO  @ Fri, 22 Sep 2023 09:42:28: Thread 0: Calculating RNF146 (3001) ...  
INFO  @ Fri, 22 Sep 2023 09:42:32: Thread 0 completed. 
INFO  @ Fri, 22 Sep 2023 09:42:32: All threads completed. 
INFO  @ Fri, 22 Sep 2023 09:42:33: Assigning p values... 
INFO  @ Fri, 22 Sep 2023 09:42:33: Permuting groups of gene with 22 sgRNAs per gene. Group progress: 22/41 
INFO  @ Fri, 22 Sep 2023 09:42:33: Start permuting 2 rounds ... 
INFO  @ Fri, 22 Sep 2023 09:42:33: Collecting 26156 sgRNAs from 3516 genes. 
INFO  @ Fri, 22 Sep 2023 09:42:33: Permuting round 0 ... 
INFO  @ Fri, 22 Sep 2023 09:42:34: Thread 0 started. 
INFO  @ Fri, 22 Sep 2023 09:42:34: Thread 0: total 3516 instances. 
INFO  @ Fri, 22 Sep 2023 09:42:34: Thread 0: Calculating AATK (1) ...  
INFO  @ Fri, 22 Sep 2023 09:42:40: Thread 0: Calculating NFXL1 (1001) ...  
INFO  @ Fri, 22 Sep 2023 09:42:45: Thread 0: Calculating MLL1 (2001) ...  
INFO  @ Fri, 22 Sep 2023 09:42:52: Thread 0: Calculating RNF146 (3001) ...  
INFO  @ Fri, 22 Sep 2023 09:42:55: Thread 0 completed. 
INFO  @ Fri, 22 Sep 2023 09:42:55: All threads completed. 
INFO  @ Fri, 22 Sep 2023 09:42:56: Permuting round 1 ... 
INFO  @ Fri, 22 Sep 2023 09:42:56: Thread 0 started. 
INFO  @ Fri, 22 Sep 2023 09:42:56: Thread 0: total 3516 instances. 
INFO  @ Fri, 22 Sep 2023 09:42:56: Thread 0: Calculating AATK (1) ...  
INFO  @ Fri, 22 Sep 2023 09:43:02: Thread 0: Calculating NFXL1 (1001) ...  
INFO  @ Fri, 22 Sep 2023 09:43:08: Thread 0: Calculating MLL1 (2001) ...  
INFO  @ Fri, 22 Sep 2023 09:43:14: Thread 0: Calculating RNF146 (3001) ...  
INFO  @ Fri, 22 Sep 2023 09:43:18: Thread 0 completed. 
INFO  @ Fri, 22 Sep 2023 09:43:18: All threads completed. 
INFO  @ Fri, 22 Sep 2023 09:43:19: Assigning p values... 
INFO  @ Fri, 22 Sep 2023 09:43:19: Permuting groups of gene with 23 sgRNAs per gene. Group progress: 23/41 
INFO  @ Fri, 22 Sep 2023 09:43:19: Start permuting 2 rounds ... 
INFO  @ Fri, 22 Sep 2023 09:43:19: Collecting 26156 sgRNAs from 3516 genes. 
INFO  @ Fri, 22 Sep 2023 09:43:19: Permuting round 0 ... 
INFO  @ Fri, 22 Sep 2023 09:43:19: Thread 0 started. 
INFO  @ Fri, 22 Sep 2023 09:43:19: Thread 0: total 3516 instances. 
INFO  @ Fri, 22 Sep 2023 09:43:19: Thread 0: Calculating AATK (1) ...  
INFO  @ Fri, 22 Sep 2023 09:43:26: Thread 0: Calculating NFXL1 (1001) ...  
INFO  @ Fri, 22 Sep 2023 09:43:32: Thread 0: Calculating MLL1 (2001) ...  
INFO  @ Fri, 22 Sep 2023 09:43:38: Thread 0: Calculating RNF146 (3001) ...  
INFO  @ Fri, 22 Sep 2023 09:43:41: Thread 0 completed. 
INFO  @ Fri, 22 Sep 2023 09:43:41: All threads completed. 
INFO  @ Fri, 22 Sep 2023 09:43:42: Permuting round 1 ... 
INFO  @ Fri, 22 Sep 2023 09:43:43: Thread 0 started. 
INFO  @ Fri, 22 Sep 2023 09:43:43: Thread 0: total 3516 instances. 
INFO  @ Fri, 22 Sep 2023 09:43:43: Thread 0: Calculating AATK (1) ...  
INFO  @ Fri, 22 Sep 2023 09:43:49: Thread 0: Calculating NFXL1 (1001) ...  
INFO  @ Fri, 22 Sep 2023 09:43:55: Thread 0: Calculating MLL1 (2001) ...  
INFO  @ Fri, 22 Sep 2023 09:44:02: Thread 0: Calculating RNF146 (3001) ...  
INFO  @ Fri, 22 Sep 2023 09:44:05: Thread 0 completed. 
INFO  @ Fri, 22 Sep 2023 09:44:05: All threads completed. 
INFO  @ Fri, 22 Sep 2023 09:44:06: Assigning p values... 
INFO  @ Fri, 22 Sep 2023 09:44:06: Permuting groups of gene with 24 sgRNAs per gene. Group progress: 24/41 
INFO  @ Fri, 22 Sep 2023 09:44:06: Start permuting 2 rounds ... 
INFO  @ Fri, 22 Sep 2023 09:44:06: Collecting 26156 sgRNAs from 3516 genes. 
INFO  @ Fri, 22 Sep 2023 09:44:07: Permuting round 0 ... 
INFO  @ Fri, 22 Sep 2023 09:44:07: Thread 0 started. 
INFO  @ Fri, 22 Sep 2023 09:44:07: Thread 0: total 3516 instances. 
INFO  @ Fri, 22 Sep 2023 09:44:07: Thread 0: Calculating AATK (1) ...  
INFO  @ Fri, 22 Sep 2023 09:44:13: Thread 0: Calculating NFXL1 (1001) ...  
INFO  @ Fri, 22 Sep 2023 09:44:19: Thread 0: Calculating MLL1 (2001) ...  
INFO  @ Fri, 22 Sep 2023 09:44:26: Thread 0: Calculating RNF146 (3001) ...  
INFO  @ Fri, 22 Sep 2023 09:44:29: Thread 0 completed. 
INFO  @ Fri, 22 Sep 2023 09:44:29: All threads completed. 
INFO  @ Fri, 22 Sep 2023 09:44:30: Permuting round 1 ... 
INFO  @ Fri, 22 Sep 2023 09:44:30: Thread 0 started. 
INFO  @ Fri, 22 Sep 2023 09:44:30: Thread 0: total 3516 instances. 
INFO  @ Fri, 22 Sep 2023 09:44:30: Thread 0: Calculating AATK (1) ...  
INFO  @ Fri, 22 Sep 2023 09:44:37: Thread 0: Calculating NFXL1 (1001) ...  
INFO  @ Fri, 22 Sep 2023 09:44:43: Thread 0: Calculating MLL1 (2001) ...  
INFO  @ Fri, 22 Sep 2023 09:44:49: Thread 0: Calculating RNF146 (3001) ...  
INFO  @ Fri, 22 Sep 2023 09:44:52: Thread 0 completed. 
INFO  @ Fri, 22 Sep 2023 09:44:52: All threads completed. 
INFO  @ Fri, 22 Sep 2023 09:44:54: Assigning p values... 
INFO  @ Fri, 22 Sep 2023 09:44:54: Permuting groups of gene with 25 sgRNAs per gene. Group progress: 25/41 
INFO  @ Fri, 22 Sep 2023 09:44:54: Start permuting 2 rounds ... 
INFO  @ Fri, 22 Sep 2023 09:44:54: Collecting 26156 sgRNAs from 3516 genes. 
INFO  @ Fri, 22 Sep 2023 09:44:54: Permuting round 0 ... 
INFO  @ Fri, 22 Sep 2023 09:44:54: Thread 0 started. 
INFO  @ Fri, 22 Sep 2023 09:44:54: Thread 0: total 3516 instances. 
INFO  @ Fri, 22 Sep 2023 09:44:54: Thread 0: Calculating AATK (1) ...  
INFO  @ Fri, 22 Sep 2023 09:45:01: Thread 0: Calculating NFXL1 (1001) ...  
INFO  @ Fri, 22 Sep 2023 09:45:07: Thread 0: Calculating MLL1 (2001) ...  
INFO  @ Fri, 22 Sep 2023 09:45:14: Thread 0: Calculating RNF146 (3001) ...  
INFO  @ Fri, 22 Sep 2023 09:45:17: Thread 0 completed. 
INFO  @ Fri, 22 Sep 2023 09:45:17: All threads completed. 
INFO  @ Fri, 22 Sep 2023 09:45:18: Permuting round 1 ... 
INFO  @ Fri, 22 Sep 2023 09:45:19: Thread 0 started. 
INFO  @ Fri, 22 Sep 2023 09:45:19: Thread 0: total 3516 instances. 
INFO  @ Fri, 22 Sep 2023 09:45:19: Thread 0: Calculating AATK (1) ...  
INFO  @ Fri, 22 Sep 2023 09:45:25: Thread 0: Calculating NFXL1 (1001) ...  
INFO  @ Fri, 22 Sep 2023 09:45:35: Thread 0: Calculating MLL1 (2001) ...  
INFO  @ Fri, 22 Sep 2023 09:45:45: Thread 0: Calculating RNF146 (3001) ...  
INFO  @ Fri, 22 Sep 2023 09:45:54: Thread 0 completed. 
INFO  @ Fri, 22 Sep 2023 09:45:54: All threads completed. 
INFO  @ Fri, 22 Sep 2023 09:45:56: Assigning p values... 
INFO  @ Fri, 22 Sep 2023 09:45:56: Permuting groups of gene with 27 sgRNAs per gene. Group progress: 26/41 
INFO  @ Fri, 22 Sep 2023 09:45:56: Start permuting 2 rounds ... 
INFO  @ Fri, 22 Sep 2023 09:45:57: Collecting 26156 sgRNAs from 3516 genes. 
INFO  @ Fri, 22 Sep 2023 09:45:58: Permuting round 0 ... 
INFO  @ Fri, 22 Sep 2023 09:45:58: Thread 0 started. 
INFO  @ Fri, 22 Sep 2023 09:45:58: Thread 0: total 3516 instances. 
INFO  @ Fri, 22 Sep 2023 09:45:58: Thread 0: Calculating AATK (1) ...  
INFO  @ Fri, 22 Sep 2023 09:46:19: Thread 0: Calculating NFXL1 (1001) ...  
INFO  @ Fri, 22 Sep 2023 09:46:39: Thread 0: Calculating MLL1 (2001) ...  
INFO  @ Fri, 22 Sep 2023 09:47:01: Thread 0: Calculating RNF146 (3001) ...  
INFO  @ Fri, 22 Sep 2023 09:47:11: Thread 0 completed. 
INFO  @ Fri, 22 Sep 2023 09:47:11: All threads completed. 
INFO  @ Fri, 22 Sep 2023 09:47:12: Permuting round 1 ... 
INFO  @ Fri, 22 Sep 2023 09:47:13: Thread 0 started. 
INFO  @ Fri, 22 Sep 2023 09:47:13: Thread 0: total 3516 instances. 
INFO  @ Fri, 22 Sep 2023 09:47:13: Thread 0: Calculating AATK (1) ...  
INFO  @ Fri, 22 Sep 2023 09:47:36: Thread 0: Calculating NFXL1 (1001) ...  
INFO  @ Fri, 22 Sep 2023 09:47:57: Thread 0: Calculating MLL1 (2001) ...  
INFO  @ Fri, 22 Sep 2023 09:48:24: Thread 0: Calculating RNF146 (3001) ...  
INFO  @ Fri, 22 Sep 2023 09:48:41: Thread 0 completed. 
INFO  @ Fri, 22 Sep 2023 09:48:41: All threads completed. 
INFO  @ Fri, 22 Sep 2023 09:48:45: Assigning p values... 
INFO  @ Fri, 22 Sep 2023 09:48:45: Permuting groups of gene with 28 sgRNAs per gene. Group progress: 27/41 
INFO  @ Fri, 22 Sep 2023 09:48:45: Start permuting 2 rounds ... 
INFO  @ Fri, 22 Sep 2023 09:48:46: Collecting 26156 sgRNAs from 3516 genes. 
INFO  @ Fri, 22 Sep 2023 09:48:47: Permuting round 0 ... 
INFO  @ Fri, 22 Sep 2023 09:48:48: Thread 0 started. 
INFO  @ Fri, 22 Sep 2023 09:48:48: Thread 0: total 3516 instances. 
INFO  @ Fri, 22 Sep 2023 09:48:48: Thread 0: Calculating AATK (1) ...  
INFO  @ Fri, 22 Sep 2023 09:49:25: Thread 0: Calculating NFXL1 (1001) ...  
INFO  @ Fri, 22 Sep 2023 09:50:00: Thread 0: Calculating MLL1 (2001) ...  
INFO  @ Fri, 22 Sep 2023 09:50:40: Thread 0: Calculating RNF146 (3001) ...  
INFO  @ Fri, 22 Sep 2023 09:51:01: Thread 0 completed. 
INFO  @ Fri, 22 Sep 2023 09:51:01: All threads completed. 
INFO  @ Fri, 22 Sep 2023 09:51:05: Permuting round 1 ... 
INFO  @ Fri, 22 Sep 2023 09:51:06: Thread 0 started. 
INFO  @ Fri, 22 Sep 2023 09:51:06: Thread 0: total 3516 instances. 
INFO  @ Fri, 22 Sep 2023 09:51:06: Thread 0: Calculating AATK (1) ...  
INFO  @ Fri, 22 Sep 2023 09:51:40: Thread 0: Calculating NFXL1 (1001) ...  
INFO  @ Fri, 22 Sep 2023 09:52:12: Thread 0: Calculating MLL1 (2001) ...  
INFO  @ Fri, 22 Sep 2023 09:52:49: Thread 0: Calculating RNF146 (3001) ...  
INFO  @ Fri, 22 Sep 2023 09:53:06: Thread 0 completed. 
INFO  @ Fri, 22 Sep 2023 09:53:06: All threads completed. 
INFO  @ Fri, 22 Sep 2023 09:53:10: Assigning p values... 
INFO  @ Fri, 22 Sep 2023 09:53:11: Permuting groups of gene with 29 sgRNAs per gene. Group progress: 28/41 
INFO  @ Fri, 22 Sep 2023 09:53:11: Start permuting 2 rounds ... 
INFO  @ Fri, 22 Sep 2023 09:53:11: Collecting 26156 sgRNAs from 3516 genes. 
INFO  @ Fri, 22 Sep 2023 09:53:12: Permuting round 0 ... 
INFO  @ Fri, 22 Sep 2023 09:53:13: Thread 0 started. 
INFO  @ Fri, 22 Sep 2023 09:53:13: Thread 0: total 3516 instances. 
INFO  @ Fri, 22 Sep 2023 09:53:14: Thread 0: Calculating AATK (1) ...  
INFO  @ Fri, 22 Sep 2023 09:53:57: Thread 0: Calculating NFXL1 (1001) ...  
INFO  @ Fri, 22 Sep 2023 09:54:32: Thread 0: Calculating MLL1 (2001) ...  
INFO  @ Fri, 22 Sep 2023 09:55:07: Thread 0: Calculating RNF146 (3001) ...  
INFO  @ Fri, 22 Sep 2023 09:55:31: Thread 0 completed. 
INFO  @ Fri, 22 Sep 2023 09:55:31: All threads completed. 
INFO  @ Fri, 22 Sep 2023 09:55:35: Permuting round 1 ... 
INFO  @ Fri, 22 Sep 2023 09:55:36: Thread 0 started. 
INFO  @ Fri, 22 Sep 2023 09:55:36: Thread 0: total 3516 instances. 
INFO  @ Fri, 22 Sep 2023 09:55:36: Thread 0: Calculating AATK (1) ...  
INFO  @ Fri, 22 Sep 2023 09:56:21: Thread 0: Calculating NFXL1 (1001) ...  
INFO  @ Fri, 22 Sep 2023 09:56:57: Thread 0: Calculating MLL1 (2001) ...  
INFO  @ Fri, 22 Sep 2023 09:57:32: Thread 0: Calculating RNF146 (3001) ...  
INFO  @ Fri, 22 Sep 2023 09:57:49: Thread 0 completed. 
INFO  @ Fri, 22 Sep 2023 09:57:49: All threads completed. 
INFO  @ Fri, 22 Sep 2023 09:57:53: Assigning p values... 
INFO  @ Fri, 22 Sep 2023 09:57:53: Permuting groups of gene with 30 sgRNAs per gene. Group progress: 29/41 
INFO  @ Fri, 22 Sep 2023 09:57:53: Start permuting 2 rounds ... 
INFO  @ Fri, 22 Sep 2023 09:57:53: Collecting 26156 sgRNAs from 3516 genes. 
INFO  @ Fri, 22 Sep 2023 09:57:55: Permuting round 0 ... 
INFO  @ Fri, 22 Sep 2023 09:57:56: Thread 0 started. 
INFO  @ Fri, 22 Sep 2023 09:57:56: Thread 0: total 3516 instances. 
INFO  @ Fri, 22 Sep 2023 09:57:56: Thread 0: Calculating AATK (1) ...  
INFO  @ Fri, 22 Sep 2023 09:58:36: Thread 0: Calculating NFXL1 (1001) ...  
INFO  @ Fri, 22 Sep 2023 09:59:13: Thread 0: Calculating MLL1 (2001) ...  
INFO  @ Fri, 22 Sep 2023 09:59:52: Thread 0: Calculating RNF146 (3001) ...  
INFO  @ Fri, 22 Sep 2023 10:00:13: Thread 0 completed. 
INFO  @ Fri, 22 Sep 2023 10:00:13: All threads completed. 
INFO  @ Fri, 22 Sep 2023 10:00:17: Permuting round 1 ... 
INFO  @ Fri, 22 Sep 2023 10:00:18: Thread 0 started. 
INFO  @ Fri, 22 Sep 2023 10:00:18: Thread 0: total 3516 instances. 
INFO  @ Fri, 22 Sep 2023 10:00:18: Thread 0: Calculating AATK (1) ...  
INFO  @ Fri, 22 Sep 2023 10:00:58: Thread 0: Calculating NFXL1 (1001) ...  
INFO  @ Fri, 22 Sep 2023 10:01:38: Thread 0: Calculating MLL1 (2001) ...  
INFO  @ Fri, 22 Sep 2023 10:02:15: Thread 0: Calculating RNF146 (3001) ...  
INFO  @ Fri, 22 Sep 2023 10:02:36: Thread 0 completed. 
INFO  @ Fri, 22 Sep 2023 10:02:36: All threads completed. 
INFO  @ Fri, 22 Sep 2023 10:02:40: Assigning p values... 
INFO  @ Fri, 22 Sep 2023 10:02:40: Permuting groups of gene with 31 sgRNAs per gene. Group progress: 30/41 
INFO  @ Fri, 22 Sep 2023 10:02:40: Start permuting 2 rounds ... 
INFO  @ Fri, 22 Sep 2023 10:02:41: Collecting 26156 sgRNAs from 3516 genes. 
INFO  @ Fri, 22 Sep 2023 10:02:43: Permuting round 0 ... 
INFO  @ Fri, 22 Sep 2023 10:02:44: Thread 0 started. 
INFO  @ Fri, 22 Sep 2023 10:02:44: Thread 0: total 3516 instances. 
INFO  @ Fri, 22 Sep 2023 10:02:44: Thread 0: Calculating AATK (1) ...  
INFO  @ Fri, 22 Sep 2023 10:03:41: Thread 0: Calculating NFXL1 (1001) ...  
INFO  @ Fri, 22 Sep 2023 10:04:38: Thread 0: Calculating MLL1 (2001) ...  
INFO  @ Fri, 22 Sep 2023 10:05:31: Thread 0: Calculating RNF146 (3001) ...  
INFO  @ Fri, 22 Sep 2023 10:06:01: Thread 0 completed. 
INFO  @ Fri, 22 Sep 2023 10:06:01: All threads completed. 
INFO  @ Fri, 22 Sep 2023 10:06:05: Permuting round 1 ... 
INFO  @ Fri, 22 Sep 2023 10:06:07: Thread 0 started. 
INFO  @ Fri, 22 Sep 2023 10:06:07: Thread 0: total 3516 instances. 
INFO  @ Fri, 22 Sep 2023 10:06:07: Thread 0: Calculating AATK (1) ...  
INFO  @ Fri, 22 Sep 2023 10:07:06: Thread 0: Calculating NFXL1 (1001) ...  
INFO  @ Fri, 22 Sep 2023 10:08:06: Thread 0: Calculating MLL1 (2001) ...  
INFO  @ Fri, 22 Sep 2023 10:08:53: Thread 0: Calculating RNF146 (3001) ...  
INFO  @ Fri, 22 Sep 2023 10:09:18: Thread 0 completed. 
INFO  @ Fri, 22 Sep 2023 10:09:18: All threads completed. 
INFO  @ Fri, 22 Sep 2023 10:09:22: Assigning p values... 
INFO  @ Fri, 22 Sep 2023 10:09:22: Permuting groups of gene with 32 sgRNAs per gene. Group progress: 31/41 
INFO  @ Fri, 22 Sep 2023 10:09:22: Start permuting 2 rounds ... 
INFO  @ Fri, 22 Sep 2023 10:09:23: Collecting 26156 sgRNAs from 3516 genes. 
INFO  @ Fri, 22 Sep 2023 10:09:24: Permuting round 0 ... 
INFO  @ Fri, 22 Sep 2023 10:09:26: Thread 0 started. 
INFO  @ Fri, 22 Sep 2023 10:09:26: Thread 0: total 3516 instances. 
INFO  @ Fri, 22 Sep 2023 10:09:26: Thread 0: Calculating AATK (1) ...  
INFO  @ Fri, 22 Sep 2023 10:10:13: Thread 0: Calculating NFXL1 (1001) ...  
INFO  @ Fri, 22 Sep 2023 10:11:04: Thread 0: Calculating MLL1 (2001) ...  
INFO  @ Fri, 22 Sep 2023 10:11:42: Thread 0: Calculating RNF146 (3001) ...  
INFO  @ Fri, 22 Sep 2023 10:12:01: Thread 0 completed. 
INFO  @ Fri, 22 Sep 2023 10:12:01: All threads completed. 
INFO  @ Fri, 22 Sep 2023 10:12:03: Permuting round 1 ... 
INFO  @ Fri, 22 Sep 2023 10:12:04: Thread 0 started. 
INFO  @ Fri, 22 Sep 2023 10:12:04: Thread 0: total 3516 instances. 
INFO  @ Fri, 22 Sep 2023 10:12:04: Thread 0: Calculating AATK (1) ...  
INFO  @ Fri, 22 Sep 2023 10:12:39: Thread 0: Calculating NFXL1 (1001) ...  
INFO  @ Fri, 22 Sep 2023 10:13:16: Thread 0: Calculating MLL1 (2001) ...  
INFO  @ Fri, 22 Sep 2023 10:13:44: Thread 0: Calculating RNF146 (3001) ...  
INFO  @ Fri, 22 Sep 2023 10:13:57: Thread 0 completed. 
INFO  @ Fri, 22 Sep 2023 10:13:57: All threads completed. 
INFO  @ Fri, 22 Sep 2023 10:13:59: Assigning p values... 
INFO  @ Fri, 22 Sep 2023 10:14:00: Permuting groups of gene with 33 sgRNAs per gene. Group progress: 32/41 
INFO  @ Fri, 22 Sep 2023 10:14:00: Start permuting 2 rounds ... 
INFO  @ Fri, 22 Sep 2023 10:14:00: Collecting 26156 sgRNAs from 3516 genes. 
INFO  @ Fri, 22 Sep 2023 10:14:01: Permuting round 0 ... 
INFO  @ Fri, 22 Sep 2023 10:14:02: Thread 0 started. 
INFO  @ Fri, 22 Sep 2023 10:14:02: Thread 0: total 3516 instances. 
INFO  @ Fri, 22 Sep 2023 10:14:02: Thread 0: Calculating AATK (1) ...  
INFO  @ Fri, 22 Sep 2023 10:14:25: Thread 0: Calculating NFXL1 (1001) ...  
INFO  @ Fri, 22 Sep 2023 10:14:43: Thread 0: Calculating MLL1 (2001) ...  
INFO  @ Fri, 22 Sep 2023 10:15:01: Thread 0: Calculating RNF146 (3001) ...  
INFO  @ Fri, 22 Sep 2023 10:15:11: Thread 0 completed. 
INFO  @ Fri, 22 Sep 2023 10:15:11: All threads completed. 
INFO  @ Fri, 22 Sep 2023 10:15:12: Permuting round 1 ... 
INFO  @ Fri, 22 Sep 2023 10:15:12: Thread 0 started. 
INFO  @ Fri, 22 Sep 2023 10:15:12: Thread 0: total 3516 instances. 
INFO  @ Fri, 22 Sep 2023 10:15:12: Thread 0: Calculating AATK (1) ...  
INFO  @ Fri, 22 Sep 2023 10:15:31: Thread 0: Calculating NFXL1 (1001) ...  
INFO  @ Fri, 22 Sep 2023 10:15:48: Thread 0: Calculating MLL1 (2001) ...  
INFO  @ Fri, 22 Sep 2023 10:16:06: Thread 0: Calculating RNF146 (3001) ...  
INFO  @ Fri, 22 Sep 2023 10:16:15: Thread 0 completed. 
INFO  @ Fri, 22 Sep 2023 10:16:15: All threads completed. 
INFO  @ Fri, 22 Sep 2023 10:16:16: Assigning p values... 
INFO  @ Fri, 22 Sep 2023 10:16:16: Permuting groups of gene with 34 sgRNAs per gene. Group progress: 33/41 
INFO  @ Fri, 22 Sep 2023 10:16:16: Start permuting 2 rounds ... 
INFO  @ Fri, 22 Sep 2023 10:16:16: Collecting 26156 sgRNAs from 3516 genes. 
INFO  @ Fri, 22 Sep 2023 10:16:17: Permuting round 0 ... 
INFO  @ Fri, 22 Sep 2023 10:16:17: Thread 0 started. 
INFO  @ Fri, 22 Sep 2023 10:16:17: Thread 0: total 3516 instances. 
INFO  @ Fri, 22 Sep 2023 10:16:17: Thread 0: Calculating AATK (1) ...  
INFO  @ Fri, 22 Sep 2023 10:16:35: Thread 0: Calculating NFXL1 (1001) ...  
INFO  @ Fri, 22 Sep 2023 10:16:57: Thread 0: Calculating MLL1 (2001) ...  
INFO  @ Fri, 22 Sep 2023 10:17:17: Thread 0: Calculating RNF146 (3001) ...  
INFO  @ Fri, 22 Sep 2023 10:17:26: Thread 0 completed. 
INFO  @ Fri, 22 Sep 2023 10:17:26: All threads completed. 
INFO  @ Fri, 22 Sep 2023 10:17:27: Permuting round 1 ... 
INFO  @ Fri, 22 Sep 2023 10:17:27: Thread 0 started. 
INFO  @ Fri, 22 Sep 2023 10:17:27: Thread 0: total 3516 instances. 
INFO  @ Fri, 22 Sep 2023 10:17:27: Thread 0: Calculating AATK (1) ...  
INFO  @ Fri, 22 Sep 2023 10:17:45: Thread 0: Calculating NFXL1 (1001) ...  
INFO  @ Fri, 22 Sep 2023 10:18:02: Thread 0: Calculating MLL1 (2001) ...  
INFO  @ Fri, 22 Sep 2023 10:18:21: Thread 0: Calculating RNF146 (3001) ...  
INFO  @ Fri, 22 Sep 2023 10:18:31: Thread 0 completed. 
INFO  @ Fri, 22 Sep 2023 10:18:31: All threads completed. 
INFO  @ Fri, 22 Sep 2023 10:18:32: Assigning p values... 
INFO  @ Fri, 22 Sep 2023 10:18:32: Permuting groups of gene with 37 sgRNAs per gene. Group progress: 34/41 
INFO  @ Fri, 22 Sep 2023 10:18:32: Start permuting 2 rounds ... 
INFO  @ Fri, 22 Sep 2023 10:18:32: Collecting 26156 sgRNAs from 3516 genes. 
INFO  @ Fri, 22 Sep 2023 10:18:32: Permuting round 0 ... 
INFO  @ Fri, 22 Sep 2023 10:18:33: Thread 0 started. 
INFO  @ Fri, 22 Sep 2023 10:18:33: Thread 0: total 3516 instances. 
INFO  @ Fri, 22 Sep 2023 10:18:33: Thread 0: Calculating AATK (1) ...  
INFO  @ Fri, 22 Sep 2023 10:18:51: Thread 0: Calculating NFXL1 (1001) ...  
INFO  @ Fri, 22 Sep 2023 10:19:01: Thread 0: Calculating MLL1 (2001) ...  
INFO  @ Fri, 22 Sep 2023 10:19:11: Thread 0: Calculating RNF146 (3001) ...  
INFO  @ Fri, 22 Sep 2023 10:19:16: Thread 0 completed. 
INFO  @ Fri, 22 Sep 2023 10:19:16: All threads completed. 
INFO  @ Fri, 22 Sep 2023 10:19:17: Permuting round 1 ... 
INFO  @ Fri, 22 Sep 2023 10:19:17: Thread 0 started. 
INFO  @ Fri, 22 Sep 2023 10:19:17: Thread 0: total 3516 instances. 
INFO  @ Fri, 22 Sep 2023 10:19:17: Thread 0: Calculating AATK (1) ...  
INFO  @ Fri, 22 Sep 2023 10:19:35: Thread 0: Calculating NFXL1 (1001) ...  
INFO  @ Fri, 22 Sep 2023 10:19:53: Thread 0: Calculating MLL1 (2001) ...  
INFO  @ Fri, 22 Sep 2023 10:20:11: Thread 0: Calculating RNF146 (3001) ...  
INFO  @ Fri, 22 Sep 2023 10:20:20: Thread 0 completed. 
INFO  @ Fri, 22 Sep 2023 10:20:20: All threads completed. 
INFO  @ Fri, 22 Sep 2023 10:20:21: Assigning p values... 
INFO  @ Fri, 22 Sep 2023 10:20:21: Groups of gene with 42 sgRNAs per gene: assigning p values based on previous group results. Group progress: 35/41 
INFO  @ Fri, 22 Sep 2023 10:20:21: Groups of gene with 46 sgRNAs per gene: assigning p values based on previous group results. Group progress: 36/41 
INFO  @ Fri, 22 Sep 2023 10:20:21: Groups of gene with 47 sgRNAs per gene: assigning p values based on previous group results. Group progress: 37/41 
INFO  @ Fri, 22 Sep 2023 10:20:21: Groups of gene with 48 sgRNAs per gene: assigning p values based on previous group results. Group progress: 38/41 
INFO  @ Fri, 22 Sep 2023 10:20:21: Groups of gene with 49 sgRNAs per gene: assigning p values based on previous group results. Group progress: 39/41 
INFO  @ Fri, 22 Sep 2023 10:20:21: Groups of gene with 56 sgRNAs per gene: assigning p values based on previous group results. Group progress: 40/41 
INFO  @ Fri, 22 Sep 2023 10:20:21: Groups of gene with 67 sgRNAs per gene: assigning p values based on previous group results. Group progress: 41/41 
INFO  @ Fri, 22 Sep 2023 10:20:21: Writing gene results to mle_count-Snu1C114.gene_summary.txt 
INFO  @ Fri, 22 Sep 2023 10:20:21: Writing sgRNA results to mle_count-Snu1C114.sgrna_summary.txt 
