INFO  @ Fri, 22 Sep 2023 09:26:33: Parameters: /home/ryan/miniconda3/envs/mageck/bin/mageck mle -k count-Snu-1_clone_24.csv -d matrixSnu1C24.txt -n mle_count-Snu1C24 
INFO  @ Fri, 22 Sep 2023 09:26:34: Cannot parse design matrix as a string; try to parse it as a file name ... 
INFO  @ Fri, 22 Sep 2023 09:26:34: Design matrix: 
INFO  @ Fri, 22 Sep 2023 09:26:34: [[1. 0.] 
INFO  @ Fri, 22 Sep 2023 09:26:34:  [1. 1.]] 
INFO  @ Fri, 22 Sep 2023 09:26:34: Beta labels:baseline,c24 
INFO  @ Fri, 22 Sep 2023 09:26:34: Included samples:Snu-1_clone_24_D=0,Snu-1_clone_24_D=10 
INFO  @ Fri, 22 Sep 2023 09:26:34: Treating count-Snu-1_clone_24.csv as csv file ... 
INFO  @ Fri, 22 Sep 2023 09:26:34: Loaded samples:Snu-1_clone_24_D=0;Snu-1_clone_24_D=10 
INFO  @ Fri, 22 Sep 2023 09:26:34: Sample index: 0;1 
INFO  @ Fri, 22 Sep 2023 09:26:34: Loaded 3516 genes. 
DEBUG @ Fri, 22 Sep 2023 09:26:34: Initial (total) size factor: 0.9517882174868522 1.0533566178212148 
DEBUG @ Fri, 22 Sep 2023 09:26:34: Median factor: 0.9658951567932268 1.0468162606903784 
INFO  @ Fri, 22 Sep 2023 09:26:34: Final size factor: 0.9658951567932268 1.0468162606903784 
INFO  @ Fri, 22 Sep 2023 09:26:34: size factor: 1.0353090529204032,0.9552774804438909 
INFO  @ Fri, 22 Sep 2023 09:26:34: Thread 0 started. 
INFO  @ Fri, 22 Sep 2023 09:26:34: Thread 0: total 1 instances. 
INFO  @ Fri, 22 Sep 2023 09:26:34: Thread 0 completed. 
INFO  @ Fri, 22 Sep 2023 09:26:34: All threads completed. 
INFO  @ Fri, 22 Sep 2023 09:26:34: Modeling the mean and variance ... 
INFO  @ Fri, 22 Sep 2023 09:26:34: Run the algorithm for the second time ... 
INFO  @ Fri, 22 Sep 2023 09:26:34: Skipping gene NKX2 from MLE calculation since there are too many sgRNAs. To change, revise the --max-sgrnapergene-permutation option. 
INFO  @ Fri, 22 Sep 2023 09:26:34: Skipping gene PBRM1 from MLE calculation since there are too many sgRNAs. To change, revise the --max-sgrnapergene-permutation option. 
INFO  @ Fri, 22 Sep 2023 09:26:34: Skipping gene KDM2A from MLE calculation since there are too many sgRNAs. To change, revise the --max-sgrnapergene-permutation option. 
INFO  @ Fri, 22 Sep 2023 09:26:34: Skipping gene KDM2B from MLE calculation since there are too many sgRNAs. To change, revise the --max-sgrnapergene-permutation option. 
INFO  @ Fri, 22 Sep 2023 09:26:34: Skipping gene KMT2A from MLE calculation since there are too many sgRNAs. To change, revise the --max-sgrnapergene-permutation option. 
INFO  @ Fri, 22 Sep 2023 09:26:34: Skipping gene KMT2B from MLE calculation since there are too many sgRNAs. To change, revise the --max-sgrnapergene-permutation option. 
INFO  @ Fri, 22 Sep 2023 09:26:34: Skipping gene KMT2C from MLE calculation since there are too many sgRNAs. To change, revise the --max-sgrnapergene-permutation option. 
INFO  @ Fri, 22 Sep 2023 09:26:34: Skipping gene KMT2D from MLE calculation since there are too many sgRNAs. To change, revise the --max-sgrnapergene-permutation option. 
INFO  @ Fri, 22 Sep 2023 09:26:34: Skipping gene NSD1 from MLE calculation since there are too many sgRNAs. To change, revise the --max-sgrnapergene-permutation option. 
INFO  @ Fri, 22 Sep 2023 09:26:34: Skipping gene RNF17 from MLE calculation since there are too many sgRNAs. To change, revise the --max-sgrnapergene-permutation option. 
INFO  @ Fri, 22 Sep 2023 09:26:34: Skipping gene TDRD6 from MLE calculation since there are too many sgRNAs. To change, revise the --max-sgrnapergene-permutation option. 
INFO  @ Fri, 22 Sep 2023 09:26:34: Thread 0 started. 
INFO  @ Fri, 22 Sep 2023 09:26:34: Thread 0: total 3505 instances. 
INFO  @ Fri, 22 Sep 2023 09:26:34: Thread 0: Calculating AATK (1) ...  
INFO  @ Fri, 22 Sep 2023 09:26:39: Thread 0: Calculating NFXL1 (1001) ...  
INFO  @ Fri, 22 Sep 2023 09:26:45: Thread 0: Calculating NO66 (2001) ...  
INFO  @ Fri, 22 Sep 2023 09:26:50: Thread 0: Calculating RNF170 (3001) ...  
INFO  @ Fri, 22 Sep 2023 09:26:52: Thread 0 completed. 
INFO  @ Fri, 22 Sep 2023 09:26:52: All threads completed. 
INFO  @ Fri, 22 Sep 2023 09:26:54: Permuting groups of gene with 1 sgRNAs per gene. Group progress: 1/41 
INFO  @ Fri, 22 Sep 2023 09:26:54: Start permuting 2 rounds ... 
INFO  @ Fri, 22 Sep 2023 09:26:54: Collecting 26156 sgRNAs from 3516 genes. 
INFO  @ Fri, 22 Sep 2023 09:26:54: Permuting round 0 ... 
INFO  @ Fri, 22 Sep 2023 09:26:54: Thread 0 started. 
INFO  @ Fri, 22 Sep 2023 09:26:54: Thread 0: total 3516 instances. 
INFO  @ Fri, 22 Sep 2023 09:26:54: Thread 0: Calculating AATK (1) ...  
INFO  @ Fri, 22 Sep 2023 09:26:57: Thread 0: Calculating NFXL1 (1001) ...  
INFO  @ Fri, 22 Sep 2023 09:26:59: Thread 0: Calculating MLL1 (2001) ...  
INFO  @ Fri, 22 Sep 2023 09:27:02: Thread 0: Calculating RNF146 (3001) ...  
INFO  @ Fri, 22 Sep 2023 09:27:03: Thread 0 completed. 
INFO  @ Fri, 22 Sep 2023 09:27:03: All threads completed. 
INFO  @ Fri, 22 Sep 2023 09:27:04: Permuting round 1 ... 
INFO  @ Fri, 22 Sep 2023 09:27:05: Thread 0 started. 
INFO  @ Fri, 22 Sep 2023 09:27:05: Thread 0: total 3516 instances. 
INFO  @ Fri, 22 Sep 2023 09:27:05: Thread 0: Calculating AATK (1) ...  
INFO  @ Fri, 22 Sep 2023 09:27:07: Thread 0: Calculating NFXL1 (1001) ...  
INFO  @ Fri, 22 Sep 2023 09:27:10: Thread 0: Calculating MLL1 (2001) ...  
INFO  @ Fri, 22 Sep 2023 09:27:12: Thread 0: Calculating RNF146 (3001) ...  
INFO  @ Fri, 22 Sep 2023 09:27:14: Thread 0 completed. 
INFO  @ Fri, 22 Sep 2023 09:27:14: All threads completed. 
INFO  @ Fri, 22 Sep 2023 09:27:15: Assigning p values... 
INFO  @ Fri, 22 Sep 2023 09:27:15: Permuting groups of gene with 2 sgRNAs per gene. Group progress: 2/41 
INFO  @ Fri, 22 Sep 2023 09:27:15: Start permuting 2 rounds ... 
INFO  @ Fri, 22 Sep 2023 09:27:15: Collecting 26156 sgRNAs from 3516 genes. 
INFO  @ Fri, 22 Sep 2023 09:27:15: Permuting round 0 ... 
INFO  @ Fri, 22 Sep 2023 09:27:15: Thread 0 started. 
INFO  @ Fri, 22 Sep 2023 09:27:15: Thread 0: total 3516 instances. 
INFO  @ Fri, 22 Sep 2023 09:27:15: Thread 0: Calculating AATK (1) ...  
INFO  @ Fri, 22 Sep 2023 09:27:20: Thread 0: Calculating NFXL1 (1001) ...  
INFO  @ Fri, 22 Sep 2023 09:27:25: Thread 0: Calculating MLL1 (2001) ...  
INFO  @ Fri, 22 Sep 2023 09:27:29: Thread 0: Calculating RNF146 (3001) ...  
INFO  @ Fri, 22 Sep 2023 09:27:32: Thread 0 completed. 
INFO  @ Fri, 22 Sep 2023 09:27:32: All threads completed. 
INFO  @ Fri, 22 Sep 2023 09:27:33: Permuting round 1 ... 
INFO  @ Fri, 22 Sep 2023 09:27:33: Thread 0 started. 
INFO  @ Fri, 22 Sep 2023 09:27:33: Thread 0: total 3516 instances. 
INFO  @ Fri, 22 Sep 2023 09:27:33: Thread 0: Calculating AATK (1) ...  
INFO  @ Fri, 22 Sep 2023 09:27:38: Thread 0: Calculating NFXL1 (1001) ...  
INFO  @ Fri, 22 Sep 2023 09:27:43: Thread 0: Calculating MLL1 (2001) ...  
INFO  @ Fri, 22 Sep 2023 09:27:47: Thread 0: Calculating RNF146 (3001) ...  
INFO  @ Fri, 22 Sep 2023 09:27:50: Thread 0 completed. 
INFO  @ Fri, 22 Sep 2023 09:27:50: All threads completed. 
INFO  @ Fri, 22 Sep 2023 09:27:51: Assigning p values... 
INFO  @ Fri, 22 Sep 2023 09:27:51: Permuting groups of gene with 3 sgRNAs per gene. Group progress: 3/41 
INFO  @ Fri, 22 Sep 2023 09:27:51: Start permuting 2 rounds ... 
INFO  @ Fri, 22 Sep 2023 09:27:51: Collecting 26156 sgRNAs from 3516 genes. 
INFO  @ Fri, 22 Sep 2023 09:27:52: Permuting round 0 ... 
INFO  @ Fri, 22 Sep 2023 09:27:52: Thread 0 started. 
INFO  @ Fri, 22 Sep 2023 09:27:52: Thread 0: total 3516 instances. 
INFO  @ Fri, 22 Sep 2023 09:27:52: Thread 0: Calculating AATK (1) ...  
INFO  @ Fri, 22 Sep 2023 09:27:57: Thread 0: Calculating NFXL1 (1001) ...  
INFO  @ Fri, 22 Sep 2023 09:28:02: Thread 0: Calculating MLL1 (2001) ...  
INFO  @ Fri, 22 Sep 2023 09:28:07: Thread 0: Calculating RNF146 (3001) ...  
INFO  @ Fri, 22 Sep 2023 09:28:10: Thread 0 completed. 
INFO  @ Fri, 22 Sep 2023 09:28:10: All threads completed. 
INFO  @ Fri, 22 Sep 2023 09:28:11: Permuting round 1 ... 
INFO  @ Fri, 22 Sep 2023 09:28:11: Thread 0 started. 
INFO  @ Fri, 22 Sep 2023 09:28:11: Thread 0: total 3516 instances. 
INFO  @ Fri, 22 Sep 2023 09:28:11: Thread 0: Calculating AATK (1) ...  
INFO  @ Fri, 22 Sep 2023 09:28:16: Thread 0: Calculating NFXL1 (1001) ...  
INFO  @ Fri, 22 Sep 2023 09:28:21: Thread 0: Calculating MLL1 (2001) ...  
INFO  @ Fri, 22 Sep 2023 09:28:26: Thread 0: Calculating RNF146 (3001) ...  
INFO  @ Fri, 22 Sep 2023 09:28:28: Thread 0 completed. 
INFO  @ Fri, 22 Sep 2023 09:28:28: All threads completed. 
INFO  @ Fri, 22 Sep 2023 09:28:30: Assigning p values... 
INFO  @ Fri, 22 Sep 2023 09:28:30: Permuting groups of gene with 4 sgRNAs per gene. Group progress: 4/41 
INFO  @ Fri, 22 Sep 2023 09:28:30: Start permuting 2 rounds ... 
INFO  @ Fri, 22 Sep 2023 09:28:30: Collecting 26156 sgRNAs from 3516 genes. 
INFO  @ Fri, 22 Sep 2023 09:28:30: Permuting round 0 ... 
INFO  @ Fri, 22 Sep 2023 09:28:30: Thread 0 started. 
INFO  @ Fri, 22 Sep 2023 09:28:30: Thread 0: total 3516 instances. 
INFO  @ Fri, 22 Sep 2023 09:28:30: Thread 0: Calculating AATK (1) ...  
INFO  @ Fri, 22 Sep 2023 09:28:36: Thread 0: Calculating NFXL1 (1001) ...  
INFO  @ Fri, 22 Sep 2023 09:28:41: Thread 0: Calculating MLL1 (2001) ...  
INFO  @ Fri, 22 Sep 2023 09:28:46: Thread 0: Calculating RNF146 (3001) ...  
INFO  @ Fri, 22 Sep 2023 09:28:48: Thread 0 completed. 
INFO  @ Fri, 22 Sep 2023 09:28:48: All threads completed. 
INFO  @ Fri, 22 Sep 2023 09:28:50: Permuting round 1 ... 
INFO  @ Fri, 22 Sep 2023 09:28:50: Thread 0 started. 
INFO  @ Fri, 22 Sep 2023 09:28:50: Thread 0: total 3516 instances. 
INFO  @ Fri, 22 Sep 2023 09:28:50: Thread 0: Calculating AATK (1) ...  
INFO  @ Fri, 22 Sep 2023 09:28:56: Thread 0: Calculating NFXL1 (1001) ...  
INFO  @ Fri, 22 Sep 2023 09:29:01: Thread 0: Calculating MLL1 (2001) ...  
INFO  @ Fri, 22 Sep 2023 09:29:06: Thread 0: Calculating RNF146 (3001) ...  
INFO  @ Fri, 22 Sep 2023 09:29:09: Thread 0 completed. 
INFO  @ Fri, 22 Sep 2023 09:29:09: All threads completed. 
INFO  @ Fri, 22 Sep 2023 09:29:10: Assigning p values... 
INFO  @ Fri, 22 Sep 2023 09:29:10: Permuting groups of gene with 5 sgRNAs per gene. Group progress: 5/41 
INFO  @ Fri, 22 Sep 2023 09:29:10: Start permuting 2 rounds ... 
INFO  @ Fri, 22 Sep 2023 09:29:10: Collecting 26156 sgRNAs from 3516 genes. 
INFO  @ Fri, 22 Sep 2023 09:29:11: Permuting round 0 ... 
INFO  @ Fri, 22 Sep 2023 09:29:11: Thread 0 started. 
INFO  @ Fri, 22 Sep 2023 09:29:11: Thread 0: total 3516 instances. 
INFO  @ Fri, 22 Sep 2023 09:29:11: Thread 0: Calculating AATK (1) ...  
INFO  @ Fri, 22 Sep 2023 09:29:16: Thread 0: Calculating NFXL1 (1001) ...  
INFO  @ Fri, 22 Sep 2023 09:29:22: Thread 0: Calculating MLL1 (2001) ...  
INFO  @ Fri, 22 Sep 2023 09:29:27: Thread 0: Calculating RNF146 (3001) ...  
INFO  @ Fri, 22 Sep 2023 09:29:30: Thread 0 completed. 
INFO  @ Fri, 22 Sep 2023 09:29:30: All threads completed. 
INFO  @ Fri, 22 Sep 2023 09:29:31: Permuting round 1 ... 
INFO  @ Fri, 22 Sep 2023 09:29:31: Thread 0 started. 
INFO  @ Fri, 22 Sep 2023 09:29:31: Thread 0: total 3516 instances. 
INFO  @ Fri, 22 Sep 2023 09:29:31: Thread 0: Calculating AATK (1) ...  
INFO  @ Fri, 22 Sep 2023 09:29:36: Thread 0: Calculating NFXL1 (1001) ...  
INFO  @ Fri, 22 Sep 2023 09:29:42: Thread 0: Calculating MLL1 (2001) ...  
INFO  @ Fri, 22 Sep 2023 09:29:47: Thread 0: Calculating RNF146 (3001) ...  
INFO  @ Fri, 22 Sep 2023 09:29:50: Thread 0 completed. 
INFO  @ Fri, 22 Sep 2023 09:29:50: All threads completed. 
INFO  @ Fri, 22 Sep 2023 09:29:51: Assigning p values... 
INFO  @ Fri, 22 Sep 2023 09:29:51: Permuting groups of gene with 6 sgRNAs per gene. Group progress: 6/41 
INFO  @ Fri, 22 Sep 2023 09:29:51: Start permuting 2 rounds ... 
INFO  @ Fri, 22 Sep 2023 09:29:51: Collecting 26156 sgRNAs from 3516 genes. 
INFO  @ Fri, 22 Sep 2023 09:29:51: Permuting round 0 ... 
INFO  @ Fri, 22 Sep 2023 09:29:51: Thread 0 started. 
INFO  @ Fri, 22 Sep 2023 09:29:51: Thread 0: total 3516 instances. 
INFO  @ Fri, 22 Sep 2023 09:29:51: Thread 0: Calculating AATK (1) ...  
INFO  @ Fri, 22 Sep 2023 09:29:57: Thread 0: Calculating NFXL1 (1001) ...  
INFO  @ Fri, 22 Sep 2023 09:30:03: Thread 0: Calculating MLL1 (2001) ...  
INFO  @ Fri, 22 Sep 2023 09:30:08: Thread 0: Calculating RNF146 (3001) ...  
INFO  @ Fri, 22 Sep 2023 09:30:11: Thread 0 completed. 
INFO  @ Fri, 22 Sep 2023 09:30:11: All threads completed. 
INFO  @ Fri, 22 Sep 2023 09:30:12: Permuting round 1 ... 
INFO  @ Fri, 22 Sep 2023 09:30:12: Thread 0 started. 
INFO  @ Fri, 22 Sep 2023 09:30:12: Thread 0: total 3516 instances. 
INFO  @ Fri, 22 Sep 2023 09:30:12: Thread 0: Calculating AATK (1) ...  
INFO  @ Fri, 22 Sep 2023 09:30:18: Thread 0: Calculating NFXL1 (1001) ...  
INFO  @ Fri, 22 Sep 2023 09:30:24: Thread 0: Calculating MLL1 (2001) ...  
INFO  @ Fri, 22 Sep 2023 09:30:29: Thread 0: Calculating RNF146 (3001) ...  
INFO  @ Fri, 22 Sep 2023 09:30:33: Thread 0 completed. 
INFO  @ Fri, 22 Sep 2023 09:30:33: All threads completed. 
INFO  @ Fri, 22 Sep 2023 09:30:34: Assigning p values... 
INFO  @ Fri, 22 Sep 2023 09:30:34: Permuting groups of gene with 7 sgRNAs per gene. Group progress: 7/41 
INFO  @ Fri, 22 Sep 2023 09:30:34: Start permuting 2 rounds ... 
INFO  @ Fri, 22 Sep 2023 09:30:35: Collecting 26156 sgRNAs from 3516 genes. 
INFO  @ Fri, 22 Sep 2023 09:30:35: Permuting round 0 ... 
INFO  @ Fri, 22 Sep 2023 09:30:35: Thread 0 started. 
INFO  @ Fri, 22 Sep 2023 09:30:35: Thread 0: total 3516 instances. 
INFO  @ Fri, 22 Sep 2023 09:30:35: Thread 0: Calculating AATK (1) ...  
INFO  @ Fri, 22 Sep 2023 09:30:42: Thread 0: Calculating NFXL1 (1001) ...  
INFO  @ Fri, 22 Sep 2023 09:30:48: Thread 0: Calculating MLL1 (2001) ...  
INFO  @ Fri, 22 Sep 2023 09:30:55: Thread 0: Calculating RNF146 (3001) ...  
INFO  @ Fri, 22 Sep 2023 09:30:57: Thread 0 completed. 
INFO  @ Fri, 22 Sep 2023 09:30:57: All threads completed. 
INFO  @ Fri, 22 Sep 2023 09:30:59: Permuting round 1 ... 
INFO  @ Fri, 22 Sep 2023 09:30:59: Thread 0 started. 
INFO  @ Fri, 22 Sep 2023 09:30:59: Thread 0: total 3516 instances. 
INFO  @ Fri, 22 Sep 2023 09:30:59: Thread 0: Calculating AATK (1) ...  
INFO  @ Fri, 22 Sep 2023 09:31:05: Thread 0: Calculating NFXL1 (1001) ...  
INFO  @ Fri, 22 Sep 2023 09:31:11: Thread 0: Calculating MLL1 (2001) ...  
INFO  @ Fri, 22 Sep 2023 09:31:16: Thread 0: Calculating RNF146 (3001) ...  
INFO  @ Fri, 22 Sep 2023 09:31:19: Thread 0 completed. 
INFO  @ Fri, 22 Sep 2023 09:31:19: All threads completed. 
INFO  @ Fri, 22 Sep 2023 09:31:21: Assigning p values... 
INFO  @ Fri, 22 Sep 2023 09:31:21: Permuting groups of gene with 8 sgRNAs per gene. Group progress: 8/41 
INFO  @ Fri, 22 Sep 2023 09:31:21: Start permuting 2 rounds ... 
INFO  @ Fri, 22 Sep 2023 09:31:21: Collecting 26156 sgRNAs from 3516 genes. 
INFO  @ Fri, 22 Sep 2023 09:31:21: Permuting round 0 ... 
INFO  @ Fri, 22 Sep 2023 09:31:22: Thread 0 started. 
INFO  @ Fri, 22 Sep 2023 09:31:22: Thread 0: total 3516 instances. 
INFO  @ Fri, 22 Sep 2023 09:31:22: Thread 0: Calculating AATK (1) ...  
INFO  @ Fri, 22 Sep 2023 09:31:27: Thread 0: Calculating NFXL1 (1001) ...  
INFO  @ Fri, 22 Sep 2023 09:31:33: Thread 0: Calculating MLL1 (2001) ...  
INFO  @ Fri, 22 Sep 2023 09:31:39: Thread 0: Calculating RNF146 (3001) ...  
INFO  @ Fri, 22 Sep 2023 09:31:42: Thread 0 completed. 
INFO  @ Fri, 22 Sep 2023 09:31:42: All threads completed. 
INFO  @ Fri, 22 Sep 2023 09:31:43: Permuting round 1 ... 
INFO  @ Fri, 22 Sep 2023 09:31:43: Thread 0 started. 
INFO  @ Fri, 22 Sep 2023 09:31:43: Thread 0: total 3516 instances. 
INFO  @ Fri, 22 Sep 2023 09:31:43: Thread 0: Calculating AATK (1) ...  
INFO  @ Fri, 22 Sep 2023 09:31:49: Thread 0: Calculating NFXL1 (1001) ...  
INFO  @ Fri, 22 Sep 2023 09:31:55: Thread 0: Calculating MLL1 (2001) ...  
INFO  @ Fri, 22 Sep 2023 09:32:00: Thread 0: Calculating RNF146 (3001) ...  
INFO  @ Fri, 22 Sep 2023 09:32:04: Thread 0 completed. 
INFO  @ Fri, 22 Sep 2023 09:32:04: All threads completed. 
INFO  @ Fri, 22 Sep 2023 09:32:05: Assigning p values... 
INFO  @ Fri, 22 Sep 2023 09:32:05: Permuting groups of gene with 9 sgRNAs per gene. Group progress: 9/41 
INFO  @ Fri, 22 Sep 2023 09:32:05: Start permuting 2 rounds ... 
INFO  @ Fri, 22 Sep 2023 09:32:05: Collecting 26156 sgRNAs from 3516 genes. 
INFO  @ Fri, 22 Sep 2023 09:32:05: Permuting round 0 ... 
INFO  @ Fri, 22 Sep 2023 09:32:06: Thread 0 started. 
INFO  @ Fri, 22 Sep 2023 09:32:06: Thread 0: total 3516 instances. 
INFO  @ Fri, 22 Sep 2023 09:32:06: Thread 0: Calculating AATK (1) ...  
INFO  @ Fri, 22 Sep 2023 09:32:12: Thread 0: Calculating NFXL1 (1001) ...  
INFO  @ Fri, 22 Sep 2023 09:32:18: Thread 0: Calculating MLL1 (2001) ...  
INFO  @ Fri, 22 Sep 2023 09:32:23: Thread 0: Calculating RNF146 (3001) ...  
INFO  @ Fri, 22 Sep 2023 09:32:26: Thread 0 completed. 
INFO  @ Fri, 22 Sep 2023 09:32:26: All threads completed. 
INFO  @ Fri, 22 Sep 2023 09:32:28: Permuting round 1 ... 
INFO  @ Fri, 22 Sep 2023 09:32:28: Thread 0 started. 
INFO  @ Fri, 22 Sep 2023 09:32:28: Thread 0: total 3516 instances. 
INFO  @ Fri, 22 Sep 2023 09:32:28: Thread 0: Calculating AATK (1) ...  
INFO  @ Fri, 22 Sep 2023 09:32:34: Thread 0: Calculating NFXL1 (1001) ...  
INFO  @ Fri, 22 Sep 2023 09:32:40: Thread 0: Calculating MLL1 (2001) ...  
INFO  @ Fri, 22 Sep 2023 09:32:46: Thread 0: Calculating RNF146 (3001) ...  
INFO  @ Fri, 22 Sep 2023 09:32:49: Thread 0 completed. 
INFO  @ Fri, 22 Sep 2023 09:32:49: All threads completed. 
INFO  @ Fri, 22 Sep 2023 09:32:50: Assigning p values... 
INFO  @ Fri, 22 Sep 2023 09:32:50: Permuting groups of gene with 10 sgRNAs per gene. Group progress: 10/41 
INFO  @ Fri, 22 Sep 2023 09:32:50: Start permuting 2 rounds ... 
INFO  @ Fri, 22 Sep 2023 09:32:50: Collecting 26156 sgRNAs from 3516 genes. 
INFO  @ Fri, 22 Sep 2023 09:32:51: Permuting round 0 ... 
INFO  @ Fri, 22 Sep 2023 09:32:51: Thread 0 started. 
INFO  @ Fri, 22 Sep 2023 09:32:51: Thread 0: total 3516 instances. 
INFO  @ Fri, 22 Sep 2023 09:32:51: Thread 0: Calculating AATK (1) ...  
INFO  @ Fri, 22 Sep 2023 09:32:57: Thread 0: Calculating NFXL1 (1001) ...  
INFO  @ Fri, 22 Sep 2023 09:33:03: Thread 0: Calculating MLL1 (2001) ...  
INFO  @ Fri, 22 Sep 2023 09:33:09: Thread 0: Calculating RNF146 (3001) ...  
INFO  @ Fri, 22 Sep 2023 09:33:11: Thread 0 completed. 
INFO  @ Fri, 22 Sep 2023 09:33:11: All threads completed. 
INFO  @ Fri, 22 Sep 2023 09:33:13: Permuting round 1 ... 
INFO  @ Fri, 22 Sep 2023 09:33:13: Thread 0 started. 
INFO  @ Fri, 22 Sep 2023 09:33:13: Thread 0: total 3516 instances. 
INFO  @ Fri, 22 Sep 2023 09:33:13: Thread 0: Calculating AATK (1) ...  
INFO  @ Fri, 22 Sep 2023 09:33:19: Thread 0: Calculating NFXL1 (1001) ...  
INFO  @ Fri, 22 Sep 2023 09:33:25: Thread 0: Calculating MLL1 (2001) ...  
INFO  @ Fri, 22 Sep 2023 09:33:31: Thread 0: Calculating RNF146 (3001) ...  
INFO  @ Fri, 22 Sep 2023 09:33:34: Thread 0 completed. 
INFO  @ Fri, 22 Sep 2023 09:33:34: All threads completed. 
INFO  @ Fri, 22 Sep 2023 09:33:35: Assigning p values... 
INFO  @ Fri, 22 Sep 2023 09:33:35: Permuting groups of gene with 11 sgRNAs per gene. Group progress: 11/41 
INFO  @ Fri, 22 Sep 2023 09:33:35: Start permuting 2 rounds ... 
INFO  @ Fri, 22 Sep 2023 09:33:35: Collecting 26156 sgRNAs from 3516 genes. 
INFO  @ Fri, 22 Sep 2023 09:33:36: Permuting round 0 ... 
INFO  @ Fri, 22 Sep 2023 09:33:36: Thread 0 started. 
INFO  @ Fri, 22 Sep 2023 09:33:36: Thread 0: total 3516 instances. 
INFO  @ Fri, 22 Sep 2023 09:33:36: Thread 0: Calculating AATK (1) ...  
INFO  @ Fri, 22 Sep 2023 09:33:42: Thread 0: Calculating NFXL1 (1001) ...  
INFO  @ Fri, 22 Sep 2023 09:33:48: Thread 0: Calculating MLL1 (2001) ...  
INFO  @ Fri, 22 Sep 2023 09:33:54: Thread 0: Calculating RNF146 (3001) ...  
INFO  @ Fri, 22 Sep 2023 09:33:57: Thread 0 completed. 
INFO  @ Fri, 22 Sep 2023 09:33:57: All threads completed. 
INFO  @ Fri, 22 Sep 2023 09:33:58: Permuting round 1 ... 
INFO  @ Fri, 22 Sep 2023 09:33:59: Thread 0 started. 
INFO  @ Fri, 22 Sep 2023 09:33:59: Thread 0: total 3516 instances. 
INFO  @ Fri, 22 Sep 2023 09:33:59: Thread 0: Calculating AATK (1) ...  
INFO  @ Fri, 22 Sep 2023 09:34:05: Thread 0: Calculating NFXL1 (1001) ...  
INFO  @ Fri, 22 Sep 2023 09:34:11: Thread 0: Calculating MLL1 (2001) ...  
INFO  @ Fri, 22 Sep 2023 09:34:17: Thread 0: Calculating RNF146 (3001) ...  
INFO  @ Fri, 22 Sep 2023 09:34:20: Thread 0 completed. 
INFO  @ Fri, 22 Sep 2023 09:34:20: All threads completed. 
INFO  @ Fri, 22 Sep 2023 09:34:21: Assigning p values... 
INFO  @ Fri, 22 Sep 2023 09:34:21: Permuting groups of gene with 12 sgRNAs per gene. Group progress: 12/41 
INFO  @ Fri, 22 Sep 2023 09:34:21: Start permuting 2 rounds ... 
INFO  @ Fri, 22 Sep 2023 09:34:21: Collecting 26156 sgRNAs from 3516 genes. 
INFO  @ Fri, 22 Sep 2023 09:34:22: Permuting round 0 ... 
INFO  @ Fri, 22 Sep 2023 09:34:22: Thread 0 started. 
INFO  @ Fri, 22 Sep 2023 09:34:22: Thread 0: total 3516 instances. 
INFO  @ Fri, 22 Sep 2023 09:34:22: Thread 0: Calculating AATK (1) ...  
INFO  @ Fri, 22 Sep 2023 09:34:28: Thread 0: Calculating NFXL1 (1001) ...  
INFO  @ Fri, 22 Sep 2023 09:34:34: Thread 0: Calculating MLL1 (2001) ...  
INFO  @ Fri, 22 Sep 2023 09:34:40: Thread 0: Calculating RNF146 (3001) ...  
INFO  @ Fri, 22 Sep 2023 09:34:43: Thread 0 completed. 
INFO  @ Fri, 22 Sep 2023 09:34:43: All threads completed. 
INFO  @ Fri, 22 Sep 2023 09:34:45: Permuting round 1 ... 
INFO  @ Fri, 22 Sep 2023 09:34:45: Thread 0 started. 
INFO  @ Fri, 22 Sep 2023 09:34:45: Thread 0: total 3516 instances. 
INFO  @ Fri, 22 Sep 2023 09:34:45: Thread 0: Calculating AATK (1) ...  
INFO  @ Fri, 22 Sep 2023 09:34:51: Thread 0: Calculating NFXL1 (1001) ...  
INFO  @ Fri, 22 Sep 2023 09:34:57: Thread 0: Calculating MLL1 (2001) ...  
INFO  @ Fri, 22 Sep 2023 09:35:03: Thread 0: Calculating RNF146 (3001) ...  
INFO  @ Fri, 22 Sep 2023 09:35:07: Thread 0 completed. 
INFO  @ Fri, 22 Sep 2023 09:35:07: All threads completed. 
INFO  @ Fri, 22 Sep 2023 09:35:08: Assigning p values... 
INFO  @ Fri, 22 Sep 2023 09:35:08: Permuting groups of gene with 13 sgRNAs per gene. Group progress: 13/41 
INFO  @ Fri, 22 Sep 2023 09:35:08: Start permuting 2 rounds ... 
INFO  @ Fri, 22 Sep 2023 09:35:08: Collecting 26156 sgRNAs from 3516 genes. 
INFO  @ Fri, 22 Sep 2023 09:35:09: Permuting round 0 ... 
INFO  @ Fri, 22 Sep 2023 09:35:09: Thread 0 started. 
INFO  @ Fri, 22 Sep 2023 09:35:09: Thread 0: total 3516 instances. 
INFO  @ Fri, 22 Sep 2023 09:35:09: Thread 0: Calculating AATK (1) ...  
INFO  @ Fri, 22 Sep 2023 09:35:15: Thread 0: Calculating NFXL1 (1001) ...  
INFO  @ Fri, 22 Sep 2023 09:35:21: Thread 0: Calculating MLL1 (2001) ...  
INFO  @ Fri, 22 Sep 2023 09:35:28: Thread 0: Calculating RNF146 (3001) ...  
INFO  @ Fri, 22 Sep 2023 09:35:31: Thread 0 completed. 
INFO  @ Fri, 22 Sep 2023 09:35:31: All threads completed. 
INFO  @ Fri, 22 Sep 2023 09:35:33: Permuting round 1 ... 
INFO  @ Fri, 22 Sep 2023 09:35:33: Thread 0 started. 
INFO  @ Fri, 22 Sep 2023 09:35:33: Thread 0: total 3516 instances. 
INFO  @ Fri, 22 Sep 2023 09:35:33: Thread 0: Calculating AATK (1) ...  
INFO  @ Fri, 22 Sep 2023 09:35:39: Thread 0: Calculating NFXL1 (1001) ...  
INFO  @ Fri, 22 Sep 2023 09:35:45: Thread 0: Calculating MLL1 (2001) ...  
INFO  @ Fri, 22 Sep 2023 09:35:52: Thread 0: Calculating RNF146 (3001) ...  
INFO  @ Fri, 22 Sep 2023 09:35:55: Thread 0 completed. 
INFO  @ Fri, 22 Sep 2023 09:35:55: All threads completed. 
INFO  @ Fri, 22 Sep 2023 09:35:56: Assigning p values... 
INFO  @ Fri, 22 Sep 2023 09:35:56: Permuting groups of gene with 14 sgRNAs per gene. Group progress: 14/41 
INFO  @ Fri, 22 Sep 2023 09:35:56: Start permuting 2 rounds ... 
INFO  @ Fri, 22 Sep 2023 09:35:57: Collecting 26156 sgRNAs from 3516 genes. 
INFO  @ Fri, 22 Sep 2023 09:35:57: Permuting round 0 ... 
INFO  @ Fri, 22 Sep 2023 09:35:57: Thread 0 started. 
INFO  @ Fri, 22 Sep 2023 09:35:57: Thread 0: total 3516 instances. 
INFO  @ Fri, 22 Sep 2023 09:35:57: Thread 0: Calculating AATK (1) ...  
INFO  @ Fri, 22 Sep 2023 09:36:03: Thread 0: Calculating NFXL1 (1001) ...  
INFO  @ Fri, 22 Sep 2023 09:36:09: Thread 0: Calculating MLL1 (2001) ...  
INFO  @ Fri, 22 Sep 2023 09:36:16: Thread 0: Calculating RNF146 (3001) ...  
INFO  @ Fri, 22 Sep 2023 09:36:19: Thread 0 completed. 
INFO  @ Fri, 22 Sep 2023 09:36:19: All threads completed. 
INFO  @ Fri, 22 Sep 2023 09:36:20: Permuting round 1 ... 
INFO  @ Fri, 22 Sep 2023 09:36:21: Thread 0 started. 
INFO  @ Fri, 22 Sep 2023 09:36:21: Thread 0: total 3516 instances. 
INFO  @ Fri, 22 Sep 2023 09:36:21: Thread 0: Calculating AATK (1) ...  
INFO  @ Fri, 22 Sep 2023 09:36:27: Thread 0: Calculating NFXL1 (1001) ...  
INFO  @ Fri, 22 Sep 2023 09:36:35: Thread 0: Calculating MLL1 (2001) ...  
INFO  @ Fri, 22 Sep 2023 09:36:41: Thread 0: Calculating RNF146 (3001) ...  
INFO  @ Fri, 22 Sep 2023 09:36:44: Thread 0 completed. 
INFO  @ Fri, 22 Sep 2023 09:36:44: All threads completed. 
INFO  @ Fri, 22 Sep 2023 09:36:46: Assigning p values... 
INFO  @ Fri, 22 Sep 2023 09:36:46: Permuting groups of gene with 15 sgRNAs per gene. Group progress: 15/41 
INFO  @ Fri, 22 Sep 2023 09:36:46: Start permuting 2 rounds ... 
INFO  @ Fri, 22 Sep 2023 09:36:46: Collecting 26156 sgRNAs from 3516 genes. 
INFO  @ Fri, 22 Sep 2023 09:36:46: Permuting round 0 ... 
INFO  @ Fri, 22 Sep 2023 09:36:46: Thread 0 started. 
INFO  @ Fri, 22 Sep 2023 09:36:46: Thread 0: total 3516 instances. 
INFO  @ Fri, 22 Sep 2023 09:36:46: Thread 0: Calculating AATK (1) ...  
INFO  @ Fri, 22 Sep 2023 09:36:53: Thread 0: Calculating NFXL1 (1001) ...  
INFO  @ Fri, 22 Sep 2023 09:36:59: Thread 0: Calculating MLL1 (2001) ...  
INFO  @ Fri, 22 Sep 2023 09:37:05: Thread 0: Calculating RNF146 (3001) ...  
INFO  @ Fri, 22 Sep 2023 09:37:08: Thread 0 completed. 
INFO  @ Fri, 22 Sep 2023 09:37:08: All threads completed. 
INFO  @ Fri, 22 Sep 2023 09:37:10: Permuting round 1 ... 
INFO  @ Fri, 22 Sep 2023 09:37:10: Thread 0 started. 
INFO  @ Fri, 22 Sep 2023 09:37:10: Thread 0: total 3516 instances. 
INFO  @ Fri, 22 Sep 2023 09:37:10: Thread 0: Calculating AATK (1) ...  
INFO  @ Fri, 22 Sep 2023 09:37:16: Thread 0: Calculating NFXL1 (1001) ...  
INFO  @ Fri, 22 Sep 2023 09:37:23: Thread 0: Calculating MLL1 (2001) ...  
INFO  @ Fri, 22 Sep 2023 09:37:29: Thread 0: Calculating RNF146 (3001) ...  
INFO  @ Fri, 22 Sep 2023 09:37:32: Thread 0 completed. 
INFO  @ Fri, 22 Sep 2023 09:37:32: All threads completed. 
INFO  @ Fri, 22 Sep 2023 09:37:34: Assigning p values... 
INFO  @ Fri, 22 Sep 2023 09:37:34: Permuting groups of gene with 16 sgRNAs per gene. Group progress: 16/41 
INFO  @ Fri, 22 Sep 2023 09:37:34: Start permuting 2 rounds ... 
INFO  @ Fri, 22 Sep 2023 09:37:34: Collecting 26156 sgRNAs from 3516 genes. 
INFO  @ Fri, 22 Sep 2023 09:37:34: Permuting round 0 ... 
INFO  @ Fri, 22 Sep 2023 09:37:34: Thread 0 started. 
INFO  @ Fri, 22 Sep 2023 09:37:34: Thread 0: total 3516 instances. 
INFO  @ Fri, 22 Sep 2023 09:37:34: Thread 0: Calculating AATK (1) ...  
INFO  @ Fri, 22 Sep 2023 09:37:41: Thread 0: Calculating NFXL1 (1001) ...  
INFO  @ Fri, 22 Sep 2023 09:37:47: Thread 0: Calculating MLL1 (2001) ...  
INFO  @ Fri, 22 Sep 2023 09:37:53: Thread 0: Calculating RNF146 (3001) ...  
INFO  @ Fri, 22 Sep 2023 09:37:56: Thread 0 completed. 
INFO  @ Fri, 22 Sep 2023 09:37:56: All threads completed. 
INFO  @ Fri, 22 Sep 2023 09:37:57: Permuting round 1 ... 
INFO  @ Fri, 22 Sep 2023 09:37:57: Thread 0 started. 
INFO  @ Fri, 22 Sep 2023 09:37:57: Thread 0: total 3516 instances. 
INFO  @ Fri, 22 Sep 2023 09:37:57: Thread 0: Calculating AATK (1) ...  
INFO  @ Fri, 22 Sep 2023 09:38:03: Thread 0: Calculating NFXL1 (1001) ...  
INFO  @ Fri, 22 Sep 2023 09:38:09: Thread 0: Calculating MLL1 (2001) ...  
INFO  @ Fri, 22 Sep 2023 09:38:15: Thread 0: Calculating RNF146 (3001) ...  
INFO  @ Fri, 22 Sep 2023 09:38:18: Thread 0 completed. 
INFO  @ Fri, 22 Sep 2023 09:38:18: All threads completed. 
INFO  @ Fri, 22 Sep 2023 09:38:19: Assigning p values... 
INFO  @ Fri, 22 Sep 2023 09:38:19: Permuting groups of gene with 17 sgRNAs per gene. Group progress: 17/41 
INFO  @ Fri, 22 Sep 2023 09:38:19: Start permuting 2 rounds ... 
INFO  @ Fri, 22 Sep 2023 09:38:19: Collecting 26156 sgRNAs from 3516 genes. 
INFO  @ Fri, 22 Sep 2023 09:38:20: Permuting round 0 ... 
INFO  @ Fri, 22 Sep 2023 09:38:20: Thread 0 started. 
INFO  @ Fri, 22 Sep 2023 09:38:20: Thread 0: total 3516 instances. 
INFO  @ Fri, 22 Sep 2023 09:38:20: Thread 0: Calculating AATK (1) ...  
INFO  @ Fri, 22 Sep 2023 09:38:26: Thread 0: Calculating NFXL1 (1001) ...  
INFO  @ Fri, 22 Sep 2023 09:38:32: Thread 0: Calculating MLL1 (2001) ...  
INFO  @ Fri, 22 Sep 2023 09:38:38: Thread 0: Calculating RNF146 (3001) ...  
INFO  @ Fri, 22 Sep 2023 09:38:41: Thread 0 completed. 
INFO  @ Fri, 22 Sep 2023 09:38:41: All threads completed. 
INFO  @ Fri, 22 Sep 2023 09:38:42: Permuting round 1 ... 
INFO  @ Fri, 22 Sep 2023 09:38:42: Thread 0 started. 
INFO  @ Fri, 22 Sep 2023 09:38:42: Thread 0: total 3516 instances. 
INFO  @ Fri, 22 Sep 2023 09:38:42: Thread 0: Calculating AATK (1) ...  
INFO  @ Fri, 22 Sep 2023 09:38:48: Thread 0: Calculating NFXL1 (1001) ...  
INFO  @ Fri, 22 Sep 2023 09:38:54: Thread 0: Calculating MLL1 (2001) ...  
INFO  @ Fri, 22 Sep 2023 09:39:00: Thread 0: Calculating RNF146 (3001) ...  
INFO  @ Fri, 22 Sep 2023 09:39:03: Thread 0 completed. 
INFO  @ Fri, 22 Sep 2023 09:39:03: All threads completed. 
INFO  @ Fri, 22 Sep 2023 09:39:04: Assigning p values... 
INFO  @ Fri, 22 Sep 2023 09:39:04: Permuting groups of gene with 18 sgRNAs per gene. Group progress: 18/41 
INFO  @ Fri, 22 Sep 2023 09:39:04: Start permuting 2 rounds ... 
INFO  @ Fri, 22 Sep 2023 09:39:04: Collecting 26156 sgRNAs from 3516 genes. 
INFO  @ Fri, 22 Sep 2023 09:39:05: Permuting round 0 ... 
INFO  @ Fri, 22 Sep 2023 09:39:05: Thread 0 started. 
INFO  @ Fri, 22 Sep 2023 09:39:05: Thread 0: total 3516 instances. 
INFO  @ Fri, 22 Sep 2023 09:39:05: Thread 0: Calculating AATK (1) ...  
INFO  @ Fri, 22 Sep 2023 09:39:11: Thread 0: Calculating NFXL1 (1001) ...  
INFO  @ Fri, 22 Sep 2023 09:39:17: Thread 0: Calculating MLL1 (2001) ...  
INFO  @ Fri, 22 Sep 2023 09:39:23: Thread 0: Calculating RNF146 (3001) ...  
INFO  @ Fri, 22 Sep 2023 09:39:26: Thread 0 completed. 
INFO  @ Fri, 22 Sep 2023 09:39:26: All threads completed. 
INFO  @ Fri, 22 Sep 2023 09:39:27: Permuting round 1 ... 
INFO  @ Fri, 22 Sep 2023 09:39:27: Thread 0 started. 
INFO  @ Fri, 22 Sep 2023 09:39:27: Thread 0: total 3516 instances. 
INFO  @ Fri, 22 Sep 2023 09:39:27: Thread 0: Calculating AATK (1) ...  
INFO  @ Fri, 22 Sep 2023 09:39:33: Thread 0: Calculating NFXL1 (1001) ...  
INFO  @ Fri, 22 Sep 2023 09:39:39: Thread 0: Calculating MLL1 (2001) ...  
INFO  @ Fri, 22 Sep 2023 09:39:45: Thread 0: Calculating RNF146 (3001) ...  
INFO  @ Fri, 22 Sep 2023 09:39:48: Thread 0 completed. 
INFO  @ Fri, 22 Sep 2023 09:39:48: All threads completed. 
INFO  @ Fri, 22 Sep 2023 09:39:50: Assigning p values... 
INFO  @ Fri, 22 Sep 2023 09:39:50: Permuting groups of gene with 19 sgRNAs per gene. Group progress: 19/41 
INFO  @ Fri, 22 Sep 2023 09:39:50: Start permuting 2 rounds ... 
INFO  @ Fri, 22 Sep 2023 09:39:50: Collecting 26156 sgRNAs from 3516 genes. 
INFO  @ Fri, 22 Sep 2023 09:39:50: Permuting round 0 ... 
INFO  @ Fri, 22 Sep 2023 09:39:50: Thread 0 started. 
INFO  @ Fri, 22 Sep 2023 09:39:50: Thread 0: total 3516 instances. 
INFO  @ Fri, 22 Sep 2023 09:39:50: Thread 0: Calculating AATK (1) ...  
INFO  @ Fri, 22 Sep 2023 09:39:57: Thread 0: Calculating NFXL1 (1001) ...  
INFO  @ Fri, 22 Sep 2023 09:40:03: Thread 0: Calculating MLL1 (2001) ...  
INFO  @ Fri, 22 Sep 2023 09:40:09: Thread 0: Calculating RNF146 (3001) ...  
INFO  @ Fri, 22 Sep 2023 09:40:13: Thread 0 completed. 
INFO  @ Fri, 22 Sep 2023 09:40:13: All threads completed. 
INFO  @ Fri, 22 Sep 2023 09:40:14: Permuting round 1 ... 
INFO  @ Fri, 22 Sep 2023 09:40:14: Thread 0 started. 
INFO  @ Fri, 22 Sep 2023 09:40:14: Thread 0: total 3516 instances. 
INFO  @ Fri, 22 Sep 2023 09:40:14: Thread 0: Calculating AATK (1) ...  
INFO  @ Fri, 22 Sep 2023 09:40:21: Thread 0: Calculating NFXL1 (1001) ...  
INFO  @ Fri, 22 Sep 2023 09:40:27: Thread 0: Calculating MLL1 (2001) ...  
INFO  @ Fri, 22 Sep 2023 09:40:34: Thread 0: Calculating RNF146 (3001) ...  
INFO  @ Fri, 22 Sep 2023 09:40:37: Thread 0 completed. 
INFO  @ Fri, 22 Sep 2023 09:40:37: All threads completed. 
INFO  @ Fri, 22 Sep 2023 09:40:38: Assigning p values... 
INFO  @ Fri, 22 Sep 2023 09:40:38: Permuting groups of gene with 20 sgRNAs per gene. Group progress: 20/41 
INFO  @ Fri, 22 Sep 2023 09:40:38: Start permuting 2 rounds ... 
INFO  @ Fri, 22 Sep 2023 09:40:38: Collecting 26156 sgRNAs from 3516 genes. 
INFO  @ Fri, 22 Sep 2023 09:40:39: Permuting round 0 ... 
INFO  @ Fri, 22 Sep 2023 09:40:39: Thread 0 started. 
INFO  @ Fri, 22 Sep 2023 09:40:39: Thread 0: total 3516 instances. 
INFO  @ Fri, 22 Sep 2023 09:40:39: Thread 0: Calculating AATK (1) ...  
INFO  @ Fri, 22 Sep 2023 09:40:44: Thread 0: Calculating NFXL1 (1001) ...  
INFO  @ Fri, 22 Sep 2023 09:40:50: Thread 0: Calculating MLL1 (2001) ...  
INFO  @ Fri, 22 Sep 2023 09:40:56: Thread 0: Calculating RNF146 (3001) ...  
INFO  @ Fri, 22 Sep 2023 09:40:59: Thread 0 completed. 
INFO  @ Fri, 22 Sep 2023 09:40:59: All threads completed. 
INFO  @ Fri, 22 Sep 2023 09:41:00: Permuting round 1 ... 
INFO  @ Fri, 22 Sep 2023 09:41:00: Thread 0 started. 
INFO  @ Fri, 22 Sep 2023 09:41:00: Thread 0: total 3516 instances. 
INFO  @ Fri, 22 Sep 2023 09:41:00: Thread 0: Calculating AATK (1) ...  
INFO  @ Fri, 22 Sep 2023 09:41:06: Thread 0: Calculating NFXL1 (1001) ...  
INFO  @ Fri, 22 Sep 2023 09:41:11: Thread 0: Calculating MLL1 (2001) ...  
INFO  @ Fri, 22 Sep 2023 09:41:17: Thread 0: Calculating RNF146 (3001) ...  
INFO  @ Fri, 22 Sep 2023 09:41:20: Thread 0 completed. 
INFO  @ Fri, 22 Sep 2023 09:41:20: All threads completed. 
INFO  @ Fri, 22 Sep 2023 09:41:21: Assigning p values... 
INFO  @ Fri, 22 Sep 2023 09:41:21: Permuting groups of gene with 21 sgRNAs per gene. Group progress: 21/41 
INFO  @ Fri, 22 Sep 2023 09:41:21: Start permuting 2 rounds ... 
INFO  @ Fri, 22 Sep 2023 09:41:21: Collecting 26156 sgRNAs from 3516 genes. 
INFO  @ Fri, 22 Sep 2023 09:41:22: Permuting round 0 ... 
INFO  @ Fri, 22 Sep 2023 09:41:22: Thread 0 started. 
INFO  @ Fri, 22 Sep 2023 09:41:22: Thread 0: total 3516 instances. 
INFO  @ Fri, 22 Sep 2023 09:41:22: Thread 0: Calculating AATK (1) ...  
INFO  @ Fri, 22 Sep 2023 09:41:28: Thread 0: Calculating NFXL1 (1001) ...  
INFO  @ Fri, 22 Sep 2023 09:41:33: Thread 0: Calculating MLL1 (2001) ...  
INFO  @ Fri, 22 Sep 2023 09:41:39: Thread 0: Calculating RNF146 (3001) ...  
INFO  @ Fri, 22 Sep 2023 09:41:42: Thread 0 completed. 
INFO  @ Fri, 22 Sep 2023 09:41:42: All threads completed. 
INFO  @ Fri, 22 Sep 2023 09:41:43: Permuting round 1 ... 
INFO  @ Fri, 22 Sep 2023 09:41:43: Thread 0 started. 
INFO  @ Fri, 22 Sep 2023 09:41:43: Thread 0: total 3516 instances. 
INFO  @ Fri, 22 Sep 2023 09:41:43: Thread 0: Calculating AATK (1) ...  
INFO  @ Fri, 22 Sep 2023 09:41:49: Thread 0: Calculating NFXL1 (1001) ...  
INFO  @ Fri, 22 Sep 2023 09:41:55: Thread 0: Calculating MLL1 (2001) ...  
INFO  @ Fri, 22 Sep 2023 09:42:01: Thread 0: Calculating RNF146 (3001) ...  
INFO  @ Fri, 22 Sep 2023 09:42:04: Thread 0 completed. 
INFO  @ Fri, 22 Sep 2023 09:42:04: All threads completed. 
INFO  @ Fri, 22 Sep 2023 09:42:05: Assigning p values... 
INFO  @ Fri, 22 Sep 2023 09:42:05: Permuting groups of gene with 22 sgRNAs per gene. Group progress: 22/41 
INFO  @ Fri, 22 Sep 2023 09:42:05: Start permuting 2 rounds ... 
INFO  @ Fri, 22 Sep 2023 09:42:06: Collecting 26156 sgRNAs from 3516 genes. 
INFO  @ Fri, 22 Sep 2023 09:42:06: Permuting round 0 ... 
INFO  @ Fri, 22 Sep 2023 09:42:06: Thread 0 started. 
INFO  @ Fri, 22 Sep 2023 09:42:06: Thread 0: total 3516 instances. 
INFO  @ Fri, 22 Sep 2023 09:42:06: Thread 0: Calculating AATK (1) ...  
INFO  @ Fri, 22 Sep 2023 09:42:12: Thread 0: Calculating NFXL1 (1001) ...  
INFO  @ Fri, 22 Sep 2023 09:42:18: Thread 0: Calculating MLL1 (2001) ...  
INFO  @ Fri, 22 Sep 2023 09:42:23: Thread 0: Calculating RNF146 (3001) ...  
INFO  @ Fri, 22 Sep 2023 09:42:26: Thread 0 completed. 
INFO  @ Fri, 22 Sep 2023 09:42:26: All threads completed. 
INFO  @ Fri, 22 Sep 2023 09:42:27: Permuting round 1 ... 
INFO  @ Fri, 22 Sep 2023 09:42:28: Thread 0 started. 
INFO  @ Fri, 22 Sep 2023 09:42:28: Thread 0: total 3516 instances. 
INFO  @ Fri, 22 Sep 2023 09:42:28: Thread 0: Calculating AATK (1) ...  
INFO  @ Fri, 22 Sep 2023 09:42:34: Thread 0: Calculating NFXL1 (1001) ...  
INFO  @ Fri, 22 Sep 2023 09:42:40: Thread 0: Calculating MLL1 (2001) ...  
INFO  @ Fri, 22 Sep 2023 09:42:45: Thread 0: Calculating RNF146 (3001) ...  
INFO  @ Fri, 22 Sep 2023 09:42:48: Thread 0 completed. 
INFO  @ Fri, 22 Sep 2023 09:42:48: All threads completed. 
INFO  @ Fri, 22 Sep 2023 09:42:50: Assigning p values... 
INFO  @ Fri, 22 Sep 2023 09:42:50: Permuting groups of gene with 23 sgRNAs per gene. Group progress: 23/41 
INFO  @ Fri, 22 Sep 2023 09:42:50: Start permuting 2 rounds ... 
INFO  @ Fri, 22 Sep 2023 09:42:50: Collecting 26156 sgRNAs from 3516 genes. 
INFO  @ Fri, 22 Sep 2023 09:42:50: Permuting round 0 ... 
INFO  @ Fri, 22 Sep 2023 09:42:50: Thread 0 started. 
INFO  @ Fri, 22 Sep 2023 09:42:50: Thread 0: total 3516 instances. 
INFO  @ Fri, 22 Sep 2023 09:42:50: Thread 0: Calculating AATK (1) ...  
INFO  @ Fri, 22 Sep 2023 09:42:57: Thread 0: Calculating NFXL1 (1001) ...  
INFO  @ Fri, 22 Sep 2023 09:43:02: Thread 0: Calculating MLL1 (2001) ...  
INFO  @ Fri, 22 Sep 2023 09:43:08: Thread 0: Calculating RNF146 (3001) ...  
INFO  @ Fri, 22 Sep 2023 09:43:11: Thread 0 completed. 
INFO  @ Fri, 22 Sep 2023 09:43:11: All threads completed. 
INFO  @ Fri, 22 Sep 2023 09:43:12: Permuting round 1 ... 
INFO  @ Fri, 22 Sep 2023 09:43:12: Thread 0 started. 
INFO  @ Fri, 22 Sep 2023 09:43:12: Thread 0: total 3516 instances. 
INFO  @ Fri, 22 Sep 2023 09:43:13: Thread 0: Calculating AATK (1) ...  
INFO  @ Fri, 22 Sep 2023 09:43:19: Thread 0: Calculating NFXL1 (1001) ...  
INFO  @ Fri, 22 Sep 2023 09:43:25: Thread 0: Calculating MLL1 (2001) ...  
INFO  @ Fri, 22 Sep 2023 09:43:31: Thread 0: Calculating RNF146 (3001) ...  
INFO  @ Fri, 22 Sep 2023 09:43:34: Thread 0 completed. 
INFO  @ Fri, 22 Sep 2023 09:43:34: All threads completed. 
INFO  @ Fri, 22 Sep 2023 09:43:35: Assigning p values... 
INFO  @ Fri, 22 Sep 2023 09:43:35: Permuting groups of gene with 24 sgRNAs per gene. Group progress: 24/41 
INFO  @ Fri, 22 Sep 2023 09:43:35: Start permuting 2 rounds ... 
INFO  @ Fri, 22 Sep 2023 09:43:35: Collecting 26156 sgRNAs from 3516 genes. 
INFO  @ Fri, 22 Sep 2023 09:43:36: Permuting round 0 ... 
INFO  @ Fri, 22 Sep 2023 09:43:36: Thread 0 started. 
INFO  @ Fri, 22 Sep 2023 09:43:36: Thread 0: total 3516 instances. 
INFO  @ Fri, 22 Sep 2023 09:43:36: Thread 0: Calculating AATK (1) ...  
INFO  @ Fri, 22 Sep 2023 09:43:42: Thread 0: Calculating NFXL1 (1001) ...  
INFO  @ Fri, 22 Sep 2023 09:43:48: Thread 0: Calculating MLL1 (2001) ...  
INFO  @ Fri, 22 Sep 2023 09:43:54: Thread 0: Calculating RNF146 (3001) ...  
INFO  @ Fri, 22 Sep 2023 09:43:57: Thread 0 completed. 
INFO  @ Fri, 22 Sep 2023 09:43:57: All threads completed. 
INFO  @ Fri, 22 Sep 2023 09:43:58: Permuting round 1 ... 
INFO  @ Fri, 22 Sep 2023 09:43:58: Thread 0 started. 
INFO  @ Fri, 22 Sep 2023 09:43:58: Thread 0: total 3516 instances. 
INFO  @ Fri, 22 Sep 2023 09:43:58: Thread 0: Calculating AATK (1) ...  
INFO  @ Fri, 22 Sep 2023 09:44:04: Thread 0: Calculating NFXL1 (1001) ...  
INFO  @ Fri, 22 Sep 2023 09:44:10: Thread 0: Calculating MLL1 (2001) ...  
INFO  @ Fri, 22 Sep 2023 09:44:16: Thread 0: Calculating RNF146 (3001) ...  
INFO  @ Fri, 22 Sep 2023 09:44:19: Thread 0 completed. 
INFO  @ Fri, 22 Sep 2023 09:44:19: All threads completed. 
INFO  @ Fri, 22 Sep 2023 09:44:21: Assigning p values... 
INFO  @ Fri, 22 Sep 2023 09:44:21: Permuting groups of gene with 25 sgRNAs per gene. Group progress: 25/41 
INFO  @ Fri, 22 Sep 2023 09:44:21: Start permuting 2 rounds ... 
INFO  @ Fri, 22 Sep 2023 09:44:21: Collecting 26156 sgRNAs from 3516 genes. 
INFO  @ Fri, 22 Sep 2023 09:44:21: Permuting round 0 ... 
INFO  @ Fri, 22 Sep 2023 09:44:21: Thread 0 started. 
INFO  @ Fri, 22 Sep 2023 09:44:21: Thread 0: total 3516 instances. 
INFO  @ Fri, 22 Sep 2023 09:44:21: Thread 0: Calculating AATK (1) ...  
INFO  @ Fri, 22 Sep 2023 09:44:27: Thread 0: Calculating NFXL1 (1001) ...  
INFO  @ Fri, 22 Sep 2023 09:44:34: Thread 0: Calculating MLL1 (2001) ...  
INFO  @ Fri, 22 Sep 2023 09:44:40: Thread 0: Calculating RNF146 (3001) ...  
INFO  @ Fri, 22 Sep 2023 09:44:43: Thread 0 completed. 
INFO  @ Fri, 22 Sep 2023 09:44:43: All threads completed. 
INFO  @ Fri, 22 Sep 2023 09:44:44: Permuting round 1 ... 
INFO  @ Fri, 22 Sep 2023 09:44:44: Thread 0 started. 
INFO  @ Fri, 22 Sep 2023 09:44:44: Thread 0: total 3516 instances. 
INFO  @ Fri, 22 Sep 2023 09:44:44: Thread 0: Calculating AATK (1) ...  
INFO  @ Fri, 22 Sep 2023 09:44:51: Thread 0: Calculating NFXL1 (1001) ...  
INFO  @ Fri, 22 Sep 2023 09:44:57: Thread 0: Calculating MLL1 (2001) ...  
INFO  @ Fri, 22 Sep 2023 09:45:03: Thread 0: Calculating RNF146 (3001) ...  
INFO  @ Fri, 22 Sep 2023 09:45:06: Thread 0 completed. 
INFO  @ Fri, 22 Sep 2023 09:45:06: All threads completed. 
INFO  @ Fri, 22 Sep 2023 09:45:08: Assigning p values... 
INFO  @ Fri, 22 Sep 2023 09:45:08: Permuting groups of gene with 27 sgRNAs per gene. Group progress: 26/41 
INFO  @ Fri, 22 Sep 2023 09:45:08: Start permuting 2 rounds ... 
INFO  @ Fri, 22 Sep 2023 09:45:08: Collecting 26156 sgRNAs from 3516 genes. 
INFO  @ Fri, 22 Sep 2023 09:45:08: Permuting round 0 ... 
INFO  @ Fri, 22 Sep 2023 09:45:08: Thread 0 started. 
INFO  @ Fri, 22 Sep 2023 09:45:08: Thread 0: total 3516 instances. 
INFO  @ Fri, 22 Sep 2023 09:45:08: Thread 0: Calculating AATK (1) ...  
INFO  @ Fri, 22 Sep 2023 09:45:15: Thread 0: Calculating NFXL1 (1001) ...  
INFO  @ Fri, 22 Sep 2023 09:45:21: Thread 0: Calculating MLL1 (2001) ...  
INFO  @ Fri, 22 Sep 2023 09:45:27: Thread 0: Calculating RNF146 (3001) ...  
INFO  @ Fri, 22 Sep 2023 09:45:32: Thread 0 completed. 
INFO  @ Fri, 22 Sep 2023 09:45:32: All threads completed. 
INFO  @ Fri, 22 Sep 2023 09:45:33: Permuting round 1 ... 
INFO  @ Fri, 22 Sep 2023 09:45:34: Thread 0 started. 
INFO  @ Fri, 22 Sep 2023 09:45:34: Thread 0: total 3516 instances. 
INFO  @ Fri, 22 Sep 2023 09:45:34: Thread 0: Calculating AATK (1) ...  
INFO  @ Fri, 22 Sep 2023 09:45:45: Thread 0: Calculating NFXL1 (1001) ...  
INFO  @ Fri, 22 Sep 2023 09:46:00: Thread 0: Calculating MLL1 (2001) ...  
INFO  @ Fri, 22 Sep 2023 09:46:20: Thread 0: Calculating RNF146 (3001) ...  
INFO  @ Fri, 22 Sep 2023 09:46:30: Thread 0 completed. 
INFO  @ Fri, 22 Sep 2023 09:46:30: All threads completed. 
INFO  @ Fri, 22 Sep 2023 09:46:32: Assigning p values... 
INFO  @ Fri, 22 Sep 2023 09:46:32: Permuting groups of gene with 28 sgRNAs per gene. Group progress: 27/41 
INFO  @ Fri, 22 Sep 2023 09:46:32: Start permuting 2 rounds ... 
INFO  @ Fri, 22 Sep 2023 09:46:32: Collecting 26156 sgRNAs from 3516 genes. 
INFO  @ Fri, 22 Sep 2023 09:46:33: Permuting round 0 ... 
INFO  @ Fri, 22 Sep 2023 09:46:34: Thread 0 started. 
INFO  @ Fri, 22 Sep 2023 09:46:34: Thread 0: total 3516 instances. 
INFO  @ Fri, 22 Sep 2023 09:46:34: Thread 0: Calculating AATK (1) ...  
INFO  @ Fri, 22 Sep 2023 09:46:52: Thread 0: Calculating NFXL1 (1001) ...  
INFO  @ Fri, 22 Sep 2023 09:47:11: Thread 0: Calculating MLL1 (2001) ...  
INFO  @ Fri, 22 Sep 2023 09:47:29: Thread 0: Calculating RNF146 (3001) ...  
INFO  @ Fri, 22 Sep 2023 09:47:40: Thread 0 completed. 
INFO  @ Fri, 22 Sep 2023 09:47:40: All threads completed. 
INFO  @ Fri, 22 Sep 2023 09:47:42: Permuting round 1 ... 
INFO  @ Fri, 22 Sep 2023 09:47:42: Thread 0 started. 
INFO  @ Fri, 22 Sep 2023 09:47:42: Thread 0: total 3516 instances. 
INFO  @ Fri, 22 Sep 2023 09:47:42: Thread 0: Calculating AATK (1) ...  
INFO  @ Fri, 22 Sep 2023 09:48:00: Thread 0: Calculating NFXL1 (1001) ...  
INFO  @ Fri, 22 Sep 2023 09:48:23: Thread 0: Calculating MLL1 (2001) ...  
INFO  @ Fri, 22 Sep 2023 09:48:49: Thread 0: Calculating RNF146 (3001) ...  
INFO  @ Fri, 22 Sep 2023 09:49:05: Thread 0 completed. 
INFO  @ Fri, 22 Sep 2023 09:49:05: All threads completed. 
INFO  @ Fri, 22 Sep 2023 09:49:08: Assigning p values... 
INFO  @ Fri, 22 Sep 2023 09:49:08: Permuting groups of gene with 29 sgRNAs per gene. Group progress: 28/41 
INFO  @ Fri, 22 Sep 2023 09:49:08: Start permuting 2 rounds ... 
INFO  @ Fri, 22 Sep 2023 09:49:09: Collecting 26156 sgRNAs from 3516 genes. 
INFO  @ Fri, 22 Sep 2023 09:49:10: Permuting round 0 ... 
INFO  @ Fri, 22 Sep 2023 09:49:11: Thread 0 started. 
INFO  @ Fri, 22 Sep 2023 09:49:11: Thread 0: total 3516 instances. 
INFO  @ Fri, 22 Sep 2023 09:49:11: Thread 0: Calculating AATK (1) ...  
INFO  @ Fri, 22 Sep 2023 09:49:42: Thread 0: Calculating NFXL1 (1001) ...  
INFO  @ Fri, 22 Sep 2023 09:50:15: Thread 0: Calculating MLL1 (2001) ...  
INFO  @ Fri, 22 Sep 2023 09:50:51: Thread 0: Calculating RNF146 (3001) ...  
INFO  @ Fri, 22 Sep 2023 09:51:09: Thread 0 completed. 
INFO  @ Fri, 22 Sep 2023 09:51:09: All threads completed. 
INFO  @ Fri, 22 Sep 2023 09:51:12: Permuting round 1 ... 
INFO  @ Fri, 22 Sep 2023 09:51:13: Thread 0 started. 
INFO  @ Fri, 22 Sep 2023 09:51:13: Thread 0: total 3516 instances. 
INFO  @ Fri, 22 Sep 2023 09:51:13: Thread 0: Calculating AATK (1) ...  
INFO  @ Fri, 22 Sep 2023 09:51:47: Thread 0: Calculating NFXL1 (1001) ...  
INFO  @ Fri, 22 Sep 2023 09:52:19: Thread 0: Calculating MLL1 (2001) ...  
INFO  @ Fri, 22 Sep 2023 09:52:53: Thread 0: Calculating RNF146 (3001) ...  
INFO  @ Fri, 22 Sep 2023 09:53:14: Thread 0 completed. 
INFO  @ Fri, 22 Sep 2023 09:53:14: All threads completed. 
INFO  @ Fri, 22 Sep 2023 09:53:18: Assigning p values... 
INFO  @ Fri, 22 Sep 2023 09:53:18: Permuting groups of gene with 30 sgRNAs per gene. Group progress: 29/41 
INFO  @ Fri, 22 Sep 2023 09:53:19: Start permuting 2 rounds ... 
INFO  @ Fri, 22 Sep 2023 09:53:19: Collecting 26156 sgRNAs from 3516 genes. 
INFO  @ Fri, 22 Sep 2023 09:53:20: Permuting round 0 ... 
INFO  @ Fri, 22 Sep 2023 09:53:21: Thread 0 started. 
INFO  @ Fri, 22 Sep 2023 09:53:21: Thread 0: total 3516 instances. 
INFO  @ Fri, 22 Sep 2023 09:53:21: Thread 0: Calculating AATK (1) ...  
INFO  @ Fri, 22 Sep 2023 09:54:03: Thread 0: Calculating NFXL1 (1001) ...  
INFO  @ Fri, 22 Sep 2023 09:54:43: Thread 0: Calculating MLL1 (2001) ...  
INFO  @ Fri, 22 Sep 2023 09:55:24: Thread 0: Calculating RNF146 (3001) ...  
INFO  @ Fri, 22 Sep 2023 09:55:48: Thread 0 completed. 
INFO  @ Fri, 22 Sep 2023 09:55:48: All threads completed. 
INFO  @ Fri, 22 Sep 2023 09:55:52: Permuting round 1 ... 
INFO  @ Fri, 22 Sep 2023 09:55:54: Thread 0 started. 
INFO  @ Fri, 22 Sep 2023 09:55:54: Thread 0: total 3516 instances. 
INFO  @ Fri, 22 Sep 2023 09:55:54: Thread 0: Calculating AATK (1) ...  
INFO  @ Fri, 22 Sep 2023 09:56:33: Thread 0: Calculating NFXL1 (1001) ...  
INFO  @ Fri, 22 Sep 2023 09:57:08: Thread 0: Calculating MLL1 (2001) ...  
INFO  @ Fri, 22 Sep 2023 09:57:41: Thread 0: Calculating RNF146 (3001) ...  
INFO  @ Fri, 22 Sep 2023 09:58:00: Thread 0 completed. 
INFO  @ Fri, 22 Sep 2023 09:58:00: All threads completed. 
INFO  @ Fri, 22 Sep 2023 09:58:04: Assigning p values... 
INFO  @ Fri, 22 Sep 2023 09:58:04: Permuting groups of gene with 31 sgRNAs per gene. Group progress: 30/41 
INFO  @ Fri, 22 Sep 2023 09:58:04: Start permuting 2 rounds ... 
INFO  @ Fri, 22 Sep 2023 09:58:05: Collecting 26156 sgRNAs from 3516 genes. 
INFO  @ Fri, 22 Sep 2023 09:58:07: Permuting round 0 ... 
INFO  @ Fri, 22 Sep 2023 09:58:08: Thread 0 started. 
INFO  @ Fri, 22 Sep 2023 09:58:08: Thread 0: total 3516 instances. 
INFO  @ Fri, 22 Sep 2023 09:58:09: Thread 0: Calculating AATK (1) ...  
INFO  @ Fri, 22 Sep 2023 09:58:56: Thread 0: Calculating NFXL1 (1001) ...  
INFO  @ Fri, 22 Sep 2023 09:59:39: Thread 0: Calculating MLL1 (2001) ...  
INFO  @ Fri, 22 Sep 2023 10:00:24: Thread 0: Calculating RNF146 (3001) ...  
INFO  @ Fri, 22 Sep 2023 10:00:49: Thread 0 completed. 
INFO  @ Fri, 22 Sep 2023 10:00:49: All threads completed. 
INFO  @ Fri, 22 Sep 2023 10:00:52: Permuting round 1 ... 
INFO  @ Fri, 22 Sep 2023 10:00:53: Thread 0 started. 
INFO  @ Fri, 22 Sep 2023 10:00:54: Thread 0: total 3516 instances. 
INFO  @ Fri, 22 Sep 2023 10:00:54: Thread 0: Calculating AATK (1) ...  
INFO  @ Fri, 22 Sep 2023 10:01:47: Thread 0: Calculating NFXL1 (1001) ...  
INFO  @ Fri, 22 Sep 2023 10:02:30: Thread 0: Calculating MLL1 (2001) ...  
INFO  @ Fri, 22 Sep 2023 10:03:20: Thread 0: Calculating RNF146 (3001) ...  
INFO  @ Fri, 22 Sep 2023 10:03:48: Thread 0 completed. 
INFO  @ Fri, 22 Sep 2023 10:03:48: All threads completed. 
INFO  @ Fri, 22 Sep 2023 10:03:52: Assigning p values... 
INFO  @ Fri, 22 Sep 2023 10:03:52: Permuting groups of gene with 32 sgRNAs per gene. Group progress: 31/41 
INFO  @ Fri, 22 Sep 2023 10:03:52: Start permuting 2 rounds ... 
INFO  @ Fri, 22 Sep 2023 10:03:53: Collecting 26156 sgRNAs from 3516 genes. 
INFO  @ Fri, 22 Sep 2023 10:03:55: Permuting round 0 ... 
INFO  @ Fri, 22 Sep 2023 10:03:56: Thread 0 started. 
INFO  @ Fri, 22 Sep 2023 10:03:56: Thread 0: total 3516 instances. 
INFO  @ Fri, 22 Sep 2023 10:03:56: Thread 0: Calculating AATK (1) ...  
INFO  @ Fri, 22 Sep 2023 10:04:51: Thread 0: Calculating NFXL1 (1001) ...  
INFO  @ Fri, 22 Sep 2023 10:05:45: Thread 0: Calculating MLL1 (2001) ...  
INFO  @ Fri, 22 Sep 2023 10:06:36: Thread 0: Calculating RNF146 (3001) ...  
INFO  @ Fri, 22 Sep 2023 10:07:02: Thread 0 completed. 
INFO  @ Fri, 22 Sep 2023 10:07:02: All threads completed. 
INFO  @ Fri, 22 Sep 2023 10:07:06: Permuting round 1 ... 
INFO  @ Fri, 22 Sep 2023 10:07:07: Thread 0 started. 
INFO  @ Fri, 22 Sep 2023 10:07:07: Thread 0: total 3516 instances. 
INFO  @ Fri, 22 Sep 2023 10:07:08: Thread 0: Calculating AATK (1) ...  
INFO  @ Fri, 22 Sep 2023 10:08:10: Thread 0: Calculating NFXL1 (1001) ...  
INFO  @ Fri, 22 Sep 2023 10:08:57: Thread 0: Calculating MLL1 (2001) ...  
INFO  @ Fri, 22 Sep 2023 10:09:45: Thread 0: Calculating RNF146 (3001) ...  
INFO  @ Fri, 22 Sep 2023 10:10:09: Thread 0 completed. 
INFO  @ Fri, 22 Sep 2023 10:10:09: All threads completed. 
INFO  @ Fri, 22 Sep 2023 10:10:13: Assigning p values... 
INFO  @ Fri, 22 Sep 2023 10:10:13: Permuting groups of gene with 33 sgRNAs per gene. Group progress: 32/41 
INFO  @ Fri, 22 Sep 2023 10:10:13: Start permuting 2 rounds ... 
INFO  @ Fri, 22 Sep 2023 10:10:13: Collecting 26156 sgRNAs from 3516 genes. 
INFO  @ Fri, 22 Sep 2023 10:10:14: Permuting round 0 ... 
INFO  @ Fri, 22 Sep 2023 10:10:16: Thread 0 started. 
INFO  @ Fri, 22 Sep 2023 10:10:16: Thread 0: total 3516 instances. 
INFO  @ Fri, 22 Sep 2023 10:10:16: Thread 0: Calculating AATK (1) ...  
INFO  @ Fri, 22 Sep 2023 10:11:07: Thread 0: Calculating NFXL1 (1001) ...  
INFO  @ Fri, 22 Sep 2023 10:11:45: Thread 0: Calculating MLL1 (2001) ...  
INFO  @ Fri, 22 Sep 2023 10:12:21: Thread 0: Calculating RNF146 (3001) ...  
INFO  @ Fri, 22 Sep 2023 10:12:38: Thread 0 completed. 
INFO  @ Fri, 22 Sep 2023 10:12:38: All threads completed. 
INFO  @ Fri, 22 Sep 2023 10:12:40: Permuting round 1 ... 
INFO  @ Fri, 22 Sep 2023 10:12:41: Thread 0 started. 
INFO  @ Fri, 22 Sep 2023 10:12:41: Thread 0: total 3516 instances. 
INFO  @ Fri, 22 Sep 2023 10:12:41: Thread 0: Calculating AATK (1) ...  
INFO  @ Fri, 22 Sep 2023 10:13:17: Thread 0: Calculating NFXL1 (1001) ...  
INFO  @ Fri, 22 Sep 2023 10:13:43: Thread 0: Calculating MLL1 (2001) ...  
INFO  @ Fri, 22 Sep 2023 10:14:08: Thread 0: Calculating RNF146 (3001) ...  
INFO  @ Fri, 22 Sep 2023 10:14:21: Thread 0 completed. 
INFO  @ Fri, 22 Sep 2023 10:14:21: All threads completed. 
INFO  @ Fri, 22 Sep 2023 10:14:22: Assigning p values... 
INFO  @ Fri, 22 Sep 2023 10:14:22: Permuting groups of gene with 34 sgRNAs per gene. Group progress: 33/41 
INFO  @ Fri, 22 Sep 2023 10:14:22: Start permuting 2 rounds ... 
INFO  @ Fri, 22 Sep 2023 10:14:22: Collecting 26156 sgRNAs from 3516 genes. 
INFO  @ Fri, 22 Sep 2023 10:14:23: Permuting round 0 ... 
INFO  @ Fri, 22 Sep 2023 10:14:23: Thread 0 started. 
INFO  @ Fri, 22 Sep 2023 10:14:23: Thread 0: total 3516 instances. 
INFO  @ Fri, 22 Sep 2023 10:14:23: Thread 0: Calculating AATK (1) ...  
INFO  @ Fri, 22 Sep 2023 10:14:43: Thread 0: Calculating NFXL1 (1001) ...  
INFO  @ Fri, 22 Sep 2023 10:15:02: Thread 0: Calculating MLL1 (2001) ...  
INFO  @ Fri, 22 Sep 2023 10:15:20: Thread 0: Calculating RNF146 (3001) ...  
INFO  @ Fri, 22 Sep 2023 10:15:29: Thread 0 completed. 
INFO  @ Fri, 22 Sep 2023 10:15:29: All threads completed. 
INFO  @ Fri, 22 Sep 2023 10:15:30: Permuting round 1 ... 
INFO  @ Fri, 22 Sep 2023 10:15:31: Thread 0 started. 
INFO  @ Fri, 22 Sep 2023 10:15:31: Thread 0: total 3516 instances. 
INFO  @ Fri, 22 Sep 2023 10:15:31: Thread 0: Calculating AATK (1) ...  
INFO  @ Fri, 22 Sep 2023 10:15:48: Thread 0: Calculating NFXL1 (1001) ...  
INFO  @ Fri, 22 Sep 2023 10:16:05: Thread 0: Calculating MLL1 (2001) ...  
INFO  @ Fri, 22 Sep 2023 10:16:20: Thread 0: Calculating RNF146 (3001) ...  
INFO  @ Fri, 22 Sep 2023 10:16:29: Thread 0 completed. 
INFO  @ Fri, 22 Sep 2023 10:16:29: All threads completed. 
INFO  @ Fri, 22 Sep 2023 10:16:30: Assigning p values... 
INFO  @ Fri, 22 Sep 2023 10:16:30: Permuting groups of gene with 37 sgRNAs per gene. Group progress: 34/41 
INFO  @ Fri, 22 Sep 2023 10:16:30: Start permuting 2 rounds ... 
INFO  @ Fri, 22 Sep 2023 10:16:30: Collecting 26156 sgRNAs from 3516 genes. 
INFO  @ Fri, 22 Sep 2023 10:16:31: Permuting round 0 ... 
INFO  @ Fri, 22 Sep 2023 10:16:31: Thread 0 started. 
INFO  @ Fri, 22 Sep 2023 10:16:31: Thread 0: total 3516 instances. 
INFO  @ Fri, 22 Sep 2023 10:16:31: Thread 0: Calculating AATK (1) ...  
INFO  @ Fri, 22 Sep 2023 10:16:52: Thread 0: Calculating NFXL1 (1001) ...  
INFO  @ Fri, 22 Sep 2023 10:17:12: Thread 0: Calculating MLL1 (2001) ...  
INFO  @ Fri, 22 Sep 2023 10:17:30: Thread 0: Calculating RNF146 (3001) ...  
INFO  @ Fri, 22 Sep 2023 10:17:39: Thread 0 completed. 
INFO  @ Fri, 22 Sep 2023 10:17:39: All threads completed. 
INFO  @ Fri, 22 Sep 2023 10:17:41: Permuting round 1 ... 
INFO  @ Fri, 22 Sep 2023 10:17:41: Thread 0 started. 
INFO  @ Fri, 22 Sep 2023 10:17:41: Thread 0: total 3516 instances. 
INFO  @ Fri, 22 Sep 2023 10:17:41: Thread 0: Calculating AATK (1) ...  
INFO  @ Fri, 22 Sep 2023 10:18:01: Thread 0: Calculating NFXL1 (1001) ...  
INFO  @ Fri, 22 Sep 2023 10:18:21: Thread 0: Calculating MLL1 (2001) ...  
INFO  @ Fri, 22 Sep 2023 10:18:39: Thread 0: Calculating RNF146 (3001) ...  
INFO  @ Fri, 22 Sep 2023 10:18:49: Thread 0 completed. 
INFO  @ Fri, 22 Sep 2023 10:18:49: All threads completed. 
INFO  @ Fri, 22 Sep 2023 10:18:50: Assigning p values... 
INFO  @ Fri, 22 Sep 2023 10:18:50: Groups of gene with 42 sgRNAs per gene: assigning p values based on previous group results. Group progress: 35/41 
INFO  @ Fri, 22 Sep 2023 10:18:50: Groups of gene with 46 sgRNAs per gene: assigning p values based on previous group results. Group progress: 36/41 
INFO  @ Fri, 22 Sep 2023 10:18:50: Groups of gene with 47 sgRNAs per gene: assigning p values based on previous group results. Group progress: 37/41 
INFO  @ Fri, 22 Sep 2023 10:18:50: Groups of gene with 48 sgRNAs per gene: assigning p values based on previous group results. Group progress: 38/41 
INFO  @ Fri, 22 Sep 2023 10:18:50: Groups of gene with 49 sgRNAs per gene: assigning p values based on previous group results. Group progress: 39/41 
INFO  @ Fri, 22 Sep 2023 10:18:50: Groups of gene with 56 sgRNAs per gene: assigning p values based on previous group results. Group progress: 40/41 
INFO  @ Fri, 22 Sep 2023 10:18:50: Groups of gene with 67 sgRNAs per gene: assigning p values based on previous group results. Group progress: 41/41 
INFO  @ Fri, 22 Sep 2023 10:18:50: Writing gene results to mle_count-Snu1C24.gene_summary.txt 
INFO  @ Fri, 22 Sep 2023 10:18:50: Writing sgRNA results to mle_count-Snu1C24.sgrna_summary.txt 
